[2026-06-21 16:32:09,519][__main__][INFO] - 
[2026-06-21 16:32:09,519][__main__][INFO] - ╔==========================================================╗
[2026-06-21 16:32:09,519][__main__][INFO] - ║          3D Gaussian Splat Training Pipeline              ║
[2026-06-21 16:32:09,519][__main__][INFO] - ╚==========================================================╝
[2026-06-21 16:32:09,519][__main__][INFO] - Experiment: densify_sz0.01_gr0.0004
[2026-06-21 16:32:09,519][__main__][INFO] - Project dir: /Users/bc/brendanchambers/2026-06-18-iphone-video-to-splat
[2026-06-21 16:32:09,519][__main__][INFO] - 
[2026-06-21 16:32:09,519][src.timing_recorder][INFO] - [TIMING] Starting: frame_extraction
[2026-06-21 16:32:09,519][__main__][INFO] - ============================================================
[2026-06-21 16:32:09,519][__main__][INFO] - STEP 1: Frame Extraction
[2026-06-21 16:32:09,519][__main__][INFO] - ============================================================
[2026-06-21 16:32:09,519][src.frame_extractor][INFO] - Extracting frames from: /Users/bc/brendanchambers/2026-06-18-iphone-video-to-splat/data/incoming/movies/teensy.mov
[2026-06-21 16:32:09,519][src.frame_extractor][INFO] - Output directory: /Users/bc/brendanchambers/2026-06-18-iphone-video-to-splat/data/intermediates/densify_sz0.01_gr0.0004/colmap_sfm_camera_model/images
[2026-06-21 16:32:09,519][src.frame_extractor][INFO] - Extracting frames at 2 fps
[2026-06-21 16:32:09,519][src.frame_extractor][INFO] - Running command: ffmpeg -i /Users/bc/brendanchambers/2026-06-18-iphone-video-to-splat/data/incoming/movies/teensy.mov -vf fps=2 -q:v 5 /Users/bc/brendanchambers/2026-06-18-iphone-video-to-splat/data/intermediates/densify_sz0.01_gr0.0004/colmap_sfm_camera_model/images/frame_%04d.jpg
[2026-06-21 16:32:09,535][src.frame_extractor][INFO] - ffmpeg version 8.1.2 Copyright (c) 2000-2026 the FFmpeg developers
[2026-06-21 16:32:09,535][src.frame_extractor][INFO] -   built with Apple clang version 17.0.0 (clang-1700.6.4.2)
[2026-06-21 16:32:09,535][src.frame_extractor][INFO] -   configuration: --prefix=/opt/homebrew/Cellar/ffmpeg/8.1.2 --enable-shared --enable-pthreads --enable-version3 --cc=clang --host-cflags= --host-ldflags= --enable-ffplay --enable-gpl --enable-libsvtav1 --enable-libopus --enable-libx264 --enable-libmp3lame --enable-libdav1d --enable-libvmaf --enable-libvpx --enable-libx265 --enable-openssl --enable-videotoolbox --enable-audiotoolbox --enable-neon
[2026-06-21 16:32:09,535][src.frame_extractor][INFO] -   libavutil      60. 26.102 / 60. 26.102
[2026-06-21 16:32:09,535][src.frame_extractor][INFO] -   libavcodec     62. 28.102 / 62. 28.102
[2026-06-21 16:32:09,535][src.frame_extractor][INFO] -   libavformat    62. 12.102 / 62. 12.102
[2026-06-21 16:32:09,535][src.frame_extractor][INFO] -   libavdevice    62.  3.102 / 62.  3.102
[2026-06-21 16:32:09,535][src.frame_extractor][INFO] -   libavfilter    11. 14.102 / 11. 14.102
[2026-06-21 16:32:09,535][src.frame_extractor][INFO] -   libswscale      9.  5.102 /  9.  5.102
[2026-06-21 16:32:09,535][src.frame_extractor][INFO] -   libswresample   6.  3.102 /  6.  3.102
[2026-06-21 16:32:09,550][src.frame_extractor][INFO] - Input #0, mov,mp4,m4a,3gp,3g2,mj2, from '/Users/bc/brendanchambers/2026-06-18-iphone-video-to-splat/data/incoming/movies/teensy.mov':
[2026-06-21 16:32:09,550][src.frame_extractor][INFO] -   Metadata:
[2026-06-21 16:32:09,550][src.frame_extractor][INFO] -     major_brand     : qt
[2026-06-21 16:32:09,550][src.frame_extractor][INFO] -     minor_version   : 512
[2026-06-21 16:32:09,550][src.frame_extractor][INFO] -     compatible_brands: qt
[2026-06-21 16:32:09,550][src.frame_extractor][INFO] -     encoder         : Lavf62.12.102
[2026-06-21 16:32:09,550][src.frame_extractor][INFO] -   Duration: 00:00:04.01, start: 0.000000, bitrate: 19786 kb/s
[2026-06-21 16:32:09,550][src.frame_extractor][INFO] -   Stream #0:0[0x1]: Video: h264 (High) (avc1 / 0x31637661), yuv420p(tv, bt709, progressive), 1080x1920, 19646 kb/s, 29.67 fps, 29.67 tbr, 11392 tbn (default)
[2026-06-21 16:32:09,550][src.frame_extractor][INFO] -     Metadata:
[2026-06-21 16:32:09,550][src.frame_extractor][INFO] -       handler_name    : Core Media Video
[2026-06-21 16:32:09,550][src.frame_extractor][INFO] -       vendor_id       : FFMP
[2026-06-21 16:32:09,550][src.frame_extractor][INFO] -       encoder         : Lavc62.28.102 libx264
[2026-06-21 16:32:09,550][src.frame_extractor][INFO] -   Stream #0:1[0x2]: Audio: aac (LC) (mp4a / 0x6134706D), 48000 Hz, stereo, fltp, 128 kb/s (default)
[2026-06-21 16:32:09,550][src.frame_extractor][INFO] -     Metadata:
[2026-06-21 16:32:09,550][src.frame_extractor][INFO] -       handler_name    : Core Media Audio
[2026-06-21 16:32:09,550][src.frame_extractor][INFO] -       vendor_id       : [0][0][0][0]
[2026-06-21 16:32:09,550][src.frame_extractor][INFO] - Stream mapping:
[2026-06-21 16:32:09,550][src.frame_extractor][INFO] -   Stream #0:0 -> #0:0 (h264 (native) -> mjpeg (native))
[2026-06-21 16:32:09,550][src.frame_extractor][INFO] - Press [q] to stop, [?] for help
[2026-06-21 16:32:09,599][src.frame_extractor][INFO] - Output #0, image2, to '/Users/bc/brendanchambers/2026-06-18-iphone-video-to-splat/data/intermediates/densify_sz0.01_gr0.0004/colmap_sfm_camera_model/images/frame_%04d.jpg':
[2026-06-21 16:32:09,599][src.frame_extractor][INFO] -   Metadata:
[2026-06-21 16:32:09,599][src.frame_extractor][INFO] -     major_brand     : qt
[2026-06-21 16:32:09,599][src.frame_extractor][INFO] -     minor_version   : 512
[2026-06-21 16:32:09,599][src.frame_extractor][INFO] -     compatible_brands: qt
[2026-06-21 16:32:09,599][src.frame_extractor][INFO] -     encoder         : Lavf62.12.102
[2026-06-21 16:32:09,599][src.frame_extractor][INFO] -   Stream #0:0: Video: mjpeg, yuv420p(pc, bt709, progressive), 1080x1920, q=2-31, 200 kb/s, 2 fps, 2 tbn (default)
[2026-06-21 16:32:09,599][src.frame_extractor][INFO] -     Metadata:
[2026-06-21 16:32:09,599][src.frame_extractor][INFO] -       encoder         : Lavc62.28.102 mjpeg
[2026-06-21 16:32:09,599][src.frame_extractor][INFO] -       handler_name    : Core Media Video
[2026-06-21 16:32:09,599][src.frame_extractor][INFO] -       vendor_id       : FFMP
[2026-06-21 16:32:09,599][src.frame_extractor][INFO] -     Side data:
[2026-06-21 16:32:09,599][src.frame_extractor][INFO] -       CPB properties: bitrate max/min/avg: 0/0/200000 buffer size: 0 vbv_delay: N/A
[2026-06-21 16:32:09,749][src.frame_extractor][INFO] - [out#0/image2 @ 0x600001fc06c0] video:3120KiB audio:0KiB subtitle:0KiB other streams:0KiB global headers:0KiB muxing overhead: unknown
[2026-06-21 16:32:09,749][src.frame_extractor][INFO] - frame=    8 fps=0.0 q=5.0 Lsize=N/A time=00:00:04.00 bitrate=N/A speed=20.2x elapsed=0:00:00.19
[2026-06-21 16:32:09,751][src.frame_extractor][INFO] - Successfully extracted 8 frames
[2026-06-21 16:32:09,751][__main__][INFO] - ✓ Frame extraction completed
[2026-06-21 16:32:09,751][src.timing_recorder][INFO] - [TIMING] ✓ Completed: frame_extraction (0.23s)
[2026-06-21 16:32:09,751][src.timing_recorder][INFO] - [TIMING] Starting: feature_extraction
[2026-06-21 16:32:09,751][__main__][INFO] - ============================================================
[2026-06-21 16:32:09,751][__main__][INFO] - STEP 2: Feature Extraction
[2026-06-21 16:32:09,751][__main__][INFO] - ============================================================
[2026-06-21 16:32:09,753][src.colmap_feature_extractor][INFO] - Extracting features from images: /Users/bc/brendanchambers/2026-06-18-iphone-video-to-splat/data/intermediates/densify_sz0.01_gr0.0004/colmap_sfm_camera_model/images
[2026-06-21 16:32:09,753][src.colmap_feature_extractor][INFO] - Database: /Users/bc/brendanchambers/2026-06-18-iphone-video-to-splat/data/intermediates/densify_sz0.01_gr0.0004/colmap_sfm_camera_model/database.db
[2026-06-21 16:32:09,753][src.colmap_feature_extractor][INFO] - Running: colmap feature_extractor
[2026-06-21 16:32:09,920][src.colmap_feature_extractor][INFO] - I20260621 16:32:09.920636 0x16ba2b000 feature_extraction.cc:504] === Feature extraction ===
[2026-06-21 16:32:09,936][src.colmap_feature_extractor][INFO] - I20260621 16:32:09.936079 0x16c02f000 sift.cc:757] Creating SIFT GPU feature extractor
[2026-06-21 16:32:10,073][src.colmap_feature_extractor][INFO] - I20260621 16:32:10.073716 0x16c0bb000 feature_extraction.cc:282] Processed file [1/8]
[2026-06-21 16:32:10,073][src.colmap_feature_extractor][INFO] - I20260621 16:32:10.073761 0x16c0bb000 feature_extraction.cc:285]   Name:            frame_0001.jpg
[2026-06-21 16:32:10,073][src.colmap_feature_extractor][INFO] - I20260621 16:32:10.073766 0x16c0bb000 feature_extraction.cc:294]   Dimensions:      1080 x 1920
[2026-06-21 16:32:10,073][src.colmap_feature_extractor][INFO] - I20260621 16:32:10.073768 0x16c0bb000 feature_extraction.cc:297]   Camera:          #1 - RADIAL
[2026-06-21 16:32:10,073][src.colmap_feature_extractor][INFO] - I20260621 16:32:10.073770 0x16c0bb000 feature_extraction.cc:300]   Focal Length:    2304.00px
[2026-06-21 16:32:10,073][src.colmap_feature_extractor][INFO] - I20260621 16:32:10.073773 0x16c0bb000 feature_extraction.cc:304]   Features:        4449 (SIFT)
[2026-06-21 16:32:10,130][src.colmap_feature_extractor][INFO] - I20260621 16:32:10.130151 0x16c0bb000 feature_extraction.cc:282] Processed file [2/8]
[2026-06-21 16:32:10,130][src.colmap_feature_extractor][INFO] - I20260621 16:32:10.130167 0x16c0bb000 feature_extraction.cc:285]   Name:            frame_0002.jpg
[2026-06-21 16:32:10,130][src.colmap_feature_extractor][INFO] - I20260621 16:32:10.130169 0x16c0bb000 feature_extraction.cc:294]   Dimensions:      1080 x 1920
[2026-06-21 16:32:10,130][src.colmap_feature_extractor][INFO] - I20260621 16:32:10.130171 0x16c0bb000 feature_extraction.cc:297]   Camera:          #1 - RADIAL
[2026-06-21 16:32:10,130][src.colmap_feature_extractor][INFO] - I20260621 16:32:10.130173 0x16c0bb000 feature_extraction.cc:300]   Focal Length:    2304.00px
[2026-06-21 16:32:10,130][src.colmap_feature_extractor][INFO] - I20260621 16:32:10.130177 0x16c0bb000 feature_extraction.cc:304]   Features:        4766 (SIFT)
[2026-06-21 16:32:10,184][src.colmap_feature_extractor][INFO] - I20260621 16:32:10.184099 0x16c0bb000 feature_extraction.cc:282] Processed file [3/8]
[2026-06-21 16:32:10,184][src.colmap_feature_extractor][INFO] - I20260621 16:32:10.184114 0x16c0bb000 feature_extraction.cc:285]   Name:            frame_0003.jpg
[2026-06-21 16:32:10,184][src.colmap_feature_extractor][INFO] - I20260621 16:32:10.184116 0x16c0bb000 feature_extraction.cc:294]   Dimensions:      1080 x 1920
[2026-06-21 16:32:10,184][src.colmap_feature_extractor][INFO] - I20260621 16:32:10.184119 0x16c0bb000 feature_extraction.cc:297]   Camera:          #1 - RADIAL
[2026-06-21 16:32:10,184][src.colmap_feature_extractor][INFO] - I20260621 16:32:10.184121 0x16c0bb000 feature_extraction.cc:300]   Focal Length:    2304.00px
[2026-06-21 16:32:10,184][src.colmap_feature_extractor][INFO] - I20260621 16:32:10.184124 0x16c0bb000 feature_extraction.cc:304]   Features:        5561 (SIFT)
[2026-06-21 16:32:10,238][src.colmap_feature_extractor][INFO] - I20260621 16:32:10.238614 0x16c0bb000 feature_extraction.cc:282] Processed file [4/8]
[2026-06-21 16:32:10,238][src.colmap_feature_extractor][INFO] - I20260621 16:32:10.238632 0x16c0bb000 feature_extraction.cc:285]   Name:            frame_0004.jpg
[2026-06-21 16:32:10,238][src.colmap_feature_extractor][INFO] - I20260621 16:32:10.238634 0x16c0bb000 feature_extraction.cc:294]   Dimensions:      1080 x 1920
[2026-06-21 16:32:10,238][src.colmap_feature_extractor][INFO] - I20260621 16:32:10.238636 0x16c0bb000 feature_extraction.cc:297]   Camera:          #1 - RADIAL
[2026-06-21 16:32:10,238][src.colmap_feature_extractor][INFO] - I20260621 16:32:10.238638 0x16c0bb000 feature_extraction.cc:300]   Focal Length:    2304.00px
[2026-06-21 16:32:10,238][src.colmap_feature_extractor][INFO] - I20260621 16:32:10.238641 0x16c0bb000 feature_extraction.cc:304]   Features:        6351 (SIFT)
[2026-06-21 16:32:10,292][src.colmap_feature_extractor][INFO] - I20260621 16:32:10.292489 0x16c0bb000 feature_extraction.cc:282] Processed file [5/8]
[2026-06-21 16:32:10,292][src.colmap_feature_extractor][INFO] - I20260621 16:32:10.292508 0x16c0bb000 feature_extraction.cc:285]   Name:            frame_0005.jpg
[2026-06-21 16:32:10,292][src.colmap_feature_extractor][INFO] - I20260621 16:32:10.292510 0x16c0bb000 feature_extraction.cc:294]   Dimensions:      1080 x 1920
[2026-06-21 16:32:10,292][src.colmap_feature_extractor][INFO] - I20260621 16:32:10.292516 0x16c0bb000 feature_extraction.cc:297]   Camera:          #1 - RADIAL
[2026-06-21 16:32:10,292][src.colmap_feature_extractor][INFO] - I20260621 16:32:10.292518 0x16c0bb000 feature_extraction.cc:300]   Focal Length:    2304.00px
[2026-06-21 16:32:10,292][src.colmap_feature_extractor][INFO] - I20260621 16:32:10.292522 0x16c0bb000 feature_extraction.cc:304]   Features:        4609 (SIFT)
[2026-06-21 16:32:10,347][src.colmap_feature_extractor][INFO] - I20260621 16:32:10.347005 0x16c0bb000 feature_extraction.cc:282] Processed file [6/8]
[2026-06-21 16:32:10,347][src.colmap_feature_extractor][INFO] - I20260621 16:32:10.347021 0x16c0bb000 feature_extraction.cc:285]   Name:            frame_0006.jpg
[2026-06-21 16:32:10,347][src.colmap_feature_extractor][INFO] - I20260621 16:32:10.347023 0x16c0bb000 feature_extraction.cc:294]   Dimensions:      1080 x 1920
[2026-06-21 16:32:10,347][src.colmap_feature_extractor][INFO] - I20260621 16:32:10.347024 0x16c0bb000 feature_extraction.cc:297]   Camera:          #1 - RADIAL
[2026-06-21 16:32:10,347][src.colmap_feature_extractor][INFO] - I20260621 16:32:10.347034 0x16c0bb000 feature_extraction.cc:300]   Focal Length:    2304.00px
[2026-06-21 16:32:10,347][src.colmap_feature_extractor][INFO] - I20260621 16:32:10.347040 0x16c0bb000 feature_extraction.cc:304]   Features:        4916 (SIFT)
[2026-06-21 16:32:10,401][src.colmap_feature_extractor][INFO] - I20260621 16:32:10.400961 0x16c0bb000 feature_extraction.cc:282] Processed file [7/8]
[2026-06-21 16:32:10,401][src.colmap_feature_extractor][INFO] - I20260621 16:32:10.400976 0x16c0bb000 feature_extraction.cc:285]   Name:            frame_0007.jpg
[2026-06-21 16:32:10,401][src.colmap_feature_extractor][INFO] - I20260621 16:32:10.400978 0x16c0bb000 feature_extraction.cc:294]   Dimensions:      1080 x 1920
[2026-06-21 16:32:10,401][src.colmap_feature_extractor][INFO] - I20260621 16:32:10.400980 0x16c0bb000 feature_extraction.cc:297]   Camera:          #1 - RADIAL
[2026-06-21 16:32:10,401][src.colmap_feature_extractor][INFO] - I20260621 16:32:10.400982 0x16c0bb000 feature_extraction.cc:300]   Focal Length:    2304.00px
[2026-06-21 16:32:10,401][src.colmap_feature_extractor][INFO] - I20260621 16:32:10.400984 0x16c0bb000 feature_extraction.cc:304]   Features:        4134 (SIFT)
[2026-06-21 16:32:10,456][src.colmap_feature_extractor][INFO] - I20260621 16:32:10.456476 0x16c0bb000 feature_extraction.cc:282] Processed file [8/8]
[2026-06-21 16:32:10,456][src.colmap_feature_extractor][INFO] - I20260621 16:32:10.456519 0x16c0bb000 feature_extraction.cc:285]   Name:            frame_0008.jpg
[2026-06-21 16:32:10,456][src.colmap_feature_extractor][INFO] - I20260621 16:32:10.456521 0x16c0bb000 feature_extraction.cc:294]   Dimensions:      1080 x 1920
[2026-06-21 16:32:10,456][src.colmap_feature_extractor][INFO] - I20260621 16:32:10.456523 0x16c0bb000 feature_extraction.cc:297]   Camera:          #1 - RADIAL
[2026-06-21 16:32:10,456][src.colmap_feature_extractor][INFO] - I20260621 16:32:10.456525 0x16c0bb000 feature_extraction.cc:300]   Focal Length:    2304.00px
[2026-06-21 16:32:10,456][src.colmap_feature_extractor][INFO] - I20260621 16:32:10.456528 0x16c0bb000 feature_extraction.cc:304]   Features:        6773 (SIFT)
[2026-06-21 16:32:10,462][src.colmap_feature_extractor][INFO] - I20260621 16:32:10.462327 0x16ba2b000 timer.cc:90] Elapsed time: 0.009 [minutes]
[2026-06-21 16:32:10,479][src.colmap_feature_extractor][INFO] - Feature extraction completed successfully
[2026-06-21 16:32:10,479][__main__][INFO] - ✓ Feature extraction completed
[2026-06-21 16:32:10,479][src.timing_recorder][INFO] - [TIMING] ✓ Completed: feature_extraction (0.73s)
[2026-06-21 16:32:10,479][src.timing_recorder][INFO] - [TIMING] Starting: feature_matching
[2026-06-21 16:32:10,479][__main__][INFO] - ============================================================
[2026-06-21 16:32:10,479][__main__][INFO] - STEP 3: Feature Matching
[2026-06-21 16:32:10,479][__main__][INFO] - ============================================================
[2026-06-21 16:32:10,480][src.colmap_feature_matcher][INFO] - Matching features in database: /Users/bc/brendanchambers/2026-06-18-iphone-video-to-splat/data/intermediates/densify_sz0.01_gr0.0004/colmap_sfm_camera_model/database.db
[2026-06-21 16:32:10,480][src.colmap_feature_matcher][INFO] - Running: colmap sequential_matcher
[2026-06-21 16:32:10,660][src.colmap_feature_matcher][INFO] - I20260621 16:32:10.659834 0x16b5e7000 feature_matching.cc:195] === Feature matching & geometric verification ===
[2026-06-21 16:32:10,676][src.colmap_feature_matcher][INFO] - I20260621 16:32:10.676226 0x16b673000 sift.cc:1559] Creating SIFT GPU feature matcher
[2026-06-21 16:32:10,701][src.colmap_feature_matcher][INFO] - I20260621 16:32:10.701322 0x16b5e7000 pairing.cc:415] Generating sequential image pairs...
[2026-06-21 16:32:10,701][src.colmap_feature_matcher][INFO] - I20260621 16:32:10.701412 0x16b5e7000 pairing.cc:473] Processing image [1/8]
[2026-06-21 16:32:10,772][src.colmap_feature_matcher][INFO] - I20260621 16:32:10.772322 0x16b5e7000 feature_matching.cc:217] in 0.071s
[2026-06-21 16:32:10,772][src.colmap_feature_matcher][INFO] - I20260621 16:32:10.772336 0x16b5e7000 pairing.cc:473] Processing image [2/8]
[2026-06-21 16:32:10,830][src.colmap_feature_matcher][INFO] - I20260621 16:32:10.830216 0x16b5e7000 feature_matching.cc:217] in 0.058s
[2026-06-21 16:32:10,830][src.colmap_feature_matcher][INFO] - I20260621 16:32:10.830227 0x16b5e7000 pairing.cc:473] Processing image [3/8]
[2026-06-21 16:32:10,891][src.colmap_feature_matcher][INFO] - I20260621 16:32:10.891038 0x16b5e7000 feature_matching.cc:217] in 0.061s
[2026-06-21 16:32:10,891][src.colmap_feature_matcher][INFO] - I20260621 16:32:10.891044 0x16b5e7000 pairing.cc:473] Processing image [4/8]
[2026-06-21 16:32:10,963][src.colmap_feature_matcher][INFO] - I20260621 16:32:10.963499 0x16b5e7000 feature_matching.cc:217] in 0.072s
[2026-06-21 16:32:10,963][src.colmap_feature_matcher][INFO] - I20260621 16:32:10.963505 0x16b5e7000 pairing.cc:473] Processing image [5/8]
[2026-06-21 16:32:10,994][src.colmap_feature_matcher][INFO] - I20260621 16:32:10.994578 0x16b5e7000 feature_matching.cc:217] in 0.031s
[2026-06-21 16:32:10,994][src.colmap_feature_matcher][INFO] - I20260621 16:32:10.994584 0x16b5e7000 pairing.cc:473] Processing image [6/8]
[2026-06-21 16:32:11,036][src.colmap_feature_matcher][INFO] - I20260621 16:32:11.036851 0x16b5e7000 feature_matching.cc:217] in 0.042s
[2026-06-21 16:32:11,037][src.colmap_feature_matcher][INFO] - I20260621 16:32:11.036876 0x16b5e7000 pairing.cc:473] Processing image [7/8]
[2026-06-21 16:32:11,062][src.colmap_feature_matcher][INFO] - I20260621 16:32:11.062570 0x16b5e7000 feature_matching.cc:217] in 0.026s
[2026-06-21 16:32:11,062][src.colmap_feature_matcher][INFO] - I20260621 16:32:11.062582 0x16b5e7000 pairing.cc:473] Processing image [8/8]
[2026-06-21 16:32:11,062][src.colmap_feature_matcher][INFO] - I20260621 16:32:11.062584 0x16b5e7000 feature_matching.cc:217] in 0.000s
[2026-06-21 16:32:11,062][src.colmap_feature_matcher][INFO] - I20260621 16:32:11.062587 0x16b5e7000 timer.cc:90] Elapsed time: 0.007 [minutes]
[2026-06-21 16:32:11,070][src.colmap_feature_matcher][INFO] - Feature matching completed successfully
[2026-06-21 16:32:11,071][__main__][INFO] - ✓ Feature matching completed
[2026-06-21 16:32:11,071][src.timing_recorder][INFO] - [TIMING] ✓ Completed: feature_matching (0.59s)
[2026-06-21 16:32:11,071][src.timing_recorder][INFO] - [TIMING] Starting: sparse_reconstruction
[2026-06-21 16:32:11,071][__main__][INFO] - ============================================================
[2026-06-21 16:32:11,071][__main__][INFO] - STEP 4: Sparse Reconstruction
[2026-06-21 16:32:11,071][__main__][INFO] - ============================================================
[2026-06-21 16:32:11,072][src.colmap_mapper][INFO] - Performing sparse reconstruction
[2026-06-21 16:32:11,072][src.colmap_mapper][INFO] - Database: /Users/bc/brendanchambers/2026-06-18-iphone-video-to-splat/data/intermediates/densify_sz0.01_gr0.0004/colmap_sfm_camera_model/database.db
[2026-06-21 16:32:11,072][src.colmap_mapper][INFO] - Images: /Users/bc/brendanchambers/2026-06-18-iphone-video-to-splat/data/intermediates/densify_sz0.01_gr0.0004/colmap_sfm_camera_model/images
[2026-06-21 16:32:11,072][src.colmap_mapper][INFO] - Output: /Users/bc/brendanchambers/2026-06-18-iphone-video-to-splat/data/intermediates/densify_sz0.01_gr0.0004/colmap_sfm_camera_model/sparse
[2026-06-21 16:32:11,073][src.colmap_mapper][INFO] - Running: colmap mapper
[2026-06-21 16:32:11,124][src.colmap_mapper][INFO] - I20260621 16:32:11.123653 0x1fde420c0 incremental_pipeline.cc:278] Loading database
[2026-06-21 16:32:11,124][src.colmap_mapper][INFO] - I20260621 16:32:11.123964 0x1fde420c0 database_cache.cc:72] Loading rigs...
[2026-06-21 16:32:11,124][src.colmap_mapper][INFO] - I20260621 16:32:11.123985 0x1fde420c0 database_cache.cc:82]  1 in 0.000s
[2026-06-21 16:32:11,124][src.colmap_mapper][INFO] - I20260621 16:32:11.123988 0x1fde420c0 database_cache.cc:90] Loading cameras...
[2026-06-21 16:32:11,124][src.colmap_mapper][INFO] - I20260621 16:32:11.123997 0x1fde420c0 database_cache.cc:108]  1 in 0.000s
[2026-06-21 16:32:11,124][src.colmap_mapper][INFO] - I20260621 16:32:11.123999 0x1fde420c0 database_cache.cc:116] Loading frames...
[2026-06-21 16:32:11,124][src.colmap_mapper][INFO] - I20260621 16:32:11.124018 0x1fde420c0 database_cache.cc:126]  8 in 0.000s
[2026-06-21 16:32:11,124][src.colmap_mapper][INFO] - I20260621 16:32:11.124020 0x1fde420c0 database_cache.cc:134] Loading matches...
[2026-06-21 16:32:11,124][src.colmap_mapper][INFO] - I20260621 16:32:11.124081 0x1fde420c0 database_cache.cc:139]  17 in 0.000s
[2026-06-21 16:32:11,124][src.colmap_mapper][INFO] - I20260621 16:32:11.124083 0x1fde420c0 database_cache.cc:147] Loading images...
[2026-06-21 16:32:11,124][src.colmap_mapper][INFO] - I20260621 16:32:11.124625 0x1fde420c0 database_cache.cc:241]  8 in 0.001s (connected 8, loaded 8)
[2026-06-21 16:32:11,124][src.colmap_mapper][INFO] - I20260621 16:32:11.124629 0x1fde420c0 database_cache.cc:255] Loading pose priors...
[2026-06-21 16:32:11,124][src.colmap_mapper][INFO] - I20260621 16:32:11.124635 0x1fde420c0 database_cache.cc:263]  0 in 0.000s
[2026-06-21 16:32:11,124][src.colmap_mapper][INFO] - I20260621 16:32:11.124637 0x1fde420c0 database_cache.cc:271] Building correspondence graph...
[2026-06-21 16:32:11,125][src.colmap_mapper][INFO] - I20260621 16:32:11.125468 0x1fde420c0 database_cache.cc:300]  in 0.001s (ignored 0)
[2026-06-21 16:32:11,125][src.colmap_mapper][INFO] - I20260621 16:32:11.125471 0x1fde420c0 timer.cc:90] Elapsed time: 0.000 [minutes]
[2026-06-21 16:32:11,125][src.colmap_mapper][INFO] - I20260621 16:32:11.125557 0x1fde420c0 incremental_pipeline.cc:390] Finding good initial image pair
[2026-06-21 16:32:11,146][src.colmap_mapper][INFO] - I20260621 16:32:11.146003 0x1fde420c0 incremental_pipeline.cc:414] Registering initial image pair #2 and #4
[2026-06-21 16:32:11,146][src.colmap_mapper][INFO] - I20260621 16:32:11.146591 0x1fde420c0 incremental_pipeline.cc:432] Global bundle adjustment
[2026-06-21 16:32:11,169][src.colmap_mapper][INFO] - I20260621 16:32:11.169029 0x1fde420c0 incremental_pipeline.cc:537] Registering image #3 (num_reg_frames=2)
[2026-06-21 16:32:11,169][src.colmap_mapper][INFO] - I20260621 16:32:11.169033 0x1fde420c0 incremental_pipeline.cc:540] => Image sees 149 / 1892 points
[2026-06-21 16:32:11,216][src.colmap_mapper][INFO] - I20260621 16:32:11.216861 0x1fde420c0 incremental_pipeline.cc:79] Retriangulation and Global bundle adjustment
[2026-06-21 16:32:11,231][src.colmap_mapper][INFO] - I20260621 16:32:11.231819 0x1fde420c0 incremental_pipeline.cc:537] Registering image #6 (num_reg_frames=3)
[2026-06-21 16:32:11,231][src.colmap_mapper][INFO] - I20260621 16:32:11.231823 0x1fde420c0 incremental_pipeline.cc:540] => Image sees 496 / 2128 points
[2026-06-21 16:32:11,286][src.colmap_mapper][INFO] - I20260621 16:32:11.286173 0x1fde420c0 incremental_pipeline.cc:79] Retriangulation and Global bundle adjustment
[2026-06-21 16:32:11,308][src.colmap_mapper][INFO] - I20260621 16:32:11.308190 0x1fde420c0 incremental_pipeline.cc:537] Registering image #5 (num_reg_frames=4)
[2026-06-21 16:32:11,308][src.colmap_mapper][INFO] - I20260621 16:32:11.308193 0x1fde420c0 incremental_pipeline.cc:540] => Image sees 1052 / 2461 points
[2026-06-21 16:32:11,350][src.colmap_mapper][INFO] - I20260621 16:32:11.350029 0x1fde420c0 incremental_pipeline.cc:79] Retriangulation and Global bundle adjustment
[2026-06-21 16:32:11,381][src.colmap_mapper][INFO] - I20260621 16:32:11.381608 0x1fde420c0 incremental_pipeline.cc:537] Registering image #1 (num_reg_frames=5)
[2026-06-21 16:32:11,381][src.colmap_mapper][INFO] - I20260621 16:32:11.381611 0x1fde420c0 incremental_pipeline.cc:540] => Image sees 536 / 1825 points
[2026-06-21 16:32:11,427][src.colmap_mapper][INFO] - I20260621 16:32:11.427087 0x1fde420c0 incremental_pipeline.cc:79] Retriangulation and Global bundle adjustment
[2026-06-21 16:32:11,455][src.colmap_mapper][INFO] - I20260621 16:32:11.455649 0x1fde420c0 incremental_pipeline.cc:537] Registering image #7 (num_reg_frames=6)
[2026-06-21 16:32:11,455][src.colmap_mapper][INFO] - I20260621 16:32:11.455653 0x1fde420c0 incremental_pipeline.cc:540] => Image sees 436 / 1676 points
[2026-06-21 16:32:11,491][src.colmap_mapper][INFO] - I20260621 16:32:11.491309 0x1fde420c0 incremental_pipeline.cc:79] Retriangulation and Global bundle adjustment
[2026-06-21 16:32:11,527][src.colmap_mapper][INFO] - I20260621 16:32:11.527444 0x1fde420c0 incremental_pipeline.cc:537] Registering image #8 (num_reg_frames=7)
[2026-06-21 16:32:11,527][src.colmap_mapper][INFO] - I20260621 16:32:11.527447 0x1fde420c0 incremental_pipeline.cc:540] => Image sees 480 / 1376 points
[2026-06-21 16:32:11,559][src.colmap_mapper][INFO] - I20260621 16:32:11.559408 0x1fde420c0 incremental_pipeline.cc:79] Retriangulation and Global bundle adjustment
[2026-06-21 16:32:11,595][src.colmap_mapper][INFO] - I20260621 16:32:11.595329 0x1fde420c0 incremental_pipeline.cc:79] Retriangulation and Global bundle adjustment
[2026-06-21 16:32:11,604][src.colmap_mapper][INFO] - I20260621 16:32:11.604069 0x1fde420c0 incremental_pipeline.cc:723] Keeping successful reconstruction
[2026-06-21 16:32:11,606][src.colmap_mapper][INFO] - I20260621 16:32:11.606302 0x1fde420c0 timer.cc:90] Elapsed time: 0.008 [minutes]
[2026-06-21 16:32:11,609][src.colmap_mapper][INFO] - Sparse reconstruction completed successfully
[2026-06-21 16:32:11,609][__main__][INFO] - ✓ Sparse reconstruction completed
[2026-06-21 16:32:11,609][src.timing_recorder][INFO] - [TIMING] ✓ Completed: sparse_reconstruction (0.54s)
[2026-06-21 16:32:11,609][src.timing_recorder][INFO] - [TIMING] Starting: undistortion
[2026-06-21 16:32:11,609][__main__][INFO] - ============================================================
[2026-06-21 16:32:11,609][__main__][INFO] - STEP 5: Image Undistortion
[2026-06-21 16:32:11,609][__main__][INFO] - ============================================================
[2026-06-21 16:32:11,610][src.colmap_undistorter][INFO] - Undistorting images
[2026-06-21 16:32:11,610][src.colmap_undistorter][INFO] - Input model: /Users/bc/brendanchambers/2026-06-18-iphone-video-to-splat/data/intermediates/densify_sz0.01_gr0.0004/colmap_sfm_camera_model/sparse/0
[2026-06-21 16:32:11,610][src.colmap_undistorter][INFO] - Images: /Users/bc/brendanchambers/2026-06-18-iphone-video-to-splat/data/intermediates/densify_sz0.01_gr0.0004/colmap_sfm_camera_model/images
[2026-06-21 16:32:11,610][src.colmap_undistorter][INFO] - Output: /Users/bc/brendanchambers/2026-06-18-iphone-video-to-splat/data/intermediates/densify_sz0.01_gr0.0004/colmap_sfm_linearized
[2026-06-21 16:32:11,610][src.colmap_undistorter][INFO] - Running: colmap image_undistorter
[2026-06-21 16:32:11,659][src.colmap_undistorter][INFO] - I20260621 16:32:11.659323 0x1fde420c0 image.cc:368] === Reading reconstruction ===
[2026-06-21 16:32:11,661][src.colmap_undistorter][INFO] - I20260621 16:32:11.661284 0x1fde420c0 image.cc:371] => Reconstruction with 8 images and 2190 points
[2026-06-21 16:32:11,661][src.colmap_undistorter][INFO] - I20260621 16:32:11.661292 0x1fde420c0 undistorters.cc:166] === Image undistortion ===
[2026-06-21 16:32:11,661][src.colmap_undistorter][INFO] - I20260621 16:32:11.661600 0x1fde420c0 undistorters.cc:205] Undistorting image [1/8]
[2026-06-21 16:32:12,271][src.colmap_undistorter][INFO] - I20260621 16:32:12.271459 0x1fde420c0 undistorters.cc:205] Undistorting image [2/8]
[2026-06-21 16:32:12,271][src.colmap_undistorter][INFO] - I20260621 16:32:12.271473 0x1fde420c0 undistorters.cc:205] Undistorting image [3/8]
[2026-06-21 16:32:12,271][src.colmap_undistorter][INFO] - I20260621 16:32:12.271475 0x1fde420c0 undistorters.cc:205] Undistorting image [4/8]
[2026-06-21 16:32:12,271][src.colmap_undistorter][INFO] - I20260621 16:32:12.271476 0x1fde420c0 undistorters.cc:205] Undistorting image [5/8]
[2026-06-21 16:32:12,281][src.colmap_undistorter][INFO] - I20260621 16:32:12.281801 0x1fde420c0 undistorters.cc:205] Undistorting image [6/8]
[2026-06-21 16:32:12,281][src.colmap_undistorter][INFO] - I20260621 16:32:12.281809 0x1fde420c0 undistorters.cc:205] Undistorting image [7/8]
[2026-06-21 16:32:12,281][src.colmap_undistorter][INFO] - I20260621 16:32:12.281812 0x1fde420c0 undistorters.cc:205] Undistorting image [8/8]
[2026-06-21 16:32:12,284][src.colmap_undistorter][INFO] - I20260621 16:32:12.284219 0x1fde420c0 undistorters.cc:213] Writing reconstruction...
[2026-06-21 16:32:12,288][src.colmap_undistorter][INFO] - I20260621 16:32:12.288611 0x1fde420c0 undistorters.cc:218] Writing configuration...
[2026-06-21 16:32:12,288][src.colmap_undistorter][INFO] - I20260621 16:32:12.288711 0x1fde420c0 undistorters.cc:222] Writing scripts...
[2026-06-21 16:32:12,288][src.colmap_undistorter][INFO] - I20260621 16:32:12.288804 0x1fde420c0 timer.cc:90] Elapsed time: 0.010 [minutes]
[2026-06-21 16:32:12,292][src.colmap_undistorter][INFO] - Image undistortion completed successfully
[2026-06-21 16:32:12,292][__main__][INFO] - ✓ Image undistortion completed
[2026-06-21 16:32:12,292][src.timing_recorder][INFO] - [TIMING] ✓ Completed: undistortion (0.68s)
[2026-06-21 16:32:12,292][src.timing_recorder][INFO] - [TIMING] Starting: splat_training
[2026-06-21 16:32:12,292][__main__][INFO] - ============================================================
[2026-06-21 16:32:12,292][__main__][INFO] - STEP 6: OpenSplat Training
[2026-06-21 16:32:12,292][__main__][INFO] - ============================================================
[2026-06-21 16:32:12,294][src.opensplat_trainer][INFO] - Training 3D Gaussian Splat
[2026-06-21 16:32:12,294][src.opensplat_trainer][INFO] - Sparse model: /Users/bc/brendanchambers/2026-06-18-iphone-video-to-splat/data/intermediates/densify_sz0.01_gr0.0004/colmap_sfm_linearized/sparse
[2026-06-21 16:32:12,294][src.opensplat_trainer][INFO] - Images: /Users/bc/brendanchambers/2026-06-18-iphone-video-to-splat/data/intermediates/densify_sz0.01_gr0.0004/colmap_sfm_linearized/images
[2026-06-21 16:32:12,294][src.opensplat_trainer][INFO] - Output PLY: /Users/bc/brendanchambers/2026-06-18-iphone-video-to-splat/data/intermediates/densify_sz0.01_gr0.0004/colmap_sfm_linearized/splats/densify_sz0.01_gr0.0004_20260621_1632.ply
[2026-06-21 16:32:12,294][src.opensplat_trainer][INFO] - Training loss log: /Users/bc/brendanchambers/2026-06-18-iphone-video-to-splat/data/intermediates/densify_sz0.01_gr0.0004/colmap_sfm_linearized/splats/train_20260621_1632.jsonl
[2026-06-21 16:32:12,294][src.opensplat_trainer][INFO] - Validation loss log: /Users/bc/brendanchambers/2026-06-18-iphone-video-to-splat/data/intermediates/densify_sz0.01_gr0.0004/colmap_sfm_linearized/splats/val_20260621_1632.jsonl
[2026-06-21 16:32:12,294][src.opensplat_trainer][INFO] - Running: opensplat
[2026-06-21 16:32:12,433][src.opensplat_trainer][INFO] - Using MPS
[2026-06-21 16:32:12,434][src.opensplat_trainer][INFO] - Reading 2190 points
[2026-06-21 16:32:12,435][src.opensplat_trainer][INFO] - Loading /Users/bc/brendanchambers/2026-06-18-iphone-video-to-splat/data/intermediates/densify_sz0.01_gr0.0004/colmap_sfm_linearized/images/frame_0001.jpg
[2026-06-21 16:32:12,435][src.opensplat_trainer][INFO] - Loading /Users/bc/brendanchambers/2026-06-18-iphone-video-to-splat/data/intermediates/densify_sz0.01_gr0.0004/colmap_sfm_linearized/images/frame_0002.jpg
[2026-06-21 16:32:12,435][src.opensplat_trainer][INFO] - Loading /Users/bc/brendanchambers/2026-06-18-iphone-video-to-splat/data/intermediates/densify_sz0.01_gr0.0004/colmap_sfm_linearized/images/frame_0003.jpg
[2026-06-21 16:32:12,435][src.opensplat_trainer][INFO] - Loading /Users/bc/brendanchambers/2026-06-18-iphone-video-to-splat/data/intermediates/densify_sz0.01_gr0.0004/colmap_sfm_linearized/images/frame_0007.jpg
[2026-06-21 16:32:12,435][src.opensplat_trainer][INFO] - Loading /Users/bc/brendanchambers/2026-06-18-iphone-video-to-splat/data/intermediates/densify_sz0.01_gr0.0004/colmap_sfm_linearized/images/frame_0005.jpg
[2026-06-21 16:32:12,435][src.opensplat_trainer][INFO] - Loading /Users/bc/brendanchambers/2026-06-18-iphone-video-to-splat/data/intermediates/densify_sz0.01_gr0.0004/colmap_sfm_linearized/images/frame_0006.jpg
[2026-06-21 16:32:12,435][src.opensplat_trainer][INFO] - Loading /Users/bc/brendanchambers/2026-06-18-iphone-video-to-splat/data/intermediates/densify_sz0.01_gr0.0004/colmap_sfm_linearized/images/frame_0004.jpg
[2026-06-21 16:32:12,435][src.opensplat_trainer][INFO] - Loading /Users/bc/brendanchambers/2026-06-18-iphone-video-to-splat/data/intermediates/densify_sz0.01_gr0.0004/colmap_sfm_linearized/images/frame_0008.jpg
[2026-06-21 16:32:12,824][src.opensplat_trainer][INFO] - init_gsplat_metal_context: loading '/Users/bc/brendanchambers/2026-06-18-iphone-video-to-splat/opensplat/build/default.metallib'
[2026-06-21 16:32:12,824][src.opensplat_trainer][INFO] - init_gsplat_metal_context: loaded '/Users/bc/brendanchambers/2026-06-18-iphone-video-to-splat/opensplat/build/default.metallib', functions: compute_cov2d_bounds_kernel, project_gaussians_backward_kernel, get_tile_bin_edges_kernel, rasterize_backward_kernel, map_gaussian_to_intersects_kernel, nd_rasterize_backward_kernel, project_gaussians_forward_kernel, compute_sh_backward_kernel, compute_sh_forward_kernel, nd_rasterize_forward_kernel
[2026-06-21 16:32:12,824][src.opensplat_trainer][INFO] - init_gsplat_metal_context: load function nd_rasterize_backward_kernel with label: (null)
[2026-06-21 16:32:12,824][src.opensplat_trainer][INFO] - init_gsplat_metal_context: load function nd_rasterize_forward_kernel with label: (null)
[2026-06-21 16:32:12,824][src.opensplat_trainer][INFO] - init_gsplat_metal_context: load function rasterize_backward_kernel with label: (null)
[2026-06-21 16:32:12,824][src.opensplat_trainer][INFO] - init_gsplat_metal_context: load function project_gaussians_forward_kernel with label: (null)
[2026-06-21 16:32:12,824][src.opensplat_trainer][INFO] - init_gsplat_metal_context: load function project_gaussians_backward_kernel with label: (null)
[2026-06-21 16:32:12,824][src.opensplat_trainer][INFO] - init_gsplat_metal_context: load function compute_sh_forward_kernel with label: (null)
[2026-06-21 16:32:12,824][src.opensplat_trainer][INFO] - init_gsplat_metal_context: load function compute_sh_backward_kernel with label: (null)
[2026-06-21 16:32:12,824][src.opensplat_trainer][INFO] - init_gsplat_metal_context: load function compute_cov2d_bounds_kernel with label: (null)
[2026-06-21 16:32:12,824][src.opensplat_trainer][INFO] - init_gsplat_metal_context: load function map_gaussian_to_intersects_kernel with label: (null)
[2026-06-21 16:32:12,824][src.opensplat_trainer][INFO] - init_gsplat_metal_context: load function get_tile_bin_edges_kernel with label: (null)
[2026-06-21 16:32:12,824][src.opensplat_trainer][INFO] - Step 10: 0.335803 (20%)
[2026-06-21 16:32:13,042][src.opensplat_trainer][INFO] - Step 20: 0.316211 (40%)
[2026-06-21 16:32:13,235][src.opensplat_trainer][INFO] - Step 30: 0.283803 (60%)
[2026-06-21 16:32:13,417][src.opensplat_trainer][INFO] - Step 40: 0.301185 (80%)
[2026-06-21 16:32:13,634][src.opensplat_trainer][INFO] - Step 50: 0.302681 (100%)
[2026-06-21 16:32:13,647][src.opensplat_trainer][INFO] - Wrote /Users/bc/brendanchambers/2026-06-18-iphone-video-to-splat/data/intermediates/densify_sz0.01_gr0.0004/colmap_sfm_linearized/splats/cameras.json
[2026-06-21 16:32:13,655][src.opensplat_trainer][INFO] - Wrote /Users/bc/brendanchambers/2026-06-18-iphone-video-to-splat/data/intermediates/densify_sz0.01_gr0.0004/colmap_sfm_linearized/splats/densify_sz0.01_gr0.0004_20260621_1632.ply
[2026-06-21 16:32:13,668][src.opensplat_trainer][INFO] - /Users/bc/brendanchambers/2026-06-18-iphone-video-to-splat/data/intermediates/densify_sz0.01_gr0.0004/colmap_sfm_linearized/images/frame_0001.jpg validation loss: 0.344928
[2026-06-21 16:32:13,719][src.opensplat_trainer][INFO] - Parsed 5 training loss values to /Users/bc/brendanchambers/2026-06-18-iphone-video-to-splat/data/intermediates/densify_sz0.01_gr0.0004/colmap_sfm_linearized/splats/train_20260621_1632.jsonl
[2026-06-21 16:32:13,719][src.opensplat_trainer][INFO] - Captured validation loss: 0.344928 to /Users/bc/brendanchambers/2026-06-18-iphone-video-to-splat/data/intermediates/densify_sz0.01_gr0.0004/colmap_sfm_linearized/splats/val_20260621_1632.jsonl
[2026-06-21 16:32:13,719][src.opensplat_trainer][INFO] - Training completed successfully
[2026-06-21 16:32:13,719][src.opensplat_trainer][INFO] - Output saved to: /Users/bc/brendanchambers/2026-06-18-iphone-video-to-splat/data/intermediates/densify_sz0.01_gr0.0004/colmap_sfm_linearized/splats/densify_sz0.01_gr0.0004_20260621_1632.ply
[2026-06-21 16:32:13,719][__main__][INFO] - ✓ Splat training completed
[2026-06-21 16:32:13,719][__main__][INFO] - ============================================================
[2026-06-21 16:32:13,719][__main__][INFO] - Analyzing Training Loss
[2026-06-21 16:32:13,719][__main__][INFO] - ============================================================
[2026-06-21 16:32:13,779][src.timing_recorder][INFO] - [TIMING] ✓ Completed: splat_training (1.49s)
[2026-06-21 16:32:13,779][__main__][INFO] - 
[2026-06-21 16:32:13,779][__main__][INFO] - ╔==========================================================╗
[2026-06-21 16:32:13,779][__main__][INFO] - ║                    Pipeline Complete!                    ║
[2026-06-21 16:32:13,779][__main__][INFO] - ╚==========================================================╝
[2026-06-21 16:32:13,780][__main__][INFO] - Output directory: /Users/bc/brendanchambers/2026-06-18-iphone-video-to-splat/data/intermediates/densify_sz0.01_gr0.0004/colmap_sfm_linearized/splats
[2026-06-21 16:32:13,780][__main__][INFO] -   - PLY file: *.ply (3D Gaussian Splat)
[2026-06-21 16:32:13,780][__main__][INFO] -   - Loss log: *.jsonl (Training loss per step)
[2026-06-21 16:32:13,780][__main__][INFO] -   - Timing log: running-time_*.jsonl (Step execution times)
[2026-06-21 16:32:13,780][src.timing_recorder][INFO] - 
[2026-06-21 16:32:13,780][src.timing_recorder][INFO] - ======================================================================
[2026-06-21 16:32:13,780][src.timing_recorder][INFO] - PIPELINE EXECUTION TIMING SUMMARY
[2026-06-21 16:32:13,780][src.timing_recorder][INFO] - ======================================================================
[2026-06-21 16:32:13,780][src.timing_recorder][INFO] - ✓ frame_extraction              0.23s  (  5.5%)
[2026-06-21 16:32:13,780][src.timing_recorder][INFO] - ✓ feature_extraction            0.73s  ( 17.1%)
[2026-06-21 16:32:13,780][src.timing_recorder][INFO] - ✓ feature_matching              0.59s  ( 13.9%)
[2026-06-21 16:32:13,780][src.timing_recorder][INFO] - ✓ sparse_reconstruction         0.54s  ( 12.6%)
[2026-06-21 16:32:13,780][src.timing_recorder][INFO] - ✓ undistortion                  0.68s  ( 16.0%)
[2026-06-21 16:32:13,780][src.timing_recorder][INFO] - ✓ splat_training                1.49s  ( 34.9%)
[2026-06-21 16:32:13,780][src.timing_recorder][INFO] - ----------------------------------------------------------------------
[2026-06-21 16:32:13,780][src.timing_recorder][INFO] - TOTAL                           4.26s  (100.0%)
[2026-06-21 16:32:13,780][src.timing_recorder][INFO] - ======================================================================
[2026-06-21 16:32:13,780][src.timing_recorder][INFO] - 
[2026-06-21 16:32:13,781][src.timing_recorder][INFO] - [TIMING] Saved timing report to: /Users/bc/brendanchambers/2026-06-18-iphone-video-to-splat/data/intermediates/densify_sz0.01_gr0.0004/colmap_sfm_linearized/splats/running-time_20260621_1632.jsonl
[2026-06-21 16:32:13,781][__main__][INFO] - ============================================================
[2026-06-21 16:32:13,781][__main__][INFO] - Logging Experiment Results
[2026-06-21 16:32:13,781][__main__][INFO] - ============================================================
[2026-06-21 16:32:13,782][src.experiment_tracker][INFO] - Logged experiment to: /Users/bc/brendanchambers/2026-06-18-iphone-video-to-splat/reports/experiments/sweep_densify_size_and_gradient_threshold.jsonl
[2026-06-21 16:32:13,782][__main__][INFO] - Experiment results logged to: /Users/bc/brendanchambers/2026-06-18-iphone-video-to-splat/reports/experiments/sweep_densify_size_and_gradient_threshold.jsonl
[2026-06-21 16:32:13,782][__main__][INFO] -   Experiment: densify_sz0.01_gr0.0004
[2026-06-21 16:32:13,782][__main__][INFO] -   Group: sweep_densify_size_and_gradient_threshold
[2026-06-21 16:32:13,782][__main__][INFO] -   Train loss: 0.302681
[2026-06-21 16:32:13,782][__main__][INFO] -   Total time: 4.26s (0.07m)
