[2026-06-21 14:46:17,703][__main__][INFO] - 
[2026-06-21 14:46:17,703][__main__][INFO] - ╔==========================================================╗
[2026-06-21 14:46:17,703][__main__][INFO] - ║          3D Gaussian Splat Training Pipeline              ║
[2026-06-21 14:46:17,703][__main__][INFO] - ╚==========================================================╝
[2026-06-21 14:46:17,703][__main__][INFO] - Experiment: teensy
[2026-06-21 14:46:17,703][__main__][INFO] - Project dir: /Users/bc/brendanchambers/2026-06-18-iphone-video-to-splat
[2026-06-21 14:46:17,703][__main__][INFO] - 
[2026-06-21 14:46:17,703][__main__][INFO] - ============================================================
[2026-06-21 14:46:17,703][__main__][INFO] - STEP 1: Frame Extraction
[2026-06-21 14:46:17,703][__main__][INFO] - ============================================================
[2026-06-21 14:46:17,703][src.frame_extractor][INFO] - Extracting frames from: /Users/bc/brendanchambers/2026-06-18-iphone-video-to-splat/data/incoming/movies/teensy.mov
[2026-06-21 14:46:17,703][src.frame_extractor][INFO] - Output directory: /Users/bc/brendanchambers/2026-06-18-iphone-video-to-splat/data/intermediates/teensy/colmap_sfm_camera_model/images
[2026-06-21 14:46:17,703][src.frame_extractor][INFO] - Extracting frames at 2 fps
[2026-06-21 14:46:17,703][src.frame_extractor][INFO] - Running command: ffmpeg -i /Users/bc/brendanchambers/2026-06-18-iphone-video-to-splat/data/incoming/movies/teensy.mov -vf fps=2 -q:v 5 /Users/bc/brendanchambers/2026-06-18-iphone-video-to-splat/data/intermediates/teensy/colmap_sfm_camera_model/images/frame_%04d.jpg
[2026-06-21 14:46:17,717][src.frame_extractor][INFO] - ffmpeg version 8.1.2 Copyright (c) 2000-2026 the FFmpeg developers
[2026-06-21 14:46:17,717][src.frame_extractor][INFO] -   built with Apple clang version 17.0.0 (clang-1700.6.4.2)
[2026-06-21 14:46:17,717][src.frame_extractor][INFO] -   configuration: --prefix=/opt/homebrew/Cellar/ffmpeg/8.1.2 --enable-shared --enable-pthreads --enable-version3 --cc=clang --host-cflags= --host-ldflags= --enable-ffplay --enable-gpl --enable-libsvtav1 --enable-libopus --enable-libx264 --enable-libmp3lame --enable-libdav1d --enable-libvmaf --enable-libvpx --enable-libx265 --enable-openssl --enable-videotoolbox --enable-audiotoolbox --enable-neon
[2026-06-21 14:46:17,717][src.frame_extractor][INFO] -   libavutil      60. 26.102 / 60. 26.102
[2026-06-21 14:46:17,717][src.frame_extractor][INFO] -   libavcodec     62. 28.102 / 62. 28.102
[2026-06-21 14:46:17,717][src.frame_extractor][INFO] -   libavformat    62. 12.102 / 62. 12.102
[2026-06-21 14:46:17,717][src.frame_extractor][INFO] -   libavdevice    62.  3.102 / 62.  3.102
[2026-06-21 14:46:17,717][src.frame_extractor][INFO] -   libavfilter    11. 14.102 / 11. 14.102
[2026-06-21 14:46:17,717][src.frame_extractor][INFO] -   libswscale      9.  5.102 /  9.  5.102
[2026-06-21 14:46:17,717][src.frame_extractor][INFO] -   libswresample   6.  3.102 /  6.  3.102
[2026-06-21 14:46:17,731][src.frame_extractor][INFO] - Input #0, mov,mp4,m4a,3gp,3g2,mj2, from '/Users/bc/brendanchambers/2026-06-18-iphone-video-to-splat/data/incoming/movies/teensy.mov':
[2026-06-21 14:46:17,731][src.frame_extractor][INFO] -   Metadata:
[2026-06-21 14:46:17,731][src.frame_extractor][INFO] -     major_brand     : qt
[2026-06-21 14:46:17,731][src.frame_extractor][INFO] -     minor_version   : 512
[2026-06-21 14:46:17,731][src.frame_extractor][INFO] -     compatible_brands: qt
[2026-06-21 14:46:17,731][src.frame_extractor][INFO] -     encoder         : Lavf62.12.102
[2026-06-21 14:46:17,731][src.frame_extractor][INFO] -   Duration: 00:00:04.01, start: 0.000000, bitrate: 19786 kb/s
[2026-06-21 14:46:17,731][src.frame_extractor][INFO] -   Stream #0:0[0x1]: Video: h264 (High) (avc1 / 0x31637661), yuv420p(tv, bt709, progressive), 1080x1920, 19646 kb/s, 29.67 fps, 29.67 tbr, 11392 tbn (default)
[2026-06-21 14:46:17,731][src.frame_extractor][INFO] -     Metadata:
[2026-06-21 14:46:17,731][src.frame_extractor][INFO] -       handler_name    : Core Media Video
[2026-06-21 14:46:17,731][src.frame_extractor][INFO] -       vendor_id       : FFMP
[2026-06-21 14:46:17,731][src.frame_extractor][INFO] -       encoder         : Lavc62.28.102 libx264
[2026-06-21 14:46:17,731][src.frame_extractor][INFO] -   Stream #0:1[0x2]: Audio: aac (LC) (mp4a / 0x6134706D), 48000 Hz, stereo, fltp, 128 kb/s (default)
[2026-06-21 14:46:17,732][src.frame_extractor][INFO] -     Metadata:
[2026-06-21 14:46:17,732][src.frame_extractor][INFO] -       handler_name    : Core Media Audio
[2026-06-21 14:46:17,732][src.frame_extractor][INFO] -       vendor_id       : [0][0][0][0]
[2026-06-21 14:46:17,732][src.frame_extractor][INFO] - Stream mapping:
[2026-06-21 14:46:17,732][src.frame_extractor][INFO] -   Stream #0:0 -> #0:0 (h264 (native) -> mjpeg (native))
[2026-06-21 14:46:17,732][src.frame_extractor][INFO] - Press [q] to stop, [?] for help
[2026-06-21 14:46:17,780][src.frame_extractor][INFO] - Output #0, image2, to '/Users/bc/brendanchambers/2026-06-18-iphone-video-to-splat/data/intermediates/teensy/colmap_sfm_camera_model/images/frame_%04d.jpg':
[2026-06-21 14:46:17,780][src.frame_extractor][INFO] -   Metadata:
[2026-06-21 14:46:17,780][src.frame_extractor][INFO] -     major_brand     : qt
[2026-06-21 14:46:17,780][src.frame_extractor][INFO] -     minor_version   : 512
[2026-06-21 14:46:17,780][src.frame_extractor][INFO] -     compatible_brands: qt
[2026-06-21 14:46:17,780][src.frame_extractor][INFO] -     encoder         : Lavf62.12.102
[2026-06-21 14:46:17,780][src.frame_extractor][INFO] -   Stream #0:0: Video: mjpeg, yuv420p(pc, bt709, progressive), 1080x1920, q=2-31, 200 kb/s, 2 fps, 2 tbn (default)
[2026-06-21 14:46:17,780][src.frame_extractor][INFO] -     Metadata:
[2026-06-21 14:46:17,780][src.frame_extractor][INFO] -       encoder         : Lavc62.28.102 mjpeg
[2026-06-21 14:46:17,780][src.frame_extractor][INFO] -       handler_name    : Core Media Video
[2026-06-21 14:46:17,780][src.frame_extractor][INFO] -       vendor_id       : FFMP
[2026-06-21 14:46:17,780][src.frame_extractor][INFO] -     Side data:
[2026-06-21 14:46:17,780][src.frame_extractor][INFO] -       CPB properties: bitrate max/min/avg: 0/0/200000 buffer size: 0 vbv_delay: N/A
[2026-06-21 14:46:17,920][src.frame_extractor][INFO] - [out#0/image2 @ 0x600000758600] video:3120KiB audio:0KiB subtitle:0KiB other streams:0KiB global headers:0KiB muxing overhead: unknown
[2026-06-21 14:46:17,920][src.frame_extractor][INFO] - frame=    8 fps=0.0 q=5.0 Lsize=N/A time=00:00:04.00 bitrate=N/A speed=21.3x elapsed=0:00:00.18
[2026-06-21 14:46:17,923][src.frame_extractor][INFO] - Successfully extracted 8 frames
[2026-06-21 14:46:17,923][__main__][INFO] - ✓ Frame extraction completed
[2026-06-21 14:46:17,923][__main__][INFO] - ============================================================
[2026-06-21 14:46:17,923][__main__][INFO] - STEP 2: Feature Extraction
[2026-06-21 14:46:17,923][__main__][INFO] - ============================================================
[2026-06-21 14:46:17,924][src.colmap_feature_extractor][INFO] - Extracting features from images: /Users/bc/brendanchambers/2026-06-18-iphone-video-to-splat/data/intermediates/teensy/colmap_sfm_camera_model/images
[2026-06-21 14:46:17,924][src.colmap_feature_extractor][INFO] - Database: /Users/bc/brendanchambers/2026-06-18-iphone-video-to-splat/data/intermediates/teensy/colmap_sfm_camera_model/database.db
[2026-06-21 14:46:17,924][src.colmap_feature_extractor][INFO] - Running: colmap feature_extractor
[2026-06-21 14:46:18,080][src.colmap_feature_extractor][INFO] - I20260621 14:46:18.080527 0x16f22b000 feature_extraction.cc:504] === Feature extraction ===
[2026-06-21 14:46:18,096][src.colmap_feature_extractor][INFO] - I20260621 14:46:18.096771 0x16f82f000 sift.cc:757] Creating SIFT GPU feature extractor
[2026-06-21 14:46:18,229][src.colmap_feature_extractor][INFO] - I20260621 14:46:18.229021 0x16f8bb000 feature_extraction.cc:282] Processed file [1/8]
[2026-06-21 14:46:18,229][src.colmap_feature_extractor][INFO] - I20260621 14:46:18.229039 0x16f8bb000 feature_extraction.cc:285]   Name:            frame_0001.jpg
[2026-06-21 14:46:18,229][src.colmap_feature_extractor][INFO] - I20260621 14:46:18.229042 0x16f8bb000 feature_extraction.cc:294]   Dimensions:      1080 x 1920
[2026-06-21 14:46:18,229][src.colmap_feature_extractor][INFO] - I20260621 14:46:18.229050 0x16f8bb000 feature_extraction.cc:297]   Camera:          #1 - RADIAL
[2026-06-21 14:46:18,229][src.colmap_feature_extractor][INFO] - I20260621 14:46:18.229052 0x16f8bb000 feature_extraction.cc:300]   Focal Length:    2304.00px
[2026-06-21 14:46:18,229][src.colmap_feature_extractor][INFO] - I20260621 14:46:18.229057 0x16f8bb000 feature_extraction.cc:304]   Features:        4449 (SIFT)
[2026-06-21 14:46:18,289][src.colmap_feature_extractor][INFO] - I20260621 14:46:18.289110 0x16f8bb000 feature_extraction.cc:282] Processed file [2/8]
[2026-06-21 14:46:18,289][src.colmap_feature_extractor][INFO] - I20260621 14:46:18.289129 0x16f8bb000 feature_extraction.cc:285]   Name:            frame_0002.jpg
[2026-06-21 14:46:18,289][src.colmap_feature_extractor][INFO] - I20260621 14:46:18.289132 0x16f8bb000 feature_extraction.cc:294]   Dimensions:      1080 x 1920
[2026-06-21 14:46:18,289][src.colmap_feature_extractor][INFO] - I20260621 14:46:18.289134 0x16f8bb000 feature_extraction.cc:297]   Camera:          #1 - RADIAL
[2026-06-21 14:46:18,289][src.colmap_feature_extractor][INFO] - I20260621 14:46:18.289136 0x16f8bb000 feature_extraction.cc:300]   Focal Length:    2304.00px
[2026-06-21 14:46:18,289][src.colmap_feature_extractor][INFO] - I20260621 14:46:18.289139 0x16f8bb000 feature_extraction.cc:304]   Features:        4766 (SIFT)
[2026-06-21 14:46:18,344][src.colmap_feature_extractor][INFO] - I20260621 14:46:18.344198 0x16f8bb000 feature_extraction.cc:282] Processed file [3/8]
[2026-06-21 14:46:18,344][src.colmap_feature_extractor][INFO] - I20260621 14:46:18.344218 0x16f8bb000 feature_extraction.cc:285]   Name:            frame_0003.jpg
[2026-06-21 14:46:18,344][src.colmap_feature_extractor][INFO] - I20260621 14:46:18.344221 0x16f8bb000 feature_extraction.cc:294]   Dimensions:      1080 x 1920
[2026-06-21 14:46:18,344][src.colmap_feature_extractor][INFO] - I20260621 14:46:18.344223 0x16f8bb000 feature_extraction.cc:297]   Camera:          #1 - RADIAL
[2026-06-21 14:46:18,344][src.colmap_feature_extractor][INFO] - I20260621 14:46:18.344224 0x16f8bb000 feature_extraction.cc:300]   Focal Length:    2304.00px
[2026-06-21 14:46:18,344][src.colmap_feature_extractor][INFO] - I20260621 14:46:18.344228 0x16f8bb000 feature_extraction.cc:304]   Features:        5561 (SIFT)
[2026-06-21 14:46:18,399][src.colmap_feature_extractor][INFO] - I20260621 14:46:18.399298 0x16f8bb000 feature_extraction.cc:282] Processed file [4/8]
[2026-06-21 14:46:18,399][src.colmap_feature_extractor][INFO] - I20260621 14:46:18.399314 0x16f8bb000 feature_extraction.cc:285]   Name:            frame_0004.jpg
[2026-06-21 14:46:18,399][src.colmap_feature_extractor][INFO] - I20260621 14:46:18.399317 0x16f8bb000 feature_extraction.cc:294]   Dimensions:      1080 x 1920
[2026-06-21 14:46:18,399][src.colmap_feature_extractor][INFO] - I20260621 14:46:18.399319 0x16f8bb000 feature_extraction.cc:297]   Camera:          #1 - RADIAL
[2026-06-21 14:46:18,399][src.colmap_feature_extractor][INFO] - I20260621 14:46:18.399321 0x16f8bb000 feature_extraction.cc:300]   Focal Length:    2304.00px
[2026-06-21 14:46:18,399][src.colmap_feature_extractor][INFO] - I20260621 14:46:18.399322 0x16f8bb000 feature_extraction.cc:304]   Features:        6351 (SIFT)
[2026-06-21 14:46:18,452][src.colmap_feature_extractor][INFO] - I20260621 14:46:18.452217 0x16f8bb000 feature_extraction.cc:282] Processed file [5/8]
[2026-06-21 14:46:18,452][src.colmap_feature_extractor][INFO] - I20260621 14:46:18.452230 0x16f8bb000 feature_extraction.cc:285]   Name:            frame_0005.jpg
[2026-06-21 14:46:18,452][src.colmap_feature_extractor][INFO] - I20260621 14:46:18.452232 0x16f8bb000 feature_extraction.cc:294]   Dimensions:      1080 x 1920
[2026-06-21 14:46:18,452][src.colmap_feature_extractor][INFO] - I20260621 14:46:18.452234 0x16f8bb000 feature_extraction.cc:297]   Camera:          #1 - RADIAL
[2026-06-21 14:46:18,452][src.colmap_feature_extractor][INFO] - I20260621 14:46:18.452236 0x16f8bb000 feature_extraction.cc:300]   Focal Length:    2304.00px
[2026-06-21 14:46:18,452][src.colmap_feature_extractor][INFO] - I20260621 14:46:18.452239 0x16f8bb000 feature_extraction.cc:304]   Features:        4609 (SIFT)
[2026-06-21 14:46:18,507][src.colmap_feature_extractor][INFO] - I20260621 14:46:18.507007 0x16f8bb000 feature_extraction.cc:282] Processed file [6/8]
[2026-06-21 14:46:18,507][src.colmap_feature_extractor][INFO] - I20260621 14:46:18.507025 0x16f8bb000 feature_extraction.cc:285]   Name:            frame_0006.jpg
[2026-06-21 14:46:18,507][src.colmap_feature_extractor][INFO] - I20260621 14:46:18.507028 0x16f8bb000 feature_extraction.cc:294]   Dimensions:      1080 x 1920
[2026-06-21 14:46:18,507][src.colmap_feature_extractor][INFO] - I20260621 14:46:18.507030 0x16f8bb000 feature_extraction.cc:297]   Camera:          #1 - RADIAL
[2026-06-21 14:46:18,507][src.colmap_feature_extractor][INFO] - I20260621 14:46:18.507032 0x16f8bb000 feature_extraction.cc:300]   Focal Length:    2304.00px
[2026-06-21 14:46:18,507][src.colmap_feature_extractor][INFO] - I20260621 14:46:18.507034 0x16f8bb000 feature_extraction.cc:304]   Features:        4916 (SIFT)
[2026-06-21 14:46:18,560][src.colmap_feature_extractor][INFO] - I20260621 14:46:18.560286 0x16f8bb000 feature_extraction.cc:282] Processed file [7/8]
[2026-06-21 14:46:18,560][src.colmap_feature_extractor][INFO] - I20260621 14:46:18.560305 0x16f8bb000 feature_extraction.cc:285]   Name:            frame_0007.jpg
[2026-06-21 14:46:18,560][src.colmap_feature_extractor][INFO] - I20260621 14:46:18.560308 0x16f8bb000 feature_extraction.cc:294]   Dimensions:      1080 x 1920
[2026-06-21 14:46:18,560][src.colmap_feature_extractor][INFO] - I20260621 14:46:18.560310 0x16f8bb000 feature_extraction.cc:297]   Camera:          #1 - RADIAL
[2026-06-21 14:46:18,560][src.colmap_feature_extractor][INFO] - I20260621 14:46:18.560312 0x16f8bb000 feature_extraction.cc:300]   Focal Length:    2304.00px
[2026-06-21 14:46:18,560][src.colmap_feature_extractor][INFO] - I20260621 14:46:18.560315 0x16f8bb000 feature_extraction.cc:304]   Features:        4134 (SIFT)
[2026-06-21 14:46:18,617][src.colmap_feature_extractor][INFO] - I20260621 14:46:18.617073 0x16f8bb000 feature_extraction.cc:282] Processed file [8/8]
[2026-06-21 14:46:18,617][src.colmap_feature_extractor][INFO] - I20260621 14:46:18.617117 0x16f8bb000 feature_extraction.cc:285]   Name:            frame_0008.jpg
[2026-06-21 14:46:18,617][src.colmap_feature_extractor][INFO] - I20260621 14:46:18.617120 0x16f8bb000 feature_extraction.cc:294]   Dimensions:      1080 x 1920
[2026-06-21 14:46:18,617][src.colmap_feature_extractor][INFO] - I20260621 14:46:18.617121 0x16f8bb000 feature_extraction.cc:297]   Camera:          #1 - RADIAL
[2026-06-21 14:46:18,617][src.colmap_feature_extractor][INFO] - I20260621 14:46:18.617124 0x16f8bb000 feature_extraction.cc:300]   Focal Length:    2304.00px
[2026-06-21 14:46:18,617][src.colmap_feature_extractor][INFO] - I20260621 14:46:18.617126 0x16f8bb000 feature_extraction.cc:304]   Features:        6773 (SIFT)
[2026-06-21 14:46:18,622][src.colmap_feature_extractor][INFO] - I20260621 14:46:18.622918 0x16f22b000 timer.cc:90] Elapsed time: 0.009 [minutes]
[2026-06-21 14:46:18,639][src.colmap_feature_extractor][INFO] - Feature extraction completed successfully
[2026-06-21 14:46:18,639][__main__][INFO] - ✓ Feature extraction completed
[2026-06-21 14:46:18,639][__main__][INFO] - ============================================================
[2026-06-21 14:46:18,639][__main__][INFO] - STEP 3: Feature Matching
[2026-06-21 14:46:18,639][__main__][INFO] - ============================================================
[2026-06-21 14:46:18,640][src.colmap_feature_matcher][INFO] - Matching features in database: /Users/bc/brendanchambers/2026-06-18-iphone-video-to-splat/data/intermediates/teensy/colmap_sfm_camera_model/database.db
[2026-06-21 14:46:18,640][src.colmap_feature_matcher][INFO] - Running: colmap sequential_matcher
[2026-06-21 14:46:18,797][src.colmap_feature_matcher][INFO] - I20260621 14:46:18.797668 0x16dae7000 feature_matching.cc:195] === Feature matching & geometric verification ===
[2026-06-21 14:46:18,811][src.colmap_feature_matcher][INFO] - I20260621 14:46:18.811374 0x16db73000 sift.cc:1559] Creating SIFT GPU feature matcher
[2026-06-21 14:46:18,834][src.colmap_feature_matcher][INFO] - I20260621 14:46:18.834161 0x16dae7000 pairing.cc:415] Generating sequential image pairs...
[2026-06-21 14:46:18,834][src.colmap_feature_matcher][INFO] - I20260621 14:46:18.834255 0x16dae7000 pairing.cc:473] Processing image [1/8]
[2026-06-21 14:46:18,908][src.colmap_feature_matcher][INFO] - I20260621 14:46:18.908174 0x16dae7000 feature_matching.cc:217] in 0.074s
[2026-06-21 14:46:18,908][src.colmap_feature_matcher][INFO] - I20260621 14:46:18.908187 0x16dae7000 pairing.cc:473] Processing image [2/8]
[2026-06-21 14:46:18,966][src.colmap_feature_matcher][INFO] - I20260621 14:46:18.966830 0x16dae7000 feature_matching.cc:217] in 0.059s
[2026-06-21 14:46:18,966][src.colmap_feature_matcher][INFO] - I20260621 14:46:18.966838 0x16dae7000 pairing.cc:473] Processing image [3/8]
[2026-06-21 14:46:19,027][src.colmap_feature_matcher][INFO] - I20260621 14:46:19.027927 0x16dae7000 feature_matching.cc:217] in 0.061s
[2026-06-21 14:46:19,028][src.colmap_feature_matcher][INFO] - I20260621 14:46:19.027936 0x16dae7000 pairing.cc:473] Processing image [4/8]
[2026-06-21 14:46:19,100][src.colmap_feature_matcher][INFO] - I20260621 14:46:19.100816 0x16dae7000 feature_matching.cc:217] in 0.073s
[2026-06-21 14:46:19,100][src.colmap_feature_matcher][INFO] - I20260621 14:46:19.100823 0x16dae7000 pairing.cc:473] Processing image [5/8]
[2026-06-21 14:46:19,132][src.colmap_feature_matcher][INFO] - I20260621 14:46:19.132401 0x16dae7000 feature_matching.cc:217] in 0.032s
[2026-06-21 14:46:19,132][src.colmap_feature_matcher][INFO] - I20260621 14:46:19.132406 0x16dae7000 pairing.cc:473] Processing image [6/8]
[2026-06-21 14:46:19,172][src.colmap_feature_matcher][INFO] - I20260621 14:46:19.172702 0x16dae7000 feature_matching.cc:217] in 0.040s
[2026-06-21 14:46:19,172][src.colmap_feature_matcher][INFO] - I20260621 14:46:19.172706 0x16dae7000 pairing.cc:473] Processing image [7/8]
[2026-06-21 14:46:19,195][src.colmap_feature_matcher][INFO] - I20260621 14:46:19.195443 0x16dae7000 feature_matching.cc:217] in 0.023s
[2026-06-21 14:46:19,195][src.colmap_feature_matcher][INFO] - I20260621 14:46:19.195447 0x16dae7000 pairing.cc:473] Processing image [8/8]
[2026-06-21 14:46:19,195][src.colmap_feature_matcher][INFO] - I20260621 14:46:19.195449 0x16dae7000 feature_matching.cc:217] in 0.000s
[2026-06-21 14:46:19,195][src.colmap_feature_matcher][INFO] - I20260621 14:46:19.195451 0x16dae7000 timer.cc:90] Elapsed time: 0.007 [minutes]
[2026-06-21 14:46:19,202][src.colmap_feature_matcher][INFO] - Feature matching completed successfully
[2026-06-21 14:46:19,203][__main__][INFO] - ✓ Feature matching completed
[2026-06-21 14:46:19,203][__main__][INFO] - ============================================================
[2026-06-21 14:46:19,203][__main__][INFO] - STEP 4: Sparse Reconstruction
[2026-06-21 14:46:19,203][__main__][INFO] - ============================================================
[2026-06-21 14:46:19,204][src.colmap_mapper][INFO] - Performing sparse reconstruction
[2026-06-21 14:46:19,204][src.colmap_mapper][INFO] - Database: /Users/bc/brendanchambers/2026-06-18-iphone-video-to-splat/data/intermediates/teensy/colmap_sfm_camera_model/database.db
[2026-06-21 14:46:19,204][src.colmap_mapper][INFO] - Images: /Users/bc/brendanchambers/2026-06-18-iphone-video-to-splat/data/intermediates/teensy/colmap_sfm_camera_model/images
[2026-06-21 14:46:19,204][src.colmap_mapper][INFO] - Output: /Users/bc/brendanchambers/2026-06-18-iphone-video-to-splat/data/intermediates/teensy/colmap_sfm_camera_model/sparse
[2026-06-21 14:46:19,204][src.colmap_mapper][INFO] - Running: colmap mapper
[2026-06-21 14:46:19,253][src.colmap_mapper][INFO] - I20260621 14:46:19.252706 0x1fde420c0 incremental_pipeline.cc:278] Loading database
[2026-06-21 14:46:19,253][src.colmap_mapper][INFO] - I20260621 14:46:19.253274 0x1fde420c0 database_cache.cc:72] Loading rigs...
[2026-06-21 14:46:19,253][src.colmap_mapper][INFO] - I20260621 14:46:19.253296 0x1fde420c0 database_cache.cc:82]  1 in 0.000s
[2026-06-21 14:46:19,253][src.colmap_mapper][INFO] - I20260621 14:46:19.253299 0x1fde420c0 database_cache.cc:90] Loading cameras...
[2026-06-21 14:46:19,253][src.colmap_mapper][INFO] - I20260621 14:46:19.253307 0x1fde420c0 database_cache.cc:108]  1 in 0.000s
[2026-06-21 14:46:19,253][src.colmap_mapper][INFO] - I20260621 14:46:19.253309 0x1fde420c0 database_cache.cc:116] Loading frames...
[2026-06-21 14:46:19,253][src.colmap_mapper][INFO] - I20260621 14:46:19.253327 0x1fde420c0 database_cache.cc:126]  8 in 0.000s
[2026-06-21 14:46:19,253][src.colmap_mapper][INFO] - I20260621 14:46:19.253329 0x1fde420c0 database_cache.cc:134] Loading matches...
[2026-06-21 14:46:19,253][src.colmap_mapper][INFO] - I20260621 14:46:19.253395 0x1fde420c0 database_cache.cc:139]  17 in 0.000s
[2026-06-21 14:46:19,253][src.colmap_mapper][INFO] - I20260621 14:46:19.253397 0x1fde420c0 database_cache.cc:147] Loading images...
[2026-06-21 14:46:19,253][src.colmap_mapper][INFO] - I20260621 14:46:19.253979 0x1fde420c0 database_cache.cc:241]  8 in 0.001s (connected 8, loaded 8)
[2026-06-21 14:46:19,254][src.colmap_mapper][INFO] - I20260621 14:46:19.253982 0x1fde420c0 database_cache.cc:255] Loading pose priors...
[2026-06-21 14:46:19,254][src.colmap_mapper][INFO] - I20260621 14:46:19.253989 0x1fde420c0 database_cache.cc:263]  0 in 0.000s
[2026-06-21 14:46:19,254][src.colmap_mapper][INFO] - I20260621 14:46:19.253991 0x1fde420c0 database_cache.cc:271] Building correspondence graph...
[2026-06-21 14:46:19,254][src.colmap_mapper][INFO] - I20260621 14:46:19.254776 0x1fde420c0 database_cache.cc:300]  in 0.001s (ignored 0)
[2026-06-21 14:46:19,254][src.colmap_mapper][INFO] - I20260621 14:46:19.254779 0x1fde420c0 timer.cc:90] Elapsed time: 0.000 [minutes]
[2026-06-21 14:46:19,254][src.colmap_mapper][INFO] - I20260621 14:46:19.254881 0x1fde420c0 incremental_pipeline.cc:390] Finding good initial image pair
[2026-06-21 14:46:19,267][src.colmap_mapper][INFO] - I20260621 14:46:19.267637 0x1fde420c0 incremental_pipeline.cc:414] Registering initial image pair #4 and #2
[2026-06-21 14:46:19,268][src.colmap_mapper][INFO] - I20260621 14:46:19.268210 0x1fde420c0 incremental_pipeline.cc:432] Global bundle adjustment
[2026-06-21 14:46:19,291][src.colmap_mapper][INFO] - I20260621 14:46:19.290984 0x1fde420c0 incremental_pipeline.cc:537] Registering image #3 (num_reg_frames=2)
[2026-06-21 14:46:19,291][src.colmap_mapper][INFO] - I20260621 14:46:19.290990 0x1fde420c0 incremental_pipeline.cc:540] => Image sees 168 / 1892 points
[2026-06-21 14:46:19,338][src.colmap_mapper][INFO] - I20260621 14:46:19.338065 0x1fde420c0 incremental_pipeline.cc:79] Retriangulation and Global bundle adjustment
[2026-06-21 14:46:19,356][src.colmap_mapper][INFO] - I20260621 14:46:19.356642 0x1fde420c0 incremental_pipeline.cc:537] Registering image #6 (num_reg_frames=3)
[2026-06-21 14:46:19,356][src.colmap_mapper][INFO] - I20260621 14:46:19.356647 0x1fde420c0 incremental_pipeline.cc:540] => Image sees 499 / 2128 points
[2026-06-21 14:46:19,412][src.colmap_mapper][INFO] - I20260621 14:46:19.412377 0x1fde420c0 incremental_pipeline.cc:79] Retriangulation and Global bundle adjustment
[2026-06-21 14:46:19,434][src.colmap_mapper][INFO] - I20260621 14:46:19.434231 0x1fde420c0 incremental_pipeline.cc:537] Registering image #5 (num_reg_frames=4)
[2026-06-21 14:46:19,434][src.colmap_mapper][INFO] - I20260621 14:46:19.434236 0x1fde420c0 incremental_pipeline.cc:540] => Image sees 1052 / 2461 points
[2026-06-21 14:46:19,480][src.colmap_mapper][INFO] - I20260621 14:46:19.480643 0x1fde420c0 incremental_pipeline.cc:79] Retriangulation and Global bundle adjustment
[2026-06-21 14:46:19,496][src.colmap_mapper][INFO] - I20260621 14:46:19.496884 0x1fde420c0 incremental_pipeline.cc:537] Registering image #1 (num_reg_frames=5)
[2026-06-21 14:46:19,496][src.colmap_mapper][INFO] - I20260621 14:46:19.496889 0x1fde420c0 incremental_pipeline.cc:540] => Image sees 536 / 1825 points
[2026-06-21 14:46:19,547][src.colmap_mapper][INFO] - I20260621 14:46:19.547928 0x1fde420c0 incremental_pipeline.cc:79] Retriangulation and Global bundle adjustment
[2026-06-21 14:46:19,573][src.colmap_mapper][INFO] - I20260621 14:46:19.573070 0x1fde420c0 incremental_pipeline.cc:537] Registering image #7 (num_reg_frames=6)
[2026-06-21 14:46:19,573][src.colmap_mapper][INFO] - I20260621 14:46:19.573075 0x1fde420c0 incremental_pipeline.cc:540] => Image sees 436 / 1676 points
[2026-06-21 14:46:19,608][src.colmap_mapper][INFO] - I20260621 14:46:19.608309 0x1fde420c0 incremental_pipeline.cc:79] Retriangulation and Global bundle adjustment
[2026-06-21 14:46:19,643][src.colmap_mapper][INFO] - I20260621 14:46:19.643970 0x1fde420c0 incremental_pipeline.cc:537] Registering image #8 (num_reg_frames=7)
[2026-06-21 14:46:19,644][src.colmap_mapper][INFO] - I20260621 14:46:19.643976 0x1fde420c0 incremental_pipeline.cc:540] => Image sees 481 / 1376 points
[2026-06-21 14:46:19,677][src.colmap_mapper][INFO] - I20260621 14:46:19.676998 0x1fde420c0 incremental_pipeline.cc:79] Retriangulation and Global bundle adjustment
[2026-06-21 14:46:19,715][src.colmap_mapper][INFO] - I20260621 14:46:19.715333 0x1fde420c0 incremental_pipeline.cc:79] Retriangulation and Global bundle adjustment
[2026-06-21 14:46:19,723][src.colmap_mapper][INFO] - I20260621 14:46:19.723811 0x1fde420c0 incremental_pipeline.cc:723] Keeping successful reconstruction
[2026-06-21 14:46:19,726][src.colmap_mapper][INFO] - I20260621 14:46:19.726023 0x1fde420c0 timer.cc:90] Elapsed time: 0.008 [minutes]
[2026-06-21 14:46:19,728][src.colmap_mapper][INFO] - Sparse reconstruction completed successfully
[2026-06-21 14:46:19,729][__main__][INFO] - ✓ Sparse reconstruction completed
[2026-06-21 14:46:19,729][__main__][INFO] - ============================================================
[2026-06-21 14:46:19,729][__main__][INFO] - STEP 5: Image Undistortion
[2026-06-21 14:46:19,729][__main__][INFO] - ============================================================
[2026-06-21 14:46:19,730][src.colmap_undistorter][INFO] - Undistorting images
[2026-06-21 14:46:19,730][src.colmap_undistorter][INFO] - Input model: /Users/bc/brendanchambers/2026-06-18-iphone-video-to-splat/data/intermediates/teensy/colmap_sfm_camera_model/sparse/0
[2026-06-21 14:46:19,730][src.colmap_undistorter][INFO] - Images: /Users/bc/brendanchambers/2026-06-18-iphone-video-to-splat/data/intermediates/teensy/colmap_sfm_camera_model/images
[2026-06-21 14:46:19,730][src.colmap_undistorter][INFO] - Output: /Users/bc/brendanchambers/2026-06-18-iphone-video-to-splat/data/intermediates/teensy/colmap_sfm_linearized
[2026-06-21 14:46:19,730][src.colmap_undistorter][INFO] - Running: colmap image_undistorter
[2026-06-21 14:46:19,775][src.colmap_undistorter][INFO] - I20260621 14:46:19.775348 0x1fde420c0 image.cc:368] === Reading reconstruction ===
[2026-06-21 14:46:19,777][src.colmap_undistorter][INFO] - I20260621 14:46:19.777310 0x1fde420c0 image.cc:371] => Reconstruction with 8 images and 2190 points
[2026-06-21 14:46:19,777][src.colmap_undistorter][INFO] - I20260621 14:46:19.777318 0x1fde420c0 undistorters.cc:166] === Image undistortion ===
[2026-06-21 14:46:19,777][src.colmap_undistorter][INFO] - I20260621 14:46:19.777696 0x1fde420c0 undistorters.cc:205] Undistorting image [1/8]
[2026-06-21 14:46:20,385][src.colmap_undistorter][INFO] - I20260621 14:46:20.385589 0x1fde420c0 undistorters.cc:205] Undistorting image [2/8]
[2026-06-21 14:46:20,385][src.colmap_undistorter][INFO] - I20260621 14:46:20.385604 0x1fde420c0 undistorters.cc:205] Undistorting image [3/8]
[2026-06-21 14:46:20,385][src.colmap_undistorter][INFO] - I20260621 14:46:20.385608 0x1fde420c0 undistorters.cc:205] Undistorting image [4/8]
[2026-06-21 14:46:20,385][src.colmap_undistorter][INFO] - I20260621 14:46:20.385610 0x1fde420c0 undistorters.cc:205] Undistorting image [5/8]
[2026-06-21 14:46:20,385][src.colmap_undistorter][INFO] - I20260621 14:46:20.385612 0x1fde420c0 undistorters.cc:205] Undistorting image [6/8]
[2026-06-21 14:46:20,385][src.colmap_undistorter][INFO] - I20260621 14:46:20.385613 0x1fde420c0 undistorters.cc:205] Undistorting image [7/8]
[2026-06-21 14:46:20,385][src.colmap_undistorter][INFO] - I20260621 14:46:20.385614 0x1fde420c0 undistorters.cc:205] Undistorting image [8/8]
[2026-06-21 14:46:20,385][src.colmap_undistorter][INFO] - I20260621 14:46:20.385615 0x1fde420c0 undistorters.cc:213] Writing reconstruction...
[2026-06-21 14:46:20,390][src.colmap_undistorter][INFO] - I20260621 14:46:20.390595 0x1fde420c0 undistorters.cc:218] Writing configuration...
[2026-06-21 14:46:20,390][src.colmap_undistorter][INFO] - I20260621 14:46:20.390705 0x1fde420c0 undistorters.cc:222] Writing scripts...
[2026-06-21 14:46:20,390][src.colmap_undistorter][INFO] - I20260621 14:46:20.390820 0x1fde420c0 timer.cc:90] Elapsed time: 0.010 [minutes]
[2026-06-21 14:46:20,394][src.colmap_undistorter][INFO] - Image undistortion completed successfully
[2026-06-21 14:46:20,394][__main__][INFO] - ✓ Image undistortion completed
[2026-06-21 14:46:20,394][__main__][INFO] - ============================================================
[2026-06-21 14:46:20,394][__main__][INFO] - STEP 6: OpenSplat Training
[2026-06-21 14:46:20,394][__main__][INFO] - ============================================================
[2026-06-21 14:46:20,396][src.opensplat_trainer][INFO] - Training 3D Gaussian Splat
[2026-06-21 14:46:20,396][src.opensplat_trainer][INFO] - Sparse model: /Users/bc/brendanchambers/2026-06-18-iphone-video-to-splat/data/intermediates/teensy/colmap_sfm_linearized/sparse
[2026-06-21 14:46:20,396][src.opensplat_trainer][INFO] - Images: /Users/bc/brendanchambers/2026-06-18-iphone-video-to-splat/data/intermediates/teensy/colmap_sfm_linearized/images
[2026-06-21 14:46:20,396][src.opensplat_trainer][INFO] - Output PLY: /Users/bc/brendanchambers/2026-06-18-iphone-video-to-splat/data/intermediates/teensy/colmap_sfm_linearized/splats/teensy_20260621_1446.ply
[2026-06-21 14:46:20,396][src.opensplat_trainer][INFO] - Training loss log: /Users/bc/brendanchambers/2026-06-18-iphone-video-to-splat/data/intermediates/teensy/colmap_sfm_linearized/splats/training-metrics_20260621_1446.jsonl
[2026-06-21 14:46:20,396][src.opensplat_trainer][INFO] - Validation loss log: /Users/bc/brendanchambers/2026-06-18-iphone-video-to-splat/data/intermediates/teensy/colmap_sfm_linearized/splats/val_20260621_1446.jsonl
[2026-06-21 14:46:20,396][src.opensplat_trainer][INFO] - Running: opensplat
[2026-06-21 14:46:20,539][src.opensplat_trainer][INFO] - Using MPS
[2026-06-21 14:46:20,541][src.opensplat_trainer][INFO] - Reading 2190 points
[2026-06-21 14:46:20,542][src.opensplat_trainer][INFO] - Loading /Users/bc/brendanchambers/2026-06-18-iphone-video-to-splat/data/intermediates/teensy/colmap_sfm_linearized/images/frame_0001.jpg
[2026-06-21 14:46:20,542][src.opensplat_trainer][INFO] - Loading /Users/bc/brendanchambers/2026-06-18-iphone-video-to-splat/data/intermediates/teensy/colmap_sfm_linearized/images/frame_0002.jpgLoading /Users/bc/brendanchambers/2026-06-18-iphone-video-to-splat/data/intermediates/teensy/colmap_sfm_linearized/images/frame_0004.jpg
[2026-06-21 14:46:20,542][src.opensplat_trainer][INFO] - Loading Loading /Users/bc/brendanchambers/2026-06-18-iphone-video-to-splat/data/intermediates/teensy/colmap_sfm_linearized/images/frame_0006.jpg
[2026-06-21 14:46:20,542][src.opensplat_trainer][INFO] - Loading /Users/bc/brendanchambers/2026-06-18-iphone-video-to-splat/data/intermediates/teensy/colmap_sfm_linearized/images/frame_0007.jpg
[2026-06-21 14:46:20,542][src.opensplat_trainer][INFO] - Loading /Users/bc/brendanchambers/2026-06-18-iphone-video-to-splat/data/intermediates/teensy/colmap_sfm_linearized/images/frame_0008.jpg
[2026-06-21 14:46:20,542][src.opensplat_trainer][INFO] - /Users/bc/brendanchambers/2026-06-18-iphone-video-to-splat/data/intermediates/teensy/colmap_sfm_linearized/images/frame_0005.jpg
[2026-06-21 14:46:20,542][src.opensplat_trainer][INFO] - 
[2026-06-21 14:46:20,542][src.opensplat_trainer][INFO] - Loading /Users/bc/brendanchambers/2026-06-18-iphone-video-to-splat/data/intermediates/teensy/colmap_sfm_linearized/images/frame_0003.jpg
[2026-06-21 14:46:20,915][src.opensplat_trainer][INFO] - init_gsplat_metal_context: loading '/Users/bc/brendanchambers/2026-06-18-iphone-video-to-splat/opensplat/build/default.metallib'
[2026-06-21 14:46:20,915][src.opensplat_trainer][INFO] - init_gsplat_metal_context: loaded '/Users/bc/brendanchambers/2026-06-18-iphone-video-to-splat/opensplat/build/default.metallib', functions: compute_cov2d_bounds_kernel, project_gaussians_backward_kernel, get_tile_bin_edges_kernel, rasterize_backward_kernel, map_gaussian_to_intersects_kernel, nd_rasterize_backward_kernel, project_gaussians_forward_kernel, compute_sh_backward_kernel, compute_sh_forward_kernel, nd_rasterize_forward_kernel
[2026-06-21 14:46:20,915][src.opensplat_trainer][INFO] - init_gsplat_metal_context: load function nd_rasterize_backward_kernel with label: (null)
[2026-06-21 14:46:20,915][src.opensplat_trainer][INFO] - init_gsplat_metal_context: load function nd_rasterize_forward_kernel with label: (null)
[2026-06-21 14:46:20,915][src.opensplat_trainer][INFO] - init_gsplat_metal_context: load function rasterize_backward_kernel with label: (null)
[2026-06-21 14:46:20,915][src.opensplat_trainer][INFO] - init_gsplat_metal_context: load function project_gaussians_forward_kernel with label: (null)
[2026-06-21 14:46:20,915][src.opensplat_trainer][INFO] - init_gsplat_metal_context: load function project_gaussians_backward_kernel with label: (null)
[2026-06-21 14:46:20,915][src.opensplat_trainer][INFO] - init_gsplat_metal_context: load function compute_sh_forward_kernel with label: (null)
[2026-06-21 14:46:20,915][src.opensplat_trainer][INFO] - init_gsplat_metal_context: load function compute_sh_backward_kernel with label: (null)
[2026-06-21 14:46:20,915][src.opensplat_trainer][INFO] - init_gsplat_metal_context: load function compute_cov2d_bounds_kernel with label: (null)
[2026-06-21 14:46:20,915][src.opensplat_trainer][INFO] - init_gsplat_metal_context: load function map_gaussian_to_intersects_kernel with label: (null)
[2026-06-21 14:46:20,915][src.opensplat_trainer][INFO] - init_gsplat_metal_context: load function get_tile_bin_edges_kernel with label: (null)
[2026-06-21 14:46:20,915][src.opensplat_trainer][INFO] - Step 10: 0.335643 (20%)
[2026-06-21 14:46:21,129][src.opensplat_trainer][INFO] - Step 20: 0.316053 (40%)
[2026-06-21 14:46:21,323][src.opensplat_trainer][INFO] - Step 30: 0.28368 (60%)
[2026-06-21 14:46:21,510][src.opensplat_trainer][INFO] - Step 40: 0.301104 (80%)
[2026-06-21 14:46:21,723][src.opensplat_trainer][INFO] - Step 50: 0.302611 (100%)
[2026-06-21 14:46:21,738][src.opensplat_trainer][INFO] - Wrote /Users/bc/brendanchambers/2026-06-18-iphone-video-to-splat/data/intermediates/teensy/colmap_sfm_linearized/splats/cameras.json
[2026-06-21 14:46:21,745][src.opensplat_trainer][INFO] - Wrote /Users/bc/brendanchambers/2026-06-18-iphone-video-to-splat/data/intermediates/teensy/colmap_sfm_linearized/splats/teensy_20260621_1446.ply
[2026-06-21 14:46:21,758][src.opensplat_trainer][INFO] - /Users/bc/brendanchambers/2026-06-18-iphone-video-to-splat/data/intermediates/teensy/colmap_sfm_linearized/images/frame_0001.jpg validation loss: 0.344775
[2026-06-21 14:46:21,810][src.opensplat_trainer][INFO] - Parsed 5 training loss values to /Users/bc/brendanchambers/2026-06-18-iphone-video-to-splat/data/intermediates/teensy/colmap_sfm_linearized/splats/training-metrics_20260621_1446.jsonl
[2026-06-21 14:46:21,810][src.opensplat_trainer][INFO] - No validation loss captured (validation may be disabled)
[2026-06-21 14:46:21,810][src.opensplat_trainer][INFO] - Training completed successfully
[2026-06-21 14:46:21,810][src.opensplat_trainer][INFO] - Output saved to: /Users/bc/brendanchambers/2026-06-18-iphone-video-to-splat/data/intermediates/teensy/colmap_sfm_linearized/splats/teensy_20260621_1446.ply
[2026-06-21 14:46:21,810][__main__][INFO] - ✓ Splat training completed
[2026-06-21 14:46:21,810][__main__][INFO] - ============================================================
[2026-06-21 14:46:21,810][__main__][INFO] - Analyzing Training Loss
[2026-06-21 14:46:21,810][__main__][INFO] - ============================================================
[2026-06-21 14:46:21,811][__main__][WARNING] - No loss records found in val_20260621_1446.jsonl
[2026-06-21 14:46:21,811][__main__][INFO] - 
[2026-06-21 14:46:21,811][__main__][INFO] - ╔==========================================================╗
[2026-06-21 14:46:21,811][__main__][INFO] - ║                    Pipeline Complete!                    ║
[2026-06-21 14:46:21,811][__main__][INFO] - ╚==========================================================╝
[2026-06-21 14:46:21,811][__main__][INFO] - Output directory: /Users/bc/brendanchambers/2026-06-18-iphone-video-to-splat/data/intermediates/teensy/colmap_sfm_linearized/splats
[2026-06-21 14:46:21,811][__main__][INFO] -   - PLY file: *.ply (3D Gaussian Splat)
[2026-06-21 14:46:21,811][__main__][INFO] -   - Loss log: *.jsonl (Training loss per step)
