[2026-06-21 14:36:30,973][__main__][INFO] - 
[2026-06-21 14:36:30,973][__main__][INFO] - ╔==========================================================╗
[2026-06-21 14:36:30,973][__main__][INFO] - ║          3D Gaussian Splat Training Pipeline              ║
[2026-06-21 14:36:30,973][__main__][INFO] - ╚==========================================================╝
[2026-06-21 14:36:30,973][__main__][INFO] - Experiment: teensy
[2026-06-21 14:36:30,973][__main__][INFO] - Project dir: /Users/bc/brendanchambers/2026-06-18-iphone-video-to-splat
[2026-06-21 14:36:30,974][__main__][INFO] - 
[2026-06-21 14:36:30,974][__main__][INFO] - ============================================================
[2026-06-21 14:36:30,974][__main__][INFO] - STEP 1: Frame Extraction
[2026-06-21 14:36:30,974][__main__][INFO] - ============================================================
[2026-06-21 14:36:30,974][src.frame_extractor][INFO] - Extracting frames from: /Users/bc/brendanchambers/2026-06-18-iphone-video-to-splat/data/incoming/movies/teensy.mov
[2026-06-21 14:36:30,974][src.frame_extractor][INFO] - Output directory: /Users/bc/brendanchambers/2026-06-18-iphone-video-to-splat/data/intermediates/teensy/colmap_sfm_camera_model/images
[2026-06-21 14:36:30,974][src.frame_extractor][INFO] - Extracting frames at 2 fps
[2026-06-21 14:36:30,974][src.frame_extractor][INFO] - Running command: ffmpeg -i /Users/bc/brendanchambers/2026-06-18-iphone-video-to-splat/data/incoming/movies/teensy.mov -vf fps=2 -q:v 5 /Users/bc/brendanchambers/2026-06-18-iphone-video-to-splat/data/intermediates/teensy/colmap_sfm_camera_model/images/frame_%04d.jpg
[2026-06-21 14:36:30,987][src.frame_extractor][INFO] - ffmpeg version 8.1.2 Copyright (c) 2000-2026 the FFmpeg developers
[2026-06-21 14:36:30,988][src.frame_extractor][INFO] -   built with Apple clang version 17.0.0 (clang-1700.6.4.2)
[2026-06-21 14:36:30,988][src.frame_extractor][INFO] -   configuration: --prefix=/opt/homebrew/Cellar/ffmpeg/8.1.2 --enable-shared --enable-pthreads --enable-version3 --cc=clang --host-cflags= --host-ldflags= --enable-ffplay --enable-gpl --enable-libsvtav1 --enable-libopus --enable-libx264 --enable-libmp3lame --enable-libdav1d --enable-libvmaf --enable-libvpx --enable-libx265 --enable-openssl --enable-videotoolbox --enable-audiotoolbox --enable-neon
[2026-06-21 14:36:30,988][src.frame_extractor][INFO] -   libavutil      60. 26.102 / 60. 26.102
[2026-06-21 14:36:30,988][src.frame_extractor][INFO] -   libavcodec     62. 28.102 / 62. 28.102
[2026-06-21 14:36:30,988][src.frame_extractor][INFO] -   libavformat    62. 12.102 / 62. 12.102
[2026-06-21 14:36:30,988][src.frame_extractor][INFO] -   libavdevice    62.  3.102 / 62.  3.102
[2026-06-21 14:36:30,988][src.frame_extractor][INFO] -   libavfilter    11. 14.102 / 11. 14.102
[2026-06-21 14:36:30,988][src.frame_extractor][INFO] -   libswscale      9.  5.102 /  9.  5.102
[2026-06-21 14:36:30,988][src.frame_extractor][INFO] -   libswresample   6.  3.102 /  6.  3.102
[2026-06-21 14:36:31,002][src.frame_extractor][INFO] - Input #0, mov,mp4,m4a,3gp,3g2,mj2, from '/Users/bc/brendanchambers/2026-06-18-iphone-video-to-splat/data/incoming/movies/teensy.mov':
[2026-06-21 14:36:31,002][src.frame_extractor][INFO] -   Metadata:
[2026-06-21 14:36:31,002][src.frame_extractor][INFO] -     major_brand     : qt
[2026-06-21 14:36:31,002][src.frame_extractor][INFO] -     minor_version   : 512
[2026-06-21 14:36:31,002][src.frame_extractor][INFO] -     compatible_brands: qt
[2026-06-21 14:36:31,002][src.frame_extractor][INFO] -     encoder         : Lavf62.12.102
[2026-06-21 14:36:31,002][src.frame_extractor][INFO] -   Duration: 00:00:04.01, start: 0.000000, bitrate: 19786 kb/s
[2026-06-21 14:36:31,002][src.frame_extractor][INFO] -   Stream #0:0[0x1]: Video: h264 (High) (avc1 / 0x31637661), yuv420p(tv, bt709, progressive), 1080x1920, 19646 kb/s, 29.67 fps, 29.67 tbr, 11392 tbn (default)
[2026-06-21 14:36:31,002][src.frame_extractor][INFO] -     Metadata:
[2026-06-21 14:36:31,002][src.frame_extractor][INFO] -       handler_name    : Core Media Video
[2026-06-21 14:36:31,002][src.frame_extractor][INFO] -       vendor_id       : FFMP
[2026-06-21 14:36:31,002][src.frame_extractor][INFO] -       encoder         : Lavc62.28.102 libx264
[2026-06-21 14:36:31,002][src.frame_extractor][INFO] -   Stream #0:1[0x2]: Audio: aac (LC) (mp4a / 0x6134706D), 48000 Hz, stereo, fltp, 128 kb/s (default)
[2026-06-21 14:36:31,002][src.frame_extractor][INFO] -     Metadata:
[2026-06-21 14:36:31,002][src.frame_extractor][INFO] -       handler_name    : Core Media Audio
[2026-06-21 14:36:31,002][src.frame_extractor][INFO] -       vendor_id       : [0][0][0][0]
[2026-06-21 14:36:31,002][src.frame_extractor][INFO] - Stream mapping:
[2026-06-21 14:36:31,002][src.frame_extractor][INFO] -   Stream #0:0 -> #0:0 (h264 (native) -> mjpeg (native))
[2026-06-21 14:36:31,002][src.frame_extractor][INFO] - Press [q] to stop, [?] for help
[2026-06-21 14:36:31,050][src.frame_extractor][INFO] - Output #0, image2, to '/Users/bc/brendanchambers/2026-06-18-iphone-video-to-splat/data/intermediates/teensy/colmap_sfm_camera_model/images/frame_%04d.jpg':
[2026-06-21 14:36:31,050][src.frame_extractor][INFO] -   Metadata:
[2026-06-21 14:36:31,050][src.frame_extractor][INFO] -     major_brand     : qt
[2026-06-21 14:36:31,051][src.frame_extractor][INFO] -     minor_version   : 512
[2026-06-21 14:36:31,051][src.frame_extractor][INFO] -     compatible_brands: qt
[2026-06-21 14:36:31,051][src.frame_extractor][INFO] -     encoder         : Lavf62.12.102
[2026-06-21 14:36:31,051][src.frame_extractor][INFO] -   Stream #0:0: Video: mjpeg, yuv420p(pc, bt709, progressive), 1080x1920, q=2-31, 200 kb/s, 2 fps, 2 tbn (default)
[2026-06-21 14:36:31,051][src.frame_extractor][INFO] -     Metadata:
[2026-06-21 14:36:31,051][src.frame_extractor][INFO] -       encoder         : Lavc62.28.102 mjpeg
[2026-06-21 14:36:31,051][src.frame_extractor][INFO] -       handler_name    : Core Media Video
[2026-06-21 14:36:31,051][src.frame_extractor][INFO] -       vendor_id       : FFMP
[2026-06-21 14:36:31,051][src.frame_extractor][INFO] -     Side data:
[2026-06-21 14:36:31,051][src.frame_extractor][INFO] -       CPB properties: bitrate max/min/avg: 0/0/200000 buffer size: 0 vbv_delay: N/A
[2026-06-21 14:36:31,188][src.frame_extractor][INFO] - [out#0/image2 @ 0x600000168600] video:3120KiB audio:0KiB subtitle:0KiB other streams:0KiB global headers:0KiB muxing overhead: unknown
[2026-06-21 14:36:31,188][src.frame_extractor][INFO] - frame=    8 fps=0.0 q=5.0 Lsize=N/A time=00:00:04.00 bitrate=N/A speed=21.6x elapsed=0:00:00.18
[2026-06-21 14:36:31,191][src.frame_extractor][INFO] - Successfully extracted 8 frames
[2026-06-21 14:36:31,191][__main__][INFO] - ✓ Frame extraction completed
[2026-06-21 14:36:31,191][__main__][INFO] - ============================================================
[2026-06-21 14:36:31,191][__main__][INFO] - STEP 2: Feature Extraction
[2026-06-21 14:36:31,191][__main__][INFO] - ============================================================
[2026-06-21 14:36:31,192][src.colmap_feature_extractor][INFO] - Extracting features from images: /Users/bc/brendanchambers/2026-06-18-iphone-video-to-splat/data/intermediates/teensy/colmap_sfm_camera_model/images
[2026-06-21 14:36:31,192][src.colmap_feature_extractor][INFO] - Database: /Users/bc/brendanchambers/2026-06-18-iphone-video-to-splat/data/intermediates/teensy/colmap_sfm_camera_model/database.db
[2026-06-21 14:36:31,192][src.colmap_feature_extractor][INFO] - Running: colmap feature_extractor
[2026-06-21 14:36:31,348][src.colmap_feature_extractor][INFO] - I20260621 14:36:31.348446 0x16f49b000 feature_extraction.cc:504] === Feature extraction ===
[2026-06-21 14:36:31,365][src.colmap_feature_extractor][INFO] - I20260621 14:36:31.365011 0x16fa9f000 sift.cc:757] Creating SIFT GPU feature extractor
[2026-06-21 14:36:31,402][src.colmap_feature_extractor][INFO] - I20260621 14:36:31.402367 0x16fb2b000 feature_extraction.cc:282] Processed file [1/8]
[2026-06-21 14:36:31,402][src.colmap_feature_extractor][INFO] - I20260621 14:36:31.402380 0x16fb2b000 feature_extraction.cc:285]   Name:            frame_0001.jpg
[2026-06-21 14:36:31,402][src.colmap_feature_extractor][INFO] - W20260621 14:36:31.402386 0x16fb2b000 feature_extraction.cc:289] frame_0001.jpg IMAGE_EXISTS: Features for image were already extracted.
[2026-06-21 14:36:31,402][src.colmap_feature_extractor][INFO] - I20260621 14:36:31.402669 0x16fb2b000 feature_extraction.cc:282] Processed file [2/8]
[2026-06-21 14:36:31,402][src.colmap_feature_extractor][INFO] - I20260621 14:36:31.402674 0x16fb2b000 feature_extraction.cc:285]   Name:            frame_0002.jpg
[2026-06-21 14:36:31,402][src.colmap_feature_extractor][INFO] - W20260621 14:36:31.402676 0x16fb2b000 feature_extraction.cc:289] frame_0002.jpg IMAGE_EXISTS: Features for image were already extracted.
[2026-06-21 14:36:31,402][src.colmap_feature_extractor][INFO] - I20260621 14:36:31.402684 0x16fb2b000 feature_extraction.cc:282] Processed file [3/8]
[2026-06-21 14:36:31,402][src.colmap_feature_extractor][INFO] - I20260621 14:36:31.402686 0x16fb2b000 feature_extraction.cc:285]   Name:            frame_0003.jpg
[2026-06-21 14:36:31,402][src.colmap_feature_extractor][INFO] - W20260621 14:36:31.402688 0x16fb2b000 feature_extraction.cc:289] frame_0003.jpg IMAGE_EXISTS: Features for image were already extracted.
[2026-06-21 14:36:31,402][src.colmap_feature_extractor][INFO] - I20260621 14:36:31.402694 0x16fb2b000 feature_extraction.cc:282] Processed file [4/8]
[2026-06-21 14:36:31,402][src.colmap_feature_extractor][INFO] - I20260621 14:36:31.402696 0x16fb2b000 feature_extraction.cc:285]   Name:            frame_0004.jpg
[2026-06-21 14:36:31,402][src.colmap_feature_extractor][INFO] - W20260621 14:36:31.402697 0x16fb2b000 feature_extraction.cc:289] frame_0004.jpg IMAGE_EXISTS: Features for image were already extracted.
[2026-06-21 14:36:31,402][src.colmap_feature_extractor][INFO] - I20260621 14:36:31.402702 0x16fb2b000 feature_extraction.cc:282] Processed file [5/8]
[2026-06-21 14:36:31,402][src.colmap_feature_extractor][INFO] - I20260621 14:36:31.402704 0x16fb2b000 feature_extraction.cc:285]   Name:            frame_0005.jpg
[2026-06-21 14:36:31,402][src.colmap_feature_extractor][INFO] - W20260621 14:36:31.402705 0x16fb2b000 feature_extraction.cc:289] frame_0005.jpg IMAGE_EXISTS: Features for image were already extracted.
[2026-06-21 14:36:31,403][src.colmap_feature_extractor][INFO] - I20260621 14:36:31.402718 0x16fb2b000 feature_extraction.cc:282] Processed file [6/8]
[2026-06-21 14:36:31,403][src.colmap_feature_extractor][INFO] - I20260621 14:36:31.402720 0x16fb2b000 feature_extraction.cc:285]   Name:            frame_0006.jpg
[2026-06-21 14:36:31,403][src.colmap_feature_extractor][INFO] - W20260621 14:36:31.402722 0x16fb2b000 feature_extraction.cc:289] frame_0006.jpg IMAGE_EXISTS: Features for image were already extracted.
[2026-06-21 14:36:31,403][src.colmap_feature_extractor][INFO] - I20260621 14:36:31.402754 0x16fb2b000 feature_extraction.cc:282] Processed file [7/8]
[2026-06-21 14:36:31,403][src.colmap_feature_extractor][INFO] - I20260621 14:36:31.402759 0x16fb2b000 feature_extraction.cc:285]   Name:            frame_0007.jpg
[2026-06-21 14:36:31,403][src.colmap_feature_extractor][INFO] - W20260621 14:36:31.402761 0x16fb2b000 feature_extraction.cc:289] frame_0007.jpg IMAGE_EXISTS: Features for image were already extracted.
[2026-06-21 14:36:31,403][src.colmap_feature_extractor][INFO] - I20260621 14:36:31.402771 0x16fb2b000 feature_extraction.cc:282] Processed file [8/8]
[2026-06-21 14:36:31,403][src.colmap_feature_extractor][INFO] - I20260621 14:36:31.402772 0x16fb2b000 feature_extraction.cc:285]   Name:            frame_0008.jpg
[2026-06-21 14:36:31,403][src.colmap_feature_extractor][INFO] - W20260621 14:36:31.402774 0x16fb2b000 feature_extraction.cc:289] frame_0008.jpg IMAGE_EXISTS: Features for image were already extracted.
[2026-06-21 14:36:31,403][src.colmap_feature_extractor][INFO] - I20260621 14:36:31.402842 0x16f49b000 timer.cc:90] Elapsed time: 0.001 [minutes]
[2026-06-21 14:36:31,407][src.colmap_feature_extractor][INFO] - Feature extraction completed successfully
[2026-06-21 14:36:31,407][__main__][INFO] - ✓ Feature extraction completed
[2026-06-21 14:36:31,407][__main__][INFO] - ============================================================
[2026-06-21 14:36:31,407][__main__][INFO] - STEP 3: Feature Matching
[2026-06-21 14:36:31,407][__main__][INFO] - ============================================================
[2026-06-21 14:36:31,408][src.colmap_feature_matcher][INFO] - Matching features in database: /Users/bc/brendanchambers/2026-06-18-iphone-video-to-splat/data/intermediates/teensy/colmap_sfm_camera_model/database.db
[2026-06-21 14:36:31,408][src.colmap_feature_matcher][INFO] - Running: colmap sequential_matcher
[2026-06-21 14:36:31,561][src.colmap_feature_matcher][INFO] - I20260621 14:36:31.560936 0x16d81f000 feature_matching.cc:195] === Feature matching & geometric verification ===
[2026-06-21 14:36:31,574][src.colmap_feature_matcher][INFO] - I20260621 14:36:31.574753 0x16d8ab000 sift.cc:1559] Creating SIFT GPU feature matcher
[2026-06-21 14:36:31,597][src.colmap_feature_matcher][INFO] - I20260621 14:36:31.597666 0x16d81f000 pairing.cc:415] Generating sequential image pairs...
[2026-06-21 14:36:31,597][src.colmap_feature_matcher][INFO] - I20260621 14:36:31.597756 0x16d81f000 pairing.cc:473] Processing image [1/8]
[2026-06-21 14:36:31,597][src.colmap_feature_matcher][INFO] - I20260621 14:36:31.597777 0x16d81f000 feature_matching.cc:217] in 0.000s
[2026-06-21 14:36:31,597][src.colmap_feature_matcher][INFO] - I20260621 14:36:31.597781 0x16d81f000 pairing.cc:473] Processing image [2/8]
[2026-06-21 14:36:31,597][src.colmap_feature_matcher][INFO] - I20260621 14:36:31.597796 0x16d81f000 feature_matching.cc:217] in 0.000s
[2026-06-21 14:36:31,597][src.colmap_feature_matcher][INFO] - I20260621 14:36:31.597799 0x16d81f000 pairing.cc:473] Processing image [3/8]
[2026-06-21 14:36:31,597][src.colmap_feature_matcher][INFO] - I20260621 14:36:31.597812 0x16d81f000 feature_matching.cc:217] in 0.000s
[2026-06-21 14:36:31,597][src.colmap_feature_matcher][INFO] - I20260621 14:36:31.597814 0x16d81f000 pairing.cc:473] Processing image [4/8]
[2026-06-21 14:36:31,597][src.colmap_feature_matcher][INFO] - I20260621 14:36:31.597828 0x16d81f000 feature_matching.cc:217] in 0.000s
[2026-06-21 14:36:31,597][src.colmap_feature_matcher][INFO] - I20260621 14:36:31.597830 0x16d81f000 pairing.cc:473] Processing image [5/8]
[2026-06-21 14:36:31,597][src.colmap_feature_matcher][INFO] - I20260621 14:36:31.597839 0x16d81f000 feature_matching.cc:217] in 0.000s
[2026-06-21 14:36:31,597][src.colmap_feature_matcher][INFO] - I20260621 14:36:31.597841 0x16d81f000 pairing.cc:473] Processing image [6/8]
[2026-06-21 14:36:31,597][src.colmap_feature_matcher][INFO] - I20260621 14:36:31.597853 0x16d81f000 feature_matching.cc:217] in 0.000s
[2026-06-21 14:36:31,598][src.colmap_feature_matcher][INFO] - I20260621 14:36:31.597855 0x16d81f000 pairing.cc:473] Processing image [7/8]
[2026-06-21 14:36:31,598][src.colmap_feature_matcher][INFO] - I20260621 14:36:31.597862 0x16d81f000 feature_matching.cc:217] in 0.000s
[2026-06-21 14:36:31,598][src.colmap_feature_matcher][INFO] - I20260621 14:36:31.597864 0x16d81f000 pairing.cc:473] Processing image [8/8]
[2026-06-21 14:36:31,598][src.colmap_feature_matcher][INFO] - I20260621 14:36:31.597865 0x16d81f000 feature_matching.cc:217] in 0.000s
[2026-06-21 14:36:31,598][src.colmap_feature_matcher][INFO] - I20260621 14:36:31.597867 0x16d81f000 timer.cc:90] Elapsed time: 0.001 [minutes]
[2026-06-21 14:36:31,602][src.colmap_feature_matcher][INFO] - Feature matching completed successfully
[2026-06-21 14:36:31,602][__main__][INFO] - ✓ Feature matching completed
[2026-06-21 14:36:31,602][__main__][INFO] - ============================================================
[2026-06-21 14:36:31,602][__main__][INFO] - STEP 4: Sparse Reconstruction
[2026-06-21 14:36:31,602][__main__][INFO] - ============================================================
[2026-06-21 14:36:31,603][src.colmap_mapper][INFO] - Performing sparse reconstruction
[2026-06-21 14:36:31,603][src.colmap_mapper][INFO] - Database: /Users/bc/brendanchambers/2026-06-18-iphone-video-to-splat/data/intermediates/teensy/colmap_sfm_camera_model/database.db
[2026-06-21 14:36:31,603][src.colmap_mapper][INFO] - Images: /Users/bc/brendanchambers/2026-06-18-iphone-video-to-splat/data/intermediates/teensy/colmap_sfm_camera_model/images
[2026-06-21 14:36:31,603][src.colmap_mapper][INFO] - Output: /Users/bc/brendanchambers/2026-06-18-iphone-video-to-splat/data/intermediates/teensy/colmap_sfm_camera_model/sparse
[2026-06-21 14:36:31,603][src.colmap_mapper][INFO] - Running: colmap mapper
[2026-06-21 14:36:31,648][src.colmap_mapper][INFO] - I20260621 14:36:31.648441 0x1fde420c0 incremental_pipeline.cc:278] Loading database
[2026-06-21 14:36:31,648][src.colmap_mapper][INFO] - I20260621 14:36:31.648734 0x1fde420c0 database_cache.cc:72] Loading rigs...
[2026-06-21 14:36:31,648][src.colmap_mapper][INFO] - I20260621 14:36:31.648754 0x1fde420c0 database_cache.cc:82]  1 in 0.000s
[2026-06-21 14:36:31,648][src.colmap_mapper][INFO] - I20260621 14:36:31.648758 0x1fde420c0 database_cache.cc:90] Loading cameras...
[2026-06-21 14:36:31,648][src.colmap_mapper][INFO] - I20260621 14:36:31.648768 0x1fde420c0 database_cache.cc:108]  1 in 0.000s
[2026-06-21 14:36:31,649][src.colmap_mapper][INFO] - I20260621 14:36:31.648770 0x1fde420c0 database_cache.cc:116] Loading frames...
[2026-06-21 14:36:31,649][src.colmap_mapper][INFO] - I20260621 14:36:31.648788 0x1fde420c0 database_cache.cc:126]  8 in 0.000s
[2026-06-21 14:36:31,649][src.colmap_mapper][INFO] - I20260621 14:36:31.648790 0x1fde420c0 database_cache.cc:134] Loading matches...
[2026-06-21 14:36:31,649][src.colmap_mapper][INFO] - I20260621 14:36:31.648861 0x1fde420c0 database_cache.cc:139]  17 in 0.000s
[2026-06-21 14:36:31,649][src.colmap_mapper][INFO] - I20260621 14:36:31.648863 0x1fde420c0 database_cache.cc:147] Loading images...
[2026-06-21 14:36:31,649][src.colmap_mapper][INFO] - I20260621 14:36:31.649399 0x1fde420c0 database_cache.cc:241]  8 in 0.001s (connected 8, loaded 8)
[2026-06-21 14:36:31,649][src.colmap_mapper][INFO] - I20260621 14:36:31.649403 0x1fde420c0 database_cache.cc:255] Loading pose priors...
[2026-06-21 14:36:31,649][src.colmap_mapper][INFO] - I20260621 14:36:31.649410 0x1fde420c0 database_cache.cc:263]  0 in 0.000s
[2026-06-21 14:36:31,649][src.colmap_mapper][INFO] - I20260621 14:36:31.649411 0x1fde420c0 database_cache.cc:271] Building correspondence graph...
[2026-06-21 14:36:31,650][src.colmap_mapper][INFO] - I20260621 14:36:31.650220 0x1fde420c0 database_cache.cc:300]  in 0.001s (ignored 0)
[2026-06-21 14:36:31,650][src.colmap_mapper][INFO] - I20260621 14:36:31.650223 0x1fde420c0 timer.cc:90] Elapsed time: 0.000 [minutes]
[2026-06-21 14:36:31,650][src.colmap_mapper][INFO] - I20260621 14:36:31.650320 0x1fde420c0 incremental_pipeline.cc:390] Finding good initial image pair
[2026-06-21 14:36:31,660][src.colmap_mapper][INFO] - I20260621 14:36:31.660394 0x1fde420c0 incremental_pipeline.cc:414] Registering initial image pair #4 and #2
[2026-06-21 14:36:31,660][src.colmap_mapper][INFO] - I20260621 14:36:31.660983 0x1fde420c0 incremental_pipeline.cc:432] Global bundle adjustment
[2026-06-21 14:36:31,681][src.colmap_mapper][INFO] - I20260621 14:36:31.681627 0x1fde420c0 incremental_pipeline.cc:537] Registering image #3 (num_reg_frames=2)
[2026-06-21 14:36:31,681][src.colmap_mapper][INFO] - I20260621 14:36:31.681632 0x1fde420c0 incremental_pipeline.cc:540] => Image sees 121 / 1892 points
[2026-06-21 14:36:31,728][src.colmap_mapper][INFO] - I20260621 14:36:31.728148 0x1fde420c0 incremental_pipeline.cc:79] Retriangulation and Global bundle adjustment
[2026-06-21 14:36:31,742][src.colmap_mapper][INFO] - I20260621 14:36:31.742694 0x1fde420c0 incremental_pipeline.cc:537] Registering image #6 (num_reg_frames=3)
[2026-06-21 14:36:31,742][src.colmap_mapper][INFO] - I20260621 14:36:31.742698 0x1fde420c0 incremental_pipeline.cc:540] => Image sees 495 / 2128 points
[2026-06-21 14:36:31,797][src.colmap_mapper][INFO] - I20260621 14:36:31.797032 0x1fde420c0 incremental_pipeline.cc:79] Retriangulation and Global bundle adjustment
[2026-06-21 14:36:31,818][src.colmap_mapper][INFO] - I20260621 14:36:31.818702 0x1fde420c0 incremental_pipeline.cc:537] Registering image #5 (num_reg_frames=4)
[2026-06-21 14:36:31,818][src.colmap_mapper][INFO] - I20260621 14:36:31.818706 0x1fde420c0 incremental_pipeline.cc:540] => Image sees 1052 / 2461 points
[2026-06-21 14:36:31,865][src.colmap_mapper][INFO] - I20260621 14:36:31.865355 0x1fde420c0 incremental_pipeline.cc:79] Retriangulation and Global bundle adjustment
[2026-06-21 14:36:31,881][src.colmap_mapper][INFO] - I20260621 14:36:31.881430 0x1fde420c0 incremental_pipeline.cc:537] Registering image #1 (num_reg_frames=5)
[2026-06-21 14:36:31,881][src.colmap_mapper][INFO] - I20260621 14:36:31.881435 0x1fde420c0 incremental_pipeline.cc:540] => Image sees 536 / 1825 points
[2026-06-21 14:36:31,926][src.colmap_mapper][INFO] - I20260621 14:36:31.926221 0x1fde420c0 incremental_pipeline.cc:79] Retriangulation and Global bundle adjustment
[2026-06-21 14:36:31,953][src.colmap_mapper][INFO] - I20260621 14:36:31.953696 0x1fde420c0 incremental_pipeline.cc:537] Registering image #7 (num_reg_frames=6)
[2026-06-21 14:36:31,953][src.colmap_mapper][INFO] - I20260621 14:36:31.953704 0x1fde420c0 incremental_pipeline.cc:540] => Image sees 436 / 1676 points
[2026-06-21 14:36:31,988][src.colmap_mapper][INFO] - I20260621 14:36:31.988730 0x1fde420c0 incremental_pipeline.cc:79] Retriangulation and Global bundle adjustment
[2026-06-21 14:36:32,024][src.colmap_mapper][INFO] - I20260621 14:36:32.024212 0x1fde420c0 incremental_pipeline.cc:537] Registering image #8 (num_reg_frames=7)
[2026-06-21 14:36:32,024][src.colmap_mapper][INFO] - I20260621 14:36:32.024218 0x1fde420c0 incremental_pipeline.cc:540] => Image sees 480 / 1376 points
[2026-06-21 14:36:32,056][src.colmap_mapper][INFO] - I20260621 14:36:32.056895 0x1fde420c0 incremental_pipeline.cc:79] Retriangulation and Global bundle adjustment
[2026-06-21 14:36:32,092][src.colmap_mapper][INFO] - I20260621 14:36:32.092128 0x1fde420c0 incremental_pipeline.cc:79] Retriangulation and Global bundle adjustment
[2026-06-21 14:36:32,100][src.colmap_mapper][INFO] - I20260621 14:36:32.100833 0x1fde420c0 incremental_pipeline.cc:723] Keeping successful reconstruction
[2026-06-21 14:36:32,102][src.colmap_mapper][INFO] - I20260621 14:36:32.102660 0x1fde420c0 timer.cc:90] Elapsed time: 0.008 [minutes]
[2026-06-21 14:36:32,105][src.colmap_mapper][INFO] - Sparse reconstruction completed successfully
[2026-06-21 14:36:32,105][__main__][INFO] - ✓ Sparse reconstruction completed
[2026-06-21 14:36:32,105][__main__][INFO] - ============================================================
[2026-06-21 14:36:32,105][__main__][INFO] - STEP 5: Image Undistortion
[2026-06-21 14:36:32,105][__main__][INFO] - ============================================================
[2026-06-21 14:36:32,107][src.colmap_undistorter][INFO] - Undistorting images
[2026-06-21 14:36:32,107][src.colmap_undistorter][INFO] - Input model: /Users/bc/brendanchambers/2026-06-18-iphone-video-to-splat/data/intermediates/teensy/colmap_sfm_camera_model/sparse/0
[2026-06-21 14:36:32,107][src.colmap_undistorter][INFO] - Images: /Users/bc/brendanchambers/2026-06-18-iphone-video-to-splat/data/intermediates/teensy/colmap_sfm_camera_model/images
[2026-06-21 14:36:32,107][src.colmap_undistorter][INFO] - Output: /Users/bc/brendanchambers/2026-06-18-iphone-video-to-splat/data/intermediates/teensy/colmap_sfm_linearized
[2026-06-21 14:36:32,107][src.colmap_undistorter][INFO] - Running: colmap image_undistorter
[2026-06-21 14:36:32,152][src.colmap_undistorter][INFO] - I20260621 14:36:32.152017 0x1fde420c0 image.cc:368] === Reading reconstruction ===
[2026-06-21 14:36:32,153][src.colmap_undistorter][INFO] - I20260621 14:36:32.153934 0x1fde420c0 image.cc:371] => Reconstruction with 8 images and 2190 points
[2026-06-21 14:36:32,153][src.colmap_undistorter][INFO] - I20260621 14:36:32.153941 0x1fde420c0 undistorters.cc:166] === Image undistortion ===
[2026-06-21 14:36:32,154][src.colmap_undistorter][INFO] - I20260621 14:36:32.154107 0x1fde420c0 undistorters.cc:205] Undistorting image [1/8]
[2026-06-21 14:36:32,734][src.colmap_undistorter][INFO] - I20260621 14:36:32.734185 0x1fde420c0 undistorters.cc:205] Undistorting image [2/8]
[2026-06-21 14:36:32,734][src.colmap_undistorter][INFO] - I20260621 14:36:32.734201 0x1fde420c0 undistorters.cc:205] Undistorting image [3/8]
[2026-06-21 14:36:32,752][src.colmap_undistorter][INFO] - I20260621 14:36:32.752711 0x1fde420c0 undistorters.cc:205] Undistorting image [4/8]
[2026-06-21 14:36:32,759][src.colmap_undistorter][INFO] - I20260621 14:36:32.759901 0x1fde420c0 undistorters.cc:205] Undistorting image [5/8]
[2026-06-21 14:36:32,759][src.colmap_undistorter][INFO] - I20260621 14:36:32.759908 0x1fde420c0 undistorters.cc:205] Undistorting image [6/8]
[2026-06-21 14:36:32,759][src.colmap_undistorter][INFO] - I20260621 14:36:32.759910 0x1fde420c0 undistorters.cc:205] Undistorting image [7/8]
[2026-06-21 14:36:32,763][src.colmap_undistorter][INFO] - I20260621 14:36:32.763380 0x1fde420c0 undistorters.cc:205] Undistorting image [8/8]
[2026-06-21 14:36:32,763][src.colmap_undistorter][INFO] - I20260621 14:36:32.763384 0x1fde420c0 undistorters.cc:213] Writing reconstruction...
[2026-06-21 14:36:32,767][src.colmap_undistorter][INFO] - I20260621 14:36:32.767631 0x1fde420c0 undistorters.cc:218] Writing configuration...
[2026-06-21 14:36:32,767][src.colmap_undistorter][INFO] - I20260621 14:36:32.767719 0x1fde420c0 undistorters.cc:222] Writing scripts...
[2026-06-21 14:36:32,767][src.colmap_undistorter][INFO] - I20260621 14:36:32.767806 0x1fde420c0 timer.cc:90] Elapsed time: 0.010 [minutes]
[2026-06-21 14:36:32,771][src.colmap_undistorter][INFO] - Image undistortion completed successfully
[2026-06-21 14:36:32,771][__main__][INFO] - ✓ Image undistortion completed
[2026-06-21 14:36:32,771][__main__][INFO] - ============================================================
[2026-06-21 14:36:32,771][__main__][INFO] - STEP 6: OpenSplat Training
[2026-06-21 14:36:32,771][__main__][INFO] - ============================================================
[2026-06-21 14:36:32,773][src.opensplat_trainer][INFO] - Training 3D Gaussian Splat
[2026-06-21 14:36:32,773][src.opensplat_trainer][INFO] - Sparse model: /Users/bc/brendanchambers/2026-06-18-iphone-video-to-splat/data/intermediates/teensy/colmap_sfm_linearized/sparse
[2026-06-21 14:36:32,773][src.opensplat_trainer][INFO] - Images: /Users/bc/brendanchambers/2026-06-18-iphone-video-to-splat/data/intermediates/teensy/colmap_sfm_linearized/images
[2026-06-21 14:36:32,773][src.opensplat_trainer][INFO] - Output PLY: /Users/bc/brendanchambers/2026-06-18-iphone-video-to-splat/data/intermediates/teensy/colmap_sfm_linearized/splats/teensy_20260621_1436.ply
[2026-06-21 14:36:32,773][src.opensplat_trainer][INFO] - Loss log: /Users/bc/brendanchambers/2026-06-18-iphone-video-to-splat/data/intermediates/teensy/colmap_sfm_linearized/splats/teensy_20260621_1436.jsonl
[2026-06-21 14:36:32,773][src.opensplat_trainer][INFO] - Running: opensplat
