[2026-06-21 16:31:35,095][__main__][INFO] - 
[2026-06-21 16:31:35,095][__main__][INFO] - ╔==========================================================╗
[2026-06-21 16:31:35,095][__main__][INFO] - ║          3D Gaussian Splat Training Pipeline              ║
[2026-06-21 16:31:35,095][__main__][INFO] - ╚==========================================================╝
[2026-06-21 16:31:35,095][__main__][INFO] - Experiment: densify_sz0.0025_gr0.0001
[2026-06-21 16:31:35,095][__main__][INFO] - Project dir: /Users/bc/brendanchambers/2026-06-18-iphone-video-to-splat
[2026-06-21 16:31:35,095][__main__][INFO] - 
[2026-06-21 16:31:35,095][src.timing_recorder][INFO] - [TIMING] Starting: frame_extraction
[2026-06-21 16:31:35,096][__main__][INFO] - ============================================================
[2026-06-21 16:31:35,096][__main__][INFO] - STEP 1: Frame Extraction
[2026-06-21 16:31:35,096][__main__][INFO] - ============================================================
[2026-06-21 16:31:35,096][src.frame_extractor][INFO] - Extracting frames from: /Users/bc/brendanchambers/2026-06-18-iphone-video-to-splat/data/incoming/movies/teensy.mov
[2026-06-21 16:31:35,096][src.frame_extractor][INFO] - Output directory: /Users/bc/brendanchambers/2026-06-18-iphone-video-to-splat/data/intermediates/densify_sz0.0025_gr0.0001/colmap_sfm_camera_model/images
[2026-06-21 16:31:35,096][src.frame_extractor][INFO] - Extracting frames at 2 fps
[2026-06-21 16:31:35,096][src.frame_extractor][INFO] - Running command: ffmpeg -i /Users/bc/brendanchambers/2026-06-18-iphone-video-to-splat/data/incoming/movies/teensy.mov -vf fps=2 -q:v 5 /Users/bc/brendanchambers/2026-06-18-iphone-video-to-splat/data/intermediates/densify_sz0.0025_gr0.0001/colmap_sfm_camera_model/images/frame_%04d.jpg
[2026-06-21 16:31:35,111][src.frame_extractor][INFO] - ffmpeg version 8.1.2 Copyright (c) 2000-2026 the FFmpeg developers
[2026-06-21 16:31:35,111][src.frame_extractor][INFO] -   built with Apple clang version 17.0.0 (clang-1700.6.4.2)
[2026-06-21 16:31:35,111][src.frame_extractor][INFO] -   configuration: --prefix=/opt/homebrew/Cellar/ffmpeg/8.1.2 --enable-shared --enable-pthreads --enable-version3 --cc=clang --host-cflags= --host-ldflags= --enable-ffplay --enable-gpl --enable-libsvtav1 --enable-libopus --enable-libx264 --enable-libmp3lame --enable-libdav1d --enable-libvmaf --enable-libvpx --enable-libx265 --enable-openssl --enable-videotoolbox --enable-audiotoolbox --enable-neon
[2026-06-21 16:31:35,111][src.frame_extractor][INFO] -   libavutil      60. 26.102 / 60. 26.102
[2026-06-21 16:31:35,111][src.frame_extractor][INFO] -   libavcodec     62. 28.102 / 62. 28.102
[2026-06-21 16:31:35,111][src.frame_extractor][INFO] -   libavformat    62. 12.102 / 62. 12.102
[2026-06-21 16:31:35,111][src.frame_extractor][INFO] -   libavdevice    62.  3.102 / 62.  3.102
[2026-06-21 16:31:35,111][src.frame_extractor][INFO] -   libavfilter    11. 14.102 / 11. 14.102
[2026-06-21 16:31:35,111][src.frame_extractor][INFO] -   libswscale      9.  5.102 /  9.  5.102
[2026-06-21 16:31:35,111][src.frame_extractor][INFO] -   libswresample   6.  3.102 /  6.  3.102
[2026-06-21 16:31:35,126][src.frame_extractor][INFO] - Input #0, mov,mp4,m4a,3gp,3g2,mj2, from '/Users/bc/brendanchambers/2026-06-18-iphone-video-to-splat/data/incoming/movies/teensy.mov':
[2026-06-21 16:31:35,126][src.frame_extractor][INFO] -   Metadata:
[2026-06-21 16:31:35,126][src.frame_extractor][INFO] -     major_brand     : qt
[2026-06-21 16:31:35,126][src.frame_extractor][INFO] -     minor_version   : 512
[2026-06-21 16:31:35,126][src.frame_extractor][INFO] -     compatible_brands: qt
[2026-06-21 16:31:35,126][src.frame_extractor][INFO] -     encoder         : Lavf62.12.102
[2026-06-21 16:31:35,126][src.frame_extractor][INFO] -   Duration: 00:00:04.01, start: 0.000000, bitrate: 19786 kb/s
[2026-06-21 16:31:35,126][src.frame_extractor][INFO] -   Stream #0:0[0x1]: Video: h264 (High) (avc1 / 0x31637661), yuv420p(tv, bt709, progressive), 1080x1920, 19646 kb/s, 29.67 fps, 29.67 tbr, 11392 tbn (default)
[2026-06-21 16:31:35,126][src.frame_extractor][INFO] -     Metadata:
[2026-06-21 16:31:35,126][src.frame_extractor][INFO] -       handler_name    : Core Media Video
[2026-06-21 16:31:35,126][src.frame_extractor][INFO] -       vendor_id       : FFMP
[2026-06-21 16:31:35,126][src.frame_extractor][INFO] -       encoder         : Lavc62.28.102 libx264
[2026-06-21 16:31:35,126][src.frame_extractor][INFO] -   Stream #0:1[0x2]: Audio: aac (LC) (mp4a / 0x6134706D), 48000 Hz, stereo, fltp, 128 kb/s (default)
[2026-06-21 16:31:35,126][src.frame_extractor][INFO] -     Metadata:
[2026-06-21 16:31:35,126][src.frame_extractor][INFO] -       handler_name    : Core Media Audio
[2026-06-21 16:31:35,126][src.frame_extractor][INFO] -       vendor_id       : [0][0][0][0]
[2026-06-21 16:31:35,126][src.frame_extractor][INFO] - Stream mapping:
[2026-06-21 16:31:35,126][src.frame_extractor][INFO] -   Stream #0:0 -> #0:0 (h264 (native) -> mjpeg (native))
[2026-06-21 16:31:35,126][src.frame_extractor][INFO] - Press [q] to stop, [?] for help
[2026-06-21 16:31:35,177][src.frame_extractor][INFO] - Output #0, image2, to '/Users/bc/brendanchambers/2026-06-18-iphone-video-to-splat/data/intermediates/densify_sz0.0025_gr0.0001/colmap_sfm_camera_model/images/frame_%04d.jpg':
[2026-06-21 16:31:35,177][src.frame_extractor][INFO] -   Metadata:
[2026-06-21 16:31:35,177][src.frame_extractor][INFO] -     major_brand     : qt
[2026-06-21 16:31:35,177][src.frame_extractor][INFO] -     minor_version   : 512
[2026-06-21 16:31:35,177][src.frame_extractor][INFO] -     compatible_brands: qt
[2026-06-21 16:31:35,177][src.frame_extractor][INFO] -     encoder         : Lavf62.12.102
[2026-06-21 16:31:35,177][src.frame_extractor][INFO] -   Stream #0:0: Video: mjpeg, yuv420p(pc, bt709, progressive), 1080x1920, q=2-31, 200 kb/s, 2 fps, 2 tbn (default)
[2026-06-21 16:31:35,177][src.frame_extractor][INFO] -     Metadata:
[2026-06-21 16:31:35,177][src.frame_extractor][INFO] -       encoder         : Lavc62.28.102 mjpeg
[2026-06-21 16:31:35,178][src.frame_extractor][INFO] -       handler_name    : Core Media Video
[2026-06-21 16:31:35,178][src.frame_extractor][INFO] -       vendor_id       : FFMP
[2026-06-21 16:31:35,178][src.frame_extractor][INFO] -     Side data:
[2026-06-21 16:31:35,178][src.frame_extractor][INFO] -       CPB properties: bitrate max/min/avg: 0/0/200000 buffer size: 0 vbv_delay: N/A
[2026-06-21 16:31:35,321][src.frame_extractor][INFO] - [out#0/image2 @ 0x600003a346c0] video:3120KiB audio:0KiB subtitle:0KiB other streams:0KiB global headers:0KiB muxing overhead: unknown
[2026-06-21 16:31:35,321][src.frame_extractor][INFO] - frame=    8 fps=0.0 q=5.0 Lsize=N/A time=00:00:04.00 bitrate=N/A speed=20.5x elapsed=0:00:00.19
[2026-06-21 16:31:35,324][src.frame_extractor][INFO] - Successfully extracted 8 frames
[2026-06-21 16:31:35,324][__main__][INFO] - ✓ Frame extraction completed
[2026-06-21 16:31:35,324][src.timing_recorder][INFO] - [TIMING] ✓ Completed: frame_extraction (0.23s)
[2026-06-21 16:31:35,324][src.timing_recorder][INFO] - [TIMING] Starting: feature_extraction
[2026-06-21 16:31:35,324][__main__][INFO] - ============================================================
[2026-06-21 16:31:35,324][__main__][INFO] - STEP 2: Feature Extraction
[2026-06-21 16:31:35,324][__main__][INFO] - ============================================================
[2026-06-21 16:31:35,326][src.colmap_feature_extractor][INFO] - Extracting features from images: /Users/bc/brendanchambers/2026-06-18-iphone-video-to-splat/data/intermediates/densify_sz0.0025_gr0.0001/colmap_sfm_camera_model/images
[2026-06-21 16:31:35,326][src.colmap_feature_extractor][INFO] - Database: /Users/bc/brendanchambers/2026-06-18-iphone-video-to-splat/data/intermediates/densify_sz0.0025_gr0.0001/colmap_sfm_camera_model/database.db
[2026-06-21 16:31:35,326][src.colmap_feature_extractor][INFO] - Running: colmap feature_extractor
[2026-06-21 16:31:35,491][src.colmap_feature_extractor][INFO] - I20260621 16:31:35.491030 0x16d0db000 feature_extraction.cc:504] === Feature extraction ===
[2026-06-21 16:31:35,505][src.colmap_feature_extractor][INFO] - I20260621 16:31:35.504989 0x16d6df000 sift.cc:757] Creating SIFT GPU feature extractor
[2026-06-21 16:31:35,633][src.colmap_feature_extractor][INFO] - I20260621 16:31:35.633410 0x16d76b000 feature_extraction.cc:282] Processed file [1/8]
[2026-06-21 16:31:35,633][src.colmap_feature_extractor][INFO] - I20260621 16:31:35.633427 0x16d76b000 feature_extraction.cc:285]   Name:            frame_0001.jpg
[2026-06-21 16:31:35,633][src.colmap_feature_extractor][INFO] - I20260621 16:31:35.633444 0x16d76b000 feature_extraction.cc:294]   Dimensions:      1080 x 1920
[2026-06-21 16:31:35,634][src.colmap_feature_extractor][INFO] - I20260621 16:31:35.633450 0x16d76b000 feature_extraction.cc:297]   Camera:          #1 - RADIAL
[2026-06-21 16:31:35,634][src.colmap_feature_extractor][INFO] - I20260621 16:31:35.633453 0x16d76b000 feature_extraction.cc:300]   Focal Length:    2304.00px
[2026-06-21 16:31:35,634][src.colmap_feature_extractor][INFO] - I20260621 16:31:35.633457 0x16d76b000 feature_extraction.cc:304]   Features:        4449 (SIFT)
[2026-06-21 16:31:35,690][src.colmap_feature_extractor][INFO] - I20260621 16:31:35.690620 0x16d76b000 feature_extraction.cc:282] Processed file [2/8]
[2026-06-21 16:31:35,690][src.colmap_feature_extractor][INFO] - I20260621 16:31:35.690637 0x16d76b000 feature_extraction.cc:285]   Name:            frame_0002.jpg
[2026-06-21 16:31:35,690][src.colmap_feature_extractor][INFO] - I20260621 16:31:35.690640 0x16d76b000 feature_extraction.cc:294]   Dimensions:      1080 x 1920
[2026-06-21 16:31:35,690][src.colmap_feature_extractor][INFO] - I20260621 16:31:35.690642 0x16d76b000 feature_extraction.cc:297]   Camera:          #1 - RADIAL
[2026-06-21 16:31:35,691][src.colmap_feature_extractor][INFO] - I20260621 16:31:35.690644 0x16d76b000 feature_extraction.cc:300]   Focal Length:    2304.00px
[2026-06-21 16:31:35,691][src.colmap_feature_extractor][INFO] - I20260621 16:31:35.690648 0x16d76b000 feature_extraction.cc:304]   Features:        4766 (SIFT)
[2026-06-21 16:31:35,746][src.colmap_feature_extractor][INFO] - I20260621 16:31:35.746170 0x16d76b000 feature_extraction.cc:282] Processed file [3/8]
[2026-06-21 16:31:35,746][src.colmap_feature_extractor][INFO] - I20260621 16:31:35.746184 0x16d76b000 feature_extraction.cc:285]   Name:            frame_0003.jpg
[2026-06-21 16:31:35,746][src.colmap_feature_extractor][INFO] - I20260621 16:31:35.746186 0x16d76b000 feature_extraction.cc:294]   Dimensions:      1080 x 1920
[2026-06-21 16:31:35,746][src.colmap_feature_extractor][INFO] - I20260621 16:31:35.746188 0x16d76b000 feature_extraction.cc:297]   Camera:          #1 - RADIAL
[2026-06-21 16:31:35,746][src.colmap_feature_extractor][INFO] - I20260621 16:31:35.746190 0x16d76b000 feature_extraction.cc:300]   Focal Length:    2304.00px
[2026-06-21 16:31:35,746][src.colmap_feature_extractor][INFO] - I20260621 16:31:35.746194 0x16d76b000 feature_extraction.cc:304]   Features:        5561 (SIFT)
[2026-06-21 16:31:35,800][src.colmap_feature_extractor][INFO] - I20260621 16:31:35.800391 0x16d76b000 feature_extraction.cc:282] Processed file [4/8]
[2026-06-21 16:31:35,800][src.colmap_feature_extractor][INFO] - I20260621 16:31:35.800410 0x16d76b000 feature_extraction.cc:285]   Name:            frame_0004.jpg
[2026-06-21 16:31:35,800][src.colmap_feature_extractor][INFO] - I20260621 16:31:35.800413 0x16d76b000 feature_extraction.cc:294]   Dimensions:      1080 x 1920
[2026-06-21 16:31:35,800][src.colmap_feature_extractor][INFO] - I20260621 16:31:35.800415 0x16d76b000 feature_extraction.cc:297]   Camera:          #1 - RADIAL
[2026-06-21 16:31:35,801][src.colmap_feature_extractor][INFO] - I20260621 16:31:35.800417 0x16d76b000 feature_extraction.cc:300]   Focal Length:    2304.00px
[2026-06-21 16:31:35,801][src.colmap_feature_extractor][INFO] - I20260621 16:31:35.800419 0x16d76b000 feature_extraction.cc:304]   Features:        6351 (SIFT)
[2026-06-21 16:31:35,853][src.colmap_feature_extractor][INFO] - I20260621 16:31:35.853779 0x16d76b000 feature_extraction.cc:282] Processed file [5/8]
[2026-06-21 16:31:35,854][src.colmap_feature_extractor][INFO] - I20260621 16:31:35.853798 0x16d76b000 feature_extraction.cc:285]   Name:            frame_0005.jpg
[2026-06-21 16:31:35,854][src.colmap_feature_extractor][INFO] - I20260621 16:31:35.853802 0x16d76b000 feature_extraction.cc:294]   Dimensions:      1080 x 1920
[2026-06-21 16:31:35,854][src.colmap_feature_extractor][INFO] - I20260621 16:31:35.853804 0x16d76b000 feature_extraction.cc:297]   Camera:          #1 - RADIAL
[2026-06-21 16:31:35,854][src.colmap_feature_extractor][INFO] - I20260621 16:31:35.853806 0x16d76b000 feature_extraction.cc:300]   Focal Length:    2304.00px
[2026-06-21 16:31:35,854][src.colmap_feature_extractor][INFO] - I20260621 16:31:35.853809 0x16d76b000 feature_extraction.cc:304]   Features:        4609 (SIFT)
[2026-06-21 16:31:35,915][src.colmap_feature_extractor][INFO] - I20260621 16:31:35.915116 0x16d76b000 feature_extraction.cc:282] Processed file [6/8]
[2026-06-21 16:31:35,915][src.colmap_feature_extractor][INFO] - I20260621 16:31:35.915133 0x16d76b000 feature_extraction.cc:285]   Name:            frame_0006.jpg
[2026-06-21 16:31:35,915][src.colmap_feature_extractor][INFO] - I20260621 16:31:35.915136 0x16d76b000 feature_extraction.cc:294]   Dimensions:      1080 x 1920
[2026-06-21 16:31:35,915][src.colmap_feature_extractor][INFO] - I20260621 16:31:35.915138 0x16d76b000 feature_extraction.cc:297]   Camera:          #1 - RADIAL
[2026-06-21 16:31:35,915][src.colmap_feature_extractor][INFO] - I20260621 16:31:35.915140 0x16d76b000 feature_extraction.cc:300]   Focal Length:    2304.00px
[2026-06-21 16:31:35,915][src.colmap_feature_extractor][INFO] - I20260621 16:31:35.915142 0x16d76b000 feature_extraction.cc:304]   Features:        4916 (SIFT)
[2026-06-21 16:31:35,971][src.colmap_feature_extractor][INFO] - I20260621 16:31:35.971618 0x16d76b000 feature_extraction.cc:282] Processed file [7/8]
[2026-06-21 16:31:35,971][src.colmap_feature_extractor][INFO] - I20260621 16:31:35.971637 0x16d76b000 feature_extraction.cc:285]   Name:            frame_0007.jpg
[2026-06-21 16:31:35,971][src.colmap_feature_extractor][INFO] - I20260621 16:31:35.971640 0x16d76b000 feature_extraction.cc:294]   Dimensions:      1080 x 1920
[2026-06-21 16:31:35,971][src.colmap_feature_extractor][INFO] - I20260621 16:31:35.971665 0x16d76b000 feature_extraction.cc:297]   Camera:          #1 - RADIAL
[2026-06-21 16:31:35,971][src.colmap_feature_extractor][INFO] - I20260621 16:31:35.971695 0x16d76b000 feature_extraction.cc:300]   Focal Length:    2304.00px
[2026-06-21 16:31:35,971][src.colmap_feature_extractor][INFO] - I20260621 16:31:35.971709 0x16d76b000 feature_extraction.cc:304]   Features:        4134 (SIFT)
[2026-06-21 16:31:36,029][src.colmap_feature_extractor][INFO] - I20260621 16:31:36.029810 0x16d76b000 feature_extraction.cc:282] Processed file [8/8]
[2026-06-21 16:31:36,029][src.colmap_feature_extractor][INFO] - I20260621 16:31:36.029856 0x16d76b000 feature_extraction.cc:285]   Name:            frame_0008.jpg
[2026-06-21 16:31:36,030][src.colmap_feature_extractor][INFO] - I20260621 16:31:36.029859 0x16d76b000 feature_extraction.cc:294]   Dimensions:      1080 x 1920
[2026-06-21 16:31:36,030][src.colmap_feature_extractor][INFO] - I20260621 16:31:36.029864 0x16d76b000 feature_extraction.cc:297]   Camera:          #1 - RADIAL
[2026-06-21 16:31:36,030][src.colmap_feature_extractor][INFO] - I20260621 16:31:36.029866 0x16d76b000 feature_extraction.cc:300]   Focal Length:    2304.00px
[2026-06-21 16:31:36,030][src.colmap_feature_extractor][INFO] - I20260621 16:31:36.029870 0x16d76b000 feature_extraction.cc:304]   Features:        6773 (SIFT)
[2026-06-21 16:31:36,034][src.colmap_feature_extractor][INFO] - I20260621 16:31:36.034385 0x16d0db000 timer.cc:90] Elapsed time: 0.009 [minutes]
[2026-06-21 16:31:36,048][src.colmap_feature_extractor][INFO] - Feature extraction completed successfully
[2026-06-21 16:31:36,049][__main__][INFO] - ✓ Feature extraction completed
[2026-06-21 16:31:36,049][src.timing_recorder][INFO] - [TIMING] ✓ Completed: feature_extraction (0.72s)
[2026-06-21 16:31:36,049][src.timing_recorder][INFO] - [TIMING] Starting: feature_matching
[2026-06-21 16:31:36,049][__main__][INFO] - ============================================================
[2026-06-21 16:31:36,049][__main__][INFO] - STEP 3: Feature Matching
[2026-06-21 16:31:36,049][__main__][INFO] - ============================================================
[2026-06-21 16:31:36,050][src.colmap_feature_matcher][INFO] - Matching features in database: /Users/bc/brendanchambers/2026-06-18-iphone-video-to-splat/data/intermediates/densify_sz0.0025_gr0.0001/colmap_sfm_camera_model/database.db
[2026-06-21 16:31:36,050][src.colmap_feature_matcher][INFO] - Running: colmap sequential_matcher
[2026-06-21 16:31:36,217][src.colmap_feature_matcher][INFO] - I20260621 16:31:36.216672 0x16fee3000 feature_matching.cc:195] === Feature matching & geometric verification ===
[2026-06-21 16:31:36,235][src.colmap_feature_matcher][INFO] - I20260621 16:31:36.235899 0x16ff6f000 sift.cc:1559] Creating SIFT GPU feature matcher
[2026-06-21 16:31:36,259][src.colmap_feature_matcher][INFO] - I20260621 16:31:36.259797 0x16fee3000 pairing.cc:415] Generating sequential image pairs...
[2026-06-21 16:31:36,259][src.colmap_feature_matcher][INFO] - I20260621 16:31:36.259872 0x16fee3000 pairing.cc:473] Processing image [1/8]
[2026-06-21 16:31:36,321][src.colmap_feature_matcher][INFO] - I20260621 16:31:36.321213 0x16fee3000 feature_matching.cc:217] in 0.061s
[2026-06-21 16:31:36,321][src.colmap_feature_matcher][INFO] - I20260621 16:31:36.321227 0x16fee3000 pairing.cc:473] Processing image [2/8]
[2026-06-21 16:31:36,380][src.colmap_feature_matcher][INFO] - I20260621 16:31:36.380547 0x16fee3000 feature_matching.cc:217] in 0.059s
[2026-06-21 16:31:36,380][src.colmap_feature_matcher][INFO] - I20260621 16:31:36.380553 0x16fee3000 pairing.cc:473] Processing image [3/8]
[2026-06-21 16:31:36,444][src.colmap_feature_matcher][INFO] - I20260621 16:31:36.444133 0x16fee3000 feature_matching.cc:217] in 0.064s
[2026-06-21 16:31:36,444][src.colmap_feature_matcher][INFO] - I20260621 16:31:36.444140 0x16fee3000 pairing.cc:473] Processing image [4/8]
[2026-06-21 16:31:36,518][src.colmap_feature_matcher][INFO] - I20260621 16:31:36.518823 0x16fee3000 feature_matching.cc:217] in 0.075s
[2026-06-21 16:31:36,518][src.colmap_feature_matcher][INFO] - I20260621 16:31:36.518827 0x16fee3000 pairing.cc:473] Processing image [5/8]
[2026-06-21 16:31:36,550][src.colmap_feature_matcher][INFO] - I20260621 16:31:36.550279 0x16fee3000 feature_matching.cc:217] in 0.031s
[2026-06-21 16:31:36,550][src.colmap_feature_matcher][INFO] - I20260621 16:31:36.550282 0x16fee3000 pairing.cc:473] Processing image [6/8]
[2026-06-21 16:31:36,590][src.colmap_feature_matcher][INFO] - I20260621 16:31:36.590568 0x16fee3000 feature_matching.cc:217] in 0.040s
[2026-06-21 16:31:36,590][src.colmap_feature_matcher][INFO] - I20260621 16:31:36.590571 0x16fee3000 pairing.cc:473] Processing image [7/8]
[2026-06-21 16:31:36,613][src.colmap_feature_matcher][INFO] - I20260621 16:31:36.613169 0x16fee3000 feature_matching.cc:217] in 0.023s
[2026-06-21 16:31:36,613][src.colmap_feature_matcher][INFO] - I20260621 16:31:36.613172 0x16fee3000 pairing.cc:473] Processing image [8/8]
[2026-06-21 16:31:36,613][src.colmap_feature_matcher][INFO] - I20260621 16:31:36.613173 0x16fee3000 feature_matching.cc:217] in 0.000s
[2026-06-21 16:31:36,613][src.colmap_feature_matcher][INFO] - I20260621 16:31:36.613176 0x16fee3000 timer.cc:90] Elapsed time: 0.007 [minutes]
[2026-06-21 16:31:36,643][src.colmap_feature_matcher][INFO] - Feature matching completed successfully
[2026-06-21 16:31:36,643][__main__][INFO] - ✓ Feature matching completed
[2026-06-21 16:31:36,644][src.timing_recorder][INFO] - [TIMING] ✓ Completed: feature_matching (0.59s)
[2026-06-21 16:31:36,644][src.timing_recorder][INFO] - [TIMING] Starting: sparse_reconstruction
[2026-06-21 16:31:36,644][__main__][INFO] - ============================================================
[2026-06-21 16:31:36,644][__main__][INFO] - STEP 4: Sparse Reconstruction
[2026-06-21 16:31:36,644][__main__][INFO] - ============================================================
[2026-06-21 16:31:36,646][src.colmap_mapper][INFO] - Performing sparse reconstruction
[2026-06-21 16:31:36,646][src.colmap_mapper][INFO] - Database: /Users/bc/brendanchambers/2026-06-18-iphone-video-to-splat/data/intermediates/densify_sz0.0025_gr0.0001/colmap_sfm_camera_model/database.db
[2026-06-21 16:31:36,646][src.colmap_mapper][INFO] - Images: /Users/bc/brendanchambers/2026-06-18-iphone-video-to-splat/data/intermediates/densify_sz0.0025_gr0.0001/colmap_sfm_camera_model/images
[2026-06-21 16:31:36,646][src.colmap_mapper][INFO] - Output: /Users/bc/brendanchambers/2026-06-18-iphone-video-to-splat/data/intermediates/densify_sz0.0025_gr0.0001/colmap_sfm_camera_model/sparse
[2026-06-21 16:31:36,646][src.colmap_mapper][INFO] - Running: colmap mapper
[2026-06-21 16:31:36,697][src.colmap_mapper][INFO] - I20260621 16:31:36.697568 0x1fde420c0 incremental_pipeline.cc:278] Loading database
[2026-06-21 16:31:36,698][src.colmap_mapper][INFO] - I20260621 16:31:36.697864 0x1fde420c0 database_cache.cc:72] Loading rigs...
[2026-06-21 16:31:36,698][src.colmap_mapper][INFO] - I20260621 16:31:36.697885 0x1fde420c0 database_cache.cc:82]  1 in 0.000s
[2026-06-21 16:31:36,698][src.colmap_mapper][INFO] - I20260621 16:31:36.697888 0x1fde420c0 database_cache.cc:90] Loading cameras...
[2026-06-21 16:31:36,698][src.colmap_mapper][INFO] - I20260621 16:31:36.697897 0x1fde420c0 database_cache.cc:108]  1 in 0.000s
[2026-06-21 16:31:36,698][src.colmap_mapper][INFO] - I20260621 16:31:36.697899 0x1fde420c0 database_cache.cc:116] Loading frames...
[2026-06-21 16:31:36,698][src.colmap_mapper][INFO] - I20260621 16:31:36.697916 0x1fde420c0 database_cache.cc:126]  8 in 0.000s
[2026-06-21 16:31:36,698][src.colmap_mapper][INFO] - I20260621 16:31:36.697919 0x1fde420c0 database_cache.cc:134] Loading matches...
[2026-06-21 16:31:36,698][src.colmap_mapper][INFO] - I20260621 16:31:36.697983 0x1fde420c0 database_cache.cc:139]  17 in 0.000s
[2026-06-21 16:31:36,698][src.colmap_mapper][INFO] - I20260621 16:31:36.697985 0x1fde420c0 database_cache.cc:147] Loading images...
[2026-06-21 16:31:36,698][src.colmap_mapper][INFO] - I20260621 16:31:36.698530 0x1fde420c0 database_cache.cc:241]  8 in 0.001s (connected 8, loaded 8)
[2026-06-21 16:31:36,698][src.colmap_mapper][INFO] - I20260621 16:31:36.698534 0x1fde420c0 database_cache.cc:255] Loading pose priors...
[2026-06-21 16:31:36,698][src.colmap_mapper][INFO] - I20260621 16:31:36.698540 0x1fde420c0 database_cache.cc:263]  0 in 0.000s
[2026-06-21 16:31:36,698][src.colmap_mapper][INFO] - I20260621 16:31:36.698542 0x1fde420c0 database_cache.cc:271] Building correspondence graph...
[2026-06-21 16:31:36,699][src.colmap_mapper][INFO] - I20260621 16:31:36.699327 0x1fde420c0 database_cache.cc:300]  in 0.001s (ignored 0)
[2026-06-21 16:31:36,699][src.colmap_mapper][INFO] - I20260621 16:31:36.699330 0x1fde420c0 timer.cc:90] Elapsed time: 0.000 [minutes]
[2026-06-21 16:31:36,699][src.colmap_mapper][INFO] - I20260621 16:31:36.699420 0x1fde420c0 incremental_pipeline.cc:390] Finding good initial image pair
[2026-06-21 16:31:36,709][src.colmap_mapper][INFO] - I20260621 16:31:36.709194 0x1fde420c0 incremental_pipeline.cc:414] Registering initial image pair #4 and #2
[2026-06-21 16:31:36,709][src.colmap_mapper][INFO] - I20260621 16:31:36.709788 0x1fde420c0 incremental_pipeline.cc:432] Global bundle adjustment
[2026-06-21 16:31:36,733][src.colmap_mapper][INFO] - I20260621 16:31:36.733359 0x1fde420c0 incremental_pipeline.cc:537] Registering image #3 (num_reg_frames=2)
[2026-06-21 16:31:36,733][src.colmap_mapper][INFO] - I20260621 16:31:36.733368 0x1fde420c0 incremental_pipeline.cc:540] => Image sees 168 / 1892 points
[2026-06-21 16:31:36,781][src.colmap_mapper][INFO] - I20260621 16:31:36.781794 0x1fde420c0 incremental_pipeline.cc:79] Retriangulation and Global bundle adjustment
[2026-06-21 16:31:36,801][src.colmap_mapper][INFO] - I20260621 16:31:36.801007 0x1fde420c0 incremental_pipeline.cc:537] Registering image #6 (num_reg_frames=3)
[2026-06-21 16:31:36,801][src.colmap_mapper][INFO] - I20260621 16:31:36.801017 0x1fde420c0 incremental_pipeline.cc:540] => Image sees 499 / 2128 points
[2026-06-21 16:31:36,858][src.colmap_mapper][INFO] - I20260621 16:31:36.858240 0x1fde420c0 incremental_pipeline.cc:79] Retriangulation and Global bundle adjustment
[2026-06-21 16:31:36,881][src.colmap_mapper][INFO] - I20260621 16:31:36.881115 0x1fde420c0 incremental_pipeline.cc:537] Registering image #5 (num_reg_frames=4)
[2026-06-21 16:31:36,881][src.colmap_mapper][INFO] - I20260621 16:31:36.881126 0x1fde420c0 incremental_pipeline.cc:540] => Image sees 1052 / 2461 points
[2026-06-21 16:31:36,929][src.colmap_mapper][INFO] - I20260621 16:31:36.929424 0x1fde420c0 incremental_pipeline.cc:79] Retriangulation and Global bundle adjustment
[2026-06-21 16:31:36,946][src.colmap_mapper][INFO] - I20260621 16:31:36.946186 0x1fde420c0 incremental_pipeline.cc:537] Registering image #1 (num_reg_frames=5)
[2026-06-21 16:31:36,946][src.colmap_mapper][INFO] - I20260621 16:31:36.946191 0x1fde420c0 incremental_pipeline.cc:540] => Image sees 536 / 1825 points
[2026-06-21 16:31:36,998][src.colmap_mapper][INFO] - I20260621 16:31:36.998291 0x1fde420c0 incremental_pipeline.cc:79] Retriangulation and Global bundle adjustment
[2026-06-21 16:31:37,023][src.colmap_mapper][INFO] - I20260621 16:31:37.023819 0x1fde420c0 incremental_pipeline.cc:537] Registering image #7 (num_reg_frames=6)
[2026-06-21 16:31:37,023][src.colmap_mapper][INFO] - I20260621 16:31:37.023823 0x1fde420c0 incremental_pipeline.cc:540] => Image sees 436 / 1676 points
[2026-06-21 16:31:37,059][src.colmap_mapper][INFO] - I20260621 16:31:37.059703 0x1fde420c0 incremental_pipeline.cc:79] Retriangulation and Global bundle adjustment
[2026-06-21 16:31:37,096][src.colmap_mapper][INFO] - I20260621 16:31:37.096231 0x1fde420c0 incremental_pipeline.cc:537] Registering image #8 (num_reg_frames=7)
[2026-06-21 16:31:37,096][src.colmap_mapper][INFO] - I20260621 16:31:37.096236 0x1fde420c0 incremental_pipeline.cc:540] => Image sees 481 / 1376 points
[2026-06-21 16:31:37,130][src.colmap_mapper][INFO] - I20260621 16:31:37.129991 0x1fde420c0 incremental_pipeline.cc:79] Retriangulation and Global bundle adjustment
[2026-06-21 16:31:37,169][src.colmap_mapper][INFO] - I20260621 16:31:37.169234 0x1fde420c0 incremental_pipeline.cc:79] Retriangulation and Global bundle adjustment
[2026-06-21 16:31:37,178][src.colmap_mapper][INFO] - I20260621 16:31:37.177994 0x1fde420c0 incremental_pipeline.cc:723] Keeping successful reconstruction
[2026-06-21 16:31:37,180][src.colmap_mapper][INFO] - I20260621 16:31:37.180403 0x1fde420c0 timer.cc:90] Elapsed time: 0.008 [minutes]
[2026-06-21 16:31:37,183][src.colmap_mapper][INFO] - Sparse reconstruction completed successfully
[2026-06-21 16:31:37,183][__main__][INFO] - ✓ Sparse reconstruction completed
[2026-06-21 16:31:37,183][src.timing_recorder][INFO] - [TIMING] ✓ Completed: sparse_reconstruction (0.54s)
[2026-06-21 16:31:37,183][src.timing_recorder][INFO] - [TIMING] Starting: undistortion
[2026-06-21 16:31:37,183][__main__][INFO] - ============================================================
[2026-06-21 16:31:37,183][__main__][INFO] - STEP 5: Image Undistortion
[2026-06-21 16:31:37,183][__main__][INFO] - ============================================================
[2026-06-21 16:31:37,185][src.colmap_undistorter][INFO] - Undistorting images
[2026-06-21 16:31:37,185][src.colmap_undistorter][INFO] - Input model: /Users/bc/brendanchambers/2026-06-18-iphone-video-to-splat/data/intermediates/densify_sz0.0025_gr0.0001/colmap_sfm_camera_model/sparse/0
[2026-06-21 16:31:37,185][src.colmap_undistorter][INFO] - Images: /Users/bc/brendanchambers/2026-06-18-iphone-video-to-splat/data/intermediates/densify_sz0.0025_gr0.0001/colmap_sfm_camera_model/images
[2026-06-21 16:31:37,185][src.colmap_undistorter][INFO] - Output: /Users/bc/brendanchambers/2026-06-18-iphone-video-to-splat/data/intermediates/densify_sz0.0025_gr0.0001/colmap_sfm_linearized
[2026-06-21 16:31:37,185][src.colmap_undistorter][INFO] - Running: colmap image_undistorter
[2026-06-21 16:31:37,233][src.colmap_undistorter][INFO] - I20260621 16:31:37.232997 0x1fde420c0 image.cc:368] === Reading reconstruction ===
[2026-06-21 16:31:37,234][src.colmap_undistorter][INFO] - I20260621 16:31:37.234956 0x1fde420c0 image.cc:371] => Reconstruction with 8 images and 2190 points
[2026-06-21 16:31:37,235][src.colmap_undistorter][INFO] - I20260621 16:31:37.234965 0x1fde420c0 undistorters.cc:166] === Image undistortion ===
[2026-06-21 16:31:37,235][src.colmap_undistorter][INFO] - I20260621 16:31:37.235226 0x1fde420c0 undistorters.cc:205] Undistorting image [1/8]
[2026-06-21 16:31:37,827][src.colmap_undistorter][INFO] - I20260621 16:31:37.826995 0x1fde420c0 undistorters.cc:205] Undistorting image [2/8]
[2026-06-21 16:31:37,838][src.colmap_undistorter][INFO] - I20260621 16:31:37.838653 0x1fde420c0 undistorters.cc:205] Undistorting image [3/8]
[2026-06-21 16:31:37,838][src.colmap_undistorter][INFO] - I20260621 16:31:37.838660 0x1fde420c0 undistorters.cc:205] Undistorting image [4/8]
[2026-06-21 16:31:37,846][src.colmap_undistorter][INFO] - I20260621 16:31:37.846890 0x1fde420c0 undistorters.cc:205] Undistorting image [5/8]
[2026-06-21 16:31:37,846][src.colmap_undistorter][INFO] - I20260621 16:31:37.846896 0x1fde420c0 undistorters.cc:205] Undistorting image [6/8]
[2026-06-21 16:31:37,846][src.colmap_undistorter][INFO] - I20260621 16:31:37.846898 0x1fde420c0 undistorters.cc:205] Undistorting image [7/8]
[2026-06-21 16:31:37,847][src.colmap_undistorter][INFO] - I20260621 16:31:37.846899 0x1fde420c0 undistorters.cc:205] Undistorting image [8/8]
[2026-06-21 16:31:37,847][src.colmap_undistorter][INFO] - I20260621 16:31:37.846900 0x1fde420c0 undistorters.cc:213] Writing reconstruction...
[2026-06-21 16:31:37,851][src.colmap_undistorter][INFO] - I20260621 16:31:37.851341 0x1fde420c0 undistorters.cc:218] Writing configuration...
[2026-06-21 16:31:37,851][src.colmap_undistorter][INFO] - I20260621 16:31:37.851442 0x1fde420c0 undistorters.cc:222] Writing scripts...
[2026-06-21 16:31:37,851][src.colmap_undistorter][INFO] - I20260621 16:31:37.851538 0x1fde420c0 timer.cc:90] Elapsed time: 0.010 [minutes]
[2026-06-21 16:31:37,855][src.colmap_undistorter][INFO] - Image undistortion completed successfully
[2026-06-21 16:31:37,855][__main__][INFO] - ✓ Image undistortion completed
[2026-06-21 16:31:37,855][src.timing_recorder][INFO] - [TIMING] ✓ Completed: undistortion (0.67s)
[2026-06-21 16:31:37,855][src.timing_recorder][INFO] - [TIMING] Starting: splat_training
[2026-06-21 16:31:37,855][__main__][INFO] - ============================================================
[2026-06-21 16:31:37,855][__main__][INFO] - STEP 6: OpenSplat Training
[2026-06-21 16:31:37,855][__main__][INFO] - ============================================================
[2026-06-21 16:31:37,857][src.opensplat_trainer][INFO] - Training 3D Gaussian Splat
[2026-06-21 16:31:37,857][src.opensplat_trainer][INFO] - Sparse model: /Users/bc/brendanchambers/2026-06-18-iphone-video-to-splat/data/intermediates/densify_sz0.0025_gr0.0001/colmap_sfm_linearized/sparse
[2026-06-21 16:31:37,857][src.opensplat_trainer][INFO] - Images: /Users/bc/brendanchambers/2026-06-18-iphone-video-to-splat/data/intermediates/densify_sz0.0025_gr0.0001/colmap_sfm_linearized/images
[2026-06-21 16:31:37,857][src.opensplat_trainer][INFO] - Output PLY: /Users/bc/brendanchambers/2026-06-18-iphone-video-to-splat/data/intermediates/densify_sz0.0025_gr0.0001/colmap_sfm_linearized/splats/densify_sz0.0025_gr0.0001_20260621_1631.ply
[2026-06-21 16:31:37,857][src.opensplat_trainer][INFO] - Training loss log: /Users/bc/brendanchambers/2026-06-18-iphone-video-to-splat/data/intermediates/densify_sz0.0025_gr0.0001/colmap_sfm_linearized/splats/train_20260621_1631.jsonl
[2026-06-21 16:31:37,857][src.opensplat_trainer][INFO] - Validation loss log: /Users/bc/brendanchambers/2026-06-18-iphone-video-to-splat/data/intermediates/densify_sz0.0025_gr0.0001/colmap_sfm_linearized/splats/val_20260621_1631.jsonl
[2026-06-21 16:31:37,857][src.opensplat_trainer][INFO] - Running: opensplat
[2026-06-21 16:31:37,995][src.opensplat_trainer][INFO] - Using MPS
[2026-06-21 16:31:37,997][src.opensplat_trainer][INFO] - Reading 2190 points
[2026-06-21 16:31:37,997][src.opensplat_trainer][INFO] - Loading /Users/bc/brendanchambers/2026-06-18-iphone-video-to-splat/data/intermediates/densify_sz0.0025_gr0.0001/colmap_sfm_linearized/images/frame_0001.jpg
[2026-06-21 16:31:37,997][src.opensplat_trainer][INFO] - Loading /Users/bc/brendanchambers/2026-06-18-iphone-video-to-splat/data/intermediates/densify_sz0.0025_gr0.0001/colmap_sfm_linearized/images/frame_0002.jpg
[2026-06-21 16:31:37,997][src.opensplat_trainer][INFO] - Loading /Users/bc/brendanchambers/2026-06-18-iphone-video-to-splat/data/intermediates/densify_sz0.0025_gr0.0001/colmap_sfm_linearized/images/frame_0003.jpg
[2026-06-21 16:31:37,997][src.opensplat_trainer][INFO] - Loading /Users/bc/brendanchambers/2026-06-18-iphone-video-to-splat/data/intermediates/densify_sz0.0025_gr0.0001/colmap_sfm_linearized/images/frame_0006.jpg
[2026-06-21 16:31:37,997][src.opensplat_trainer][INFO] - Loading /Users/bc/brendanchambers/2026-06-18-iphone-video-to-splat/data/intermediates/densify_sz0.0025_gr0.0001/colmap_sfm_linearized/images/frame_0005.jpg
[2026-06-21 16:31:37,997][src.opensplat_trainer][INFO] - Loading /Users/bc/brendanchambers/2026-06-18-iphone-video-to-splat/data/intermediates/densify_sz0.0025_gr0.0001/colmap_sfm_linearized/images/frame_0008.jpg
[2026-06-21 16:31:37,997][src.opensplat_trainer][INFO] - Loading /Users/bc/brendanchambers/2026-06-18-iphone-video-to-splat/data/intermediates/densify_sz0.0025_gr0.0001/colmap_sfm_linearized/images/frame_0007.jpg
[2026-06-21 16:31:37,997][src.opensplat_trainer][INFO] - Loading /Users/bc/brendanchambers/2026-06-18-iphone-video-to-splat/data/intermediates/densify_sz0.0025_gr0.0001/colmap_sfm_linearized/images/frame_0004.jpg
[2026-06-21 16:31:38,383][src.opensplat_trainer][INFO] - init_gsplat_metal_context: loading '/Users/bc/brendanchambers/2026-06-18-iphone-video-to-splat/opensplat/build/default.metallib'
[2026-06-21 16:31:38,383][src.opensplat_trainer][INFO] - init_gsplat_metal_context: loaded '/Users/bc/brendanchambers/2026-06-18-iphone-video-to-splat/opensplat/build/default.metallib', functions: compute_cov2d_bounds_kernel, project_gaussians_backward_kernel, get_tile_bin_edges_kernel, rasterize_backward_kernel, map_gaussian_to_intersects_kernel, nd_rasterize_backward_kernel, project_gaussians_forward_kernel, compute_sh_backward_kernel, compute_sh_forward_kernel, nd_rasterize_forward_kernel
[2026-06-21 16:31:38,383][src.opensplat_trainer][INFO] - init_gsplat_metal_context: load function nd_rasterize_backward_kernel with label: (null)
[2026-06-21 16:31:38,383][src.opensplat_trainer][INFO] - init_gsplat_metal_context: load function nd_rasterize_forward_kernel with label: (null)
[2026-06-21 16:31:38,383][src.opensplat_trainer][INFO] - init_gsplat_metal_context: load function rasterize_backward_kernel with label: (null)
[2026-06-21 16:31:38,383][src.opensplat_trainer][INFO] - init_gsplat_metal_context: load function project_gaussians_forward_kernel with label: (null)
[2026-06-21 16:31:38,383][src.opensplat_trainer][INFO] - init_gsplat_metal_context: load function project_gaussians_backward_kernel with label: (null)
[2026-06-21 16:31:38,383][src.opensplat_trainer][INFO] - init_gsplat_metal_context: load function compute_sh_forward_kernel with label: (null)
[2026-06-21 16:31:38,383][src.opensplat_trainer][INFO] - init_gsplat_metal_context: load function compute_sh_backward_kernel with label: (null)
[2026-06-21 16:31:38,383][src.opensplat_trainer][INFO] - init_gsplat_metal_context: load function compute_cov2d_bounds_kernel with label: (null)
[2026-06-21 16:31:38,383][src.opensplat_trainer][INFO] - init_gsplat_metal_context: load function map_gaussian_to_intersects_kernel with label: (null)
[2026-06-21 16:31:38,383][src.opensplat_trainer][INFO] - init_gsplat_metal_context: load function get_tile_bin_edges_kernel with label: (null)
[2026-06-21 16:31:38,383][src.opensplat_trainer][INFO] - Step 10: 0.335643 (20%)
[2026-06-21 16:31:38,599][src.opensplat_trainer][INFO] - Step 20: 0.316053 (40%)
[2026-06-21 16:31:38,794][src.opensplat_trainer][INFO] - Step 30: 0.28368 (60%)
[2026-06-21 16:31:38,986][src.opensplat_trainer][INFO] - Step 40: 0.301104 (80%)
[2026-06-21 16:31:39,196][src.opensplat_trainer][INFO] - Step 50: 0.302611 (100%)
[2026-06-21 16:31:39,211][src.opensplat_trainer][INFO] - Wrote /Users/bc/brendanchambers/2026-06-18-iphone-video-to-splat/data/intermediates/densify_sz0.0025_gr0.0001/colmap_sfm_linearized/splats/cameras.json
[2026-06-21 16:31:39,219][src.opensplat_trainer][INFO] - Wrote /Users/bc/brendanchambers/2026-06-18-iphone-video-to-splat/data/intermediates/densify_sz0.0025_gr0.0001/colmap_sfm_linearized/splats/densify_sz0.0025_gr0.0001_20260621_1631.ply
[2026-06-21 16:31:39,232][src.opensplat_trainer][INFO] - /Users/bc/brendanchambers/2026-06-18-iphone-video-to-splat/data/intermediates/densify_sz0.0025_gr0.0001/colmap_sfm_linearized/images/frame_0001.jpg validation loss: 0.344775
[2026-06-21 16:31:39,284][src.opensplat_trainer][INFO] - Parsed 5 training loss values to /Users/bc/brendanchambers/2026-06-18-iphone-video-to-splat/data/intermediates/densify_sz0.0025_gr0.0001/colmap_sfm_linearized/splats/train_20260621_1631.jsonl
[2026-06-21 16:31:39,284][src.opensplat_trainer][INFO] - Captured validation loss: 0.344775 to /Users/bc/brendanchambers/2026-06-18-iphone-video-to-splat/data/intermediates/densify_sz0.0025_gr0.0001/colmap_sfm_linearized/splats/val_20260621_1631.jsonl
[2026-06-21 16:31:39,284][src.opensplat_trainer][INFO] - Training completed successfully
[2026-06-21 16:31:39,284][src.opensplat_trainer][INFO] - Output saved to: /Users/bc/brendanchambers/2026-06-18-iphone-video-to-splat/data/intermediates/densify_sz0.0025_gr0.0001/colmap_sfm_linearized/splats/densify_sz0.0025_gr0.0001_20260621_1631.ply
[2026-06-21 16:31:39,284][__main__][INFO] - ✓ Splat training completed
[2026-06-21 16:31:39,284][__main__][INFO] - ============================================================
[2026-06-21 16:31:39,284][__main__][INFO] - Analyzing Training Loss
[2026-06-21 16:31:39,284][__main__][INFO] - ============================================================
[2026-06-21 16:31:39,542][src.timing_recorder][INFO] - [TIMING] ✓ Completed: splat_training (1.69s)
[2026-06-21 16:31:39,542][__main__][INFO] - 
[2026-06-21 16:31:39,542][__main__][INFO] - ╔==========================================================╗
[2026-06-21 16:31:39,542][__main__][INFO] - ║                    Pipeline Complete!                    ║
[2026-06-21 16:31:39,542][__main__][INFO] - ╚==========================================================╝
[2026-06-21 16:31:39,543][__main__][INFO] - Output directory: /Users/bc/brendanchambers/2026-06-18-iphone-video-to-splat/data/intermediates/densify_sz0.0025_gr0.0001/colmap_sfm_linearized/splats
[2026-06-21 16:31:39,543][__main__][INFO] -   - PLY file: *.ply (3D Gaussian Splat)
[2026-06-21 16:31:39,543][__main__][INFO] -   - Loss log: *.jsonl (Training loss per step)
[2026-06-21 16:31:39,543][__main__][INFO] -   - Timing log: running-time_*.jsonl (Step execution times)
[2026-06-21 16:31:39,543][src.timing_recorder][INFO] - 
[2026-06-21 16:31:39,543][src.timing_recorder][INFO] - ======================================================================
[2026-06-21 16:31:39,543][src.timing_recorder][INFO] - PIPELINE EXECUTION TIMING SUMMARY
[2026-06-21 16:31:39,543][src.timing_recorder][INFO] - ======================================================================
[2026-06-21 16:31:39,543][src.timing_recorder][INFO] - ✓ frame_extraction              0.23s  (  5.1%)
[2026-06-21 16:31:39,543][src.timing_recorder][INFO] - ✓ feature_extraction            0.72s  ( 16.3%)
[2026-06-21 16:31:39,543][src.timing_recorder][INFO] - ✓ feature_matching              0.59s  ( 13.4%)
[2026-06-21 16:31:39,543][src.timing_recorder][INFO] - ✓ sparse_reconstruction         0.54s  ( 12.1%)
[2026-06-21 16:31:39,543][src.timing_recorder][INFO] - ✓ undistortion                  0.67s  ( 15.1%)
[2026-06-21 16:31:39,543][src.timing_recorder][INFO] - ✓ splat_training                1.69s  ( 37.9%)
[2026-06-21 16:31:39,543][src.timing_recorder][INFO] - ----------------------------------------------------------------------
[2026-06-21 16:31:39,543][src.timing_recorder][INFO] - TOTAL                           4.45s  (100.0%)
[2026-06-21 16:31:39,543][src.timing_recorder][INFO] - ======================================================================
[2026-06-21 16:31:39,543][src.timing_recorder][INFO] - 
[2026-06-21 16:31:39,544][src.timing_recorder][INFO] - [TIMING] Saved timing report to: /Users/bc/brendanchambers/2026-06-18-iphone-video-to-splat/data/intermediates/densify_sz0.0025_gr0.0001/colmap_sfm_linearized/splats/running-time_20260621_1631.jsonl
[2026-06-21 16:31:39,544][__main__][INFO] - ============================================================
[2026-06-21 16:31:39,544][__main__][INFO] - Logging Experiment Results
[2026-06-21 16:31:39,544][__main__][INFO] - ============================================================
[2026-06-21 16:31:39,545][src.experiment_tracker][INFO] - Logged experiment to: /Users/bc/brendanchambers/2026-06-18-iphone-video-to-splat/reports/experiments/sweep_densify_size_and_gradient_threshold.jsonl
[2026-06-21 16:31:39,545][__main__][INFO] - Experiment results logged to: /Users/bc/brendanchambers/2026-06-18-iphone-video-to-splat/reports/experiments/sweep_densify_size_and_gradient_threshold.jsonl
[2026-06-21 16:31:39,545][__main__][INFO] -   Experiment: densify_sz0.0025_gr0.0001
[2026-06-21 16:31:39,545][__main__][INFO] -   Group: sweep_densify_size_and_gradient_threshold
[2026-06-21 16:31:39,545][__main__][INFO] -   Train loss: 0.302611
[2026-06-21 16:31:39,545][__main__][INFO] -   Total time: 4.45s (0.07m)
