[2026-06-21 15:53:01,259][__main__][INFO] - 
[2026-06-21 15:53:01,259][__main__][INFO] - ╔==========================================================╗
[2026-06-21 15:53:01,259][__main__][INFO] - ║          3D Gaussian Splat Training Pipeline              ║
[2026-06-21 15:53:01,259][__main__][INFO] - ╚==========================================================╝
[2026-06-21 15:53:01,259][__main__][INFO] - Experiment: densify_sz0.01_gr0.0002
[2026-06-21 15:53:01,259][__main__][INFO] - Project dir: /Users/bc/brendanchambers/2026-06-18-iphone-video-to-splat
[2026-06-21 15:53:01,259][__main__][INFO] - 
[2026-06-21 15:53:01,259][src.timing_recorder][INFO] - [TIMING] Starting: frame_extraction
[2026-06-21 15:53:01,259][__main__][INFO] - ============================================================
[2026-06-21 15:53:01,259][__main__][INFO] - STEP 1: Frame Extraction
[2026-06-21 15:53:01,259][__main__][INFO] - ============================================================
[2026-06-21 15:53:01,260][src.frame_extractor][INFO] - Extracting frames from: /Users/bc/brendanchambers/2026-06-18-iphone-video-to-splat/data/incoming/movies/teensy.mov
[2026-06-21 15:53:01,260][src.frame_extractor][INFO] - Output directory: /Users/bc/brendanchambers/2026-06-18-iphone-video-to-splat/data/intermediates/densify_sz0.01_gr0.0002/colmap_sfm_camera_model/images
[2026-06-21 15:53:01,260][src.frame_extractor][INFO] - Extracting frames at 2 fps
[2026-06-21 15:53:01,260][src.frame_extractor][INFO] - Running command: ffmpeg -i /Users/bc/brendanchambers/2026-06-18-iphone-video-to-splat/data/incoming/movies/teensy.mov -vf fps=2 -q:v 5 /Users/bc/brendanchambers/2026-06-18-iphone-video-to-splat/data/intermediates/densify_sz0.01_gr0.0002/colmap_sfm_camera_model/images/frame_%04d.jpg
[2026-06-21 15:53:01,276][src.frame_extractor][INFO] - ffmpeg version 8.1.2 Copyright (c) 2000-2026 the FFmpeg developers
[2026-06-21 15:53:01,276][src.frame_extractor][INFO] -   built with Apple clang version 17.0.0 (clang-1700.6.4.2)
[2026-06-21 15:53:01,276][src.frame_extractor][INFO] -   configuration: --prefix=/opt/homebrew/Cellar/ffmpeg/8.1.2 --enable-shared --enable-pthreads --enable-version3 --cc=clang --host-cflags= --host-ldflags= --enable-ffplay --enable-gpl --enable-libsvtav1 --enable-libopus --enable-libx264 --enable-libmp3lame --enable-libdav1d --enable-libvmaf --enable-libvpx --enable-libx265 --enable-openssl --enable-videotoolbox --enable-audiotoolbox --enable-neon
[2026-06-21 15:53:01,276][src.frame_extractor][INFO] -   libavutil      60. 26.102 / 60. 26.102
[2026-06-21 15:53:01,276][src.frame_extractor][INFO] -   libavcodec     62. 28.102 / 62. 28.102
[2026-06-21 15:53:01,276][src.frame_extractor][INFO] -   libavformat    62. 12.102 / 62. 12.102
[2026-06-21 15:53:01,276][src.frame_extractor][INFO] -   libavdevice    62.  3.102 / 62.  3.102
[2026-06-21 15:53:01,276][src.frame_extractor][INFO] -   libavfilter    11. 14.102 / 11. 14.102
[2026-06-21 15:53:01,276][src.frame_extractor][INFO] -   libswscale      9.  5.102 /  9.  5.102
[2026-06-21 15:53:01,276][src.frame_extractor][INFO] -   libswresample   6.  3.102 /  6.  3.102
[2026-06-21 15:53:01,291][src.frame_extractor][INFO] - Input #0, mov,mp4,m4a,3gp,3g2,mj2, from '/Users/bc/brendanchambers/2026-06-18-iphone-video-to-splat/data/incoming/movies/teensy.mov':
[2026-06-21 15:53:01,291][src.frame_extractor][INFO] -   Metadata:
[2026-06-21 15:53:01,291][src.frame_extractor][INFO] -     major_brand     : qt
[2026-06-21 15:53:01,291][src.frame_extractor][INFO] -     minor_version   : 512
[2026-06-21 15:53:01,291][src.frame_extractor][INFO] -     compatible_brands: qt
[2026-06-21 15:53:01,291][src.frame_extractor][INFO] -     encoder         : Lavf62.12.102
[2026-06-21 15:53:01,291][src.frame_extractor][INFO] -   Duration: 00:00:04.01, start: 0.000000, bitrate: 19786 kb/s
[2026-06-21 15:53:01,291][src.frame_extractor][INFO] -   Stream #0:0[0x1]: Video: h264 (High) (avc1 / 0x31637661), yuv420p(tv, bt709, progressive), 1080x1920, 19646 kb/s, 29.67 fps, 29.67 tbr, 11392 tbn (default)
[2026-06-21 15:53:01,291][src.frame_extractor][INFO] -     Metadata:
[2026-06-21 15:53:01,291][src.frame_extractor][INFO] -       handler_name    : Core Media Video
[2026-06-21 15:53:01,291][src.frame_extractor][INFO] -       vendor_id       : FFMP
[2026-06-21 15:53:01,292][src.frame_extractor][INFO] -       encoder         : Lavc62.28.102 libx264
[2026-06-21 15:53:01,292][src.frame_extractor][INFO] -   Stream #0:1[0x2]: Audio: aac (LC) (mp4a / 0x6134706D), 48000 Hz, stereo, fltp, 128 kb/s (default)
[2026-06-21 15:53:01,292][src.frame_extractor][INFO] -     Metadata:
[2026-06-21 15:53:01,292][src.frame_extractor][INFO] -       handler_name    : Core Media Audio
[2026-06-21 15:53:01,292][src.frame_extractor][INFO] -       vendor_id       : [0][0][0][0]
[2026-06-21 15:53:01,292][src.frame_extractor][INFO] - Stream mapping:
[2026-06-21 15:53:01,292][src.frame_extractor][INFO] -   Stream #0:0 -> #0:0 (h264 (native) -> mjpeg (native))
[2026-06-21 15:53:01,292][src.frame_extractor][INFO] - Press [q] to stop, [?] for help
[2026-06-21 15:53:01,340][src.frame_extractor][INFO] - Output #0, image2, to '/Users/bc/brendanchambers/2026-06-18-iphone-video-to-splat/data/intermediates/densify_sz0.01_gr0.0002/colmap_sfm_camera_model/images/frame_%04d.jpg':
[2026-06-21 15:53:01,340][src.frame_extractor][INFO] -   Metadata:
[2026-06-21 15:53:01,340][src.frame_extractor][INFO] -     major_brand     : qt
[2026-06-21 15:53:01,340][src.frame_extractor][INFO] -     minor_version   : 512
[2026-06-21 15:53:01,340][src.frame_extractor][INFO] -     compatible_brands: qt
[2026-06-21 15:53:01,340][src.frame_extractor][INFO] -     encoder         : Lavf62.12.102
[2026-06-21 15:53:01,340][src.frame_extractor][INFO] -   Stream #0:0: Video: mjpeg, yuv420p(pc, bt709, progressive), 1080x1920, q=2-31, 200 kb/s, 2 fps, 2 tbn (default)
[2026-06-21 15:53:01,340][src.frame_extractor][INFO] -     Metadata:
[2026-06-21 15:53:01,340][src.frame_extractor][INFO] -       encoder         : Lavc62.28.102 mjpeg
[2026-06-21 15:53:01,340][src.frame_extractor][INFO] -       handler_name    : Core Media Video
[2026-06-21 15:53:01,340][src.frame_extractor][INFO] -       vendor_id       : FFMP
[2026-06-21 15:53:01,340][src.frame_extractor][INFO] -     Side data:
[2026-06-21 15:53:01,340][src.frame_extractor][INFO] -       CPB properties: bitrate max/min/avg: 0/0/200000 buffer size: 0 vbv_delay: N/A
[2026-06-21 15:53:01,484][src.frame_extractor][INFO] - [out#0/image2 @ 0x6000017606c0] video:3120KiB audio:0KiB subtitle:0KiB other streams:0KiB global headers:0KiB muxing overhead: unknown
[2026-06-21 15:53:01,484][src.frame_extractor][INFO] - frame=    8 fps=0.0 q=5.0 Lsize=N/A time=00:00:04.00 bitrate=N/A speed=20.8x elapsed=0:00:00.19
[2026-06-21 15:53:01,486][src.frame_extractor][INFO] - Successfully extracted 8 frames
[2026-06-21 15:53:01,487][__main__][INFO] - ✓ Frame extraction completed
[2026-06-21 15:53:01,487][src.timing_recorder][INFO] - [TIMING] ✓ Completed: frame_extraction (0.23s)
[2026-06-21 15:53:01,487][src.timing_recorder][INFO] - [TIMING] Starting: feature_extraction
[2026-06-21 15:53:01,487][__main__][INFO] - ============================================================
[2026-06-21 15:53:01,487][__main__][INFO] - STEP 2: Feature Extraction
[2026-06-21 15:53:01,487][__main__][INFO] - ============================================================
[2026-06-21 15:53:01,488][src.colmap_feature_extractor][INFO] - Extracting features from images: /Users/bc/brendanchambers/2026-06-18-iphone-video-to-splat/data/intermediates/densify_sz0.01_gr0.0002/colmap_sfm_camera_model/images
[2026-06-21 15:53:01,488][src.colmap_feature_extractor][INFO] - Database: /Users/bc/brendanchambers/2026-06-18-iphone-video-to-splat/data/intermediates/densify_sz0.01_gr0.0002/colmap_sfm_camera_model/database.db
[2026-06-21 15:53:01,488][src.colmap_feature_extractor][INFO] - Running: colmap feature_extractor
[2026-06-21 15:53:01,650][src.colmap_feature_extractor][INFO] - I20260621 15:53:01.650273 0x16bec3000 feature_extraction.cc:504] === Feature extraction ===
[2026-06-21 15:53:01,664][src.colmap_feature_extractor][INFO] - I20260621 15:53:01.664551 0x16c4c7000 sift.cc:757] Creating SIFT GPU feature extractor
[2026-06-21 15:53:01,805][src.colmap_feature_extractor][INFO] - I20260621 15:53:01.805062 0x16c553000 feature_extraction.cc:282] Processed file [1/8]
[2026-06-21 15:53:01,805][src.colmap_feature_extractor][INFO] - I20260621 15:53:01.805080 0x16c553000 feature_extraction.cc:285]   Name:            frame_0001.jpg
[2026-06-21 15:53:01,805][src.colmap_feature_extractor][INFO] - I20260621 15:53:01.805083 0x16c553000 feature_extraction.cc:294]   Dimensions:      1080 x 1920
[2026-06-21 15:53:01,805][src.colmap_feature_extractor][INFO] - I20260621 15:53:01.805084 0x16c553000 feature_extraction.cc:297]   Camera:          #1 - RADIAL
[2026-06-21 15:53:01,805][src.colmap_feature_extractor][INFO] - I20260621 15:53:01.805090 0x16c553000 feature_extraction.cc:300]   Focal Length:    2304.00px
[2026-06-21 15:53:01,805][src.colmap_feature_extractor][INFO] - I20260621 15:53:01.805098 0x16c553000 feature_extraction.cc:304]   Features:        4449 (SIFT)
[2026-06-21 15:53:01,871][src.colmap_feature_extractor][INFO] - I20260621 15:53:01.871791 0x16c553000 feature_extraction.cc:282] Processed file [2/8]
[2026-06-21 15:53:01,871][src.colmap_feature_extractor][INFO] - I20260621 15:53:01.871844 0x16c553000 feature_extraction.cc:285]   Name:            frame_0002.jpg
[2026-06-21 15:53:01,872][src.colmap_feature_extractor][INFO] - I20260621 15:53:01.871855 0x16c553000 feature_extraction.cc:294]   Dimensions:      1080 x 1920
[2026-06-21 15:53:01,872][src.colmap_feature_extractor][INFO] - I20260621 15:53:01.871859 0x16c553000 feature_extraction.cc:297]   Camera:          #1 - RADIAL
[2026-06-21 15:53:01,872][src.colmap_feature_extractor][INFO] - I20260621 15:53:01.871862 0x16c553000 feature_extraction.cc:300]   Focal Length:    2304.00px
[2026-06-21 15:53:01,872][src.colmap_feature_extractor][INFO] - I20260621 15:53:01.871866 0x16c553000 feature_extraction.cc:304]   Features:        4766 (SIFT)
[2026-06-21 15:53:01,934][src.colmap_feature_extractor][INFO] - I20260621 15:53:01.934447 0x16c553000 feature_extraction.cc:282] Processed file [3/8]
[2026-06-21 15:53:01,934][src.colmap_feature_extractor][INFO] - I20260621 15:53:01.934483 0x16c553000 feature_extraction.cc:285]   Name:            frame_0003.jpg
[2026-06-21 15:53:01,934][src.colmap_feature_extractor][INFO] - I20260621 15:53:01.934502 0x16c553000 feature_extraction.cc:294]   Dimensions:      1080 x 1920
[2026-06-21 15:53:01,934][src.colmap_feature_extractor][INFO] - I20260621 15:53:01.934508 0x16c553000 feature_extraction.cc:297]   Camera:          #1 - RADIAL
[2026-06-21 15:53:01,934][src.colmap_feature_extractor][INFO] - I20260621 15:53:01.934514 0x16c553000 feature_extraction.cc:300]   Focal Length:    2304.00px
[2026-06-21 15:53:01,934][src.colmap_feature_extractor][INFO] - I20260621 15:53:01.934518 0x16c553000 feature_extraction.cc:304]   Features:        5561 (SIFT)
[2026-06-21 15:53:01,990][src.colmap_feature_extractor][INFO] - I20260621 15:53:01.990296 0x16c553000 feature_extraction.cc:282] Processed file [4/8]
[2026-06-21 15:53:01,990][src.colmap_feature_extractor][INFO] - I20260621 15:53:01.990322 0x16c553000 feature_extraction.cc:285]   Name:            frame_0004.jpg
[2026-06-21 15:53:01,990][src.colmap_feature_extractor][INFO] - I20260621 15:53:01.990327 0x16c553000 feature_extraction.cc:294]   Dimensions:      1080 x 1920
[2026-06-21 15:53:01,990][src.colmap_feature_extractor][INFO] - I20260621 15:53:01.990329 0x16c553000 feature_extraction.cc:297]   Camera:          #1 - RADIAL
[2026-06-21 15:53:01,990][src.colmap_feature_extractor][INFO] - I20260621 15:53:01.990331 0x16c553000 feature_extraction.cc:300]   Focal Length:    2304.00px
[2026-06-21 15:53:01,990][src.colmap_feature_extractor][INFO] - I20260621 15:53:01.990334 0x16c553000 feature_extraction.cc:304]   Features:        6351 (SIFT)
[2026-06-21 15:53:02,046][src.colmap_feature_extractor][INFO] - I20260621 15:53:02.046106 0x16c553000 feature_extraction.cc:282] Processed file [5/8]
[2026-06-21 15:53:02,046][src.colmap_feature_extractor][INFO] - I20260621 15:53:02.046125 0x16c553000 feature_extraction.cc:285]   Name:            frame_0005.jpg
[2026-06-21 15:53:02,046][src.colmap_feature_extractor][INFO] - I20260621 15:53:02.046128 0x16c553000 feature_extraction.cc:294]   Dimensions:      1080 x 1920
[2026-06-21 15:53:02,046][src.colmap_feature_extractor][INFO] - I20260621 15:53:02.046130 0x16c553000 feature_extraction.cc:297]   Camera:          #1 - RADIAL
[2026-06-21 15:53:02,046][src.colmap_feature_extractor][INFO] - I20260621 15:53:02.046132 0x16c553000 feature_extraction.cc:300]   Focal Length:    2304.00px
[2026-06-21 15:53:02,046][src.colmap_feature_extractor][INFO] - I20260621 15:53:02.046135 0x16c553000 feature_extraction.cc:304]   Features:        4609 (SIFT)
[2026-06-21 15:53:02,099][src.colmap_feature_extractor][INFO] - I20260621 15:53:02.099705 0x16c553000 feature_extraction.cc:282] Processed file [6/8]
[2026-06-21 15:53:02,099][src.colmap_feature_extractor][INFO] - I20260621 15:53:02.099722 0x16c553000 feature_extraction.cc:285]   Name:            frame_0006.jpg
[2026-06-21 15:53:02,099][src.colmap_feature_extractor][INFO] - I20260621 15:53:02.099723 0x16c553000 feature_extraction.cc:294]   Dimensions:      1080 x 1920
[2026-06-21 15:53:02,099][src.colmap_feature_extractor][INFO] - I20260621 15:53:02.099725 0x16c553000 feature_extraction.cc:297]   Camera:          #1 - RADIAL
[2026-06-21 15:53:02,099][src.colmap_feature_extractor][INFO] - I20260621 15:53:02.099727 0x16c553000 feature_extraction.cc:300]   Focal Length:    2304.00px
[2026-06-21 15:53:02,099][src.colmap_feature_extractor][INFO] - I20260621 15:53:02.099730 0x16c553000 feature_extraction.cc:304]   Features:        4916 (SIFT)
[2026-06-21 15:53:02,153][src.colmap_feature_extractor][INFO] - I20260621 15:53:02.152999 0x16c553000 feature_extraction.cc:282] Processed file [7/8]
[2026-06-21 15:53:02,153][src.colmap_feature_extractor][INFO] - I20260621 15:53:02.153016 0x16c553000 feature_extraction.cc:285]   Name:            frame_0007.jpg
[2026-06-21 15:53:02,153][src.colmap_feature_extractor][INFO] - I20260621 15:53:02.153019 0x16c553000 feature_extraction.cc:294]   Dimensions:      1080 x 1920
[2026-06-21 15:53:02,153][src.colmap_feature_extractor][INFO] - I20260621 15:53:02.153020 0x16c553000 feature_extraction.cc:297]   Camera:          #1 - RADIAL
[2026-06-21 15:53:02,153][src.colmap_feature_extractor][INFO] - I20260621 15:53:02.153022 0x16c553000 feature_extraction.cc:300]   Focal Length:    2304.00px
[2026-06-21 15:53:02,153][src.colmap_feature_extractor][INFO] - I20260621 15:53:02.153025 0x16c553000 feature_extraction.cc:304]   Features:        4134 (SIFT)
[2026-06-21 15:53:02,208][src.colmap_feature_extractor][INFO] - I20260621 15:53:02.208361 0x16c553000 feature_extraction.cc:282] Processed file [8/8]
[2026-06-21 15:53:02,208][src.colmap_feature_extractor][INFO] - I20260621 15:53:02.208404 0x16c553000 feature_extraction.cc:285]   Name:            frame_0008.jpg
[2026-06-21 15:53:02,208][src.colmap_feature_extractor][INFO] - I20260621 15:53:02.208407 0x16c553000 feature_extraction.cc:294]   Dimensions:      1080 x 1920
[2026-06-21 15:53:02,208][src.colmap_feature_extractor][INFO] - I20260621 15:53:02.208408 0x16c553000 feature_extraction.cc:297]   Camera:          #1 - RADIAL
[2026-06-21 15:53:02,208][src.colmap_feature_extractor][INFO] - I20260621 15:53:02.208411 0x16c553000 feature_extraction.cc:300]   Focal Length:    2304.00px
[2026-06-21 15:53:02,208][src.colmap_feature_extractor][INFO] - I20260621 15:53:02.208413 0x16c553000 feature_extraction.cc:304]   Features:        6773 (SIFT)
[2026-06-21 15:53:02,213][src.colmap_feature_extractor][INFO] - I20260621 15:53:02.213940 0x16bec3000 timer.cc:90] Elapsed time: 0.009 [minutes]
[2026-06-21 15:53:02,230][src.colmap_feature_extractor][INFO] - Feature extraction completed successfully
[2026-06-21 15:53:02,230][__main__][INFO] - ✓ Feature extraction completed
[2026-06-21 15:53:02,231][src.timing_recorder][INFO] - [TIMING] ✓ Completed: feature_extraction (0.74s)
[2026-06-21 15:53:02,231][src.timing_recorder][INFO] - [TIMING] Starting: feature_matching
[2026-06-21 15:53:02,231][__main__][INFO] - ============================================================
[2026-06-21 15:53:02,231][__main__][INFO] - STEP 3: Feature Matching
[2026-06-21 15:53:02,231][__main__][INFO] - ============================================================
[2026-06-21 15:53:02,231][src.colmap_feature_matcher][INFO] - Matching features in database: /Users/bc/brendanchambers/2026-06-18-iphone-video-to-splat/data/intermediates/densify_sz0.01_gr0.0002/colmap_sfm_camera_model/database.db
[2026-06-21 15:53:02,232][src.colmap_feature_matcher][INFO] - Running: colmap sequential_matcher
[2026-06-21 15:53:02,406][src.colmap_feature_matcher][INFO] - I20260621 15:53:02.405012 0x16dabb000 feature_matching.cc:195] === Feature matching & geometric verification ===
[2026-06-21 15:53:02,420][src.colmap_feature_matcher][INFO] - I20260621 15:53:02.420199 0x16db47000 sift.cc:1559] Creating SIFT GPU feature matcher
[2026-06-21 15:53:02,445][src.colmap_feature_matcher][INFO] - I20260621 15:53:02.445250 0x16dabb000 pairing.cc:415] Generating sequential image pairs...
[2026-06-21 15:53:02,445][src.colmap_feature_matcher][INFO] - I20260621 15:53:02.445355 0x16dabb000 pairing.cc:473] Processing image [1/8]
[2026-06-21 15:53:02,508][src.colmap_feature_matcher][INFO] - I20260621 15:53:02.508149 0x16dabb000 feature_matching.cc:217] in 0.063s
[2026-06-21 15:53:02,508][src.colmap_feature_matcher][INFO] - I20260621 15:53:02.508163 0x16dabb000 pairing.cc:473] Processing image [2/8]
[2026-06-21 15:53:02,566][src.colmap_feature_matcher][INFO] - I20260621 15:53:02.566829 0x16dabb000 feature_matching.cc:217] in 0.059s
[2026-06-21 15:53:02,566][src.colmap_feature_matcher][INFO] - I20260621 15:53:02.566839 0x16dabb000 pairing.cc:473] Processing image [3/8]
[2026-06-21 15:53:02,627][src.colmap_feature_matcher][INFO] - I20260621 15:53:02.627513 0x16dabb000 feature_matching.cc:217] in 0.061s
[2026-06-21 15:53:02,627][src.colmap_feature_matcher][INFO] - I20260621 15:53:02.627519 0x16dabb000 pairing.cc:473] Processing image [4/8]
[2026-06-21 15:53:02,699][src.colmap_feature_matcher][INFO] - I20260621 15:53:02.699840 0x16dabb000 feature_matching.cc:217] in 0.072s
[2026-06-21 15:53:02,699][src.colmap_feature_matcher][INFO] - I20260621 15:53:02.699845 0x16dabb000 pairing.cc:473] Processing image [5/8]
[2026-06-21 15:53:02,730][src.colmap_feature_matcher][INFO] - I20260621 15:53:02.730860 0x16dabb000 feature_matching.cc:217] in 0.031s
[2026-06-21 15:53:02,730][src.colmap_feature_matcher][INFO] - I20260621 15:53:02.730865 0x16dabb000 pairing.cc:473] Processing image [6/8]
[2026-06-21 15:53:02,771][src.colmap_feature_matcher][INFO] - I20260621 15:53:02.770996 0x16dabb000 feature_matching.cc:217] in 0.040s
[2026-06-21 15:53:02,771][src.colmap_feature_matcher][INFO] - I20260621 15:53:02.771002 0x16dabb000 pairing.cc:473] Processing image [7/8]
[2026-06-21 15:53:02,793][src.colmap_feature_matcher][INFO] - I20260621 15:53:02.793420 0x16dabb000 feature_matching.cc:217] in 0.022s
[2026-06-21 15:53:02,793][src.colmap_feature_matcher][INFO] - I20260621 15:53:02.793431 0x16dabb000 pairing.cc:473] Processing image [8/8]
[2026-06-21 15:53:02,793][src.colmap_feature_matcher][INFO] - I20260621 15:53:02.793433 0x16dabb000 feature_matching.cc:217] in 0.000s
[2026-06-21 15:53:02,793][src.colmap_feature_matcher][INFO] - I20260621 15:53:02.793435 0x16dabb000 timer.cc:90] Elapsed time: 0.006 [minutes]
[2026-06-21 15:53:02,801][src.colmap_feature_matcher][INFO] - Feature matching completed successfully
[2026-06-21 15:53:02,801][__main__][INFO] - ✓ Feature matching completed
[2026-06-21 15:53:02,801][src.timing_recorder][INFO] - [TIMING] ✓ Completed: feature_matching (0.57s)
[2026-06-21 15:53:02,801][src.timing_recorder][INFO] - [TIMING] Starting: sparse_reconstruction
[2026-06-21 15:53:02,801][__main__][INFO] - ============================================================
[2026-06-21 15:53:02,801][__main__][INFO] - STEP 4: Sparse Reconstruction
[2026-06-21 15:53:02,801][__main__][INFO] - ============================================================
[2026-06-21 15:53:02,803][src.colmap_mapper][INFO] - Performing sparse reconstruction
[2026-06-21 15:53:02,803][src.colmap_mapper][INFO] - Database: /Users/bc/brendanchambers/2026-06-18-iphone-video-to-splat/data/intermediates/densify_sz0.01_gr0.0002/colmap_sfm_camera_model/database.db
[2026-06-21 15:53:02,803][src.colmap_mapper][INFO] - Images: /Users/bc/brendanchambers/2026-06-18-iphone-video-to-splat/data/intermediates/densify_sz0.01_gr0.0002/colmap_sfm_camera_model/images
[2026-06-21 15:53:02,803][src.colmap_mapper][INFO] - Output: /Users/bc/brendanchambers/2026-06-18-iphone-video-to-splat/data/intermediates/densify_sz0.01_gr0.0002/colmap_sfm_camera_model/sparse
[2026-06-21 15:53:02,803][src.colmap_mapper][INFO] - Running: colmap mapper
[2026-06-21 15:53:02,855][src.colmap_mapper][INFO] - I20260621 15:53:02.855307 0x1fde420c0 incremental_pipeline.cc:278] Loading database
[2026-06-21 15:53:02,855][src.colmap_mapper][INFO] - I20260621 15:53:02.855614 0x1fde420c0 database_cache.cc:72] Loading rigs...
[2026-06-21 15:53:02,855][src.colmap_mapper][INFO] - I20260621 15:53:02.855634 0x1fde420c0 database_cache.cc:82]  1 in 0.000s
[2026-06-21 15:53:02,855][src.colmap_mapper][INFO] - I20260621 15:53:02.855637 0x1fde420c0 database_cache.cc:90] Loading cameras...
[2026-06-21 15:53:02,855][src.colmap_mapper][INFO] - I20260621 15:53:02.855645 0x1fde420c0 database_cache.cc:108]  1 in 0.000s
[2026-06-21 15:53:02,855][src.colmap_mapper][INFO] - I20260621 15:53:02.855647 0x1fde420c0 database_cache.cc:116] Loading frames...
[2026-06-21 15:53:02,855][src.colmap_mapper][INFO] - I20260621 15:53:02.855663 0x1fde420c0 database_cache.cc:126]  8 in 0.000s
[2026-06-21 15:53:02,855][src.colmap_mapper][INFO] - I20260621 15:53:02.855665 0x1fde420c0 database_cache.cc:134] Loading matches...
[2026-06-21 15:53:02,856][src.colmap_mapper][INFO] - I20260621 15:53:02.855722 0x1fde420c0 database_cache.cc:139]  17 in 0.000s
[2026-06-21 15:53:02,856][src.colmap_mapper][INFO] - I20260621 15:53:02.855724 0x1fde420c0 database_cache.cc:147] Loading images...
[2026-06-21 15:53:02,856][src.colmap_mapper][INFO] - I20260621 15:53:02.856253 0x1fde420c0 database_cache.cc:241]  8 in 0.001s (connected 8, loaded 8)
[2026-06-21 15:53:02,856][src.colmap_mapper][INFO] - I20260621 15:53:02.856256 0x1fde420c0 database_cache.cc:255] Loading pose priors...
[2026-06-21 15:53:02,856][src.colmap_mapper][INFO] - I20260621 15:53:02.856263 0x1fde420c0 database_cache.cc:263]  0 in 0.000s
[2026-06-21 15:53:02,856][src.colmap_mapper][INFO] - I20260621 15:53:02.856266 0x1fde420c0 database_cache.cc:271] Building correspondence graph...
[2026-06-21 15:53:02,857][src.colmap_mapper][INFO] - I20260621 15:53:02.857082 0x1fde420c0 database_cache.cc:300]  in 0.001s (ignored 0)
[2026-06-21 15:53:02,857][src.colmap_mapper][INFO] - I20260621 15:53:02.857086 0x1fde420c0 timer.cc:90] Elapsed time: 0.000 [minutes]
[2026-06-21 15:53:02,857][src.colmap_mapper][INFO] - I20260621 15:53:02.857181 0x1fde420c0 incremental_pipeline.cc:390] Finding good initial image pair
[2026-06-21 15:53:02,865][src.colmap_mapper][INFO] - I20260621 15:53:02.865881 0x1fde420c0 incremental_pipeline.cc:414] Registering initial image pair #4 and #2
[2026-06-21 15:53:02,866][src.colmap_mapper][INFO] - I20260621 15:53:02.866484 0x1fde420c0 incremental_pipeline.cc:432] Global bundle adjustment
[2026-06-21 15:53:02,890][src.colmap_mapper][INFO] - I20260621 15:53:02.890243 0x1fde420c0 incremental_pipeline.cc:537] Registering image #3 (num_reg_frames=2)
[2026-06-21 15:53:02,890][src.colmap_mapper][INFO] - I20260621 15:53:02.890254 0x1fde420c0 incremental_pipeline.cc:540] => Image sees 168 / 1892 points
[2026-06-21 15:53:02,938][src.colmap_mapper][INFO] - I20260621 15:53:02.938908 0x1fde420c0 incremental_pipeline.cc:79] Retriangulation and Global bundle adjustment
[2026-06-21 15:53:02,957][src.colmap_mapper][INFO] - I20260621 15:53:02.957921 0x1fde420c0 incremental_pipeline.cc:537] Registering image #6 (num_reg_frames=3)
[2026-06-21 15:53:02,957][src.colmap_mapper][INFO] - I20260621 15:53:02.957925 0x1fde420c0 incremental_pipeline.cc:540] => Image sees 499 / 2128 points
[2026-06-21 15:53:03,014][src.colmap_mapper][INFO] - I20260621 15:53:03.014716 0x1fde420c0 incremental_pipeline.cc:79] Retriangulation and Global bundle adjustment
[2026-06-21 15:53:03,036][src.colmap_mapper][INFO] - I20260621 15:53:03.036869 0x1fde420c0 incremental_pipeline.cc:537] Registering image #5 (num_reg_frames=4)
[2026-06-21 15:53:03,036][src.colmap_mapper][INFO] - I20260621 15:53:03.036872 0x1fde420c0 incremental_pipeline.cc:540] => Image sees 1052 / 2461 points
[2026-06-21 15:53:03,084][src.colmap_mapper][INFO] - I20260621 15:53:03.084246 0x1fde420c0 incremental_pipeline.cc:79] Retriangulation and Global bundle adjustment
[2026-06-21 15:53:03,100][src.colmap_mapper][INFO] - I20260621 15:53:03.100834 0x1fde420c0 incremental_pipeline.cc:537] Registering image #1 (num_reg_frames=5)
[2026-06-21 15:53:03,100][src.colmap_mapper][INFO] - I20260621 15:53:03.100838 0x1fde420c0 incremental_pipeline.cc:540] => Image sees 536 / 1825 points
[2026-06-21 15:53:03,153][src.colmap_mapper][INFO] - I20260621 15:53:03.153120 0x1fde420c0 incremental_pipeline.cc:79] Retriangulation and Global bundle adjustment
[2026-06-21 15:53:03,178][src.colmap_mapper][INFO] - I20260621 15:53:03.178963 0x1fde420c0 incremental_pipeline.cc:537] Registering image #7 (num_reg_frames=6)
[2026-06-21 15:53:03,179][src.colmap_mapper][INFO] - I20260621 15:53:03.178967 0x1fde420c0 incremental_pipeline.cc:540] => Image sees 436 / 1676 points
[2026-06-21 15:53:03,214][src.colmap_mapper][INFO] - I20260621 15:53:03.214869 0x1fde420c0 incremental_pipeline.cc:79] Retriangulation and Global bundle adjustment
[2026-06-21 15:53:03,251][src.colmap_mapper][INFO] - I20260621 15:53:03.251177 0x1fde420c0 incremental_pipeline.cc:537] Registering image #8 (num_reg_frames=7)
[2026-06-21 15:53:03,251][src.colmap_mapper][INFO] - I20260621 15:53:03.251184 0x1fde420c0 incremental_pipeline.cc:540] => Image sees 481 / 1376 points
[2026-06-21 15:53:03,284][src.colmap_mapper][INFO] - I20260621 15:53:03.284953 0x1fde420c0 incremental_pipeline.cc:79] Retriangulation and Global bundle adjustment
[2026-06-21 15:53:03,324][src.colmap_mapper][INFO] - I20260621 15:53:03.324113 0x1fde420c0 incremental_pipeline.cc:79] Retriangulation and Global bundle adjustment
[2026-06-21 15:53:03,332][src.colmap_mapper][INFO] - I20260621 15:53:03.332872 0x1fde420c0 incremental_pipeline.cc:723] Keeping successful reconstruction
[2026-06-21 15:53:03,335][src.colmap_mapper][INFO] - I20260621 15:53:03.335089 0x1fde420c0 timer.cc:90] Elapsed time: 0.008 [minutes]
[2026-06-21 15:53:03,337][src.colmap_mapper][INFO] - Sparse reconstruction completed successfully
[2026-06-21 15:53:03,338][__main__][INFO] - ✓ Sparse reconstruction completed
[2026-06-21 15:53:03,338][src.timing_recorder][INFO] - [TIMING] ✓ Completed: sparse_reconstruction (0.54s)
[2026-06-21 15:53:03,338][src.timing_recorder][INFO] - [TIMING] Starting: undistortion
[2026-06-21 15:53:03,338][__main__][INFO] - ============================================================
[2026-06-21 15:53:03,338][__main__][INFO] - STEP 5: Image Undistortion
[2026-06-21 15:53:03,338][__main__][INFO] - ============================================================
[2026-06-21 15:53:03,339][src.colmap_undistorter][INFO] - Undistorting images
[2026-06-21 15:53:03,339][src.colmap_undistorter][INFO] - Input model: /Users/bc/brendanchambers/2026-06-18-iphone-video-to-splat/data/intermediates/densify_sz0.01_gr0.0002/colmap_sfm_camera_model/sparse/0
[2026-06-21 15:53:03,339][src.colmap_undistorter][INFO] - Images: /Users/bc/brendanchambers/2026-06-18-iphone-video-to-splat/data/intermediates/densify_sz0.01_gr0.0002/colmap_sfm_camera_model/images
[2026-06-21 15:53:03,339][src.colmap_undistorter][INFO] - Output: /Users/bc/brendanchambers/2026-06-18-iphone-video-to-splat/data/intermediates/densify_sz0.01_gr0.0002/colmap_sfm_linearized
[2026-06-21 15:53:03,339][src.colmap_undistorter][INFO] - Running: colmap image_undistorter
[2026-06-21 15:53:03,388][src.colmap_undistorter][INFO] - I20260621 15:53:03.388324 0x1fde420c0 image.cc:368] === Reading reconstruction ===
[2026-06-21 15:53:03,390][src.colmap_undistorter][INFO] - I20260621 15:53:03.390292 0x1fde420c0 image.cc:371] => Reconstruction with 8 images and 2190 points
[2026-06-21 15:53:03,390][src.colmap_undistorter][INFO] - I20260621 15:53:03.390300 0x1fde420c0 undistorters.cc:166] === Image undistortion ===
[2026-06-21 15:53:03,390][src.colmap_undistorter][INFO] - I20260621 15:53:03.390589 0x1fde420c0 undistorters.cc:205] Undistorting image [1/8]
[2026-06-21 15:53:04,005][src.colmap_undistorter][INFO] - I20260621 15:53:04.005763 0x1fde420c0 undistorters.cc:205] Undistorting image [2/8]
[2026-06-21 15:53:04,005][src.colmap_undistorter][INFO] - I20260621 15:53:04.005780 0x1fde420c0 undistorters.cc:205] Undistorting image [3/8]
[2026-06-21 15:53:04,005][src.colmap_undistorter][INFO] - I20260621 15:53:04.005782 0x1fde420c0 undistorters.cc:205] Undistorting image [4/8]
[2026-06-21 15:53:04,005][src.colmap_undistorter][INFO] - I20260621 15:53:04.005784 0x1fde420c0 undistorters.cc:205] Undistorting image [5/8]
[2026-06-21 15:53:04,005][src.colmap_undistorter][INFO] - I20260621 15:53:04.005785 0x1fde420c0 undistorters.cc:205] Undistorting image [6/8]
[2026-06-21 15:53:04,005][src.colmap_undistorter][INFO] - I20260621 15:53:04.005786 0x1fde420c0 undistorters.cc:205] Undistorting image [7/8]
[2026-06-21 15:53:04,006][src.colmap_undistorter][INFO] - I20260621 15:53:04.005788 0x1fde420c0 undistorters.cc:205] Undistorting image [8/8]
[2026-06-21 15:53:04,006][src.colmap_undistorter][INFO] - I20260621 15:53:04.005789 0x1fde420c0 undistorters.cc:213] Writing reconstruction...
[2026-06-21 15:53:04,010][src.colmap_undistorter][INFO] - I20260621 15:53:04.010407 0x1fde420c0 undistorters.cc:218] Writing configuration...
[2026-06-21 15:53:04,010][src.colmap_undistorter][INFO] - I20260621 15:53:04.010510 0x1fde420c0 undistorters.cc:222] Writing scripts...
[2026-06-21 15:53:04,010][src.colmap_undistorter][INFO] - I20260621 15:53:04.010608 0x1fde420c0 timer.cc:90] Elapsed time: 0.010 [minutes]
[2026-06-21 15:53:04,014][src.colmap_undistorter][INFO] - Image undistortion completed successfully
[2026-06-21 15:53:04,014][__main__][INFO] - ✓ Image undistortion completed
[2026-06-21 15:53:04,014][src.timing_recorder][INFO] - [TIMING] ✓ Completed: undistortion (0.68s)
[2026-06-21 15:53:04,014][src.timing_recorder][INFO] - [TIMING] Starting: splat_training
[2026-06-21 15:53:04,014][__main__][INFO] - ============================================================
[2026-06-21 15:53:04,014][__main__][INFO] - STEP 6: OpenSplat Training
[2026-06-21 15:53:04,014][__main__][INFO] - ============================================================
[2026-06-21 15:53:04,016][src.opensplat_trainer][INFO] - Training 3D Gaussian Splat
[2026-06-21 15:53:04,016][src.opensplat_trainer][INFO] - Sparse model: /Users/bc/brendanchambers/2026-06-18-iphone-video-to-splat/data/intermediates/densify_sz0.01_gr0.0002/colmap_sfm_linearized/sparse
[2026-06-21 15:53:04,016][src.opensplat_trainer][INFO] - Images: /Users/bc/brendanchambers/2026-06-18-iphone-video-to-splat/data/intermediates/densify_sz0.01_gr0.0002/colmap_sfm_linearized/images
[2026-06-21 15:53:04,016][src.opensplat_trainer][INFO] - Output PLY: /Users/bc/brendanchambers/2026-06-18-iphone-video-to-splat/data/intermediates/densify_sz0.01_gr0.0002/colmap_sfm_linearized/splats/densify_sz0.01_gr0.0002_20260621_1553.ply
[2026-06-21 15:53:04,016][src.opensplat_trainer][INFO] - Training loss log: /Users/bc/brendanchambers/2026-06-18-iphone-video-to-splat/data/intermediates/densify_sz0.01_gr0.0002/colmap_sfm_linearized/splats/train_20260621_1553.jsonl
[2026-06-21 15:53:04,016][src.opensplat_trainer][INFO] - Validation loss log: /Users/bc/brendanchambers/2026-06-18-iphone-video-to-splat/data/intermediates/densify_sz0.01_gr0.0002/colmap_sfm_linearized/splats/val_20260621_1553.jsonl
[2026-06-21 15:53:04,016][src.opensplat_trainer][INFO] - Running: opensplat
[2026-06-21 15:53:04,157][src.opensplat_trainer][INFO] - Using MPS
[2026-06-21 15:53:04,159][src.opensplat_trainer][INFO] - Reading 2190 points
[2026-06-21 15:53:04,159][src.opensplat_trainer][INFO] - Loading /Users/bc/brendanchambers/2026-06-18-iphone-video-to-splat/data/intermediates/densify_sz0.01_gr0.0002/colmap_sfm_linearized/images/frame_0001.jpg
[2026-06-21 15:53:04,159][src.opensplat_trainer][INFO] - Loading /Users/bc/brendanchambers/2026-06-18-iphone-video-to-splat/data/intermediates/densify_sz0.01_gr0.0002/colmap_sfm_linearized/images/frame_0002.jpg
[2026-06-21 15:53:04,159][src.opensplat_trainer][INFO] - Loading /Users/bc/brendanchambers/2026-06-18-iphone-video-to-splat/data/intermediates/densify_sz0.01_gr0.0002/colmap_sfm_linearized/images/frame_0003.jpg
[2026-06-21 15:53:04,159][src.opensplat_trainer][INFO] - Loading /Users/bc/brendanchambers/2026-06-18-iphone-video-to-splat/data/intermediates/densify_sz0.01_gr0.0002/colmap_sfm_linearized/images/frame_0005.jpgLoading /Users/bc/brendanchambers/2026-06-18-iphone-video-to-splat/data/intermediates/densify_sz0.01_gr0.0002/colmap_sfm_linearized/images/frame_0004.jpg
[2026-06-21 15:53:04,159][src.opensplat_trainer][INFO] - Loading /Users/bc/brendanchambers/2026-06-18-iphone-video-to-splat/data/intermediates/densify_sz0.01_gr0.0002/colmap_sfm_linearized/images/frame_0008.jpg
[2026-06-21 15:53:04,159][src.opensplat_trainer][INFO] - Loading /Users/bc/brendanchambers/2026-06-18-iphone-video-to-splat/data/intermediates/densify_sz0.01_gr0.0002/colmap_sfm_linearized/images/frame_0007.jpg
[2026-06-21 15:53:04,159][src.opensplat_trainer][INFO] - 
[2026-06-21 15:53:04,159][src.opensplat_trainer][INFO] - Loading /Users/bc/brendanchambers/2026-06-18-iphone-video-to-splat/data/intermediates/densify_sz0.01_gr0.0002/colmap_sfm_linearized/images/frame_0006.jpg
[2026-06-21 15:53:04,535][src.opensplat_trainer][INFO] - init_gsplat_metal_context: loading '/Users/bc/brendanchambers/2026-06-18-iphone-video-to-splat/opensplat/build/default.metallib'
[2026-06-21 15:53:04,535][src.opensplat_trainer][INFO] - init_gsplat_metal_context: loaded '/Users/bc/brendanchambers/2026-06-18-iphone-video-to-splat/opensplat/build/default.metallib', functions: compute_cov2d_bounds_kernel, project_gaussians_backward_kernel, get_tile_bin_edges_kernel, rasterize_backward_kernel, map_gaussian_to_intersects_kernel, nd_rasterize_backward_kernel, project_gaussians_forward_kernel, compute_sh_backward_kernel, compute_sh_forward_kernel, nd_rasterize_forward_kernel
[2026-06-21 15:53:04,535][src.opensplat_trainer][INFO] - init_gsplat_metal_context: load function nd_rasterize_backward_kernel with label: (null)
[2026-06-21 15:53:04,535][src.opensplat_trainer][INFO] - init_gsplat_metal_context: load function nd_rasterize_forward_kernel with label: (null)
[2026-06-21 15:53:04,535][src.opensplat_trainer][INFO] - init_gsplat_metal_context: load function rasterize_backward_kernel with label: (null)
[2026-06-21 15:53:04,535][src.opensplat_trainer][INFO] - init_gsplat_metal_context: load function project_gaussians_forward_kernel with label: (null)
[2026-06-21 15:53:04,535][src.opensplat_trainer][INFO] - init_gsplat_metal_context: load function project_gaussians_backward_kernel with label: (null)
[2026-06-21 15:53:04,535][src.opensplat_trainer][INFO] - init_gsplat_metal_context: load function compute_sh_forward_kernel with label: (null)
[2026-06-21 15:53:04,535][src.opensplat_trainer][INFO] - init_gsplat_metal_context: load function compute_sh_backward_kernel with label: (null)
[2026-06-21 15:53:04,535][src.opensplat_trainer][INFO] - init_gsplat_metal_context: load function compute_cov2d_bounds_kernel with label: (null)
[2026-06-21 15:53:04,535][src.opensplat_trainer][INFO] - init_gsplat_metal_context: load function map_gaussian_to_intersects_kernel with label: (null)
[2026-06-21 15:53:04,535][src.opensplat_trainer][INFO] - init_gsplat_metal_context: load function get_tile_bin_edges_kernel with label: (null)
[2026-06-21 15:53:04,535][src.opensplat_trainer][INFO] - Step 10: 0.335643 (20%)
[2026-06-21 15:53:04,748][src.opensplat_trainer][INFO] - Step 20: 0.316053 (40%)
[2026-06-21 15:53:04,953][src.opensplat_trainer][INFO] - Step 30: 0.28368 (60%)
[2026-06-21 15:53:05,147][src.opensplat_trainer][INFO] - Step 40: 0.301104 (80%)
[2026-06-21 15:53:05,370][src.opensplat_trainer][INFO] - Step 50: 0.302611 (100%)
[2026-06-21 15:53:05,383][src.opensplat_trainer][INFO] - Wrote /Users/bc/brendanchambers/2026-06-18-iphone-video-to-splat/data/intermediates/densify_sz0.01_gr0.0002/colmap_sfm_linearized/splats/cameras.json
[2026-06-21 15:53:05,391][src.opensplat_trainer][INFO] - Wrote /Users/bc/brendanchambers/2026-06-18-iphone-video-to-splat/data/intermediates/densify_sz0.01_gr0.0002/colmap_sfm_linearized/splats/densify_sz0.01_gr0.0002_20260621_1553.ply
[2026-06-21 15:53:05,404][src.opensplat_trainer][INFO] - /Users/bc/brendanchambers/2026-06-18-iphone-video-to-splat/data/intermediates/densify_sz0.01_gr0.0002/colmap_sfm_linearized/images/frame_0001.jpg validation loss: 0.344775
[2026-06-21 15:53:05,455][src.opensplat_trainer][INFO] - Parsed 5 training loss values to /Users/bc/brendanchambers/2026-06-18-iphone-video-to-splat/data/intermediates/densify_sz0.01_gr0.0002/colmap_sfm_linearized/splats/train_20260621_1553.jsonl
[2026-06-21 15:53:05,455][src.opensplat_trainer][INFO] - Captured validation loss: 0.344775 to /Users/bc/brendanchambers/2026-06-18-iphone-video-to-splat/data/intermediates/densify_sz0.01_gr0.0002/colmap_sfm_linearized/splats/val_20260621_1553.jsonl
[2026-06-21 15:53:05,455][src.opensplat_trainer][INFO] - Training completed successfully
[2026-06-21 15:53:05,455][src.opensplat_trainer][INFO] - Output saved to: /Users/bc/brendanchambers/2026-06-18-iphone-video-to-splat/data/intermediates/densify_sz0.01_gr0.0002/colmap_sfm_linearized/splats/densify_sz0.01_gr0.0002_20260621_1553.ply
[2026-06-21 15:53:05,455][__main__][INFO] - ✓ Splat training completed
[2026-06-21 15:53:05,455][__main__][INFO] - ============================================================
[2026-06-21 15:53:05,455][__main__][INFO] - Analyzing Training Loss
[2026-06-21 15:53:05,455][__main__][INFO] - ============================================================
[2026-06-21 15:53:05,515][src.timing_recorder][INFO] - [TIMING] ✓ Completed: splat_training (1.50s)
[2026-06-21 15:53:05,515][__main__][INFO] - 
[2026-06-21 15:53:05,515][__main__][INFO] - ╔==========================================================╗
[2026-06-21 15:53:05,515][__main__][INFO] - ║                    Pipeline Complete!                    ║
[2026-06-21 15:53:05,515][__main__][INFO] - ╚==========================================================╝
[2026-06-21 15:53:05,516][__main__][INFO] - Output directory: /Users/bc/brendanchambers/2026-06-18-iphone-video-to-splat/data/intermediates/densify_sz0.01_gr0.0002/colmap_sfm_linearized/splats
[2026-06-21 15:53:05,516][__main__][INFO] -   - PLY file: *.ply (3D Gaussian Splat)
[2026-06-21 15:53:05,516][__main__][INFO] -   - Loss log: *.jsonl (Training loss per step)
[2026-06-21 15:53:05,516][__main__][INFO] -   - Timing log: running-time_*.jsonl (Step execution times)
[2026-06-21 15:53:05,516][src.timing_recorder][INFO] - 
[2026-06-21 15:53:05,516][src.timing_recorder][INFO] - ======================================================================
[2026-06-21 15:53:05,516][src.timing_recorder][INFO] - PIPELINE EXECUTION TIMING SUMMARY
[2026-06-21 15:53:05,516][src.timing_recorder][INFO] - ======================================================================
[2026-06-21 15:53:05,516][src.timing_recorder][INFO] - ✓ frame_extraction              0.23s  (  5.3%)
[2026-06-21 15:53:05,516][src.timing_recorder][INFO] - ✓ feature_extraction            0.74s  ( 17.5%)
[2026-06-21 15:53:05,516][src.timing_recorder][INFO] - ✓ feature_matching              0.57s  ( 13.4%)
[2026-06-21 15:53:05,516][src.timing_recorder][INFO] - ✓ sparse_reconstruction         0.54s  ( 12.6%)
[2026-06-21 15:53:05,516][src.timing_recorder][INFO] - ✓ undistortion                  0.68s  ( 15.9%)
[2026-06-21 15:53:05,516][src.timing_recorder][INFO] - ✓ splat_training                1.50s  ( 35.3%)
[2026-06-21 15:53:05,516][src.timing_recorder][INFO] - ----------------------------------------------------------------------
[2026-06-21 15:53:05,516][src.timing_recorder][INFO] - TOTAL                           4.26s  (100.0%)
[2026-06-21 15:53:05,516][src.timing_recorder][INFO] - ======================================================================
[2026-06-21 15:53:05,516][src.timing_recorder][INFO] - 
[2026-06-21 15:53:05,517][src.timing_recorder][INFO] - [TIMING] Saved timing report to: /Users/bc/brendanchambers/2026-06-18-iphone-video-to-splat/data/intermediates/densify_sz0.01_gr0.0002/colmap_sfm_linearized/splats/running-time_20260621_1553.jsonl
