[2026-06-21 14:28:44,537][__main__][INFO] - 
[2026-06-21 14:28:44,537][__main__][INFO] - ╔==========================================================╗
[2026-06-21 14:28:44,537][__main__][INFO] - ║          3D Gaussian Splat Training Pipeline              ║
[2026-06-21 14:28:44,537][__main__][INFO] - ╚==========================================================╝
[2026-06-21 14:28:44,537][__main__][INFO] - Experiment: teensy
[2026-06-21 14:28:44,537][__main__][INFO] - Project dir: /Users/bc/brendanchambers/2026-06-18-iphone-video-to-splat
[2026-06-21 14:28:44,537][__main__][INFO] - 
[2026-06-21 14:28:44,537][__main__][INFO] - ============================================================
[2026-06-21 14:28:44,537][__main__][INFO] - STEP 1: Frame Extraction
[2026-06-21 14:28:44,537][__main__][INFO] - ============================================================
[2026-06-21 14:28:44,537][src.frame_extractor][INFO] - Extracting frames from: /Users/bc/brendanchambers/2026-06-18-iphone-video-to-splat/data/incoming/movies/teensy.mov
[2026-06-21 14:28:44,537][src.frame_extractor][INFO] - Output directory: /Users/bc/brendanchambers/2026-06-18-iphone-video-to-splat/data/intermediates/teensy/colmap_sfm_camera_model/images
[2026-06-21 14:28:44,538][src.frame_extractor][INFO] - Extracting frames at 2 fps
[2026-06-21 14:28:44,538][src.frame_extractor][INFO] - Running command: ffmpeg -i /Users/bc/brendanchambers/2026-06-18-iphone-video-to-splat/data/incoming/movies/teensy.mov -vf fps=2 -q:v 5 /Users/bc/brendanchambers/2026-06-18-iphone-video-to-splat/data/intermediates/teensy/colmap_sfm_camera_model/images/frame_%04d.jpg
[2026-06-21 14:28:44,551][src.frame_extractor][INFO] - ffmpeg version 8.1.2 Copyright (c) 2000-2026 the FFmpeg developers
[2026-06-21 14:28:44,552][src.frame_extractor][INFO] -   built with Apple clang version 17.0.0 (clang-1700.6.4.2)
[2026-06-21 14:28:44,552][src.frame_extractor][INFO] -   configuration: --prefix=/opt/homebrew/Cellar/ffmpeg/8.1.2 --enable-shared --enable-pthreads --enable-version3 --cc=clang --host-cflags= --host-ldflags= --enable-ffplay --enable-gpl --enable-libsvtav1 --enable-libopus --enable-libx264 --enable-libmp3lame --enable-libdav1d --enable-libvmaf --enable-libvpx --enable-libx265 --enable-openssl --enable-videotoolbox --enable-audiotoolbox --enable-neon
[2026-06-21 14:28:44,552][src.frame_extractor][INFO] -   libavutil      60. 26.102 / 60. 26.102
[2026-06-21 14:28:44,552][src.frame_extractor][INFO] -   libavcodec     62. 28.102 / 62. 28.102
[2026-06-21 14:28:44,552][src.frame_extractor][INFO] -   libavformat    62. 12.102 / 62. 12.102
[2026-06-21 14:28:44,552][src.frame_extractor][INFO] -   libavdevice    62.  3.102 / 62.  3.102
[2026-06-21 14:28:44,552][src.frame_extractor][INFO] -   libavfilter    11. 14.102 / 11. 14.102
[2026-06-21 14:28:44,552][src.frame_extractor][INFO] -   libswscale      9.  5.102 /  9.  5.102
[2026-06-21 14:28:44,552][src.frame_extractor][INFO] -   libswresample   6.  3.102 /  6.  3.102
[2026-06-21 14:28:44,566][src.frame_extractor][INFO] - Input #0, mov,mp4,m4a,3gp,3g2,mj2, from '/Users/bc/brendanchambers/2026-06-18-iphone-video-to-splat/data/incoming/movies/teensy.mov':
[2026-06-21 14:28:44,566][src.frame_extractor][INFO] -   Metadata:
[2026-06-21 14:28:44,566][src.frame_extractor][INFO] -     major_brand     : qt
[2026-06-21 14:28:44,566][src.frame_extractor][INFO] -     minor_version   : 512
[2026-06-21 14:28:44,566][src.frame_extractor][INFO] -     compatible_brands: qt
[2026-06-21 14:28:44,566][src.frame_extractor][INFO] -     encoder         : Lavf62.12.102
[2026-06-21 14:28:44,566][src.frame_extractor][INFO] -   Duration: 00:00:04.01, start: 0.000000, bitrate: 19786 kb/s
[2026-06-21 14:28:44,566][src.frame_extractor][INFO] -   Stream #0:0[0x1]: Video: h264 (High) (avc1 / 0x31637661), yuv420p(tv, bt709, progressive), 1080x1920, 19646 kb/s, 29.67 fps, 29.67 tbr, 11392 tbn (default)
[2026-06-21 14:28:44,566][src.frame_extractor][INFO] -     Metadata:
[2026-06-21 14:28:44,566][src.frame_extractor][INFO] -       handler_name    : Core Media Video
[2026-06-21 14:28:44,566][src.frame_extractor][INFO] -       vendor_id       : FFMP
[2026-06-21 14:28:44,566][src.frame_extractor][INFO] -       encoder         : Lavc62.28.102 libx264
[2026-06-21 14:28:44,566][src.frame_extractor][INFO] -   Stream #0:1[0x2]: Audio: aac (LC) (mp4a / 0x6134706D), 48000 Hz, stereo, fltp, 128 kb/s (default)
[2026-06-21 14:28:44,566][src.frame_extractor][INFO] -     Metadata:
[2026-06-21 14:28:44,566][src.frame_extractor][INFO] -       handler_name    : Core Media Audio
[2026-06-21 14:28:44,566][src.frame_extractor][INFO] -       vendor_id       : [0][0][0][0]
[2026-06-21 14:28:44,566][src.frame_extractor][INFO] - Stream mapping:
[2026-06-21 14:28:44,566][src.frame_extractor][INFO] -   Stream #0:0 -> #0:0 (h264 (native) -> mjpeg (native))
[2026-06-21 14:28:44,566][src.frame_extractor][INFO] - Press [q] to stop, [?] for help
[2026-06-21 14:28:44,615][src.frame_extractor][INFO] - Output #0, image2, to '/Users/bc/brendanchambers/2026-06-18-iphone-video-to-splat/data/intermediates/teensy/colmap_sfm_camera_model/images/frame_%04d.jpg':
[2026-06-21 14:28:44,615][src.frame_extractor][INFO] -   Metadata:
[2026-06-21 14:28:44,616][src.frame_extractor][INFO] -     major_brand     : qt
[2026-06-21 14:28:44,616][src.frame_extractor][INFO] -     minor_version   : 512
[2026-06-21 14:28:44,616][src.frame_extractor][INFO] -     compatible_brands: qt
[2026-06-21 14:28:44,616][src.frame_extractor][INFO] -     encoder         : Lavf62.12.102
[2026-06-21 14:28:44,616][src.frame_extractor][INFO] -   Stream #0:0: Video: mjpeg, yuv420p(pc, bt709, progressive), 1080x1920, q=2-31, 200 kb/s, 2 fps, 2 tbn (default)
[2026-06-21 14:28:44,616][src.frame_extractor][INFO] -     Metadata:
[2026-06-21 14:28:44,616][src.frame_extractor][INFO] -       encoder         : Lavc62.28.102 mjpeg
[2026-06-21 14:28:44,616][src.frame_extractor][INFO] -       handler_name    : Core Media Video
[2026-06-21 14:28:44,616][src.frame_extractor][INFO] -       vendor_id       : FFMP
[2026-06-21 14:28:44,618][src.frame_extractor][INFO] -     Side data:
[2026-06-21 14:28:44,618][src.frame_extractor][INFO] -       CPB properties: bitrate max/min/avg: 0/0/200000 buffer size: 0 vbv_delay: N/A
[2026-06-21 14:28:44,754][src.frame_extractor][INFO] - [out#0/image2 @ 0x60000231c600] video:3120KiB audio:0KiB subtitle:0KiB other streams:0KiB global headers:0KiB muxing overhead: unknown
[2026-06-21 14:28:44,754][src.frame_extractor][INFO] - frame=    8 fps=0.0 q=5.0 Lsize=N/A time=00:00:04.00 bitrate=N/A speed=21.3x elapsed=0:00:00.18
[2026-06-21 14:28:44,757][src.frame_extractor][INFO] - Successfully extracted 8 frames
[2026-06-21 14:28:44,757][__main__][INFO] - ✓ Frame extraction completed
[2026-06-21 14:28:44,757][__main__][INFO] - ============================================================
[2026-06-21 14:28:44,757][__main__][INFO] - STEP 2: Feature Extraction
[2026-06-21 14:28:44,757][__main__][INFO] - ============================================================
[2026-06-21 14:28:44,758][src.colmap_feature_extractor][INFO] - Extracting features from images: /Users/bc/brendanchambers/2026-06-18-iphone-video-to-splat/data/intermediates/teensy/colmap_sfm_camera_model/images
[2026-06-21 14:28:44,758][src.colmap_feature_extractor][INFO] - Database: /Users/bc/brendanchambers/2026-06-18-iphone-video-to-splat/data/intermediates/teensy/colmap_sfm_camera_model/database.db
[2026-06-21 14:28:44,758][src.colmap_feature_extractor][INFO] - Running: colmap feature_extractor
[2026-06-21 14:28:44,915][src.colmap_feature_extractor][INFO] - I20260621 14:28:44.915358 0x16f483000 feature_extraction.cc:504] === Feature extraction ===
[2026-06-21 14:28:44,929][src.colmap_feature_extractor][INFO] - I20260621 14:28:44.929271 0x16fa87000 sift.cc:757] Creating SIFT GPU feature extractor
[2026-06-21 14:28:44,966][src.colmap_feature_extractor][INFO] - I20260621 14:28:44.966711 0x16fb13000 feature_extraction.cc:282] Processed file [1/8]
[2026-06-21 14:28:44,966][src.colmap_feature_extractor][INFO] - I20260621 14:28:44.966724 0x16fb13000 feature_extraction.cc:285]   Name:            frame_0001.jpg
[2026-06-21 14:28:44,967][src.colmap_feature_extractor][INFO] - W20260621 14:28:44.966726 0x16fb13000 feature_extraction.cc:289] frame_0001.jpg IMAGE_EXISTS: Features for image were already extracted.
[2026-06-21 14:28:44,967][src.colmap_feature_extractor][INFO] - I20260621 14:28:44.966998 0x16fb13000 feature_extraction.cc:282] Processed file [2/8]
[2026-06-21 14:28:44,967][src.colmap_feature_extractor][INFO] - I20260621 14:28:44.967001 0x16fb13000 feature_extraction.cc:285]   Name:            frame_0002.jpg
[2026-06-21 14:28:44,967][src.colmap_feature_extractor][INFO] - W20260621 14:28:44.967003 0x16fb13000 feature_extraction.cc:289] frame_0002.jpg IMAGE_EXISTS: Features for image were already extracted.
[2026-06-21 14:28:44,967][src.colmap_feature_extractor][INFO] - I20260621 14:28:44.967011 0x16fb13000 feature_extraction.cc:282] Processed file [3/8]
[2026-06-21 14:28:44,967][src.colmap_feature_extractor][INFO] - I20260621 14:28:44.967014 0x16fb13000 feature_extraction.cc:285]   Name:            frame_0003.jpg
[2026-06-21 14:28:44,967][src.colmap_feature_extractor][INFO] - W20260621 14:28:44.967016 0x16fb13000 feature_extraction.cc:289] frame_0003.jpg IMAGE_EXISTS: Features for image were already extracted.
[2026-06-21 14:28:44,967][src.colmap_feature_extractor][INFO] - I20260621 14:28:44.967022 0x16fb13000 feature_extraction.cc:282] Processed file [4/8]
[2026-06-21 14:28:44,967][src.colmap_feature_extractor][INFO] - I20260621 14:28:44.967024 0x16fb13000 feature_extraction.cc:285]   Name:            frame_0004.jpg
[2026-06-21 14:28:44,967][src.colmap_feature_extractor][INFO] - W20260621 14:28:44.967026 0x16fb13000 feature_extraction.cc:289] frame_0004.jpg IMAGE_EXISTS: Features for image were already extracted.
[2026-06-21 14:28:44,967][src.colmap_feature_extractor][INFO] - I20260621 14:28:44.967062 0x16fb13000 feature_extraction.cc:282] Processed file [5/8]
[2026-06-21 14:28:44,967][src.colmap_feature_extractor][INFO] - I20260621 14:28:44.967064 0x16fb13000 feature_extraction.cc:285]   Name:            frame_0005.jpg
[2026-06-21 14:28:44,967][src.colmap_feature_extractor][INFO] - W20260621 14:28:44.967065 0x16fb13000 feature_extraction.cc:289] frame_0005.jpg IMAGE_EXISTS: Features for image were already extracted.
[2026-06-21 14:28:44,967][src.colmap_feature_extractor][INFO] - I20260621 14:28:44.967072 0x16fb13000 feature_extraction.cc:282] Processed file [6/8]
[2026-06-21 14:28:44,967][src.colmap_feature_extractor][INFO] - I20260621 14:28:44.967074 0x16fb13000 feature_extraction.cc:285]   Name:            frame_0006.jpg
[2026-06-21 14:28:44,967][src.colmap_feature_extractor][INFO] - W20260621 14:28:44.967075 0x16fb13000 feature_extraction.cc:289] frame_0006.jpg IMAGE_EXISTS: Features for image were already extracted.
[2026-06-21 14:28:44,967][src.colmap_feature_extractor][INFO] - I20260621 14:28:44.967080 0x16fb13000 feature_extraction.cc:282] Processed file [7/8]
[2026-06-21 14:28:44,967][src.colmap_feature_extractor][INFO] - I20260621 14:28:44.967081 0x16fb13000 feature_extraction.cc:285]   Name:            frame_0007.jpg
[2026-06-21 14:28:44,967][src.colmap_feature_extractor][INFO] - W20260621 14:28:44.967082 0x16fb13000 feature_extraction.cc:289] frame_0007.jpg IMAGE_EXISTS: Features for image were already extracted.
[2026-06-21 14:28:44,967][src.colmap_feature_extractor][INFO] - I20260621 14:28:44.967087 0x16fb13000 feature_extraction.cc:282] Processed file [8/8]
[2026-06-21 14:28:44,967][src.colmap_feature_extractor][INFO] - I20260621 14:28:44.967089 0x16fb13000 feature_extraction.cc:285]   Name:            frame_0008.jpg
[2026-06-21 14:28:44,967][src.colmap_feature_extractor][INFO] - W20260621 14:28:44.967090 0x16fb13000 feature_extraction.cc:289] frame_0008.jpg IMAGE_EXISTS: Features for image were already extracted.
[2026-06-21 14:28:44,967][src.colmap_feature_extractor][INFO] - I20260621 14:28:44.967188 0x16f483000 timer.cc:90] Elapsed time: 0.001 [minutes]
[2026-06-21 14:28:44,971][src.colmap_feature_extractor][INFO] - Feature extraction completed successfully
[2026-06-21 14:28:44,971][__main__][INFO] - ✓ Feature extraction completed
[2026-06-21 14:28:44,971][__main__][INFO] - ============================================================
[2026-06-21 14:28:44,971][__main__][INFO] - STEP 3: Feature Matching
[2026-06-21 14:28:44,972][__main__][INFO] - ============================================================
[2026-06-21 14:28:44,972][src.colmap_feature_matcher][INFO] - Matching features in database: /Users/bc/brendanchambers/2026-06-18-iphone-video-to-splat/data/intermediates/teensy/colmap_sfm_camera_model/database.db
[2026-06-21 14:28:44,972][src.colmap_feature_matcher][INFO] - Running: colmap sequential_matcher
[2026-06-21 14:28:45,128][src.colmap_feature_matcher][INFO] - I20260621 14:28:45.128504 0x16be2b000 feature_matching.cc:195] === Feature matching & geometric verification ===
[2026-06-21 14:28:45,142][src.colmap_feature_matcher][INFO] - I20260621 14:28:45.142555 0x16beb7000 sift.cc:1559] Creating SIFT GPU feature matcher
[2026-06-21 14:28:45,165][src.colmap_feature_matcher][INFO] - I20260621 14:28:45.165410 0x16be2b000 pairing.cc:415] Generating sequential image pairs...
[2026-06-21 14:28:45,165][src.colmap_feature_matcher][INFO] - I20260621 14:28:45.165508 0x16be2b000 pairing.cc:473] Processing image [1/8]
[2026-06-21 14:28:45,165][src.colmap_feature_matcher][INFO] - I20260621 14:28:45.165533 0x16be2b000 feature_matching.cc:217] in 0.000s
[2026-06-21 14:28:45,165][src.colmap_feature_matcher][INFO] - I20260621 14:28:45.165536 0x16be2b000 pairing.cc:473] Processing image [2/8]
[2026-06-21 14:28:45,165][src.colmap_feature_matcher][INFO] - I20260621 14:28:45.165551 0x16be2b000 feature_matching.cc:217] in 0.000s
[2026-06-21 14:28:45,165][src.colmap_feature_matcher][INFO] - I20260621 14:28:45.165553 0x16be2b000 pairing.cc:473] Processing image [3/8]
[2026-06-21 14:28:45,165][src.colmap_feature_matcher][INFO] - I20260621 14:28:45.165567 0x16be2b000 feature_matching.cc:217] in 0.000s
[2026-06-21 14:28:45,165][src.colmap_feature_matcher][INFO] - I20260621 14:28:45.165569 0x16be2b000 pairing.cc:473] Processing image [4/8]
[2026-06-21 14:28:45,165][src.colmap_feature_matcher][INFO] - I20260621 14:28:45.165583 0x16be2b000 feature_matching.cc:217] in 0.000s
[2026-06-21 14:28:45,165][src.colmap_feature_matcher][INFO] - I20260621 14:28:45.165585 0x16be2b000 pairing.cc:473] Processing image [5/8]
[2026-06-21 14:28:45,165][src.colmap_feature_matcher][INFO] - I20260621 14:28:45.165594 0x16be2b000 feature_matching.cc:217] in 0.000s
[2026-06-21 14:28:45,165][src.colmap_feature_matcher][INFO] - I20260621 14:28:45.165595 0x16be2b000 pairing.cc:473] Processing image [6/8]
[2026-06-21 14:28:45,165][src.colmap_feature_matcher][INFO] - I20260621 14:28:45.165608 0x16be2b000 feature_matching.cc:217] in 0.000s
[2026-06-21 14:28:45,165][src.colmap_feature_matcher][INFO] - I20260621 14:28:45.165611 0x16be2b000 pairing.cc:473] Processing image [7/8]
[2026-06-21 14:28:45,165][src.colmap_feature_matcher][INFO] - I20260621 14:28:45.165618 0x16be2b000 feature_matching.cc:217] in 0.000s
[2026-06-21 14:28:45,165][src.colmap_feature_matcher][INFO] - I20260621 14:28:45.165620 0x16be2b000 pairing.cc:473] Processing image [8/8]
[2026-06-21 14:28:45,165][src.colmap_feature_matcher][INFO] - I20260621 14:28:45.165621 0x16be2b000 feature_matching.cc:217] in 0.000s
[2026-06-21 14:28:45,165][src.colmap_feature_matcher][INFO] - I20260621 14:28:45.165622 0x16be2b000 timer.cc:90] Elapsed time: 0.001 [minutes]
[2026-06-21 14:28:45,170][src.colmap_feature_matcher][INFO] - Feature matching completed successfully
[2026-06-21 14:28:45,170][__main__][INFO] - ✓ Feature matching completed
[2026-06-21 14:28:45,170][__main__][INFO] - ============================================================
[2026-06-21 14:28:45,170][__main__][INFO] - STEP 4: Sparse Reconstruction
[2026-06-21 14:28:45,170][__main__][INFO] - ============================================================
[2026-06-21 14:28:45,171][src.colmap_mapper][INFO] - Performing sparse reconstruction
[2026-06-21 14:28:45,171][src.colmap_mapper][INFO] - Database: /Users/bc/brendanchambers/2026-06-18-iphone-video-to-splat/data/intermediates/teensy/colmap_sfm_camera_model/database.db
[2026-06-21 14:28:45,171][src.colmap_mapper][INFO] - Images: /Users/bc/brendanchambers/2026-06-18-iphone-video-to-splat/data/intermediates/teensy/colmap_sfm_camera_model/images
[2026-06-21 14:28:45,171][src.colmap_mapper][INFO] - Output: /Users/bc/brendanchambers/2026-06-18-iphone-video-to-splat/data/intermediates/teensy/colmap_sfm_camera_model/sparse
[2026-06-21 14:28:45,171][src.colmap_mapper][INFO] - Running: colmap mapper
[2026-06-21 14:28:45,216][src.colmap_mapper][INFO] - I20260621 14:28:45.216462 0x1fde420c0 incremental_pipeline.cc:278] Loading database
[2026-06-21 14:28:45,216][src.colmap_mapper][INFO] - I20260621 14:28:45.216758 0x1fde420c0 database_cache.cc:72] Loading rigs...
[2026-06-21 14:28:45,216][src.colmap_mapper][INFO] - I20260621 14:28:45.216781 0x1fde420c0 database_cache.cc:82]  1 in 0.000s
[2026-06-21 14:28:45,217][src.colmap_mapper][INFO] - I20260621 14:28:45.216784 0x1fde420c0 database_cache.cc:90] Loading cameras...
[2026-06-21 14:28:45,217][src.colmap_mapper][INFO] - I20260621 14:28:45.216793 0x1fde420c0 database_cache.cc:108]  1 in 0.000s
[2026-06-21 14:28:45,217][src.colmap_mapper][INFO] - I20260621 14:28:45.216796 0x1fde420c0 database_cache.cc:116] Loading frames...
[2026-06-21 14:28:45,217][src.colmap_mapper][INFO] - I20260621 14:28:45.216814 0x1fde420c0 database_cache.cc:126]  8 in 0.000s
[2026-06-21 14:28:45,217][src.colmap_mapper][INFO] - I20260621 14:28:45.216816 0x1fde420c0 database_cache.cc:134] Loading matches...
[2026-06-21 14:28:45,217][src.colmap_mapper][INFO] - I20260621 14:28:45.216879 0x1fde420c0 database_cache.cc:139]  17 in 0.000s
[2026-06-21 14:28:45,217][src.colmap_mapper][INFO] - I20260621 14:28:45.216882 0x1fde420c0 database_cache.cc:147] Loading images...
[2026-06-21 14:28:45,217][src.colmap_mapper][INFO] - I20260621 14:28:45.217425 0x1fde420c0 database_cache.cc:241]  8 in 0.001s (connected 8, loaded 8)
[2026-06-21 14:28:45,217][src.colmap_mapper][INFO] - I20260621 14:28:45.217428 0x1fde420c0 database_cache.cc:255] Loading pose priors...
[2026-06-21 14:28:45,217][src.colmap_mapper][INFO] - I20260621 14:28:45.217434 0x1fde420c0 database_cache.cc:263]  0 in 0.000s
[2026-06-21 14:28:45,217][src.colmap_mapper][INFO] - I20260621 14:28:45.217436 0x1fde420c0 database_cache.cc:271] Building correspondence graph...
[2026-06-21 14:28:45,218][src.colmap_mapper][INFO] - I20260621 14:28:45.218236 0x1fde420c0 database_cache.cc:300]  in 0.001s (ignored 0)
[2026-06-21 14:28:45,218][src.colmap_mapper][INFO] - I20260621 14:28:45.218240 0x1fde420c0 timer.cc:90] Elapsed time: 0.000 [minutes]
[2026-06-21 14:28:45,218][src.colmap_mapper][INFO] - I20260621 14:28:45.218333 0x1fde420c0 incremental_pipeline.cc:390] Finding good initial image pair
[2026-06-21 14:28:45,228][src.colmap_mapper][INFO] - I20260621 14:28:45.228129 0x1fde420c0 incremental_pipeline.cc:414] Registering initial image pair #2 and #4
[2026-06-21 14:28:45,228][src.colmap_mapper][INFO] - I20260621 14:28:45.228751 0x1fde420c0 incremental_pipeline.cc:432] Global bundle adjustment
[2026-06-21 14:28:45,249][src.colmap_mapper][INFO] - I20260621 14:28:45.249907 0x1fde420c0 incremental_pipeline.cc:537] Registering image #3 (num_reg_frames=2)
[2026-06-21 14:28:45,249][src.colmap_mapper][INFO] - I20260621 14:28:45.249914 0x1fde420c0 incremental_pipeline.cc:540] => Image sees 138 / 1892 points
[2026-06-21 14:28:45,296][src.colmap_mapper][INFO] - I20260621 14:28:45.296403 0x1fde420c0 incremental_pipeline.cc:79] Retriangulation and Global bundle adjustment
[2026-06-21 14:28:45,311][src.colmap_mapper][INFO] - I20260621 14:28:45.310992 0x1fde420c0 incremental_pipeline.cc:537] Registering image #6 (num_reg_frames=3)
[2026-06-21 14:28:45,311][src.colmap_mapper][INFO] - I20260621 14:28:45.310997 0x1fde420c0 incremental_pipeline.cc:540] => Image sees 495 / 2128 points
[2026-06-21 14:28:45,364][src.colmap_mapper][INFO] - I20260621 14:28:45.364808 0x1fde420c0 incremental_pipeline.cc:79] Retriangulation and Global bundle adjustment
[2026-06-21 14:28:45,386][src.colmap_mapper][INFO] - I20260621 14:28:45.386471 0x1fde420c0 incremental_pipeline.cc:537] Registering image #5 (num_reg_frames=4)
[2026-06-21 14:28:45,386][src.colmap_mapper][INFO] - I20260621 14:28:45.386477 0x1fde420c0 incremental_pipeline.cc:540] => Image sees 1052 / 2461 points
[2026-06-21 14:28:45,427][src.colmap_mapper][INFO] - I20260621 14:28:45.427763 0x1fde420c0 incremental_pipeline.cc:79] Retriangulation and Global bundle adjustment
[2026-06-21 14:28:45,458][src.colmap_mapper][INFO] - I20260621 14:28:45.458891 0x1fde420c0 incremental_pipeline.cc:537] Registering image #1 (num_reg_frames=5)
[2026-06-21 14:28:45,458][src.colmap_mapper][INFO] - I20260621 14:28:45.458900 0x1fde420c0 incremental_pipeline.cc:540] => Image sees 536 / 1825 points
[2026-06-21 14:28:45,504][src.colmap_mapper][INFO] - I20260621 14:28:45.504520 0x1fde420c0 incremental_pipeline.cc:79] Retriangulation and Global bundle adjustment
[2026-06-21 14:28:45,533][src.colmap_mapper][INFO] - I20260621 14:28:45.533146 0x1fde420c0 incremental_pipeline.cc:537] Registering image #7 (num_reg_frames=6)
[2026-06-21 14:28:45,533][src.colmap_mapper][INFO] - I20260621 14:28:45.533155 0x1fde420c0 incremental_pipeline.cc:540] => Image sees 436 / 1676 points
[2026-06-21 14:28:45,568][src.colmap_mapper][INFO] - I20260621 14:28:45.568471 0x1fde420c0 incremental_pipeline.cc:79] Retriangulation and Global bundle adjustment
[2026-06-21 14:28:45,604][src.colmap_mapper][INFO] - I20260621 14:28:45.604800 0x1fde420c0 incremental_pipeline.cc:537] Registering image #8 (num_reg_frames=7)
[2026-06-21 14:28:45,604][src.colmap_mapper][INFO] - I20260621 14:28:45.604808 0x1fde420c0 incremental_pipeline.cc:540] => Image sees 480 / 1376 points
[2026-06-21 14:28:45,636][src.colmap_mapper][INFO] - I20260621 14:28:45.636127 0x1fde420c0 incremental_pipeline.cc:79] Retriangulation and Global bundle adjustment
[2026-06-21 14:28:45,670][src.colmap_mapper][INFO] - I20260621 14:28:45.670213 0x1fde420c0 incremental_pipeline.cc:79] Retriangulation and Global bundle adjustment
[2026-06-21 14:28:45,678][src.colmap_mapper][INFO] - I20260621 14:28:45.678677 0x1fde420c0 incremental_pipeline.cc:723] Keeping successful reconstruction
[2026-06-21 14:28:45,680][src.colmap_mapper][INFO] - I20260621 14:28:45.680471 0x1fde420c0 timer.cc:90] Elapsed time: 0.008 [minutes]
[2026-06-21 14:28:45,683][src.colmap_mapper][INFO] - Sparse reconstruction completed successfully
[2026-06-21 14:28:45,683][__main__][INFO] - ✓ Sparse reconstruction completed
[2026-06-21 14:28:45,683][__main__][INFO] - ============================================================
[2026-06-21 14:28:45,683][__main__][INFO] - STEP 5: Image Undistortion
[2026-06-21 14:28:45,683][__main__][INFO] - ============================================================
[2026-06-21 14:28:45,685][src.colmap_undistorter][INFO] - Undistorting images
[2026-06-21 14:28:45,685][src.colmap_undistorter][INFO] - Input model: /Users/bc/brendanchambers/2026-06-18-iphone-video-to-splat/data/intermediates/teensy/colmap_sfm_camera_model/sparse/0
[2026-06-21 14:28:45,685][src.colmap_undistorter][INFO] - Images: /Users/bc/brendanchambers/2026-06-18-iphone-video-to-splat/data/intermediates/teensy/colmap_sfm_camera_model/images
[2026-06-21 14:28:45,685][src.colmap_undistorter][INFO] - Output: /Users/bc/brendanchambers/2026-06-18-iphone-video-to-splat/data/intermediates/teensy/colmap_sfm_linearized
[2026-06-21 14:28:45,685][src.colmap_undistorter][INFO] - Running: colmap image_undistorter
[2026-06-21 14:28:45,729][src.colmap_undistorter][INFO] - I20260621 14:28:45.729045 0x1fde420c0 image.cc:368] === Reading reconstruction ===
[2026-06-21 14:28:45,731][src.colmap_undistorter][INFO] - I20260621 14:28:45.730997 0x1fde420c0 image.cc:371] => Reconstruction with 8 images and 2190 points
[2026-06-21 14:28:45,731][src.colmap_undistorter][INFO] - I20260621 14:28:45.731004 0x1fde420c0 undistorters.cc:166] === Image undistortion ===
[2026-06-21 14:28:45,731][src.colmap_undistorter][INFO] - I20260621 14:28:45.731108 0x1fde420c0 undistorters.cc:205] Undistorting image [1/8]
[2026-06-21 14:28:46,309][src.colmap_undistorter][INFO] - I20260621 14:28:46.309255 0x1fde420c0 undistorters.cc:205] Undistorting image [2/8]
[2026-06-21 14:28:46,335][src.colmap_undistorter][INFO] - I20260621 14:28:46.335505 0x1fde420c0 undistorters.cc:205] Undistorting image [3/8]
[2026-06-21 14:28:46,335][src.colmap_undistorter][INFO] - I20260621 14:28:46.335517 0x1fde420c0 undistorters.cc:205] Undistorting image [4/8]
[2026-06-21 14:28:46,335][src.colmap_undistorter][INFO] - I20260621 14:28:46.335523 0x1fde420c0 undistorters.cc:205] Undistorting image [5/8]
[2026-06-21 14:28:46,335][src.colmap_undistorter][INFO] - I20260621 14:28:46.335524 0x1fde420c0 undistorters.cc:205] Undistorting image [6/8]
[2026-06-21 14:28:46,335][src.colmap_undistorter][INFO] - I20260621 14:28:46.335526 0x1fde420c0 undistorters.cc:205] Undistorting image [7/8]
[2026-06-21 14:28:46,335][src.colmap_undistorter][INFO] - I20260621 14:28:46.335527 0x1fde420c0 undistorters.cc:205] Undistorting image [8/8]
[2026-06-21 14:28:46,335][src.colmap_undistorter][INFO] - I20260621 14:28:46.335528 0x1fde420c0 undistorters.cc:213] Writing reconstruction...
[2026-06-21 14:28:46,339][src.colmap_undistorter][INFO] - I20260621 14:28:46.339470 0x1fde420c0 undistorters.cc:218] Writing configuration...
[2026-06-21 14:28:46,339][src.colmap_undistorter][INFO] - I20260621 14:28:46.339579 0x1fde420c0 undistorters.cc:222] Writing scripts...
[2026-06-21 14:28:46,339][src.colmap_undistorter][INFO] - I20260621 14:28:46.339679 0x1fde420c0 timer.cc:90] Elapsed time: 0.010 [minutes]
[2026-06-21 14:28:46,344][src.colmap_undistorter][INFO] - Image undistortion completed successfully
[2026-06-21 14:28:46,344][__main__][INFO] - ✓ Image undistortion completed
[2026-06-21 14:28:46,344][__main__][INFO] - ============================================================
[2026-06-21 14:28:46,344][__main__][INFO] - STEP 6: OpenSplat Training
[2026-06-21 14:28:46,344][__main__][INFO] - ============================================================
[2026-06-21 14:28:46,345][src.opensplat_trainer][INFO] - Training 3D Gaussian Splat
[2026-06-21 14:28:46,345][src.opensplat_trainer][INFO] - Sparse model: /Users/bc/brendanchambers/2026-06-18-iphone-video-to-splat/data/intermediates/teensy/colmap_sfm_linearized/sparse
[2026-06-21 14:28:46,345][src.opensplat_trainer][INFO] - Images: /Users/bc/brendanchambers/2026-06-18-iphone-video-to-splat/data/intermediates/teensy/colmap_sfm_linearized/images
[2026-06-21 14:28:46,345][src.opensplat_trainer][INFO] - Output PLY: /Users/bc/brendanchambers/2026-06-18-iphone-video-to-splat/data/intermediates/teensy/colmap_sfm_linearized/splats/teensy_20260621_1428.ply
[2026-06-21 14:28:46,345][src.opensplat_trainer][INFO] - Loss log: /Users/bc/brendanchambers/2026-06-18-iphone-video-to-splat/data/intermediates/teensy/colmap_sfm_linearized/splats/teensy_20260621_1428.jsonl
[2026-06-21 14:28:46,345][src.opensplat_trainer][INFO] - Running: opensplat
[2026-06-21 14:28:46,484][src.opensplat_trainer][INFO] - Using MPS
[2026-06-21 14:28:46,485][src.opensplat_trainer][INFO] - Reading 2190 points
[2026-06-21 14:28:46,486][src.opensplat_trainer][INFO] - Loading /Users/bc/brendanchambers/2026-06-18-iphone-video-to-splat/data/intermediates/teensy/colmap_sfm_linearized/images/frame_0001.jpg
[2026-06-21 14:28:46,486][src.opensplat_trainer][INFO] - Loading /Users/bc/brendanchambers/2026-06-18-iphone-video-to-splat/data/intermediates/teensy/colmap_sfm_linearized/images/frame_0002.jpg
[2026-06-21 14:28:46,486][src.opensplat_trainer][INFO] - Loading Loading /Users/bc/brendanchambers/2026-06-18-iphone-video-to-splat/data/intermediates/teensy/colmap_sfm_linearized/images/frame_0005.jpg
[2026-06-21 14:28:46,486][src.opensplat_trainer][INFO] - Loading /Users/bc/brendanchambers/2026-06-18-iphone-video-to-splat/data/intermediates/teensy/colmap_sfm_linearized/images/frame_0004.jpg
[2026-06-21 14:28:46,486][src.opensplat_trainer][INFO] - Loading /Users/bc/brendanchambers/2026-06-18-iphone-video-to-splat/data/intermediates/teensy/colmap_sfm_linearized/images/frame_0006.jpg
[2026-06-21 14:28:46,486][src.opensplat_trainer][INFO] - /Users/bc/brendanchambers/2026-06-18-iphone-video-to-splat/data/intermediates/teensy/colmap_sfm_linearized/images/frame_0003.jpgLoading /Users/bc/brendanchambers/2026-06-18-iphone-video-to-splat/data/intermediates/teensy/colmap_sfm_linearized/images/frame_0007.jpg
[2026-06-21 14:28:46,486][src.opensplat_trainer][INFO] - Loading /Users/bc/brendanchambers/2026-06-18-iphone-video-to-splat/data/intermediates/teensy/colmap_sfm_linearized/images/frame_0008.jpg
[2026-06-21 14:28:46,486][src.opensplat_trainer][INFO] - 
[2026-06-21 14:28:46,869][src.opensplat_trainer][INFO] - init_gsplat_metal_context: loading '/Users/bc/brendanchambers/2026-06-18-iphone-video-to-splat/opensplat/build/default.metallib'
[2026-06-21 14:28:46,870][src.opensplat_trainer][INFO] - init_gsplat_metal_context: loaded '/Users/bc/brendanchambers/2026-06-18-iphone-video-to-splat/opensplat/build/default.metallib', functions: compute_cov2d_bounds_kernel, project_gaussians_backward_kernel, get_tile_bin_edges_kernel, rasterize_backward_kernel, map_gaussian_to_intersects_kernel, nd_rasterize_backward_kernel, project_gaussians_forward_kernel, compute_sh_backward_kernel, compute_sh_forward_kernel, nd_rasterize_forward_kernel
[2026-06-21 14:28:46,870][src.opensplat_trainer][INFO] - init_gsplat_metal_context: load function nd_rasterize_backward_kernel with label: (null)
[2026-06-21 14:28:46,870][src.opensplat_trainer][INFO] - init_gsplat_metal_context: load function nd_rasterize_forward_kernel with label: (null)
[2026-06-21 14:28:46,870][src.opensplat_trainer][INFO] - init_gsplat_metal_context: load function rasterize_backward_kernel with label: (null)
[2026-06-21 14:28:46,870][src.opensplat_trainer][INFO] - init_gsplat_metal_context: load function project_gaussians_forward_kernel with label: (null)
[2026-06-21 14:28:46,870][src.opensplat_trainer][INFO] - init_gsplat_metal_context: load function project_gaussians_backward_kernel with label: (null)
[2026-06-21 14:28:46,870][src.opensplat_trainer][INFO] - init_gsplat_metal_context: load function compute_sh_forward_kernel with label: (null)
[2026-06-21 14:28:46,870][src.opensplat_trainer][INFO] - init_gsplat_metal_context: load function compute_sh_backward_kernel with label: (null)
[2026-06-21 14:28:46,870][src.opensplat_trainer][INFO] - init_gsplat_metal_context: load function compute_cov2d_bounds_kernel with label: (null)
[2026-06-21 14:28:46,870][src.opensplat_trainer][INFO] - init_gsplat_metal_context: load function map_gaussian_to_intersects_kernel with label: (null)
[2026-06-21 14:28:46,870][src.opensplat_trainer][INFO] - init_gsplat_metal_context: load function get_tile_bin_edges_kernel with label: (null)
[2026-06-21 14:28:46,870][src.opensplat_trainer][INFO] - Step 10: 0.335797 (20%)
[2026-06-21 14:28:47,080][src.opensplat_trainer][INFO] - Step 20: 0.31621 (40%)
[2026-06-21 14:28:47,276][src.opensplat_trainer][INFO] - Step 30: 0.283826 (60%)
[2026-06-21 14:28:47,456][src.opensplat_trainer][INFO] - Step 40: 0.301208 (80%)
[2026-06-21 14:28:47,670][src.opensplat_trainer][INFO] - Step 50: 0.302695 (100%)
[2026-06-21 14:28:47,684][src.opensplat_trainer][INFO] - Wrote /Users/bc/brendanchambers/2026-06-18-iphone-video-to-splat/data/intermediates/teensy/colmap_sfm_linearized/splats/cameras.json
[2026-06-21 14:28:47,691][src.opensplat_trainer][INFO] - Wrote /Users/bc/brendanchambers/2026-06-18-iphone-video-to-splat/data/intermediates/teensy/colmap_sfm_linearized/splats/teensy_20260621_1428.ply
[2026-06-21 14:28:47,704][src.opensplat_trainer][INFO] - /Users/bc/brendanchambers/2026-06-18-iphone-video-to-splat/data/intermediates/teensy/colmap_sfm_linearized/images/frame_0001.jpg validation loss: 0.34494
[2026-06-21 14:28:47,756][src.opensplat_trainer][INFO] - Parsed 0 training loss values to /Users/bc/brendanchambers/2026-06-18-iphone-video-to-splat/data/intermediates/teensy/colmap_sfm_linearized/splats/teensy_20260621_1428.jsonl
[2026-06-21 14:28:47,756][src.opensplat_trainer][INFO] - Training completed successfully
[2026-06-21 14:28:47,756][src.opensplat_trainer][INFO] - Output saved to: /Users/bc/brendanchambers/2026-06-18-iphone-video-to-splat/data/intermediates/teensy/colmap_sfm_linearized/splats/teensy_20260621_1428.ply
[2026-06-21 14:28:47,756][__main__][INFO] - ✓ Splat training completed
[2026-06-21 14:28:47,756][__main__][INFO] - 
[2026-06-21 14:28:47,756][__main__][INFO] - ╔==========================================================╗
[2026-06-21 14:28:47,756][__main__][INFO] - ║                    Pipeline Complete!                    ║
[2026-06-21 14:28:47,756][__main__][INFO] - ╚==========================================================╝
[2026-06-21 14:28:47,757][__main__][INFO] - Output directory: /Users/bc/brendanchambers/2026-06-18-iphone-video-to-splat/data/intermediates/teensy/colmap_sfm_linearized/splats
[2026-06-21 14:28:47,757][__main__][INFO] -   - PLY file: *.ply (3D Gaussian Splat)
[2026-06-21 14:28:47,757][__main__][INFO] -   - Loss log: *.jsonl (Training loss per step)
