[2026-06-21 12:27:35,562][__main__][INFO] - 
[2026-06-21 12:27:35,563][__main__][INFO] - ╔==========================================================╗
[2026-06-21 12:27:35,563][__main__][INFO] - ║          3D Gaussian Splat Training Pipeline              ║
[2026-06-21 12:27:35,563][__main__][INFO] - ╚==========================================================╝
[2026-06-21 12:27:35,563][__main__][INFO] - Experiment: teensy
[2026-06-21 12:27:35,563][__main__][INFO] - Project dir: /Users/bc/brendanchambers/2026-06-18-iphone-video-to-splat
[2026-06-21 12:27:35,563][__main__][INFO] - 
[2026-06-21 12:27:35,563][__main__][INFO] - ============================================================
[2026-06-21 12:27:35,563][__main__][INFO] - STEP 1: Frame Extraction
[2026-06-21 12:27:35,563][__main__][INFO] - ============================================================
[2026-06-21 12:27:35,563][src.frame_extractor][INFO] - Extracting frames from: /Users/bc/brendanchambers/2026-06-18-iphone-video-to-splat/data/incoming/movies/teensy.mov
[2026-06-21 12:27:35,563][src.frame_extractor][INFO] - Output directory: /Users/bc/brendanchambers/2026-06-18-iphone-video-to-splat/data/intermediates/teensy/images
[2026-06-21 12:27:35,563][src.frame_extractor][INFO] - Extracting frames at 2 fps
[2026-06-21 12:27:35,563][src.frame_extractor][INFO] - Running command: ffmpeg -i /Users/bc/brendanchambers/2026-06-18-iphone-video-to-splat/data/incoming/movies/teensy.mov -vf fps=2 -q:v 2 /Users/bc/brendanchambers/2026-06-18-iphone-video-to-splat/data/intermediates/teensy/images/frame_%04d.jpg
[2026-06-21 12:27:35,576][src.frame_extractor][INFO] - ffmpeg version 8.1.2 Copyright (c) 2000-2026 the FFmpeg developers
[2026-06-21 12:27:35,577][src.frame_extractor][INFO] -   built with Apple clang version 17.0.0 (clang-1700.6.4.2)
[2026-06-21 12:27:35,577][src.frame_extractor][INFO] -   configuration: --prefix=/opt/homebrew/Cellar/ffmpeg/8.1.2 --enable-shared --enable-pthreads --enable-version3 --cc=clang --host-cflags= --host-ldflags= --enable-ffplay --enable-gpl --enable-libsvtav1 --enable-libopus --enable-libx264 --enable-libmp3lame --enable-libdav1d --enable-libvmaf --enable-libvpx --enable-libx265 --enable-openssl --enable-videotoolbox --enable-audiotoolbox --enable-neon
[2026-06-21 12:27:35,577][src.frame_extractor][INFO] -   libavutil      60. 26.102 / 60. 26.102
[2026-06-21 12:27:35,577][src.frame_extractor][INFO] -   libavcodec     62. 28.102 / 62. 28.102
[2026-06-21 12:27:35,577][src.frame_extractor][INFO] -   libavformat    62. 12.102 / 62. 12.102
[2026-06-21 12:27:35,577][src.frame_extractor][INFO] -   libavdevice    62.  3.102 / 62.  3.102
[2026-06-21 12:27:35,577][src.frame_extractor][INFO] -   libavfilter    11. 14.102 / 11. 14.102
[2026-06-21 12:27:35,577][src.frame_extractor][INFO] -   libswscale      9.  5.102 /  9.  5.102
[2026-06-21 12:27:35,577][src.frame_extractor][INFO] -   libswresample   6.  3.102 /  6.  3.102
[2026-06-21 12:27:35,591][src.frame_extractor][INFO] - Input #0, mov,mp4,m4a,3gp,3g2,mj2, from '/Users/bc/brendanchambers/2026-06-18-iphone-video-to-splat/data/incoming/movies/teensy.mov':
[2026-06-21 12:27:35,591][src.frame_extractor][INFO] -   Metadata:
[2026-06-21 12:27:35,591][src.frame_extractor][INFO] -     major_brand     : qt
[2026-06-21 12:27:35,591][src.frame_extractor][INFO] -     minor_version   : 512
[2026-06-21 12:27:35,591][src.frame_extractor][INFO] -     compatible_brands: qt
[2026-06-21 12:27:35,591][src.frame_extractor][INFO] -     encoder         : Lavf62.12.102
[2026-06-21 12:27:35,591][src.frame_extractor][INFO] -   Duration: 00:00:04.01, start: 0.000000, bitrate: 19786 kb/s
[2026-06-21 12:27:35,591][src.frame_extractor][INFO] -   Stream #0:0[0x1]: Video: h264 (High) (avc1 / 0x31637661), yuv420p(tv, bt709, progressive), 1080x1920, 19646 kb/s, 29.67 fps, 29.67 tbr, 11392 tbn (default)
[2026-06-21 12:27:35,591][src.frame_extractor][INFO] -     Metadata:
[2026-06-21 12:27:35,591][src.frame_extractor][INFO] -       handler_name    : Core Media Video
[2026-06-21 12:27:35,591][src.frame_extractor][INFO] -       vendor_id       : FFMP
[2026-06-21 12:27:35,591][src.frame_extractor][INFO] -       encoder         : Lavc62.28.102 libx264
[2026-06-21 12:27:35,591][src.frame_extractor][INFO] -   Stream #0:1[0x2]: Audio: aac (LC) (mp4a / 0x6134706D), 48000 Hz, stereo, fltp, 128 kb/s (default)
[2026-06-21 12:27:35,591][src.frame_extractor][INFO] -     Metadata:
[2026-06-21 12:27:35,591][src.frame_extractor][INFO] -       handler_name    : Core Media Audio
[2026-06-21 12:27:35,591][src.frame_extractor][INFO] -       vendor_id       : [0][0][0][0]
[2026-06-21 12:27:35,591][src.frame_extractor][INFO] - Stream mapping:
[2026-06-21 12:27:35,591][src.frame_extractor][INFO] -   Stream #0:0 -> #0:0 (h264 (native) -> mjpeg (native))
[2026-06-21 12:27:35,591][src.frame_extractor][INFO] - Press [q] to stop, [?] for help
[2026-06-21 12:27:35,639][src.frame_extractor][INFO] - Output #0, image2, to '/Users/bc/brendanchambers/2026-06-18-iphone-video-to-splat/data/intermediates/teensy/images/frame_%04d.jpg':
[2026-06-21 12:27:35,639][src.frame_extractor][INFO] -   Metadata:
[2026-06-21 12:27:35,639][src.frame_extractor][INFO] -     major_brand     : qt
[2026-06-21 12:27:35,639][src.frame_extractor][INFO] -     minor_version   : 512
[2026-06-21 12:27:35,639][src.frame_extractor][INFO] -     compatible_brands: qt
[2026-06-21 12:27:35,639][src.frame_extractor][INFO] -     encoder         : Lavf62.12.102
[2026-06-21 12:27:35,641][src.frame_extractor][INFO] -   Stream #0:0: Video: mjpeg, yuv420p(pc, bt709, progressive), 1080x1920, q=2-31, 200 kb/s, 2 fps, 2 tbn (default)
[2026-06-21 12:27:35,641][src.frame_extractor][INFO] -     Metadata:
[2026-06-21 12:27:35,641][src.frame_extractor][INFO] -       encoder         : Lavc62.28.102 mjpeg
[2026-06-21 12:27:35,641][src.frame_extractor][INFO] -       handler_name    : Core Media Video
[2026-06-21 12:27:35,643][src.frame_extractor][INFO] -       vendor_id       : FFMP
[2026-06-21 12:27:35,644][src.frame_extractor][INFO] -     Side data:
[2026-06-21 12:27:35,644][src.frame_extractor][INFO] -       CPB properties: bitrate max/min/avg: 0/0/200000 buffer size: 0 vbv_delay: N/A
[2026-06-21 12:27:35,784][src.frame_extractor][INFO] - [out#0/image2 @ 0x600002b28600] video:5173KiB audio:0KiB subtitle:0KiB other streams:0KiB global headers:0KiB muxing overhead: unknown
[2026-06-21 12:27:35,784][src.frame_extractor][INFO] - frame=    8 fps=0.0 q=2.0 Lsize=N/A time=00:00:04.00 bitrate=N/A speed=20.8x elapsed=0:00:00.19
[2026-06-21 12:27:35,787][src.frame_extractor][INFO] - Successfully extracted 8 frames
[2026-06-21 12:27:35,787][__main__][INFO] - ✓ Frame extraction completed
[2026-06-21 12:27:35,787][__main__][INFO] - ============================================================
[2026-06-21 12:27:35,787][__main__][INFO] - STEP 2: Feature Extraction
[2026-06-21 12:27:35,787][__main__][INFO] - ============================================================
[2026-06-21 12:27:35,788][src.colmap_feature_extractor][INFO] - Extracting features from images: /Users/bc/brendanchambers/2026-06-18-iphone-video-to-splat/data/intermediates/teensy/images
[2026-06-21 12:27:35,788][src.colmap_feature_extractor][INFO] - Database: /Users/bc/brendanchambers/2026-06-18-iphone-video-to-splat/data/intermediates/teensy/database.db
[2026-06-21 12:27:35,788][src.colmap_feature_extractor][INFO] - Running: colmap feature_extractor
[2026-06-21 12:27:35,945][src.colmap_feature_extractor][INFO] - I20260621 12:27:35.945109 0x16bf4b000 feature_extraction.cc:504] === Feature extraction ===
[2026-06-21 12:27:35,961][src.colmap_feature_extractor][INFO] - I20260621 12:27:35.961203 0x16c54f000 sift.cc:757] Creating SIFT GPU feature extractor
[2026-06-21 12:27:35,998][src.colmap_feature_extractor][INFO] - I20260621 12:27:35.998478 0x16c5db000 feature_extraction.cc:282] Processed file [1/8]
[2026-06-21 12:27:35,998][src.colmap_feature_extractor][INFO] - I20260621 12:27:35.998492 0x16c5db000 feature_extraction.cc:285]   Name:            frame_0001.jpg
[2026-06-21 12:27:35,998][src.colmap_feature_extractor][INFO] - W20260621 12:27:35.998495 0x16c5db000 feature_extraction.cc:289] frame_0001.jpg IMAGE_EXISTS: Features for image were already extracted.
[2026-06-21 12:27:35,998][src.colmap_feature_extractor][INFO] - I20260621 12:27:35.998780 0x16c5db000 feature_extraction.cc:282] Processed file [2/8]
[2026-06-21 12:27:35,998][src.colmap_feature_extractor][INFO] - I20260621 12:27:35.998783 0x16c5db000 feature_extraction.cc:285]   Name:            frame_0002.jpg
[2026-06-21 12:27:35,998][src.colmap_feature_extractor][INFO] - W20260621 12:27:35.998785 0x16c5db000 feature_extraction.cc:289] frame_0002.jpg IMAGE_EXISTS: Features for image were already extracted.
[2026-06-21 12:27:35,998][src.colmap_feature_extractor][INFO] - I20260621 12:27:35.998793 0x16c5db000 feature_extraction.cc:282] Processed file [3/8]
[2026-06-21 12:27:35,998][src.colmap_feature_extractor][INFO] - I20260621 12:27:35.998796 0x16c5db000 feature_extraction.cc:285]   Name:            frame_0003.jpg
[2026-06-21 12:27:35,998][src.colmap_feature_extractor][INFO] - W20260621 12:27:35.998798 0x16c5db000 feature_extraction.cc:289] frame_0003.jpg IMAGE_EXISTS: Features for image were already extracted.
[2026-06-21 12:27:35,998][src.colmap_feature_extractor][INFO] - I20260621 12:27:35.998805 0x16c5db000 feature_extraction.cc:282] Processed file [4/8]
[2026-06-21 12:27:35,998][src.colmap_feature_extractor][INFO] - I20260621 12:27:35.998807 0x16c5db000 feature_extraction.cc:285]   Name:            frame_0004.jpg
[2026-06-21 12:27:35,998][src.colmap_feature_extractor][INFO] - W20260621 12:27:35.998808 0x16c5db000 feature_extraction.cc:289] frame_0004.jpg IMAGE_EXISTS: Features for image were already extracted.
[2026-06-21 12:27:35,998][src.colmap_feature_extractor][INFO] - I20260621 12:27:35.998822 0x16c5db000 feature_extraction.cc:282] Processed file [5/8]
[2026-06-21 12:27:35,999][src.colmap_feature_extractor][INFO] - I20260621 12:27:35.998826 0x16c5db000 feature_extraction.cc:285]   Name:            frame_0005.jpg
[2026-06-21 12:27:35,999][src.colmap_feature_extractor][INFO] - W20260621 12:27:35.998829 0x16c5db000 feature_extraction.cc:289] frame_0005.jpg IMAGE_EXISTS: Features for image were already extracted.
[2026-06-21 12:27:35,999][src.colmap_feature_extractor][INFO] - I20260621 12:27:35.998837 0x16c5db000 feature_extraction.cc:282] Processed file [6/8]
[2026-06-21 12:27:35,999][src.colmap_feature_extractor][INFO] - I20260621 12:27:35.998838 0x16c5db000 feature_extraction.cc:285]   Name:            frame_0006.jpg
[2026-06-21 12:27:35,999][src.colmap_feature_extractor][INFO] - W20260621 12:27:35.998840 0x16c5db000 feature_extraction.cc:289] frame_0006.jpg IMAGE_EXISTS: Features for image were already extracted.
[2026-06-21 12:27:35,999][src.colmap_feature_extractor][INFO] - I20260621 12:27:35.998860 0x16c5db000 feature_extraction.cc:282] Processed file [7/8]
[2026-06-21 12:27:35,999][src.colmap_feature_extractor][INFO] - I20260621 12:27:35.998862 0x16c5db000 feature_extraction.cc:285]   Name:            frame_0007.jpg
[2026-06-21 12:27:35,999][src.colmap_feature_extractor][INFO] - W20260621 12:27:35.998863 0x16c5db000 feature_extraction.cc:289] frame_0007.jpg IMAGE_EXISTS: Features for image were already extracted.
[2026-06-21 12:27:35,999][src.colmap_feature_extractor][INFO] - I20260621 12:27:35.998868 0x16c5db000 feature_extraction.cc:282] Processed file [8/8]
[2026-06-21 12:27:35,999][src.colmap_feature_extractor][INFO] - I20260621 12:27:35.998870 0x16c5db000 feature_extraction.cc:285]   Name:            frame_0008.jpg
[2026-06-21 12:27:35,999][src.colmap_feature_extractor][INFO] - W20260621 12:27:35.998871 0x16c5db000 feature_extraction.cc:289] frame_0008.jpg IMAGE_EXISTS: Features for image were already extracted.
[2026-06-21 12:27:35,999][src.colmap_feature_extractor][INFO] - I20260621 12:27:35.998979 0x16bf4b000 timer.cc:90] Elapsed time: 0.001 [minutes]
[2026-06-21 12:27:36,003][src.colmap_feature_extractor][INFO] - Feature extraction completed successfully
[2026-06-21 12:27:36,003][__main__][INFO] - ✓ Feature extraction completed
[2026-06-21 12:27:36,003][__main__][INFO] - ============================================================
[2026-06-21 12:27:36,003][__main__][INFO] - STEP 3: Feature Matching
[2026-06-21 12:27:36,003][__main__][INFO] - ============================================================
[2026-06-21 12:27:36,004][src.colmap_feature_matcher][INFO] - Matching features in database: /Users/bc/brendanchambers/2026-06-18-iphone-video-to-splat/data/intermediates/teensy/database.db
[2026-06-21 12:27:36,004][src.colmap_feature_matcher][INFO] - Running: colmap sequential_matcher
[2026-06-21 12:27:36,158][src.colmap_feature_matcher][INFO] - I20260621 12:27:36.158528 0x16fcc3000 feature_matching.cc:195] === Feature matching & geometric verification ===
[2026-06-21 12:27:36,172][src.colmap_feature_matcher][INFO] - I20260621 12:27:36.172154 0x16fd4f000 sift.cc:1559] Creating SIFT GPU feature matcher
[2026-06-21 12:27:36,194][src.colmap_feature_matcher][INFO] - I20260621 12:27:36.194667 0x16fcc3000 pairing.cc:415] Generating sequential image pairs...
[2026-06-21 12:27:36,194][src.colmap_feature_matcher][INFO] - I20260621 12:27:36.194756 0x16fcc3000 pairing.cc:473] Processing image [1/8]
[2026-06-21 12:27:36,194][src.colmap_feature_matcher][INFO] - I20260621 12:27:36.194779 0x16fcc3000 feature_matching.cc:217] in 0.000s
[2026-06-21 12:27:36,194][src.colmap_feature_matcher][INFO] - I20260621 12:27:36.194783 0x16fcc3000 pairing.cc:473] Processing image [2/8]
[2026-06-21 12:27:36,194][src.colmap_feature_matcher][INFO] - I20260621 12:27:36.194799 0x16fcc3000 feature_matching.cc:217] in 0.000s
[2026-06-21 12:27:36,194][src.colmap_feature_matcher][INFO] - I20260621 12:27:36.194801 0x16fcc3000 pairing.cc:473] Processing image [3/8]
[2026-06-21 12:27:36,194][src.colmap_feature_matcher][INFO] - I20260621 12:27:36.194814 0x16fcc3000 feature_matching.cc:217] in 0.000s
[2026-06-21 12:27:36,194][src.colmap_feature_matcher][INFO] - I20260621 12:27:36.194816 0x16fcc3000 pairing.cc:473] Processing image [4/8]
[2026-06-21 12:27:36,194][src.colmap_feature_matcher][INFO] - I20260621 12:27:36.194833 0x16fcc3000 feature_matching.cc:217] in 0.000s
[2026-06-21 12:27:36,194][src.colmap_feature_matcher][INFO] - I20260621 12:27:36.194835 0x16fcc3000 pairing.cc:473] Processing image [5/8]
[2026-06-21 12:27:36,194][src.colmap_feature_matcher][INFO] - I20260621 12:27:36.194847 0x16fcc3000 feature_matching.cc:217] in 0.000s
[2026-06-21 12:27:36,194][src.colmap_feature_matcher][INFO] - I20260621 12:27:36.194849 0x16fcc3000 pairing.cc:473] Processing image [6/8]
[2026-06-21 12:27:36,194][src.colmap_feature_matcher][INFO] - I20260621 12:27:36.194861 0x16fcc3000 feature_matching.cc:217] in 0.000s
[2026-06-21 12:27:36,195][src.colmap_feature_matcher][INFO] - I20260621 12:27:36.194862 0x16fcc3000 pairing.cc:473] Processing image [7/8]
[2026-06-21 12:27:36,195][src.colmap_feature_matcher][INFO] - I20260621 12:27:36.194869 0x16fcc3000 feature_matching.cc:217] in 0.000s
[2026-06-21 12:27:36,195][src.colmap_feature_matcher][INFO] - I20260621 12:27:36.194871 0x16fcc3000 pairing.cc:473] Processing image [8/8]
[2026-06-21 12:27:36,195][src.colmap_feature_matcher][INFO] - I20260621 12:27:36.194873 0x16fcc3000 feature_matching.cc:217] in 0.000s
[2026-06-21 12:27:36,195][src.colmap_feature_matcher][INFO] - I20260621 12:27:36.194875 0x16fcc3000 timer.cc:90] Elapsed time: 0.001 [minutes]
[2026-06-21 12:27:36,199][src.colmap_feature_matcher][INFO] - Feature matching completed successfully
[2026-06-21 12:27:36,199][__main__][INFO] - ✓ Feature matching completed
[2026-06-21 12:27:36,199][__main__][INFO] - ============================================================
[2026-06-21 12:27:36,199][__main__][INFO] - STEP 4: Sparse Reconstruction
[2026-06-21 12:27:36,199][__main__][INFO] - ============================================================
[2026-06-21 12:27:36,200][src.colmap_mapper][INFO] - Performing sparse reconstruction
[2026-06-21 12:27:36,200][src.colmap_mapper][INFO] - Database: /Users/bc/brendanchambers/2026-06-18-iphone-video-to-splat/data/intermediates/teensy/database.db
[2026-06-21 12:27:36,200][src.colmap_mapper][INFO] - Images: /Users/bc/brendanchambers/2026-06-18-iphone-video-to-splat/data/intermediates/teensy/images
[2026-06-21 12:27:36,200][src.colmap_mapper][INFO] - Output: /Users/bc/brendanchambers/2026-06-18-iphone-video-to-splat/data/intermediates/teensy/sparse
[2026-06-21 12:27:36,200][src.colmap_mapper][INFO] - Running: colmap mapper
[2026-06-21 12:27:36,246][src.colmap_mapper][INFO] - I20260621 12:27:36.245856 0x1fde420c0 incremental_pipeline.cc:278] Loading database
[2026-06-21 12:27:36,246][src.colmap_mapper][INFO] - I20260621 12:27:36.246142 0x1fde420c0 database_cache.cc:72] Loading rigs...
[2026-06-21 12:27:36,246][src.colmap_mapper][INFO] - I20260621 12:27:36.246165 0x1fde420c0 database_cache.cc:82]  1 in 0.000s
[2026-06-21 12:27:36,246][src.colmap_mapper][INFO] - I20260621 12:27:36.246168 0x1fde420c0 database_cache.cc:90] Loading cameras...
[2026-06-21 12:27:36,246][src.colmap_mapper][INFO] - I20260621 12:27:36.246181 0x1fde420c0 database_cache.cc:108]  1 in 0.000s
[2026-06-21 12:27:36,246][src.colmap_mapper][INFO] - I20260621 12:27:36.246183 0x1fde420c0 database_cache.cc:116] Loading frames...
[2026-06-21 12:27:36,246][src.colmap_mapper][INFO] - I20260621 12:27:36.246200 0x1fde420c0 database_cache.cc:126]  8 in 0.000s
[2026-06-21 12:27:36,246][src.colmap_mapper][INFO] - I20260621 12:27:36.246202 0x1fde420c0 database_cache.cc:134] Loading matches...
[2026-06-21 12:27:36,246][src.colmap_mapper][INFO] - I20260621 12:27:36.246269 0x1fde420c0 database_cache.cc:139]  17 in 0.000s
[2026-06-21 12:27:36,246][src.colmap_mapper][INFO] - I20260621 12:27:36.246271 0x1fde420c0 database_cache.cc:147] Loading images...
[2026-06-21 12:27:36,246][src.colmap_mapper][INFO] - I20260621 12:27:36.246859 0x1fde420c0 database_cache.cc:241]  8 in 0.001s (connected 8, loaded 8)
[2026-06-21 12:27:36,246][src.colmap_mapper][INFO] - I20260621 12:27:36.246863 0x1fde420c0 database_cache.cc:255] Loading pose priors...
[2026-06-21 12:27:36,246][src.colmap_mapper][INFO] - I20260621 12:27:36.246868 0x1fde420c0 database_cache.cc:263]  0 in 0.000s
[2026-06-21 12:27:36,246][src.colmap_mapper][INFO] - I20260621 12:27:36.246870 0x1fde420c0 database_cache.cc:271] Building correspondence graph...
[2026-06-21 12:27:36,247][src.colmap_mapper][INFO] - I20260621 12:27:36.247677 0x1fde420c0 database_cache.cc:300]  in 0.001s (ignored 0)
[2026-06-21 12:27:36,247][src.colmap_mapper][INFO] - I20260621 12:27:36.247680 0x1fde420c0 timer.cc:90] Elapsed time: 0.000 [minutes]
[2026-06-21 12:27:36,247][src.colmap_mapper][INFO] - I20260621 12:27:36.247790 0x1fde420c0 incremental_pipeline.cc:390] Finding good initial image pair
[2026-06-21 12:27:36,259][src.colmap_mapper][INFO] - I20260621 12:27:36.259322 0x1fde420c0 incremental_pipeline.cc:414] Registering initial image pair #4 and #2
[2026-06-21 12:27:36,259][src.colmap_mapper][INFO] - I20260621 12:27:36.259917 0x1fde420c0 incremental_pipeline.cc:432] Global bundle adjustment
[2026-06-21 12:27:36,284][src.colmap_mapper][INFO] - I20260621 12:27:36.284896 0x1fde420c0 incremental_pipeline.cc:537] Registering image #3 (num_reg_frames=2)
[2026-06-21 12:27:36,284][src.colmap_mapper][INFO] - I20260621 12:27:36.284903 0x1fde420c0 incremental_pipeline.cc:540] => Image sees 169 / 2020 points
[2026-06-21 12:27:36,312][src.colmap_mapper][INFO] - I20260621 12:27:36.312658 0x1fde420c0 incremental_pipeline.cc:79] Retriangulation and Global bundle adjustment
[2026-06-21 12:27:36,329][src.colmap_mapper][INFO] - I20260621 12:27:36.329508 0x1fde420c0 incremental_pipeline.cc:537] Registering image #6 (num_reg_frames=3)
[2026-06-21 12:27:36,329][src.colmap_mapper][INFO] - I20260621 12:27:36.329512 0x1fde420c0 incremental_pipeline.cc:540] => Image sees 536 / 2233 points
[2026-06-21 12:27:36,379][src.colmap_mapper][INFO] - I20260621 12:27:36.379971 0x1fde420c0 incremental_pipeline.cc:79] Retriangulation and Global bundle adjustment
[2026-06-21 12:27:36,404][src.colmap_mapper][INFO] - I20260621 12:27:36.404588 0x1fde420c0 incremental_pipeline.cc:537] Registering image #5 (num_reg_frames=4)
[2026-06-21 12:27:36,404][src.colmap_mapper][INFO] - I20260621 12:27:36.404593 0x1fde420c0 incremental_pipeline.cc:540] => Image sees 1114 / 2586 points
[2026-06-21 12:27:36,467][src.colmap_mapper][INFO] - I20260621 12:27:36.467680 0x1fde420c0 incremental_pipeline.cc:79] Retriangulation and Global bundle adjustment
[2026-06-21 12:27:36,483][src.colmap_mapper][INFO] - I20260621 12:27:36.483030 0x1fde420c0 incremental_pipeline.cc:537] Registering image #1 (num_reg_frames=5)
[2026-06-21 12:27:36,483][src.colmap_mapper][INFO] - I20260621 12:27:36.483035 0x1fde420c0 incremental_pipeline.cc:540] => Image sees 581 / 1931 points
[2026-06-21 12:27:36,550][src.colmap_mapper][INFO] - I20260621 12:27:36.550405 0x1fde420c0 incremental_pipeline.cc:79] Retriangulation and Global bundle adjustment
[2026-06-21 12:27:36,578][src.colmap_mapper][INFO] - I20260621 12:27:36.578625 0x1fde420c0 incremental_pipeline.cc:537] Registering image #7 (num_reg_frames=6)
[2026-06-21 12:27:36,578][src.colmap_mapper][INFO] - I20260621 12:27:36.578632 0x1fde420c0 incremental_pipeline.cc:540] => Image sees 453 / 1755 points
[2026-06-21 12:27:36,617][src.colmap_mapper][INFO] - I20260621 12:27:36.617887 0x1fde420c0 incremental_pipeline.cc:79] Retriangulation and Global bundle adjustment
[2026-06-21 12:27:36,657][src.colmap_mapper][INFO] - I20260621 12:27:36.657955 0x1fde420c0 incremental_pipeline.cc:537] Registering image #8 (num_reg_frames=7)
[2026-06-21 12:27:36,658][src.colmap_mapper][INFO] - I20260621 12:27:36.657962 0x1fde420c0 incremental_pipeline.cc:540] => Image sees 503 / 1452 points
[2026-06-21 12:27:36,695][src.colmap_mapper][INFO] - I20260621 12:27:36.695126 0x1fde420c0 incremental_pipeline.cc:79] Retriangulation and Global bundle adjustment
[2026-06-21 12:27:36,732][src.colmap_mapper][INFO] - I20260621 12:27:36.732837 0x1fde420c0 incremental_pipeline.cc:79] Retriangulation and Global bundle adjustment
[2026-06-21 12:27:36,741][src.colmap_mapper][INFO] - I20260621 12:27:36.741786 0x1fde420c0 incremental_pipeline.cc:723] Keeping successful reconstruction
[2026-06-21 12:27:36,743][src.colmap_mapper][INFO] - I20260621 12:27:36.743620 0x1fde420c0 timer.cc:90] Elapsed time: 0.008 [minutes]
[2026-06-21 12:27:36,747][src.colmap_mapper][INFO] - Sparse reconstruction completed successfully
[2026-06-21 12:27:36,747][__main__][INFO] - ✓ Sparse reconstruction completed
[2026-06-21 12:27:36,747][__main__][INFO] - ============================================================
[2026-06-21 12:27:36,747][__main__][INFO] - STEP 5: Image Undistortion
[2026-06-21 12:27:36,747][__main__][INFO] - ============================================================
[2026-06-21 12:27:36,748][src.colmap_undistorter][INFO] - Undistorting images
[2026-06-21 12:27:36,748][src.colmap_undistorter][INFO] - Input model: /Users/bc/brendanchambers/2026-06-18-iphone-video-to-splat/data/intermediates/teensy/sparse/0
[2026-06-21 12:27:36,748][src.colmap_undistorter][INFO] - Images: /Users/bc/brendanchambers/2026-06-18-iphone-video-to-splat/data/intermediates/teensy/images
[2026-06-21 12:27:36,748][src.colmap_undistorter][INFO] - Output: /Users/bc/brendanchambers/2026-06-18-iphone-video-to-splat/data/intermediates/teensy_distortion_corrected
[2026-06-21 12:27:36,748][src.colmap_undistorter][INFO] - Running: colmap image_undistorter
[2026-06-21 12:27:36,792][src.colmap_undistorter][INFO] - I20260621 12:27:36.792005 0x1fde420c0 image.cc:368] === Reading reconstruction ===
[2026-06-21 12:27:36,794][src.colmap_undistorter][INFO] - I20260621 12:27:36.794078 0x1fde420c0 image.cc:371] => Reconstruction with 8 images and 2328 points
[2026-06-21 12:27:36,794][src.colmap_undistorter][INFO] - I20260621 12:27:36.794086 0x1fde420c0 undistorters.cc:166] === Image undistortion ===
[2026-06-21 12:27:36,794][src.colmap_undistorter][INFO] - I20260621 12:27:36.794200 0x1fde420c0 undistorters.cc:205] Undistorting image [1/8]
[2026-06-21 12:27:37,385][src.colmap_undistorter][INFO] - I20260621 12:27:37.384907 0x1fde420c0 undistorters.cc:205] Undistorting image [2/8]
[2026-06-21 12:27:37,386][src.colmap_undistorter][INFO] - I20260621 12:27:37.386852 0x1fde420c0 undistorters.cc:205] Undistorting image [3/8]
[2026-06-21 12:27:37,386][src.colmap_undistorter][INFO] - I20260621 12:27:37.386857 0x1fde420c0 undistorters.cc:205] Undistorting image [4/8]
[2026-06-21 12:27:37,400][src.colmap_undistorter][INFO] - I20260621 12:27:37.400574 0x1fde420c0 undistorters.cc:205] Undistorting image [5/8]
[2026-06-21 12:27:37,400][src.colmap_undistorter][INFO] - I20260621 12:27:37.400578 0x1fde420c0 undistorters.cc:205] Undistorting image [6/8]
[2026-06-21 12:27:37,400][src.colmap_undistorter][INFO] - I20260621 12:27:37.400579 0x1fde420c0 undistorters.cc:205] Undistorting image [7/8]
[2026-06-21 12:27:37,406][src.colmap_undistorter][INFO] - I20260621 12:27:37.406369 0x1fde420c0 undistorters.cc:205] Undistorting image [8/8]
[2026-06-21 12:27:37,406][src.colmap_undistorter][INFO] - I20260621 12:27:37.406376 0x1fde420c0 undistorters.cc:213] Writing reconstruction...
[2026-06-21 12:27:37,410][src.colmap_undistorter][INFO] - I20260621 12:27:37.410744 0x1fde420c0 undistorters.cc:218] Writing configuration...
[2026-06-21 12:27:37,410][src.colmap_undistorter][INFO] - I20260621 12:27:37.410828 0x1fde420c0 undistorters.cc:222] Writing scripts...
[2026-06-21 12:27:37,410][src.colmap_undistorter][INFO] - I20260621 12:27:37.410913 0x1fde420c0 timer.cc:90] Elapsed time: 0.010 [minutes]
[2026-06-21 12:27:37,415][src.colmap_undistorter][INFO] - Image undistortion completed successfully
[2026-06-21 12:27:37,415][__main__][INFO] - ✓ Image undistortion completed
[2026-06-21 12:27:37,415][__main__][INFO] - ============================================================
[2026-06-21 12:27:37,415][__main__][INFO] - STEP 6: OpenSplat Training
[2026-06-21 12:27:37,415][__main__][INFO] - ============================================================
[2026-06-21 12:27:37,416][src.opensplat_trainer][INFO] - Training 3D Gaussian Splat
[2026-06-21 12:27:37,416][src.opensplat_trainer][INFO] - Sparse model: /Users/bc/brendanchambers/2026-06-18-iphone-video-to-splat/data/intermediates/teensy_distortion_corrected/sparse
[2026-06-21 12:27:37,416][src.opensplat_trainer][INFO] - Images: /Users/bc/brendanchambers/2026-06-18-iphone-video-to-splat/data/intermediates/teensy_distortion_corrected/images
[2026-06-21 12:27:37,416][src.opensplat_trainer][INFO] - Output: /Users/bc/brendanchambers/2026-06-18-iphone-video-to-splat/data/intermediates/teensy_distortion_corrected/splats/teensy_20260621_1227.ply
[2026-06-21 12:27:37,416][src.opensplat_trainer][INFO] - Running: opensplat
[2026-06-21 12:27:37,556][src.opensplat_trainer][INFO] - Using MPS
[2026-06-21 12:27:37,558][src.opensplat_trainer][INFO] - Reading 2328 points
[2026-06-21 12:27:37,558][src.opensplat_trainer][INFO] - Loading /Users/bc/brendanchambers/2026-06-18-iphone-video-to-splat/data/intermediates/teensy_distortion_corrected/images/frame_0001.jpg
[2026-06-21 12:27:37,558][src.opensplat_trainer][INFO] - Loading /Users/bc/brendanchambers/2026-06-18-iphone-video-to-splat/data/intermediates/teensy_distortion_corrected/images/frame_0003.jpg
[2026-06-21 12:27:37,558][src.opensplat_trainer][INFO] - Loading Loading Loading /Users/bc/brendanchambers/2026-06-18-iphone-video-to-splat/data/intermediates/teensy_distortion_corrected/images/frame_0004.jpgLoading /Users/bc/brendanchambers/2026-06-18-iphone-video-to-splat/data/intermediates/teensy_distortion_corrected/images/frame_0002.jpg
[2026-06-21 12:27:37,558][src.opensplat_trainer][INFO] - /Users/bc/brendanchambers/2026-06-18-iphone-video-to-splat/data/intermediates/teensy_distortion_corrected/images/frame_0006.jpgLoading Loading /Users/bc/brendanchambers/2026-06-18-iphone-video-to-splat/data/intermediates/teensy_distortion_corrected/images/frame_0008.jpg
[2026-06-21 12:27:37,558][src.opensplat_trainer][INFO] - /Users/bc/brendanchambers/2026-06-18-iphone-video-to-splat/data/intermediates/teensy_distortion_corrected/images/frame_0005.jpg
[2026-06-21 12:27:37,559][src.opensplat_trainer][INFO] - /Users/bc/brendanchambers/2026-06-18-iphone-video-to-splat/data/intermediates/teensy_distortion_corrected/images/frame_0007.jpg
[2026-06-21 12:27:37,559][src.opensplat_trainer][INFO] - 
[2026-06-21 12:27:37,559][src.opensplat_trainer][INFO] - 
[2026-06-21 12:27:37,972][src.opensplat_trainer][INFO] - init_gsplat_metal_context: loading '/Users/bc/brendanchambers/2026-06-18-iphone-video-to-splat/opensplat/build/default.metallib'
[2026-06-21 12:27:37,972][src.opensplat_trainer][INFO] - init_gsplat_metal_context: loaded '/Users/bc/brendanchambers/2026-06-18-iphone-video-to-splat/opensplat/build/default.metallib', functions: compute_cov2d_bounds_kernel, project_gaussians_backward_kernel, get_tile_bin_edges_kernel, rasterize_backward_kernel, map_gaussian_to_intersects_kernel, nd_rasterize_backward_kernel, project_gaussians_forward_kernel, compute_sh_backward_kernel, compute_sh_forward_kernel, nd_rasterize_forward_kernel
[2026-06-21 12:27:37,972][src.opensplat_trainer][INFO] - init_gsplat_metal_context: load function nd_rasterize_backward_kernel with label: (null)
[2026-06-21 12:27:37,972][src.opensplat_trainer][INFO] - init_gsplat_metal_context: load function nd_rasterize_forward_kernel with label: (null)
[2026-06-21 12:27:37,972][src.opensplat_trainer][INFO] - init_gsplat_metal_context: load function rasterize_backward_kernel with label: (null)
[2026-06-21 12:27:37,972][src.opensplat_trainer][INFO] - init_gsplat_metal_context: load function project_gaussians_forward_kernel with label: (null)
[2026-06-21 12:27:37,972][src.opensplat_trainer][INFO] - init_gsplat_metal_context: load function project_gaussians_backward_kernel with label: (null)
[2026-06-21 12:27:37,972][src.opensplat_trainer][INFO] - init_gsplat_metal_context: load function compute_sh_forward_kernel with label: (null)
[2026-06-21 12:27:37,972][src.opensplat_trainer][INFO] - init_gsplat_metal_context: load function compute_sh_backward_kernel with label: (null)
[2026-06-21 12:27:37,972][src.opensplat_trainer][INFO] - init_gsplat_metal_context: load function compute_cov2d_bounds_kernel with label: (null)
[2026-06-21 12:27:37,972][src.opensplat_trainer][INFO] - init_gsplat_metal_context: load function map_gaussian_to_intersects_kernel with label: (null)
[2026-06-21 12:27:37,972][src.opensplat_trainer][INFO] - init_gsplat_metal_context: load function get_tile_bin_edges_kernel with label: (null)
[2026-06-21 12:27:37,972][src.opensplat_trainer][INFO] - Step 10: 0.331464 (20%)
[2026-06-21 12:27:38,174][src.opensplat_trainer][INFO] - Step 20: 0.314311 (40%)
[2026-06-21 12:27:38,367][src.opensplat_trainer][INFO] - Step 30: 0.280185 (60%)
[2026-06-21 12:27:38,554][src.opensplat_trainer][INFO] - Step 40: 0.296903 (80%)
[2026-06-21 12:27:38,731][src.opensplat_trainer][INFO] - Step 50: 0.301925 (100%)
[2026-06-21 12:27:38,745][src.opensplat_trainer][INFO] - Wrote /Users/bc/brendanchambers/2026-06-18-iphone-video-to-splat/data/intermediates/teensy_distortion_corrected/splats/cameras.json
[2026-06-21 12:27:38,753][src.opensplat_trainer][INFO] - Wrote /Users/bc/brendanchambers/2026-06-18-iphone-video-to-splat/data/intermediates/teensy_distortion_corrected/splats/teensy_20260621_1227.ply
[2026-06-21 12:27:38,770][src.opensplat_trainer][INFO] - /Users/bc/brendanchambers/2026-06-18-iphone-video-to-splat/data/intermediates/teensy_distortion_corrected/images/frame_0001.jpg validation loss: 0.345224
[2026-06-21 12:27:38,821][src.opensplat_trainer][INFO] - Training completed successfully
[2026-06-21 12:27:38,821][src.opensplat_trainer][INFO] - Output saved to: /Users/bc/brendanchambers/2026-06-18-iphone-video-to-splat/data/intermediates/teensy_distortion_corrected/splats/teensy_20260621_1227.ply
[2026-06-21 12:27:38,821][__main__][INFO] - ✓ Splat training completed
[2026-06-21 12:27:38,821][__main__][INFO] - 
[2026-06-21 12:27:38,821][__main__][INFO] - ╔==========================================================╗
[2026-06-21 12:27:38,821][__main__][INFO] - ║                    Pipeline Complete!                    ║
[2026-06-21 12:27:38,821][__main__][INFO] - ╚==========================================================╝
[2026-06-21 12:27:38,822][__main__][INFO] - Output PLY: /Users/bc/brendanchambers/2026-06-18-iphone-video-to-splat/data/intermediates/teensy_distortion_corrected/splats
