[2026-06-21 15:52:56,904][__main__][INFO] - 
[2026-06-21 15:52:56,904][__main__][INFO] - ╔==========================================================╗
[2026-06-21 15:52:56,904][__main__][INFO] - ║          3D Gaussian Splat Training Pipeline              ║
[2026-06-21 15:52:56,904][__main__][INFO] - ╚==========================================================╝
[2026-06-21 15:52:56,905][__main__][INFO] - Experiment: densify_sz0.01_gr0.0001
[2026-06-21 15:52:56,905][__main__][INFO] - Project dir: /Users/bc/brendanchambers/2026-06-18-iphone-video-to-splat
[2026-06-21 15:52:56,905][__main__][INFO] - 
[2026-06-21 15:52:56,905][src.timing_recorder][INFO] - [TIMING] Starting: frame_extraction
[2026-06-21 15:52:56,905][__main__][INFO] - ============================================================
[2026-06-21 15:52:56,905][__main__][INFO] - STEP 1: Frame Extraction
[2026-06-21 15:52:56,905][__main__][INFO] - ============================================================
[2026-06-21 15:52:56,905][src.frame_extractor][INFO] - Extracting frames from: /Users/bc/brendanchambers/2026-06-18-iphone-video-to-splat/data/incoming/movies/teensy.mov
[2026-06-21 15:52:56,905][src.frame_extractor][INFO] - Output directory: /Users/bc/brendanchambers/2026-06-18-iphone-video-to-splat/data/intermediates/densify_sz0.01_gr0.0001/colmap_sfm_camera_model/images
[2026-06-21 15:52:56,905][src.frame_extractor][INFO] - Extracting frames at 2 fps
[2026-06-21 15:52:56,905][src.frame_extractor][INFO] - Running command: ffmpeg -i /Users/bc/brendanchambers/2026-06-18-iphone-video-to-splat/data/incoming/movies/teensy.mov -vf fps=2 -q:v 5 /Users/bc/brendanchambers/2026-06-18-iphone-video-to-splat/data/intermediates/densify_sz0.01_gr0.0001/colmap_sfm_camera_model/images/frame_%04d.jpg
[2026-06-21 15:52:56,921][src.frame_extractor][INFO] - ffmpeg version 8.1.2 Copyright (c) 2000-2026 the FFmpeg developers
[2026-06-21 15:52:56,921][src.frame_extractor][INFO] -   built with Apple clang version 17.0.0 (clang-1700.6.4.2)
[2026-06-21 15:52:56,921][src.frame_extractor][INFO] -   configuration: --prefix=/opt/homebrew/Cellar/ffmpeg/8.1.2 --enable-shared --enable-pthreads --enable-version3 --cc=clang --host-cflags= --host-ldflags= --enable-ffplay --enable-gpl --enable-libsvtav1 --enable-libopus --enable-libx264 --enable-libmp3lame --enable-libdav1d --enable-libvmaf --enable-libvpx --enable-libx265 --enable-openssl --enable-videotoolbox --enable-audiotoolbox --enable-neon
[2026-06-21 15:52:56,921][src.frame_extractor][INFO] -   libavutil      60. 26.102 / 60. 26.102
[2026-06-21 15:52:56,921][src.frame_extractor][INFO] -   libavcodec     62. 28.102 / 62. 28.102
[2026-06-21 15:52:56,921][src.frame_extractor][INFO] -   libavformat    62. 12.102 / 62. 12.102
[2026-06-21 15:52:56,921][src.frame_extractor][INFO] -   libavdevice    62.  3.102 / 62.  3.102
[2026-06-21 15:52:56,921][src.frame_extractor][INFO] -   libavfilter    11. 14.102 / 11. 14.102
[2026-06-21 15:52:56,921][src.frame_extractor][INFO] -   libswscale      9.  5.102 /  9.  5.102
[2026-06-21 15:52:56,921][src.frame_extractor][INFO] -   libswresample   6.  3.102 /  6.  3.102
[2026-06-21 15:52:56,936][src.frame_extractor][INFO] - Input #0, mov,mp4,m4a,3gp,3g2,mj2, from '/Users/bc/brendanchambers/2026-06-18-iphone-video-to-splat/data/incoming/movies/teensy.mov':
[2026-06-21 15:52:56,936][src.frame_extractor][INFO] -   Metadata:
[2026-06-21 15:52:56,936][src.frame_extractor][INFO] -     major_brand     : qt
[2026-06-21 15:52:56,936][src.frame_extractor][INFO] -     minor_version   : 512
[2026-06-21 15:52:56,936][src.frame_extractor][INFO] -     compatible_brands: qt
[2026-06-21 15:52:56,936][src.frame_extractor][INFO] -     encoder         : Lavf62.12.102
[2026-06-21 15:52:56,936][src.frame_extractor][INFO] -   Duration: 00:00:04.01, start: 0.000000, bitrate: 19786 kb/s
[2026-06-21 15:52:56,936][src.frame_extractor][INFO] -   Stream #0:0[0x1]: Video: h264 (High) (avc1 / 0x31637661), yuv420p(tv, bt709, progressive), 1080x1920, 19646 kb/s, 29.67 fps, 29.67 tbr, 11392 tbn (default)
[2026-06-21 15:52:56,936][src.frame_extractor][INFO] -     Metadata:
[2026-06-21 15:52:56,936][src.frame_extractor][INFO] -       handler_name    : Core Media Video
[2026-06-21 15:52:56,937][src.frame_extractor][INFO] -       vendor_id       : FFMP
[2026-06-21 15:52:56,937][src.frame_extractor][INFO] -       encoder         : Lavc62.28.102 libx264
[2026-06-21 15:52:56,937][src.frame_extractor][INFO] -   Stream #0:1[0x2]: Audio: aac (LC) (mp4a / 0x6134706D), 48000 Hz, stereo, fltp, 128 kb/s (default)
[2026-06-21 15:52:56,937][src.frame_extractor][INFO] -     Metadata:
[2026-06-21 15:52:56,937][src.frame_extractor][INFO] -       handler_name    : Core Media Audio
[2026-06-21 15:52:56,937][src.frame_extractor][INFO] -       vendor_id       : [0][0][0][0]
[2026-06-21 15:52:56,937][src.frame_extractor][INFO] - Stream mapping:
[2026-06-21 15:52:56,937][src.frame_extractor][INFO] -   Stream #0:0 -> #0:0 (h264 (native) -> mjpeg (native))
[2026-06-21 15:52:56,937][src.frame_extractor][INFO] - Press [q] to stop, [?] for help
[2026-06-21 15:52:56,984][src.frame_extractor][INFO] - Output #0, image2, to '/Users/bc/brendanchambers/2026-06-18-iphone-video-to-splat/data/intermediates/densify_sz0.01_gr0.0001/colmap_sfm_camera_model/images/frame_%04d.jpg':
[2026-06-21 15:52:56,984][src.frame_extractor][INFO] -   Metadata:
[2026-06-21 15:52:56,984][src.frame_extractor][INFO] -     major_brand     : qt
[2026-06-21 15:52:56,984][src.frame_extractor][INFO] -     minor_version   : 512
[2026-06-21 15:52:56,984][src.frame_extractor][INFO] -     compatible_brands: qt
[2026-06-21 15:52:56,985][src.frame_extractor][INFO] -     encoder         : Lavf62.12.102
[2026-06-21 15:52:56,985][src.frame_extractor][INFO] -   Stream #0:0: Video: mjpeg, yuv420p(pc, bt709, progressive), 1080x1920, q=2-31, 200 kb/s, 2 fps, 2 tbn (default)
[2026-06-21 15:52:56,985][src.frame_extractor][INFO] -     Metadata:
[2026-06-21 15:52:56,985][src.frame_extractor][INFO] -       encoder         : Lavc62.28.102 mjpeg
[2026-06-21 15:52:56,985][src.frame_extractor][INFO] -       handler_name    : Core Media Video
[2026-06-21 15:52:56,985][src.frame_extractor][INFO] -       vendor_id       : FFMP
[2026-06-21 15:52:56,985][src.frame_extractor][INFO] -     Side data:
[2026-06-21 15:52:56,985][src.frame_extractor][INFO] -       CPB properties: bitrate max/min/avg: 0/0/200000 buffer size: 0 vbv_delay: N/A
[2026-06-21 15:52:57,123][src.frame_extractor][INFO] - [out#0/image2 @ 0x6000008446c0] video:3120KiB audio:0KiB subtitle:0KiB other streams:0KiB global headers:0KiB muxing overhead: unknown
[2026-06-21 15:52:57,123][src.frame_extractor][INFO] - frame=    8 fps=0.0 q=5.0 Lsize=N/A time=00:00:04.00 bitrate=N/A speed=21.5x elapsed=0:00:00.18
[2026-06-21 15:52:57,125][src.frame_extractor][INFO] - Successfully extracted 8 frames
[2026-06-21 15:52:57,125][__main__][INFO] - ✓ Frame extraction completed
[2026-06-21 15:52:57,125][src.timing_recorder][INFO] - [TIMING] ✓ Completed: frame_extraction (0.22s)
[2026-06-21 15:52:57,125][src.timing_recorder][INFO] - [TIMING] Starting: feature_extraction
[2026-06-21 15:52:57,125][__main__][INFO] - ============================================================
[2026-06-21 15:52:57,125][__main__][INFO] - STEP 2: Feature Extraction
[2026-06-21 15:52:57,125][__main__][INFO] - ============================================================
[2026-06-21 15:52:57,127][src.colmap_feature_extractor][INFO] - Extracting features from images: /Users/bc/brendanchambers/2026-06-18-iphone-video-to-splat/data/intermediates/densify_sz0.01_gr0.0001/colmap_sfm_camera_model/images
[2026-06-21 15:52:57,127][src.colmap_feature_extractor][INFO] - Database: /Users/bc/brendanchambers/2026-06-18-iphone-video-to-splat/data/intermediates/densify_sz0.01_gr0.0001/colmap_sfm_camera_model/database.db
[2026-06-21 15:52:57,127][src.colmap_feature_extractor][INFO] - Running: colmap feature_extractor
[2026-06-21 15:52:57,296][src.colmap_feature_extractor][INFO] - I20260621 15:52:57.295694 0x16be6b000 feature_extraction.cc:504] === Feature extraction ===
[2026-06-21 15:52:57,313][src.colmap_feature_extractor][INFO] - I20260621 15:52:57.313694 0x16c46f000 sift.cc:757] Creating SIFT GPU feature extractor
[2026-06-21 15:52:57,447][src.colmap_feature_extractor][INFO] - I20260621 15:52:57.447402 0x16c4fb000 feature_extraction.cc:282] Processed file [1/8]
[2026-06-21 15:52:57,447][src.colmap_feature_extractor][INFO] - I20260621 15:52:57.447419 0x16c4fb000 feature_extraction.cc:285]   Name:            frame_0001.jpg
[2026-06-21 15:52:57,447][src.colmap_feature_extractor][INFO] - I20260621 15:52:57.447446 0x16c4fb000 feature_extraction.cc:294]   Dimensions:      1080 x 1920
[2026-06-21 15:52:57,447][src.colmap_feature_extractor][INFO] - I20260621 15:52:57.447461 0x16c4fb000 feature_extraction.cc:297]   Camera:          #1 - RADIAL
[2026-06-21 15:52:57,447][src.colmap_feature_extractor][INFO] - I20260621 15:52:57.447466 0x16c4fb000 feature_extraction.cc:300]   Focal Length:    2304.00px
[2026-06-21 15:52:57,447][src.colmap_feature_extractor][INFO] - I20260621 15:52:57.447483 0x16c4fb000 feature_extraction.cc:304]   Features:        4449 (SIFT)
[2026-06-21 15:52:57,502][src.colmap_feature_extractor][INFO] - I20260621 15:52:57.501988 0x16c4fb000 feature_extraction.cc:282] Processed file [2/8]
[2026-06-21 15:52:57,502][src.colmap_feature_extractor][INFO] - I20260621 15:52:57.502005 0x16c4fb000 feature_extraction.cc:285]   Name:            frame_0002.jpg
[2026-06-21 15:52:57,502][src.colmap_feature_extractor][INFO] - I20260621 15:52:57.502007 0x16c4fb000 feature_extraction.cc:294]   Dimensions:      1080 x 1920
[2026-06-21 15:52:57,502][src.colmap_feature_extractor][INFO] - I20260621 15:52:57.502009 0x16c4fb000 feature_extraction.cc:297]   Camera:          #1 - RADIAL
[2026-06-21 15:52:57,502][src.colmap_feature_extractor][INFO] - I20260621 15:52:57.502011 0x16c4fb000 feature_extraction.cc:300]   Focal Length:    2304.00px
[2026-06-21 15:52:57,502][src.colmap_feature_extractor][INFO] - I20260621 15:52:57.502014 0x16c4fb000 feature_extraction.cc:304]   Features:        4766 (SIFT)
[2026-06-21 15:52:57,555][src.colmap_feature_extractor][INFO] - I20260621 15:52:57.555791 0x16c4fb000 feature_extraction.cc:282] Processed file [3/8]
[2026-06-21 15:52:57,555][src.colmap_feature_extractor][INFO] - I20260621 15:52:57.555807 0x16c4fb000 feature_extraction.cc:285]   Name:            frame_0003.jpg
[2026-06-21 15:52:57,556][src.colmap_feature_extractor][INFO] - I20260621 15:52:57.555809 0x16c4fb000 feature_extraction.cc:294]   Dimensions:      1080 x 1920
[2026-06-21 15:52:57,556][src.colmap_feature_extractor][INFO] - I20260621 15:52:57.555816 0x16c4fb000 feature_extraction.cc:297]   Camera:          #1 - RADIAL
[2026-06-21 15:52:57,556][src.colmap_feature_extractor][INFO] - I20260621 15:52:57.555818 0x16c4fb000 feature_extraction.cc:300]   Focal Length:    2304.00px
[2026-06-21 15:52:57,556][src.colmap_feature_extractor][INFO] - I20260621 15:52:57.555820 0x16c4fb000 feature_extraction.cc:304]   Features:        5561 (SIFT)
[2026-06-21 15:52:57,609][src.colmap_feature_extractor][INFO] - I20260621 15:52:57.609396 0x16c4fb000 feature_extraction.cc:282] Processed file [4/8]
[2026-06-21 15:52:57,609][src.colmap_feature_extractor][INFO] - I20260621 15:52:57.609409 0x16c4fb000 feature_extraction.cc:285]   Name:            frame_0004.jpg
[2026-06-21 15:52:57,609][src.colmap_feature_extractor][INFO] - I20260621 15:52:57.609411 0x16c4fb000 feature_extraction.cc:294]   Dimensions:      1080 x 1920
[2026-06-21 15:52:57,609][src.colmap_feature_extractor][INFO] - I20260621 15:52:57.609413 0x16c4fb000 feature_extraction.cc:297]   Camera:          #1 - RADIAL
[2026-06-21 15:52:57,609][src.colmap_feature_extractor][INFO] - I20260621 15:52:57.609415 0x16c4fb000 feature_extraction.cc:300]   Focal Length:    2304.00px
[2026-06-21 15:52:57,609][src.colmap_feature_extractor][INFO] - I20260621 15:52:57.609417 0x16c4fb000 feature_extraction.cc:304]   Features:        6351 (SIFT)
[2026-06-21 15:52:57,662][src.colmap_feature_extractor][INFO] - I20260621 15:52:57.662565 0x16c4fb000 feature_extraction.cc:282] Processed file [5/8]
[2026-06-21 15:52:57,662][src.colmap_feature_extractor][INFO] - I20260621 15:52:57.662581 0x16c4fb000 feature_extraction.cc:285]   Name:            frame_0005.jpg
[2026-06-21 15:52:57,662][src.colmap_feature_extractor][INFO] - I20260621 15:52:57.662583 0x16c4fb000 feature_extraction.cc:294]   Dimensions:      1080 x 1920
[2026-06-21 15:52:57,662][src.colmap_feature_extractor][INFO] - I20260621 15:52:57.662589 0x16c4fb000 feature_extraction.cc:297]   Camera:          #1 - RADIAL
[2026-06-21 15:52:57,662][src.colmap_feature_extractor][INFO] - I20260621 15:52:57.662591 0x16c4fb000 feature_extraction.cc:300]   Focal Length:    2304.00px
[2026-06-21 15:52:57,662][src.colmap_feature_extractor][INFO] - I20260621 15:52:57.662594 0x16c4fb000 feature_extraction.cc:304]   Features:        4609 (SIFT)
[2026-06-21 15:52:57,715][src.colmap_feature_extractor][INFO] - I20260621 15:52:57.715592 0x16c4fb000 feature_extraction.cc:282] Processed file [6/8]
[2026-06-21 15:52:57,715][src.colmap_feature_extractor][INFO] - I20260621 15:52:57.715636 0x16c4fb000 feature_extraction.cc:285]   Name:            frame_0006.jpg
[2026-06-21 15:52:57,715][src.colmap_feature_extractor][INFO] - I20260621 15:52:57.715641 0x16c4fb000 feature_extraction.cc:294]   Dimensions:      1080 x 1920
[2026-06-21 15:52:57,715][src.colmap_feature_extractor][INFO] - I20260621 15:52:57.715643 0x16c4fb000 feature_extraction.cc:297]   Camera:          #1 - RADIAL
[2026-06-21 15:52:57,715][src.colmap_feature_extractor][INFO] - I20260621 15:52:57.715646 0x16c4fb000 feature_extraction.cc:300]   Focal Length:    2304.00px
[2026-06-21 15:52:57,716][src.colmap_feature_extractor][INFO] - I20260621 15:52:57.715648 0x16c4fb000 feature_extraction.cc:304]   Features:        4916 (SIFT)
[2026-06-21 15:52:57,770][src.colmap_feature_extractor][INFO] - I20260621 15:52:57.770407 0x16c4fb000 feature_extraction.cc:282] Processed file [7/8]
[2026-06-21 15:52:57,770][src.colmap_feature_extractor][INFO] - I20260621 15:52:57.770449 0x16c4fb000 feature_extraction.cc:285]   Name:            frame_0007.jpg
[2026-06-21 15:52:57,770][src.colmap_feature_extractor][INFO] - I20260621 15:52:57.770479 0x16c4fb000 feature_extraction.cc:294]   Dimensions:      1080 x 1920
[2026-06-21 15:52:57,770][src.colmap_feature_extractor][INFO] - I20260621 15:52:57.770489 0x16c4fb000 feature_extraction.cc:297]   Camera:          #1 - RADIAL
[2026-06-21 15:52:57,770][src.colmap_feature_extractor][INFO] - I20260621 15:52:57.770497 0x16c4fb000 feature_extraction.cc:300]   Focal Length:    2304.00px
[2026-06-21 15:52:57,770][src.colmap_feature_extractor][INFO] - I20260621 15:52:57.770502 0x16c4fb000 feature_extraction.cc:304]   Features:        4134 (SIFT)
[2026-06-21 15:52:57,827][src.colmap_feature_extractor][INFO] - I20260621 15:52:57.827172 0x16c4fb000 feature_extraction.cc:282] Processed file [8/8]
[2026-06-21 15:52:57,827][src.colmap_feature_extractor][INFO] - I20260621 15:52:57.827223 0x16c4fb000 feature_extraction.cc:285]   Name:            frame_0008.jpg
[2026-06-21 15:52:57,827][src.colmap_feature_extractor][INFO] - I20260621 15:52:57.827226 0x16c4fb000 feature_extraction.cc:294]   Dimensions:      1080 x 1920
[2026-06-21 15:52:57,827][src.colmap_feature_extractor][INFO] - I20260621 15:52:57.827231 0x16c4fb000 feature_extraction.cc:297]   Camera:          #1 - RADIAL
[2026-06-21 15:52:57,827][src.colmap_feature_extractor][INFO] - I20260621 15:52:57.827234 0x16c4fb000 feature_extraction.cc:300]   Focal Length:    2304.00px
[2026-06-21 15:52:57,827][src.colmap_feature_extractor][INFO] - I20260621 15:52:57.827236 0x16c4fb000 feature_extraction.cc:304]   Features:        6773 (SIFT)
[2026-06-21 15:52:57,832][src.colmap_feature_extractor][INFO] - I20260621 15:52:57.832673 0x16be6b000 timer.cc:90] Elapsed time: 0.009 [minutes]
[2026-06-21 15:52:57,848][src.colmap_feature_extractor][INFO] - Feature extraction completed successfully
[2026-06-21 15:52:57,848][__main__][INFO] - ✓ Feature extraction completed
[2026-06-21 15:52:57,848][src.timing_recorder][INFO] - [TIMING] ✓ Completed: feature_extraction (0.72s)
[2026-06-21 15:52:57,848][src.timing_recorder][INFO] - [TIMING] Starting: feature_matching
[2026-06-21 15:52:57,848][__main__][INFO] - ============================================================
[2026-06-21 15:52:57,848][__main__][INFO] - STEP 3: Feature Matching
[2026-06-21 15:52:57,848][__main__][INFO] - ============================================================
[2026-06-21 15:52:57,849][src.colmap_feature_matcher][INFO] - Matching features in database: /Users/bc/brendanchambers/2026-06-18-iphone-video-to-splat/data/intermediates/densify_sz0.01_gr0.0001/colmap_sfm_camera_model/database.db
[2026-06-21 15:52:57,849][src.colmap_feature_matcher][INFO] - Running: colmap sequential_matcher
[2026-06-21 15:52:58,018][src.colmap_feature_matcher][INFO] - I20260621 15:52:58.017788 0x16f7c7000 feature_matching.cc:195] === Feature matching & geometric verification ===
[2026-06-21 15:52:58,032][src.colmap_feature_matcher][INFO] - I20260621 15:52:58.032288 0x16f853000 sift.cc:1559] Creating SIFT GPU feature matcher
[2026-06-21 15:52:58,056][src.colmap_feature_matcher][INFO] - I20260621 15:52:58.056955 0x16f7c7000 pairing.cc:415] Generating sequential image pairs...
[2026-06-21 15:52:58,057][src.colmap_feature_matcher][INFO] - I20260621 15:52:58.057035 0x16f7c7000 pairing.cc:473] Processing image [1/8]
[2026-06-21 15:52:58,125][src.colmap_feature_matcher][INFO] - I20260621 15:52:58.124963 0x16f7c7000 feature_matching.cc:217] in 0.068s
[2026-06-21 15:52:58,125][src.colmap_feature_matcher][INFO] - I20260621 15:52:58.124979 0x16f7c7000 pairing.cc:473] Processing image [2/8]
[2026-06-21 15:52:58,182][src.colmap_feature_matcher][INFO] - I20260621 15:52:58.182823 0x16f7c7000 feature_matching.cc:217] in 0.058s
[2026-06-21 15:52:58,182][src.colmap_feature_matcher][INFO] - I20260621 15:52:58.182831 0x16f7c7000 pairing.cc:473] Processing image [3/8]
[2026-06-21 15:52:58,243][src.colmap_feature_matcher][INFO] - I20260621 15:52:58.243398 0x16f7c7000 feature_matching.cc:217] in 0.061s
[2026-06-21 15:52:58,243][src.colmap_feature_matcher][INFO] - I20260621 15:52:58.243403 0x16f7c7000 pairing.cc:473] Processing image [4/8]
[2026-06-21 15:52:58,315][src.colmap_feature_matcher][INFO] - I20260621 15:52:58.315808 0x16f7c7000 feature_matching.cc:217] in 0.072s
[2026-06-21 15:52:58,315][src.colmap_feature_matcher][INFO] - I20260621 15:52:58.315813 0x16f7c7000 pairing.cc:473] Processing image [5/8]
[2026-06-21 15:52:58,346][src.colmap_feature_matcher][INFO] - I20260621 15:52:58.346946 0x16f7c7000 feature_matching.cc:217] in 0.031s
[2026-06-21 15:52:58,346][src.colmap_feature_matcher][INFO] - I20260621 15:52:58.346952 0x16f7c7000 pairing.cc:473] Processing image [6/8]
[2026-06-21 15:52:58,387][src.colmap_feature_matcher][INFO] - I20260621 15:52:58.387358 0x16f7c7000 feature_matching.cc:217] in 0.040s
[2026-06-21 15:52:58,387][src.colmap_feature_matcher][INFO] - I20260621 15:52:58.387362 0x16f7c7000 pairing.cc:473] Processing image [7/8]
[2026-06-21 15:52:58,409][src.colmap_feature_matcher][INFO] - I20260621 15:52:58.409252 0x16f7c7000 feature_matching.cc:217] in 0.022s
[2026-06-21 15:52:58,409][src.colmap_feature_matcher][INFO] - I20260621 15:52:58.409256 0x16f7c7000 pairing.cc:473] Processing image [8/8]
[2026-06-21 15:52:58,409][src.colmap_feature_matcher][INFO] - I20260621 15:52:58.409259 0x16f7c7000 feature_matching.cc:217] in 0.000s
[2026-06-21 15:52:58,409][src.colmap_feature_matcher][INFO] - I20260621 15:52:58.409261 0x16f7c7000 timer.cc:90] Elapsed time: 0.007 [minutes]
[2026-06-21 15:52:58,417][src.colmap_feature_matcher][INFO] - Feature matching completed successfully
[2026-06-21 15:52:58,417][__main__][INFO] - ✓ Feature matching completed
[2026-06-21 15:52:58,417][src.timing_recorder][INFO] - [TIMING] ✓ Completed: feature_matching (0.57s)
[2026-06-21 15:52:58,417][src.timing_recorder][INFO] - [TIMING] Starting: sparse_reconstruction
[2026-06-21 15:52:58,417][__main__][INFO] - ============================================================
[2026-06-21 15:52:58,417][__main__][INFO] - STEP 4: Sparse Reconstruction
[2026-06-21 15:52:58,417][__main__][INFO] - ============================================================
[2026-06-21 15:52:58,418][src.colmap_mapper][INFO] - Performing sparse reconstruction
[2026-06-21 15:52:58,418][src.colmap_mapper][INFO] - Database: /Users/bc/brendanchambers/2026-06-18-iphone-video-to-splat/data/intermediates/densify_sz0.01_gr0.0001/colmap_sfm_camera_model/database.db
[2026-06-21 15:52:58,418][src.colmap_mapper][INFO] - Images: /Users/bc/brendanchambers/2026-06-18-iphone-video-to-splat/data/intermediates/densify_sz0.01_gr0.0001/colmap_sfm_camera_model/images
[2026-06-21 15:52:58,418][src.colmap_mapper][INFO] - Output: /Users/bc/brendanchambers/2026-06-18-iphone-video-to-splat/data/intermediates/densify_sz0.01_gr0.0001/colmap_sfm_camera_model/sparse
[2026-06-21 15:52:58,419][src.colmap_mapper][INFO] - Running: colmap mapper
[2026-06-21 15:52:58,468][src.colmap_mapper][INFO] - I20260621 15:52:58.468169 0x1fde420c0 incremental_pipeline.cc:278] Loading database
[2026-06-21 15:52:58,468][src.colmap_mapper][INFO] - I20260621 15:52:58.468470 0x1fde420c0 database_cache.cc:72] Loading rigs...
[2026-06-21 15:52:58,468][src.colmap_mapper][INFO] - I20260621 15:52:58.468489 0x1fde420c0 database_cache.cc:82]  1 in 0.000s
[2026-06-21 15:52:58,468][src.colmap_mapper][INFO] - I20260621 15:52:58.468491 0x1fde420c0 database_cache.cc:90] Loading cameras...
[2026-06-21 15:52:58,468][src.colmap_mapper][INFO] - I20260621 15:52:58.468500 0x1fde420c0 database_cache.cc:108]  1 in 0.000s
[2026-06-21 15:52:58,468][src.colmap_mapper][INFO] - I20260621 15:52:58.468502 0x1fde420c0 database_cache.cc:116] Loading frames...
[2026-06-21 15:52:58,468][src.colmap_mapper][INFO] - I20260621 15:52:58.468518 0x1fde420c0 database_cache.cc:126]  8 in 0.000s
[2026-06-21 15:52:58,468][src.colmap_mapper][INFO] - I20260621 15:52:58.468520 0x1fde420c0 database_cache.cc:134] Loading matches...
[2026-06-21 15:52:58,468][src.colmap_mapper][INFO] - I20260621 15:52:58.468581 0x1fde420c0 database_cache.cc:139]  17 in 0.000s
[2026-06-21 15:52:58,468][src.colmap_mapper][INFO] - I20260621 15:52:58.468583 0x1fde420c0 database_cache.cc:147] Loading images...
[2026-06-21 15:52:58,469][src.colmap_mapper][INFO] - I20260621 15:52:58.469127 0x1fde420c0 database_cache.cc:241]  8 in 0.001s (connected 8, loaded 8)
[2026-06-21 15:52:58,469][src.colmap_mapper][INFO] - I20260621 15:52:58.469131 0x1fde420c0 database_cache.cc:255] Loading pose priors...
[2026-06-21 15:52:58,469][src.colmap_mapper][INFO] - I20260621 15:52:58.469137 0x1fde420c0 database_cache.cc:263]  0 in 0.000s
[2026-06-21 15:52:58,469][src.colmap_mapper][INFO] - I20260621 15:52:58.469139 0x1fde420c0 database_cache.cc:271] Building correspondence graph...
[2026-06-21 15:52:58,469][src.colmap_mapper][INFO] - I20260621 15:52:58.469956 0x1fde420c0 database_cache.cc:300]  in 0.001s (ignored 0)
[2026-06-21 15:52:58,469][src.colmap_mapper][INFO] - I20260621 15:52:58.469959 0x1fde420c0 timer.cc:90] Elapsed time: 0.000 [minutes]
[2026-06-21 15:52:58,470][src.colmap_mapper][INFO] - I20260621 15:52:58.470050 0x1fde420c0 incremental_pipeline.cc:390] Finding good initial image pair
[2026-06-21 15:52:58,481][src.colmap_mapper][INFO] - I20260621 15:52:58.481280 0x1fde420c0 incremental_pipeline.cc:414] Registering initial image pair #4 and #2
[2026-06-21 15:52:58,481][src.colmap_mapper][INFO] - I20260621 15:52:58.481869 0x1fde420c0 incremental_pipeline.cc:432] Global bundle adjustment
[2026-06-21 15:52:58,505][src.colmap_mapper][INFO] - I20260621 15:52:58.505700 0x1fde420c0 incremental_pipeline.cc:537] Registering image #3 (num_reg_frames=2)
[2026-06-21 15:52:58,505][src.colmap_mapper][INFO] - I20260621 15:52:58.505712 0x1fde420c0 incremental_pipeline.cc:540] => Image sees 168 / 1892 points
[2026-06-21 15:52:58,557][src.colmap_mapper][INFO] - I20260621 15:52:58.557118 0x1fde420c0 incremental_pipeline.cc:79] Retriangulation and Global bundle adjustment
[2026-06-21 15:52:58,577][src.colmap_mapper][INFO] - I20260621 15:52:58.577102 0x1fde420c0 incremental_pipeline.cc:537] Registering image #6 (num_reg_frames=3)
[2026-06-21 15:52:58,577][src.colmap_mapper][INFO] - I20260621 15:52:58.577114 0x1fde420c0 incremental_pipeline.cc:540] => Image sees 499 / 2128 points
[2026-06-21 15:52:58,636][src.colmap_mapper][INFO] - I20260621 15:52:58.636066 0x1fde420c0 incremental_pipeline.cc:79] Retriangulation and Global bundle adjustment
[2026-06-21 15:52:58,658][src.colmap_mapper][INFO] - I20260621 15:52:58.658968 0x1fde420c0 incremental_pipeline.cc:537] Registering image #5 (num_reg_frames=4)
[2026-06-21 15:52:58,659][src.colmap_mapper][INFO] - I20260621 15:52:58.658976 0x1fde420c0 incremental_pipeline.cc:540] => Image sees 1052 / 2461 points
[2026-06-21 15:52:58,706][src.colmap_mapper][INFO] - I20260621 15:52:58.706819 0x1fde420c0 incremental_pipeline.cc:79] Retriangulation and Global bundle adjustment
[2026-06-21 15:52:58,723][src.colmap_mapper][INFO] - I20260621 15:52:58.723591 0x1fde420c0 incremental_pipeline.cc:537] Registering image #1 (num_reg_frames=5)
[2026-06-21 15:52:58,723][src.colmap_mapper][INFO] - I20260621 15:52:58.723595 0x1fde420c0 incremental_pipeline.cc:540] => Image sees 536 / 1825 points
[2026-06-21 15:52:58,775][src.colmap_mapper][INFO] - I20260621 15:52:58.775889 0x1fde420c0 incremental_pipeline.cc:79] Retriangulation and Global bundle adjustment
[2026-06-21 15:52:58,801][src.colmap_mapper][INFO] - I20260621 15:52:58.801898 0x1fde420c0 incremental_pipeline.cc:537] Registering image #7 (num_reg_frames=6)
[2026-06-21 15:52:58,801][src.colmap_mapper][INFO] - I20260621 15:52:58.801903 0x1fde420c0 incremental_pipeline.cc:540] => Image sees 436 / 1676 points
[2026-06-21 15:52:58,837][src.colmap_mapper][INFO] - I20260621 15:52:58.837912 0x1fde420c0 incremental_pipeline.cc:79] Retriangulation and Global bundle adjustment
[2026-06-21 15:52:58,874][src.colmap_mapper][INFO] - I20260621 15:52:58.874429 0x1fde420c0 incremental_pipeline.cc:537] Registering image #8 (num_reg_frames=7)
[2026-06-21 15:52:58,874][src.colmap_mapper][INFO] - I20260621 15:52:58.874434 0x1fde420c0 incremental_pipeline.cc:540] => Image sees 481 / 1376 points
[2026-06-21 15:52:58,908][src.colmap_mapper][INFO] - I20260621 15:52:58.908368 0x1fde420c0 incremental_pipeline.cc:79] Retriangulation and Global bundle adjustment
[2026-06-21 15:52:58,947][src.colmap_mapper][INFO] - I20260621 15:52:58.947828 0x1fde420c0 incremental_pipeline.cc:79] Retriangulation and Global bundle adjustment
[2026-06-21 15:52:58,956][src.colmap_mapper][INFO] - I20260621 15:52:58.956689 0x1fde420c0 incremental_pipeline.cc:723] Keeping successful reconstruction
[2026-06-21 15:52:58,959][src.colmap_mapper][INFO] - I20260621 15:52:58.958991 0x1fde420c0 timer.cc:90] Elapsed time: 0.008 [minutes]
[2026-06-21 15:52:58,962][src.colmap_mapper][INFO] - Sparse reconstruction completed successfully
[2026-06-21 15:52:58,962][__main__][INFO] - ✓ Sparse reconstruction completed
[2026-06-21 15:52:58,962][src.timing_recorder][INFO] - [TIMING] ✓ Completed: sparse_reconstruction (0.54s)
[2026-06-21 15:52:58,962][src.timing_recorder][INFO] - [TIMING] Starting: undistortion
[2026-06-21 15:52:58,962][__main__][INFO] - ============================================================
[2026-06-21 15:52:58,962][__main__][INFO] - STEP 5: Image Undistortion
[2026-06-21 15:52:58,962][__main__][INFO] - ============================================================
[2026-06-21 15:52:58,963][src.colmap_undistorter][INFO] - Undistorting images
[2026-06-21 15:52:58,963][src.colmap_undistorter][INFO] - Input model: /Users/bc/brendanchambers/2026-06-18-iphone-video-to-splat/data/intermediates/densify_sz0.01_gr0.0001/colmap_sfm_camera_model/sparse/0
[2026-06-21 15:52:58,963][src.colmap_undistorter][INFO] - Images: /Users/bc/brendanchambers/2026-06-18-iphone-video-to-splat/data/intermediates/densify_sz0.01_gr0.0001/colmap_sfm_camera_model/images
[2026-06-21 15:52:58,963][src.colmap_undistorter][INFO] - Output: /Users/bc/brendanchambers/2026-06-18-iphone-video-to-splat/data/intermediates/densify_sz0.01_gr0.0001/colmap_sfm_linearized
[2026-06-21 15:52:58,963][src.colmap_undistorter][INFO] - Running: colmap image_undistorter
[2026-06-21 15:52:59,012][src.colmap_undistorter][INFO] - I20260621 15:52:59.012019 0x1fde420c0 image.cc:368] === Reading reconstruction ===
[2026-06-21 15:52:59,014][src.colmap_undistorter][INFO] - I20260621 15:52:59.014322 0x1fde420c0 image.cc:371] => Reconstruction with 8 images and 2190 points
[2026-06-21 15:52:59,014][src.colmap_undistorter][INFO] - I20260621 15:52:59.014330 0x1fde420c0 undistorters.cc:166] === Image undistortion ===
[2026-06-21 15:52:59,014][src.colmap_undistorter][INFO] - I20260621 15:52:59.014597 0x1fde420c0 undistorters.cc:205] Undistorting image [1/8]
[2026-06-21 15:52:59,611][src.colmap_undistorter][INFO] - I20260621 15:52:59.611390 0x1fde420c0 undistorters.cc:205] Undistorting image [2/8]
[2026-06-21 15:52:59,632][src.colmap_undistorter][INFO] - I20260621 15:52:59.632070 0x1fde420c0 undistorters.cc:205] Undistorting image [3/8]
[2026-06-21 15:52:59,632][src.colmap_undistorter][INFO] - I20260621 15:52:59.632082 0x1fde420c0 undistorters.cc:205] Undistorting image [4/8]
[2026-06-21 15:52:59,632][src.colmap_undistorter][INFO] - I20260621 15:52:59.632084 0x1fde420c0 undistorters.cc:205] Undistorting image [5/8]
[2026-06-21 15:52:59,637][src.colmap_undistorter][INFO] - I20260621 15:52:59.637086 0x1fde420c0 undistorters.cc:205] Undistorting image [6/8]
[2026-06-21 15:52:59,637][src.colmap_undistorter][INFO] - I20260621 15:52:59.637092 0x1fde420c0 undistorters.cc:205] Undistorting image [7/8]
[2026-06-21 15:52:59,637][src.colmap_undistorter][INFO] - I20260621 15:52:59.637094 0x1fde420c0 undistorters.cc:205] Undistorting image [8/8]
[2026-06-21 15:52:59,637][src.colmap_undistorter][INFO] - I20260621 15:52:59.637095 0x1fde420c0 undistorters.cc:213] Writing reconstruction...
[2026-06-21 15:52:59,641][src.colmap_undistorter][INFO] - I20260621 15:52:59.641658 0x1fde420c0 undistorters.cc:218] Writing configuration...
[2026-06-21 15:52:59,641][src.colmap_undistorter][INFO] - I20260621 15:52:59.641758 0x1fde420c0 undistorters.cc:222] Writing scripts...
[2026-06-21 15:52:59,641][src.colmap_undistorter][INFO] - I20260621 15:52:59.641854 0x1fde420c0 timer.cc:90] Elapsed time: 0.010 [minutes]
[2026-06-21 15:52:59,645][src.colmap_undistorter][INFO] - Image undistortion completed successfully
[2026-06-21 15:52:59,645][__main__][INFO] - ✓ Image undistortion completed
[2026-06-21 15:52:59,645][src.timing_recorder][INFO] - [TIMING] ✓ Completed: undistortion (0.68s)
[2026-06-21 15:52:59,645][src.timing_recorder][INFO] - [TIMING] Starting: splat_training
[2026-06-21 15:52:59,645][__main__][INFO] - ============================================================
[2026-06-21 15:52:59,645][__main__][INFO] - STEP 6: OpenSplat Training
[2026-06-21 15:52:59,645][__main__][INFO] - ============================================================
[2026-06-21 15:52:59,647][src.opensplat_trainer][INFO] - Training 3D Gaussian Splat
[2026-06-21 15:52:59,647][src.opensplat_trainer][INFO] - Sparse model: /Users/bc/brendanchambers/2026-06-18-iphone-video-to-splat/data/intermediates/densify_sz0.01_gr0.0001/colmap_sfm_linearized/sparse
[2026-06-21 15:52:59,647][src.opensplat_trainer][INFO] - Images: /Users/bc/brendanchambers/2026-06-18-iphone-video-to-splat/data/intermediates/densify_sz0.01_gr0.0001/colmap_sfm_linearized/images
[2026-06-21 15:52:59,647][src.opensplat_trainer][INFO] - Output PLY: /Users/bc/brendanchambers/2026-06-18-iphone-video-to-splat/data/intermediates/densify_sz0.01_gr0.0001/colmap_sfm_linearized/splats/densify_sz0.01_gr0.0001_20260621_1552.ply
[2026-06-21 15:52:59,647][src.opensplat_trainer][INFO] - Training loss log: /Users/bc/brendanchambers/2026-06-18-iphone-video-to-splat/data/intermediates/densify_sz0.01_gr0.0001/colmap_sfm_linearized/splats/train_20260621_1552.jsonl
[2026-06-21 15:52:59,647][src.opensplat_trainer][INFO] - Validation loss log: /Users/bc/brendanchambers/2026-06-18-iphone-video-to-splat/data/intermediates/densify_sz0.01_gr0.0001/colmap_sfm_linearized/splats/val_20260621_1552.jsonl
[2026-06-21 15:52:59,647][src.opensplat_trainer][INFO] - Running: opensplat
[2026-06-21 15:52:59,783][src.opensplat_trainer][INFO] - Using MPS
[2026-06-21 15:52:59,785][src.opensplat_trainer][INFO] - Reading 2190 points
[2026-06-21 15:52:59,785][src.opensplat_trainer][INFO] - Loading /Users/bc/brendanchambers/2026-06-18-iphone-video-to-splat/data/intermediates/densify_sz0.01_gr0.0001/colmap_sfm_linearized/images/frame_0001.jpg
[2026-06-21 15:52:59,785][src.opensplat_trainer][INFO] - Loading /Users/bc/brendanchambers/2026-06-18-iphone-video-to-splat/data/intermediates/densify_sz0.01_gr0.0001/colmap_sfm_linearized/images/frame_0002.jpg
[2026-06-21 15:52:59,785][src.opensplat_trainer][INFO] - Loading /Users/bc/brendanchambers/2026-06-18-iphone-video-to-splat/data/intermediates/densify_sz0.01_gr0.0001/colmap_sfm_linearized/images/frame_0004.jpg
[2026-06-21 15:52:59,785][src.opensplat_trainer][INFO] - Loading /Users/bc/brendanchambers/2026-06-18-iphone-video-to-splat/data/intermediates/densify_sz0.01_gr0.0001/colmap_sfm_linearized/images/frame_0003.jpgLoading /Users/bc/brendanchambers/2026-06-18-iphone-video-to-splat/data/intermediates/densify_sz0.01_gr0.0001/colmap_sfm_linearized/images/frame_0007.jpg
[2026-06-21 15:52:59,786][src.opensplat_trainer][INFO] - Loading /Users/bc/brendanchambers/2026-06-18-iphone-video-to-splat/data/intermediates/densify_sz0.01_gr0.0001/colmap_sfm_linearized/images/frame_0008.jpg
[2026-06-21 15:52:59,786][src.opensplat_trainer][INFO] - 
[2026-06-21 15:52:59,786][src.opensplat_trainer][INFO] - Loading /Users/bc/brendanchambers/2026-06-18-iphone-video-to-splat/data/intermediates/densify_sz0.01_gr0.0001/colmap_sfm_linearized/images/frame_0006.jpg
[2026-06-21 15:52:59,786][src.opensplat_trainer][INFO] - Loading /Users/bc/brendanchambers/2026-06-18-iphone-video-to-splat/data/intermediates/densify_sz0.01_gr0.0001/colmap_sfm_linearized/images/frame_0005.jpg
[2026-06-21 15:53:00,167][src.opensplat_trainer][INFO] - init_gsplat_metal_context: loading '/Users/bc/brendanchambers/2026-06-18-iphone-video-to-splat/opensplat/build/default.metallib'
[2026-06-21 15:53:00,167][src.opensplat_trainer][INFO] - init_gsplat_metal_context: loaded '/Users/bc/brendanchambers/2026-06-18-iphone-video-to-splat/opensplat/build/default.metallib', functions: compute_cov2d_bounds_kernel, project_gaussians_backward_kernel, get_tile_bin_edges_kernel, rasterize_backward_kernel, map_gaussian_to_intersects_kernel, nd_rasterize_backward_kernel, project_gaussians_forward_kernel, compute_sh_backward_kernel, compute_sh_forward_kernel, nd_rasterize_forward_kernel
[2026-06-21 15:53:00,167][src.opensplat_trainer][INFO] - init_gsplat_metal_context: load function nd_rasterize_backward_kernel with label: (null)
[2026-06-21 15:53:00,167][src.opensplat_trainer][INFO] - init_gsplat_metal_context: load function nd_rasterize_forward_kernel with label: (null)
[2026-06-21 15:53:00,167][src.opensplat_trainer][INFO] - init_gsplat_metal_context: load function rasterize_backward_kernel with label: (null)
[2026-06-21 15:53:00,167][src.opensplat_trainer][INFO] - init_gsplat_metal_context: load function project_gaussians_forward_kernel with label: (null)
[2026-06-21 15:53:00,167][src.opensplat_trainer][INFO] - init_gsplat_metal_context: load function project_gaussians_backward_kernel with label: (null)
[2026-06-21 15:53:00,168][src.opensplat_trainer][INFO] - init_gsplat_metal_context: load function compute_sh_forward_kernel with label: (null)
[2026-06-21 15:53:00,168][src.opensplat_trainer][INFO] - init_gsplat_metal_context: load function compute_sh_backward_kernel with label: (null)
[2026-06-21 15:53:00,168][src.opensplat_trainer][INFO] - init_gsplat_metal_context: load function compute_cov2d_bounds_kernel with label: (null)
[2026-06-21 15:53:00,168][src.opensplat_trainer][INFO] - init_gsplat_metal_context: load function map_gaussian_to_intersects_kernel with label: (null)
[2026-06-21 15:53:00,168][src.opensplat_trainer][INFO] - init_gsplat_metal_context: load function get_tile_bin_edges_kernel with label: (null)
[2026-06-21 15:53:00,168][src.opensplat_trainer][INFO] - Step 10: 0.335643 (20%)
[2026-06-21 15:53:00,468][src.opensplat_trainer][INFO] - Step 20: 0.316053 (40%)
[2026-06-21 15:53:00,666][src.opensplat_trainer][INFO] - Step 30: 0.28368 (60%)
[2026-06-21 15:53:00,877][src.opensplat_trainer][INFO] - Step 40: 0.301104 (80%)
[2026-06-21 15:53:01,087][src.opensplat_trainer][INFO] - Step 50: 0.302611 (100%)
[2026-06-21 15:53:01,100][src.opensplat_trainer][INFO] - Wrote /Users/bc/brendanchambers/2026-06-18-iphone-video-to-splat/data/intermediates/densify_sz0.01_gr0.0001/colmap_sfm_linearized/splats/cameras.json
[2026-06-21 15:53:01,107][src.opensplat_trainer][INFO] - Wrote /Users/bc/brendanchambers/2026-06-18-iphone-video-to-splat/data/intermediates/densify_sz0.01_gr0.0001/colmap_sfm_linearized/splats/densify_sz0.01_gr0.0001_20260621_1552.ply
[2026-06-21 15:53:01,120][src.opensplat_trainer][INFO] - /Users/bc/brendanchambers/2026-06-18-iphone-video-to-splat/data/intermediates/densify_sz0.01_gr0.0001/colmap_sfm_linearized/images/frame_0001.jpg validation loss: 0.344775
[2026-06-21 15:53:01,171][src.opensplat_trainer][INFO] - Parsed 5 training loss values to /Users/bc/brendanchambers/2026-06-18-iphone-video-to-splat/data/intermediates/densify_sz0.01_gr0.0001/colmap_sfm_linearized/splats/train_20260621_1552.jsonl
[2026-06-21 15:53:01,171][src.opensplat_trainer][INFO] - Captured validation loss: 0.344775 to /Users/bc/brendanchambers/2026-06-18-iphone-video-to-splat/data/intermediates/densify_sz0.01_gr0.0001/colmap_sfm_linearized/splats/val_20260621_1552.jsonl
[2026-06-21 15:53:01,171][src.opensplat_trainer][INFO] - Training completed successfully
[2026-06-21 15:53:01,171][src.opensplat_trainer][INFO] - Output saved to: /Users/bc/brendanchambers/2026-06-18-iphone-video-to-splat/data/intermediates/densify_sz0.01_gr0.0001/colmap_sfm_linearized/splats/densify_sz0.01_gr0.0001_20260621_1552.ply
[2026-06-21 15:53:01,171][__main__][INFO] - ✓ Splat training completed
[2026-06-21 15:53:01,171][__main__][INFO] - ============================================================
[2026-06-21 15:53:01,171][__main__][INFO] - Analyzing Training Loss
[2026-06-21 15:53:01,171][__main__][INFO] - ============================================================
[2026-06-21 15:53:01,230][src.timing_recorder][INFO] - [TIMING] ✓ Completed: splat_training (1.59s)
[2026-06-21 15:53:01,230][__main__][INFO] - 
[2026-06-21 15:53:01,230][__main__][INFO] - ╔==========================================================╗
[2026-06-21 15:53:01,230][__main__][INFO] - ║                    Pipeline Complete!                    ║
[2026-06-21 15:53:01,230][__main__][INFO] - ╚==========================================================╝
[2026-06-21 15:53:01,231][__main__][INFO] - Output directory: /Users/bc/brendanchambers/2026-06-18-iphone-video-to-splat/data/intermediates/densify_sz0.01_gr0.0001/colmap_sfm_linearized/splats
[2026-06-21 15:53:01,231][__main__][INFO] -   - PLY file: *.ply (3D Gaussian Splat)
[2026-06-21 15:53:01,231][__main__][INFO] -   - Loss log: *.jsonl (Training loss per step)
[2026-06-21 15:53:01,231][__main__][INFO] -   - Timing log: running-time_*.jsonl (Step execution times)
[2026-06-21 15:53:01,231][src.timing_recorder][INFO] - 
[2026-06-21 15:53:01,231][src.timing_recorder][INFO] - ======================================================================
[2026-06-21 15:53:01,231][src.timing_recorder][INFO] - PIPELINE EXECUTION TIMING SUMMARY
[2026-06-21 15:53:01,231][src.timing_recorder][INFO] - ======================================================================
[2026-06-21 15:53:01,231][src.timing_recorder][INFO] - ✓ frame_extraction              0.22s  (  5.1%)
[2026-06-21 15:53:01,231][src.timing_recorder][INFO] - ✓ feature_extraction            0.72s  ( 16.7%)
[2026-06-21 15:53:01,231][src.timing_recorder][INFO] - ✓ feature_matching              0.57s  ( 13.2%)
[2026-06-21 15:53:01,231][src.timing_recorder][INFO] - ✓ sparse_reconstruction         0.54s  ( 12.6%)
[2026-06-21 15:53:01,231][src.timing_recorder][INFO] - ✓ undistortion                  0.68s  ( 15.8%)
[2026-06-21 15:53:01,231][src.timing_recorder][INFO] - ✓ splat_training                1.59s  ( 36.6%)
[2026-06-21 15:53:01,231][src.timing_recorder][INFO] - ----------------------------------------------------------------------
[2026-06-21 15:53:01,231][src.timing_recorder][INFO] - TOTAL                           4.32s  (100.0%)
[2026-06-21 15:53:01,231][src.timing_recorder][INFO] - ======================================================================
[2026-06-21 15:53:01,231][src.timing_recorder][INFO] - 
[2026-06-21 15:53:01,232][src.timing_recorder][INFO] - [TIMING] Saved timing report to: /Users/bc/brendanchambers/2026-06-18-iphone-video-to-splat/data/intermediates/densify_sz0.01_gr0.0001/colmap_sfm_linearized/splats/running-time_20260621_1553.jsonl
