[2026-06-21 15:23:43,881][__main__][INFO] - 
[2026-06-21 15:23:43,881][__main__][INFO] - ╔==========================================================╗
[2026-06-21 15:23:43,881][__main__][INFO] - ║          3D Gaussian Splat Training Pipeline              ║
[2026-06-21 15:23:43,881][__main__][INFO] - ╚==========================================================╝
[2026-06-21 15:23:43,881][__main__][INFO] - Experiment: teensy
[2026-06-21 15:23:43,881][__main__][INFO] - Project dir: /Users/bc/brendanchambers/2026-06-18-iphone-video-to-splat
[2026-06-21 15:23:43,881][__main__][INFO] - 
[2026-06-21 15:23:43,881][src.timing_recorder][INFO] - [TIMING] Starting: frame_extraction
[2026-06-21 15:23:43,881][__main__][INFO] - ============================================================
[2026-06-21 15:23:43,881][__main__][INFO] - STEP 1: Frame Extraction
[2026-06-21 15:23:43,881][__main__][INFO] - ============================================================
[2026-06-21 15:23:43,881][src.frame_extractor][INFO] - Extracting frames from: /Users/bc/brendanchambers/2026-06-18-iphone-video-to-splat/data/incoming/movies/teensy.mov
[2026-06-21 15:23:43,881][src.frame_extractor][INFO] - Output directory: /Users/bc/brendanchambers/2026-06-18-iphone-video-to-splat/data/intermediates/teensy/colmap_sfm_camera_model/images
[2026-06-21 15:23:43,881][src.frame_extractor][INFO] - Extracting frames at 2 fps
[2026-06-21 15:23:43,881][src.frame_extractor][INFO] - Running command: ffmpeg -i /Users/bc/brendanchambers/2026-06-18-iphone-video-to-splat/data/incoming/movies/teensy.mov -vf fps=2 -q:v 5 /Users/bc/brendanchambers/2026-06-18-iphone-video-to-splat/data/intermediates/teensy/colmap_sfm_camera_model/images/frame_%04d.jpg
[2026-06-21 15:23:43,900][src.frame_extractor][INFO] - ffmpeg version 8.1.2 Copyright (c) 2000-2026 the FFmpeg developers
[2026-06-21 15:23:43,900][src.frame_extractor][INFO] -   built with Apple clang version 17.0.0 (clang-1700.6.4.2)
[2026-06-21 15:23:43,900][src.frame_extractor][INFO] -   configuration: --prefix=/opt/homebrew/Cellar/ffmpeg/8.1.2 --enable-shared --enable-pthreads --enable-version3 --cc=clang --host-cflags= --host-ldflags= --enable-ffplay --enable-gpl --enable-libsvtav1 --enable-libopus --enable-libx264 --enable-libmp3lame --enable-libdav1d --enable-libvmaf --enable-libvpx --enable-libx265 --enable-openssl --enable-videotoolbox --enable-audiotoolbox --enable-neon
[2026-06-21 15:23:43,900][src.frame_extractor][INFO] -   libavutil      60. 26.102 / 60. 26.102
[2026-06-21 15:23:43,900][src.frame_extractor][INFO] -   libavcodec     62. 28.102 / 62. 28.102
[2026-06-21 15:23:43,901][src.frame_extractor][INFO] -   libavformat    62. 12.102 / 62. 12.102
[2026-06-21 15:23:43,901][src.frame_extractor][INFO] -   libavdevice    62.  3.102 / 62.  3.102
[2026-06-21 15:23:43,901][src.frame_extractor][INFO] -   libavfilter    11. 14.102 / 11. 14.102
[2026-06-21 15:23:43,901][src.frame_extractor][INFO] -   libswscale      9.  5.102 /  9.  5.102
[2026-06-21 15:23:43,901][src.frame_extractor][INFO] -   libswresample   6.  3.102 /  6.  3.102
[2026-06-21 15:23:43,919][src.frame_extractor][INFO] - Input #0, mov,mp4,m4a,3gp,3g2,mj2, from '/Users/bc/brendanchambers/2026-06-18-iphone-video-to-splat/data/incoming/movies/teensy.mov':
[2026-06-21 15:23:43,919][src.frame_extractor][INFO] -   Metadata:
[2026-06-21 15:23:43,919][src.frame_extractor][INFO] -     major_brand     : qt
[2026-06-21 15:23:43,919][src.frame_extractor][INFO] -     minor_version   : 512
[2026-06-21 15:23:43,919][src.frame_extractor][INFO] -     compatible_brands: qt
[2026-06-21 15:23:43,919][src.frame_extractor][INFO] -     encoder         : Lavf62.12.102
[2026-06-21 15:23:43,920][src.frame_extractor][INFO] -   Duration: 00:00:04.01, start: 0.000000, bitrate: 19786 kb/s
[2026-06-21 15:23:43,920][src.frame_extractor][INFO] -   Stream #0:0[0x1]: Video: h264 (High) (avc1 / 0x31637661), yuv420p(tv, bt709, progressive), 1080x1920, 19646 kb/s, 29.67 fps, 29.67 tbr, 11392 tbn (default)
[2026-06-21 15:23:43,920][src.frame_extractor][INFO] -     Metadata:
[2026-06-21 15:23:43,920][src.frame_extractor][INFO] -       handler_name    : Core Media Video
[2026-06-21 15:23:43,920][src.frame_extractor][INFO] -       vendor_id       : FFMP
[2026-06-21 15:23:43,920][src.frame_extractor][INFO] -       encoder         : Lavc62.28.102 libx264
[2026-06-21 15:23:43,920][src.frame_extractor][INFO] -   Stream #0:1[0x2]: Audio: aac (LC) (mp4a / 0x6134706D), 48000 Hz, stereo, fltp, 128 kb/s (default)
[2026-06-21 15:23:43,920][src.frame_extractor][INFO] -     Metadata:
[2026-06-21 15:23:43,920][src.frame_extractor][INFO] -       handler_name    : Core Media Audio
[2026-06-21 15:23:43,920][src.frame_extractor][INFO] -       vendor_id       : [0][0][0][0]
[2026-06-21 15:23:43,921][src.frame_extractor][INFO] - Stream mapping:
[2026-06-21 15:23:43,921][src.frame_extractor][INFO] -   Stream #0:0 -> #0:0 (h264 (native) -> mjpeg (native))
[2026-06-21 15:23:43,921][src.frame_extractor][INFO] - Press [q] to stop, [?] for help
[2026-06-21 15:23:43,975][src.frame_extractor][INFO] - Output #0, image2, to '/Users/bc/brendanchambers/2026-06-18-iphone-video-to-splat/data/intermediates/teensy/colmap_sfm_camera_model/images/frame_%04d.jpg':
[2026-06-21 15:23:43,975][src.frame_extractor][INFO] -   Metadata:
[2026-06-21 15:23:43,975][src.frame_extractor][INFO] -     major_brand     : qt
[2026-06-21 15:23:43,976][src.frame_extractor][INFO] -     minor_version   : 512
[2026-06-21 15:23:43,976][src.frame_extractor][INFO] -     compatible_brands: qt
[2026-06-21 15:23:43,976][src.frame_extractor][INFO] -     encoder         : Lavf62.12.102
[2026-06-21 15:23:43,976][src.frame_extractor][INFO] -   Stream #0:0: Video: mjpeg, yuv420p(pc, bt709, progressive), 1080x1920, q=2-31, 200 kb/s, 2 fps, 2 tbn (default)
[2026-06-21 15:23:43,976][src.frame_extractor][INFO] -     Metadata:
[2026-06-21 15:23:43,977][src.frame_extractor][INFO] -       encoder         : Lavc62.28.102 mjpeg
[2026-06-21 15:23:43,977][src.frame_extractor][INFO] -       handler_name    : Core Media Video
[2026-06-21 15:23:43,977][src.frame_extractor][INFO] -       vendor_id       : FFMP
[2026-06-21 15:23:43,977][src.frame_extractor][INFO] -     Side data:
[2026-06-21 15:23:43,977][src.frame_extractor][INFO] -       CPB properties: bitrate max/min/avg: 0/0/200000 buffer size: 0 vbv_delay: N/A
[2026-06-21 15:23:44,123][src.frame_extractor][INFO] - [out#0/image2 @ 0x6000037b0180] video:3120KiB audio:0KiB subtitle:0KiB other streams:0KiB global headers:0KiB muxing overhead: unknown
[2026-06-21 15:23:44,123][src.frame_extractor][INFO] - frame=    8 fps=0.0 q=5.0 Lsize=N/A time=00:00:04.00 bitrate=N/A speed=19.8x elapsed=0:00:00.20
[2026-06-21 15:23:44,126][src.frame_extractor][INFO] - Successfully extracted 8 frames
[2026-06-21 15:23:44,126][__main__][INFO] - ✓ Frame extraction completed
[2026-06-21 15:23:44,127][src.timing_recorder][INFO] - [TIMING] ✓ Completed: frame_extraction (0.25s)
[2026-06-21 15:23:44,127][src.timing_recorder][INFO] - [TIMING] Starting: feature_extraction
[2026-06-21 15:23:44,127][__main__][INFO] - ============================================================
[2026-06-21 15:23:44,127][__main__][INFO] - STEP 2: Feature Extraction
[2026-06-21 15:23:44,127][__main__][INFO] - ============================================================
[2026-06-21 15:23:44,127][src.colmap_feature_extractor][INFO] - Extracting features from images: /Users/bc/brendanchambers/2026-06-18-iphone-video-to-splat/data/intermediates/teensy/colmap_sfm_camera_model/images
[2026-06-21 15:23:44,127][src.colmap_feature_extractor][INFO] - Database: /Users/bc/brendanchambers/2026-06-18-iphone-video-to-splat/data/intermediates/teensy/colmap_sfm_camera_model/database.db
[2026-06-21 15:23:44,128][src.colmap_feature_extractor][INFO] - Running: colmap feature_extractor
[2026-06-21 15:23:44,385][src.colmap_feature_extractor][INFO] - I20260621 15:23:44.385261 0x16bf67000 feature_extraction.cc:504] === Feature extraction ===
[2026-06-21 15:23:44,399][src.colmap_feature_extractor][INFO] - I20260621 15:23:44.399419 0x16c56b000 sift.cc:757] Creating SIFT GPU feature extractor
[2026-06-21 15:23:44,538][src.colmap_feature_extractor][INFO] - I20260621 15:23:44.538729 0x16c5f7000 feature_extraction.cc:282] Processed file [1/8]
[2026-06-21 15:23:44,539][src.colmap_feature_extractor][INFO] - I20260621 15:23:44.538746 0x16c5f7000 feature_extraction.cc:285]   Name:            frame_0001.jpg
[2026-06-21 15:23:44,539][src.colmap_feature_extractor][INFO] - I20260621 15:23:44.538756 0x16c5f7000 feature_extraction.cc:294]   Dimensions:      1080 x 1920
[2026-06-21 15:23:44,539][src.colmap_feature_extractor][INFO] - I20260621 15:23:44.538758 0x16c5f7000 feature_extraction.cc:297]   Camera:          #1 - RADIAL
[2026-06-21 15:23:44,539][src.colmap_feature_extractor][INFO] - I20260621 15:23:44.538760 0x16c5f7000 feature_extraction.cc:300]   Focal Length:    2304.00px
[2026-06-21 15:23:44,539][src.colmap_feature_extractor][INFO] - I20260621 15:23:44.538763 0x16c5f7000 feature_extraction.cc:304]   Features:        4449 (SIFT)
[2026-06-21 15:23:44,594][src.colmap_feature_extractor][INFO] - I20260621 15:23:44.594024 0x16c5f7000 feature_extraction.cc:282] Processed file [2/8]
[2026-06-21 15:23:44,594][src.colmap_feature_extractor][INFO] - I20260621 15:23:44.594042 0x16c5f7000 feature_extraction.cc:285]   Name:            frame_0002.jpg
[2026-06-21 15:23:44,594][src.colmap_feature_extractor][INFO] - I20260621 15:23:44.594044 0x16c5f7000 feature_extraction.cc:294]   Dimensions:      1080 x 1920
[2026-06-21 15:23:44,594][src.colmap_feature_extractor][INFO] - I20260621 15:23:44.594046 0x16c5f7000 feature_extraction.cc:297]   Camera:          #1 - RADIAL
[2026-06-21 15:23:44,594][src.colmap_feature_extractor][INFO] - I20260621 15:23:44.594048 0x16c5f7000 feature_extraction.cc:300]   Focal Length:    2304.00px
[2026-06-21 15:23:44,594][src.colmap_feature_extractor][INFO] - I20260621 15:23:44.594054 0x16c5f7000 feature_extraction.cc:304]   Features:        4766 (SIFT)
[2026-06-21 15:23:44,647][src.colmap_feature_extractor][INFO] - I20260621 15:23:44.647650 0x16c5f7000 feature_extraction.cc:282] Processed file [3/8]
[2026-06-21 15:23:44,647][src.colmap_feature_extractor][INFO] - I20260621 15:23:44.647669 0x16c5f7000 feature_extraction.cc:285]   Name:            frame_0003.jpg
[2026-06-21 15:23:44,648][src.colmap_feature_extractor][INFO] - I20260621 15:23:44.647672 0x16c5f7000 feature_extraction.cc:294]   Dimensions:      1080 x 1920
[2026-06-21 15:23:44,648][src.colmap_feature_extractor][INFO] - I20260621 15:23:44.647679 0x16c5f7000 feature_extraction.cc:297]   Camera:          #1 - RADIAL
[2026-06-21 15:23:44,648][src.colmap_feature_extractor][INFO] - I20260621 15:23:44.647682 0x16c5f7000 feature_extraction.cc:300]   Focal Length:    2304.00px
[2026-06-21 15:23:44,648][src.colmap_feature_extractor][INFO] - I20260621 15:23:44.647685 0x16c5f7000 feature_extraction.cc:304]   Features:        5561 (SIFT)
[2026-06-21 15:23:44,702][src.colmap_feature_extractor][INFO] - I20260621 15:23:44.702396 0x16c5f7000 feature_extraction.cc:282] Processed file [4/8]
[2026-06-21 15:23:44,702][src.colmap_feature_extractor][INFO] - I20260621 15:23:44.702415 0x16c5f7000 feature_extraction.cc:285]   Name:            frame_0004.jpg
[2026-06-21 15:23:44,702][src.colmap_feature_extractor][INFO] - I20260621 15:23:44.702417 0x16c5f7000 feature_extraction.cc:294]   Dimensions:      1080 x 1920
[2026-06-21 15:23:44,702][src.colmap_feature_extractor][INFO] - I20260621 15:23:44.702419 0x16c5f7000 feature_extraction.cc:297]   Camera:          #1 - RADIAL
[2026-06-21 15:23:44,702][src.colmap_feature_extractor][INFO] - I20260621 15:23:44.702421 0x16c5f7000 feature_extraction.cc:300]   Focal Length:    2304.00px
[2026-06-21 15:23:44,703][src.colmap_feature_extractor][INFO] - I20260621 15:23:44.702424 0x16c5f7000 feature_extraction.cc:304]   Features:        6351 (SIFT)
[2026-06-21 15:23:44,755][src.colmap_feature_extractor][INFO] - I20260621 15:23:44.755198 0x16c5f7000 feature_extraction.cc:282] Processed file [5/8]
[2026-06-21 15:23:44,755][src.colmap_feature_extractor][INFO] - I20260621 15:23:44.755219 0x16c5f7000 feature_extraction.cc:285]   Name:            frame_0005.jpg
[2026-06-21 15:23:44,755][src.colmap_feature_extractor][INFO] - I20260621 15:23:44.755221 0x16c5f7000 feature_extraction.cc:294]   Dimensions:      1080 x 1920
[2026-06-21 15:23:44,755][src.colmap_feature_extractor][INFO] - I20260621 15:23:44.755223 0x16c5f7000 feature_extraction.cc:297]   Camera:          #1 - RADIAL
[2026-06-21 15:23:44,755][src.colmap_feature_extractor][INFO] - I20260621 15:23:44.755225 0x16c5f7000 feature_extraction.cc:300]   Focal Length:    2304.00px
[2026-06-21 15:23:44,755][src.colmap_feature_extractor][INFO] - I20260621 15:23:44.755227 0x16c5f7000 feature_extraction.cc:304]   Features:        4609 (SIFT)
[2026-06-21 15:23:44,809][src.colmap_feature_extractor][INFO] - I20260621 15:23:44.809103 0x16c5f7000 feature_extraction.cc:282] Processed file [6/8]
[2026-06-21 15:23:44,809][src.colmap_feature_extractor][INFO] - I20260621 15:23:44.809122 0x16c5f7000 feature_extraction.cc:285]   Name:            frame_0006.jpg
[2026-06-21 15:23:44,809][src.colmap_feature_extractor][INFO] - I20260621 15:23:44.809124 0x16c5f7000 feature_extraction.cc:294]   Dimensions:      1080 x 1920
[2026-06-21 15:23:44,809][src.colmap_feature_extractor][INFO] - I20260621 15:23:44.809125 0x16c5f7000 feature_extraction.cc:297]   Camera:          #1 - RADIAL
[2026-06-21 15:23:44,809][src.colmap_feature_extractor][INFO] - I20260621 15:23:44.809127 0x16c5f7000 feature_extraction.cc:300]   Focal Length:    2304.00px
[2026-06-21 15:23:44,809][src.colmap_feature_extractor][INFO] - I20260621 15:23:44.809137 0x16c5f7000 feature_extraction.cc:304]   Features:        4916 (SIFT)
[2026-06-21 15:23:44,862][src.colmap_feature_extractor][INFO] - I20260621 15:23:44.862688 0x16c5f7000 feature_extraction.cc:282] Processed file [7/8]
[2026-06-21 15:23:44,863][src.colmap_feature_extractor][INFO] - I20260621 15:23:44.862704 0x16c5f7000 feature_extraction.cc:285]   Name:            frame_0007.jpg
[2026-06-21 15:23:44,863][src.colmap_feature_extractor][INFO] - I20260621 15:23:44.862706 0x16c5f7000 feature_extraction.cc:294]   Dimensions:      1080 x 1920
[2026-06-21 15:23:44,863][src.colmap_feature_extractor][INFO] - I20260621 15:23:44.862708 0x16c5f7000 feature_extraction.cc:297]   Camera:          #1 - RADIAL
[2026-06-21 15:23:44,863][src.colmap_feature_extractor][INFO] - I20260621 15:23:44.862710 0x16c5f7000 feature_extraction.cc:300]   Focal Length:    2304.00px
[2026-06-21 15:23:44,863][src.colmap_feature_extractor][INFO] - I20260621 15:23:44.862712 0x16c5f7000 feature_extraction.cc:304]   Features:        4134 (SIFT)
[2026-06-21 15:23:44,918][src.colmap_feature_extractor][INFO] - I20260621 15:23:44.918621 0x16c5f7000 feature_extraction.cc:282] Processed file [8/8]
[2026-06-21 15:23:44,918][src.colmap_feature_extractor][INFO] - I20260621 15:23:44.918675 0x16c5f7000 feature_extraction.cc:285]   Name:            frame_0008.jpg
[2026-06-21 15:23:44,919][src.colmap_feature_extractor][INFO] - I20260621 15:23:44.918679 0x16c5f7000 feature_extraction.cc:294]   Dimensions:      1080 x 1920
[2026-06-21 15:23:44,919][src.colmap_feature_extractor][INFO] - I20260621 15:23:44.918680 0x16c5f7000 feature_extraction.cc:297]   Camera:          #1 - RADIAL
[2026-06-21 15:23:44,919][src.colmap_feature_extractor][INFO] - I20260621 15:23:44.918682 0x16c5f7000 feature_extraction.cc:300]   Focal Length:    2304.00px
[2026-06-21 15:23:44,919][src.colmap_feature_extractor][INFO] - I20260621 15:23:44.918685 0x16c5f7000 feature_extraction.cc:304]   Features:        6773 (SIFT)
[2026-06-21 15:23:44,924][src.colmap_feature_extractor][INFO] - I20260621 15:23:44.924119 0x16bf67000 timer.cc:90] Elapsed time: 0.009 [minutes]
[2026-06-21 15:23:44,941][src.colmap_feature_extractor][INFO] - Feature extraction completed successfully
[2026-06-21 15:23:44,941][__main__][INFO] - ✓ Feature extraction completed
[2026-06-21 15:23:44,941][src.timing_recorder][INFO] - [TIMING] ✓ Completed: feature_extraction (0.81s)
[2026-06-21 15:23:44,941][src.timing_recorder][INFO] - [TIMING] Starting: feature_matching
[2026-06-21 15:23:44,941][__main__][INFO] - ============================================================
[2026-06-21 15:23:44,941][__main__][INFO] - STEP 3: Feature Matching
[2026-06-21 15:23:44,941][__main__][INFO] - ============================================================
[2026-06-21 15:23:44,942][src.colmap_feature_matcher][INFO] - Matching features in database: /Users/bc/brendanchambers/2026-06-18-iphone-video-to-splat/data/intermediates/teensy/colmap_sfm_camera_model/database.db
[2026-06-21 15:23:44,942][src.colmap_feature_matcher][INFO] - Running: colmap sequential_matcher
[2026-06-21 15:23:45,108][src.colmap_feature_matcher][INFO] - I20260621 15:23:45.108511 0x16de53000 feature_matching.cc:195] === Feature matching & geometric verification ===
[2026-06-21 15:23:45,123][src.colmap_feature_matcher][INFO] - I20260621 15:23:45.123119 0x16dedf000 sift.cc:1559] Creating SIFT GPU feature matcher
[2026-06-21 15:23:45,148][src.colmap_feature_matcher][INFO] - I20260621 15:23:45.148261 0x16de53000 pairing.cc:415] Generating sequential image pairs...
[2026-06-21 15:23:45,148][src.colmap_feature_matcher][INFO] - I20260621 15:23:45.148354 0x16de53000 pairing.cc:473] Processing image [1/8]
[2026-06-21 15:23:45,220][src.colmap_feature_matcher][INFO] - I20260621 15:23:45.220336 0x16de53000 feature_matching.cc:217] in 0.072s
[2026-06-21 15:23:45,220][src.colmap_feature_matcher][INFO] - I20260621 15:23:45.220351 0x16de53000 pairing.cc:473] Processing image [2/8]
[2026-06-21 15:23:45,278][src.colmap_feature_matcher][INFO] - I20260621 15:23:45.278650 0x16de53000 feature_matching.cc:217] in 0.058s
[2026-06-21 15:23:45,278][src.colmap_feature_matcher][INFO] - I20260621 15:23:45.278661 0x16de53000 pairing.cc:473] Processing image [3/8]
[2026-06-21 15:23:45,340][src.colmap_feature_matcher][INFO] - I20260621 15:23:45.340109 0x16de53000 feature_matching.cc:217] in 0.061s
[2026-06-21 15:23:45,340][src.colmap_feature_matcher][INFO] - I20260621 15:23:45.340119 0x16de53000 pairing.cc:473] Processing image [4/8]
[2026-06-21 15:23:45,412][src.colmap_feature_matcher][INFO] - I20260621 15:23:45.412689 0x16de53000 feature_matching.cc:217] in 0.073s
[2026-06-21 15:23:45,412][src.colmap_feature_matcher][INFO] - I20260621 15:23:45.412703 0x16de53000 pairing.cc:473] Processing image [5/8]
[2026-06-21 15:23:45,444][src.colmap_feature_matcher][INFO] - I20260621 15:23:45.444129 0x16de53000 feature_matching.cc:217] in 0.031s
[2026-06-21 15:23:45,444][src.colmap_feature_matcher][INFO] - I20260621 15:23:45.444136 0x16de53000 pairing.cc:473] Processing image [6/8]
[2026-06-21 15:23:45,484][src.colmap_feature_matcher][INFO] - I20260621 15:23:45.484819 0x16de53000 feature_matching.cc:217] in 0.041s
[2026-06-21 15:23:45,484][src.colmap_feature_matcher][INFO] - I20260621 15:23:45.484829 0x16de53000 pairing.cc:473] Processing image [7/8]
[2026-06-21 15:23:45,507][src.colmap_feature_matcher][INFO] - I20260621 15:23:45.507025 0x16de53000 feature_matching.cc:217] in 0.022s
[2026-06-21 15:23:45,507][src.colmap_feature_matcher][INFO] - I20260621 15:23:45.507032 0x16de53000 pairing.cc:473] Processing image [8/8]
[2026-06-21 15:23:45,507][src.colmap_feature_matcher][INFO] - I20260621 15:23:45.507034 0x16de53000 feature_matching.cc:217] in 0.000s
[2026-06-21 15:23:45,507][src.colmap_feature_matcher][INFO] - I20260621 15:23:45.507037 0x16de53000 timer.cc:90] Elapsed time: 0.007 [minutes]
[2026-06-21 15:23:45,515][src.colmap_feature_matcher][INFO] - Feature matching completed successfully
[2026-06-21 15:23:45,515][__main__][INFO] - ✓ Feature matching completed
[2026-06-21 15:23:45,515][src.timing_recorder][INFO] - [TIMING] ✓ Completed: feature_matching (0.57s)
[2026-06-21 15:23:45,515][src.timing_recorder][INFO] - [TIMING] Starting: sparse_reconstruction
[2026-06-21 15:23:45,515][__main__][INFO] - ============================================================
[2026-06-21 15:23:45,515][__main__][INFO] - STEP 4: Sparse Reconstruction
[2026-06-21 15:23:45,515][__main__][INFO] - ============================================================
[2026-06-21 15:23:45,516][src.colmap_mapper][INFO] - Performing sparse reconstruction
[2026-06-21 15:23:45,516][src.colmap_mapper][INFO] - Database: /Users/bc/brendanchambers/2026-06-18-iphone-video-to-splat/data/intermediates/teensy/colmap_sfm_camera_model/database.db
[2026-06-21 15:23:45,516][src.colmap_mapper][INFO] - Images: /Users/bc/brendanchambers/2026-06-18-iphone-video-to-splat/data/intermediates/teensy/colmap_sfm_camera_model/images
[2026-06-21 15:23:45,516][src.colmap_mapper][INFO] - Output: /Users/bc/brendanchambers/2026-06-18-iphone-video-to-splat/data/intermediates/teensy/colmap_sfm_camera_model/sparse
[2026-06-21 15:23:45,517][src.colmap_mapper][INFO] - Running: colmap mapper
[2026-06-21 15:23:45,568][src.colmap_mapper][INFO] - I20260621 15:23:45.567981 0x1fde420c0 incremental_pipeline.cc:278] Loading database
[2026-06-21 15:23:45,568][src.colmap_mapper][INFO] - I20260621 15:23:45.568313 0x1fde420c0 database_cache.cc:72] Loading rigs...
[2026-06-21 15:23:45,568][src.colmap_mapper][INFO] - I20260621 15:23:45.568334 0x1fde420c0 database_cache.cc:82]  1 in 0.000s
[2026-06-21 15:23:45,568][src.colmap_mapper][INFO] - I20260621 15:23:45.568337 0x1fde420c0 database_cache.cc:90] Loading cameras...
[2026-06-21 15:23:45,568][src.colmap_mapper][INFO] - I20260621 15:23:45.568346 0x1fde420c0 database_cache.cc:108]  1 in 0.000s
[2026-06-21 15:23:45,568][src.colmap_mapper][INFO] - I20260621 15:23:45.568349 0x1fde420c0 database_cache.cc:116] Loading frames...
[2026-06-21 15:23:45,568][src.colmap_mapper][INFO] - I20260621 15:23:45.568367 0x1fde420c0 database_cache.cc:126]  8 in 0.000s
[2026-06-21 15:23:45,568][src.colmap_mapper][INFO] - I20260621 15:23:45.568369 0x1fde420c0 database_cache.cc:134] Loading matches...
[2026-06-21 15:23:45,568][src.colmap_mapper][INFO] - I20260621 15:23:45.568436 0x1fde420c0 database_cache.cc:139]  17 in 0.000s
[2026-06-21 15:23:45,568][src.colmap_mapper][INFO] - I20260621 15:23:45.568438 0x1fde420c0 database_cache.cc:147] Loading images...
[2026-06-21 15:23:45,569][src.colmap_mapper][INFO] - I20260621 15:23:45.569026 0x1fde420c0 database_cache.cc:241]  8 in 0.001s (connected 8, loaded 8)
[2026-06-21 15:23:45,569][src.colmap_mapper][INFO] - I20260621 15:23:45.569030 0x1fde420c0 database_cache.cc:255] Loading pose priors...
[2026-06-21 15:23:45,569][src.colmap_mapper][INFO] - I20260621 15:23:45.569036 0x1fde420c0 database_cache.cc:263]  0 in 0.000s
[2026-06-21 15:23:45,569][src.colmap_mapper][INFO] - I20260621 15:23:45.569038 0x1fde420c0 database_cache.cc:271] Building correspondence graph...
[2026-06-21 15:23:45,569][src.colmap_mapper][INFO] - I20260621 15:23:45.569873 0x1fde420c0 database_cache.cc:300]  in 0.001s (ignored 0)
[2026-06-21 15:23:45,569][src.colmap_mapper][INFO] - I20260621 15:23:45.569876 0x1fde420c0 timer.cc:90] Elapsed time: 0.000 [minutes]
[2026-06-21 15:23:45,570][src.colmap_mapper][INFO] - I20260621 15:23:45.570404 0x1fde420c0 incremental_pipeline.cc:390] Finding good initial image pair
[2026-06-21 15:23:45,582][src.colmap_mapper][INFO] - I20260621 15:23:45.582151 0x1fde420c0 incremental_pipeline.cc:414] Registering initial image pair #6 and #2
[2026-06-21 15:23:45,583][src.colmap_mapper][INFO] - I20260621 15:23:45.582996 0x1fde420c0 incremental_pipeline.cc:432] Global bundle adjustment
[2026-06-21 15:23:45,609][src.colmap_mapper][INFO] - I20260621 15:23:45.609336 0x1fde420c0 incremental_pipeline.cc:537] Registering image #3 (num_reg_frames=2)
[2026-06-21 15:23:45,609][src.colmap_mapper][INFO] - I20260621 15:23:45.609343 0x1fde420c0 incremental_pipeline.cc:540] => Image sees 85 / 1892 points
[2026-06-21 15:23:45,623][src.colmap_mapper][INFO] - I20260621 15:23:45.623335 0x1fde420c0 incremental_pipeline.cc:79] Retriangulation and Global bundle adjustment
[2026-06-21 15:23:45,634][src.colmap_mapper][INFO] - I20260621 15:23:45.634461 0x1fde420c0 incremental_pipeline.cc:537] Registering image #1 (num_reg_frames=3)
[2026-06-21 15:23:45,634][src.colmap_mapper][INFO] - I20260621 15:23:45.634465 0x1fde420c0 incremental_pipeline.cc:540] => Image sees 465 / 1825 points
[2026-06-21 15:23:45,654][src.colmap_mapper][INFO] - I20260621 15:23:45.653985 0x1fde420c0 incremental_pipeline.cc:79] Retriangulation and Global bundle adjustment
[2026-06-21 15:23:45,665][src.colmap_mapper][INFO] - I20260621 15:23:45.665722 0x1fde420c0 incremental_pipeline.cc:537] Registering image #4 (num_reg_frames=4)
[2026-06-21 15:23:45,665][src.colmap_mapper][INFO] - I20260621 15:23:45.665726 0x1fde420c0 incremental_pipeline.cc:540] => Image sees 362 / 3027 points
[2026-06-21 15:23:45,731][src.colmap_mapper][INFO] - I20260621 15:23:45.730967 0x1fde420c0 incremental_pipeline.cc:79] Retriangulation and Global bundle adjustment
[2026-06-21 15:23:45,755][src.colmap_mapper][INFO] - I20260621 15:23:45.755455 0x1fde420c0 incremental_pipeline.cc:537] Registering image #5 (num_reg_frames=5)
[2026-06-21 15:23:45,755][src.colmap_mapper][INFO] - I20260621 15:23:45.755462 0x1fde420c0 incremental_pipeline.cc:540] => Image sees 1063 / 2461 points
[2026-06-21 15:23:45,815][src.colmap_mapper][INFO] - I20260621 15:23:45.815316 0x1fde420c0 incremental_pipeline.cc:79] Retriangulation and Global bundle adjustment
[2026-06-21 15:23:45,833][src.colmap_mapper][INFO] - I20260621 15:23:45.833627 0x1fde420c0 incremental_pipeline.cc:537] Registering image #7 (num_reg_frames=6)
[2026-06-21 15:23:45,833][src.colmap_mapper][INFO] - I20260621 15:23:45.833635 0x1fde420c0 incremental_pipeline.cc:540] => Image sees 435 / 1676 points
[2026-06-21 15:23:45,870][src.colmap_mapper][INFO] - I20260621 15:23:45.870408 0x1fde420c0 incremental_pipeline.cc:79] Retriangulation and Global bundle adjustment
[2026-06-21 15:23:45,907][src.colmap_mapper][INFO] - I20260621 15:23:45.907548 0x1fde420c0 incremental_pipeline.cc:537] Registering image #8 (num_reg_frames=7)
[2026-06-21 15:23:45,907][src.colmap_mapper][INFO] - I20260621 15:23:45.907559 0x1fde420c0 incremental_pipeline.cc:540] => Image sees 482 / 1376 points
[2026-06-21 15:23:45,942][src.colmap_mapper][INFO] - I20260621 15:23:45.942388 0x1fde420c0 incremental_pipeline.cc:79] Retriangulation and Global bundle adjustment
[2026-06-21 15:23:45,983][src.colmap_mapper][INFO] - I20260621 15:23:45.983098 0x1fde420c0 incremental_pipeline.cc:79] Retriangulation and Global bundle adjustment
[2026-06-21 15:23:45,992][src.colmap_mapper][INFO] - I20260621 15:23:45.992172 0x1fde420c0 incremental_pipeline.cc:723] Keeping successful reconstruction
[2026-06-21 15:23:45,994][src.colmap_mapper][INFO] - I20260621 15:23:45.994562 0x1fde420c0 timer.cc:90] Elapsed time: 0.007 [minutes]
[2026-06-21 15:23:45,997][src.colmap_mapper][INFO] - Sparse reconstruction completed successfully
[2026-06-21 15:23:45,997][__main__][INFO] - ✓ Sparse reconstruction completed
[2026-06-21 15:23:45,997][src.timing_recorder][INFO] - [TIMING] ✓ Completed: sparse_reconstruction (0.48s)
[2026-06-21 15:23:45,997][src.timing_recorder][INFO] - [TIMING] Starting: undistortion
[2026-06-21 15:23:45,997][__main__][INFO] - ============================================================
[2026-06-21 15:23:45,997][__main__][INFO] - STEP 5: Image Undistortion
[2026-06-21 15:23:45,997][__main__][INFO] - ============================================================
[2026-06-21 15:23:45,999][src.colmap_undistorter][INFO] - Undistorting images
[2026-06-21 15:23:45,999][src.colmap_undistorter][INFO] - Input model: /Users/bc/brendanchambers/2026-06-18-iphone-video-to-splat/data/intermediates/teensy/colmap_sfm_camera_model/sparse/0
[2026-06-21 15:23:45,999][src.colmap_undistorter][INFO] - Images: /Users/bc/brendanchambers/2026-06-18-iphone-video-to-splat/data/intermediates/teensy/colmap_sfm_camera_model/images
[2026-06-21 15:23:45,999][src.colmap_undistorter][INFO] - Output: /Users/bc/brendanchambers/2026-06-18-iphone-video-to-splat/data/intermediates/teensy/colmap_sfm_linearized
[2026-06-21 15:23:45,999][src.colmap_undistorter][INFO] - Running: colmap image_undistorter
[2026-06-21 15:23:46,047][src.colmap_undistorter][INFO] - I20260621 15:23:46.047204 0x1fde420c0 image.cc:368] === Reading reconstruction ===
[2026-06-21 15:23:46,049][src.colmap_undistorter][INFO] - I20260621 15:23:46.049303 0x1fde420c0 image.cc:371] => Reconstruction with 8 images and 2190 points
[2026-06-21 15:23:46,049][src.colmap_undistorter][INFO] - I20260621 15:23:46.049322 0x1fde420c0 undistorters.cc:166] === Image undistortion ===
[2026-06-21 15:23:46,049][src.colmap_undistorter][INFO] - I20260621 15:23:46.049638 0x1fde420c0 undistorters.cc:205] Undistorting image [1/8]
[2026-06-21 15:23:46,668][src.colmap_undistorter][INFO] - I20260621 15:23:46.668806 0x1fde420c0 undistorters.cc:205] Undistorting image [2/8]
[2026-06-21 15:23:46,684][src.colmap_undistorter][INFO] - I20260621 15:23:46.684120 0x1fde420c0 undistorters.cc:205] Undistorting image [3/8]
[2026-06-21 15:23:46,684][src.colmap_undistorter][INFO] - I20260621 15:23:46.684143 0x1fde420c0 undistorters.cc:205] Undistorting image [4/8]
[2026-06-21 15:23:46,698][src.colmap_undistorter][INFO] - I20260621 15:23:46.698802 0x1fde420c0 undistorters.cc:205] Undistorting image [5/8]
[2026-06-21 15:23:46,698][src.colmap_undistorter][INFO] - I20260621 15:23:46.698815 0x1fde420c0 undistorters.cc:205] Undistorting image [6/8]
[2026-06-21 15:23:46,698][src.colmap_undistorter][INFO] - I20260621 15:23:46.698817 0x1fde420c0 undistorters.cc:205] Undistorting image [7/8]
[2026-06-21 15:23:46,698][src.colmap_undistorter][INFO] - I20260621 15:23:46.698819 0x1fde420c0 undistorters.cc:205] Undistorting image [8/8]
[2026-06-21 15:23:46,699][src.colmap_undistorter][INFO] - I20260621 15:23:46.698822 0x1fde420c0 undistorters.cc:213] Writing reconstruction...
[2026-06-21 15:23:46,703][src.colmap_undistorter][INFO] - I20260621 15:23:46.703452 0x1fde420c0 undistorters.cc:218] Writing configuration...
[2026-06-21 15:23:46,703][src.colmap_undistorter][INFO] - I20260621 15:23:46.703583 0x1fde420c0 undistorters.cc:222] Writing scripts...
[2026-06-21 15:23:46,703][src.colmap_undistorter][INFO] - I20260621 15:23:46.703690 0x1fde420c0 timer.cc:90] Elapsed time: 0.011 [minutes]
[2026-06-21 15:23:46,708][src.colmap_undistorter][INFO] - Image undistortion completed successfully
[2026-06-21 15:23:46,708][__main__][INFO] - ✓ Image undistortion completed
[2026-06-21 15:23:46,708][src.timing_recorder][INFO] - [TIMING] ✓ Completed: undistortion (0.71s)
[2026-06-21 15:23:46,708][src.timing_recorder][INFO] - [TIMING] Starting: splat_training
[2026-06-21 15:23:46,708][__main__][INFO] - ============================================================
[2026-06-21 15:23:46,708][__main__][INFO] - STEP 6: OpenSplat Training
[2026-06-21 15:23:46,708][__main__][INFO] - ============================================================
[2026-06-21 15:23:46,709][src.opensplat_trainer][INFO] - Training 3D Gaussian Splat
[2026-06-21 15:23:46,709][src.opensplat_trainer][INFO] - Sparse model: /Users/bc/brendanchambers/2026-06-18-iphone-video-to-splat/data/intermediates/teensy/colmap_sfm_linearized/sparse
[2026-06-21 15:23:46,709][src.opensplat_trainer][INFO] - Images: /Users/bc/brendanchambers/2026-06-18-iphone-video-to-splat/data/intermediates/teensy/colmap_sfm_linearized/images
[2026-06-21 15:23:46,709][src.opensplat_trainer][INFO] - Output PLY: /Users/bc/brendanchambers/2026-06-18-iphone-video-to-splat/data/intermediates/teensy/colmap_sfm_linearized/splats/teensy_20260621_1523.ply
[2026-06-21 15:23:46,709][src.opensplat_trainer][INFO] - Training loss log: /Users/bc/brendanchambers/2026-06-18-iphone-video-to-splat/data/intermediates/teensy/colmap_sfm_linearized/splats/train_20260621_1523.jsonl
[2026-06-21 15:23:46,709][src.opensplat_trainer][INFO] - Validation loss log: /Users/bc/brendanchambers/2026-06-18-iphone-video-to-splat/data/intermediates/teensy/colmap_sfm_linearized/splats/val_20260621_1523.jsonl
[2026-06-21 15:23:46,709][src.opensplat_trainer][INFO] - Running: opensplat
[2026-06-21 15:23:46,861][src.opensplat_trainer][INFO] - Using MPS
[2026-06-21 15:23:46,863][src.opensplat_trainer][INFO] - Reading 2190 points
[2026-06-21 15:23:46,863][src.opensplat_trainer][INFO] - Loading /Users/bc/brendanchambers/2026-06-18-iphone-video-to-splat/data/intermediates/teensy/colmap_sfm_linearized/images/frame_0001.jpg
[2026-06-21 15:23:46,863][src.opensplat_trainer][INFO] - Loading /Users/bc/brendanchambers/2026-06-18-iphone-video-to-splat/data/intermediates/teensy/colmap_sfm_linearized/images/frame_0002.jpg
[2026-06-21 15:23:46,863][src.opensplat_trainer][INFO] - Loading /Users/bc/brendanchambers/2026-06-18-iphone-video-to-splat/data/intermediates/teensy/colmap_sfm_linearized/images/frame_0003.jpg
[2026-06-21 15:23:46,863][src.opensplat_trainer][INFO] - Loading /Users/bc/brendanchambers/2026-06-18-iphone-video-to-splat/data/intermediates/teensy/colmap_sfm_linearized/images/frame_0004.jpg
[2026-06-21 15:23:46,863][src.opensplat_trainer][INFO] - Loading /Users/bc/brendanchambers/2026-06-18-iphone-video-to-splat/data/intermediates/teensy/colmap_sfm_linearized/images/frame_0005.jpg
[2026-06-21 15:23:46,863][src.opensplat_trainer][INFO] - Loading /Users/bc/brendanchambers/2026-06-18-iphone-video-to-splat/data/intermediates/teensy/colmap_sfm_linearized/images/frame_0006.jpg
[2026-06-21 15:23:46,864][src.opensplat_trainer][INFO] - Loading /Users/bc/brendanchambers/2026-06-18-iphone-video-to-splat/data/intermediates/teensy/colmap_sfm_linearized/images/frame_0007.jpg
[2026-06-21 15:23:46,864][src.opensplat_trainer][INFO] - Loading /Users/bc/brendanchambers/2026-06-18-iphone-video-to-splat/data/intermediates/teensy/colmap_sfm_linearized/images/frame_0008.jpg
[2026-06-21 15:23:47,238][src.opensplat_trainer][INFO] - init_gsplat_metal_context: loading '/Users/bc/brendanchambers/2026-06-18-iphone-video-to-splat/opensplat/build/default.metallib'
[2026-06-21 15:23:47,238][src.opensplat_trainer][INFO] - init_gsplat_metal_context: loaded '/Users/bc/brendanchambers/2026-06-18-iphone-video-to-splat/opensplat/build/default.metallib', functions: compute_cov2d_bounds_kernel, project_gaussians_backward_kernel, get_tile_bin_edges_kernel, rasterize_backward_kernel, map_gaussian_to_intersects_kernel, nd_rasterize_backward_kernel, project_gaussians_forward_kernel, compute_sh_backward_kernel, compute_sh_forward_kernel, nd_rasterize_forward_kernel
[2026-06-21 15:23:47,238][src.opensplat_trainer][INFO] - init_gsplat_metal_context: load function nd_rasterize_backward_kernel with label: (null)
[2026-06-21 15:23:47,238][src.opensplat_trainer][INFO] - init_gsplat_metal_context: load function nd_rasterize_forward_kernel with label: (null)
[2026-06-21 15:23:47,238][src.opensplat_trainer][INFO] - init_gsplat_metal_context: load function rasterize_backward_kernel with label: (null)
[2026-06-21 15:23:47,238][src.opensplat_trainer][INFO] - init_gsplat_metal_context: load function project_gaussians_forward_kernel with label: (null)
[2026-06-21 15:23:47,238][src.opensplat_trainer][INFO] - init_gsplat_metal_context: load function project_gaussians_backward_kernel with label: (null)
[2026-06-21 15:23:47,238][src.opensplat_trainer][INFO] - init_gsplat_metal_context: load function compute_sh_forward_kernel with label: (null)
[2026-06-21 15:23:47,238][src.opensplat_trainer][INFO] - init_gsplat_metal_context: load function compute_sh_backward_kernel with label: (null)
[2026-06-21 15:23:47,238][src.opensplat_trainer][INFO] - init_gsplat_metal_context: load function compute_cov2d_bounds_kernel with label: (null)
[2026-06-21 15:23:47,238][src.opensplat_trainer][INFO] - init_gsplat_metal_context: load function map_gaussian_to_intersects_kernel with label: (null)
[2026-06-21 15:23:47,238][src.opensplat_trainer][INFO] - init_gsplat_metal_context: load function get_tile_bin_edges_kernel with label: (null)
[2026-06-21 15:23:47,238][src.opensplat_trainer][INFO] - Step 10: 0.334294 (20%)
[2026-06-21 15:23:47,450][src.opensplat_trainer][INFO] - Step 20: 0.315683 (40%)
[2026-06-21 15:23:47,646][src.opensplat_trainer][INFO] - Step 30: 0.283404 (60%)
[2026-06-21 15:23:47,837][src.opensplat_trainer][INFO] - Step 40: 0.300565 (80%)
[2026-06-21 15:23:48,050][src.opensplat_trainer][INFO] - Step 50: 0.302381 (100%)
[2026-06-21 15:23:48,067][src.opensplat_trainer][INFO] - Wrote /Users/bc/brendanchambers/2026-06-18-iphone-video-to-splat/data/intermediates/teensy/colmap_sfm_linearized/splats/cameras.json
[2026-06-21 15:23:48,075][src.opensplat_trainer][INFO] - Wrote /Users/bc/brendanchambers/2026-06-18-iphone-video-to-splat/data/intermediates/teensy/colmap_sfm_linearized/splats/teensy_20260621_1523.ply
[2026-06-21 15:23:48,089][src.opensplat_trainer][INFO] - /Users/bc/brendanchambers/2026-06-18-iphone-video-to-splat/data/intermediates/teensy/colmap_sfm_linearized/images/frame_0001.jpg validation loss: 0.344967
[2026-06-21 15:23:48,141][src.opensplat_trainer][INFO] - Parsed 5 training loss values to /Users/bc/brendanchambers/2026-06-18-iphone-video-to-splat/data/intermediates/teensy/colmap_sfm_linearized/splats/train_20260621_1523.jsonl
[2026-06-21 15:23:48,141][src.opensplat_trainer][INFO] - Captured validation loss: 0.344967 to /Users/bc/brendanchambers/2026-06-18-iphone-video-to-splat/data/intermediates/teensy/colmap_sfm_linearized/splats/val_20260621_1523.jsonl
[2026-06-21 15:23:48,141][src.opensplat_trainer][INFO] - Training completed successfully
[2026-06-21 15:23:48,141][src.opensplat_trainer][INFO] - Output saved to: /Users/bc/brendanchambers/2026-06-18-iphone-video-to-splat/data/intermediates/teensy/colmap_sfm_linearized/splats/teensy_20260621_1523.ply
[2026-06-21 15:23:48,141][__main__][INFO] - ✓ Splat training completed
[2026-06-21 15:23:48,141][__main__][INFO] - ============================================================
[2026-06-21 15:23:48,141][__main__][INFO] - Analyzing Training Loss
[2026-06-21 15:23:48,142][__main__][INFO] - ============================================================
[2026-06-21 15:23:48,407][src.timing_recorder][INFO] - [TIMING] ✓ Completed: splat_training (1.70s)
[2026-06-21 15:23:48,407][__main__][INFO] - 
[2026-06-21 15:23:48,407][__main__][INFO] - ╔==========================================================╗
[2026-06-21 15:23:48,407][__main__][INFO] - ║                    Pipeline Complete!                    ║
[2026-06-21 15:23:48,408][__main__][INFO] - ╚==========================================================╝
[2026-06-21 15:23:48,408][__main__][INFO] - Output directory: /Users/bc/brendanchambers/2026-06-18-iphone-video-to-splat/data/intermediates/teensy/colmap_sfm_linearized/splats
[2026-06-21 15:23:48,408][__main__][INFO] -   - PLY file: *.ply (3D Gaussian Splat)
[2026-06-21 15:23:48,408][__main__][INFO] -   - Loss log: *.jsonl (Training loss per step)
[2026-06-21 15:23:48,408][__main__][INFO] -   - Timing log: running-time_*.jsonl (Step execution times)
[2026-06-21 15:23:48,408][src.timing_recorder][INFO] - 
[2026-06-21 15:23:48,408][src.timing_recorder][INFO] - ======================================================================
[2026-06-21 15:23:48,408][src.timing_recorder][INFO] - PIPELINE EXECUTION TIMING SUMMARY
[2026-06-21 15:23:48,408][src.timing_recorder][INFO] - ======================================================================
[2026-06-21 15:23:48,408][src.timing_recorder][INFO] - ✓ frame_extraction              0.25s  (  5.4%)
[2026-06-21 15:23:48,408][src.timing_recorder][INFO] - ✓ feature_extraction            0.81s  ( 18.0%)
[2026-06-21 15:23:48,408][src.timing_recorder][INFO] - ✓ feature_matching              0.57s  ( 12.7%)
[2026-06-21 15:23:48,408][src.timing_recorder][INFO] - ✓ sparse_reconstruction         0.48s  ( 10.7%)
[2026-06-21 15:23:48,408][src.timing_recorder][INFO] - ✓ undistortion                  0.71s  ( 15.7%)
[2026-06-21 15:23:48,408][src.timing_recorder][INFO] - ✓ splat_training                1.70s  ( 37.5%)
[2026-06-21 15:23:48,408][src.timing_recorder][INFO] - ----------------------------------------------------------------------
[2026-06-21 15:23:48,408][src.timing_recorder][INFO] - TOTAL                           4.53s  (100.0%)
[2026-06-21 15:23:48,408][src.timing_recorder][INFO] - ======================================================================
[2026-06-21 15:23:48,408][src.timing_recorder][INFO] - 
[2026-06-21 15:23:48,409][src.timing_recorder][INFO] - [TIMING] Saved timing report to: /Users/bc/brendanchambers/2026-06-18-iphone-video-to-splat/data/intermediates/teensy/colmap_sfm_linearized/splats/running-time_20260621_1523.jsonl
