[2026-06-21 16:32:22,180][__main__][INFO] - 
[2026-06-21 16:32:22,180][__main__][INFO] - ╔==========================================================╗
[2026-06-21 16:32:22,180][__main__][INFO] - ║          3D Gaussian Splat Training Pipeline              ║
[2026-06-21 16:32:22,180][__main__][INFO] - ╚==========================================================╝
[2026-06-21 16:32:22,180][__main__][INFO] - Experiment: densify_sz0.0025_gr0.0002
[2026-06-21 16:32:22,181][__main__][INFO] - Project dir: /Users/bc/brendanchambers/2026-06-18-iphone-video-to-splat
[2026-06-21 16:32:22,181][__main__][INFO] - 
[2026-06-21 16:32:22,181][src.timing_recorder][INFO] - [TIMING] Starting: frame_extraction
[2026-06-21 16:32:22,181][__main__][INFO] - ============================================================
[2026-06-21 16:32:22,181][__main__][INFO] - STEP 1: Frame Extraction
[2026-06-21 16:32:22,181][__main__][INFO] - ============================================================
[2026-06-21 16:32:22,181][src.frame_extractor][INFO] - Extracting frames from: /Users/bc/brendanchambers/2026-06-18-iphone-video-to-splat/data/incoming/movies/teensy.mov
[2026-06-21 16:32:22,181][src.frame_extractor][INFO] - Output directory: /Users/bc/brendanchambers/2026-06-18-iphone-video-to-splat/data/intermediates/densify_sz0.0025_gr0.0002/colmap_sfm_camera_model/images
[2026-06-21 16:32:22,181][src.frame_extractor][INFO] - Extracting frames at 2 fps
[2026-06-21 16:32:22,181][src.frame_extractor][INFO] - Running command: ffmpeg -i /Users/bc/brendanchambers/2026-06-18-iphone-video-to-splat/data/incoming/movies/teensy.mov -vf fps=2 -q:v 5 /Users/bc/brendanchambers/2026-06-18-iphone-video-to-splat/data/intermediates/densify_sz0.0025_gr0.0002/colmap_sfm_camera_model/images/frame_%04d.jpg
[2026-06-21 16:32:22,197][src.frame_extractor][INFO] - ffmpeg version 8.1.2 Copyright (c) 2000-2026 the FFmpeg developers
[2026-06-21 16:32:22,197][src.frame_extractor][INFO] -   built with Apple clang version 17.0.0 (clang-1700.6.4.2)
[2026-06-21 16:32:22,197][src.frame_extractor][INFO] -   configuration: --prefix=/opt/homebrew/Cellar/ffmpeg/8.1.2 --enable-shared --enable-pthreads --enable-version3 --cc=clang --host-cflags= --host-ldflags= --enable-ffplay --enable-gpl --enable-libsvtav1 --enable-libopus --enable-libx264 --enable-libmp3lame --enable-libdav1d --enable-libvmaf --enable-libvpx --enable-libx265 --enable-openssl --enable-videotoolbox --enable-audiotoolbox --enable-neon
[2026-06-21 16:32:22,197][src.frame_extractor][INFO] -   libavutil      60. 26.102 / 60. 26.102
[2026-06-21 16:32:22,197][src.frame_extractor][INFO] -   libavcodec     62. 28.102 / 62. 28.102
[2026-06-21 16:32:22,197][src.frame_extractor][INFO] -   libavformat    62. 12.102 / 62. 12.102
[2026-06-21 16:32:22,197][src.frame_extractor][INFO] -   libavdevice    62.  3.102 / 62.  3.102
[2026-06-21 16:32:22,197][src.frame_extractor][INFO] -   libavfilter    11. 14.102 / 11. 14.102
[2026-06-21 16:32:22,197][src.frame_extractor][INFO] -   libswscale      9.  5.102 /  9.  5.102
[2026-06-21 16:32:22,197][src.frame_extractor][INFO] -   libswresample   6.  3.102 /  6.  3.102
[2026-06-21 16:32:22,212][src.frame_extractor][INFO] - Input #0, mov,mp4,m4a,3gp,3g2,mj2, from '/Users/bc/brendanchambers/2026-06-18-iphone-video-to-splat/data/incoming/movies/teensy.mov':
[2026-06-21 16:32:22,212][src.frame_extractor][INFO] -   Metadata:
[2026-06-21 16:32:22,212][src.frame_extractor][INFO] -     major_brand     : qt
[2026-06-21 16:32:22,212][src.frame_extractor][INFO] -     minor_version   : 512
[2026-06-21 16:32:22,212][src.frame_extractor][INFO] -     compatible_brands: qt
[2026-06-21 16:32:22,212][src.frame_extractor][INFO] -     encoder         : Lavf62.12.102
[2026-06-21 16:32:22,212][src.frame_extractor][INFO] -   Duration: 00:00:04.01, start: 0.000000, bitrate: 19786 kb/s
[2026-06-21 16:32:22,212][src.frame_extractor][INFO] -   Stream #0:0[0x1]: Video: h264 (High) (avc1 / 0x31637661), yuv420p(tv, bt709, progressive), 1080x1920, 19646 kb/s, 29.67 fps, 29.67 tbr, 11392 tbn (default)
[2026-06-21 16:32:22,212][src.frame_extractor][INFO] -     Metadata:
[2026-06-21 16:32:22,212][src.frame_extractor][INFO] -       handler_name    : Core Media Video
[2026-06-21 16:32:22,212][src.frame_extractor][INFO] -       vendor_id       : FFMP
[2026-06-21 16:32:22,212][src.frame_extractor][INFO] -       encoder         : Lavc62.28.102 libx264
[2026-06-21 16:32:22,212][src.frame_extractor][INFO] -   Stream #0:1[0x2]: Audio: aac (LC) (mp4a / 0x6134706D), 48000 Hz, stereo, fltp, 128 kb/s (default)
[2026-06-21 16:32:22,212][src.frame_extractor][INFO] -     Metadata:
[2026-06-21 16:32:22,212][src.frame_extractor][INFO] -       handler_name    : Core Media Audio
[2026-06-21 16:32:22,212][src.frame_extractor][INFO] -       vendor_id       : [0][0][0][0]
[2026-06-21 16:32:22,212][src.frame_extractor][INFO] - Stream mapping:
[2026-06-21 16:32:22,212][src.frame_extractor][INFO] -   Stream #0:0 -> #0:0 (h264 (native) -> mjpeg (native))
[2026-06-21 16:32:22,212][src.frame_extractor][INFO] - Press [q] to stop, [?] for help
[2026-06-21 16:32:22,261][src.frame_extractor][INFO] - Output #0, image2, to '/Users/bc/brendanchambers/2026-06-18-iphone-video-to-splat/data/intermediates/densify_sz0.0025_gr0.0002/colmap_sfm_camera_model/images/frame_%04d.jpg':
[2026-06-21 16:32:22,261][src.frame_extractor][INFO] -   Metadata:
[2026-06-21 16:32:22,261][src.frame_extractor][INFO] -     major_brand     : qt
[2026-06-21 16:32:22,261][src.frame_extractor][INFO] -     minor_version   : 512
[2026-06-21 16:32:22,261][src.frame_extractor][INFO] -     compatible_brands: qt
[2026-06-21 16:32:22,261][src.frame_extractor][INFO] -     encoder         : Lavf62.12.102
[2026-06-21 16:32:22,261][src.frame_extractor][INFO] -   Stream #0:0: Video: mjpeg, yuv420p(pc, bt709, progressive), 1080x1920, q=2-31, 200 kb/s, 2 fps, 2 tbn (default)
[2026-06-21 16:32:22,261][src.frame_extractor][INFO] -     Metadata:
[2026-06-21 16:32:22,261][src.frame_extractor][INFO] -       encoder         : Lavc62.28.102 mjpeg
[2026-06-21 16:32:22,261][src.frame_extractor][INFO] -       handler_name    : Core Media Video
[2026-06-21 16:32:22,261][src.frame_extractor][INFO] -       vendor_id       : FFMP
[2026-06-21 16:32:22,261][src.frame_extractor][INFO] -     Side data:
[2026-06-21 16:32:22,261][src.frame_extractor][INFO] -       CPB properties: bitrate max/min/avg: 0/0/200000 buffer size: 0 vbv_delay: N/A
[2026-06-21 16:32:22,406][src.frame_extractor][INFO] - [out#0/image2 @ 0x6000036106c0] video:3120KiB audio:0KiB subtitle:0KiB other streams:0KiB global headers:0KiB muxing overhead: unknown
[2026-06-21 16:32:22,406][src.frame_extractor][INFO] - frame=    8 fps=0.0 q=5.0 Lsize=N/A time=00:00:04.00 bitrate=N/A speed=20.6x elapsed=0:00:00.19
[2026-06-21 16:32:22,409][src.frame_extractor][INFO] - Successfully extracted 8 frames
[2026-06-21 16:32:22,409][__main__][INFO] - ✓ Frame extraction completed
[2026-06-21 16:32:22,409][src.timing_recorder][INFO] - [TIMING] ✓ Completed: frame_extraction (0.23s)
[2026-06-21 16:32:22,409][src.timing_recorder][INFO] - [TIMING] Starting: feature_extraction
[2026-06-21 16:32:22,409][__main__][INFO] - ============================================================
[2026-06-21 16:32:22,409][__main__][INFO] - STEP 2: Feature Extraction
[2026-06-21 16:32:22,409][__main__][INFO] - ============================================================
[2026-06-21 16:32:22,410][src.colmap_feature_extractor][INFO] - Extracting features from images: /Users/bc/brendanchambers/2026-06-18-iphone-video-to-splat/data/intermediates/densify_sz0.0025_gr0.0002/colmap_sfm_camera_model/images
[2026-06-21 16:32:22,410][src.colmap_feature_extractor][INFO] - Database: /Users/bc/brendanchambers/2026-06-18-iphone-video-to-splat/data/intermediates/densify_sz0.0025_gr0.0002/colmap_sfm_camera_model/database.db
[2026-06-21 16:32:22,411][src.colmap_feature_extractor][INFO] - Running: colmap feature_extractor
[2026-06-21 16:32:22,580][src.colmap_feature_extractor][INFO] - I20260621 16:32:22.579829 0x16b863000 feature_extraction.cc:504] === Feature extraction ===
[2026-06-21 16:32:22,595][src.colmap_feature_extractor][INFO] - I20260621 16:32:22.595479 0x16be67000 sift.cc:757] Creating SIFT GPU feature extractor
[2026-06-21 16:32:22,635][src.colmap_feature_extractor][INFO] - I20260621 16:32:22.635506 0x16bef3000 feature_extraction.cc:282] Processed file [1/8]
[2026-06-21 16:32:22,635][src.colmap_feature_extractor][INFO] - I20260621 16:32:22.635517 0x16bef3000 feature_extraction.cc:285]   Name:            frame_0001.jpg
[2026-06-21 16:32:22,635][src.colmap_feature_extractor][INFO] - W20260621 16:32:22.635519 0x16bef3000 feature_extraction.cc:289] frame_0001.jpg IMAGE_EXISTS: Features for image were already extracted.
[2026-06-21 16:32:22,635][src.colmap_feature_extractor][INFO] - I20260621 16:32:22.635774 0x16bef3000 feature_extraction.cc:282] Processed file [2/8]
[2026-06-21 16:32:22,635][src.colmap_feature_extractor][INFO] - I20260621 16:32:22.635777 0x16bef3000 feature_extraction.cc:285]   Name:            frame_0002.jpg
[2026-06-21 16:32:22,635][src.colmap_feature_extractor][INFO] - W20260621 16:32:22.635779 0x16bef3000 feature_extraction.cc:289] frame_0002.jpg IMAGE_EXISTS: Features for image were already extracted.
[2026-06-21 16:32:22,635][src.colmap_feature_extractor][INFO] - I20260621 16:32:22.635786 0x16bef3000 feature_extraction.cc:282] Processed file [3/8]
[2026-06-21 16:32:22,635][src.colmap_feature_extractor][INFO] - I20260621 16:32:22.635788 0x16bef3000 feature_extraction.cc:285]   Name:            frame_0003.jpg
[2026-06-21 16:32:22,635][src.colmap_feature_extractor][INFO] - W20260621 16:32:22.635789 0x16bef3000 feature_extraction.cc:289] frame_0003.jpg IMAGE_EXISTS: Features for image were already extracted.
[2026-06-21 16:32:22,635][src.colmap_feature_extractor][INFO] - I20260621 16:32:22.635795 0x16bef3000 feature_extraction.cc:282] Processed file [4/8]
[2026-06-21 16:32:22,635][src.colmap_feature_extractor][INFO] - I20260621 16:32:22.635797 0x16bef3000 feature_extraction.cc:285]   Name:            frame_0004.jpg
[2026-06-21 16:32:22,635][src.colmap_feature_extractor][INFO] - W20260621 16:32:22.635798 0x16bef3000 feature_extraction.cc:289] frame_0004.jpg IMAGE_EXISTS: Features for image were already extracted.
[2026-06-21 16:32:22,635][src.colmap_feature_extractor][INFO] - I20260621 16:32:22.635802 0x16bef3000 feature_extraction.cc:282] Processed file [5/8]
[2026-06-21 16:32:22,636][src.colmap_feature_extractor][INFO] - I20260621 16:32:22.635804 0x16bef3000 feature_extraction.cc:285]   Name:            frame_0005.jpg
[2026-06-21 16:32:22,636][src.colmap_feature_extractor][INFO] - W20260621 16:32:22.635805 0x16bef3000 feature_extraction.cc:289] frame_0005.jpg IMAGE_EXISTS: Features for image were already extracted.
[2026-06-21 16:32:22,636][src.colmap_feature_extractor][INFO] - I20260621 16:32:22.635821 0x16bef3000 feature_extraction.cc:282] Processed file [6/8]
[2026-06-21 16:32:22,636][src.colmap_feature_extractor][INFO] - I20260621 16:32:22.635855 0x16bef3000 feature_extraction.cc:285]   Name:            frame_0006.jpg
[2026-06-21 16:32:22,636][src.colmap_feature_extractor][INFO] - W20260621 16:32:22.635858 0x16bef3000 feature_extraction.cc:289] frame_0006.jpg IMAGE_EXISTS: Features for image were already extracted.
[2026-06-21 16:32:22,636][src.colmap_feature_extractor][INFO] - I20260621 16:32:22.635868 0x16bef3000 feature_extraction.cc:282] Processed file [7/8]
[2026-06-21 16:32:22,636][src.colmap_feature_extractor][INFO] - I20260621 16:32:22.635870 0x16bef3000 feature_extraction.cc:285]   Name:            frame_0007.jpg
[2026-06-21 16:32:22,636][src.colmap_feature_extractor][INFO] - W20260621 16:32:22.635871 0x16bef3000 feature_extraction.cc:289] frame_0007.jpg IMAGE_EXISTS: Features for image were already extracted.
[2026-06-21 16:32:22,636][src.colmap_feature_extractor][INFO] - I20260621 16:32:22.635877 0x16bef3000 feature_extraction.cc:282] Processed file [8/8]
[2026-06-21 16:32:22,636][src.colmap_feature_extractor][INFO] - I20260621 16:32:22.635879 0x16bef3000 feature_extraction.cc:285]   Name:            frame_0008.jpg
[2026-06-21 16:32:22,636][src.colmap_feature_extractor][INFO] - W20260621 16:32:22.635880 0x16bef3000 feature_extraction.cc:289] frame_0008.jpg IMAGE_EXISTS: Features for image were already extracted.
[2026-06-21 16:32:22,636][src.colmap_feature_extractor][INFO] - I20260621 16:32:22.635960 0x16b863000 timer.cc:90] Elapsed time: 0.001 [minutes]
[2026-06-21 16:32:22,640][src.colmap_feature_extractor][INFO] - Feature extraction completed successfully
[2026-06-21 16:32:22,641][__main__][INFO] - ✓ Feature extraction completed
[2026-06-21 16:32:22,641][src.timing_recorder][INFO] - [TIMING] ✓ Completed: feature_extraction (0.23s)
[2026-06-21 16:32:22,641][src.timing_recorder][INFO] - [TIMING] Starting: feature_matching
[2026-06-21 16:32:22,641][__main__][INFO] - ============================================================
[2026-06-21 16:32:22,641][__main__][INFO] - STEP 3: Feature Matching
[2026-06-21 16:32:22,641][__main__][INFO] - ============================================================
[2026-06-21 16:32:22,642][src.colmap_feature_matcher][INFO] - Matching features in database: /Users/bc/brendanchambers/2026-06-18-iphone-video-to-splat/data/intermediates/densify_sz0.0025_gr0.0002/colmap_sfm_camera_model/database.db
[2026-06-21 16:32:22,642][src.colmap_feature_matcher][INFO] - Running: colmap sequential_matcher
[2026-06-21 16:32:22,807][src.colmap_feature_matcher][INFO] - I20260621 16:32:22.807145 0x16b397000 feature_matching.cc:195] === Feature matching & geometric verification ===
[2026-06-21 16:32:22,822][src.colmap_feature_matcher][INFO] - I20260621 16:32:22.822331 0x16b423000 sift.cc:1559] Creating SIFT GPU feature matcher
[2026-06-21 16:32:22,846][src.colmap_feature_matcher][INFO] - I20260621 16:32:22.846964 0x16b397000 pairing.cc:415] Generating sequential image pairs...
[2026-06-21 16:32:22,847][src.colmap_feature_matcher][INFO] - I20260621 16:32:22.847046 0x16b397000 pairing.cc:473] Processing image [1/8]
[2026-06-21 16:32:22,847][src.colmap_feature_matcher][INFO] - I20260621 16:32:22.847067 0x16b397000 feature_matching.cc:217] in 0.000s
[2026-06-21 16:32:22,847][src.colmap_feature_matcher][INFO] - I20260621 16:32:22.847071 0x16b397000 pairing.cc:473] Processing image [2/8]
[2026-06-21 16:32:22,847][src.colmap_feature_matcher][INFO] - I20260621 16:32:22.847086 0x16b397000 feature_matching.cc:217] in 0.000s
[2026-06-21 16:32:22,847][src.colmap_feature_matcher][INFO] - I20260621 16:32:22.847088 0x16b397000 pairing.cc:473] Processing image [3/8]
[2026-06-21 16:32:22,847][src.colmap_feature_matcher][INFO] - I20260621 16:32:22.847101 0x16b397000 feature_matching.cc:217] in 0.000s
[2026-06-21 16:32:22,847][src.colmap_feature_matcher][INFO] - I20260621 16:32:22.847103 0x16b397000 pairing.cc:473] Processing image [4/8]
[2026-06-21 16:32:22,847][src.colmap_feature_matcher][INFO] - I20260621 16:32:22.847117 0x16b397000 feature_matching.cc:217] in 0.000s
[2026-06-21 16:32:22,847][src.colmap_feature_matcher][INFO] - I20260621 16:32:22.847119 0x16b397000 pairing.cc:473] Processing image [5/8]
[2026-06-21 16:32:22,847][src.colmap_feature_matcher][INFO] - I20260621 16:32:22.847128 0x16b397000 feature_matching.cc:217] in 0.000s
[2026-06-21 16:32:22,847][src.colmap_feature_matcher][INFO] - I20260621 16:32:22.847130 0x16b397000 pairing.cc:473] Processing image [6/8]
[2026-06-21 16:32:22,847][src.colmap_feature_matcher][INFO] - I20260621 16:32:22.847143 0x16b397000 feature_matching.cc:217] in 0.000s
[2026-06-21 16:32:22,847][src.colmap_feature_matcher][INFO] - I20260621 16:32:22.847144 0x16b397000 pairing.cc:473] Processing image [7/8]
[2026-06-21 16:32:22,847][src.colmap_feature_matcher][INFO] - I20260621 16:32:22.847152 0x16b397000 feature_matching.cc:217] in 0.000s
[2026-06-21 16:32:22,847][src.colmap_feature_matcher][INFO] - I20260621 16:32:22.847153 0x16b397000 pairing.cc:473] Processing image [8/8]
[2026-06-21 16:32:22,847][src.colmap_feature_matcher][INFO] - I20260621 16:32:22.847155 0x16b397000 feature_matching.cc:217] in 0.000s
[2026-06-21 16:32:22,847][src.colmap_feature_matcher][INFO] - I20260621 16:32:22.847157 0x16b397000 timer.cc:90] Elapsed time: 0.001 [minutes]
[2026-06-21 16:32:22,854][src.colmap_feature_matcher][INFO] - Feature matching completed successfully
[2026-06-21 16:32:22,854][__main__][INFO] - ✓ Feature matching completed
[2026-06-21 16:32:22,854][src.timing_recorder][INFO] - [TIMING] ✓ Completed: feature_matching (0.21s)
[2026-06-21 16:32:22,854][src.timing_recorder][INFO] - [TIMING] Starting: sparse_reconstruction
[2026-06-21 16:32:22,854][__main__][INFO] - ============================================================
[2026-06-21 16:32:22,854][__main__][INFO] - STEP 4: Sparse Reconstruction
[2026-06-21 16:32:22,854][__main__][INFO] - ============================================================
[2026-06-21 16:32:22,856][src.colmap_mapper][INFO] - Performing sparse reconstruction
[2026-06-21 16:32:22,856][src.colmap_mapper][INFO] - Database: /Users/bc/brendanchambers/2026-06-18-iphone-video-to-splat/data/intermediates/densify_sz0.0025_gr0.0002/colmap_sfm_camera_model/database.db
[2026-06-21 16:32:22,856][src.colmap_mapper][INFO] - Images: /Users/bc/brendanchambers/2026-06-18-iphone-video-to-splat/data/intermediates/densify_sz0.0025_gr0.0002/colmap_sfm_camera_model/images
[2026-06-21 16:32:22,856][src.colmap_mapper][INFO] - Output: /Users/bc/brendanchambers/2026-06-18-iphone-video-to-splat/data/intermediates/densify_sz0.0025_gr0.0002/colmap_sfm_camera_model/sparse
[2026-06-21 16:32:22,856][src.colmap_mapper][INFO] - Running: colmap mapper
[2026-06-21 16:32:22,935][src.colmap_mapper][INFO] - I20260621 16:32:22.934613 0x1fde420c0 incremental_pipeline.cc:278] Loading database
[2026-06-21 16:32:22,935][src.colmap_mapper][INFO] - I20260621 16:32:22.934954 0x1fde420c0 database_cache.cc:72] Loading rigs...
[2026-06-21 16:32:22,935][src.colmap_mapper][INFO] - I20260621 16:32:22.934973 0x1fde420c0 database_cache.cc:82]  1 in 0.000s
[2026-06-21 16:32:22,935][src.colmap_mapper][INFO] - I20260621 16:32:22.934976 0x1fde420c0 database_cache.cc:90] Loading cameras...
[2026-06-21 16:32:22,935][src.colmap_mapper][INFO] - I20260621 16:32:22.934985 0x1fde420c0 database_cache.cc:108]  1 in 0.000s
[2026-06-21 16:32:22,935][src.colmap_mapper][INFO] - I20260621 16:32:22.934987 0x1fde420c0 database_cache.cc:116] Loading frames...
[2026-06-21 16:32:22,935][src.colmap_mapper][INFO] - I20260621 16:32:22.935005 0x1fde420c0 database_cache.cc:126]  8 in 0.000s
[2026-06-21 16:32:22,935][src.colmap_mapper][INFO] - I20260621 16:32:22.935007 0x1fde420c0 database_cache.cc:134] Loading matches...
[2026-06-21 16:32:22,935][src.colmap_mapper][INFO] - I20260621 16:32:22.935068 0x1fde420c0 database_cache.cc:139]  17 in 0.000s
[2026-06-21 16:32:22,935][src.colmap_mapper][INFO] - I20260621 16:32:22.935070 0x1fde420c0 database_cache.cc:147] Loading images...
[2026-06-21 16:32:22,935][src.colmap_mapper][INFO] - I20260621 16:32:22.935624 0x1fde420c0 database_cache.cc:241]  8 in 0.001s (connected 8, loaded 8)
[2026-06-21 16:32:22,935][src.colmap_mapper][INFO] - I20260621 16:32:22.935630 0x1fde420c0 database_cache.cc:255] Loading pose priors...
[2026-06-21 16:32:22,935][src.colmap_mapper][INFO] - I20260621 16:32:22.935637 0x1fde420c0 database_cache.cc:263]  0 in 0.000s
[2026-06-21 16:32:22,935][src.colmap_mapper][INFO] - I20260621 16:32:22.935639 0x1fde420c0 database_cache.cc:271] Building correspondence graph...
[2026-06-21 16:32:22,936][src.colmap_mapper][INFO] - I20260621 16:32:22.936463 0x1fde420c0 database_cache.cc:300]  in 0.001s (ignored 0)
[2026-06-21 16:32:22,936][src.colmap_mapper][INFO] - I20260621 16:32:22.936466 0x1fde420c0 timer.cc:90] Elapsed time: 0.000 [minutes]
[2026-06-21 16:32:22,936][src.colmap_mapper][INFO] - I20260621 16:32:22.936557 0x1fde420c0 incremental_pipeline.cc:390] Finding good initial image pair
[2026-06-21 16:32:22,945][src.colmap_mapper][INFO] - I20260621 16:32:22.945582 0x1fde420c0 incremental_pipeline.cc:414] Registering initial image pair #2 and #4
[2026-06-21 16:32:22,946][src.colmap_mapper][INFO] - I20260621 16:32:22.946197 0x1fde420c0 incremental_pipeline.cc:432] Global bundle adjustment
[2026-06-21 16:32:22,968][src.colmap_mapper][INFO] - I20260621 16:32:22.968417 0x1fde420c0 incremental_pipeline.cc:537] Registering image #3 (num_reg_frames=2)
[2026-06-21 16:32:22,968][src.colmap_mapper][INFO] - I20260621 16:32:22.968422 0x1fde420c0 incremental_pipeline.cc:540] => Image sees 138 / 1892 points
[2026-06-21 16:32:23,016][src.colmap_mapper][INFO] - I20260621 16:32:23.016375 0x1fde420c0 incremental_pipeline.cc:79] Retriangulation and Global bundle adjustment
[2026-06-21 16:32:23,031][src.colmap_mapper][INFO] - I20260621 16:32:23.031643 0x1fde420c0 incremental_pipeline.cc:537] Registering image #6 (num_reg_frames=3)
[2026-06-21 16:32:23,031][src.colmap_mapper][INFO] - I20260621 16:32:23.031650 0x1fde420c0 incremental_pipeline.cc:540] => Image sees 495 / 2128 points
[2026-06-21 16:32:23,086][src.colmap_mapper][INFO] - I20260621 16:32:23.086905 0x1fde420c0 incremental_pipeline.cc:79] Retriangulation and Global bundle adjustment
[2026-06-21 16:32:23,109][src.colmap_mapper][INFO] - I20260621 16:32:23.109283 0x1fde420c0 incremental_pipeline.cc:537] Registering image #5 (num_reg_frames=4)
[2026-06-21 16:32:23,109][src.colmap_mapper][INFO] - I20260621 16:32:23.109288 0x1fde420c0 incremental_pipeline.cc:540] => Image sees 1052 / 2461 points
[2026-06-21 16:32:23,151][src.colmap_mapper][INFO] - I20260621 16:32:23.151402 0x1fde420c0 incremental_pipeline.cc:79] Retriangulation and Global bundle adjustment
[2026-06-21 16:32:23,183][src.colmap_mapper][INFO] - I20260621 16:32:23.183278 0x1fde420c0 incremental_pipeline.cc:537] Registering image #1 (num_reg_frames=5)
[2026-06-21 16:32:23,183][src.colmap_mapper][INFO] - I20260621 16:32:23.183282 0x1fde420c0 incremental_pipeline.cc:540] => Image sees 536 / 1825 points
[2026-06-21 16:32:23,229][src.colmap_mapper][INFO] - I20260621 16:32:23.229935 0x1fde420c0 incremental_pipeline.cc:79] Retriangulation and Global bundle adjustment
[2026-06-21 16:32:23,258][src.colmap_mapper][INFO] - I20260621 16:32:23.258717 0x1fde420c0 incremental_pipeline.cc:537] Registering image #7 (num_reg_frames=6)
[2026-06-21 16:32:23,258][src.colmap_mapper][INFO] - I20260621 16:32:23.258722 0x1fde420c0 incremental_pipeline.cc:540] => Image sees 436 / 1676 points
[2026-06-21 16:32:23,294][src.colmap_mapper][INFO] - I20260621 16:32:23.294223 0x1fde420c0 incremental_pipeline.cc:79] Retriangulation and Global bundle adjustment
[2026-06-21 16:32:23,330][src.colmap_mapper][INFO] - I20260621 16:32:23.330593 0x1fde420c0 incremental_pipeline.cc:537] Registering image #8 (num_reg_frames=7)
[2026-06-21 16:32:23,330][src.colmap_mapper][INFO] - I20260621 16:32:23.330598 0x1fde420c0 incremental_pipeline.cc:540] => Image sees 480 / 1376 points
[2026-06-21 16:32:23,362][src.colmap_mapper][INFO] - I20260621 16:32:23.362017 0x1fde420c0 incremental_pipeline.cc:79] Retriangulation and Global bundle adjustment
[2026-06-21 16:32:23,397][src.colmap_mapper][INFO] - I20260621 16:32:23.397562 0x1fde420c0 incremental_pipeline.cc:79] Retriangulation and Global bundle adjustment
[2026-06-21 16:32:23,406][src.colmap_mapper][INFO] - I20260621 16:32:23.406284 0x1fde420c0 incremental_pipeline.cc:723] Keeping successful reconstruction
[2026-06-21 16:32:23,408][src.colmap_mapper][INFO] - I20260621 16:32:23.408113 0x1fde420c0 timer.cc:90] Elapsed time: 0.008 [minutes]
[2026-06-21 16:32:23,412][src.colmap_mapper][INFO] - Sparse reconstruction completed successfully
[2026-06-21 16:32:23,412][__main__][INFO] - ✓ Sparse reconstruction completed
[2026-06-21 16:32:23,412][src.timing_recorder][INFO] - [TIMING] ✓ Completed: sparse_reconstruction (0.56s)
[2026-06-21 16:32:23,412][src.timing_recorder][INFO] - [TIMING] Starting: undistortion
[2026-06-21 16:32:23,412][__main__][INFO] - ============================================================
[2026-06-21 16:32:23,412][__main__][INFO] - STEP 5: Image Undistortion
[2026-06-21 16:32:23,412][__main__][INFO] - ============================================================
[2026-06-21 16:32:23,413][src.colmap_undistorter][INFO] - Undistorting images
[2026-06-21 16:32:23,413][src.colmap_undistorter][INFO] - Input model: /Users/bc/brendanchambers/2026-06-18-iphone-video-to-splat/data/intermediates/densify_sz0.0025_gr0.0002/colmap_sfm_camera_model/sparse/0
[2026-06-21 16:32:23,413][src.colmap_undistorter][INFO] - Images: /Users/bc/brendanchambers/2026-06-18-iphone-video-to-splat/data/intermediates/densify_sz0.0025_gr0.0002/colmap_sfm_camera_model/images
[2026-06-21 16:32:23,413][src.colmap_undistorter][INFO] - Output: /Users/bc/brendanchambers/2026-06-18-iphone-video-to-splat/data/intermediates/densify_sz0.0025_gr0.0002/colmap_sfm_linearized
[2026-06-21 16:32:23,413][src.colmap_undistorter][INFO] - Running: colmap image_undistorter
[2026-06-21 16:32:23,462][src.colmap_undistorter][INFO] - I20260621 16:32:23.461972 0x1fde420c0 image.cc:368] === Reading reconstruction ===
[2026-06-21 16:32:23,463][src.colmap_undistorter][INFO] - I20260621 16:32:23.463951 0x1fde420c0 image.cc:371] => Reconstruction with 8 images and 2190 points
[2026-06-21 16:32:23,464][src.colmap_undistorter][INFO] - I20260621 16:32:23.463961 0x1fde420c0 undistorters.cc:166] === Image undistortion ===
[2026-06-21 16:32:23,464][src.colmap_undistorter][INFO] - I20260621 16:32:23.464077 0x1fde420c0 undistorters.cc:205] Undistorting image [1/8]
[2026-06-21 16:32:24,072][src.colmap_undistorter][INFO] - I20260621 16:32:24.071981 0x1fde420c0 undistorters.cc:205] Undistorting image [2/8]
[2026-06-21 16:32:24,072][src.colmap_undistorter][INFO] - I20260621 16:32:24.072000 0x1fde420c0 undistorters.cc:205] Undistorting image [3/8]
[2026-06-21 16:32:24,081][src.colmap_undistorter][INFO] - I20260621 16:32:24.081220 0x1fde420c0 undistorters.cc:205] Undistorting image [4/8]
[2026-06-21 16:32:24,081][src.colmap_undistorter][INFO] - I20260621 16:32:24.081226 0x1fde420c0 undistorters.cc:205] Undistorting image [5/8]
[2026-06-21 16:32:24,081][src.colmap_undistorter][INFO] - I20260621 16:32:24.081227 0x1fde420c0 undistorters.cc:205] Undistorting image [6/8]
[2026-06-21 16:32:24,081][src.colmap_undistorter][INFO] - I20260621 16:32:24.081229 0x1fde420c0 undistorters.cc:205] Undistorting image [7/8]
[2026-06-21 16:32:24,081][src.colmap_undistorter][INFO] - I20260621 16:32:24.081230 0x1fde420c0 undistorters.cc:205] Undistorting image [8/8]
[2026-06-21 16:32:24,081][src.colmap_undistorter][INFO] - I20260621 16:32:24.081232 0x1fde420c0 undistorters.cc:213] Writing reconstruction...
[2026-06-21 16:32:24,085][src.colmap_undistorter][INFO] - I20260621 16:32:24.085346 0x1fde420c0 undistorters.cc:218] Writing configuration...
[2026-06-21 16:32:24,085][src.colmap_undistorter][INFO] - I20260621 16:32:24.085433 0x1fde420c0 undistorters.cc:222] Writing scripts...
[2026-06-21 16:32:24,085][src.colmap_undistorter][INFO] - I20260621 16:32:24.085518 0x1fde420c0 timer.cc:90] Elapsed time: 0.010 [minutes]
[2026-06-21 16:32:24,089][src.colmap_undistorter][INFO] - Image undistortion completed successfully
[2026-06-21 16:32:24,089][__main__][INFO] - ✓ Image undistortion completed
[2026-06-21 16:32:24,089][src.timing_recorder][INFO] - [TIMING] ✓ Completed: undistortion (0.68s)
[2026-06-21 16:32:24,089][src.timing_recorder][INFO] - [TIMING] Starting: splat_training
[2026-06-21 16:32:24,089][__main__][INFO] - ============================================================
[2026-06-21 16:32:24,089][__main__][INFO] - STEP 6: OpenSplat Training
[2026-06-21 16:32:24,089][__main__][INFO] - ============================================================
[2026-06-21 16:32:24,091][src.opensplat_trainer][INFO] - Training 3D Gaussian Splat
[2026-06-21 16:32:24,091][src.opensplat_trainer][INFO] - Sparse model: /Users/bc/brendanchambers/2026-06-18-iphone-video-to-splat/data/intermediates/densify_sz0.0025_gr0.0002/colmap_sfm_linearized/sparse
[2026-06-21 16:32:24,091][src.opensplat_trainer][INFO] - Images: /Users/bc/brendanchambers/2026-06-18-iphone-video-to-splat/data/intermediates/densify_sz0.0025_gr0.0002/colmap_sfm_linearized/images
[2026-06-21 16:32:24,091][src.opensplat_trainer][INFO] - Output PLY: /Users/bc/brendanchambers/2026-06-18-iphone-video-to-splat/data/intermediates/densify_sz0.0025_gr0.0002/colmap_sfm_linearized/splats/densify_sz0.0025_gr0.0002_20260621_1632.ply
[2026-06-21 16:32:24,091][src.opensplat_trainer][INFO] - Training loss log: /Users/bc/brendanchambers/2026-06-18-iphone-video-to-splat/data/intermediates/densify_sz0.0025_gr0.0002/colmap_sfm_linearized/splats/train_20260621_1632.jsonl
[2026-06-21 16:32:24,091][src.opensplat_trainer][INFO] - Validation loss log: /Users/bc/brendanchambers/2026-06-18-iphone-video-to-splat/data/intermediates/densify_sz0.0025_gr0.0002/colmap_sfm_linearized/splats/val_20260621_1632.jsonl
[2026-06-21 16:32:24,091][src.opensplat_trainer][INFO] - Running: opensplat
[2026-06-21 16:32:24,231][src.opensplat_trainer][INFO] - Using MPS
[2026-06-21 16:32:24,233][src.opensplat_trainer][INFO] - Reading 2190 points
[2026-06-21 16:32:24,233][src.opensplat_trainer][INFO] - Loading /Users/bc/brendanchambers/2026-06-18-iphone-video-to-splat/data/intermediates/densify_sz0.0025_gr0.0002/colmap_sfm_linearized/images/frame_0001.jpg
[2026-06-21 16:32:24,233][src.opensplat_trainer][INFO] - Loading /Users/bc/brendanchambers/2026-06-18-iphone-video-to-splat/data/intermediates/densify_sz0.0025_gr0.0002/colmap_sfm_linearized/images/frame_0003.jpg
[2026-06-21 16:32:24,233][src.opensplat_trainer][INFO] - Loading /Users/bc/brendanchambers/2026-06-18-iphone-video-to-splat/data/intermediates/densify_sz0.0025_gr0.0002/colmap_sfm_linearized/images/frame_0002.jpgLoading /Users/bc/brendanchambers/2026-06-18-iphone-video-to-splat/data/intermediates/densify_sz0.0025_gr0.0002/colmap_sfm_linearized/images/frame_0005.jpg
[2026-06-21 16:32:24,233][src.opensplat_trainer][INFO] - Loading /Users/bc/brendanchambers/2026-06-18-iphone-video-to-splat/data/intermediates/densify_sz0.0025_gr0.0002/colmap_sfm_linearized/images/frame_0006.jpg
[2026-06-21 16:32:24,233][src.opensplat_trainer][INFO] - 
[2026-06-21 16:32:24,233][src.opensplat_trainer][INFO] - Loading /Users/bc/brendanchambers/2026-06-18-iphone-video-to-splat/data/intermediates/densify_sz0.0025_gr0.0002/colmap_sfm_linearized/images/frame_0008.jpg
[2026-06-21 16:32:24,233][src.opensplat_trainer][INFO] - Loading /Users/bc/brendanchambers/2026-06-18-iphone-video-to-splat/data/intermediates/densify_sz0.0025_gr0.0002/colmap_sfm_linearized/images/frame_0004.jpg
[2026-06-21 16:32:24,233][src.opensplat_trainer][INFO] - Loading /Users/bc/brendanchambers/2026-06-18-iphone-video-to-splat/data/intermediates/densify_sz0.0025_gr0.0002/colmap_sfm_linearized/images/frame_0007.jpg
[2026-06-21 16:32:24,611][src.opensplat_trainer][INFO] - init_gsplat_metal_context: loading '/Users/bc/brendanchambers/2026-06-18-iphone-video-to-splat/opensplat/build/default.metallib'
[2026-06-21 16:32:24,611][src.opensplat_trainer][INFO] - init_gsplat_metal_context: loaded '/Users/bc/brendanchambers/2026-06-18-iphone-video-to-splat/opensplat/build/default.metallib', functions: compute_cov2d_bounds_kernel, project_gaussians_backward_kernel, get_tile_bin_edges_kernel, rasterize_backward_kernel, map_gaussian_to_intersects_kernel, nd_rasterize_backward_kernel, project_gaussians_forward_kernel, compute_sh_backward_kernel, compute_sh_forward_kernel, nd_rasterize_forward_kernel
[2026-06-21 16:32:24,611][src.opensplat_trainer][INFO] - init_gsplat_metal_context: load function nd_rasterize_backward_kernel with label: (null)
[2026-06-21 16:32:24,611][src.opensplat_trainer][INFO] - init_gsplat_metal_context: load function nd_rasterize_forward_kernel with label: (null)
[2026-06-21 16:32:24,612][src.opensplat_trainer][INFO] - init_gsplat_metal_context: load function rasterize_backward_kernel with label: (null)
[2026-06-21 16:32:24,612][src.opensplat_trainer][INFO] - init_gsplat_metal_context: load function project_gaussians_forward_kernel with label: (null)
[2026-06-21 16:32:24,612][src.opensplat_trainer][INFO] - init_gsplat_metal_context: load function project_gaussians_backward_kernel with label: (null)
[2026-06-21 16:32:24,612][src.opensplat_trainer][INFO] - init_gsplat_metal_context: load function compute_sh_forward_kernel with label: (null)
[2026-06-21 16:32:24,612][src.opensplat_trainer][INFO] - init_gsplat_metal_context: load function compute_sh_backward_kernel with label: (null)
[2026-06-21 16:32:24,612][src.opensplat_trainer][INFO] - init_gsplat_metal_context: load function compute_cov2d_bounds_kernel with label: (null)
[2026-06-21 16:32:24,612][src.opensplat_trainer][INFO] - init_gsplat_metal_context: load function map_gaussian_to_intersects_kernel with label: (null)
[2026-06-21 16:32:24,612][src.opensplat_trainer][INFO] - init_gsplat_metal_context: load function get_tile_bin_edges_kernel with label: (null)
[2026-06-21 16:32:24,612][src.opensplat_trainer][INFO] - Step 10: 0.335797 (20%)
[2026-06-21 16:32:24,826][src.opensplat_trainer][INFO] - Step 20: 0.316211 (40%)
[2026-06-21 16:32:25,021][src.opensplat_trainer][INFO] - Step 30: 0.283826 (60%)
[2026-06-21 16:32:25,202][src.opensplat_trainer][INFO] - Step 40: 0.301208 (80%)
[2026-06-21 16:32:25,415][src.opensplat_trainer][INFO] - Step 50: 0.302695 (100%)
[2026-06-21 16:32:25,428][src.opensplat_trainer][INFO] - Wrote /Users/bc/brendanchambers/2026-06-18-iphone-video-to-splat/data/intermediates/densify_sz0.0025_gr0.0002/colmap_sfm_linearized/splats/cameras.json
[2026-06-21 16:32:25,436][src.opensplat_trainer][INFO] - Wrote /Users/bc/brendanchambers/2026-06-18-iphone-video-to-splat/data/intermediates/densify_sz0.0025_gr0.0002/colmap_sfm_linearized/splats/densify_sz0.0025_gr0.0002_20260621_1632.ply
[2026-06-21 16:32:25,449][src.opensplat_trainer][INFO] - /Users/bc/brendanchambers/2026-06-18-iphone-video-to-splat/data/intermediates/densify_sz0.0025_gr0.0002/colmap_sfm_linearized/images/frame_0001.jpg validation loss: 0.34494
[2026-06-21 16:32:25,500][src.opensplat_trainer][INFO] - Parsed 5 training loss values to /Users/bc/brendanchambers/2026-06-18-iphone-video-to-splat/data/intermediates/densify_sz0.0025_gr0.0002/colmap_sfm_linearized/splats/train_20260621_1632.jsonl
[2026-06-21 16:32:25,500][src.opensplat_trainer][INFO] - Captured validation loss: 0.34494 to /Users/bc/brendanchambers/2026-06-18-iphone-video-to-splat/data/intermediates/densify_sz0.0025_gr0.0002/colmap_sfm_linearized/splats/val_20260621_1632.jsonl
[2026-06-21 16:32:25,501][src.opensplat_trainer][INFO] - Training completed successfully
[2026-06-21 16:32:25,501][src.opensplat_trainer][INFO] - Output saved to: /Users/bc/brendanchambers/2026-06-18-iphone-video-to-splat/data/intermediates/densify_sz0.0025_gr0.0002/colmap_sfm_linearized/splats/densify_sz0.0025_gr0.0002_20260621_1632.ply
[2026-06-21 16:32:25,501][__main__][INFO] - ✓ Splat training completed
[2026-06-21 16:32:25,501][__main__][INFO] - ============================================================
[2026-06-21 16:32:25,501][__main__][INFO] - Analyzing Training Loss
[2026-06-21 16:32:25,501][__main__][INFO] - ============================================================
[2026-06-21 16:32:25,560][src.timing_recorder][INFO] - [TIMING] ✓ Completed: splat_training (1.47s)
[2026-06-21 16:32:25,560][__main__][INFO] - 
[2026-06-21 16:32:25,560][__main__][INFO] - ╔==========================================================╗
[2026-06-21 16:32:25,560][__main__][INFO] - ║                    Pipeline Complete!                    ║
[2026-06-21 16:32:25,560][__main__][INFO] - ╚==========================================================╝
[2026-06-21 16:32:25,561][__main__][INFO] - Output directory: /Users/bc/brendanchambers/2026-06-18-iphone-video-to-splat/data/intermediates/densify_sz0.0025_gr0.0002/colmap_sfm_linearized/splats
[2026-06-21 16:32:25,561][__main__][INFO] -   - PLY file: *.ply (3D Gaussian Splat)
[2026-06-21 16:32:25,561][__main__][INFO] -   - Loss log: *.jsonl (Training loss per step)
[2026-06-21 16:32:25,561][__main__][INFO] -   - Timing log: running-time_*.jsonl (Step execution times)
[2026-06-21 16:32:25,561][src.timing_recorder][INFO] - 
[2026-06-21 16:32:25,561][src.timing_recorder][INFO] - ======================================================================
[2026-06-21 16:32:25,561][src.timing_recorder][INFO] - PIPELINE EXECUTION TIMING SUMMARY
[2026-06-21 16:32:25,561][src.timing_recorder][INFO] - ======================================================================
[2026-06-21 16:32:25,561][src.timing_recorder][INFO] - ✓ frame_extraction              0.23s  (  6.8%)
[2026-06-21 16:32:25,561][src.timing_recorder][INFO] - ✓ feature_extraction            0.23s  (  6.8%)
[2026-06-21 16:32:25,561][src.timing_recorder][INFO] - ✓ feature_matching              0.21s  (  6.3%)
[2026-06-21 16:32:25,561][src.timing_recorder][INFO] - ✓ sparse_reconstruction         0.56s  ( 16.5%)
[2026-06-21 16:32:25,561][src.timing_recorder][INFO] - ✓ undistortion                  0.68s  ( 20.0%)
[2026-06-21 16:32:25,561][src.timing_recorder][INFO] - ✓ splat_training                1.47s  ( 43.5%)
[2026-06-21 16:32:25,561][src.timing_recorder][INFO] - ----------------------------------------------------------------------
[2026-06-21 16:32:25,561][src.timing_recorder][INFO] - TOTAL                           3.38s  (100.0%)
[2026-06-21 16:32:25,561][src.timing_recorder][INFO] - ======================================================================
[2026-06-21 16:32:25,561][src.timing_recorder][INFO] - 
[2026-06-21 16:32:25,562][src.timing_recorder][INFO] - [TIMING] Saved timing report to: /Users/bc/brendanchambers/2026-06-18-iphone-video-to-splat/data/intermediates/densify_sz0.0025_gr0.0002/colmap_sfm_linearized/splats/running-time_20260621_1632.jsonl
[2026-06-21 16:32:25,562][__main__][INFO] - ============================================================
[2026-06-21 16:32:25,562][__main__][INFO] - Logging Experiment Results
[2026-06-21 16:32:25,562][__main__][INFO] - ============================================================
[2026-06-21 16:32:25,563][src.experiment_tracker][INFO] - Logged experiment to: /Users/bc/brendanchambers/2026-06-18-iphone-video-to-splat/reports/experiments/sweep_densify_size_and_gradient_threshold.jsonl
[2026-06-21 16:32:25,563][__main__][INFO] - Experiment results logged to: /Users/bc/brendanchambers/2026-06-18-iphone-video-to-splat/reports/experiments/sweep_densify_size_and_gradient_threshold.jsonl
[2026-06-21 16:32:25,563][__main__][INFO] -   Experiment: densify_sz0.0025_gr0.0002
[2026-06-21 16:32:25,563][__main__][INFO] -   Group: sweep_densify_size_and_gradient_threshold
[2026-06-21 16:32:25,563][__main__][INFO] -   Train loss: 0.302695
[2026-06-21 16:32:25,563][__main__][INFO] -   Total time: 3.38s (0.06m)
