[2026-06-21 16:31:43,856][__main__][INFO] - 
[2026-06-21 16:31:43,856][__main__][INFO] - ╔==========================================================╗
[2026-06-21 16:31:43,856][__main__][INFO] - ║          3D Gaussian Splat Training Pipeline              ║
[2026-06-21 16:31:43,856][__main__][INFO] - ╚==========================================================╝
[2026-06-21 16:31:43,856][__main__][INFO] - Experiment: densify_sz0.0025_gr0.0004
[2026-06-21 16:31:43,857][__main__][INFO] - Project dir: /Users/bc/brendanchambers/2026-06-18-iphone-video-to-splat
[2026-06-21 16:31:43,857][__main__][INFO] - 
[2026-06-21 16:31:43,857][src.timing_recorder][INFO] - [TIMING] Starting: frame_extraction
[2026-06-21 16:31:43,857][__main__][INFO] - ============================================================
[2026-06-21 16:31:43,857][__main__][INFO] - STEP 1: Frame Extraction
[2026-06-21 16:31:43,857][__main__][INFO] - ============================================================
[2026-06-21 16:31:43,857][src.frame_extractor][INFO] - Extracting frames from: /Users/bc/brendanchambers/2026-06-18-iphone-video-to-splat/data/incoming/movies/teensy.mov
[2026-06-21 16:31:43,857][src.frame_extractor][INFO] - Output directory: /Users/bc/brendanchambers/2026-06-18-iphone-video-to-splat/data/intermediates/densify_sz0.0025_gr0.0004/colmap_sfm_camera_model/images
[2026-06-21 16:31:43,857][src.frame_extractor][INFO] - Extracting frames at 2 fps
[2026-06-21 16:31:43,857][src.frame_extractor][INFO] - Running command: ffmpeg -i /Users/bc/brendanchambers/2026-06-18-iphone-video-to-splat/data/incoming/movies/teensy.mov -vf fps=2 -q:v 5 /Users/bc/brendanchambers/2026-06-18-iphone-video-to-splat/data/intermediates/densify_sz0.0025_gr0.0004/colmap_sfm_camera_model/images/frame_%04d.jpg
[2026-06-21 16:31:43,872][src.frame_extractor][INFO] - ffmpeg version 8.1.2 Copyright (c) 2000-2026 the FFmpeg developers
[2026-06-21 16:31:43,872][src.frame_extractor][INFO] -   built with Apple clang version 17.0.0 (clang-1700.6.4.2)
[2026-06-21 16:31:43,872][src.frame_extractor][INFO] -   configuration: --prefix=/opt/homebrew/Cellar/ffmpeg/8.1.2 --enable-shared --enable-pthreads --enable-version3 --cc=clang --host-cflags= --host-ldflags= --enable-ffplay --enable-gpl --enable-libsvtav1 --enable-libopus --enable-libx264 --enable-libmp3lame --enable-libdav1d --enable-libvmaf --enable-libvpx --enable-libx265 --enable-openssl --enable-videotoolbox --enable-audiotoolbox --enable-neon
[2026-06-21 16:31:43,872][src.frame_extractor][INFO] -   libavutil      60. 26.102 / 60. 26.102
[2026-06-21 16:31:43,872][src.frame_extractor][INFO] -   libavcodec     62. 28.102 / 62. 28.102
[2026-06-21 16:31:43,872][src.frame_extractor][INFO] -   libavformat    62. 12.102 / 62. 12.102
[2026-06-21 16:31:43,872][src.frame_extractor][INFO] -   libavdevice    62.  3.102 / 62.  3.102
[2026-06-21 16:31:43,872][src.frame_extractor][INFO] -   libavfilter    11. 14.102 / 11. 14.102
[2026-06-21 16:31:43,873][src.frame_extractor][INFO] -   libswscale      9.  5.102 /  9.  5.102
[2026-06-21 16:31:43,873][src.frame_extractor][INFO] -   libswresample   6.  3.102 /  6.  3.102
[2026-06-21 16:31:43,888][src.frame_extractor][INFO] - Input #0, mov,mp4,m4a,3gp,3g2,mj2, from '/Users/bc/brendanchambers/2026-06-18-iphone-video-to-splat/data/incoming/movies/teensy.mov':
[2026-06-21 16:31:43,888][src.frame_extractor][INFO] -   Metadata:
[2026-06-21 16:31:43,888][src.frame_extractor][INFO] -     major_brand     : qt
[2026-06-21 16:31:43,888][src.frame_extractor][INFO] -     minor_version   : 512
[2026-06-21 16:31:43,888][src.frame_extractor][INFO] -     compatible_brands: qt
[2026-06-21 16:31:43,888][src.frame_extractor][INFO] -     encoder         : Lavf62.12.102
[2026-06-21 16:31:43,888][src.frame_extractor][INFO] -   Duration: 00:00:04.01, start: 0.000000, bitrate: 19786 kb/s
[2026-06-21 16:31:43,888][src.frame_extractor][INFO] -   Stream #0:0[0x1]: Video: h264 (High) (avc1 / 0x31637661), yuv420p(tv, bt709, progressive), 1080x1920, 19646 kb/s, 29.67 fps, 29.67 tbr, 11392 tbn (default)
[2026-06-21 16:31:43,888][src.frame_extractor][INFO] -     Metadata:
[2026-06-21 16:31:43,888][src.frame_extractor][INFO] -       handler_name    : Core Media Video
[2026-06-21 16:31:43,888][src.frame_extractor][INFO] -       vendor_id       : FFMP
[2026-06-21 16:31:43,888][src.frame_extractor][INFO] -       encoder         : Lavc62.28.102 libx264
[2026-06-21 16:31:43,888][src.frame_extractor][INFO] -   Stream #0:1[0x2]: Audio: aac (LC) (mp4a / 0x6134706D), 48000 Hz, stereo, fltp, 128 kb/s (default)
[2026-06-21 16:31:43,888][src.frame_extractor][INFO] -     Metadata:
[2026-06-21 16:31:43,888][src.frame_extractor][INFO] -       handler_name    : Core Media Audio
[2026-06-21 16:31:43,888][src.frame_extractor][INFO] -       vendor_id       : [0][0][0][0]
[2026-06-21 16:31:43,888][src.frame_extractor][INFO] - Stream mapping:
[2026-06-21 16:31:43,888][src.frame_extractor][INFO] -   Stream #0:0 -> #0:0 (h264 (native) -> mjpeg (native))
[2026-06-21 16:31:43,888][src.frame_extractor][INFO] - Press [q] to stop, [?] for help
[2026-06-21 16:31:43,937][src.frame_extractor][INFO] - Output #0, image2, to '/Users/bc/brendanchambers/2026-06-18-iphone-video-to-splat/data/intermediates/densify_sz0.0025_gr0.0004/colmap_sfm_camera_model/images/frame_%04d.jpg':
[2026-06-21 16:31:43,937][src.frame_extractor][INFO] -   Metadata:
[2026-06-21 16:31:43,937][src.frame_extractor][INFO] -     major_brand     : qt
[2026-06-21 16:31:43,937][src.frame_extractor][INFO] -     minor_version   : 512
[2026-06-21 16:31:43,937][src.frame_extractor][INFO] -     compatible_brands: qt
[2026-06-21 16:31:43,937][src.frame_extractor][INFO] -     encoder         : Lavf62.12.102
[2026-06-21 16:31:43,937][src.frame_extractor][INFO] -   Stream #0:0: Video: mjpeg, yuv420p(pc, bt709, progressive), 1080x1920, q=2-31, 200 kb/s, 2 fps, 2 tbn (default)
[2026-06-21 16:31:43,937][src.frame_extractor][INFO] -     Metadata:
[2026-06-21 16:31:43,937][src.frame_extractor][INFO] -       encoder         : Lavc62.28.102 mjpeg
[2026-06-21 16:31:43,937][src.frame_extractor][INFO] -       handler_name    : Core Media Video
[2026-06-21 16:31:43,937][src.frame_extractor][INFO] -       vendor_id       : FFMP
[2026-06-21 16:31:43,938][src.frame_extractor][INFO] -     Side data:
[2026-06-21 16:31:43,938][src.frame_extractor][INFO] -       CPB properties: bitrate max/min/avg: 0/0/200000 buffer size: 0 vbv_delay: N/A
[2026-06-21 16:31:44,090][src.frame_extractor][INFO] - [out#0/image2 @ 0x60000277c6c0] video:3120KiB audio:0KiB subtitle:0KiB other streams:0KiB global headers:0KiB muxing overhead: unknown
[2026-06-21 16:31:44,090][src.frame_extractor][INFO] - frame=    8 fps=0.0 q=5.0 Lsize=N/A time=00:00:04.00 bitrate=N/A speed=19.8x elapsed=0:00:00.20
[2026-06-21 16:31:44,093][src.frame_extractor][INFO] - Successfully extracted 8 frames
[2026-06-21 16:31:44,093][__main__][INFO] - ✓ Frame extraction completed
[2026-06-21 16:31:44,093][src.timing_recorder][INFO] - [TIMING] ✓ Completed: frame_extraction (0.24s)
[2026-06-21 16:31:44,093][src.timing_recorder][INFO] - [TIMING] Starting: feature_extraction
[2026-06-21 16:31:44,093][__main__][INFO] - ============================================================
[2026-06-21 16:31:44,093][__main__][INFO] - STEP 2: Feature Extraction
[2026-06-21 16:31:44,093][__main__][INFO] - ============================================================
[2026-06-21 16:31:44,094][src.colmap_feature_extractor][INFO] - Extracting features from images: /Users/bc/brendanchambers/2026-06-18-iphone-video-to-splat/data/intermediates/densify_sz0.0025_gr0.0004/colmap_sfm_camera_model/images
[2026-06-21 16:31:44,094][src.colmap_feature_extractor][INFO] - Database: /Users/bc/brendanchambers/2026-06-18-iphone-video-to-splat/data/intermediates/densify_sz0.0025_gr0.0004/colmap_sfm_camera_model/database.db
[2026-06-21 16:31:44,094][src.colmap_feature_extractor][INFO] - Running: colmap feature_extractor
[2026-06-21 16:31:44,261][src.colmap_feature_extractor][INFO] - I20260621 16:31:44.260954 0x16f47b000 feature_extraction.cc:504] === Feature extraction ===
[2026-06-21 16:31:44,276][src.colmap_feature_extractor][INFO] - I20260621 16:31:44.276531 0x16fa7f000 sift.cc:757] Creating SIFT GPU feature extractor
[2026-06-21 16:31:44,419][src.colmap_feature_extractor][INFO] - I20260621 16:31:44.419720 0x16fb0b000 feature_extraction.cc:282] Processed file [1/8]
[2026-06-21 16:31:44,419][src.colmap_feature_extractor][INFO] - I20260621 16:31:44.419737 0x16fb0b000 feature_extraction.cc:285]   Name:            frame_0001.jpg
[2026-06-21 16:31:44,419][src.colmap_feature_extractor][INFO] - I20260621 16:31:44.419739 0x16fb0b000 feature_extraction.cc:294]   Dimensions:      1080 x 1920
[2026-06-21 16:31:44,419][src.colmap_feature_extractor][INFO] - I20260621 16:31:44.419741 0x16fb0b000 feature_extraction.cc:297]   Camera:          #1 - RADIAL
[2026-06-21 16:31:44,419][src.colmap_feature_extractor][INFO] - I20260621 16:31:44.419750 0x16fb0b000 feature_extraction.cc:300]   Focal Length:    2304.00px
[2026-06-21 16:31:44,419][src.colmap_feature_extractor][INFO] - I20260621 16:31:44.419753 0x16fb0b000 feature_extraction.cc:304]   Features:        4449 (SIFT)
[2026-06-21 16:31:44,474][src.colmap_feature_extractor][INFO] - I20260621 16:31:44.474465 0x16fb0b000 feature_extraction.cc:282] Processed file [2/8]
[2026-06-21 16:31:44,474][src.colmap_feature_extractor][INFO] - I20260621 16:31:44.474480 0x16fb0b000 feature_extraction.cc:285]   Name:            frame_0002.jpg
[2026-06-21 16:31:44,474][src.colmap_feature_extractor][INFO] - I20260621 16:31:44.474482 0x16fb0b000 feature_extraction.cc:294]   Dimensions:      1080 x 1920
[2026-06-21 16:31:44,474][src.colmap_feature_extractor][INFO] - I20260621 16:31:44.474494 0x16fb0b000 feature_extraction.cc:297]   Camera:          #1 - RADIAL
[2026-06-21 16:31:44,474][src.colmap_feature_extractor][INFO] - I20260621 16:31:44.474501 0x16fb0b000 feature_extraction.cc:300]   Focal Length:    2304.00px
[2026-06-21 16:31:44,474][src.colmap_feature_extractor][INFO] - I20260621 16:31:44.474504 0x16fb0b000 feature_extraction.cc:304]   Features:        4766 (SIFT)
[2026-06-21 16:31:44,527][src.colmap_feature_extractor][INFO] - I20260621 16:31:44.527240 0x16fb0b000 feature_extraction.cc:282] Processed file [3/8]
[2026-06-21 16:31:44,527][src.colmap_feature_extractor][INFO] - I20260621 16:31:44.527255 0x16fb0b000 feature_extraction.cc:285]   Name:            frame_0003.jpg
[2026-06-21 16:31:44,527][src.colmap_feature_extractor][INFO] - I20260621 16:31:44.527257 0x16fb0b000 feature_extraction.cc:294]   Dimensions:      1080 x 1920
[2026-06-21 16:31:44,527][src.colmap_feature_extractor][INFO] - I20260621 16:31:44.527258 0x16fb0b000 feature_extraction.cc:297]   Camera:          #1 - RADIAL
[2026-06-21 16:31:44,527][src.colmap_feature_extractor][INFO] - I20260621 16:31:44.527269 0x16fb0b000 feature_extraction.cc:300]   Focal Length:    2304.00px
[2026-06-21 16:31:44,527][src.colmap_feature_extractor][INFO] - I20260621 16:31:44.527273 0x16fb0b000 feature_extraction.cc:304]   Features:        5561 (SIFT)
[2026-06-21 16:31:44,581][src.colmap_feature_extractor][INFO] - I20260621 16:31:44.581286 0x16fb0b000 feature_extraction.cc:282] Processed file [4/8]
[2026-06-21 16:31:44,581][src.colmap_feature_extractor][INFO] - I20260621 16:31:44.581304 0x16fb0b000 feature_extraction.cc:285]   Name:            frame_0004.jpg
[2026-06-21 16:31:44,581][src.colmap_feature_extractor][INFO] - I20260621 16:31:44.581306 0x16fb0b000 feature_extraction.cc:294]   Dimensions:      1080 x 1920
[2026-06-21 16:31:44,581][src.colmap_feature_extractor][INFO] - I20260621 16:31:44.581308 0x16fb0b000 feature_extraction.cc:297]   Camera:          #1 - RADIAL
[2026-06-21 16:31:44,581][src.colmap_feature_extractor][INFO] - I20260621 16:31:44.581310 0x16fb0b000 feature_extraction.cc:300]   Focal Length:    2304.00px
[2026-06-21 16:31:44,581][src.colmap_feature_extractor][INFO] - I20260621 16:31:44.581313 0x16fb0b000 feature_extraction.cc:304]   Features:        6351 (SIFT)
[2026-06-21 16:31:44,634][src.colmap_feature_extractor][INFO] - I20260621 16:31:44.634019 0x16fb0b000 feature_extraction.cc:282] Processed file [5/8]
[2026-06-21 16:31:44,634][src.colmap_feature_extractor][INFO] - I20260621 16:31:44.634038 0x16fb0b000 feature_extraction.cc:285]   Name:            frame_0005.jpg
[2026-06-21 16:31:44,634][src.colmap_feature_extractor][INFO] - I20260621 16:31:44.634041 0x16fb0b000 feature_extraction.cc:294]   Dimensions:      1080 x 1920
[2026-06-21 16:31:44,634][src.colmap_feature_extractor][INFO] - I20260621 16:31:44.634042 0x16fb0b000 feature_extraction.cc:297]   Camera:          #1 - RADIAL
[2026-06-21 16:31:44,634][src.colmap_feature_extractor][INFO] - I20260621 16:31:44.634045 0x16fb0b000 feature_extraction.cc:300]   Focal Length:    2304.00px
[2026-06-21 16:31:44,634][src.colmap_feature_extractor][INFO] - I20260621 16:31:44.634048 0x16fb0b000 feature_extraction.cc:304]   Features:        4609 (SIFT)
[2026-06-21 16:31:44,687][src.colmap_feature_extractor][INFO] - I20260621 16:31:44.687492 0x16fb0b000 feature_extraction.cc:282] Processed file [6/8]
[2026-06-21 16:31:44,687][src.colmap_feature_extractor][INFO] - I20260621 16:31:44.687509 0x16fb0b000 feature_extraction.cc:285]   Name:            frame_0006.jpg
[2026-06-21 16:31:44,687][src.colmap_feature_extractor][INFO] - I20260621 16:31:44.687511 0x16fb0b000 feature_extraction.cc:294]   Dimensions:      1080 x 1920
[2026-06-21 16:31:44,687][src.colmap_feature_extractor][INFO] - I20260621 16:31:44.687513 0x16fb0b000 feature_extraction.cc:297]   Camera:          #1 - RADIAL
[2026-06-21 16:31:44,687][src.colmap_feature_extractor][INFO] - I20260621 16:31:44.687515 0x16fb0b000 feature_extraction.cc:300]   Focal Length:    2304.00px
[2026-06-21 16:31:44,687][src.colmap_feature_extractor][INFO] - I20260621 16:31:44.687519 0x16fb0b000 feature_extraction.cc:304]   Features:        4916 (SIFT)
[2026-06-21 16:31:44,741][src.colmap_feature_extractor][INFO] - I20260621 16:31:44.741181 0x16fb0b000 feature_extraction.cc:282] Processed file [7/8]
[2026-06-21 16:31:44,741][src.colmap_feature_extractor][INFO] - I20260621 16:31:44.741196 0x16fb0b000 feature_extraction.cc:285]   Name:            frame_0007.jpg
[2026-06-21 16:31:44,741][src.colmap_feature_extractor][INFO] - I20260621 16:31:44.741199 0x16fb0b000 feature_extraction.cc:294]   Dimensions:      1080 x 1920
[2026-06-21 16:31:44,741][src.colmap_feature_extractor][INFO] - I20260621 16:31:44.741200 0x16fb0b000 feature_extraction.cc:297]   Camera:          #1 - RADIAL
[2026-06-21 16:31:44,741][src.colmap_feature_extractor][INFO] - I20260621 16:31:44.741204 0x16fb0b000 feature_extraction.cc:300]   Focal Length:    2304.00px
[2026-06-21 16:31:44,741][src.colmap_feature_extractor][INFO] - I20260621 16:31:44.741207 0x16fb0b000 feature_extraction.cc:304]   Features:        4134 (SIFT)
[2026-06-21 16:31:44,797][src.colmap_feature_extractor][INFO] - I20260621 16:31:44.797157 0x16fb0b000 feature_extraction.cc:282] Processed file [8/8]
[2026-06-21 16:31:44,797][src.colmap_feature_extractor][INFO] - I20260621 16:31:44.797200 0x16fb0b000 feature_extraction.cc:285]   Name:            frame_0008.jpg
[2026-06-21 16:31:44,797][src.colmap_feature_extractor][INFO] - I20260621 16:31:44.797203 0x16fb0b000 feature_extraction.cc:294]   Dimensions:      1080 x 1920
[2026-06-21 16:31:44,797][src.colmap_feature_extractor][INFO] - I20260621 16:31:44.797205 0x16fb0b000 feature_extraction.cc:297]   Camera:          #1 - RADIAL
[2026-06-21 16:31:44,797][src.colmap_feature_extractor][INFO] - I20260621 16:31:44.797207 0x16fb0b000 feature_extraction.cc:300]   Focal Length:    2304.00px
[2026-06-21 16:31:44,797][src.colmap_feature_extractor][INFO] - I20260621 16:31:44.797210 0x16fb0b000 feature_extraction.cc:304]   Features:        6773 (SIFT)
[2026-06-21 16:31:44,802][src.colmap_feature_extractor][INFO] - I20260621 16:31:44.802652 0x16f47b000 timer.cc:90] Elapsed time: 0.009 [minutes]
[2026-06-21 16:31:44,820][src.colmap_feature_extractor][INFO] - Feature extraction completed successfully
[2026-06-21 16:31:44,821][__main__][INFO] - ✓ Feature extraction completed
[2026-06-21 16:31:44,821][src.timing_recorder][INFO] - [TIMING] ✓ Completed: feature_extraction (0.73s)
[2026-06-21 16:31:44,821][src.timing_recorder][INFO] - [TIMING] Starting: feature_matching
[2026-06-21 16:31:44,821][__main__][INFO] - ============================================================
[2026-06-21 16:31:44,821][__main__][INFO] - STEP 3: Feature Matching
[2026-06-21 16:31:44,821][__main__][INFO] - ============================================================
[2026-06-21 16:31:44,822][src.colmap_feature_matcher][INFO] - Matching features in database: /Users/bc/brendanchambers/2026-06-18-iphone-video-to-splat/data/intermediates/densify_sz0.0025_gr0.0004/colmap_sfm_camera_model/database.db
[2026-06-21 16:31:44,822][src.colmap_feature_matcher][INFO] - Running: colmap sequential_matcher
[2026-06-21 16:31:44,987][src.colmap_feature_matcher][INFO] - I20260621 16:31:44.987117 0x16b563000 feature_matching.cc:195] === Feature matching & geometric verification ===
[2026-06-21 16:31:45,002][src.colmap_feature_matcher][INFO] - I20260621 16:31:45.002043 0x16b5ef000 sift.cc:1559] Creating SIFT GPU feature matcher
[2026-06-21 16:31:45,026][src.colmap_feature_matcher][INFO] - I20260621 16:31:45.026573 0x16b563000 pairing.cc:415] Generating sequential image pairs...
[2026-06-21 16:31:45,026][src.colmap_feature_matcher][INFO] - I20260621 16:31:45.026647 0x16b563000 pairing.cc:473] Processing image [1/8]
[2026-06-21 16:31:45,100][src.colmap_feature_matcher][INFO] - I20260621 16:31:45.100339 0x16b563000 feature_matching.cc:217] in 0.074s
[2026-06-21 16:31:45,100][src.colmap_feature_matcher][INFO] - I20260621 16:31:45.100352 0x16b563000 pairing.cc:473] Processing image [2/8]
[2026-06-21 16:31:45,158][src.colmap_feature_matcher][INFO] - I20260621 16:31:45.158302 0x16b563000 feature_matching.cc:217] in 0.058s
[2026-06-21 16:31:45,158][src.colmap_feature_matcher][INFO] - I20260621 16:31:45.158309 0x16b563000 pairing.cc:473] Processing image [3/8]
[2026-06-21 16:31:45,219][src.colmap_feature_matcher][INFO] - I20260621 16:31:45.219015 0x16b563000 feature_matching.cc:217] in 0.061s
[2026-06-21 16:31:45,219][src.colmap_feature_matcher][INFO] - I20260621 16:31:45.219022 0x16b563000 pairing.cc:473] Processing image [4/8]
[2026-06-21 16:31:45,291][src.colmap_feature_matcher][INFO] - I20260621 16:31:45.291324 0x16b563000 feature_matching.cc:217] in 0.072s
[2026-06-21 16:31:45,291][src.colmap_feature_matcher][INFO] - I20260621 16:31:45.291329 0x16b563000 pairing.cc:473] Processing image [5/8]
[2026-06-21 16:31:45,322][src.colmap_feature_matcher][INFO] - I20260621 16:31:45.322166 0x16b563000 feature_matching.cc:217] in 0.031s
[2026-06-21 16:31:45,322][src.colmap_feature_matcher][INFO] - I20260621 16:31:45.322170 0x16b563000 pairing.cc:473] Processing image [6/8]
[2026-06-21 16:31:45,362][src.colmap_feature_matcher][INFO] - I20260621 16:31:45.362064 0x16b563000 feature_matching.cc:217] in 0.040s
[2026-06-21 16:31:45,362][src.colmap_feature_matcher][INFO] - I20260621 16:31:45.362068 0x16b563000 pairing.cc:473] Processing image [7/8]
[2026-06-21 16:31:45,383][src.colmap_feature_matcher][INFO] - I20260621 16:31:45.383778 0x16b563000 feature_matching.cc:217] in 0.022s
[2026-06-21 16:31:45,383][src.colmap_feature_matcher][INFO] - I20260621 16:31:45.383782 0x16b563000 pairing.cc:473] Processing image [8/8]
[2026-06-21 16:31:45,383][src.colmap_feature_matcher][INFO] - I20260621 16:31:45.383784 0x16b563000 feature_matching.cc:217] in 0.000s
[2026-06-21 16:31:45,383][src.colmap_feature_matcher][INFO] - I20260621 16:31:45.383786 0x16b563000 timer.cc:90] Elapsed time: 0.007 [minutes]
[2026-06-21 16:31:45,392][src.colmap_feature_matcher][INFO] - Feature matching completed successfully
[2026-06-21 16:31:45,392][__main__][INFO] - ✓ Feature matching completed
[2026-06-21 16:31:45,392][src.timing_recorder][INFO] - [TIMING] ✓ Completed: feature_matching (0.57s)
[2026-06-21 16:31:45,392][src.timing_recorder][INFO] - [TIMING] Starting: sparse_reconstruction
[2026-06-21 16:31:45,392][__main__][INFO] - ============================================================
[2026-06-21 16:31:45,392][__main__][INFO] - STEP 4: Sparse Reconstruction
[2026-06-21 16:31:45,392][__main__][INFO] - ============================================================
[2026-06-21 16:31:45,394][src.colmap_mapper][INFO] - Performing sparse reconstruction
[2026-06-21 16:31:45,394][src.colmap_mapper][INFO] - Database: /Users/bc/brendanchambers/2026-06-18-iphone-video-to-splat/data/intermediates/densify_sz0.0025_gr0.0004/colmap_sfm_camera_model/database.db
[2026-06-21 16:31:45,394][src.colmap_mapper][INFO] - Images: /Users/bc/brendanchambers/2026-06-18-iphone-video-to-splat/data/intermediates/densify_sz0.0025_gr0.0004/colmap_sfm_camera_model/images
[2026-06-21 16:31:45,394][src.colmap_mapper][INFO] - Output: /Users/bc/brendanchambers/2026-06-18-iphone-video-to-splat/data/intermediates/densify_sz0.0025_gr0.0004/colmap_sfm_camera_model/sparse
[2026-06-21 16:31:45,394][src.colmap_mapper][INFO] - Running: colmap mapper
[2026-06-21 16:31:45,444][src.colmap_mapper][INFO] - I20260621 16:31:45.443594 0x1fde420c0 incremental_pipeline.cc:278] Loading database
[2026-06-21 16:31:45,444][src.colmap_mapper][INFO] - I20260621 16:31:45.444052 0x1fde420c0 database_cache.cc:72] Loading rigs...
[2026-06-21 16:31:45,444][src.colmap_mapper][INFO] - I20260621 16:31:45.444076 0x1fde420c0 database_cache.cc:82]  1 in 0.000s
[2026-06-21 16:31:45,444][src.colmap_mapper][INFO] - I20260621 16:31:45.444079 0x1fde420c0 database_cache.cc:90] Loading cameras...
[2026-06-21 16:31:45,444][src.colmap_mapper][INFO] - I20260621 16:31:45.444088 0x1fde420c0 database_cache.cc:108]  1 in 0.000s
[2026-06-21 16:31:45,444][src.colmap_mapper][INFO] - I20260621 16:31:45.444091 0x1fde420c0 database_cache.cc:116] Loading frames...
[2026-06-21 16:31:45,444][src.colmap_mapper][INFO] - I20260621 16:31:45.444108 0x1fde420c0 database_cache.cc:126]  8 in 0.000s
[2026-06-21 16:31:45,444][src.colmap_mapper][INFO] - I20260621 16:31:45.444110 0x1fde420c0 database_cache.cc:134] Loading matches...
[2026-06-21 16:31:45,444][src.colmap_mapper][INFO] - I20260621 16:31:45.444170 0x1fde420c0 database_cache.cc:139]  17 in 0.000s
[2026-06-21 16:31:45,444][src.colmap_mapper][INFO] - I20260621 16:31:45.444173 0x1fde420c0 database_cache.cc:147] Loading images...
[2026-06-21 16:31:45,444][src.colmap_mapper][INFO] - I20260621 16:31:45.444710 0x1fde420c0 database_cache.cc:241]  8 in 0.001s (connected 8, loaded 8)
[2026-06-21 16:31:45,444][src.colmap_mapper][INFO] - I20260621 16:31:45.444714 0x1fde420c0 database_cache.cc:255] Loading pose priors...
[2026-06-21 16:31:45,444][src.colmap_mapper][INFO] - I20260621 16:31:45.444720 0x1fde420c0 database_cache.cc:263]  0 in 0.000s
[2026-06-21 16:31:45,444][src.colmap_mapper][INFO] - I20260621 16:31:45.444722 0x1fde420c0 database_cache.cc:271] Building correspondence graph...
[2026-06-21 16:31:45,445][src.colmap_mapper][INFO] - I20260621 16:31:45.445534 0x1fde420c0 database_cache.cc:300]  in 0.001s (ignored 0)
[2026-06-21 16:31:45,445][src.colmap_mapper][INFO] - I20260621 16:31:45.445538 0x1fde420c0 timer.cc:90] Elapsed time: 0.000 [minutes]
[2026-06-21 16:31:45,445][src.colmap_mapper][INFO] - I20260621 16:31:45.445627 0x1fde420c0 incremental_pipeline.cc:390] Finding good initial image pair
[2026-06-21 16:31:45,457][src.colmap_mapper][INFO] - I20260621 16:31:45.457299 0x1fde420c0 incremental_pipeline.cc:414] Registering initial image pair #6 and #2
[2026-06-21 16:31:45,457][src.colmap_mapper][INFO] - I20260621 16:31:45.457717 0x1fde420c0 incremental_pipeline.cc:432] Global bundle adjustment
[2026-06-21 16:31:45,479][src.colmap_mapper][INFO] - I20260621 16:31:45.479149 0x1fde420c0 incremental_pipeline.cc:537] Registering image #3 (num_reg_frames=2)
[2026-06-21 16:31:45,479][src.colmap_mapper][INFO] - I20260621 16:31:45.479153 0x1fde420c0 incremental_pipeline.cc:540] => Image sees 84 / 1892 points
[2026-06-21 16:31:45,491][src.colmap_mapper][INFO] - I20260621 16:31:45.491839 0x1fde420c0 incremental_pipeline.cc:79] Retriangulation and Global bundle adjustment
[2026-06-21 16:31:45,503][src.colmap_mapper][INFO] - I20260621 16:31:45.503852 0x1fde420c0 incremental_pipeline.cc:537] Registering image #1 (num_reg_frames=3)
[2026-06-21 16:31:45,503][src.colmap_mapper][INFO] - I20260621 16:31:45.503855 0x1fde420c0 incremental_pipeline.cc:540] => Image sees 465 / 1825 points
[2026-06-21 16:31:45,523][src.colmap_mapper][INFO] - I20260621 16:31:45.522991 0x1fde420c0 incremental_pipeline.cc:79] Retriangulation and Global bundle adjustment
[2026-06-21 16:31:45,534][src.colmap_mapper][INFO] - I20260621 16:31:45.534405 0x1fde420c0 incremental_pipeline.cc:537] Registering image #4 (num_reg_frames=4)
[2026-06-21 16:31:45,534][src.colmap_mapper][INFO] - I20260621 16:31:45.534408 0x1fde420c0 incremental_pipeline.cc:540] => Image sees 362 / 3027 points
[2026-06-21 16:31:45,599][src.colmap_mapper][INFO] - I20260621 16:31:45.599572 0x1fde420c0 incremental_pipeline.cc:79] Retriangulation and Global bundle adjustment
[2026-06-21 16:31:45,623][src.colmap_mapper][INFO] - I20260621 16:31:45.623149 0x1fde420c0 incremental_pipeline.cc:537] Registering image #5 (num_reg_frames=5)
[2026-06-21 16:31:45,623][src.colmap_mapper][INFO] - I20260621 16:31:45.623153 0x1fde420c0 incremental_pipeline.cc:540] => Image sees 1063 / 2461 points
[2026-06-21 16:31:45,682][src.colmap_mapper][INFO] - I20260621 16:31:45.682154 0x1fde420c0 incremental_pipeline.cc:79] Retriangulation and Global bundle adjustment
[2026-06-21 16:31:45,700][src.colmap_mapper][INFO] - I20260621 16:31:45.700425 0x1fde420c0 incremental_pipeline.cc:537] Registering image #7 (num_reg_frames=6)
[2026-06-21 16:31:45,700][src.colmap_mapper][INFO] - I20260621 16:31:45.700429 0x1fde420c0 incremental_pipeline.cc:540] => Image sees 435 / 1676 points
[2026-06-21 16:31:45,736][src.colmap_mapper][INFO] - I20260621 16:31:45.736457 0x1fde420c0 incremental_pipeline.cc:79] Retriangulation and Global bundle adjustment
[2026-06-21 16:31:45,775][src.colmap_mapper][INFO] - I20260621 16:31:45.775209 0x1fde420c0 incremental_pipeline.cc:537] Registering image #8 (num_reg_frames=7)
[2026-06-21 16:31:45,775][src.colmap_mapper][INFO] - I20260621 16:31:45.775214 0x1fde420c0 incremental_pipeline.cc:540] => Image sees 482 / 1376 points
[2026-06-21 16:31:45,808][src.colmap_mapper][INFO] - I20260621 16:31:45.808704 0x1fde420c0 incremental_pipeline.cc:79] Retriangulation and Global bundle adjustment
[2026-06-21 16:31:45,847][src.colmap_mapper][INFO] - I20260621 16:31:45.847378 0x1fde420c0 incremental_pipeline.cc:79] Retriangulation and Global bundle adjustment
[2026-06-21 16:31:45,856][src.colmap_mapper][INFO] - I20260621 16:31:45.856099 0x1fde420c0 incremental_pipeline.cc:723] Keeping successful reconstruction
[2026-06-21 16:31:45,858][src.colmap_mapper][INFO] - I20260621 16:31:45.858331 0x1fde420c0 timer.cc:90] Elapsed time: 0.007 [minutes]
[2026-06-21 16:31:45,861][src.colmap_mapper][INFO] - Sparse reconstruction completed successfully
[2026-06-21 16:31:45,862][__main__][INFO] - ✓ Sparse reconstruction completed
[2026-06-21 16:31:45,862][src.timing_recorder][INFO] - [TIMING] ✓ Completed: sparse_reconstruction (0.47s)
[2026-06-21 16:31:45,862][src.timing_recorder][INFO] - [TIMING] Starting: undistortion
[2026-06-21 16:31:45,862][__main__][INFO] - ============================================================
[2026-06-21 16:31:45,862][__main__][INFO] - STEP 5: Image Undistortion
[2026-06-21 16:31:45,862][__main__][INFO] - ============================================================
[2026-06-21 16:31:45,863][src.colmap_undistorter][INFO] - Undistorting images
[2026-06-21 16:31:45,863][src.colmap_undistorter][INFO] - Input model: /Users/bc/brendanchambers/2026-06-18-iphone-video-to-splat/data/intermediates/densify_sz0.0025_gr0.0004/colmap_sfm_camera_model/sparse/0
[2026-06-21 16:31:45,863][src.colmap_undistorter][INFO] - Images: /Users/bc/brendanchambers/2026-06-18-iphone-video-to-splat/data/intermediates/densify_sz0.0025_gr0.0004/colmap_sfm_camera_model/images
[2026-06-21 16:31:45,863][src.colmap_undistorter][INFO] - Output: /Users/bc/brendanchambers/2026-06-18-iphone-video-to-splat/data/intermediates/densify_sz0.0025_gr0.0004/colmap_sfm_linearized
[2026-06-21 16:31:45,863][src.colmap_undistorter][INFO] - Running: colmap image_undistorter
[2026-06-21 16:31:45,912][src.colmap_undistorter][INFO] - I20260621 16:31:45.912057 0x1fde420c0 image.cc:368] === Reading reconstruction ===
[2026-06-21 16:31:45,914][src.colmap_undistorter][INFO] - I20260621 16:31:45.914022 0x1fde420c0 image.cc:371] => Reconstruction with 8 images and 2190 points
[2026-06-21 16:31:45,914][src.colmap_undistorter][INFO] - I20260621 16:31:45.914030 0x1fde420c0 undistorters.cc:166] === Image undistortion ===
[2026-06-21 16:31:45,914][src.colmap_undistorter][INFO] - I20260621 16:31:45.914311 0x1fde420c0 undistorters.cc:205] Undistorting image [1/8]
[2026-06-21 16:31:46,507][src.colmap_undistorter][INFO] - I20260621 16:31:46.507841 0x1fde420c0 undistorters.cc:205] Undistorting image [2/8]
[2026-06-21 16:31:46,526][src.colmap_undistorter][INFO] - I20260621 16:31:46.526145 0x1fde420c0 undistorters.cc:205] Undistorting image [3/8]
[2026-06-21 16:31:46,529][src.colmap_undistorter][INFO] - I20260621 16:31:46.529378 0x1fde420c0 undistorters.cc:205] Undistorting image [4/8]
[2026-06-21 16:31:46,529][src.colmap_undistorter][INFO] - I20260621 16:31:46.529386 0x1fde420c0 undistorters.cc:205] Undistorting image [5/8]
[2026-06-21 16:31:46,529][src.colmap_undistorter][INFO] - I20260621 16:31:46.529388 0x1fde420c0 undistorters.cc:205] Undistorting image [6/8]
[2026-06-21 16:31:46,529][src.colmap_undistorter][INFO] - I20260621 16:31:46.529389 0x1fde420c0 undistorters.cc:205] Undistorting image [7/8]
[2026-06-21 16:31:46,529][src.colmap_undistorter][INFO] - I20260621 16:31:46.529391 0x1fde420c0 undistorters.cc:205] Undistorting image [8/8]
[2026-06-21 16:31:46,529][src.colmap_undistorter][INFO] - I20260621 16:31:46.529392 0x1fde420c0 undistorters.cc:213] Writing reconstruction...
[2026-06-21 16:31:46,533][src.colmap_undistorter][INFO] - I20260621 16:31:46.533980 0x1fde420c0 undistorters.cc:218] Writing configuration...
[2026-06-21 16:31:46,534][src.colmap_undistorter][INFO] - I20260621 16:31:46.534073 0x1fde420c0 undistorters.cc:222] Writing scripts...
[2026-06-21 16:31:46,534][src.colmap_undistorter][INFO] - I20260621 16:31:46.534162 0x1fde420c0 timer.cc:90] Elapsed time: 0.010 [minutes]
[2026-06-21 16:31:46,537][src.colmap_undistorter][INFO] - Image undistortion completed successfully
[2026-06-21 16:31:46,537][__main__][INFO] - ✓ Image undistortion completed
[2026-06-21 16:31:46,537][src.timing_recorder][INFO] - [TIMING] ✓ Completed: undistortion (0.68s)
[2026-06-21 16:31:46,537][src.timing_recorder][INFO] - [TIMING] Starting: splat_training
[2026-06-21 16:31:46,537][__main__][INFO] - ============================================================
[2026-06-21 16:31:46,537][__main__][INFO] - STEP 6: OpenSplat Training
[2026-06-21 16:31:46,537][__main__][INFO] - ============================================================
[2026-06-21 16:31:46,539][src.opensplat_trainer][INFO] - Training 3D Gaussian Splat
[2026-06-21 16:31:46,539][src.opensplat_trainer][INFO] - Sparse model: /Users/bc/brendanchambers/2026-06-18-iphone-video-to-splat/data/intermediates/densify_sz0.0025_gr0.0004/colmap_sfm_linearized/sparse
[2026-06-21 16:31:46,539][src.opensplat_trainer][INFO] - Images: /Users/bc/brendanchambers/2026-06-18-iphone-video-to-splat/data/intermediates/densify_sz0.0025_gr0.0004/colmap_sfm_linearized/images
[2026-06-21 16:31:46,539][src.opensplat_trainer][INFO] - Output PLY: /Users/bc/brendanchambers/2026-06-18-iphone-video-to-splat/data/intermediates/densify_sz0.0025_gr0.0004/colmap_sfm_linearized/splats/densify_sz0.0025_gr0.0004_20260621_1631.ply
[2026-06-21 16:31:46,539][src.opensplat_trainer][INFO] - Training loss log: /Users/bc/brendanchambers/2026-06-18-iphone-video-to-splat/data/intermediates/densify_sz0.0025_gr0.0004/colmap_sfm_linearized/splats/train_20260621_1631.jsonl
[2026-06-21 16:31:46,539][src.opensplat_trainer][INFO] - Validation loss log: /Users/bc/brendanchambers/2026-06-18-iphone-video-to-splat/data/intermediates/densify_sz0.0025_gr0.0004/colmap_sfm_linearized/splats/val_20260621_1631.jsonl
[2026-06-21 16:31:46,540][src.opensplat_trainer][INFO] - Running: opensplat
[2026-06-21 16:31:46,678][src.opensplat_trainer][INFO] - Using MPS
[2026-06-21 16:31:46,680][src.opensplat_trainer][INFO] - Reading 2190 points
[2026-06-21 16:31:46,680][src.opensplat_trainer][INFO] - Loading /Users/bc/brendanchambers/2026-06-18-iphone-video-to-splat/data/intermediates/densify_sz0.0025_gr0.0004/colmap_sfm_linearized/images/frame_0001.jpg
[2026-06-21 16:31:46,680][src.opensplat_trainer][INFO] - Loading /Users/bc/brendanchambers/2026-06-18-iphone-video-to-splat/data/intermediates/densify_sz0.0025_gr0.0004/colmap_sfm_linearized/images/frame_0002.jpg
[2026-06-21 16:31:46,680][src.opensplat_trainer][INFO] - Loading Loading /Users/bc/brendanchambers/2026-06-18-iphone-video-to-splat/data/intermediates/densify_sz0.0025_gr0.0004/colmap_sfm_linearized/images/frame_0004.jpg
[2026-06-21 16:31:46,680][src.opensplat_trainer][INFO] - /Users/bc/brendanchambers/2026-06-18-iphone-video-to-splat/data/intermediates/densify_sz0.0025_gr0.0004/colmap_sfm_linearized/images/frame_0003.jpgLoading /Users/bc/brendanchambers/2026-06-18-iphone-video-to-splat/data/intermediates/densify_sz0.0025_gr0.0004/colmap_sfm_linearized/images/frame_0006.jpg
[2026-06-21 16:31:46,680][src.opensplat_trainer][INFO] - Loading /Users/bc/brendanchambers/2026-06-18-iphone-video-to-splat/data/intermediates/densify_sz0.0025_gr0.0004/colmap_sfm_linearized/images/frame_0007.jpg
[2026-06-21 16:31:46,680][src.opensplat_trainer][INFO] - 
[2026-06-21 16:31:46,680][src.opensplat_trainer][INFO] - Loading /Users/bc/brendanchambers/2026-06-18-iphone-video-to-splat/data/intermediates/densify_sz0.0025_gr0.0004/colmap_sfm_linearized/images/frame_0005.jpg
[2026-06-21 16:31:46,680][src.opensplat_trainer][INFO] - Loading /Users/bc/brendanchambers/2026-06-18-iphone-video-to-splat/data/intermediates/densify_sz0.0025_gr0.0004/colmap_sfm_linearized/images/frame_0008.jpg
[2026-06-21 16:31:47,065][src.opensplat_trainer][INFO] - init_gsplat_metal_context: loading '/Users/bc/brendanchambers/2026-06-18-iphone-video-to-splat/opensplat/build/default.metallib'
[2026-06-21 16:31:47,065][src.opensplat_trainer][INFO] - init_gsplat_metal_context: loaded '/Users/bc/brendanchambers/2026-06-18-iphone-video-to-splat/opensplat/build/default.metallib', functions: compute_cov2d_bounds_kernel, project_gaussians_backward_kernel, get_tile_bin_edges_kernel, rasterize_backward_kernel, map_gaussian_to_intersects_kernel, nd_rasterize_backward_kernel, project_gaussians_forward_kernel, compute_sh_backward_kernel, compute_sh_forward_kernel, nd_rasterize_forward_kernel
[2026-06-21 16:31:47,065][src.opensplat_trainer][INFO] - init_gsplat_metal_context: load function nd_rasterize_backward_kernel with label: (null)
[2026-06-21 16:31:47,065][src.opensplat_trainer][INFO] - init_gsplat_metal_context: load function nd_rasterize_forward_kernel with label: (null)
[2026-06-21 16:31:47,065][src.opensplat_trainer][INFO] - init_gsplat_metal_context: load function rasterize_backward_kernel with label: (null)
[2026-06-21 16:31:47,065][src.opensplat_trainer][INFO] - init_gsplat_metal_context: load function project_gaussians_forward_kernel with label: (null)
[2026-06-21 16:31:47,065][src.opensplat_trainer][INFO] - init_gsplat_metal_context: load function project_gaussians_backward_kernel with label: (null)
[2026-06-21 16:31:47,065][src.opensplat_trainer][INFO] - init_gsplat_metal_context: load function compute_sh_forward_kernel with label: (null)
[2026-06-21 16:31:47,065][src.opensplat_trainer][INFO] - init_gsplat_metal_context: load function compute_sh_backward_kernel with label: (null)
[2026-06-21 16:31:47,065][src.opensplat_trainer][INFO] - init_gsplat_metal_context: load function compute_cov2d_bounds_kernel with label: (null)
[2026-06-21 16:31:47,065][src.opensplat_trainer][INFO] - init_gsplat_metal_context: load function map_gaussian_to_intersects_kernel with label: (null)
[2026-06-21 16:31:47,065][src.opensplat_trainer][INFO] - init_gsplat_metal_context: load function get_tile_bin_edges_kernel with label: (null)
[2026-06-21 16:31:47,065][src.opensplat_trainer][INFO] - Step 10: 0.334295 (20%)
[2026-06-21 16:31:47,276][src.opensplat_trainer][INFO] - Step 20: 0.315688 (40%)
[2026-06-21 16:31:47,470][src.opensplat_trainer][INFO] - Step 30: 0.283422 (60%)
[2026-06-21 16:31:47,674][src.opensplat_trainer][INFO] - Step 40: 0.300578 (80%)
[2026-06-21 16:31:47,920][src.opensplat_trainer][INFO] - Step 50: 0.302389 (100%)
[2026-06-21 16:31:47,940][src.opensplat_trainer][INFO] - Wrote /Users/bc/brendanchambers/2026-06-18-iphone-video-to-splat/data/intermediates/densify_sz0.0025_gr0.0004/colmap_sfm_linearized/splats/cameras.json
[2026-06-21 16:31:47,952][src.opensplat_trainer][INFO] - Wrote /Users/bc/brendanchambers/2026-06-18-iphone-video-to-splat/data/intermediates/densify_sz0.0025_gr0.0004/colmap_sfm_linearized/splats/densify_sz0.0025_gr0.0004_20260621_1631.ply
[2026-06-21 16:31:47,972][src.opensplat_trainer][INFO] - /Users/bc/brendanchambers/2026-06-18-iphone-video-to-splat/data/intermediates/densify_sz0.0025_gr0.0004/colmap_sfm_linearized/images/frame_0001.jpg validation loss: 0.34497
[2026-06-21 16:31:48,056][src.opensplat_trainer][INFO] - Parsed 5 training loss values to /Users/bc/brendanchambers/2026-06-18-iphone-video-to-splat/data/intermediates/densify_sz0.0025_gr0.0004/colmap_sfm_linearized/splats/train_20260621_1631.jsonl
[2026-06-21 16:31:48,056][src.opensplat_trainer][INFO] - Captured validation loss: 0.34497 to /Users/bc/brendanchambers/2026-06-18-iphone-video-to-splat/data/intermediates/densify_sz0.0025_gr0.0004/colmap_sfm_linearized/splats/val_20260621_1631.jsonl
[2026-06-21 16:31:48,056][src.opensplat_trainer][INFO] - Training completed successfully
[2026-06-21 16:31:48,057][src.opensplat_trainer][INFO] - Output saved to: /Users/bc/brendanchambers/2026-06-18-iphone-video-to-splat/data/intermediates/densify_sz0.0025_gr0.0004/colmap_sfm_linearized/splats/densify_sz0.0025_gr0.0004_20260621_1631.ply
[2026-06-21 16:31:48,057][__main__][INFO] - ✓ Splat training completed
[2026-06-21 16:31:48,057][__main__][INFO] - ============================================================
[2026-06-21 16:31:48,057][__main__][INFO] - Analyzing Training Loss
[2026-06-21 16:31:48,057][__main__][INFO] - ============================================================
[2026-06-21 16:31:48,118][src.timing_recorder][INFO] - [TIMING] ✓ Completed: splat_training (1.58s)
[2026-06-21 16:31:48,118][__main__][INFO] - 
[2026-06-21 16:31:48,118][__main__][INFO] - ╔==========================================================╗
[2026-06-21 16:31:48,118][__main__][INFO] - ║                    Pipeline Complete!                    ║
[2026-06-21 16:31:48,118][__main__][INFO] - ╚==========================================================╝
[2026-06-21 16:31:48,119][__main__][INFO] - Output directory: /Users/bc/brendanchambers/2026-06-18-iphone-video-to-splat/data/intermediates/densify_sz0.0025_gr0.0004/colmap_sfm_linearized/splats
[2026-06-21 16:31:48,119][__main__][INFO] -   - PLY file: *.ply (3D Gaussian Splat)
[2026-06-21 16:31:48,119][__main__][INFO] -   - Loss log: *.jsonl (Training loss per step)
[2026-06-21 16:31:48,119][__main__][INFO] -   - Timing log: running-time_*.jsonl (Step execution times)
[2026-06-21 16:31:48,119][src.timing_recorder][INFO] - 
[2026-06-21 16:31:48,119][src.timing_recorder][INFO] - ======================================================================
[2026-06-21 16:31:48,119][src.timing_recorder][INFO] - PIPELINE EXECUTION TIMING SUMMARY
[2026-06-21 16:31:48,119][src.timing_recorder][INFO] - ======================================================================
[2026-06-21 16:31:48,119][src.timing_recorder][INFO] - ✓ frame_extraction              0.24s  (  5.5%)
[2026-06-21 16:31:48,119][src.timing_recorder][INFO] - ✓ feature_extraction            0.73s  ( 17.1%)
[2026-06-21 16:31:48,119][src.timing_recorder][INFO] - ✓ feature_matching              0.57s  ( 13.4%)
[2026-06-21 16:31:48,119][src.timing_recorder][INFO] - ✓ sparse_reconstruction         0.47s  ( 11.0%)
[2026-06-21 16:31:48,119][src.timing_recorder][INFO] - ✓ undistortion                  0.68s  ( 15.9%)
[2026-06-21 16:31:48,119][src.timing_recorder][INFO] - ✓ splat_training                1.58s  ( 37.1%)
[2026-06-21 16:31:48,119][src.timing_recorder][INFO] - ----------------------------------------------------------------------
[2026-06-21 16:31:48,119][src.timing_recorder][INFO] - TOTAL                           4.26s  (100.0%)
[2026-06-21 16:31:48,119][src.timing_recorder][INFO] - ======================================================================
[2026-06-21 16:31:48,119][src.timing_recorder][INFO] - 
[2026-06-21 16:31:48,120][src.timing_recorder][INFO] - [TIMING] Saved timing report to: /Users/bc/brendanchambers/2026-06-18-iphone-video-to-splat/data/intermediates/densify_sz0.0025_gr0.0004/colmap_sfm_linearized/splats/running-time_20260621_1631.jsonl
[2026-06-21 16:31:48,120][__main__][INFO] - ============================================================
[2026-06-21 16:31:48,120][__main__][INFO] - Logging Experiment Results
[2026-06-21 16:31:48,120][__main__][INFO] - ============================================================
[2026-06-21 16:31:48,121][src.experiment_tracker][INFO] - Logged experiment to: /Users/bc/brendanchambers/2026-06-18-iphone-video-to-splat/reports/experiments/sweep_densify_size_and_gradient_threshold.jsonl
[2026-06-21 16:31:48,121][__main__][INFO] - Experiment results logged to: /Users/bc/brendanchambers/2026-06-18-iphone-video-to-splat/reports/experiments/sweep_densify_size_and_gradient_threshold.jsonl
[2026-06-21 16:31:48,121][__main__][INFO] -   Experiment: densify_sz0.0025_gr0.0004
[2026-06-21 16:31:48,121][__main__][INFO] -   Group: sweep_densify_size_and_gradient_threshold
[2026-06-21 16:31:48,121][__main__][INFO] -   Train loss: 0.302389
[2026-06-21 16:31:48,121][__main__][INFO] -   Total time: 4.26s (0.07m)
