[2026-06-21 16:30:55,074][__main__][INFO] - 
[2026-06-21 16:30:55,074][__main__][INFO] - ╔==========================================================╗
[2026-06-21 16:30:55,074][__main__][INFO] - ║          3D Gaussian Splat Training Pipeline              ║
[2026-06-21 16:30:55,074][__main__][INFO] - ╚==========================================================╝
[2026-06-21 16:30:55,074][__main__][INFO] - Experiment: densify_sz0.01_gr0.0002
[2026-06-21 16:30:55,074][__main__][INFO] - Project dir: /Users/bc/brendanchambers/2026-06-18-iphone-video-to-splat
[2026-06-21 16:30:55,074][__main__][INFO] - 
[2026-06-21 16:30:55,074][src.timing_recorder][INFO] - [TIMING] Starting: frame_extraction
[2026-06-21 16:30:55,074][__main__][INFO] - ============================================================
[2026-06-21 16:30:55,074][__main__][INFO] - STEP 1: Frame Extraction
[2026-06-21 16:30:55,074][__main__][INFO] - ============================================================
[2026-06-21 16:30:55,075][src.frame_extractor][INFO] - Extracting frames from: /Users/bc/brendanchambers/2026-06-18-iphone-video-to-splat/data/incoming/movies/teensy.mov
[2026-06-21 16:30:55,075][src.frame_extractor][INFO] - Output directory: /Users/bc/brendanchambers/2026-06-18-iphone-video-to-splat/data/intermediates/densify_sz0.01_gr0.0002/colmap_sfm_camera_model/images
[2026-06-21 16:30:55,075][src.frame_extractor][INFO] - Extracting frames at 2 fps
[2026-06-21 16:30:55,075][src.frame_extractor][INFO] - Running command: ffmpeg -i /Users/bc/brendanchambers/2026-06-18-iphone-video-to-splat/data/incoming/movies/teensy.mov -vf fps=2 -q:v 5 /Users/bc/brendanchambers/2026-06-18-iphone-video-to-splat/data/intermediates/densify_sz0.01_gr0.0002/colmap_sfm_camera_model/images/frame_%04d.jpg
[2026-06-21 16:30:55,090][src.frame_extractor][INFO] - ffmpeg version 8.1.2 Copyright (c) 2000-2026 the FFmpeg developers
[2026-06-21 16:30:55,090][src.frame_extractor][INFO] -   built with Apple clang version 17.0.0 (clang-1700.6.4.2)
[2026-06-21 16:30:55,090][src.frame_extractor][INFO] -   configuration: --prefix=/opt/homebrew/Cellar/ffmpeg/8.1.2 --enable-shared --enable-pthreads --enable-version3 --cc=clang --host-cflags= --host-ldflags= --enable-ffplay --enable-gpl --enable-libsvtav1 --enable-libopus --enable-libx264 --enable-libmp3lame --enable-libdav1d --enable-libvmaf --enable-libvpx --enable-libx265 --enable-openssl --enable-videotoolbox --enable-audiotoolbox --enable-neon
[2026-06-21 16:30:55,090][src.frame_extractor][INFO] -   libavutil      60. 26.102 / 60. 26.102
[2026-06-21 16:30:55,090][src.frame_extractor][INFO] -   libavcodec     62. 28.102 / 62. 28.102
[2026-06-21 16:30:55,090][src.frame_extractor][INFO] -   libavformat    62. 12.102 / 62. 12.102
[2026-06-21 16:30:55,090][src.frame_extractor][INFO] -   libavdevice    62.  3.102 / 62.  3.102
[2026-06-21 16:30:55,090][src.frame_extractor][INFO] -   libavfilter    11. 14.102 / 11. 14.102
[2026-06-21 16:30:55,090][src.frame_extractor][INFO] -   libswscale      9.  5.102 /  9.  5.102
[2026-06-21 16:30:55,090][src.frame_extractor][INFO] -   libswresample   6.  3.102 /  6.  3.102
[2026-06-21 16:30:55,106][src.frame_extractor][INFO] - Input #0, mov,mp4,m4a,3gp,3g2,mj2, from '/Users/bc/brendanchambers/2026-06-18-iphone-video-to-splat/data/incoming/movies/teensy.mov':
[2026-06-21 16:30:55,106][src.frame_extractor][INFO] -   Metadata:
[2026-06-21 16:30:55,106][src.frame_extractor][INFO] -     major_brand     : qt
[2026-06-21 16:30:55,106][src.frame_extractor][INFO] -     minor_version   : 512
[2026-06-21 16:30:55,106][src.frame_extractor][INFO] -     compatible_brands: qt
[2026-06-21 16:30:55,106][src.frame_extractor][INFO] -     encoder         : Lavf62.12.102
[2026-06-21 16:30:55,106][src.frame_extractor][INFO] -   Duration: 00:00:04.01, start: 0.000000, bitrate: 19786 kb/s
[2026-06-21 16:30:55,106][src.frame_extractor][INFO] -   Stream #0:0[0x1]: Video: h264 (High) (avc1 / 0x31637661), yuv420p(tv, bt709, progressive), 1080x1920, 19646 kb/s, 29.67 fps, 29.67 tbr, 11392 tbn (default)
[2026-06-21 16:30:55,106][src.frame_extractor][INFO] -     Metadata:
[2026-06-21 16:30:55,106][src.frame_extractor][INFO] -       handler_name    : Core Media Video
[2026-06-21 16:30:55,106][src.frame_extractor][INFO] -       vendor_id       : FFMP
[2026-06-21 16:30:55,106][src.frame_extractor][INFO] -       encoder         : Lavc62.28.102 libx264
[2026-06-21 16:30:55,106][src.frame_extractor][INFO] -   Stream #0:1[0x2]: Audio: aac (LC) (mp4a / 0x6134706D), 48000 Hz, stereo, fltp, 128 kb/s (default)
[2026-06-21 16:30:55,106][src.frame_extractor][INFO] -     Metadata:
[2026-06-21 16:30:55,106][src.frame_extractor][INFO] -       handler_name    : Core Media Audio
[2026-06-21 16:30:55,106][src.frame_extractor][INFO] -       vendor_id       : [0][0][0][0]
[2026-06-21 16:30:55,106][src.frame_extractor][INFO] - Stream mapping:
[2026-06-21 16:30:55,106][src.frame_extractor][INFO] -   Stream #0:0 -> #0:0 (h264 (native) -> mjpeg (native))
[2026-06-21 16:30:55,106][src.frame_extractor][INFO] - Press [q] to stop, [?] for help
[2026-06-21 16:30:55,158][src.frame_extractor][INFO] - Output #0, image2, to '/Users/bc/brendanchambers/2026-06-18-iphone-video-to-splat/data/intermediates/densify_sz0.01_gr0.0002/colmap_sfm_camera_model/images/frame_%04d.jpg':
[2026-06-21 16:30:55,159][src.frame_extractor][INFO] -   Metadata:
[2026-06-21 16:30:55,159][src.frame_extractor][INFO] -     major_brand     : qt
[2026-06-21 16:30:55,159][src.frame_extractor][INFO] -     minor_version   : 512
[2026-06-21 16:30:55,159][src.frame_extractor][INFO] -     compatible_brands: qt
[2026-06-21 16:30:55,159][src.frame_extractor][INFO] -     encoder         : Lavf62.12.102
[2026-06-21 16:30:55,159][src.frame_extractor][INFO] -   Stream #0:0: Video: mjpeg, yuv420p(pc, bt709, progressive), 1080x1920, q=2-31, 200 kb/s, 2 fps, 2 tbn (default)
[2026-06-21 16:30:55,159][src.frame_extractor][INFO] -     Metadata:
[2026-06-21 16:30:55,159][src.frame_extractor][INFO] -       encoder         : Lavc62.28.102 mjpeg
[2026-06-21 16:30:55,159][src.frame_extractor][INFO] -       handler_name    : Core Media Video
[2026-06-21 16:30:55,159][src.frame_extractor][INFO] -       vendor_id       : FFMP
[2026-06-21 16:30:55,159][src.frame_extractor][INFO] -     Side data:
[2026-06-21 16:30:55,159][src.frame_extractor][INFO] -       CPB properties: bitrate max/min/avg: 0/0/200000 buffer size: 0 vbv_delay: N/A
[2026-06-21 16:30:55,302][src.frame_extractor][INFO] - [out#0/image2 @ 0x6000028b46c0] video:3120KiB audio:0KiB subtitle:0KiB other streams:0KiB global headers:0KiB muxing overhead: unknown
[2026-06-21 16:30:55,302][src.frame_extractor][INFO] - frame=    8 fps=0.0 q=5.0 Lsize=N/A time=00:00:04.00 bitrate=N/A speed=20.4x elapsed=0:00:00.19
[2026-06-21 16:30:55,305][src.frame_extractor][INFO] - Successfully extracted 8 frames
[2026-06-21 16:30:55,306][__main__][INFO] - ✓ Frame extraction completed
[2026-06-21 16:30:55,306][src.timing_recorder][INFO] - [TIMING] ✓ Completed: frame_extraction (0.23s)
[2026-06-21 16:30:55,306][src.timing_recorder][INFO] - [TIMING] Starting: feature_extraction
[2026-06-21 16:30:55,306][__main__][INFO] - ============================================================
[2026-06-21 16:30:55,306][__main__][INFO] - STEP 2: Feature Extraction
[2026-06-21 16:30:55,306][__main__][INFO] - ============================================================
[2026-06-21 16:30:55,307][src.colmap_feature_extractor][INFO] - Extracting features from images: /Users/bc/brendanchambers/2026-06-18-iphone-video-to-splat/data/intermediates/densify_sz0.01_gr0.0002/colmap_sfm_camera_model/images
[2026-06-21 16:30:55,307][src.colmap_feature_extractor][INFO] - Database: /Users/bc/brendanchambers/2026-06-18-iphone-video-to-splat/data/intermediates/densify_sz0.01_gr0.0002/colmap_sfm_camera_model/database.db
[2026-06-21 16:30:55,307][src.colmap_feature_extractor][INFO] - Running: colmap feature_extractor
[2026-06-21 16:30:55,480][src.colmap_feature_extractor][INFO] - I20260621 16:30:55.480186 0x16fa57000 feature_extraction.cc:504] === Feature extraction ===
[2026-06-21 16:30:55,495][src.colmap_feature_extractor][INFO] - I20260621 16:30:55.495852 0x178087000 sift.cc:757] Creating SIFT GPU feature extractor
[2026-06-21 16:30:55,634][src.colmap_feature_extractor][INFO] - I20260621 16:30:55.634161 0x178113000 feature_extraction.cc:282] Processed file [1/8]
[2026-06-21 16:30:55,634][src.colmap_feature_extractor][INFO] - I20260621 16:30:55.634176 0x178113000 feature_extraction.cc:285]   Name:            frame_0001.jpg
[2026-06-21 16:30:55,634][src.colmap_feature_extractor][INFO] - I20260621 16:30:55.634178 0x178113000 feature_extraction.cc:294]   Dimensions:      1080 x 1920
[2026-06-21 16:30:55,634][src.colmap_feature_extractor][INFO] - I20260621 16:30:55.634180 0x178113000 feature_extraction.cc:297]   Camera:          #1 - RADIAL
[2026-06-21 16:30:55,634][src.colmap_feature_extractor][INFO] - I20260621 16:30:55.634182 0x178113000 feature_extraction.cc:300]   Focal Length:    2304.00px
[2026-06-21 16:30:55,634][src.colmap_feature_extractor][INFO] - I20260621 16:30:55.634184 0x178113000 feature_extraction.cc:304]   Features:        4449 (SIFT)
[2026-06-21 16:30:55,692][src.colmap_feature_extractor][INFO] - I20260621 16:30:55.692777 0x178113000 feature_extraction.cc:282] Processed file [2/8]
[2026-06-21 16:30:55,692][src.colmap_feature_extractor][INFO] - I20260621 16:30:55.692804 0x178113000 feature_extraction.cc:285]   Name:            frame_0002.jpg
[2026-06-21 16:30:55,692][src.colmap_feature_extractor][INFO] - I20260621 16:30:55.692810 0x178113000 feature_extraction.cc:294]   Dimensions:      1080 x 1920
[2026-06-21 16:30:55,692][src.colmap_feature_extractor][INFO] - I20260621 16:30:55.692812 0x178113000 feature_extraction.cc:297]   Camera:          #1 - RADIAL
[2026-06-21 16:30:55,693][src.colmap_feature_extractor][INFO] - I20260621 16:30:55.692815 0x178113000 feature_extraction.cc:300]   Focal Length:    2304.00px
[2026-06-21 16:30:55,693][src.colmap_feature_extractor][INFO] - I20260621 16:30:55.692817 0x178113000 feature_extraction.cc:304]   Features:        4766 (SIFT)
[2026-06-21 16:30:55,746][src.colmap_feature_extractor][INFO] - I20260621 16:30:55.746890 0x178113000 feature_extraction.cc:282] Processed file [3/8]
[2026-06-21 16:30:55,747][src.colmap_feature_extractor][INFO] - I20260621 16:30:55.746915 0x178113000 feature_extraction.cc:285]   Name:            frame_0003.jpg
[2026-06-21 16:30:55,747][src.colmap_feature_extractor][INFO] - I20260621 16:30:55.746920 0x178113000 feature_extraction.cc:294]   Dimensions:      1080 x 1920
[2026-06-21 16:30:55,747][src.colmap_feature_extractor][INFO] - I20260621 16:30:55.746922 0x178113000 feature_extraction.cc:297]   Camera:          #1 - RADIAL
[2026-06-21 16:30:55,747][src.colmap_feature_extractor][INFO] - I20260621 16:30:55.746925 0x178113000 feature_extraction.cc:300]   Focal Length:    2304.00px
[2026-06-21 16:30:55,747][src.colmap_feature_extractor][INFO] - I20260621 16:30:55.746927 0x178113000 feature_extraction.cc:304]   Features:        5561 (SIFT)
[2026-06-21 16:30:55,802][src.colmap_feature_extractor][INFO] - I20260621 16:30:55.802571 0x178113000 feature_extraction.cc:282] Processed file [4/8]
[2026-06-21 16:30:55,802][src.colmap_feature_extractor][INFO] - I20260621 16:30:55.802588 0x178113000 feature_extraction.cc:285]   Name:            frame_0004.jpg
[2026-06-21 16:30:55,802][src.colmap_feature_extractor][INFO] - I20260621 16:30:55.802590 0x178113000 feature_extraction.cc:294]   Dimensions:      1080 x 1920
[2026-06-21 16:30:55,802][src.colmap_feature_extractor][INFO] - I20260621 16:30:55.802592 0x178113000 feature_extraction.cc:297]   Camera:          #1 - RADIAL
[2026-06-21 16:30:55,803][src.colmap_feature_extractor][INFO] - I20260621 16:30:55.802594 0x178113000 feature_extraction.cc:300]   Focal Length:    2304.00px
[2026-06-21 16:30:55,803][src.colmap_feature_extractor][INFO] - I20260621 16:30:55.802597 0x178113000 feature_extraction.cc:304]   Features:        6351 (SIFT)
[2026-06-21 16:30:55,857][src.colmap_feature_extractor][INFO] - I20260621 16:30:55.857906 0x178113000 feature_extraction.cc:282] Processed file [5/8]
[2026-06-21 16:30:55,858][src.colmap_feature_extractor][INFO] - I20260621 16:30:55.857922 0x178113000 feature_extraction.cc:285]   Name:            frame_0005.jpg
[2026-06-21 16:30:55,858][src.colmap_feature_extractor][INFO] - I20260621 16:30:55.857923 0x178113000 feature_extraction.cc:294]   Dimensions:      1080 x 1920
[2026-06-21 16:30:55,858][src.colmap_feature_extractor][INFO] - I20260621 16:30:55.857925 0x178113000 feature_extraction.cc:297]   Camera:          #1 - RADIAL
[2026-06-21 16:30:55,858][src.colmap_feature_extractor][INFO] - I20260621 16:30:55.857927 0x178113000 feature_extraction.cc:300]   Focal Length:    2304.00px
[2026-06-21 16:30:55,858][src.colmap_feature_extractor][INFO] - I20260621 16:30:55.857930 0x178113000 feature_extraction.cc:304]   Features:        4609 (SIFT)
[2026-06-21 16:30:55,912][src.colmap_feature_extractor][INFO] - I20260621 16:30:55.912380 0x178113000 feature_extraction.cc:282] Processed file [6/8]
[2026-06-21 16:30:55,912][src.colmap_feature_extractor][INFO] - I20260621 16:30:55.912399 0x178113000 feature_extraction.cc:285]   Name:            frame_0006.jpg
[2026-06-21 16:30:55,912][src.colmap_feature_extractor][INFO] - I20260621 16:30:55.912402 0x178113000 feature_extraction.cc:294]   Dimensions:      1080 x 1920
[2026-06-21 16:30:55,912][src.colmap_feature_extractor][INFO] - I20260621 16:30:55.912403 0x178113000 feature_extraction.cc:297]   Camera:          #1 - RADIAL
[2026-06-21 16:30:55,912][src.colmap_feature_extractor][INFO] - I20260621 16:30:55.912405 0x178113000 feature_extraction.cc:300]   Focal Length:    2304.00px
[2026-06-21 16:30:55,912][src.colmap_feature_extractor][INFO] - I20260621 16:30:55.912408 0x178113000 feature_extraction.cc:304]   Features:        4916 (SIFT)
[2026-06-21 16:30:55,966][src.colmap_feature_extractor][INFO] - I20260621 16:30:55.966857 0x178113000 feature_extraction.cc:282] Processed file [7/8]
[2026-06-21 16:30:55,967][src.colmap_feature_extractor][INFO] - I20260621 16:30:55.966874 0x178113000 feature_extraction.cc:285]   Name:            frame_0007.jpg
[2026-06-21 16:30:55,967][src.colmap_feature_extractor][INFO] - I20260621 16:30:55.966876 0x178113000 feature_extraction.cc:294]   Dimensions:      1080 x 1920
[2026-06-21 16:30:55,967][src.colmap_feature_extractor][INFO] - I20260621 16:30:55.966877 0x178113000 feature_extraction.cc:297]   Camera:          #1 - RADIAL
[2026-06-21 16:30:55,967][src.colmap_feature_extractor][INFO] - I20260621 16:30:55.966879 0x178113000 feature_extraction.cc:300]   Focal Length:    2304.00px
[2026-06-21 16:30:55,967][src.colmap_feature_extractor][INFO] - I20260621 16:30:55.966882 0x178113000 feature_extraction.cc:304]   Features:        4134 (SIFT)
[2026-06-21 16:30:56,022][src.colmap_feature_extractor][INFO] - I20260621 16:30:56.022346 0x178113000 feature_extraction.cc:282] Processed file [8/8]
[2026-06-21 16:30:56,022][src.colmap_feature_extractor][INFO] - I20260621 16:30:56.022391 0x178113000 feature_extraction.cc:285]   Name:            frame_0008.jpg
[2026-06-21 16:30:56,022][src.colmap_feature_extractor][INFO] - I20260621 16:30:56.022393 0x178113000 feature_extraction.cc:294]   Dimensions:      1080 x 1920
[2026-06-21 16:30:56,022][src.colmap_feature_extractor][INFO] - I20260621 16:30:56.022395 0x178113000 feature_extraction.cc:297]   Camera:          #1 - RADIAL
[2026-06-21 16:30:56,022][src.colmap_feature_extractor][INFO] - I20260621 16:30:56.022397 0x178113000 feature_extraction.cc:300]   Focal Length:    2304.00px
[2026-06-21 16:30:56,022][src.colmap_feature_extractor][INFO] - I20260621 16:30:56.022400 0x178113000 feature_extraction.cc:304]   Features:        6773 (SIFT)
[2026-06-21 16:30:56,027][src.colmap_feature_extractor][INFO] - I20260621 16:30:56.027795 0x16fa57000 timer.cc:90] Elapsed time: 0.009 [minutes]
[2026-06-21 16:30:56,048][src.colmap_feature_extractor][INFO] - Feature extraction completed successfully
[2026-06-21 16:30:56,048][__main__][INFO] - ✓ Feature extraction completed
[2026-06-21 16:30:56,048][src.timing_recorder][INFO] - [TIMING] ✓ Completed: feature_extraction (0.74s)
[2026-06-21 16:30:56,048][src.timing_recorder][INFO] - [TIMING] Starting: feature_matching
[2026-06-21 16:30:56,048][__main__][INFO] - ============================================================
[2026-06-21 16:30:56,048][__main__][INFO] - STEP 3: Feature Matching
[2026-06-21 16:30:56,048][__main__][INFO] - ============================================================
[2026-06-21 16:30:56,049][src.colmap_feature_matcher][INFO] - Matching features in database: /Users/bc/brendanchambers/2026-06-18-iphone-video-to-splat/data/intermediates/densify_sz0.01_gr0.0002/colmap_sfm_camera_model/database.db
[2026-06-21 16:30:56,049][src.colmap_feature_matcher][INFO] - Running: colmap sequential_matcher
[2026-06-21 16:30:56,253][src.colmap_feature_matcher][INFO] - I20260621 16:30:56.253275 0x16f483000 feature_matching.cc:195] === Feature matching & geometric verification ===
[2026-06-21 16:30:56,269][src.colmap_feature_matcher][INFO] - I20260621 16:30:56.269268 0x16f50f000 sift.cc:1559] Creating SIFT GPU feature matcher
[2026-06-21 16:30:56,294][src.colmap_feature_matcher][INFO] - I20260621 16:30:56.294215 0x16f483000 pairing.cc:415] Generating sequential image pairs...
[2026-06-21 16:30:56,294][src.colmap_feature_matcher][INFO] - I20260621 16:30:56.294300 0x16f483000 pairing.cc:473] Processing image [1/8]
[2026-06-21 16:30:56,353][src.colmap_feature_matcher][INFO] - I20260621 16:30:56.353923 0x16f483000 feature_matching.cc:217] in 0.060s
[2026-06-21 16:30:56,354][src.colmap_feature_matcher][INFO] - I20260621 16:30:56.353937 0x16f483000 pairing.cc:473] Processing image [2/8]
[2026-06-21 16:30:56,411][src.colmap_feature_matcher][INFO] - I20260621 16:30:56.411916 0x16f483000 feature_matching.cc:217] in 0.058s
[2026-06-21 16:30:56,412][src.colmap_feature_matcher][INFO] - I20260621 16:30:56.411925 0x16f483000 pairing.cc:473] Processing image [3/8]
[2026-06-21 16:30:56,472][src.colmap_feature_matcher][INFO] - I20260621 16:30:56.472856 0x16f483000 feature_matching.cc:217] in 0.061s
[2026-06-21 16:30:56,472][src.colmap_feature_matcher][INFO] - I20260621 16:30:56.472862 0x16f483000 pairing.cc:473] Processing image [4/8]
[2026-06-21 16:30:56,545][src.colmap_feature_matcher][INFO] - I20260621 16:30:56.545343 0x16f483000 feature_matching.cc:217] in 0.072s
[2026-06-21 16:30:56,545][src.colmap_feature_matcher][INFO] - I20260621 16:30:56.545347 0x16f483000 pairing.cc:473] Processing image [5/8]
[2026-06-21 16:30:56,576][src.colmap_feature_matcher][INFO] - I20260621 16:30:56.576408 0x16f483000 feature_matching.cc:217] in 0.031s
[2026-06-21 16:30:56,576][src.colmap_feature_matcher][INFO] - I20260621 16:30:56.576413 0x16f483000 pairing.cc:473] Processing image [6/8]
[2026-06-21 16:30:56,616][src.colmap_feature_matcher][INFO] - I20260621 16:30:56.616339 0x16f483000 feature_matching.cc:217] in 0.040s
[2026-06-21 16:30:56,616][src.colmap_feature_matcher][INFO] - I20260621 16:30:56.616343 0x16f483000 pairing.cc:473] Processing image [7/8]
[2026-06-21 16:30:56,638][src.colmap_feature_matcher][INFO] - I20260621 16:30:56.638246 0x16f483000 feature_matching.cc:217] in 0.022s
[2026-06-21 16:30:56,638][src.colmap_feature_matcher][INFO] - I20260621 16:30:56.638252 0x16f483000 pairing.cc:473] Processing image [8/8]
[2026-06-21 16:30:56,638][src.colmap_feature_matcher][INFO] - I20260621 16:30:56.638255 0x16f483000 feature_matching.cc:217] in 0.000s
[2026-06-21 16:30:56,638][src.colmap_feature_matcher][INFO] - I20260621 16:30:56.638258 0x16f483000 timer.cc:90] Elapsed time: 0.006 [minutes]
[2026-06-21 16:30:56,646][src.colmap_feature_matcher][INFO] - Feature matching completed successfully
[2026-06-21 16:30:56,646][__main__][INFO] - ✓ Feature matching completed
[2026-06-21 16:30:56,646][src.timing_recorder][INFO] - [TIMING] ✓ Completed: feature_matching (0.60s)
[2026-06-21 16:30:56,646][src.timing_recorder][INFO] - [TIMING] Starting: sparse_reconstruction
[2026-06-21 16:30:56,646][__main__][INFO] - ============================================================
[2026-06-21 16:30:56,646][__main__][INFO] - STEP 4: Sparse Reconstruction
[2026-06-21 16:30:56,646][__main__][INFO] - ============================================================
[2026-06-21 16:30:56,648][src.colmap_mapper][INFO] - Performing sparse reconstruction
[2026-06-21 16:30:56,648][src.colmap_mapper][INFO] - Database: /Users/bc/brendanchambers/2026-06-18-iphone-video-to-splat/data/intermediates/densify_sz0.01_gr0.0002/colmap_sfm_camera_model/database.db
[2026-06-21 16:30:56,648][src.colmap_mapper][INFO] - Images: /Users/bc/brendanchambers/2026-06-18-iphone-video-to-splat/data/intermediates/densify_sz0.01_gr0.0002/colmap_sfm_camera_model/images
[2026-06-21 16:30:56,648][src.colmap_mapper][INFO] - Output: /Users/bc/brendanchambers/2026-06-18-iphone-video-to-splat/data/intermediates/densify_sz0.01_gr0.0002/colmap_sfm_camera_model/sparse
[2026-06-21 16:30:56,648][src.colmap_mapper][INFO] - Running: colmap mapper
[2026-06-21 16:30:56,698][src.colmap_mapper][INFO] - I20260621 16:30:56.698198 0x1fde420c0 incremental_pipeline.cc:278] Loading database
[2026-06-21 16:30:56,698][src.colmap_mapper][INFO] - I20260621 16:30:56.698485 0x1fde420c0 database_cache.cc:72] Loading rigs...
[2026-06-21 16:30:56,698][src.colmap_mapper][INFO] - I20260621 16:30:56.698506 0x1fde420c0 database_cache.cc:82]  1 in 0.000s
[2026-06-21 16:30:56,698][src.colmap_mapper][INFO] - I20260621 16:30:56.698509 0x1fde420c0 database_cache.cc:90] Loading cameras...
[2026-06-21 16:30:56,698][src.colmap_mapper][INFO] - I20260621 16:30:56.698518 0x1fde420c0 database_cache.cc:108]  1 in 0.000s
[2026-06-21 16:30:56,698][src.colmap_mapper][INFO] - I20260621 16:30:56.698520 0x1fde420c0 database_cache.cc:116] Loading frames...
[2026-06-21 16:30:56,698][src.colmap_mapper][INFO] - I20260621 16:30:56.698537 0x1fde420c0 database_cache.cc:126]  8 in 0.000s
[2026-06-21 16:30:56,698][src.colmap_mapper][INFO] - I20260621 16:30:56.698539 0x1fde420c0 database_cache.cc:134] Loading matches...
[2026-06-21 16:30:56,698][src.colmap_mapper][INFO] - I20260621 16:30:56.698600 0x1fde420c0 database_cache.cc:139]  17 in 0.000s
[2026-06-21 16:30:56,698][src.colmap_mapper][INFO] - I20260621 16:30:56.698602 0x1fde420c0 database_cache.cc:147] Loading images...
[2026-06-21 16:30:56,699][src.colmap_mapper][INFO] - I20260621 16:30:56.699127 0x1fde420c0 database_cache.cc:241]  8 in 0.001s (connected 8, loaded 8)
[2026-06-21 16:30:56,699][src.colmap_mapper][INFO] - I20260621 16:30:56.699130 0x1fde420c0 database_cache.cc:255] Loading pose priors...
[2026-06-21 16:30:56,699][src.colmap_mapper][INFO] - I20260621 16:30:56.699136 0x1fde420c0 database_cache.cc:263]  0 in 0.000s
[2026-06-21 16:30:56,699][src.colmap_mapper][INFO] - I20260621 16:30:56.699138 0x1fde420c0 database_cache.cc:271] Building correspondence graph...
[2026-06-21 16:30:56,699][src.colmap_mapper][INFO] - I20260621 16:30:56.699966 0x1fde420c0 database_cache.cc:300]  in 0.001s (ignored 0)
[2026-06-21 16:30:56,700][src.colmap_mapper][INFO] - I20260621 16:30:56.699970 0x1fde420c0 timer.cc:90] Elapsed time: 0.000 [minutes]
[2026-06-21 16:30:56,700][src.colmap_mapper][INFO] - I20260621 16:30:56.700056 0x1fde420c0 incremental_pipeline.cc:390] Finding good initial image pair
[2026-06-21 16:30:56,707][src.colmap_mapper][INFO] - I20260621 16:30:56.707423 0x1fde420c0 incremental_pipeline.cc:414] Registering initial image pair #4 and #2
[2026-06-21 16:30:56,708][src.colmap_mapper][INFO] - I20260621 16:30:56.708038 0x1fde420c0 incremental_pipeline.cc:432] Global bundle adjustment
[2026-06-21 16:30:56,730][src.colmap_mapper][INFO] - I20260621 16:30:56.730812 0x1fde420c0 incremental_pipeline.cc:537] Registering image #3 (num_reg_frames=2)
[2026-06-21 16:30:56,730][src.colmap_mapper][INFO] - I20260621 16:30:56.730817 0x1fde420c0 incremental_pipeline.cc:540] => Image sees 149 / 1892 points
[2026-06-21 16:30:56,777][src.colmap_mapper][INFO] - I20260621 16:30:56.777754 0x1fde420c0 incremental_pipeline.cc:79] Retriangulation and Global bundle adjustment
[2026-06-21 16:30:56,792][src.colmap_mapper][INFO] - I20260621 16:30:56.792754 0x1fde420c0 incremental_pipeline.cc:537] Registering image #6 (num_reg_frames=3)
[2026-06-21 16:30:56,792][src.colmap_mapper][INFO] - I20260621 16:30:56.792758 0x1fde420c0 incremental_pipeline.cc:540] => Image sees 496 / 2128 points
[2026-06-21 16:30:56,848][src.colmap_mapper][INFO] - I20260621 16:30:56.848325 0x1fde420c0 incremental_pipeline.cc:79] Retriangulation and Global bundle adjustment
[2026-06-21 16:30:56,870][src.colmap_mapper][INFO] - I20260621 16:30:56.870562 0x1fde420c0 incremental_pipeline.cc:537] Registering image #5 (num_reg_frames=4)
[2026-06-21 16:30:56,870][src.colmap_mapper][INFO] - I20260621 16:30:56.870565 0x1fde420c0 incremental_pipeline.cc:540] => Image sees 1052 / 2461 points
[2026-06-21 16:30:56,915][src.colmap_mapper][INFO] - I20260621 16:30:56.915986 0x1fde420c0 incremental_pipeline.cc:79] Retriangulation and Global bundle adjustment
[2026-06-21 16:30:56,930][src.colmap_mapper][INFO] - I20260621 16:30:56.930017 0x1fde420c0 incremental_pipeline.cc:537] Registering image #1 (num_reg_frames=5)
[2026-06-21 16:30:56,930][src.colmap_mapper][INFO] - I20260621 16:30:56.930020 0x1fde420c0 incremental_pipeline.cc:540] => Image sees 536 / 1825 points
[2026-06-21 16:30:56,983][src.colmap_mapper][INFO] - I20260621 16:30:56.983428 0x1fde420c0 incremental_pipeline.cc:79] Retriangulation and Global bundle adjustment
[2026-06-21 16:30:57,009][src.colmap_mapper][INFO] - I20260621 16:30:57.009207 0x1fde420c0 incremental_pipeline.cc:537] Registering image #7 (num_reg_frames=6)
[2026-06-21 16:30:57,009][src.colmap_mapper][INFO] - I20260621 16:30:57.009212 0x1fde420c0 incremental_pipeline.cc:540] => Image sees 436 / 1676 points
[2026-06-21 16:30:57,045][src.colmap_mapper][INFO] - I20260621 16:30:57.045193 0x1fde420c0 incremental_pipeline.cc:79] Retriangulation and Global bundle adjustment
[2026-06-21 16:30:57,081][src.colmap_mapper][INFO] - I20260621 16:30:57.081509 0x1fde420c0 incremental_pipeline.cc:537] Registering image #8 (num_reg_frames=7)
[2026-06-21 16:30:57,081][src.colmap_mapper][INFO] - I20260621 16:30:57.081514 0x1fde420c0 incremental_pipeline.cc:540] => Image sees 480 / 1376 points
[2026-06-21 16:30:57,115][src.colmap_mapper][INFO] - I20260621 16:30:57.115322 0x1fde420c0 incremental_pipeline.cc:79] Retriangulation and Global bundle adjustment
[2026-06-21 16:30:57,154][src.colmap_mapper][INFO] - I20260621 16:30:57.154513 0x1fde420c0 incremental_pipeline.cc:79] Retriangulation and Global bundle adjustment
[2026-06-21 16:30:57,163][src.colmap_mapper][INFO] - I20260621 16:30:57.163404 0x1fde420c0 incremental_pipeline.cc:723] Keeping successful reconstruction
[2026-06-21 16:30:57,165][src.colmap_mapper][INFO] - I20260621 16:30:57.165683 0x1fde420c0 timer.cc:90] Elapsed time: 0.008 [minutes]
[2026-06-21 16:30:57,168][src.colmap_mapper][INFO] - Sparse reconstruction completed successfully
[2026-06-21 16:30:57,168][__main__][INFO] - ✓ Sparse reconstruction completed
[2026-06-21 16:30:57,168][src.timing_recorder][INFO] - [TIMING] ✓ Completed: sparse_reconstruction (0.52s)
[2026-06-21 16:30:57,168][src.timing_recorder][INFO] - [TIMING] Starting: undistortion
[2026-06-21 16:30:57,168][__main__][INFO] - ============================================================
[2026-06-21 16:30:57,168][__main__][INFO] - STEP 5: Image Undistortion
[2026-06-21 16:30:57,168][__main__][INFO] - ============================================================
[2026-06-21 16:30:57,170][src.colmap_undistorter][INFO] - Undistorting images
[2026-06-21 16:30:57,170][src.colmap_undistorter][INFO] - Input model: /Users/bc/brendanchambers/2026-06-18-iphone-video-to-splat/data/intermediates/densify_sz0.01_gr0.0002/colmap_sfm_camera_model/sparse/0
[2026-06-21 16:30:57,170][src.colmap_undistorter][INFO] - Images: /Users/bc/brendanchambers/2026-06-18-iphone-video-to-splat/data/intermediates/densify_sz0.01_gr0.0002/colmap_sfm_camera_model/images
[2026-06-21 16:30:57,170][src.colmap_undistorter][INFO] - Output: /Users/bc/brendanchambers/2026-06-18-iphone-video-to-splat/data/intermediates/densify_sz0.01_gr0.0002/colmap_sfm_linearized
[2026-06-21 16:30:57,170][src.colmap_undistorter][INFO] - Running: colmap image_undistorter
[2026-06-21 16:30:57,219][src.colmap_undistorter][INFO] - I20260621 16:30:57.218592 0x1fde420c0 image.cc:368] === Reading reconstruction ===
[2026-06-21 16:30:57,220][src.colmap_undistorter][INFO] - I20260621 16:30:57.220764 0x1fde420c0 image.cc:371] => Reconstruction with 8 images and 2190 points
[2026-06-21 16:30:57,220][src.colmap_undistorter][INFO] - I20260621 16:30:57.220773 0x1fde420c0 undistorters.cc:166] === Image undistortion ===
[2026-06-21 16:30:57,221][src.colmap_undistorter][INFO] - I20260621 16:30:57.221030 0x1fde420c0 undistorters.cc:205] Undistorting image [1/8]
[2026-06-21 16:30:57,826][src.colmap_undistorter][INFO] - I20260621 16:30:57.826363 0x1fde420c0 undistorters.cc:205] Undistorting image [2/8]
[2026-06-21 16:30:57,826][src.colmap_undistorter][INFO] - I20260621 16:30:57.826399 0x1fde420c0 undistorters.cc:205] Undistorting image [3/8]
[2026-06-21 16:30:57,844][src.colmap_undistorter][INFO] - I20260621 16:30:57.844585 0x1fde420c0 undistorters.cc:205] Undistorting image [4/8]
[2026-06-21 16:30:57,844][src.colmap_undistorter][INFO] - I20260621 16:30:57.844593 0x1fde420c0 undistorters.cc:205] Undistorting image [5/8]
[2026-06-21 16:30:57,844][src.colmap_undistorter][INFO] - I20260621 16:30:57.844595 0x1fde420c0 undistorters.cc:205] Undistorting image [6/8]
[2026-06-21 16:30:57,844][src.colmap_undistorter][INFO] - I20260621 16:30:57.844596 0x1fde420c0 undistorters.cc:205] Undistorting image [7/8]
[2026-06-21 16:30:57,844][src.colmap_undistorter][INFO] - I20260621 16:30:57.844598 0x1fde420c0 undistorters.cc:205] Undistorting image [8/8]
[2026-06-21 16:30:57,844][src.colmap_undistorter][INFO] - I20260621 16:30:57.844599 0x1fde420c0 undistorters.cc:213] Writing reconstruction...
[2026-06-21 16:30:57,849][src.colmap_undistorter][INFO] - I20260621 16:30:57.849137 0x1fde420c0 undistorters.cc:218] Writing configuration...
[2026-06-21 16:30:57,849][src.colmap_undistorter][INFO] - I20260621 16:30:57.849241 0x1fde420c0 undistorters.cc:222] Writing scripts...
[2026-06-21 16:30:57,849][src.colmap_undistorter][INFO] - I20260621 16:30:57.849343 0x1fde420c0 timer.cc:90] Elapsed time: 0.010 [minutes]
[2026-06-21 16:30:57,852][src.colmap_undistorter][INFO] - Image undistortion completed successfully
[2026-06-21 16:30:57,852][__main__][INFO] - ✓ Image undistortion completed
[2026-06-21 16:30:57,852][src.timing_recorder][INFO] - [TIMING] ✓ Completed: undistortion (0.68s)
[2026-06-21 16:30:57,852][src.timing_recorder][INFO] - [TIMING] Starting: splat_training
[2026-06-21 16:30:57,852][__main__][INFO] - ============================================================
[2026-06-21 16:30:57,852][__main__][INFO] - STEP 6: OpenSplat Training
[2026-06-21 16:30:57,852][__main__][INFO] - ============================================================
[2026-06-21 16:30:57,854][src.opensplat_trainer][INFO] - Training 3D Gaussian Splat
[2026-06-21 16:30:57,854][src.opensplat_trainer][INFO] - Sparse model: /Users/bc/brendanchambers/2026-06-18-iphone-video-to-splat/data/intermediates/densify_sz0.01_gr0.0002/colmap_sfm_linearized/sparse
[2026-06-21 16:30:57,854][src.opensplat_trainer][INFO] - Images: /Users/bc/brendanchambers/2026-06-18-iphone-video-to-splat/data/intermediates/densify_sz0.01_gr0.0002/colmap_sfm_linearized/images
[2026-06-21 16:30:57,854][src.opensplat_trainer][INFO] - Output PLY: /Users/bc/brendanchambers/2026-06-18-iphone-video-to-splat/data/intermediates/densify_sz0.01_gr0.0002/colmap_sfm_linearized/splats/densify_sz0.01_gr0.0002_20260621_1630.ply
[2026-06-21 16:30:57,854][src.opensplat_trainer][INFO] - Training loss log: /Users/bc/brendanchambers/2026-06-18-iphone-video-to-splat/data/intermediates/densify_sz0.01_gr0.0002/colmap_sfm_linearized/splats/train_20260621_1630.jsonl
[2026-06-21 16:30:57,854][src.opensplat_trainer][INFO] - Validation loss log: /Users/bc/brendanchambers/2026-06-18-iphone-video-to-splat/data/intermediates/densify_sz0.01_gr0.0002/colmap_sfm_linearized/splats/val_20260621_1630.jsonl
[2026-06-21 16:30:57,855][src.opensplat_trainer][INFO] - Running: opensplat
[2026-06-21 16:30:57,998][src.opensplat_trainer][INFO] - Using MPS
[2026-06-21 16:30:58,000][src.opensplat_trainer][INFO] - Reading 2190 points
[2026-06-21 16:30:58,000][src.opensplat_trainer][INFO] - Loading /Users/bc/brendanchambers/2026-06-18-iphone-video-to-splat/data/intermediates/densify_sz0.01_gr0.0002/colmap_sfm_linearized/images/frame_0001.jpg
[2026-06-21 16:30:58,000][src.opensplat_trainer][INFO] - Loading /Users/bc/brendanchambers/2026-06-18-iphone-video-to-splat/data/intermediates/densify_sz0.01_gr0.0002/colmap_sfm_linearized/images/frame_0002.jpg
[2026-06-21 16:30:58,000][src.opensplat_trainer][INFO] - Loading /Users/bc/brendanchambers/2026-06-18-iphone-video-to-splat/data/intermediates/densify_sz0.01_gr0.0002/colmap_sfm_linearized/images/frame_0003.jpg
[2026-06-21 16:30:58,000][src.opensplat_trainer][INFO] - Loading /Users/bc/brendanchambers/2026-06-18-iphone-video-to-splat/data/intermediates/densify_sz0.01_gr0.0002/colmap_sfm_linearized/images/frame_0005.jpg
[2026-06-21 16:30:58,000][src.opensplat_trainer][INFO] - Loading /Users/bc/brendanchambers/2026-06-18-iphone-video-to-splat/data/intermediates/densify_sz0.01_gr0.0002/colmap_sfm_linearized/images/frame_0004.jpg
[2026-06-21 16:30:58,000][src.opensplat_trainer][INFO] - Loading /Users/bc/brendanchambers/2026-06-18-iphone-video-to-splat/data/intermediates/densify_sz0.01_gr0.0002/colmap_sfm_linearized/images/frame_0006.jpg
[2026-06-21 16:30:58,000][src.opensplat_trainer][INFO] - Loading /Users/bc/brendanchambers/2026-06-18-iphone-video-to-splat/data/intermediates/densify_sz0.01_gr0.0002/colmap_sfm_linearized/images/frame_0007.jpg
[2026-06-21 16:30:58,000][src.opensplat_trainer][INFO] - Loading /Users/bc/brendanchambers/2026-06-18-iphone-video-to-splat/data/intermediates/densify_sz0.01_gr0.0002/colmap_sfm_linearized/images/frame_0008.jpg
[2026-06-21 16:30:58,374][src.opensplat_trainer][INFO] - init_gsplat_metal_context: loading '/Users/bc/brendanchambers/2026-06-18-iphone-video-to-splat/opensplat/build/default.metallib'
[2026-06-21 16:30:58,374][src.opensplat_trainer][INFO] - init_gsplat_metal_context: loaded '/Users/bc/brendanchambers/2026-06-18-iphone-video-to-splat/opensplat/build/default.metallib', functions: compute_cov2d_bounds_kernel, project_gaussians_backward_kernel, get_tile_bin_edges_kernel, rasterize_backward_kernel, map_gaussian_to_intersects_kernel, nd_rasterize_backward_kernel, project_gaussians_forward_kernel, compute_sh_backward_kernel, compute_sh_forward_kernel, nd_rasterize_forward_kernel
[2026-06-21 16:30:58,374][src.opensplat_trainer][INFO] - init_gsplat_metal_context: load function nd_rasterize_backward_kernel with label: (null)
[2026-06-21 16:30:58,374][src.opensplat_trainer][INFO] - init_gsplat_metal_context: load function nd_rasterize_forward_kernel with label: (null)
[2026-06-21 16:30:58,374][src.opensplat_trainer][INFO] - init_gsplat_metal_context: load function rasterize_backward_kernel with label: (null)
[2026-06-21 16:30:58,374][src.opensplat_trainer][INFO] - init_gsplat_metal_context: load function project_gaussians_forward_kernel with label: (null)
[2026-06-21 16:30:58,374][src.opensplat_trainer][INFO] - init_gsplat_metal_context: load function project_gaussians_backward_kernel with label: (null)
[2026-06-21 16:30:58,374][src.opensplat_trainer][INFO] - init_gsplat_metal_context: load function compute_sh_forward_kernel with label: (null)
[2026-06-21 16:30:58,374][src.opensplat_trainer][INFO] - init_gsplat_metal_context: load function compute_sh_backward_kernel with label: (null)
[2026-06-21 16:30:58,374][src.opensplat_trainer][INFO] - init_gsplat_metal_context: load function compute_cov2d_bounds_kernel with label: (null)
[2026-06-21 16:30:58,374][src.opensplat_trainer][INFO] - init_gsplat_metal_context: load function map_gaussian_to_intersects_kernel with label: (null)
[2026-06-21 16:30:58,374][src.opensplat_trainer][INFO] - init_gsplat_metal_context: load function get_tile_bin_edges_kernel with label: (null)
[2026-06-21 16:30:58,374][src.opensplat_trainer][INFO] - Step 10: 0.335652 (20%)
[2026-06-21 16:30:58,594][src.opensplat_trainer][INFO] - Step 20: 0.316065 (40%)
[2026-06-21 16:30:58,791][src.opensplat_trainer][INFO] - Step 30: 0.283717 (60%)
[2026-06-21 16:30:58,984][src.opensplat_trainer][INFO] - Step 40: 0.30117 (80%)
[2026-06-21 16:30:59,203][src.opensplat_trainer][INFO] - Step 50: 0.302632 (100%)
[2026-06-21 16:30:59,218][src.opensplat_trainer][INFO] - Wrote /Users/bc/brendanchambers/2026-06-18-iphone-video-to-splat/data/intermediates/densify_sz0.01_gr0.0002/colmap_sfm_linearized/splats/cameras.json
[2026-06-21 16:30:59,226][src.opensplat_trainer][INFO] - Wrote /Users/bc/brendanchambers/2026-06-18-iphone-video-to-splat/data/intermediates/densify_sz0.01_gr0.0002/colmap_sfm_linearized/splats/densify_sz0.01_gr0.0002_20260621_1630.ply
[2026-06-21 16:30:59,239][src.opensplat_trainer][INFO] - /Users/bc/brendanchambers/2026-06-18-iphone-video-to-splat/data/intermediates/densify_sz0.01_gr0.0002/colmap_sfm_linearized/images/frame_0001.jpg validation loss: 0.344887
[2026-06-21 16:30:59,289][src.opensplat_trainer][INFO] - Parsed 5 training loss values to /Users/bc/brendanchambers/2026-06-18-iphone-video-to-splat/data/intermediates/densify_sz0.01_gr0.0002/colmap_sfm_linearized/splats/train_20260621_1630.jsonl
[2026-06-21 16:30:59,289][src.opensplat_trainer][INFO] - Captured validation loss: 0.344887 to /Users/bc/brendanchambers/2026-06-18-iphone-video-to-splat/data/intermediates/densify_sz0.01_gr0.0002/colmap_sfm_linearized/splats/val_20260621_1630.jsonl
[2026-06-21 16:30:59,289][src.opensplat_trainer][INFO] - Training completed successfully
[2026-06-21 16:30:59,289][src.opensplat_trainer][INFO] - Output saved to: /Users/bc/brendanchambers/2026-06-18-iphone-video-to-splat/data/intermediates/densify_sz0.01_gr0.0002/colmap_sfm_linearized/splats/densify_sz0.01_gr0.0002_20260621_1630.ply
[2026-06-21 16:30:59,289][__main__][INFO] - ✓ Splat training completed
[2026-06-21 16:30:59,289][__main__][INFO] - ============================================================
[2026-06-21 16:30:59,289][__main__][INFO] - Analyzing Training Loss
[2026-06-21 16:30:59,289][__main__][INFO] - ============================================================
[2026-06-21 16:30:59,349][src.timing_recorder][INFO] - [TIMING] ✓ Completed: splat_training (1.50s)
[2026-06-21 16:30:59,350][__main__][INFO] - 
[2026-06-21 16:30:59,350][__main__][INFO] - ╔==========================================================╗
[2026-06-21 16:30:59,350][__main__][INFO] - ║                    Pipeline Complete!                    ║
[2026-06-21 16:30:59,350][__main__][INFO] - ╚==========================================================╝
[2026-06-21 16:30:59,350][__main__][INFO] - Output directory: /Users/bc/brendanchambers/2026-06-18-iphone-video-to-splat/data/intermediates/densify_sz0.01_gr0.0002/colmap_sfm_linearized/splats
[2026-06-21 16:30:59,350][__main__][INFO] -   - PLY file: *.ply (3D Gaussian Splat)
[2026-06-21 16:30:59,350][__main__][INFO] -   - Loss log: *.jsonl (Training loss per step)
[2026-06-21 16:30:59,350][__main__][INFO] -   - Timing log: running-time_*.jsonl (Step execution times)
[2026-06-21 16:30:59,350][src.timing_recorder][INFO] - 
[2026-06-21 16:30:59,350][src.timing_recorder][INFO] - ======================================================================
[2026-06-21 16:30:59,350][src.timing_recorder][INFO] - PIPELINE EXECUTION TIMING SUMMARY
[2026-06-21 16:30:59,350][src.timing_recorder][INFO] - ======================================================================
[2026-06-21 16:30:59,350][src.timing_recorder][INFO] - ✓ frame_extraction              0.23s  (  5.4%)
[2026-06-21 16:30:59,350][src.timing_recorder][INFO] - ✓ feature_extraction            0.74s  ( 17.4%)
[2026-06-21 16:30:59,350][src.timing_recorder][INFO] - ✓ feature_matching              0.60s  ( 14.0%)
[2026-06-21 16:30:59,350][src.timing_recorder][INFO] - ✓ sparse_reconstruction         0.52s  ( 12.2%)
[2026-06-21 16:30:59,351][src.timing_recorder][INFO] - ✓ undistortion                  0.68s  ( 16.0%)
[2026-06-21 16:30:59,351][src.timing_recorder][INFO] - ✓ splat_training                1.50s  ( 35.0%)
[2026-06-21 16:30:59,351][src.timing_recorder][INFO] - ----------------------------------------------------------------------
[2026-06-21 16:30:59,351][src.timing_recorder][INFO] - TOTAL                           4.27s  (100.0%)
[2026-06-21 16:30:59,351][src.timing_recorder][INFO] - ======================================================================
[2026-06-21 16:30:59,351][src.timing_recorder][INFO] - 
[2026-06-21 16:30:59,351][src.timing_recorder][INFO] - [TIMING] Saved timing report to: /Users/bc/brendanchambers/2026-06-18-iphone-video-to-splat/data/intermediates/densify_sz0.01_gr0.0002/colmap_sfm_linearized/splats/running-time_20260621_1630.jsonl
[2026-06-21 16:30:59,352][__main__][INFO] - ============================================================
[2026-06-21 16:30:59,352][__main__][INFO] - Logging Experiment Results
[2026-06-21 16:30:59,352][__main__][INFO] - ============================================================
[2026-06-21 16:30:59,352][src.experiment_tracker][INFO] - Logged experiment to: /Users/bc/brendanchambers/2026-06-18-iphone-video-to-splat/reports/experiments/hparam_sweep.jsonl
[2026-06-21 16:30:59,352][__main__][INFO] - Experiment results logged to: /Users/bc/brendanchambers/2026-06-18-iphone-video-to-splat/reports/experiments/hparam_sweep.jsonl
[2026-06-21 16:30:59,352][__main__][INFO] -   Experiment: densify_sz0.01_gr0.0002
[2026-06-21 16:30:59,352][__main__][INFO] -   Group: hparam_sweep
[2026-06-21 16:30:59,352][__main__][INFO] -   Train loss: 0.302632
[2026-06-21 16:30:59,352][__main__][INFO] -   Total time: 4.27s (0.07m)
