[2026-06-21 17:28:06,622][__main__][INFO] - 
[2026-06-21 17:28:06,622][__main__][INFO] - ╔==========================================================╗
[2026-06-21 17:28:06,622][__main__][INFO] - ║          3D Gaussian Splat Training Pipeline              ║
[2026-06-21 17:28:06,622][__main__][INFO] - ╚==========================================================╝
[2026-06-21 17:28:06,622][__main__][INFO] - Experiment: densify_sz0.00025_gr0.0001
[2026-06-21 17:28:06,622][__main__][INFO] - Project dir: /Users/bc/brendanchambers/2026-06-18-iphone-video-to-splat
[2026-06-21 17:28:06,622][__main__][INFO] - 
[2026-06-21 17:28:06,622][src.timing_recorder][INFO] - [TIMING] Starting: frame_extraction
[2026-06-21 17:28:06,622][__main__][INFO] - ============================================================
[2026-06-21 17:28:06,622][__main__][INFO] - STEP 1: Frame Extraction
[2026-06-21 17:28:06,622][__main__][INFO] - ============================================================
[2026-06-21 17:28:06,622][src.frame_extractor][INFO] - Extracting frames from: /Users/bc/brendanchambers/2026-06-18-iphone-video-to-splat/data/incoming/movies/teensy.mov
[2026-06-21 17:28:06,623][src.frame_extractor][INFO] - Output directory: /Users/bc/brendanchambers/2026-06-18-iphone-video-to-splat/data/intermediates/densify_sz0.00025_gr0.0001/colmap_sfm_camera_model/images
[2026-06-21 17:28:06,623][src.frame_extractor][INFO] - Extracting frames at 2 fps
[2026-06-21 17:28:06,623][src.frame_extractor][INFO] - Running command: ffmpeg -i /Users/bc/brendanchambers/2026-06-18-iphone-video-to-splat/data/incoming/movies/teensy.mov -vf fps=2 -q:v 5 /Users/bc/brendanchambers/2026-06-18-iphone-video-to-splat/data/intermediates/densify_sz0.00025_gr0.0001/colmap_sfm_camera_model/images/frame_%04d.jpg
[2026-06-21 17:28:06,639][src.frame_extractor][INFO] - ffmpeg version 8.1.2 Copyright (c) 2000-2026 the FFmpeg developers
[2026-06-21 17:28:06,639][src.frame_extractor][INFO] -   built with Apple clang version 17.0.0 (clang-1700.6.4.2)
[2026-06-21 17:28:06,639][src.frame_extractor][INFO] -   configuration: --prefix=/opt/homebrew/Cellar/ffmpeg/8.1.2 --enable-shared --enable-pthreads --enable-version3 --cc=clang --host-cflags= --host-ldflags= --enable-ffplay --enable-gpl --enable-libsvtav1 --enable-libopus --enable-libx264 --enable-libmp3lame --enable-libdav1d --enable-libvmaf --enable-libvpx --enable-libx265 --enable-openssl --enable-videotoolbox --enable-audiotoolbox --enable-neon
[2026-06-21 17:28:06,639][src.frame_extractor][INFO] -   libavutil      60. 26.102 / 60. 26.102
[2026-06-21 17:28:06,639][src.frame_extractor][INFO] -   libavcodec     62. 28.102 / 62. 28.102
[2026-06-21 17:28:06,639][src.frame_extractor][INFO] -   libavformat    62. 12.102 / 62. 12.102
[2026-06-21 17:28:06,639][src.frame_extractor][INFO] -   libavdevice    62.  3.102 / 62.  3.102
[2026-06-21 17:28:06,639][src.frame_extractor][INFO] -   libavfilter    11. 14.102 / 11. 14.102
[2026-06-21 17:28:06,639][src.frame_extractor][INFO] -   libswscale      9.  5.102 /  9.  5.102
[2026-06-21 17:28:06,639][src.frame_extractor][INFO] -   libswresample   6.  3.102 /  6.  3.102
[2026-06-21 17:28:06,654][src.frame_extractor][INFO] - Input #0, mov,mp4,m4a,3gp,3g2,mj2, from '/Users/bc/brendanchambers/2026-06-18-iphone-video-to-splat/data/incoming/movies/teensy.mov':
[2026-06-21 17:28:06,654][src.frame_extractor][INFO] -   Metadata:
[2026-06-21 17:28:06,654][src.frame_extractor][INFO] -     major_brand     : qt
[2026-06-21 17:28:06,654][src.frame_extractor][INFO] -     minor_version   : 512
[2026-06-21 17:28:06,654][src.frame_extractor][INFO] -     compatible_brands: qt
[2026-06-21 17:28:06,654][src.frame_extractor][INFO] -     encoder         : Lavf62.12.102
[2026-06-21 17:28:06,654][src.frame_extractor][INFO] -   Duration: 00:00:04.01, start: 0.000000, bitrate: 19786 kb/s
[2026-06-21 17:28:06,654][src.frame_extractor][INFO] -   Stream #0:0[0x1]: Video: h264 (High) (avc1 / 0x31637661), yuv420p(tv, bt709, progressive), 1080x1920, 19646 kb/s, 29.67 fps, 29.67 tbr, 11392 tbn (default)
[2026-06-21 17:28:06,654][src.frame_extractor][INFO] -     Metadata:
[2026-06-21 17:28:06,654][src.frame_extractor][INFO] -       handler_name    : Core Media Video
[2026-06-21 17:28:06,654][src.frame_extractor][INFO] -       vendor_id       : FFMP
[2026-06-21 17:28:06,654][src.frame_extractor][INFO] -       encoder         : Lavc62.28.102 libx264
[2026-06-21 17:28:06,654][src.frame_extractor][INFO] -   Stream #0:1[0x2]: Audio: aac (LC) (mp4a / 0x6134706D), 48000 Hz, stereo, fltp, 128 kb/s (default)
[2026-06-21 17:28:06,654][src.frame_extractor][INFO] -     Metadata:
[2026-06-21 17:28:06,654][src.frame_extractor][INFO] -       handler_name    : Core Media Audio
[2026-06-21 17:28:06,654][src.frame_extractor][INFO] -       vendor_id       : [0][0][0][0]
[2026-06-21 17:28:06,654][src.frame_extractor][INFO] - Stream mapping:
[2026-06-21 17:28:06,655][src.frame_extractor][INFO] -   Stream #0:0 -> #0:0 (h264 (native) -> mjpeg (native))
[2026-06-21 17:28:06,655][src.frame_extractor][INFO] - Press [q] to stop, [?] for help
[2026-06-21 17:28:06,705][src.frame_extractor][INFO] - Output #0, image2, to '/Users/bc/brendanchambers/2026-06-18-iphone-video-to-splat/data/intermediates/densify_sz0.00025_gr0.0001/colmap_sfm_camera_model/images/frame_%04d.jpg':
[2026-06-21 17:28:06,705][src.frame_extractor][INFO] -   Metadata:
[2026-06-21 17:28:06,705][src.frame_extractor][INFO] -     major_brand     : qt
[2026-06-21 17:28:06,705][src.frame_extractor][INFO] -     minor_version   : 512
[2026-06-21 17:28:06,705][src.frame_extractor][INFO] -     compatible_brands: qt
[2026-06-21 17:28:06,705][src.frame_extractor][INFO] -     encoder         : Lavf62.12.102
[2026-06-21 17:28:06,705][src.frame_extractor][INFO] -   Stream #0:0: Video: mjpeg, yuv420p(pc, bt709, progressive), 1080x1920, q=2-31, 200 kb/s, 2 fps, 2 tbn (default)
[2026-06-21 17:28:06,705][src.frame_extractor][INFO] -     Metadata:
[2026-06-21 17:28:06,705][src.frame_extractor][INFO] -       encoder         : Lavc62.28.102 mjpeg
[2026-06-21 17:28:06,705][src.frame_extractor][INFO] -       handler_name    : Core Media Video
[2026-06-21 17:28:06,705][src.frame_extractor][INFO] -       vendor_id       : FFMP
[2026-06-21 17:28:06,705][src.frame_extractor][INFO] -     Side data:
[2026-06-21 17:28:06,705][src.frame_extractor][INFO] -       CPB properties: bitrate max/min/avg: 0/0/200000 buffer size: 0 vbv_delay: N/A
[2026-06-21 17:28:06,851][src.frame_extractor][INFO] - [out#0/image2 @ 0x6000017a06c0] video:3120KiB audio:0KiB subtitle:0KiB other streams:0KiB global headers:0KiB muxing overhead: unknown
[2026-06-21 17:28:06,851][src.frame_extractor][INFO] - frame=    8 fps=0.0 q=5.0 Lsize=N/A time=00:00:04.00 bitrate=N/A speed=20.4x elapsed=0:00:00.19
[2026-06-21 17:28:06,854][src.frame_extractor][INFO] - Successfully extracted 8 frames
[2026-06-21 17:28:06,854][__main__][INFO] - ✓ Frame extraction completed
[2026-06-21 17:28:06,854][src.timing_recorder][INFO] - [TIMING] ✓ Completed: frame_extraction (0.23s)
[2026-06-21 17:28:06,854][src.timing_recorder][INFO] - [TIMING] Starting: feature_extraction
[2026-06-21 17:28:06,854][__main__][INFO] - ============================================================
[2026-06-21 17:28:06,854][__main__][INFO] - STEP 2: Feature Extraction
[2026-06-21 17:28:06,854][__main__][INFO] - ============================================================
[2026-06-21 17:28:06,855][src.colmap_feature_extractor][INFO] - Extracting features from images: /Users/bc/brendanchambers/2026-06-18-iphone-video-to-splat/data/intermediates/densify_sz0.00025_gr0.0001/colmap_sfm_camera_model/images
[2026-06-21 17:28:06,855][src.colmap_feature_extractor][INFO] - Database: /Users/bc/brendanchambers/2026-06-18-iphone-video-to-splat/data/intermediates/densify_sz0.00025_gr0.0001/colmap_sfm_camera_model/database.db
[2026-06-21 17:28:06,855][src.colmap_feature_extractor][INFO] - Running: colmap feature_extractor
[2026-06-21 17:28:07,024][src.colmap_feature_extractor][INFO] - I20260621 17:28:07.023083 0x16d807000 feature_extraction.cc:504] === Feature extraction ===
[2026-06-21 17:28:07,037][src.colmap_feature_extractor][INFO] - I20260621 17:28:07.037546 0x16de0b000 sift.cc:757] Creating SIFT GPU feature extractor
[2026-06-21 17:28:07,180][src.colmap_feature_extractor][INFO] - I20260621 17:28:07.180328 0x16de97000 feature_extraction.cc:282] Processed file [1/8]
[2026-06-21 17:28:07,180][src.colmap_feature_extractor][INFO] - I20260621 17:28:07.180343 0x16de97000 feature_extraction.cc:285]   Name:            frame_0001.jpg
[2026-06-21 17:28:07,180][src.colmap_feature_extractor][INFO] - I20260621 17:28:07.180345 0x16de97000 feature_extraction.cc:294]   Dimensions:      1080 x 1920
[2026-06-21 17:28:07,180][src.colmap_feature_extractor][INFO] - I20260621 17:28:07.180354 0x16de97000 feature_extraction.cc:297]   Camera:          #1 - RADIAL
[2026-06-21 17:28:07,180][src.colmap_feature_extractor][INFO] - I20260621 17:28:07.180359 0x16de97000 feature_extraction.cc:300]   Focal Length:    2304.00px
[2026-06-21 17:28:07,180][src.colmap_feature_extractor][INFO] - I20260621 17:28:07.180363 0x16de97000 feature_extraction.cc:304]   Features:        4449 (SIFT)
[2026-06-21 17:28:07,237][src.colmap_feature_extractor][INFO] - I20260621 17:28:07.237714 0x16de97000 feature_extraction.cc:282] Processed file [2/8]
[2026-06-21 17:28:07,237][src.colmap_feature_extractor][INFO] - I20260621 17:28:07.237728 0x16de97000 feature_extraction.cc:285]   Name:            frame_0002.jpg
[2026-06-21 17:28:07,237][src.colmap_feature_extractor][INFO] - I20260621 17:28:07.237730 0x16de97000 feature_extraction.cc:294]   Dimensions:      1080 x 1920
[2026-06-21 17:28:07,237][src.colmap_feature_extractor][INFO] - I20260621 17:28:07.237732 0x16de97000 feature_extraction.cc:297]   Camera:          #1 - RADIAL
[2026-06-21 17:28:07,237][src.colmap_feature_extractor][INFO] - I20260621 17:28:07.237740 0x16de97000 feature_extraction.cc:300]   Focal Length:    2304.00px
[2026-06-21 17:28:07,237][src.colmap_feature_extractor][INFO] - I20260621 17:28:07.237746 0x16de97000 feature_extraction.cc:304]   Features:        4766 (SIFT)
[2026-06-21 17:28:07,292][src.colmap_feature_extractor][INFO] - I20260621 17:28:07.292876 0x16de97000 feature_extraction.cc:282] Processed file [3/8]
[2026-06-21 17:28:07,293][src.colmap_feature_extractor][INFO] - I20260621 17:28:07.292892 0x16de97000 feature_extraction.cc:285]   Name:            frame_0003.jpg
[2026-06-21 17:28:07,293][src.colmap_feature_extractor][INFO] - I20260621 17:28:07.292894 0x16de97000 feature_extraction.cc:294]   Dimensions:      1080 x 1920
[2026-06-21 17:28:07,293][src.colmap_feature_extractor][INFO] - I20260621 17:28:07.292895 0x16de97000 feature_extraction.cc:297]   Camera:          #1 - RADIAL
[2026-06-21 17:28:07,293][src.colmap_feature_extractor][INFO] - I20260621 17:28:07.292897 0x16de97000 feature_extraction.cc:300]   Focal Length:    2304.00px
[2026-06-21 17:28:07,293][src.colmap_feature_extractor][INFO] - I20260621 17:28:07.292900 0x16de97000 feature_extraction.cc:304]   Features:        5561 (SIFT)
[2026-06-21 17:28:07,348][src.colmap_feature_extractor][INFO] - I20260621 17:28:07.348094 0x16de97000 feature_extraction.cc:282] Processed file [4/8]
[2026-06-21 17:28:07,348][src.colmap_feature_extractor][INFO] - I20260621 17:28:07.348115 0x16de97000 feature_extraction.cc:285]   Name:            frame_0004.jpg
[2026-06-21 17:28:07,348][src.colmap_feature_extractor][INFO] - I20260621 17:28:07.348121 0x16de97000 feature_extraction.cc:294]   Dimensions:      1080 x 1920
[2026-06-21 17:28:07,348][src.colmap_feature_extractor][INFO] - I20260621 17:28:07.348123 0x16de97000 feature_extraction.cc:297]   Camera:          #1 - RADIAL
[2026-06-21 17:28:07,348][src.colmap_feature_extractor][INFO] - I20260621 17:28:07.348125 0x16de97000 feature_extraction.cc:300]   Focal Length:    2304.00px
[2026-06-21 17:28:07,348][src.colmap_feature_extractor][INFO] - I20260621 17:28:07.348128 0x16de97000 feature_extraction.cc:304]   Features:        6351 (SIFT)
[2026-06-21 17:28:07,402][src.colmap_feature_extractor][INFO] - I20260621 17:28:07.401996 0x16de97000 feature_extraction.cc:282] Processed file [5/8]
[2026-06-21 17:28:07,402][src.colmap_feature_extractor][INFO] - I20260621 17:28:07.402012 0x16de97000 feature_extraction.cc:285]   Name:            frame_0005.jpg
[2026-06-21 17:28:07,402][src.colmap_feature_extractor][INFO] - I20260621 17:28:07.402014 0x16de97000 feature_extraction.cc:294]   Dimensions:      1080 x 1920
[2026-06-21 17:28:07,402][src.colmap_feature_extractor][INFO] - I20260621 17:28:07.402016 0x16de97000 feature_extraction.cc:297]   Camera:          #1 - RADIAL
[2026-06-21 17:28:07,402][src.colmap_feature_extractor][INFO] - I20260621 17:28:07.402018 0x16de97000 feature_extraction.cc:300]   Focal Length:    2304.00px
[2026-06-21 17:28:07,402][src.colmap_feature_extractor][INFO] - I20260621 17:28:07.402021 0x16de97000 feature_extraction.cc:304]   Features:        4609 (SIFT)
[2026-06-21 17:28:07,456][src.colmap_feature_extractor][INFO] - I20260621 17:28:07.456259 0x16de97000 feature_extraction.cc:282] Processed file [6/8]
[2026-06-21 17:28:07,456][src.colmap_feature_extractor][INFO] - I20260621 17:28:07.456274 0x16de97000 feature_extraction.cc:285]   Name:            frame_0006.jpg
[2026-06-21 17:28:07,456][src.colmap_feature_extractor][INFO] - I20260621 17:28:07.456276 0x16de97000 feature_extraction.cc:294]   Dimensions:      1080 x 1920
[2026-06-21 17:28:07,456][src.colmap_feature_extractor][INFO] - I20260621 17:28:07.456290 0x16de97000 feature_extraction.cc:297]   Camera:          #1 - RADIAL
[2026-06-21 17:28:07,456][src.colmap_feature_extractor][INFO] - I20260621 17:28:07.456292 0x16de97000 feature_extraction.cc:300]   Focal Length:    2304.00px
[2026-06-21 17:28:07,456][src.colmap_feature_extractor][INFO] - I20260621 17:28:07.456295 0x16de97000 feature_extraction.cc:304]   Features:        4916 (SIFT)
[2026-06-21 17:28:07,510][src.colmap_feature_extractor][INFO] - I20260621 17:28:07.510487 0x16de97000 feature_extraction.cc:282] Processed file [7/8]
[2026-06-21 17:28:07,510][src.colmap_feature_extractor][INFO] - I20260621 17:28:07.510505 0x16de97000 feature_extraction.cc:285]   Name:            frame_0007.jpg
[2026-06-21 17:28:07,510][src.colmap_feature_extractor][INFO] - I20260621 17:28:07.510507 0x16de97000 feature_extraction.cc:294]   Dimensions:      1080 x 1920
[2026-06-21 17:28:07,510][src.colmap_feature_extractor][INFO] - I20260621 17:28:07.510509 0x16de97000 feature_extraction.cc:297]   Camera:          #1 - RADIAL
[2026-06-21 17:28:07,510][src.colmap_feature_extractor][INFO] - I20260621 17:28:07.510511 0x16de97000 feature_extraction.cc:300]   Focal Length:    2304.00px
[2026-06-21 17:28:07,510][src.colmap_feature_extractor][INFO] - I20260621 17:28:07.510514 0x16de97000 feature_extraction.cc:304]   Features:        4134 (SIFT)
[2026-06-21 17:28:07,567][src.colmap_feature_extractor][INFO] - I20260621 17:28:07.567702 0x16de97000 feature_extraction.cc:282] Processed file [8/8]
[2026-06-21 17:28:07,567][src.colmap_feature_extractor][INFO] - I20260621 17:28:07.567753 0x16de97000 feature_extraction.cc:285]   Name:            frame_0008.jpg
[2026-06-21 17:28:07,567][src.colmap_feature_extractor][INFO] - I20260621 17:28:07.567756 0x16de97000 feature_extraction.cc:294]   Dimensions:      1080 x 1920
[2026-06-21 17:28:07,567][src.colmap_feature_extractor][INFO] - I20260621 17:28:07.567758 0x16de97000 feature_extraction.cc:297]   Camera:          #1 - RADIAL
[2026-06-21 17:28:07,567][src.colmap_feature_extractor][INFO] - I20260621 17:28:07.567760 0x16de97000 feature_extraction.cc:300]   Focal Length:    2304.00px
[2026-06-21 17:28:07,567][src.colmap_feature_extractor][INFO] - I20260621 17:28:07.567763 0x16de97000 feature_extraction.cc:304]   Features:        6773 (SIFT)
[2026-06-21 17:28:07,573][src.colmap_feature_extractor][INFO] - I20260621 17:28:07.573082 0x16d807000 timer.cc:90] Elapsed time: 0.009 [minutes]
[2026-06-21 17:28:07,593][src.colmap_feature_extractor][INFO] - Feature extraction completed successfully
[2026-06-21 17:28:07,593][__main__][INFO] - ✓ Feature extraction completed
[2026-06-21 17:28:07,593][src.timing_recorder][INFO] - [TIMING] ✓ Completed: feature_extraction (0.74s)
[2026-06-21 17:28:07,593][src.timing_recorder][INFO] - [TIMING] Starting: feature_matching
[2026-06-21 17:28:07,593][__main__][INFO] - ============================================================
[2026-06-21 17:28:07,593][__main__][INFO] - STEP 3: Feature Matching
[2026-06-21 17:28:07,593][__main__][INFO] - ============================================================
[2026-06-21 17:28:07,594][src.colmap_feature_matcher][INFO] - Matching features in database: /Users/bc/brendanchambers/2026-06-18-iphone-video-to-splat/data/intermediates/densify_sz0.00025_gr0.0001/colmap_sfm_camera_model/database.db
[2026-06-21 17:28:07,594][src.colmap_feature_matcher][INFO] - Running: colmap sequential_matcher
[2026-06-21 17:28:07,759][src.colmap_feature_matcher][INFO] - I20260621 17:28:07.759163 0x16f713000 feature_matching.cc:195] === Feature matching & geometric verification ===
[2026-06-21 17:28:07,773][src.colmap_feature_matcher][INFO] - I20260621 17:28:07.773653 0x16f79f000 sift.cc:1559] Creating SIFT GPU feature matcher
[2026-06-21 17:28:07,798][src.colmap_feature_matcher][INFO] - I20260621 17:28:07.798571 0x16f713000 pairing.cc:415] Generating sequential image pairs...
[2026-06-21 17:28:07,798][src.colmap_feature_matcher][INFO] - I20260621 17:28:07.798658 0x16f713000 pairing.cc:473] Processing image [1/8]
[2026-06-21 17:28:07,869][src.colmap_feature_matcher][INFO] - I20260621 17:28:07.869359 0x16f713000 feature_matching.cc:217] in 0.071s
[2026-06-21 17:28:07,869][src.colmap_feature_matcher][INFO] - I20260621 17:28:07.869370 0x16f713000 pairing.cc:473] Processing image [2/8]
[2026-06-21 17:28:07,928][src.colmap_feature_matcher][INFO] - I20260621 17:28:07.928114 0x16f713000 feature_matching.cc:217] in 0.059s
[2026-06-21 17:28:07,928][src.colmap_feature_matcher][INFO] - I20260621 17:28:07.928121 0x16f713000 pairing.cc:473] Processing image [3/8]
[2026-06-21 17:28:07,990][src.colmap_feature_matcher][INFO] - I20260621 17:28:07.990497 0x16f713000 feature_matching.cc:217] in 0.062s
[2026-06-21 17:28:07,990][src.colmap_feature_matcher][INFO] - I20260621 17:28:07.990505 0x16f713000 pairing.cc:473] Processing image [4/8]
[2026-06-21 17:28:08,063][src.colmap_feature_matcher][INFO] - I20260621 17:28:08.063543 0x16f713000 feature_matching.cc:217] in 0.073s
[2026-06-21 17:28:08,063][src.colmap_feature_matcher][INFO] - I20260621 17:28:08.063554 0x16f713000 pairing.cc:473] Processing image [5/8]
[2026-06-21 17:28:08,095][src.colmap_feature_matcher][INFO] - I20260621 17:28:08.095576 0x16f713000 feature_matching.cc:217] in 0.032s
[2026-06-21 17:28:08,095][src.colmap_feature_matcher][INFO] - I20260621 17:28:08.095583 0x16f713000 pairing.cc:473] Processing image [6/8]
[2026-06-21 17:28:08,136][src.colmap_feature_matcher][INFO] - I20260621 17:28:08.136032 0x16f713000 feature_matching.cc:217] in 0.040s
[2026-06-21 17:28:08,136][src.colmap_feature_matcher][INFO] - I20260621 17:28:08.136037 0x16f713000 pairing.cc:473] Processing image [7/8]
[2026-06-21 17:28:08,158][src.colmap_feature_matcher][INFO] - I20260621 17:28:08.158114 0x16f713000 feature_matching.cc:217] in 0.022s
[2026-06-21 17:28:08,158][src.colmap_feature_matcher][INFO] - I20260621 17:28:08.158119 0x16f713000 pairing.cc:473] Processing image [8/8]
[2026-06-21 17:28:08,158][src.colmap_feature_matcher][INFO] - I20260621 17:28:08.158121 0x16f713000 feature_matching.cc:217] in 0.000s
[2026-06-21 17:28:08,158][src.colmap_feature_matcher][INFO] - I20260621 17:28:08.158124 0x16f713000 timer.cc:90] Elapsed time: 0.007 [minutes]
[2026-06-21 17:28:08,167][src.colmap_feature_matcher][INFO] - Feature matching completed successfully
[2026-06-21 17:28:08,167][__main__][INFO] - ✓ Feature matching completed
[2026-06-21 17:28:08,167][src.timing_recorder][INFO] - [TIMING] ✓ Completed: feature_matching (0.57s)
[2026-06-21 17:28:08,167][src.timing_recorder][INFO] - [TIMING] Starting: sparse_reconstruction
[2026-06-21 17:28:08,167][__main__][INFO] - ============================================================
[2026-06-21 17:28:08,167][__main__][INFO] - STEP 4: Sparse Reconstruction
[2026-06-21 17:28:08,167][__main__][INFO] - ============================================================
[2026-06-21 17:28:08,169][src.colmap_mapper][INFO] - Performing sparse reconstruction
[2026-06-21 17:28:08,169][src.colmap_mapper][INFO] - Database: /Users/bc/brendanchambers/2026-06-18-iphone-video-to-splat/data/intermediates/densify_sz0.00025_gr0.0001/colmap_sfm_camera_model/database.db
[2026-06-21 17:28:08,169][src.colmap_mapper][INFO] - Images: /Users/bc/brendanchambers/2026-06-18-iphone-video-to-splat/data/intermediates/densify_sz0.00025_gr0.0001/colmap_sfm_camera_model/images
[2026-06-21 17:28:08,169][src.colmap_mapper][INFO] - Output: /Users/bc/brendanchambers/2026-06-18-iphone-video-to-splat/data/intermediates/densify_sz0.00025_gr0.0001/colmap_sfm_camera_model/sparse
[2026-06-21 17:28:08,169][src.colmap_mapper][INFO] - Running: colmap mapper
[2026-06-21 17:28:08,220][src.colmap_mapper][INFO] - I20260621 17:28:08.219678 0x1fde420c0 incremental_pipeline.cc:278] Loading database
[2026-06-21 17:28:08,220][src.colmap_mapper][INFO] - I20260621 17:28:08.220328 0x1fde420c0 database_cache.cc:72] Loading rigs...
[2026-06-21 17:28:08,220][src.colmap_mapper][INFO] - I20260621 17:28:08.220349 0x1fde420c0 database_cache.cc:82]  1 in 0.000s
[2026-06-21 17:28:08,220][src.colmap_mapper][INFO] - I20260621 17:28:08.220352 0x1fde420c0 database_cache.cc:90] Loading cameras...
[2026-06-21 17:28:08,220][src.colmap_mapper][INFO] - I20260621 17:28:08.220360 0x1fde420c0 database_cache.cc:108]  1 in 0.000s
[2026-06-21 17:28:08,220][src.colmap_mapper][INFO] - I20260621 17:28:08.220362 0x1fde420c0 database_cache.cc:116] Loading frames...
[2026-06-21 17:28:08,220][src.colmap_mapper][INFO] - I20260621 17:28:08.220379 0x1fde420c0 database_cache.cc:126]  8 in 0.000s
[2026-06-21 17:28:08,220][src.colmap_mapper][INFO] - I20260621 17:28:08.220381 0x1fde420c0 database_cache.cc:134] Loading matches...
[2026-06-21 17:28:08,220][src.colmap_mapper][INFO] - I20260621 17:28:08.220441 0x1fde420c0 database_cache.cc:139]  17 in 0.000s
[2026-06-21 17:28:08,220][src.colmap_mapper][INFO] - I20260621 17:28:08.220443 0x1fde420c0 database_cache.cc:147] Loading images...
[2026-06-21 17:28:08,220][src.colmap_mapper][INFO] - I20260621 17:28:08.220971 0x1fde420c0 database_cache.cc:241]  8 in 0.001s (connected 8, loaded 8)
[2026-06-21 17:28:08,221][src.colmap_mapper][INFO] - I20260621 17:28:08.220976 0x1fde420c0 database_cache.cc:255] Loading pose priors...
[2026-06-21 17:28:08,221][src.colmap_mapper][INFO] - I20260621 17:28:08.220983 0x1fde420c0 database_cache.cc:263]  0 in 0.000s
[2026-06-21 17:28:08,221][src.colmap_mapper][INFO] - I20260621 17:28:08.220984 0x1fde420c0 database_cache.cc:271] Building correspondence graph...
[2026-06-21 17:28:08,221][src.colmap_mapper][INFO] - I20260621 17:28:08.221813 0x1fde420c0 database_cache.cc:300]  in 0.001s (ignored 0)
[2026-06-21 17:28:08,221][src.colmap_mapper][INFO] - I20260621 17:28:08.221816 0x1fde420c0 timer.cc:90] Elapsed time: 0.000 [minutes]
[2026-06-21 17:28:08,221][src.colmap_mapper][INFO] - I20260621 17:28:08.221910 0x1fde420c0 incremental_pipeline.cc:390] Finding good initial image pair
[2026-06-21 17:28:08,233][src.colmap_mapper][INFO] - I20260621 17:28:08.233349 0x1fde420c0 incremental_pipeline.cc:414] Registering initial image pair #4 and #2
[2026-06-21 17:28:08,234][src.colmap_mapper][INFO] - I20260621 17:28:08.234005 0x1fde420c0 incremental_pipeline.cc:432] Global bundle adjustment
[2026-06-21 17:28:08,256][src.colmap_mapper][INFO] - I20260621 17:28:08.256937 0x1fde420c0 incremental_pipeline.cc:537] Registering image #3 (num_reg_frames=2)
[2026-06-21 17:28:08,256][src.colmap_mapper][INFO] - I20260621 17:28:08.256943 0x1fde420c0 incremental_pipeline.cc:540] => Image sees 149 / 1892 points
[2026-06-21 17:28:08,304][src.colmap_mapper][INFO] - I20260621 17:28:08.304299 0x1fde420c0 incremental_pipeline.cc:79] Retriangulation and Global bundle adjustment
[2026-06-21 17:28:08,319][src.colmap_mapper][INFO] - I20260621 17:28:08.319266 0x1fde420c0 incremental_pipeline.cc:537] Registering image #6 (num_reg_frames=3)
[2026-06-21 17:28:08,319][src.colmap_mapper][INFO] - I20260621 17:28:08.319271 0x1fde420c0 incremental_pipeline.cc:540] => Image sees 496 / 2128 points
[2026-06-21 17:28:08,374][src.colmap_mapper][INFO] - I20260621 17:28:08.374640 0x1fde420c0 incremental_pipeline.cc:79] Retriangulation and Global bundle adjustment
[2026-06-21 17:28:08,396][src.colmap_mapper][INFO] - I20260621 17:28:08.396971 0x1fde420c0 incremental_pipeline.cc:537] Registering image #5 (num_reg_frames=4)
[2026-06-21 17:28:08,397][src.colmap_mapper][INFO] - I20260621 17:28:08.396976 0x1fde420c0 incremental_pipeline.cc:540] => Image sees 1052 / 2461 points
[2026-06-21 17:28:08,445][src.colmap_mapper][INFO] - I20260621 17:28:08.445068 0x1fde420c0 incremental_pipeline.cc:79] Retriangulation and Global bundle adjustment
[2026-06-21 17:28:08,461][src.colmap_mapper][INFO] - I20260621 17:28:08.461934 0x1fde420c0 incremental_pipeline.cc:537] Registering image #1 (num_reg_frames=5)
[2026-06-21 17:28:08,462][src.colmap_mapper][INFO] - I20260621 17:28:08.461943 0x1fde420c0 incremental_pipeline.cc:540] => Image sees 536 / 1825 points
[2026-06-21 17:28:08,514][src.colmap_mapper][INFO] - I20260621 17:28:08.514425 0x1fde420c0 incremental_pipeline.cc:79] Retriangulation and Global bundle adjustment
[2026-06-21 17:28:08,540][src.colmap_mapper][INFO] - I20260621 17:28:08.540323 0x1fde420c0 incremental_pipeline.cc:537] Registering image #7 (num_reg_frames=6)
[2026-06-21 17:28:08,540][src.colmap_mapper][INFO] - I20260621 17:28:08.540330 0x1fde420c0 incremental_pipeline.cc:540] => Image sees 436 / 1676 points
[2026-06-21 17:28:08,576][src.colmap_mapper][INFO] - I20260621 17:28:08.576530 0x1fde420c0 incremental_pipeline.cc:79] Retriangulation and Global bundle adjustment
[2026-06-21 17:28:08,613][src.colmap_mapper][INFO] - I20260621 17:28:08.613271 0x1fde420c0 incremental_pipeline.cc:537] Registering image #8 (num_reg_frames=7)
[2026-06-21 17:28:08,613][src.colmap_mapper][INFO] - I20260621 17:28:08.613277 0x1fde420c0 incremental_pipeline.cc:540] => Image sees 480 / 1376 points
[2026-06-21 17:28:08,647][src.colmap_mapper][INFO] - I20260621 17:28:08.647259 0x1fde420c0 incremental_pipeline.cc:79] Retriangulation and Global bundle adjustment
[2026-06-21 17:28:08,686][src.colmap_mapper][INFO] - I20260621 17:28:08.686952 0x1fde420c0 incremental_pipeline.cc:79] Retriangulation and Global bundle adjustment
[2026-06-21 17:28:08,695][src.colmap_mapper][INFO] - I20260621 17:28:08.695804 0x1fde420c0 incremental_pipeline.cc:723] Keeping successful reconstruction
[2026-06-21 17:28:08,698][src.colmap_mapper][INFO] - I20260621 17:28:08.698202 0x1fde420c0 timer.cc:90] Elapsed time: 0.008 [minutes]
[2026-06-21 17:28:08,701][src.colmap_mapper][INFO] - Sparse reconstruction completed successfully
[2026-06-21 17:28:08,701][__main__][INFO] - ✓ Sparse reconstruction completed
[2026-06-21 17:28:08,702][src.timing_recorder][INFO] - [TIMING] ✓ Completed: sparse_reconstruction (0.53s)
[2026-06-21 17:28:08,702][src.timing_recorder][INFO] - [TIMING] Starting: undistortion
[2026-06-21 17:28:08,702][__main__][INFO] - ============================================================
[2026-06-21 17:28:08,702][__main__][INFO] - STEP 5: Image Undistortion
[2026-06-21 17:28:08,702][__main__][INFO] - ============================================================
[2026-06-21 17:28:08,703][src.colmap_undistorter][INFO] - Undistorting images
[2026-06-21 17:28:08,703][src.colmap_undistorter][INFO] - Input model: /Users/bc/brendanchambers/2026-06-18-iphone-video-to-splat/data/intermediates/densify_sz0.00025_gr0.0001/colmap_sfm_camera_model/sparse/0
[2026-06-21 17:28:08,703][src.colmap_undistorter][INFO] - Images: /Users/bc/brendanchambers/2026-06-18-iphone-video-to-splat/data/intermediates/densify_sz0.00025_gr0.0001/colmap_sfm_camera_model/images
[2026-06-21 17:28:08,703][src.colmap_undistorter][INFO] - Output: /Users/bc/brendanchambers/2026-06-18-iphone-video-to-splat/data/intermediates/densify_sz0.00025_gr0.0001/colmap_sfm_linearized
[2026-06-21 17:28:08,703][src.colmap_undistorter][INFO] - Running: colmap image_undistorter
[2026-06-21 17:28:08,753][src.colmap_undistorter][INFO] - I20260621 17:28:08.752960 0x1fde420c0 image.cc:368] === Reading reconstruction ===
[2026-06-21 17:28:08,755][src.colmap_undistorter][INFO] - I20260621 17:28:08.755113 0x1fde420c0 image.cc:371] => Reconstruction with 8 images and 2190 points
[2026-06-21 17:28:08,755][src.colmap_undistorter][INFO] - I20260621 17:28:08.755121 0x1fde420c0 undistorters.cc:166] === Image undistortion ===
[2026-06-21 17:28:08,755][src.colmap_undistorter][INFO] - I20260621 17:28:08.755384 0x1fde420c0 undistorters.cc:205] Undistorting image [1/8]
[2026-06-21 17:28:09,336][src.colmap_undistorter][INFO] - I20260621 17:28:09.335900 0x1fde420c0 undistorters.cc:205] Undistorting image [2/8]
[2026-06-21 17:28:09,341][src.colmap_undistorter][INFO] - I20260621 17:28:09.341206 0x1fde420c0 undistorters.cc:205] Undistorting image [3/8]
[2026-06-21 17:28:09,391][src.colmap_undistorter][INFO] - I20260621 17:28:09.391437 0x1fde420c0 undistorters.cc:205] Undistorting image [4/8]
[2026-06-21 17:28:09,391][src.colmap_undistorter][INFO] - I20260621 17:28:09.391450 0x1fde420c0 undistorters.cc:205] Undistorting image [5/8]
[2026-06-21 17:28:09,391][src.colmap_undistorter][INFO] - I20260621 17:28:09.391452 0x1fde420c0 undistorters.cc:205] Undistorting image [6/8]
[2026-06-21 17:28:09,391][src.colmap_undistorter][INFO] - I20260621 17:28:09.391453 0x1fde420c0 undistorters.cc:205] Undistorting image [7/8]
[2026-06-21 17:28:09,391][src.colmap_undistorter][INFO] - I20260621 17:28:09.391458 0x1fde420c0 undistorters.cc:205] Undistorting image [8/8]
[2026-06-21 17:28:09,391][src.colmap_undistorter][INFO] - I20260621 17:28:09.391459 0x1fde420c0 undistorters.cc:213] Writing reconstruction...
[2026-06-21 17:28:09,396][src.colmap_undistorter][INFO] - I20260621 17:28:09.396020 0x1fde420c0 undistorters.cc:218] Writing configuration...
[2026-06-21 17:28:09,396][src.colmap_undistorter][INFO] - I20260621 17:28:09.396128 0x1fde420c0 undistorters.cc:222] Writing scripts...
[2026-06-21 17:28:09,396][src.colmap_undistorter][INFO] - I20260621 17:28:09.396228 0x1fde420c0 timer.cc:90] Elapsed time: 0.011 [minutes]
[2026-06-21 17:28:09,399][src.colmap_undistorter][INFO] - Image undistortion completed successfully
[2026-06-21 17:28:09,399][__main__][INFO] - ✓ Image undistortion completed
[2026-06-21 17:28:09,399][src.timing_recorder][INFO] - [TIMING] ✓ Completed: undistortion (0.70s)
[2026-06-21 17:28:09,399][src.timing_recorder][INFO] - [TIMING] Starting: splat_training
[2026-06-21 17:28:09,399][__main__][INFO] - ============================================================
[2026-06-21 17:28:09,399][__main__][INFO] - STEP 6: OpenSplat Training
[2026-06-21 17:28:09,399][__main__][INFO] - ============================================================
[2026-06-21 17:28:09,401][src.opensplat_trainer][INFO] - Training 3D Gaussian Splat
[2026-06-21 17:28:09,401][src.opensplat_trainer][INFO] - Sparse model: /Users/bc/brendanchambers/2026-06-18-iphone-video-to-splat/data/intermediates/densify_sz0.00025_gr0.0001/colmap_sfm_linearized/sparse
[2026-06-21 17:28:09,401][src.opensplat_trainer][INFO] - Images: /Users/bc/brendanchambers/2026-06-18-iphone-video-to-splat/data/intermediates/densify_sz0.00025_gr0.0001/colmap_sfm_linearized/images
[2026-06-21 17:28:09,401][src.opensplat_trainer][INFO] - Output PLY: /Users/bc/brendanchambers/2026-06-18-iphone-video-to-splat/data/intermediates/densify_sz0.00025_gr0.0001/colmap_sfm_linearized/splats/densify_sz0.00025_gr0.0001_20260621_1728.ply
[2026-06-21 17:28:09,401][src.opensplat_trainer][INFO] - Training loss log: /Users/bc/brendanchambers/2026-06-18-iphone-video-to-splat/data/intermediates/densify_sz0.00025_gr0.0001/colmap_sfm_linearized/splats/train_20260621_1728.jsonl
[2026-06-21 17:28:09,401][src.opensplat_trainer][INFO] - Validation loss log: /Users/bc/brendanchambers/2026-06-18-iphone-video-to-splat/data/intermediates/densify_sz0.00025_gr0.0001/colmap_sfm_linearized/splats/val_20260621_1728.jsonl
[2026-06-21 17:28:09,401][src.opensplat_trainer][INFO] - Running: opensplat
[2026-06-21 17:28:09,541][src.opensplat_trainer][INFO] - Using MPS
[2026-06-21 17:28:09,543][src.opensplat_trainer][INFO] - Reading 2190 points
[2026-06-21 17:28:09,543][src.opensplat_trainer][INFO] - Loading /Users/bc/brendanchambers/2026-06-18-iphone-video-to-splat/data/intermediates/densify_sz0.00025_gr0.0001/colmap_sfm_linearized/images/frame_0001.jpg
[2026-06-21 17:28:09,543][src.opensplat_trainer][INFO] - Loading Loading /Users/bc/brendanchambers/2026-06-18-iphone-video-to-splat/data/intermediates/densify_sz0.00025_gr0.0001/colmap_sfm_linearized/images/frame_0004.jpg
[2026-06-21 17:28:09,543][src.opensplat_trainer][INFO] - /Users/bc/brendanchambers/2026-06-18-iphone-video-to-splat/data/intermediates/densify_sz0.00025_gr0.0001/colmap_sfm_linearized/images/frame_0002.jpg
[2026-06-21 17:28:09,543][src.opensplat_trainer][INFO] - Loading Loading /Users/bc/brendanchambers/2026-06-18-iphone-video-to-splat/data/intermediates/densify_sz0.00025_gr0.0001/colmap_sfm_linearized/images/frame_0007.jpg
[2026-06-21 17:28:09,543][src.opensplat_trainer][INFO] - Loading /Users/bc/brendanchambers/2026-06-18-iphone-video-to-splat/data/intermediates/densify_sz0.00025_gr0.0001/colmap_sfm_linearized/images/frame_0003.jpg
[2026-06-21 17:28:09,543][src.opensplat_trainer][INFO] - Loading /Users/bc/brendanchambers/2026-06-18-iphone-video-to-splat/data/intermediates/densify_sz0.00025_gr0.0001/colmap_sfm_linearized/images/frame_0005.jpg
[2026-06-21 17:28:09,543][src.opensplat_trainer][INFO] - Loading /Users/bc/brendanchambers/2026-06-18-iphone-video-to-splat/data/intermediates/densify_sz0.00025_gr0.0001/colmap_sfm_linearized/images/frame_0006.jpg
[2026-06-21 17:28:09,543][src.opensplat_trainer][INFO] - /Users/bc/brendanchambers/2026-06-18-iphone-video-to-splat/data/intermediates/densify_sz0.00025_gr0.0001/colmap_sfm_linearized/images/frame_0008.jpg
[2026-06-21 17:28:09,923][src.opensplat_trainer][INFO] - init_gsplat_metal_context: loading '/Users/bc/brendanchambers/2026-06-18-iphone-video-to-splat/opensplat/build/default.metallib'
[2026-06-21 17:28:09,923][src.opensplat_trainer][INFO] - init_gsplat_metal_context: loaded '/Users/bc/brendanchambers/2026-06-18-iphone-video-to-splat/opensplat/build/default.metallib', functions: compute_cov2d_bounds_kernel, project_gaussians_backward_kernel, get_tile_bin_edges_kernel, rasterize_backward_kernel, map_gaussian_to_intersects_kernel, nd_rasterize_backward_kernel, project_gaussians_forward_kernel, compute_sh_backward_kernel, compute_sh_forward_kernel, nd_rasterize_forward_kernel
[2026-06-21 17:28:09,923][src.opensplat_trainer][INFO] - init_gsplat_metal_context: load function nd_rasterize_backward_kernel with label: (null)
[2026-06-21 17:28:09,923][src.opensplat_trainer][INFO] - init_gsplat_metal_context: load function nd_rasterize_forward_kernel with label: (null)
[2026-06-21 17:28:09,923][src.opensplat_trainer][INFO] - init_gsplat_metal_context: load function rasterize_backward_kernel with label: (null)
[2026-06-21 17:28:09,923][src.opensplat_trainer][INFO] - init_gsplat_metal_context: load function project_gaussians_forward_kernel with label: (null)
[2026-06-21 17:28:09,923][src.opensplat_trainer][INFO] - init_gsplat_metal_context: load function project_gaussians_backward_kernel with label: (null)
[2026-06-21 17:28:09,923][src.opensplat_trainer][INFO] - init_gsplat_metal_context: load function compute_sh_forward_kernel with label: (null)
[2026-06-21 17:28:09,923][src.opensplat_trainer][INFO] - init_gsplat_metal_context: load function compute_sh_backward_kernel with label: (null)
[2026-06-21 17:28:09,923][src.opensplat_trainer][INFO] - init_gsplat_metal_context: load function compute_cov2d_bounds_kernel with label: (null)
[2026-06-21 17:28:09,923][src.opensplat_trainer][INFO] - init_gsplat_metal_context: load function map_gaussian_to_intersects_kernel with label: (null)
[2026-06-21 17:28:09,923][src.opensplat_trainer][INFO] - init_gsplat_metal_context: load function get_tile_bin_edges_kernel with label: (null)
[2026-06-21 17:28:09,923][src.opensplat_trainer][INFO] - Step 10: 0.335648 (20%)
[2026-06-21 17:28:10,137][src.opensplat_trainer][INFO] - Step 20: 0.316064 (40%)
[2026-06-21 17:28:10,334][src.opensplat_trainer][INFO] - Step 30: 0.283717 (60%)
[2026-06-21 17:28:10,520][src.opensplat_trainer][INFO] - Step 40: 0.301167 (80%)
[2026-06-21 17:28:10,732][src.opensplat_trainer][INFO] - Step 50: 0.302631 (100%)
[2026-06-21 17:28:10,746][src.opensplat_trainer][INFO] - Wrote /Users/bc/brendanchambers/2026-06-18-iphone-video-to-splat/data/intermediates/densify_sz0.00025_gr0.0001/colmap_sfm_linearized/splats/cameras.json
[2026-06-21 17:28:10,753][src.opensplat_trainer][INFO] - Wrote /Users/bc/brendanchambers/2026-06-18-iphone-video-to-splat/data/intermediates/densify_sz0.00025_gr0.0001/colmap_sfm_linearized/splats/densify_sz0.00025_gr0.0001_20260621_1728.ply
[2026-06-21 17:28:10,767][src.opensplat_trainer][INFO] - /Users/bc/brendanchambers/2026-06-18-iphone-video-to-splat/data/intermediates/densify_sz0.00025_gr0.0001/colmap_sfm_linearized/images/frame_0001.jpg validation loss: 0.344886
[2026-06-21 17:28:10,819][src.opensplat_trainer][INFO] - Parsed 5 training loss values to /Users/bc/brendanchambers/2026-06-18-iphone-video-to-splat/data/intermediates/densify_sz0.00025_gr0.0001/colmap_sfm_linearized/splats/train_20260621_1728.jsonl
[2026-06-21 17:28:10,819][src.opensplat_trainer][INFO] - Captured validation loss: 0.344886 to /Users/bc/brendanchambers/2026-06-18-iphone-video-to-splat/data/intermediates/densify_sz0.00025_gr0.0001/colmap_sfm_linearized/splats/val_20260621_1728.jsonl
[2026-06-21 17:28:10,819][src.opensplat_trainer][INFO] - Training completed successfully
[2026-06-21 17:28:10,819][src.opensplat_trainer][INFO] - Output saved to: /Users/bc/brendanchambers/2026-06-18-iphone-video-to-splat/data/intermediates/densify_sz0.00025_gr0.0001/colmap_sfm_linearized/splats/densify_sz0.00025_gr0.0001_20260621_1728.ply
[2026-06-21 17:28:10,819][__main__][INFO] - ✓ Splat training completed
[2026-06-21 17:28:10,819][__main__][INFO] - ============================================================
[2026-06-21 17:28:10,819][__main__][INFO] - Analyzing Training Loss
[2026-06-21 17:28:10,819][__main__][INFO] - ============================================================
[2026-06-21 17:28:10,880][src.timing_recorder][INFO] - [TIMING] ✓ Completed: splat_training (1.48s)
[2026-06-21 17:28:10,880][__main__][INFO] - 
[2026-06-21 17:28:10,880][__main__][INFO] - ╔==========================================================╗
[2026-06-21 17:28:10,880][__main__][INFO] - ║                    Pipeline Complete!                    ║
[2026-06-21 17:28:10,880][__main__][INFO] - ╚==========================================================╝
[2026-06-21 17:28:10,881][__main__][INFO] - Output directory: /Users/bc/brendanchambers/2026-06-18-iphone-video-to-splat/data/intermediates/densify_sz0.00025_gr0.0001/colmap_sfm_linearized/splats
[2026-06-21 17:28:10,881][__main__][INFO] -   - PLY file: *.ply (3D Gaussian Splat)
[2026-06-21 17:28:10,881][__main__][INFO] -   - Loss log: *.jsonl (Training loss per step)
[2026-06-21 17:28:10,881][__main__][INFO] -   - Timing log: running-time_*.jsonl (Step execution times)
[2026-06-21 17:28:10,881][src.timing_recorder][INFO] - 
[2026-06-21 17:28:10,881][src.timing_recorder][INFO] - ======================================================================
[2026-06-21 17:28:10,881][src.timing_recorder][INFO] - PIPELINE EXECUTION TIMING SUMMARY
[2026-06-21 17:28:10,881][src.timing_recorder][INFO] - ======================================================================
[2026-06-21 17:28:10,881][src.timing_recorder][INFO] - ✓ frame_extraction              0.23s  (  5.4%)
[2026-06-21 17:28:10,881][src.timing_recorder][INFO] - ✓ feature_extraction            0.74s  ( 17.4%)
[2026-06-21 17:28:10,881][src.timing_recorder][INFO] - ✓ feature_matching              0.57s  ( 13.5%)
[2026-06-21 17:28:10,881][src.timing_recorder][INFO] - ✓ sparse_reconstruction         0.53s  ( 12.5%)
[2026-06-21 17:28:10,881][src.timing_recorder][INFO] - ✓ undistortion                  0.70s  ( 16.4%)
[2026-06-21 17:28:10,881][src.timing_recorder][INFO] - ✓ splat_training                1.48s  ( 34.8%)
[2026-06-21 17:28:10,881][src.timing_recorder][INFO] - ----------------------------------------------------------------------
[2026-06-21 17:28:10,881][src.timing_recorder][INFO] - TOTAL                           4.26s  (100.0%)
[2026-06-21 17:28:10,881][src.timing_recorder][INFO] - ======================================================================
[2026-06-21 17:28:10,881][src.timing_recorder][INFO] - 
[2026-06-21 17:28:10,882][src.timing_recorder][INFO] - [TIMING] Saved timing report to: /Users/bc/brendanchambers/2026-06-18-iphone-video-to-splat/data/intermediates/densify_sz0.00025_gr0.0001/colmap_sfm_linearized/splats/running-time_20260621_1728.jsonl
[2026-06-21 17:28:10,882][__main__][INFO] - ============================================================
[2026-06-21 17:28:10,882][__main__][INFO] - Logging Experiment Results
[2026-06-21 17:28:10,882][__main__][INFO] - ============================================================
[2026-06-21 17:28:10,883][src.experiment_tracker][INFO] - Logged experiment to: /Users/bc/brendanchambers/2026-06-18-iphone-video-to-splat/reports/experiments/sweep_densify_size_and_gradient_threshold.jsonl
[2026-06-21 17:28:10,883][__main__][INFO] - Experiment results logged to: /Users/bc/brendanchambers/2026-06-18-iphone-video-to-splat/reports/experiments/sweep_densify_size_and_gradient_threshold.jsonl
[2026-06-21 17:28:10,883][__main__][INFO] -   Experiment: densify_sz0.00025_gr0.0001
[2026-06-21 17:28:10,883][__main__][INFO] -   Group: sweep_densify_size_and_gradient_threshold
[2026-06-21 17:28:10,883][__main__][INFO] -   Train loss: 0.302631
[2026-06-21 17:28:10,883][__main__][INFO] -   Total time: 4.26s (0.07m)
