[2026-06-21 16:30:50,849][__main__][INFO] - 
[2026-06-21 16:30:50,849][__main__][INFO] - ╔==========================================================╗
[2026-06-21 16:30:50,849][__main__][INFO] - ║          3D Gaussian Splat Training Pipeline              ║
[2026-06-21 16:30:50,849][__main__][INFO] - ╚==========================================================╝
[2026-06-21 16:30:50,849][__main__][INFO] - Experiment: densify_sz0.01_gr0.0001
[2026-06-21 16:30:50,849][__main__][INFO] - Project dir: /Users/bc/brendanchambers/2026-06-18-iphone-video-to-splat
[2026-06-21 16:30:50,849][__main__][INFO] - 
[2026-06-21 16:30:50,849][src.timing_recorder][INFO] - [TIMING] Starting: frame_extraction
[2026-06-21 16:30:50,849][__main__][INFO] - ============================================================
[2026-06-21 16:30:50,849][__main__][INFO] - STEP 1: Frame Extraction
[2026-06-21 16:30:50,849][__main__][INFO] - ============================================================
[2026-06-21 16:30:50,850][src.frame_extractor][INFO] - Extracting frames from: /Users/bc/brendanchambers/2026-06-18-iphone-video-to-splat/data/incoming/movies/teensy.mov
[2026-06-21 16:30:50,850][src.frame_extractor][INFO] - Output directory: /Users/bc/brendanchambers/2026-06-18-iphone-video-to-splat/data/intermediates/densify_sz0.01_gr0.0001/colmap_sfm_camera_model/images
[2026-06-21 16:30:50,850][src.frame_extractor][INFO] - Extracting frames at 2 fps
[2026-06-21 16:30:50,850][src.frame_extractor][INFO] - Running command: ffmpeg -i /Users/bc/brendanchambers/2026-06-18-iphone-video-to-splat/data/incoming/movies/teensy.mov -vf fps=2 -q:v 5 /Users/bc/brendanchambers/2026-06-18-iphone-video-to-splat/data/intermediates/densify_sz0.01_gr0.0001/colmap_sfm_camera_model/images/frame_%04d.jpg
[2026-06-21 16:30:50,865][src.frame_extractor][INFO] - ffmpeg version 8.1.2 Copyright (c) 2000-2026 the FFmpeg developers
[2026-06-21 16:30:50,865][src.frame_extractor][INFO] -   built with Apple clang version 17.0.0 (clang-1700.6.4.2)
[2026-06-21 16:30:50,865][src.frame_extractor][INFO] -   configuration: --prefix=/opt/homebrew/Cellar/ffmpeg/8.1.2 --enable-shared --enable-pthreads --enable-version3 --cc=clang --host-cflags= --host-ldflags= --enable-ffplay --enable-gpl --enable-libsvtav1 --enable-libopus --enable-libx264 --enable-libmp3lame --enable-libdav1d --enable-libvmaf --enable-libvpx --enable-libx265 --enable-openssl --enable-videotoolbox --enable-audiotoolbox --enable-neon
[2026-06-21 16:30:50,865][src.frame_extractor][INFO] -   libavutil      60. 26.102 / 60. 26.102
[2026-06-21 16:30:50,865][src.frame_extractor][INFO] -   libavcodec     62. 28.102 / 62. 28.102
[2026-06-21 16:30:50,865][src.frame_extractor][INFO] -   libavformat    62. 12.102 / 62. 12.102
[2026-06-21 16:30:50,865][src.frame_extractor][INFO] -   libavdevice    62.  3.102 / 62.  3.102
[2026-06-21 16:30:50,865][src.frame_extractor][INFO] -   libavfilter    11. 14.102 / 11. 14.102
[2026-06-21 16:30:50,865][src.frame_extractor][INFO] -   libswscale      9.  5.102 /  9.  5.102
[2026-06-21 16:30:50,865][src.frame_extractor][INFO] -   libswresample   6.  3.102 /  6.  3.102
[2026-06-21 16:30:50,880][src.frame_extractor][INFO] - Input #0, mov,mp4,m4a,3gp,3g2,mj2, from '/Users/bc/brendanchambers/2026-06-18-iphone-video-to-splat/data/incoming/movies/teensy.mov':
[2026-06-21 16:30:50,880][src.frame_extractor][INFO] -   Metadata:
[2026-06-21 16:30:50,881][src.frame_extractor][INFO] -     major_brand     : qt
[2026-06-21 16:30:50,881][src.frame_extractor][INFO] -     minor_version   : 512
[2026-06-21 16:30:50,881][src.frame_extractor][INFO] -     compatible_brands: qt
[2026-06-21 16:30:50,881][src.frame_extractor][INFO] -     encoder         : Lavf62.12.102
[2026-06-21 16:30:50,881][src.frame_extractor][INFO] -   Duration: 00:00:04.01, start: 0.000000, bitrate: 19786 kb/s
[2026-06-21 16:30:50,881][src.frame_extractor][INFO] -   Stream #0:0[0x1]: Video: h264 (High) (avc1 / 0x31637661), yuv420p(tv, bt709, progressive), 1080x1920, 19646 kb/s, 29.67 fps, 29.67 tbr, 11392 tbn (default)
[2026-06-21 16:30:50,881][src.frame_extractor][INFO] -     Metadata:
[2026-06-21 16:30:50,881][src.frame_extractor][INFO] -       handler_name    : Core Media Video
[2026-06-21 16:30:50,881][src.frame_extractor][INFO] -       vendor_id       : FFMP
[2026-06-21 16:30:50,881][src.frame_extractor][INFO] -       encoder         : Lavc62.28.102 libx264
[2026-06-21 16:30:50,881][src.frame_extractor][INFO] -   Stream #0:1[0x2]: Audio: aac (LC) (mp4a / 0x6134706D), 48000 Hz, stereo, fltp, 128 kb/s (default)
[2026-06-21 16:30:50,881][src.frame_extractor][INFO] -     Metadata:
[2026-06-21 16:30:50,881][src.frame_extractor][INFO] -       handler_name    : Core Media Audio
[2026-06-21 16:30:50,881][src.frame_extractor][INFO] -       vendor_id       : [0][0][0][0]
[2026-06-21 16:30:50,881][src.frame_extractor][INFO] - Stream mapping:
[2026-06-21 16:30:50,881][src.frame_extractor][INFO] -   Stream #0:0 -> #0:0 (h264 (native) -> mjpeg (native))
[2026-06-21 16:30:50,881][src.frame_extractor][INFO] - Press [q] to stop, [?] for help
[2026-06-21 16:30:50,930][src.frame_extractor][INFO] - Output #0, image2, to '/Users/bc/brendanchambers/2026-06-18-iphone-video-to-splat/data/intermediates/densify_sz0.01_gr0.0001/colmap_sfm_camera_model/images/frame_%04d.jpg':
[2026-06-21 16:30:50,930][src.frame_extractor][INFO] -   Metadata:
[2026-06-21 16:30:50,930][src.frame_extractor][INFO] -     major_brand     : qt
[2026-06-21 16:30:50,930][src.frame_extractor][INFO] -     minor_version   : 512
[2026-06-21 16:30:50,930][src.frame_extractor][INFO] -     compatible_brands: qt
[2026-06-21 16:30:50,930][src.frame_extractor][INFO] -     encoder         : Lavf62.12.102
[2026-06-21 16:30:50,930][src.frame_extractor][INFO] -   Stream #0:0: Video: mjpeg, yuv420p(pc, bt709, progressive), 1080x1920, q=2-31, 200 kb/s, 2 fps, 2 tbn (default)
[2026-06-21 16:30:50,930][src.frame_extractor][INFO] -     Metadata:
[2026-06-21 16:30:50,930][src.frame_extractor][INFO] -       encoder         : Lavc62.28.102 mjpeg
[2026-06-21 16:30:50,930][src.frame_extractor][INFO] -       handler_name    : Core Media Video
[2026-06-21 16:30:50,930][src.frame_extractor][INFO] -       vendor_id       : FFMP
[2026-06-21 16:30:50,930][src.frame_extractor][INFO] -     Side data:
[2026-06-21 16:30:50,930][src.frame_extractor][INFO] -       CPB properties: bitrate max/min/avg: 0/0/200000 buffer size: 0 vbv_delay: N/A
[2026-06-21 16:30:51,069][src.frame_extractor][INFO] - [out#0/image2 @ 0x6000027bc6c0] video:3120KiB audio:0KiB subtitle:0KiB other streams:0KiB global headers:0KiB muxing overhead: unknown
[2026-06-21 16:30:51,069][src.frame_extractor][INFO] - frame=    8 fps=0.0 q=5.0 Lsize=N/A time=00:00:04.00 bitrate=N/A speed=21.3x elapsed=0:00:00.18
[2026-06-21 16:30:51,072][src.frame_extractor][INFO] - Successfully extracted 8 frames
[2026-06-21 16:30:51,072][__main__][INFO] - ✓ Frame extraction completed
[2026-06-21 16:30:51,072][src.timing_recorder][INFO] - [TIMING] ✓ Completed: frame_extraction (0.22s)
[2026-06-21 16:30:51,072][src.timing_recorder][INFO] - [TIMING] Starting: feature_extraction
[2026-06-21 16:30:51,072][__main__][INFO] - ============================================================
[2026-06-21 16:30:51,072][__main__][INFO] - STEP 2: Feature Extraction
[2026-06-21 16:30:51,072][__main__][INFO] - ============================================================
[2026-06-21 16:30:51,073][src.colmap_feature_extractor][INFO] - Extracting features from images: /Users/bc/brendanchambers/2026-06-18-iphone-video-to-splat/data/intermediates/densify_sz0.01_gr0.0001/colmap_sfm_camera_model/images
[2026-06-21 16:30:51,073][src.colmap_feature_extractor][INFO] - Database: /Users/bc/brendanchambers/2026-06-18-iphone-video-to-splat/data/intermediates/densify_sz0.01_gr0.0001/colmap_sfm_camera_model/database.db
[2026-06-21 16:30:51,073][src.colmap_feature_extractor][INFO] - Running: colmap feature_extractor
[2026-06-21 16:30:51,239][src.colmap_feature_extractor][INFO] - I20260621 16:30:51.239010 0x16d593000 feature_extraction.cc:504] === Feature extraction ===
[2026-06-21 16:30:51,255][src.colmap_feature_extractor][INFO] - I20260621 16:30:51.255154 0x16db97000 sift.cc:757] Creating SIFT GPU feature extractor
[2026-06-21 16:30:51,387][src.colmap_feature_extractor][INFO] - I20260621 16:30:51.387240 0x16dc23000 feature_extraction.cc:282] Processed file [1/8]
[2026-06-21 16:30:51,387][src.colmap_feature_extractor][INFO] - I20260621 16:30:51.387257 0x16dc23000 feature_extraction.cc:285]   Name:            frame_0001.jpg
[2026-06-21 16:30:51,387][src.colmap_feature_extractor][INFO] - I20260621 16:30:51.387259 0x16dc23000 feature_extraction.cc:294]   Dimensions:      1080 x 1920
[2026-06-21 16:30:51,387][src.colmap_feature_extractor][INFO] - I20260621 16:30:51.387260 0x16dc23000 feature_extraction.cc:297]   Camera:          #1 - RADIAL
[2026-06-21 16:30:51,387][src.colmap_feature_extractor][INFO] - I20260621 16:30:51.387262 0x16dc23000 feature_extraction.cc:300]   Focal Length:    2304.00px
[2026-06-21 16:30:51,387][src.colmap_feature_extractor][INFO] - I20260621 16:30:51.387265 0x16dc23000 feature_extraction.cc:304]   Features:        4449 (SIFT)
[2026-06-21 16:30:51,442][src.colmap_feature_extractor][INFO] - I20260621 16:30:51.442589 0x16dc23000 feature_extraction.cc:282] Processed file [2/8]
[2026-06-21 16:30:51,442][src.colmap_feature_extractor][INFO] - I20260621 16:30:51.442609 0x16dc23000 feature_extraction.cc:285]   Name:            frame_0002.jpg
[2026-06-21 16:30:51,442][src.colmap_feature_extractor][INFO] - I20260621 16:30:51.442611 0x16dc23000 feature_extraction.cc:294]   Dimensions:      1080 x 1920
[2026-06-21 16:30:51,442][src.colmap_feature_extractor][INFO] - I20260621 16:30:51.442613 0x16dc23000 feature_extraction.cc:297]   Camera:          #1 - RADIAL
[2026-06-21 16:30:51,442][src.colmap_feature_extractor][INFO] - I20260621 16:30:51.442615 0x16dc23000 feature_extraction.cc:300]   Focal Length:    2304.00px
[2026-06-21 16:30:51,442][src.colmap_feature_extractor][INFO] - I20260621 16:30:51.442619 0x16dc23000 feature_extraction.cc:304]   Features:        4766 (SIFT)
[2026-06-21 16:30:51,496][src.colmap_feature_extractor][INFO] - I20260621 16:30:51.496605 0x16dc23000 feature_extraction.cc:282] Processed file [3/8]
[2026-06-21 16:30:51,496][src.colmap_feature_extractor][INFO] - I20260621 16:30:51.496621 0x16dc23000 feature_extraction.cc:285]   Name:            frame_0003.jpg
[2026-06-21 16:30:51,496][src.colmap_feature_extractor][INFO] - I20260621 16:30:51.496623 0x16dc23000 feature_extraction.cc:294]   Dimensions:      1080 x 1920
[2026-06-21 16:30:51,496][src.colmap_feature_extractor][INFO] - I20260621 16:30:51.496625 0x16dc23000 feature_extraction.cc:297]   Camera:          #1 - RADIAL
[2026-06-21 16:30:51,496][src.colmap_feature_extractor][INFO] - I20260621 16:30:51.496627 0x16dc23000 feature_extraction.cc:300]   Focal Length:    2304.00px
[2026-06-21 16:30:51,496][src.colmap_feature_extractor][INFO] - I20260621 16:30:51.496631 0x16dc23000 feature_extraction.cc:304]   Features:        5561 (SIFT)
[2026-06-21 16:30:51,550][src.colmap_feature_extractor][INFO] - I20260621 16:30:51.550545 0x16dc23000 feature_extraction.cc:282] Processed file [4/8]
[2026-06-21 16:30:51,550][src.colmap_feature_extractor][INFO] - I20260621 16:30:51.550560 0x16dc23000 feature_extraction.cc:285]   Name:            frame_0004.jpg
[2026-06-21 16:30:51,550][src.colmap_feature_extractor][INFO] - I20260621 16:30:51.550562 0x16dc23000 feature_extraction.cc:294]   Dimensions:      1080 x 1920
[2026-06-21 16:30:51,550][src.colmap_feature_extractor][INFO] - I20260621 16:30:51.550571 0x16dc23000 feature_extraction.cc:297]   Camera:          #1 - RADIAL
[2026-06-21 16:30:51,550][src.colmap_feature_extractor][INFO] - I20260621 16:30:51.550574 0x16dc23000 feature_extraction.cc:300]   Focal Length:    2304.00px
[2026-06-21 16:30:51,550][src.colmap_feature_extractor][INFO] - I20260621 16:30:51.550577 0x16dc23000 feature_extraction.cc:304]   Features:        6351 (SIFT)
[2026-06-21 16:30:51,603][src.colmap_feature_extractor][INFO] - I20260621 16:30:51.603273 0x16dc23000 feature_extraction.cc:282] Processed file [5/8]
[2026-06-21 16:30:51,603][src.colmap_feature_extractor][INFO] - I20260621 16:30:51.603293 0x16dc23000 feature_extraction.cc:285]   Name:            frame_0005.jpg
[2026-06-21 16:30:51,603][src.colmap_feature_extractor][INFO] - I20260621 16:30:51.603295 0x16dc23000 feature_extraction.cc:294]   Dimensions:      1080 x 1920
[2026-06-21 16:30:51,603][src.colmap_feature_extractor][INFO] - I20260621 16:30:51.603296 0x16dc23000 feature_extraction.cc:297]   Camera:          #1 - RADIAL
[2026-06-21 16:30:51,603][src.colmap_feature_extractor][INFO] - I20260621 16:30:51.603298 0x16dc23000 feature_extraction.cc:300]   Focal Length:    2304.00px
[2026-06-21 16:30:51,603][src.colmap_feature_extractor][INFO] - I20260621 16:30:51.603301 0x16dc23000 feature_extraction.cc:304]   Features:        4609 (SIFT)
[2026-06-21 16:30:51,657][src.colmap_feature_extractor][INFO] - I20260621 16:30:51.657028 0x16dc23000 feature_extraction.cc:282] Processed file [6/8]
[2026-06-21 16:30:51,657][src.colmap_feature_extractor][INFO] - I20260621 16:30:51.657044 0x16dc23000 feature_extraction.cc:285]   Name:            frame_0006.jpg
[2026-06-21 16:30:51,657][src.colmap_feature_extractor][INFO] - I20260621 16:30:51.657046 0x16dc23000 feature_extraction.cc:294]   Dimensions:      1080 x 1920
[2026-06-21 16:30:51,657][src.colmap_feature_extractor][INFO] - I20260621 16:30:51.657048 0x16dc23000 feature_extraction.cc:297]   Camera:          #1 - RADIAL
[2026-06-21 16:30:51,657][src.colmap_feature_extractor][INFO] - I20260621 16:30:51.657056 0x16dc23000 feature_extraction.cc:300]   Focal Length:    2304.00px
[2026-06-21 16:30:51,657][src.colmap_feature_extractor][INFO] - I20260621 16:30:51.657061 0x16dc23000 feature_extraction.cc:304]   Features:        4916 (SIFT)
[2026-06-21 16:30:51,710][src.colmap_feature_extractor][INFO] - I20260621 16:30:51.710184 0x16dc23000 feature_extraction.cc:282] Processed file [7/8]
[2026-06-21 16:30:51,710][src.colmap_feature_extractor][INFO] - I20260621 16:30:51.710201 0x16dc23000 feature_extraction.cc:285]   Name:            frame_0007.jpg
[2026-06-21 16:30:51,710][src.colmap_feature_extractor][INFO] - I20260621 16:30:51.710204 0x16dc23000 feature_extraction.cc:294]   Dimensions:      1080 x 1920
[2026-06-21 16:30:51,710][src.colmap_feature_extractor][INFO] - I20260621 16:30:51.710206 0x16dc23000 feature_extraction.cc:297]   Camera:          #1 - RADIAL
[2026-06-21 16:30:51,710][src.colmap_feature_extractor][INFO] - I20260621 16:30:51.710208 0x16dc23000 feature_extraction.cc:300]   Focal Length:    2304.00px
[2026-06-21 16:30:51,710][src.colmap_feature_extractor][INFO] - I20260621 16:30:51.710211 0x16dc23000 feature_extraction.cc:304]   Features:        4134 (SIFT)
[2026-06-21 16:30:51,766][src.colmap_feature_extractor][INFO] - I20260621 16:30:51.766147 0x16dc23000 feature_extraction.cc:282] Processed file [8/8]
[2026-06-21 16:30:51,766][src.colmap_feature_extractor][INFO] - I20260621 16:30:51.766187 0x16dc23000 feature_extraction.cc:285]   Name:            frame_0008.jpg
[2026-06-21 16:30:51,766][src.colmap_feature_extractor][INFO] - I20260621 16:30:51.766189 0x16dc23000 feature_extraction.cc:294]   Dimensions:      1080 x 1920
[2026-06-21 16:30:51,766][src.colmap_feature_extractor][INFO] - I20260621 16:30:51.766191 0x16dc23000 feature_extraction.cc:297]   Camera:          #1 - RADIAL
[2026-06-21 16:30:51,766][src.colmap_feature_extractor][INFO] - I20260621 16:30:51.766196 0x16dc23000 feature_extraction.cc:300]   Focal Length:    2304.00px
[2026-06-21 16:30:51,766][src.colmap_feature_extractor][INFO] - I20260621 16:30:51.766199 0x16dc23000 feature_extraction.cc:304]   Features:        6773 (SIFT)
[2026-06-21 16:30:51,771][src.colmap_feature_extractor][INFO] - I20260621 16:30:51.771659 0x16d593000 timer.cc:90] Elapsed time: 0.009 [minutes]
[2026-06-21 16:30:51,790][src.colmap_feature_extractor][INFO] - Feature extraction completed successfully
[2026-06-21 16:30:51,791][__main__][INFO] - ✓ Feature extraction completed
[2026-06-21 16:30:51,791][src.timing_recorder][INFO] - [TIMING] ✓ Completed: feature_extraction (0.72s)
[2026-06-21 16:30:51,791][src.timing_recorder][INFO] - [TIMING] Starting: feature_matching
[2026-06-21 16:30:51,791][__main__][INFO] - ============================================================
[2026-06-21 16:30:51,791][__main__][INFO] - STEP 3: Feature Matching
[2026-06-21 16:30:51,791][__main__][INFO] - ============================================================
[2026-06-21 16:30:51,792][src.colmap_feature_matcher][INFO] - Matching features in database: /Users/bc/brendanchambers/2026-06-18-iphone-video-to-splat/data/intermediates/densify_sz0.01_gr0.0001/colmap_sfm_camera_model/database.db
[2026-06-21 16:30:51,792][src.colmap_feature_matcher][INFO] - Running: colmap sequential_matcher
[2026-06-21 16:30:51,960][src.colmap_feature_matcher][INFO] - I20260621 16:30:51.959847 0x16d5a3000 feature_matching.cc:195] === Feature matching & geometric verification ===
[2026-06-21 16:30:51,974][src.colmap_feature_matcher][INFO] - I20260621 16:30:51.974936 0x16d62f000 sift.cc:1559] Creating SIFT GPU feature matcher
[2026-06-21 16:30:51,999][src.colmap_feature_matcher][INFO] - I20260621 16:30:51.999631 0x16d5a3000 pairing.cc:415] Generating sequential image pairs...
[2026-06-21 16:30:51,999][src.colmap_feature_matcher][INFO] - I20260621 16:30:51.999711 0x16d5a3000 pairing.cc:473] Processing image [1/8]
[2026-06-21 16:30:52,068][src.colmap_feature_matcher][INFO] - I20260621 16:30:52.068263 0x16d5a3000 feature_matching.cc:217] in 0.069s
[2026-06-21 16:30:52,068][src.colmap_feature_matcher][INFO] - I20260621 16:30:52.068274 0x16d5a3000 pairing.cc:473] Processing image [2/8]
[2026-06-21 16:30:52,127][src.colmap_feature_matcher][INFO] - I20260621 16:30:52.127549 0x16d5a3000 feature_matching.cc:217] in 0.059s
[2026-06-21 16:30:52,127][src.colmap_feature_matcher][INFO] - I20260621 16:30:52.127565 0x16d5a3000 pairing.cc:473] Processing image [3/8]
[2026-06-21 16:30:52,188][src.colmap_feature_matcher][INFO] - I20260621 16:30:52.188719 0x16d5a3000 feature_matching.cc:217] in 0.061s
[2026-06-21 16:30:52,188][src.colmap_feature_matcher][INFO] - I20260621 16:30:52.188724 0x16d5a3000 pairing.cc:473] Processing image [4/8]
[2026-06-21 16:30:52,262][src.colmap_feature_matcher][INFO] - I20260621 16:30:52.262601 0x16d5a3000 feature_matching.cc:217] in 0.074s
[2026-06-21 16:30:52,262][src.colmap_feature_matcher][INFO] - I20260621 16:30:52.262608 0x16d5a3000 pairing.cc:473] Processing image [5/8]
[2026-06-21 16:30:52,294][src.colmap_feature_matcher][INFO] - I20260621 16:30:52.294088 0x16d5a3000 feature_matching.cc:217] in 0.031s
[2026-06-21 16:30:52,294][src.colmap_feature_matcher][INFO] - I20260621 16:30:52.294091 0x16d5a3000 pairing.cc:473] Processing image [6/8]
[2026-06-21 16:30:52,334][src.colmap_feature_matcher][INFO] - I20260621 16:30:52.334076 0x16d5a3000 feature_matching.cc:217] in 0.040s
[2026-06-21 16:30:52,334][src.colmap_feature_matcher][INFO] - I20260621 16:30:52.334081 0x16d5a3000 pairing.cc:473] Processing image [7/8]
[2026-06-21 16:30:52,356][src.colmap_feature_matcher][INFO] - I20260621 16:30:52.356030 0x16d5a3000 feature_matching.cc:217] in 0.022s
[2026-06-21 16:30:52,356][src.colmap_feature_matcher][INFO] - I20260621 16:30:52.356034 0x16d5a3000 pairing.cc:473] Processing image [8/8]
[2026-06-21 16:30:52,356][src.colmap_feature_matcher][INFO] - I20260621 16:30:52.356036 0x16d5a3000 feature_matching.cc:217] in 0.000s
[2026-06-21 16:30:52,356][src.colmap_feature_matcher][INFO] - I20260621 16:30:52.356038 0x16d5a3000 timer.cc:90] Elapsed time: 0.007 [minutes]
[2026-06-21 16:30:52,364][src.colmap_feature_matcher][INFO] - Feature matching completed successfully
[2026-06-21 16:30:52,364][__main__][INFO] - ✓ Feature matching completed
[2026-06-21 16:30:52,364][src.timing_recorder][INFO] - [TIMING] ✓ Completed: feature_matching (0.57s)
[2026-06-21 16:30:52,364][src.timing_recorder][INFO] - [TIMING] Starting: sparse_reconstruction
[2026-06-21 16:30:52,364][__main__][INFO] - ============================================================
[2026-06-21 16:30:52,364][__main__][INFO] - STEP 4: Sparse Reconstruction
[2026-06-21 16:30:52,364][__main__][INFO] - ============================================================
[2026-06-21 16:30:52,366][src.colmap_mapper][INFO] - Performing sparse reconstruction
[2026-06-21 16:30:52,366][src.colmap_mapper][INFO] - Database: /Users/bc/brendanchambers/2026-06-18-iphone-video-to-splat/data/intermediates/densify_sz0.01_gr0.0001/colmap_sfm_camera_model/database.db
[2026-06-21 16:30:52,366][src.colmap_mapper][INFO] - Images: /Users/bc/brendanchambers/2026-06-18-iphone-video-to-splat/data/intermediates/densify_sz0.01_gr0.0001/colmap_sfm_camera_model/images
[2026-06-21 16:30:52,366][src.colmap_mapper][INFO] - Output: /Users/bc/brendanchambers/2026-06-18-iphone-video-to-splat/data/intermediates/densify_sz0.01_gr0.0001/colmap_sfm_camera_model/sparse
[2026-06-21 16:30:52,366][src.colmap_mapper][INFO] - Running: colmap mapper
[2026-06-21 16:30:52,415][src.colmap_mapper][INFO] - I20260621 16:30:52.415619 0x1fde420c0 incremental_pipeline.cc:278] Loading database
[2026-06-21 16:30:52,416][src.colmap_mapper][INFO] - I20260621 16:30:52.415921 0x1fde420c0 database_cache.cc:72] Loading rigs...
[2026-06-21 16:30:52,416][src.colmap_mapper][INFO] - I20260621 16:30:52.415942 0x1fde420c0 database_cache.cc:82]  1 in 0.000s
[2026-06-21 16:30:52,416][src.colmap_mapper][INFO] - I20260621 16:30:52.415945 0x1fde420c0 database_cache.cc:90] Loading cameras...
[2026-06-21 16:30:52,416][src.colmap_mapper][INFO] - I20260621 16:30:52.415953 0x1fde420c0 database_cache.cc:108]  1 in 0.000s
[2026-06-21 16:30:52,416][src.colmap_mapper][INFO] - I20260621 16:30:52.415956 0x1fde420c0 database_cache.cc:116] Loading frames...
[2026-06-21 16:30:52,416][src.colmap_mapper][INFO] - I20260621 16:30:52.415973 0x1fde420c0 database_cache.cc:126]  8 in 0.000s
[2026-06-21 16:30:52,416][src.colmap_mapper][INFO] - I20260621 16:30:52.415975 0x1fde420c0 database_cache.cc:134] Loading matches...
[2026-06-21 16:30:52,416][src.colmap_mapper][INFO] - I20260621 16:30:52.416036 0x1fde420c0 database_cache.cc:139]  17 in 0.000s
[2026-06-21 16:30:52,416][src.colmap_mapper][INFO] - I20260621 16:30:52.416038 0x1fde420c0 database_cache.cc:147] Loading images...
[2026-06-21 16:30:52,416][src.colmap_mapper][INFO] - I20260621 16:30:52.416577 0x1fde420c0 database_cache.cc:241]  8 in 0.001s (connected 8, loaded 8)
[2026-06-21 16:30:52,416][src.colmap_mapper][INFO] - I20260621 16:30:52.416580 0x1fde420c0 database_cache.cc:255] Loading pose priors...
[2026-06-21 16:30:52,416][src.colmap_mapper][INFO] - I20260621 16:30:52.416586 0x1fde420c0 database_cache.cc:263]  0 in 0.000s
[2026-06-21 16:30:52,416][src.colmap_mapper][INFO] - I20260621 16:30:52.416588 0x1fde420c0 database_cache.cc:271] Building correspondence graph...
[2026-06-21 16:30:52,417][src.colmap_mapper][INFO] - I20260621 16:30:52.417408 0x1fde420c0 database_cache.cc:300]  in 0.001s (ignored 0)
[2026-06-21 16:30:52,417][src.colmap_mapper][INFO] - I20260621 16:30:52.417412 0x1fde420c0 timer.cc:90] Elapsed time: 0.000 [minutes]
[2026-06-21 16:30:52,417][src.colmap_mapper][INFO] - I20260621 16:30:52.417502 0x1fde420c0 incremental_pipeline.cc:390] Finding good initial image pair
[2026-06-21 16:30:52,427][src.colmap_mapper][INFO] - I20260621 16:30:52.427261 0x1fde420c0 incremental_pipeline.cc:414] Registering initial image pair #2 and #4
[2026-06-21 16:30:52,427][src.colmap_mapper][INFO] - I20260621 16:30:52.427845 0x1fde420c0 incremental_pipeline.cc:432] Global bundle adjustment
[2026-06-21 16:30:52,450][src.colmap_mapper][INFO] - I20260621 16:30:52.450376 0x1fde420c0 incremental_pipeline.cc:537] Registering image #3 (num_reg_frames=2)
[2026-06-21 16:30:52,450][src.colmap_mapper][INFO] - I20260621 16:30:52.450380 0x1fde420c0 incremental_pipeline.cc:540] => Image sees 149 / 1892 points
[2026-06-21 16:30:52,498][src.colmap_mapper][INFO] - I20260621 16:30:52.498770 0x1fde420c0 incremental_pipeline.cc:79] Retriangulation and Global bundle adjustment
[2026-06-21 16:30:52,513][src.colmap_mapper][INFO] - I20260621 16:30:52.513594 0x1fde420c0 incremental_pipeline.cc:537] Registering image #6 (num_reg_frames=3)
[2026-06-21 16:30:52,513][src.colmap_mapper][INFO] - I20260621 16:30:52.513598 0x1fde420c0 incremental_pipeline.cc:540] => Image sees 496 / 2128 points
[2026-06-21 16:30:52,569][src.colmap_mapper][INFO] - I20260621 16:30:52.569246 0x1fde420c0 incremental_pipeline.cc:79] Retriangulation and Global bundle adjustment
[2026-06-21 16:30:52,591][src.colmap_mapper][INFO] - I20260621 16:30:52.591728 0x1fde420c0 incremental_pipeline.cc:537] Registering image #5 (num_reg_frames=4)
[2026-06-21 16:30:52,591][src.colmap_mapper][INFO] - I20260621 16:30:52.591734 0x1fde420c0 incremental_pipeline.cc:540] => Image sees 1052 / 2461 points
[2026-06-21 16:30:52,634][src.colmap_mapper][INFO] - I20260621 16:30:52.634389 0x1fde420c0 incremental_pipeline.cc:79] Retriangulation and Global bundle adjustment
[2026-06-21 16:30:52,666][src.colmap_mapper][INFO] - I20260621 16:30:52.666403 0x1fde420c0 incremental_pipeline.cc:537] Registering image #1 (num_reg_frames=5)
[2026-06-21 16:30:52,666][src.colmap_mapper][INFO] - I20260621 16:30:52.666408 0x1fde420c0 incremental_pipeline.cc:540] => Image sees 536 / 1825 points
[2026-06-21 16:30:52,713][src.colmap_mapper][INFO] - I20260621 16:30:52.712991 0x1fde420c0 incremental_pipeline.cc:79] Retriangulation and Global bundle adjustment
[2026-06-21 16:30:52,741][src.colmap_mapper][INFO] - I20260621 16:30:52.741650 0x1fde420c0 incremental_pipeline.cc:537] Registering image #7 (num_reg_frames=6)
[2026-06-21 16:30:52,741][src.colmap_mapper][INFO] - I20260621 16:30:52.741655 0x1fde420c0 incremental_pipeline.cc:540] => Image sees 436 / 1676 points
[2026-06-21 16:30:52,777][src.colmap_mapper][INFO] - I20260621 16:30:52.777772 0x1fde420c0 incremental_pipeline.cc:79] Retriangulation and Global bundle adjustment
[2026-06-21 16:30:52,814][src.colmap_mapper][INFO] - I20260621 16:30:52.814464 0x1fde420c0 incremental_pipeline.cc:537] Registering image #8 (num_reg_frames=7)
[2026-06-21 16:30:52,814][src.colmap_mapper][INFO] - I20260621 16:30:52.814470 0x1fde420c0 incremental_pipeline.cc:540] => Image sees 480 / 1376 points
[2026-06-21 16:30:52,846][src.colmap_mapper][INFO] - I20260621 16:30:52.846097 0x1fde420c0 incremental_pipeline.cc:79] Retriangulation and Global bundle adjustment
[2026-06-21 16:30:52,881][src.colmap_mapper][INFO] - I20260621 16:30:52.881537 0x1fde420c0 incremental_pipeline.cc:79] Retriangulation and Global bundle adjustment
[2026-06-21 16:30:52,890][src.colmap_mapper][INFO] - I20260621 16:30:52.890473 0x1fde420c0 incremental_pipeline.cc:723] Keeping successful reconstruction
[2026-06-21 16:30:52,892][src.colmap_mapper][INFO] - I20260621 16:30:52.892778 0x1fde420c0 timer.cc:90] Elapsed time: 0.008 [minutes]
[2026-06-21 16:30:52,895][src.colmap_mapper][INFO] - Sparse reconstruction completed successfully
[2026-06-21 16:30:52,895][__main__][INFO] - ✓ Sparse reconstruction completed
[2026-06-21 16:30:52,895][src.timing_recorder][INFO] - [TIMING] ✓ Completed: sparse_reconstruction (0.53s)
[2026-06-21 16:30:52,895][src.timing_recorder][INFO] - [TIMING] Starting: undistortion
[2026-06-21 16:30:52,895][__main__][INFO] - ============================================================
[2026-06-21 16:30:52,895][__main__][INFO] - STEP 5: Image Undistortion
[2026-06-21 16:30:52,895][__main__][INFO] - ============================================================
[2026-06-21 16:30:52,897][src.colmap_undistorter][INFO] - Undistorting images
[2026-06-21 16:30:52,897][src.colmap_undistorter][INFO] - Input model: /Users/bc/brendanchambers/2026-06-18-iphone-video-to-splat/data/intermediates/densify_sz0.01_gr0.0001/colmap_sfm_camera_model/sparse/0
[2026-06-21 16:30:52,897][src.colmap_undistorter][INFO] - Images: /Users/bc/brendanchambers/2026-06-18-iphone-video-to-splat/data/intermediates/densify_sz0.01_gr0.0001/colmap_sfm_camera_model/images
[2026-06-21 16:30:52,897][src.colmap_undistorter][INFO] - Output: /Users/bc/brendanchambers/2026-06-18-iphone-video-to-splat/data/intermediates/densify_sz0.01_gr0.0001/colmap_sfm_linearized
[2026-06-21 16:30:52,897][src.colmap_undistorter][INFO] - Running: colmap image_undistorter
[2026-06-21 16:30:52,945][src.colmap_undistorter][INFO] - I20260621 16:30:52.945282 0x1fde420c0 image.cc:368] === Reading reconstruction ===
[2026-06-21 16:30:52,947][src.colmap_undistorter][INFO] - I20260621 16:30:52.947273 0x1fde420c0 image.cc:371] => Reconstruction with 8 images and 2190 points
[2026-06-21 16:30:52,947][src.colmap_undistorter][INFO] - I20260621 16:30:52.947284 0x1fde420c0 undistorters.cc:166] === Image undistortion ===
[2026-06-21 16:30:52,947][src.colmap_undistorter][INFO] - I20260621 16:30:52.947551 0x1fde420c0 undistorters.cc:205] Undistorting image [1/8]
[2026-06-21 16:30:53,548][src.colmap_undistorter][INFO] - I20260621 16:30:53.548824 0x1fde420c0 undistorters.cc:205] Undistorting image [2/8]
[2026-06-21 16:30:53,548][src.colmap_undistorter][INFO] - I20260621 16:30:53.548865 0x1fde420c0 undistorters.cc:205] Undistorting image [3/8]
[2026-06-21 16:30:53,552][src.colmap_undistorter][INFO] - I20260621 16:30:53.552103 0x1fde420c0 undistorters.cc:205] Undistorting image [4/8]
[2026-06-21 16:30:53,556][src.colmap_undistorter][INFO] - I20260621 16:30:53.556398 0x1fde420c0 undistorters.cc:205] Undistorting image [5/8]
[2026-06-21 16:30:53,556][src.colmap_undistorter][INFO] - I20260621 16:30:53.556403 0x1fde420c0 undistorters.cc:205] Undistorting image [6/8]
[2026-06-21 16:30:53,558][src.colmap_undistorter][INFO] - I20260621 16:30:53.558306 0x1fde420c0 undistorters.cc:205] Undistorting image [7/8]
[2026-06-21 16:30:53,558][src.colmap_undistorter][INFO] - I20260621 16:30:53.558312 0x1fde420c0 undistorters.cc:205] Undistorting image [8/8]
[2026-06-21 16:30:53,558][src.colmap_undistorter][INFO] - I20260621 16:30:53.558314 0x1fde420c0 undistorters.cc:213] Writing reconstruction...
[2026-06-21 16:30:53,562][src.colmap_undistorter][INFO] - I20260621 16:30:53.562849 0x1fde420c0 undistorters.cc:218] Writing configuration...
[2026-06-21 16:30:53,562][src.colmap_undistorter][INFO] - I20260621 16:30:53.562952 0x1fde420c0 undistorters.cc:222] Writing scripts...
[2026-06-21 16:30:53,563][src.colmap_undistorter][INFO] - I20260621 16:30:53.563041 0x1fde420c0 timer.cc:90] Elapsed time: 0.010 [minutes]
[2026-06-21 16:30:53,566][src.colmap_undistorter][INFO] - Image undistortion completed successfully
[2026-06-21 16:30:53,566][__main__][INFO] - ✓ Image undistortion completed
[2026-06-21 16:30:53,566][src.timing_recorder][INFO] - [TIMING] ✓ Completed: undistortion (0.67s)
[2026-06-21 16:30:53,566][src.timing_recorder][INFO] - [TIMING] Starting: splat_training
[2026-06-21 16:30:53,566][__main__][INFO] - ============================================================
[2026-06-21 16:30:53,566][__main__][INFO] - STEP 6: OpenSplat Training
[2026-06-21 16:30:53,566][__main__][INFO] - ============================================================
[2026-06-21 16:30:53,568][src.opensplat_trainer][INFO] - Training 3D Gaussian Splat
[2026-06-21 16:30:53,568][src.opensplat_trainer][INFO] - Sparse model: /Users/bc/brendanchambers/2026-06-18-iphone-video-to-splat/data/intermediates/densify_sz0.01_gr0.0001/colmap_sfm_linearized/sparse
[2026-06-21 16:30:53,568][src.opensplat_trainer][INFO] - Images: /Users/bc/brendanchambers/2026-06-18-iphone-video-to-splat/data/intermediates/densify_sz0.01_gr0.0001/colmap_sfm_linearized/images
[2026-06-21 16:30:53,568][src.opensplat_trainer][INFO] - Output PLY: /Users/bc/brendanchambers/2026-06-18-iphone-video-to-splat/data/intermediates/densify_sz0.01_gr0.0001/colmap_sfm_linearized/splats/densify_sz0.01_gr0.0001_20260621_1630.ply
[2026-06-21 16:30:53,568][src.opensplat_trainer][INFO] - Training loss log: /Users/bc/brendanchambers/2026-06-18-iphone-video-to-splat/data/intermediates/densify_sz0.01_gr0.0001/colmap_sfm_linearized/splats/train_20260621_1630.jsonl
[2026-06-21 16:30:53,568][src.opensplat_trainer][INFO] - Validation loss log: /Users/bc/brendanchambers/2026-06-18-iphone-video-to-splat/data/intermediates/densify_sz0.01_gr0.0001/colmap_sfm_linearized/splats/val_20260621_1630.jsonl
[2026-06-21 16:30:53,568][src.opensplat_trainer][INFO] - Running: opensplat
[2026-06-21 16:30:53,707][src.opensplat_trainer][INFO] - Using MPS
[2026-06-21 16:30:53,708][src.opensplat_trainer][INFO] - Reading 2190 points
[2026-06-21 16:30:53,709][src.opensplat_trainer][INFO] - Loading /Users/bc/brendanchambers/2026-06-18-iphone-video-to-splat/data/intermediates/densify_sz0.01_gr0.0001/colmap_sfm_linearized/images/frame_0001.jpgLoading /Users/bc/brendanchambers/2026-06-18-iphone-video-to-splat/data/intermediates/densify_sz0.01_gr0.0001/colmap_sfm_linearized/images/frame_0002.jpg
[2026-06-21 16:30:53,709][src.opensplat_trainer][INFO] - 
[2026-06-21 16:30:53,709][src.opensplat_trainer][INFO] - Loading /Users/bc/brendanchambers/2026-06-18-iphone-video-to-splat/data/intermediates/densify_sz0.01_gr0.0001/colmap_sfm_linearized/images/frame_0003.jpg
[2026-06-21 16:30:53,709][src.opensplat_trainer][INFO] - Loading /Users/bc/brendanchambers/2026-06-18-iphone-video-to-splat/data/intermediates/densify_sz0.01_gr0.0001/colmap_sfm_linearized/images/frame_0005.jpg
[2026-06-21 16:30:53,709][src.opensplat_trainer][INFO] - Loading /Users/bc/brendanchambers/2026-06-18-iphone-video-to-splat/data/intermediates/densify_sz0.01_gr0.0001/colmap_sfm_linearized/images/frame_0004.jpg
[2026-06-21 16:30:53,709][src.opensplat_trainer][INFO] - Loading /Users/bc/brendanchambers/2026-06-18-iphone-video-to-splat/data/intermediates/densify_sz0.01_gr0.0001/colmap_sfm_linearized/images/frame_0007.jpg
[2026-06-21 16:30:53,709][src.opensplat_trainer][INFO] - Loading /Users/bc/brendanchambers/2026-06-18-iphone-video-to-splat/data/intermediates/densify_sz0.01_gr0.0001/colmap_sfm_linearized/images/frame_0008.jpg
[2026-06-21 16:30:53,709][src.opensplat_trainer][INFO] - Loading /Users/bc/brendanchambers/2026-06-18-iphone-video-to-splat/data/intermediates/densify_sz0.01_gr0.0001/colmap_sfm_linearized/images/frame_0006.jpg
[2026-06-21 16:30:54,090][src.opensplat_trainer][INFO] - init_gsplat_metal_context: loading '/Users/bc/brendanchambers/2026-06-18-iphone-video-to-splat/opensplat/build/default.metallib'
[2026-06-21 16:30:54,091][src.opensplat_trainer][INFO] - init_gsplat_metal_context: loaded '/Users/bc/brendanchambers/2026-06-18-iphone-video-to-splat/opensplat/build/default.metallib', functions: compute_cov2d_bounds_kernel, project_gaussians_backward_kernel, get_tile_bin_edges_kernel, rasterize_backward_kernel, map_gaussian_to_intersects_kernel, nd_rasterize_backward_kernel, project_gaussians_forward_kernel, compute_sh_backward_kernel, compute_sh_forward_kernel, nd_rasterize_forward_kernel
[2026-06-21 16:30:54,091][src.opensplat_trainer][INFO] - init_gsplat_metal_context: load function nd_rasterize_backward_kernel with label: (null)
[2026-06-21 16:30:54,091][src.opensplat_trainer][INFO] - init_gsplat_metal_context: load function nd_rasterize_forward_kernel with label: (null)
[2026-06-21 16:30:54,091][src.opensplat_trainer][INFO] - init_gsplat_metal_context: load function rasterize_backward_kernel with label: (null)
[2026-06-21 16:30:54,091][src.opensplat_trainer][INFO] - init_gsplat_metal_context: load function project_gaussians_forward_kernel with label: (null)
[2026-06-21 16:30:54,091][src.opensplat_trainer][INFO] - init_gsplat_metal_context: load function project_gaussians_backward_kernel with label: (null)
[2026-06-21 16:30:54,091][src.opensplat_trainer][INFO] - init_gsplat_metal_context: load function compute_sh_forward_kernel with label: (null)
[2026-06-21 16:30:54,091][src.opensplat_trainer][INFO] - init_gsplat_metal_context: load function compute_sh_backward_kernel with label: (null)
[2026-06-21 16:30:54,091][src.opensplat_trainer][INFO] - init_gsplat_metal_context: load function compute_cov2d_bounds_kernel with label: (null)
[2026-06-21 16:30:54,091][src.opensplat_trainer][INFO] - init_gsplat_metal_context: load function map_gaussian_to_intersects_kernel with label: (null)
[2026-06-21 16:30:54,091][src.opensplat_trainer][INFO] - init_gsplat_metal_context: load function get_tile_bin_edges_kernel with label: (null)
[2026-06-21 16:30:54,091][src.opensplat_trainer][INFO] - Step 10: 0.335803 (20%)
[2026-06-21 16:30:54,306][src.opensplat_trainer][INFO] - Step 20: 0.316211 (40%)
[2026-06-21 16:30:54,499][src.opensplat_trainer][INFO] - Step 30: 0.283803 (60%)
[2026-06-21 16:30:54,681][src.opensplat_trainer][INFO] - Step 40: 0.301185 (80%)
[2026-06-21 16:30:54,898][src.opensplat_trainer][INFO] - Step 50: 0.302681 (100%)
[2026-06-21 16:30:54,911][src.opensplat_trainer][INFO] - Wrote /Users/bc/brendanchambers/2026-06-18-iphone-video-to-splat/data/intermediates/densify_sz0.01_gr0.0001/colmap_sfm_linearized/splats/cameras.json
[2026-06-21 16:30:54,918][src.opensplat_trainer][INFO] - Wrote /Users/bc/brendanchambers/2026-06-18-iphone-video-to-splat/data/intermediates/densify_sz0.01_gr0.0001/colmap_sfm_linearized/splats/densify_sz0.01_gr0.0001_20260621_1630.ply
[2026-06-21 16:30:54,932][src.opensplat_trainer][INFO] - /Users/bc/brendanchambers/2026-06-18-iphone-video-to-splat/data/intermediates/densify_sz0.01_gr0.0001/colmap_sfm_linearized/images/frame_0001.jpg validation loss: 0.344928
[2026-06-21 16:30:54,983][src.opensplat_trainer][INFO] - Parsed 5 training loss values to /Users/bc/brendanchambers/2026-06-18-iphone-video-to-splat/data/intermediates/densify_sz0.01_gr0.0001/colmap_sfm_linearized/splats/train_20260621_1630.jsonl
[2026-06-21 16:30:54,983][src.opensplat_trainer][INFO] - Captured validation loss: 0.344928 to /Users/bc/brendanchambers/2026-06-18-iphone-video-to-splat/data/intermediates/densify_sz0.01_gr0.0001/colmap_sfm_linearized/splats/val_20260621_1630.jsonl
[2026-06-21 16:30:54,983][src.opensplat_trainer][INFO] - Training completed successfully
[2026-06-21 16:30:54,983][src.opensplat_trainer][INFO] - Output saved to: /Users/bc/brendanchambers/2026-06-18-iphone-video-to-splat/data/intermediates/densify_sz0.01_gr0.0001/colmap_sfm_linearized/splats/densify_sz0.01_gr0.0001_20260621_1630.ply
[2026-06-21 16:30:54,983][__main__][INFO] - ✓ Splat training completed
[2026-06-21 16:30:54,983][__main__][INFO] - ============================================================
[2026-06-21 16:30:54,983][__main__][INFO] - Analyzing Training Loss
[2026-06-21 16:30:54,983][__main__][INFO] - ============================================================
[2026-06-21 16:30:55,044][src.timing_recorder][INFO] - [TIMING] ✓ Completed: splat_training (1.48s)
[2026-06-21 16:30:55,044][__main__][INFO] - 
[2026-06-21 16:30:55,044][__main__][INFO] - ╔==========================================================╗
[2026-06-21 16:30:55,044][__main__][INFO] - ║                    Pipeline Complete!                    ║
[2026-06-21 16:30:55,044][__main__][INFO] - ╚==========================================================╝
[2026-06-21 16:30:55,044][__main__][INFO] - Output directory: /Users/bc/brendanchambers/2026-06-18-iphone-video-to-splat/data/intermediates/densify_sz0.01_gr0.0001/colmap_sfm_linearized/splats
[2026-06-21 16:30:55,045][__main__][INFO] -   - PLY file: *.ply (3D Gaussian Splat)
[2026-06-21 16:30:55,045][__main__][INFO] -   - Loss log: *.jsonl (Training loss per step)
[2026-06-21 16:30:55,045][__main__][INFO] -   - Timing log: running-time_*.jsonl (Step execution times)
[2026-06-21 16:30:55,045][src.timing_recorder][INFO] - 
[2026-06-21 16:30:55,045][src.timing_recorder][INFO] - ======================================================================
[2026-06-21 16:30:55,045][src.timing_recorder][INFO] - PIPELINE EXECUTION TIMING SUMMARY
[2026-06-21 16:30:55,045][src.timing_recorder][INFO] - ======================================================================
[2026-06-21 16:30:55,045][src.timing_recorder][INFO] - ✓ frame_extraction              0.22s  (  5.3%)
[2026-06-21 16:30:55,045][src.timing_recorder][INFO] - ✓ feature_extraction            0.72s  ( 17.1%)
[2026-06-21 16:30:55,045][src.timing_recorder][INFO] - ✓ feature_matching              0.57s  ( 13.7%)
[2026-06-21 16:30:55,045][src.timing_recorder][INFO] - ✓ sparse_reconstruction         0.53s  ( 12.7%)
[2026-06-21 16:30:55,045][src.timing_recorder][INFO] - ✓ undistortion                  0.67s  ( 16.0%)
[2026-06-21 16:30:55,045][src.timing_recorder][INFO] - ✓ splat_training                1.48s  ( 35.2%)
[2026-06-21 16:30:55,045][src.timing_recorder][INFO] - ----------------------------------------------------------------------
[2026-06-21 16:30:55,045][src.timing_recorder][INFO] - TOTAL                           4.19s  (100.0%)
[2026-06-21 16:30:55,045][src.timing_recorder][INFO] - ======================================================================
[2026-06-21 16:30:55,045][src.timing_recorder][INFO] - 
[2026-06-21 16:30:55,045][src.timing_recorder][INFO] - [TIMING] Saved timing report to: /Users/bc/brendanchambers/2026-06-18-iphone-video-to-splat/data/intermediates/densify_sz0.01_gr0.0001/colmap_sfm_linearized/splats/running-time_20260621_1630.jsonl
[2026-06-21 16:30:55,046][__main__][INFO] - ============================================================
[2026-06-21 16:30:55,046][__main__][INFO] - Logging Experiment Results
[2026-06-21 16:30:55,046][__main__][INFO] - ============================================================
[2026-06-21 16:30:55,046][src.experiment_tracker][INFO] - Logged experiment to: /Users/bc/brendanchambers/2026-06-18-iphone-video-to-splat/reports/experiments/baseline.jsonl
[2026-06-21 16:30:55,046][__main__][INFO] - Experiment results logged to: /Users/bc/brendanchambers/2026-06-18-iphone-video-to-splat/reports/experiments/baseline.jsonl
[2026-06-21 16:30:55,046][__main__][INFO] -   Experiment: densify_sz0.01_gr0.0001
[2026-06-21 16:30:55,047][__main__][INFO] -   Group: baseline
[2026-06-21 16:30:55,047][__main__][INFO] -   Train loss: 0.302681
[2026-06-21 16:30:55,047][__main__][INFO] -   Total time: 4.19s (0.07m)
