[2026-06-21 14:36:39,702][__main__][INFO] - 
[2026-06-21 14:36:39,702][__main__][INFO] - ╔==========================================================╗
[2026-06-21 14:36:39,702][__main__][INFO] - ║          3D Gaussian Splat Training Pipeline              ║
[2026-06-21 14:36:39,702][__main__][INFO] - ╚==========================================================╝
[2026-06-21 14:36:39,702][__main__][INFO] - Experiment: teensy
[2026-06-21 14:36:39,703][__main__][INFO] - Project dir: /Users/bc/brendanchambers/2026-06-18-iphone-video-to-splat
[2026-06-21 14:36:39,703][__main__][INFO] - 
[2026-06-21 14:36:39,703][__main__][INFO] - ============================================================
[2026-06-21 14:36:39,703][__main__][INFO] - STEP 1: Frame Extraction
[2026-06-21 14:36:39,703][__main__][INFO] - ============================================================
[2026-06-21 14:36:39,703][src.frame_extractor][INFO] - Extracting frames from: /Users/bc/brendanchambers/2026-06-18-iphone-video-to-splat/data/incoming/movies/teensy.mov
[2026-06-21 14:36:39,703][src.frame_extractor][INFO] - Output directory: /Users/bc/brendanchambers/2026-06-18-iphone-video-to-splat/data/intermediates/teensy/colmap_sfm_camera_model/images
[2026-06-21 14:36:39,703][src.frame_extractor][INFO] - Extracting frames at 2 fps
[2026-06-21 14:36:39,703][src.frame_extractor][INFO] - Running command: ffmpeg -i /Users/bc/brendanchambers/2026-06-18-iphone-video-to-splat/data/incoming/movies/teensy.mov -vf fps=2 -q:v 5 /Users/bc/brendanchambers/2026-06-18-iphone-video-to-splat/data/intermediates/teensy/colmap_sfm_camera_model/images/frame_%04d.jpg
[2026-06-21 14:36:39,716][src.frame_extractor][INFO] - ffmpeg version 8.1.2 Copyright (c) 2000-2026 the FFmpeg developers
[2026-06-21 14:36:39,717][src.frame_extractor][INFO] -   built with Apple clang version 17.0.0 (clang-1700.6.4.2)
[2026-06-21 14:36:39,717][src.frame_extractor][INFO] -   configuration: --prefix=/opt/homebrew/Cellar/ffmpeg/8.1.2 --enable-shared --enable-pthreads --enable-version3 --cc=clang --host-cflags= --host-ldflags= --enable-ffplay --enable-gpl --enable-libsvtav1 --enable-libopus --enable-libx264 --enable-libmp3lame --enable-libdav1d --enable-libvmaf --enable-libvpx --enable-libx265 --enable-openssl --enable-videotoolbox --enable-audiotoolbox --enable-neon
[2026-06-21 14:36:39,717][src.frame_extractor][INFO] -   libavutil      60. 26.102 / 60. 26.102
[2026-06-21 14:36:39,717][src.frame_extractor][INFO] -   libavcodec     62. 28.102 / 62. 28.102
[2026-06-21 14:36:39,717][src.frame_extractor][INFO] -   libavformat    62. 12.102 / 62. 12.102
[2026-06-21 14:36:39,717][src.frame_extractor][INFO] -   libavdevice    62.  3.102 / 62.  3.102
[2026-06-21 14:36:39,717][src.frame_extractor][INFO] -   libavfilter    11. 14.102 / 11. 14.102
[2026-06-21 14:36:39,717][src.frame_extractor][INFO] -   libswscale      9.  5.102 /  9.  5.102
[2026-06-21 14:36:39,717][src.frame_extractor][INFO] -   libswresample   6.  3.102 /  6.  3.102
[2026-06-21 14:36:39,731][src.frame_extractor][INFO] - Input #0, mov,mp4,m4a,3gp,3g2,mj2, from '/Users/bc/brendanchambers/2026-06-18-iphone-video-to-splat/data/incoming/movies/teensy.mov':
[2026-06-21 14:36:39,731][src.frame_extractor][INFO] -   Metadata:
[2026-06-21 14:36:39,731][src.frame_extractor][INFO] -     major_brand     : qt
[2026-06-21 14:36:39,731][src.frame_extractor][INFO] -     minor_version   : 512
[2026-06-21 14:36:39,731][src.frame_extractor][INFO] -     compatible_brands: qt
[2026-06-21 14:36:39,731][src.frame_extractor][INFO] -     encoder         : Lavf62.12.102
[2026-06-21 14:36:39,731][src.frame_extractor][INFO] -   Duration: 00:00:04.01, start: 0.000000, bitrate: 19786 kb/s
[2026-06-21 14:36:39,731][src.frame_extractor][INFO] -   Stream #0:0[0x1]: Video: h264 (High) (avc1 / 0x31637661), yuv420p(tv, bt709, progressive), 1080x1920, 19646 kb/s, 29.67 fps, 29.67 tbr, 11392 tbn (default)
[2026-06-21 14:36:39,731][src.frame_extractor][INFO] -     Metadata:
[2026-06-21 14:36:39,731][src.frame_extractor][INFO] -       handler_name    : Core Media Video
[2026-06-21 14:36:39,731][src.frame_extractor][INFO] -       vendor_id       : FFMP
[2026-06-21 14:36:39,731][src.frame_extractor][INFO] -       encoder         : Lavc62.28.102 libx264
[2026-06-21 14:36:39,731][src.frame_extractor][INFO] -   Stream #0:1[0x2]: Audio: aac (LC) (mp4a / 0x6134706D), 48000 Hz, stereo, fltp, 128 kb/s (default)
[2026-06-21 14:36:39,731][src.frame_extractor][INFO] -     Metadata:
[2026-06-21 14:36:39,731][src.frame_extractor][INFO] -       handler_name    : Core Media Audio
[2026-06-21 14:36:39,731][src.frame_extractor][INFO] -       vendor_id       : [0][0][0][0]
[2026-06-21 14:36:39,731][src.frame_extractor][INFO] - Stream mapping:
[2026-06-21 14:36:39,731][src.frame_extractor][INFO] -   Stream #0:0 -> #0:0 (h264 (native) -> mjpeg (native))
[2026-06-21 14:36:39,731][src.frame_extractor][INFO] - Press [q] to stop, [?] for help
[2026-06-21 14:36:39,780][src.frame_extractor][INFO] - Output #0, image2, to '/Users/bc/brendanchambers/2026-06-18-iphone-video-to-splat/data/intermediates/teensy/colmap_sfm_camera_model/images/frame_%04d.jpg':
[2026-06-21 14:36:39,780][src.frame_extractor][INFO] -   Metadata:
[2026-06-21 14:36:39,780][src.frame_extractor][INFO] -     major_brand     : qt
[2026-06-21 14:36:39,780][src.frame_extractor][INFO] -     minor_version   : 512
[2026-06-21 14:36:39,781][src.frame_extractor][INFO] -     compatible_brands: qt
[2026-06-21 14:36:39,781][src.frame_extractor][INFO] -     encoder         : Lavf62.12.102
[2026-06-21 14:36:39,781][src.frame_extractor][INFO] -   Stream #0:0: Video: mjpeg, yuv420p(pc, bt709, progressive), 1080x1920, q=2-31, 200 kb/s, 2 fps, 2 tbn (default)
[2026-06-21 14:36:39,781][src.frame_extractor][INFO] -     Metadata:
[2026-06-21 14:36:39,781][src.frame_extractor][INFO] -       encoder         : Lavc62.28.102 mjpeg
[2026-06-21 14:36:39,782][src.frame_extractor][INFO] -       handler_name    : Core Media Video
[2026-06-21 14:36:39,782][src.frame_extractor][INFO] -       vendor_id       : FFMP
[2026-06-21 14:36:39,782][src.frame_extractor][INFO] -     Side data:
[2026-06-21 14:36:39,782][src.frame_extractor][INFO] -       CPB properties: bitrate max/min/avg: 0/0/200000 buffer size: 0 vbv_delay: N/A
[2026-06-21 14:36:39,917][src.frame_extractor][INFO] - [out#0/image2 @ 0x6000030c4600] video:3120KiB audio:0KiB subtitle:0KiB other streams:0KiB global headers:0KiB muxing overhead: unknown
[2026-06-21 14:36:39,917][src.frame_extractor][INFO] - frame=    8 fps=0.0 q=5.0 Lsize=N/A time=00:00:04.00 bitrate=N/A speed=21.5x elapsed=0:00:00.18
[2026-06-21 14:36:39,921][src.frame_extractor][INFO] - Successfully extracted 8 frames
[2026-06-21 14:36:39,921][__main__][INFO] - ✓ Frame extraction completed
[2026-06-21 14:36:39,921][__main__][INFO] - ============================================================
[2026-06-21 14:36:39,921][__main__][INFO] - STEP 2: Feature Extraction
[2026-06-21 14:36:39,921][__main__][INFO] - ============================================================
[2026-06-21 14:36:39,922][src.colmap_feature_extractor][INFO] - Extracting features from images: /Users/bc/brendanchambers/2026-06-18-iphone-video-to-splat/data/intermediates/teensy/colmap_sfm_camera_model/images
[2026-06-21 14:36:39,922][src.colmap_feature_extractor][INFO] - Database: /Users/bc/brendanchambers/2026-06-18-iphone-video-to-splat/data/intermediates/teensy/colmap_sfm_camera_model/database.db
[2026-06-21 14:36:39,922][src.colmap_feature_extractor][INFO] - Running: colmap feature_extractor
[2026-06-21 14:36:40,078][src.colmap_feature_extractor][INFO] - I20260621 14:36:40.078294 0x16fcdf000 feature_extraction.cc:504] === Feature extraction ===
[2026-06-21 14:36:40,092][src.colmap_feature_extractor][INFO] - I20260621 14:36:40.092400 0x1702e3000 sift.cc:757] Creating SIFT GPU feature extractor
[2026-06-21 14:36:40,224][src.colmap_feature_extractor][INFO] - I20260621 14:36:40.224924 0x17036f000 feature_extraction.cc:282] Processed file [1/8]
[2026-06-21 14:36:40,225][src.colmap_feature_extractor][INFO] - I20260621 14:36:40.224941 0x17036f000 feature_extraction.cc:285]   Name:            frame_0001.jpg
[2026-06-21 14:36:40,225][src.colmap_feature_extractor][INFO] - I20260621 14:36:40.224972 0x17036f000 feature_extraction.cc:294]   Dimensions:      1080 x 1920
[2026-06-21 14:36:40,225][src.colmap_feature_extractor][INFO] - I20260621 14:36:40.224999 0x17036f000 feature_extraction.cc:297]   Camera:          #1 - RADIAL
[2026-06-21 14:36:40,225][src.colmap_feature_extractor][INFO] - I20260621 14:36:40.225003 0x17036f000 feature_extraction.cc:300]   Focal Length:    2304.00px
[2026-06-21 14:36:40,225][src.colmap_feature_extractor][INFO] - I20260621 14:36:40.225009 0x17036f000 feature_extraction.cc:304]   Features:        4449 (SIFT)
[2026-06-21 14:36:40,284][src.colmap_feature_extractor][INFO] - I20260621 14:36:40.284427 0x17036f000 feature_extraction.cc:282] Processed file [2/8]
[2026-06-21 14:36:40,284][src.colmap_feature_extractor][INFO] - I20260621 14:36:40.284442 0x17036f000 feature_extraction.cc:285]   Name:            frame_0002.jpg
[2026-06-21 14:36:40,284][src.colmap_feature_extractor][INFO] - I20260621 14:36:40.284445 0x17036f000 feature_extraction.cc:294]   Dimensions:      1080 x 1920
[2026-06-21 14:36:40,284][src.colmap_feature_extractor][INFO] - I20260621 14:36:40.284447 0x17036f000 feature_extraction.cc:297]   Camera:          #1 - RADIAL
[2026-06-21 14:36:40,285][src.colmap_feature_extractor][INFO] - I20260621 14:36:40.284475 0x17036f000 feature_extraction.cc:300]   Focal Length:    2304.00px
[2026-06-21 14:36:40,285][src.colmap_feature_extractor][INFO] - I20260621 14:36:40.284505 0x17036f000 feature_extraction.cc:304]   Features:        4766 (SIFT)
[2026-06-21 14:36:40,339][src.colmap_feature_extractor][INFO] - I20260621 14:36:40.339732 0x17036f000 feature_extraction.cc:282] Processed file [3/8]
[2026-06-21 14:36:40,339][src.colmap_feature_extractor][INFO] - I20260621 14:36:40.339749 0x17036f000 feature_extraction.cc:285]   Name:            frame_0003.jpg
[2026-06-21 14:36:40,339][src.colmap_feature_extractor][INFO] - I20260621 14:36:40.339752 0x17036f000 feature_extraction.cc:294]   Dimensions:      1080 x 1920
[2026-06-21 14:36:40,340][src.colmap_feature_extractor][INFO] - I20260621 14:36:40.339754 0x17036f000 feature_extraction.cc:297]   Camera:          #1 - RADIAL
[2026-06-21 14:36:40,340][src.colmap_feature_extractor][INFO] - I20260621 14:36:40.339760 0x17036f000 feature_extraction.cc:300]   Focal Length:    2304.00px
[2026-06-21 14:36:40,340][src.colmap_feature_extractor][INFO] - I20260621 14:36:40.339764 0x17036f000 feature_extraction.cc:304]   Features:        5561 (SIFT)
[2026-06-21 14:36:40,394][src.colmap_feature_extractor][INFO] - I20260621 14:36:40.394475 0x17036f000 feature_extraction.cc:282] Processed file [4/8]
[2026-06-21 14:36:40,394][src.colmap_feature_extractor][INFO] - I20260621 14:36:40.394488 0x17036f000 feature_extraction.cc:285]   Name:            frame_0004.jpg
[2026-06-21 14:36:40,394][src.colmap_feature_extractor][INFO] - I20260621 14:36:40.394490 0x17036f000 feature_extraction.cc:294]   Dimensions:      1080 x 1920
[2026-06-21 14:36:40,394][src.colmap_feature_extractor][INFO] - I20260621 14:36:40.394492 0x17036f000 feature_extraction.cc:297]   Camera:          #1 - RADIAL
[2026-06-21 14:36:40,395][src.colmap_feature_extractor][INFO] - I20260621 14:36:40.394495 0x17036f000 feature_extraction.cc:300]   Focal Length:    2304.00px
[2026-06-21 14:36:40,395][src.colmap_feature_extractor][INFO] - I20260621 14:36:40.394497 0x17036f000 feature_extraction.cc:304]   Features:        6351 (SIFT)
[2026-06-21 14:36:40,449][src.colmap_feature_extractor][INFO] - I20260621 14:36:40.448962 0x17036f000 feature_extraction.cc:282] Processed file [5/8]
[2026-06-21 14:36:40,449][src.colmap_feature_extractor][INFO] - I20260621 14:36:40.448983 0x17036f000 feature_extraction.cc:285]   Name:            frame_0005.jpg
[2026-06-21 14:36:40,449][src.colmap_feature_extractor][INFO] - I20260621 14:36:40.448985 0x17036f000 feature_extraction.cc:294]   Dimensions:      1080 x 1920
[2026-06-21 14:36:40,449][src.colmap_feature_extractor][INFO] - I20260621 14:36:40.448987 0x17036f000 feature_extraction.cc:297]   Camera:          #1 - RADIAL
[2026-06-21 14:36:40,449][src.colmap_feature_extractor][INFO] - I20260621 14:36:40.448989 0x17036f000 feature_extraction.cc:300]   Focal Length:    2304.00px
[2026-06-21 14:36:40,449][src.colmap_feature_extractor][INFO] - I20260621 14:36:40.448992 0x17036f000 feature_extraction.cc:304]   Features:        4609 (SIFT)
[2026-06-21 14:36:40,503][src.colmap_feature_extractor][INFO] - I20260621 14:36:40.503834 0x17036f000 feature_extraction.cc:282] Processed file [6/8]
[2026-06-21 14:36:40,504][src.colmap_feature_extractor][INFO] - I20260621 14:36:40.503848 0x17036f000 feature_extraction.cc:285]   Name:            frame_0006.jpg
[2026-06-21 14:36:40,504][src.colmap_feature_extractor][INFO] - I20260621 14:36:40.503850 0x17036f000 feature_extraction.cc:294]   Dimensions:      1080 x 1920
[2026-06-21 14:36:40,504][src.colmap_feature_extractor][INFO] - I20260621 14:36:40.503852 0x17036f000 feature_extraction.cc:297]   Camera:          #1 - RADIAL
[2026-06-21 14:36:40,504][src.colmap_feature_extractor][INFO] - I20260621 14:36:40.503854 0x17036f000 feature_extraction.cc:300]   Focal Length:    2304.00px
[2026-06-21 14:36:40,504][src.colmap_feature_extractor][INFO] - I20260621 14:36:40.503856 0x17036f000 feature_extraction.cc:304]   Features:        4916 (SIFT)
[2026-06-21 14:36:40,557][src.colmap_feature_extractor][INFO] - I20260621 14:36:40.557350 0x17036f000 feature_extraction.cc:282] Processed file [7/8]
[2026-06-21 14:36:40,557][src.colmap_feature_extractor][INFO] - I20260621 14:36:40.557363 0x17036f000 feature_extraction.cc:285]   Name:            frame_0007.jpg
[2026-06-21 14:36:40,557][src.colmap_feature_extractor][INFO] - I20260621 14:36:40.557365 0x17036f000 feature_extraction.cc:294]   Dimensions:      1080 x 1920
[2026-06-21 14:36:40,557][src.colmap_feature_extractor][INFO] - I20260621 14:36:40.557367 0x17036f000 feature_extraction.cc:297]   Camera:          #1 - RADIAL
[2026-06-21 14:36:40,557][src.colmap_feature_extractor][INFO] - I20260621 14:36:40.557369 0x17036f000 feature_extraction.cc:300]   Focal Length:    2304.00px
[2026-06-21 14:36:40,557][src.colmap_feature_extractor][INFO] - I20260621 14:36:40.557372 0x17036f000 feature_extraction.cc:304]   Features:        4134 (SIFT)
[2026-06-21 14:36:40,614][src.colmap_feature_extractor][INFO] - I20260621 14:36:40.614175 0x17036f000 feature_extraction.cc:282] Processed file [8/8]
[2026-06-21 14:36:40,614][src.colmap_feature_extractor][INFO] - I20260621 14:36:40.614213 0x17036f000 feature_extraction.cc:285]   Name:            frame_0008.jpg
[2026-06-21 14:36:40,614][src.colmap_feature_extractor][INFO] - I20260621 14:36:40.614215 0x17036f000 feature_extraction.cc:294]   Dimensions:      1080 x 1920
[2026-06-21 14:36:40,614][src.colmap_feature_extractor][INFO] - I20260621 14:36:40.614217 0x17036f000 feature_extraction.cc:297]   Camera:          #1 - RADIAL
[2026-06-21 14:36:40,614][src.colmap_feature_extractor][INFO] - I20260621 14:36:40.614219 0x17036f000 feature_extraction.cc:300]   Focal Length:    2304.00px
[2026-06-21 14:36:40,614][src.colmap_feature_extractor][INFO] - I20260621 14:36:40.614221 0x17036f000 feature_extraction.cc:304]   Features:        6773 (SIFT)
[2026-06-21 14:36:40,619][src.colmap_feature_extractor][INFO] - I20260621 14:36:40.619872 0x16fcdf000 timer.cc:90] Elapsed time: 0.009 [minutes]
[2026-06-21 14:36:40,639][src.colmap_feature_extractor][INFO] - Feature extraction completed successfully
[2026-06-21 14:36:40,639][__main__][INFO] - ✓ Feature extraction completed
[2026-06-21 14:36:40,639][__main__][INFO] - ============================================================
[2026-06-21 14:36:40,639][__main__][INFO] - STEP 3: Feature Matching
[2026-06-21 14:36:40,639][__main__][INFO] - ============================================================
[2026-06-21 14:36:40,640][src.colmap_feature_matcher][INFO] - Matching features in database: /Users/bc/brendanchambers/2026-06-18-iphone-video-to-splat/data/intermediates/teensy/colmap_sfm_camera_model/database.db
[2026-06-21 14:36:40,640][src.colmap_feature_matcher][INFO] - Running: colmap sequential_matcher
[2026-06-21 14:36:40,803][src.colmap_feature_matcher][INFO] - I20260621 14:36:40.803225 0x16b1df000 feature_matching.cc:195] === Feature matching & geometric verification ===
[2026-06-21 14:36:40,817][src.colmap_feature_matcher][INFO] - I20260621 14:36:40.817708 0x16b26b000 sift.cc:1559] Creating SIFT GPU feature matcher
[2026-06-21 14:36:40,840][src.colmap_feature_matcher][INFO] - I20260621 14:36:40.840615 0x16b1df000 pairing.cc:415] Generating sequential image pairs...
[2026-06-21 14:36:40,840][src.colmap_feature_matcher][INFO] - I20260621 14:36:40.840702 0x16b1df000 pairing.cc:473] Processing image [1/8]
[2026-06-21 14:36:40,919][src.colmap_feature_matcher][INFO] - I20260621 14:36:40.919733 0x16b1df000 feature_matching.cc:217] in 0.079s
[2026-06-21 14:36:40,919][src.colmap_feature_matcher][INFO] - I20260621 14:36:40.919749 0x16b1df000 pairing.cc:473] Processing image [2/8]
[2026-06-21 14:36:40,978][src.colmap_feature_matcher][INFO] - I20260621 14:36:40.978416 0x16b1df000 feature_matching.cc:217] in 0.059s
[2026-06-21 14:36:40,978][src.colmap_feature_matcher][INFO] - I20260621 14:36:40.978426 0x16b1df000 pairing.cc:473] Processing image [3/8]
[2026-06-21 14:36:41,040][src.colmap_feature_matcher][INFO] - I20260621 14:36:41.040678 0x16b1df000 feature_matching.cc:217] in 0.062s
[2026-06-21 14:36:41,040][src.colmap_feature_matcher][INFO] - I20260621 14:36:41.040685 0x16b1df000 pairing.cc:473] Processing image [4/8]
[2026-06-21 14:36:41,113][src.colmap_feature_matcher][INFO] - I20260621 14:36:41.113379 0x16b1df000 feature_matching.cc:217] in 0.073s
[2026-06-21 14:36:41,113][src.colmap_feature_matcher][INFO] - I20260621 14:36:41.113386 0x16b1df000 pairing.cc:473] Processing image [5/8]
[2026-06-21 14:36:41,145][src.colmap_feature_matcher][INFO] - I20260621 14:36:41.145007 0x16b1df000 feature_matching.cc:217] in 0.032s
[2026-06-21 14:36:41,145][src.colmap_feature_matcher][INFO] - I20260621 14:36:41.145013 0x16b1df000 pairing.cc:473] Processing image [6/8]
[2026-06-21 14:36:41,185][src.colmap_feature_matcher][INFO] - I20260621 14:36:41.185533 0x16b1df000 feature_matching.cc:217] in 0.041s
[2026-06-21 14:36:41,185][src.colmap_feature_matcher][INFO] - I20260621 14:36:41.185538 0x16b1df000 pairing.cc:473] Processing image [7/8]
[2026-06-21 14:36:41,207][src.colmap_feature_matcher][INFO] - I20260621 14:36:41.207365 0x16b1df000 feature_matching.cc:217] in 0.022s
[2026-06-21 14:36:41,207][src.colmap_feature_matcher][INFO] - I20260621 14:36:41.207369 0x16b1df000 pairing.cc:473] Processing image [8/8]
[2026-06-21 14:36:41,207][src.colmap_feature_matcher][INFO] - I20260621 14:36:41.207371 0x16b1df000 feature_matching.cc:217] in 0.000s
[2026-06-21 14:36:41,207][src.colmap_feature_matcher][INFO] - I20260621 14:36:41.207373 0x16b1df000 timer.cc:90] Elapsed time: 0.007 [minutes]
[2026-06-21 14:36:41,215][src.colmap_feature_matcher][INFO] - Feature matching completed successfully
[2026-06-21 14:36:41,215][__main__][INFO] - ✓ Feature matching completed
[2026-06-21 14:36:41,215][__main__][INFO] - ============================================================
[2026-06-21 14:36:41,215][__main__][INFO] - STEP 4: Sparse Reconstruction
[2026-06-21 14:36:41,215][__main__][INFO] - ============================================================
[2026-06-21 14:36:41,217][src.colmap_mapper][INFO] - Performing sparse reconstruction
[2026-06-21 14:36:41,217][src.colmap_mapper][INFO] - Database: /Users/bc/brendanchambers/2026-06-18-iphone-video-to-splat/data/intermediates/teensy/colmap_sfm_camera_model/database.db
[2026-06-21 14:36:41,217][src.colmap_mapper][INFO] - Images: /Users/bc/brendanchambers/2026-06-18-iphone-video-to-splat/data/intermediates/teensy/colmap_sfm_camera_model/images
[2026-06-21 14:36:41,217][src.colmap_mapper][INFO] - Output: /Users/bc/brendanchambers/2026-06-18-iphone-video-to-splat/data/intermediates/teensy/colmap_sfm_camera_model/sparse
[2026-06-21 14:36:41,217][src.colmap_mapper][INFO] - Running: colmap mapper
[2026-06-21 14:36:41,263][src.colmap_mapper][INFO] - I20260621 14:36:41.263473 0x1fde420c0 incremental_pipeline.cc:278] Loading database
[2026-06-21 14:36:41,263][src.colmap_mapper][INFO] - I20260621 14:36:41.263767 0x1fde420c0 database_cache.cc:72] Loading rigs...
[2026-06-21 14:36:41,263][src.colmap_mapper][INFO] - I20260621 14:36:41.263788 0x1fde420c0 database_cache.cc:82]  1 in 0.000s
[2026-06-21 14:36:41,263][src.colmap_mapper][INFO] - I20260621 14:36:41.263791 0x1fde420c0 database_cache.cc:90] Loading cameras...
[2026-06-21 14:36:41,264][src.colmap_mapper][INFO] - I20260621 14:36:41.263799 0x1fde420c0 database_cache.cc:108]  1 in 0.000s
[2026-06-21 14:36:41,264][src.colmap_mapper][INFO] - I20260621 14:36:41.263801 0x1fde420c0 database_cache.cc:116] Loading frames...
[2026-06-21 14:36:41,264][src.colmap_mapper][INFO] - I20260621 14:36:41.263816 0x1fde420c0 database_cache.cc:126]  8 in 0.000s
[2026-06-21 14:36:41,264][src.colmap_mapper][INFO] - I20260621 14:36:41.263818 0x1fde420c0 database_cache.cc:134] Loading matches...
[2026-06-21 14:36:41,264][src.colmap_mapper][INFO] - I20260621 14:36:41.263878 0x1fde420c0 database_cache.cc:139]  17 in 0.000s
[2026-06-21 14:36:41,264][src.colmap_mapper][INFO] - I20260621 14:36:41.263880 0x1fde420c0 database_cache.cc:147] Loading images...
[2026-06-21 14:36:41,264][src.colmap_mapper][INFO] - I20260621 14:36:41.264428 0x1fde420c0 database_cache.cc:241]  8 in 0.001s (connected 8, loaded 8)
[2026-06-21 14:36:41,264][src.colmap_mapper][INFO] - I20260621 14:36:41.264432 0x1fde420c0 database_cache.cc:255] Loading pose priors...
[2026-06-21 14:36:41,264][src.colmap_mapper][INFO] - I20260621 14:36:41.264438 0x1fde420c0 database_cache.cc:263]  0 in 0.000s
[2026-06-21 14:36:41,264][src.colmap_mapper][INFO] - I20260621 14:36:41.264439 0x1fde420c0 database_cache.cc:271] Building correspondence graph...
[2026-06-21 14:36:41,265][src.colmap_mapper][INFO] - I20260621 14:36:41.265232 0x1fde420c0 database_cache.cc:300]  in 0.001s (ignored 0)
[2026-06-21 14:36:41,265][src.colmap_mapper][INFO] - I20260621 14:36:41.265235 0x1fde420c0 timer.cc:90] Elapsed time: 0.000 [minutes]
[2026-06-21 14:36:41,265][src.colmap_mapper][INFO] - I20260621 14:36:41.265324 0x1fde420c0 incremental_pipeline.cc:390] Finding good initial image pair
[2026-06-21 14:36:41,275][src.colmap_mapper][INFO] - I20260621 14:36:41.275895 0x1fde420c0 incremental_pipeline.cc:414] Registering initial image pair #4 and #2
[2026-06-21 14:36:41,276][src.colmap_mapper][INFO] - I20260621 14:36:41.276492 0x1fde420c0 incremental_pipeline.cc:432] Global bundle adjustment
[2026-06-21 14:36:41,297][src.colmap_mapper][INFO] - I20260621 14:36:41.297579 0x1fde420c0 incremental_pipeline.cc:537] Registering image #3 (num_reg_frames=2)
[2026-06-21 14:36:41,297][src.colmap_mapper][INFO] - I20260621 14:36:41.297586 0x1fde420c0 incremental_pipeline.cc:540] => Image sees 121 / 1892 points
[2026-06-21 14:36:41,344][src.colmap_mapper][INFO] - I20260621 14:36:41.344281 0x1fde420c0 incremental_pipeline.cc:79] Retriangulation and Global bundle adjustment
[2026-06-21 14:36:41,358][src.colmap_mapper][INFO] - I20260621 14:36:41.358902 0x1fde420c0 incremental_pipeline.cc:537] Registering image #6 (num_reg_frames=3)
[2026-06-21 14:36:41,358][src.colmap_mapper][INFO] - I20260621 14:36:41.358906 0x1fde420c0 incremental_pipeline.cc:540] => Image sees 495 / 2128 points
[2026-06-21 14:36:41,414][src.colmap_mapper][INFO] - I20260621 14:36:41.414128 0x1fde420c0 incremental_pipeline.cc:79] Retriangulation and Global bundle adjustment
[2026-06-21 14:36:41,436][src.colmap_mapper][INFO] - I20260621 14:36:41.436327 0x1fde420c0 incremental_pipeline.cc:537] Registering image #5 (num_reg_frames=4)
[2026-06-21 14:36:41,436][src.colmap_mapper][INFO] - I20260621 14:36:41.436335 0x1fde420c0 incremental_pipeline.cc:540] => Image sees 1052 / 2461 points
[2026-06-21 14:36:41,483][src.colmap_mapper][INFO] - I20260621 14:36:41.483521 0x1fde420c0 incremental_pipeline.cc:79] Retriangulation and Global bundle adjustment
[2026-06-21 14:36:41,500][src.colmap_mapper][INFO] - I20260621 14:36:41.500137 0x1fde420c0 incremental_pipeline.cc:537] Registering image #1 (num_reg_frames=5)
[2026-06-21 14:36:41,500][src.colmap_mapper][INFO] - I20260621 14:36:41.500144 0x1fde420c0 incremental_pipeline.cc:540] => Image sees 536 / 1825 points
[2026-06-21 14:36:41,546][src.colmap_mapper][INFO] - I20260621 14:36:41.546260 0x1fde420c0 incremental_pipeline.cc:79] Retriangulation and Global bundle adjustment
[2026-06-21 14:36:41,574][src.colmap_mapper][INFO] - I20260621 14:36:41.574971 0x1fde420c0 incremental_pipeline.cc:537] Registering image #7 (num_reg_frames=6)
[2026-06-21 14:36:41,575][src.colmap_mapper][INFO] - I20260621 14:36:41.574977 0x1fde420c0 incremental_pipeline.cc:540] => Image sees 436 / 1676 points
[2026-06-21 14:36:41,611][src.colmap_mapper][INFO] - I20260621 14:36:41.611013 0x1fde420c0 incremental_pipeline.cc:79] Retriangulation and Global bundle adjustment
[2026-06-21 14:36:41,647][src.colmap_mapper][INFO] - I20260621 14:36:41.647580 0x1fde420c0 incremental_pipeline.cc:537] Registering image #8 (num_reg_frames=7)
[2026-06-21 14:36:41,647][src.colmap_mapper][INFO] - I20260621 14:36:41.647587 0x1fde420c0 incremental_pipeline.cc:540] => Image sees 480 / 1376 points
[2026-06-21 14:36:41,681][src.colmap_mapper][INFO] - I20260621 14:36:41.681142 0x1fde420c0 incremental_pipeline.cc:79] Retriangulation and Global bundle adjustment
[2026-06-21 14:36:41,716][src.colmap_mapper][INFO] - I20260621 14:36:41.716609 0x1fde420c0 incremental_pipeline.cc:79] Retriangulation and Global bundle adjustment
[2026-06-21 14:36:41,725][src.colmap_mapper][INFO] - I20260621 14:36:41.725053 0x1fde420c0 incremental_pipeline.cc:723] Keeping successful reconstruction
[2026-06-21 14:36:41,727][src.colmap_mapper][INFO] - I20260621 14:36:41.727242 0x1fde420c0 timer.cc:90] Elapsed time: 0.008 [minutes]
[2026-06-21 14:36:41,730][src.colmap_mapper][INFO] - Sparse reconstruction completed successfully
[2026-06-21 14:36:41,730][__main__][INFO] - ✓ Sparse reconstruction completed
[2026-06-21 14:36:41,730][__main__][INFO] - ============================================================
[2026-06-21 14:36:41,730][__main__][INFO] - STEP 5: Image Undistortion
[2026-06-21 14:36:41,730][__main__][INFO] - ============================================================
[2026-06-21 14:36:41,731][src.colmap_undistorter][INFO] - Undistorting images
[2026-06-21 14:36:41,731][src.colmap_undistorter][INFO] - Input model: /Users/bc/brendanchambers/2026-06-18-iphone-video-to-splat/data/intermediates/teensy/colmap_sfm_camera_model/sparse/0
[2026-06-21 14:36:41,731][src.colmap_undistorter][INFO] - Images: /Users/bc/brendanchambers/2026-06-18-iphone-video-to-splat/data/intermediates/teensy/colmap_sfm_camera_model/images
[2026-06-21 14:36:41,731][src.colmap_undistorter][INFO] - Output: /Users/bc/brendanchambers/2026-06-18-iphone-video-to-splat/data/intermediates/teensy/colmap_sfm_linearized
[2026-06-21 14:36:41,731][src.colmap_undistorter][INFO] - Running: colmap image_undistorter
[2026-06-21 14:36:41,776][src.colmap_undistorter][INFO] - I20260621 14:36:41.776574 0x1fde420c0 image.cc:368] === Reading reconstruction ===
[2026-06-21 14:36:41,778][src.colmap_undistorter][INFO] - I20260621 14:36:41.778520 0x1fde420c0 image.cc:371] => Reconstruction with 8 images and 2190 points
[2026-06-21 14:36:41,778][src.colmap_undistorter][INFO] - I20260621 14:36:41.778528 0x1fde420c0 undistorters.cc:166] === Image undistortion ===
[2026-06-21 14:36:41,778][src.colmap_undistorter][INFO] - I20260621 14:36:41.778793 0x1fde420c0 undistorters.cc:205] Undistorting image [1/8]
[2026-06-21 14:36:42,385][src.colmap_undistorter][INFO] - I20260621 14:36:42.385200 0x1fde420c0 undistorters.cc:205] Undistorting image [2/8]
[2026-06-21 14:36:42,385][src.colmap_undistorter][INFO] - I20260621 14:36:42.385212 0x1fde420c0 undistorters.cc:205] Undistorting image [3/8]
[2026-06-21 14:36:42,385][src.colmap_undistorter][INFO] - I20260621 14:36:42.385214 0x1fde420c0 undistorters.cc:205] Undistorting image [4/8]
[2026-06-21 14:36:42,385][src.colmap_undistorter][INFO] - I20260621 14:36:42.385216 0x1fde420c0 undistorters.cc:205] Undistorting image [5/8]
[2026-06-21 14:36:42,385][src.colmap_undistorter][INFO] - I20260621 14:36:42.385217 0x1fde420c0 undistorters.cc:205] Undistorting image [6/8]
[2026-06-21 14:36:42,385][src.colmap_undistorter][INFO] - I20260621 14:36:42.385219 0x1fde420c0 undistorters.cc:205] Undistorting image [7/8]
[2026-06-21 14:36:42,385][src.colmap_undistorter][INFO] - I20260621 14:36:42.385220 0x1fde420c0 undistorters.cc:205] Undistorting image [8/8]
[2026-06-21 14:36:42,385][src.colmap_undistorter][INFO] - I20260621 14:36:42.385221 0x1fde420c0 undistorters.cc:213] Writing reconstruction...
[2026-06-21 14:36:42,389][src.colmap_undistorter][INFO] - I20260621 14:36:42.389669 0x1fde420c0 undistorters.cc:218] Writing configuration...
[2026-06-21 14:36:42,389][src.colmap_undistorter][INFO] - I20260621 14:36:42.389772 0x1fde420c0 undistorters.cc:222] Writing scripts...
[2026-06-21 14:36:42,389][src.colmap_undistorter][INFO] - I20260621 14:36:42.389864 0x1fde420c0 timer.cc:90] Elapsed time: 0.010 [minutes]
[2026-06-21 14:36:42,393][src.colmap_undistorter][INFO] - Image undistortion completed successfully
[2026-06-21 14:36:42,393][__main__][INFO] - ✓ Image undistortion completed
[2026-06-21 14:36:42,393][__main__][INFO] - ============================================================
[2026-06-21 14:36:42,393][__main__][INFO] - STEP 6: OpenSplat Training
[2026-06-21 14:36:42,393][__main__][INFO] - ============================================================
[2026-06-21 14:36:42,394][src.opensplat_trainer][INFO] - Training 3D Gaussian Splat
[2026-06-21 14:36:42,394][src.opensplat_trainer][INFO] - Sparse model: /Users/bc/brendanchambers/2026-06-18-iphone-video-to-splat/data/intermediates/teensy/colmap_sfm_linearized/sparse
[2026-06-21 14:36:42,394][src.opensplat_trainer][INFO] - Images: /Users/bc/brendanchambers/2026-06-18-iphone-video-to-splat/data/intermediates/teensy/colmap_sfm_linearized/images
[2026-06-21 14:36:42,395][src.opensplat_trainer][INFO] - Output PLY: /Users/bc/brendanchambers/2026-06-18-iphone-video-to-splat/data/intermediates/teensy/colmap_sfm_linearized/splats/teensy_20260621_1436.ply
[2026-06-21 14:36:42,395][src.opensplat_trainer][INFO] - Loss log: /Users/bc/brendanchambers/2026-06-18-iphone-video-to-splat/data/intermediates/teensy/colmap_sfm_linearized/splats/teensy_20260621_1436.jsonl
[2026-06-21 14:36:42,395][src.opensplat_trainer][INFO] - Running: opensplat
[2026-06-21 14:36:42,542][src.opensplat_trainer][INFO] - Using MPS
[2026-06-21 14:36:42,544][src.opensplat_trainer][INFO] - Reading 2190 points
[2026-06-21 14:36:42,545][src.opensplat_trainer][INFO] - Loading /Users/bc/brendanchambers/2026-06-18-iphone-video-to-splat/data/intermediates/teensy/colmap_sfm_linearized/images/frame_0001.jpg
[2026-06-21 14:36:42,545][src.opensplat_trainer][INFO] - Loading /Users/bc/brendanchambers/2026-06-18-iphone-video-to-splat/data/intermediates/teensy/colmap_sfm_linearized/images/frame_0002.jpgLoading /Users/bc/brendanchambers/2026-06-18-iphone-video-to-splat/data/intermediates/teensy/colmap_sfm_linearized/images/frame_0003.jpg
[2026-06-21 14:36:42,545][src.opensplat_trainer][INFO] - 
[2026-06-21 14:36:42,545][src.opensplat_trainer][INFO] - Loading Loading /Users/bc/brendanchambers/2026-06-18-iphone-video-to-splat/data/intermediates/teensy/colmap_sfm_linearized/images/frame_0006.jpg
[2026-06-21 14:36:42,545][src.opensplat_trainer][INFO] - Loading Loading /Users/bc/brendanchambers/2026-06-18-iphone-video-to-splat/data/intermediates/teensy/colmap_sfm_linearized/images/frame_0004.jpg
[2026-06-21 14:36:42,545][src.opensplat_trainer][INFO] - /Users/bc/brendanchambers/2026-06-18-iphone-video-to-splat/data/intermediates/teensy/colmap_sfm_linearized/images/frame_0005.jpg/Users/bc/brendanchambers/2026-06-18-iphone-video-to-splat/data/intermediates/teensy/colmap_sfm_linearized/images/frame_0007.jpg
[2026-06-21 14:36:42,545][src.opensplat_trainer][INFO] - Loading /Users/bc/brendanchambers/2026-06-18-iphone-video-to-splat/data/intermediates/teensy/colmap_sfm_linearized/images/frame_0008.jpg
[2026-06-21 14:36:42,545][src.opensplat_trainer][INFO] - 
[2026-06-21 14:36:42,927][src.opensplat_trainer][INFO] - init_gsplat_metal_context: loading '/Users/bc/brendanchambers/2026-06-18-iphone-video-to-splat/opensplat/build/default.metallib'
[2026-06-21 14:36:42,927][src.opensplat_trainer][INFO] - init_gsplat_metal_context: loaded '/Users/bc/brendanchambers/2026-06-18-iphone-video-to-splat/opensplat/build/default.metallib', functions: compute_cov2d_bounds_kernel, project_gaussians_backward_kernel, get_tile_bin_edges_kernel, rasterize_backward_kernel, map_gaussian_to_intersects_kernel, nd_rasterize_backward_kernel, project_gaussians_forward_kernel, compute_sh_backward_kernel, compute_sh_forward_kernel, nd_rasterize_forward_kernel
[2026-06-21 14:36:42,927][src.opensplat_trainer][INFO] - init_gsplat_metal_context: load function nd_rasterize_backward_kernel with label: (null)
[2026-06-21 14:36:42,927][src.opensplat_trainer][INFO] - init_gsplat_metal_context: load function nd_rasterize_forward_kernel with label: (null)
[2026-06-21 14:36:42,927][src.opensplat_trainer][INFO] - init_gsplat_metal_context: load function rasterize_backward_kernel with label: (null)
[2026-06-21 14:36:42,927][src.opensplat_trainer][INFO] - init_gsplat_metal_context: load function project_gaussians_forward_kernel with label: (null)
[2026-06-21 14:36:42,927][src.opensplat_trainer][INFO] - init_gsplat_metal_context: load function project_gaussians_backward_kernel with label: (null)
[2026-06-21 14:36:42,928][src.opensplat_trainer][INFO] - init_gsplat_metal_context: load function compute_sh_forward_kernel with label: (null)
[2026-06-21 14:36:42,928][src.opensplat_trainer][INFO] - init_gsplat_metal_context: load function compute_sh_backward_kernel with label: (null)
[2026-06-21 14:36:42,928][src.opensplat_trainer][INFO] - init_gsplat_metal_context: load function compute_cov2d_bounds_kernel with label: (null)
[2026-06-21 14:36:42,928][src.opensplat_trainer][INFO] - init_gsplat_metal_context: load function map_gaussian_to_intersects_kernel with label: (null)
[2026-06-21 14:36:42,928][src.opensplat_trainer][INFO] - init_gsplat_metal_context: load function get_tile_bin_edges_kernel with label: (null)
[2026-06-21 14:36:42,928][src.opensplat_trainer][INFO] - Step 10: 0.335674 (20%)
[2026-06-21 14:36:43,142][src.opensplat_trainer][INFO] - Step 20: 0.3161 (40%)
[2026-06-21 14:36:43,338][src.opensplat_trainer][INFO] - Step 30: 0.283759 (60%)
[2026-06-21 14:36:43,518][src.opensplat_trainer][INFO] - Step 40: 0.301167 (80%)
[2026-06-21 14:36:43,732][src.opensplat_trainer][INFO] - Step 50: 0.302727 (100%)
[2026-06-21 14:36:43,746][src.opensplat_trainer][INFO] - Wrote /Users/bc/brendanchambers/2026-06-18-iphone-video-to-splat/data/intermediates/teensy/colmap_sfm_linearized/splats/cameras.json
[2026-06-21 14:36:43,753][src.opensplat_trainer][INFO] - Wrote /Users/bc/brendanchambers/2026-06-18-iphone-video-to-splat/data/intermediates/teensy/colmap_sfm_linearized/splats/teensy_20260621_1436.ply
[2026-06-21 14:36:43,766][src.opensplat_trainer][INFO] - /Users/bc/brendanchambers/2026-06-18-iphone-video-to-splat/data/intermediates/teensy/colmap_sfm_linearized/images/frame_0001.jpg validation loss: 0.344882
[2026-06-21 14:36:43,817][src.opensplat_trainer][INFO] - Parsed 5 training loss values to /Users/bc/brendanchambers/2026-06-18-iphone-video-to-splat/data/intermediates/teensy/colmap_sfm_linearized/splats/teensy_20260621_1436.jsonl
[2026-06-21 14:36:43,817][src.opensplat_trainer][INFO] - Training completed successfully
[2026-06-21 14:36:43,817][src.opensplat_trainer][INFO] - Output saved to: /Users/bc/brendanchambers/2026-06-18-iphone-video-to-splat/data/intermediates/teensy/colmap_sfm_linearized/splats/teensy_20260621_1436.ply
[2026-06-21 14:36:43,817][__main__][INFO] - ✓ Splat training completed
[2026-06-21 14:36:43,817][__main__][INFO] - ============================================================
[2026-06-21 14:36:43,817][__main__][INFO] - Analyzing Training Loss
[2026-06-21 14:36:43,818][__main__][INFO] - ============================================================
[2026-06-21 14:36:44,064][__main__][INFO] - 
[2026-06-21 14:36:44,064][__main__][INFO] - ╔==========================================================╗
[2026-06-21 14:36:44,064][__main__][INFO] - ║                    Pipeline Complete!                    ║
[2026-06-21 14:36:44,064][__main__][INFO] - ╚==========================================================╝
[2026-06-21 14:36:44,065][__main__][INFO] - Output directory: /Users/bc/brendanchambers/2026-06-18-iphone-video-to-splat/data/intermediates/teensy/colmap_sfm_linearized/splats
[2026-06-21 14:36:44,065][__main__][INFO] -   - PLY file: *.ply (3D Gaussian Splat)
[2026-06-21 14:36:44,065][__main__][INFO] -   - Loss log: *.jsonl (Training loss per step)
