[2026-06-21 13:13:07,347][__main__][INFO] - 
[2026-06-21 13:13:07,347][__main__][INFO] - ╔==========================================================╗
[2026-06-21 13:13:07,347][__main__][INFO] - ║          3D Gaussian Splat Training Pipeline              ║
[2026-06-21 13:13:07,347][__main__][INFO] - ╚==========================================================╝
[2026-06-21 13:13:07,347][__main__][INFO] - Experiment: more_gaussians
[2026-06-21 13:13:07,347][__main__][INFO] - Project dir: /Users/bc/brendanchambers/2026-06-18-iphone-video-to-splat
[2026-06-21 13:13:07,347][__main__][INFO] - 
[2026-06-21 13:13:07,347][__main__][INFO] - ============================================================
[2026-06-21 13:13:07,347][__main__][INFO] - STEP 1: Frame Extraction
[2026-06-21 13:13:07,347][__main__][INFO] - ============================================================
[2026-06-21 13:13:07,348][src.frame_extractor][INFO] - Extracting frames from: /Users/bc/brendanchambers/2026-06-18-iphone-video-to-splat/data/incoming/movies/gardenbed_2026-06-17.mov
[2026-06-21 13:13:07,348][src.frame_extractor][INFO] - Output directory: /Users/bc/brendanchambers/2026-06-18-iphone-video-to-splat/data/intermediates/more_gaussians/images
[2026-06-21 13:13:07,348][src.frame_extractor][INFO] - Extracting frames at 2 fps
[2026-06-21 13:13:07,348][src.frame_extractor][INFO] - Running command: ffmpeg -i /Users/bc/brendanchambers/2026-06-18-iphone-video-to-splat/data/incoming/movies/gardenbed_2026-06-17.mov -vf fps=2 -q:v 5 /Users/bc/brendanchambers/2026-06-18-iphone-video-to-splat/data/intermediates/more_gaussians/images/frame_%04d.jpg
[2026-06-21 13:13:07,363][src.frame_extractor][INFO] - ffmpeg version 8.1.2 Copyright (c) 2000-2026 the FFmpeg developers
[2026-06-21 13:13:07,363][src.frame_extractor][INFO] -   built with Apple clang version 17.0.0 (clang-1700.6.4.2)
[2026-06-21 13:13:07,363][src.frame_extractor][INFO] -   configuration: --prefix=/opt/homebrew/Cellar/ffmpeg/8.1.2 --enable-shared --enable-pthreads --enable-version3 --cc=clang --host-cflags= --host-ldflags= --enable-ffplay --enable-gpl --enable-libsvtav1 --enable-libopus --enable-libx264 --enable-libmp3lame --enable-libdav1d --enable-libvmaf --enable-libvpx --enable-libx265 --enable-openssl --enable-videotoolbox --enable-audiotoolbox --enable-neon
[2026-06-21 13:13:07,363][src.frame_extractor][INFO] -   libavutil      60. 26.102 / 60. 26.102
[2026-06-21 13:13:07,363][src.frame_extractor][INFO] -   libavcodec     62. 28.102 / 62. 28.102
[2026-06-21 13:13:07,363][src.frame_extractor][INFO] -   libavformat    62. 12.102 / 62. 12.102
[2026-06-21 13:13:07,364][src.frame_extractor][INFO] -   libavdevice    62.  3.102 / 62.  3.102
[2026-06-21 13:13:07,364][src.frame_extractor][INFO] -   libavfilter    11. 14.102 / 11. 14.102
[2026-06-21 13:13:07,364][src.frame_extractor][INFO] -   libswscale      9.  5.102 /  9.  5.102
[2026-06-21 13:13:07,364][src.frame_extractor][INFO] -   libswresample   6.  3.102 /  6.  3.102
[2026-06-21 13:13:07,369][src.frame_extractor][INFO] - Input #0, mov,mp4,m4a,3gp,3g2,mj2, from '/Users/bc/brendanchambers/2026-06-18-iphone-video-to-splat/data/incoming/movies/gardenbed_2026-06-17.mov':
[2026-06-21 13:13:07,369][src.frame_extractor][INFO] -   Metadata:
[2026-06-21 13:13:07,369][src.frame_extractor][INFO] -     major_brand     : qt
[2026-06-21 13:13:07,369][src.frame_extractor][INFO] -     minor_version   : 0
[2026-06-21 13:13:07,369][src.frame_extractor][INFO] -     compatible_brands: qt
[2026-06-21 13:13:07,369][src.frame_extractor][INFO] -     creation_time   : 2026-06-17T23:07:41.000000Z
[2026-06-21 13:13:07,369][src.frame_extractor][INFO] -     com.apple.quicktime.full-frame-rate-playback-intent: 0
[2026-06-21 13:13:07,369][src.frame_extractor][INFO] -     com.apple.quicktime.make: Apple
[2026-06-21 13:13:07,369][src.frame_extractor][INFO] -     com.apple.quicktime.model: iPhone SE (3rd generation)
[2026-06-21 13:13:07,369][src.frame_extractor][INFO] -     com.apple.quicktime.software: 26.3.1
[2026-06-21 13:13:07,369][src.frame_extractor][INFO] -     com.apple.quicktime.creationdate: 2026-06-17T19:07:41-0400
[2026-06-21 13:13:07,369][src.frame_extractor][INFO] -   Duration: 00:01:01.87, start: 0.000000, bitrate: 10219 kb/s
[2026-06-21 13:13:07,369][src.frame_extractor][INFO] -   Stream #0:0[0x1](und): Video: hevc (Main) (hvc1 / 0x31637668), yuv420p(tv, bt709), 1920x1080, 9983 kb/s, 29.64 fps, 29.67 tbr, 600 tbn (default)
[2026-06-21 13:13:07,369][src.frame_extractor][INFO] -     Metadata:
[2026-06-21 13:13:07,369][src.frame_extractor][INFO] -       creation_time   : 2026-06-17T23:07:41.000000Z
[2026-06-21 13:13:07,369][src.frame_extractor][INFO] -       handler_name    : Core Media Video
[2026-06-21 13:13:07,369][src.frame_extractor][INFO] -       vendor_id       : [0][0][0][0]
[2026-06-21 13:13:07,369][src.frame_extractor][INFO] -       encoder         : HEVC
[2026-06-21 13:13:07,369][src.frame_extractor][INFO] -     Side data:
[2026-06-21 13:13:07,369][src.frame_extractor][INFO] -       Display Matrix: rotation of -90.00 degrees
[2026-06-21 13:13:07,369][src.frame_extractor][INFO] -   Stream #0:1[0x2](und): Audio: aac (LC) (mp4a / 0x6134706D), 48000 Hz, stereo, fltp, 185 kb/s (default)
[2026-06-21 13:13:07,369][src.frame_extractor][INFO] -     Metadata:
[2026-06-21 13:13:07,369][src.frame_extractor][INFO] -       creation_time   : 2026-06-17T23:07:41.000000Z
[2026-06-21 13:13:07,369][src.frame_extractor][INFO] -       handler_name    : Core Media Audio
[2026-06-21 13:13:07,369][src.frame_extractor][INFO] -       vendor_id       : [0][0][0][0]
[2026-06-21 13:13:07,369][src.frame_extractor][INFO] -   Stream #0:2[0x3](und): Data: none (mebx / 0x7862656D), 0 kb/s (default)
[2026-06-21 13:13:07,369][src.frame_extractor][INFO] -     Metadata:
[2026-06-21 13:13:07,369][src.frame_extractor][INFO] -       creation_time   : 2026-06-17T23:07:41.000000Z
[2026-06-21 13:13:07,369][src.frame_extractor][INFO] -       handler_name    : Core Media Metadata
[2026-06-21 13:13:07,369][src.frame_extractor][INFO] -   Stream #0:3[0x4](und): Data: none (mebx / 0x7862656D), 0 kb/s (default)
[2026-06-21 13:13:07,369][src.frame_extractor][INFO] -     Metadata:
[2026-06-21 13:13:07,369][src.frame_extractor][INFO] -       creation_time   : 2026-06-17T23:07:41.000000Z
[2026-06-21 13:13:07,369][src.frame_extractor][INFO] -       handler_name    : Core Media Metadata
[2026-06-21 13:13:07,369][src.frame_extractor][INFO] -   Stream #0:4[0x5](und): Data: none (mebx / 0x7862656D), 34 kb/s (default)
[2026-06-21 13:13:07,369][src.frame_extractor][INFO] -     Metadata:
[2026-06-21 13:13:07,369][src.frame_extractor][INFO] -       creation_time   : 2026-06-17T23:07:41.000000Z
[2026-06-21 13:13:07,369][src.frame_extractor][INFO] -       handler_name    : Core Media Metadata
[2026-06-21 13:13:07,369][src.frame_extractor][INFO] -   Stream #0:5[0x6](und): Data: none (mebx / 0x7862656D), 0 kb/s (default)
[2026-06-21 13:13:07,369][src.frame_extractor][INFO] -     Metadata:
[2026-06-21 13:13:07,369][src.frame_extractor][INFO] -       creation_time   : 2026-06-17T23:07:41.000000Z
[2026-06-21 13:13:07,369][src.frame_extractor][INFO] -       handler_name    : Core Media Metadata
[2026-06-21 13:13:07,370][src.frame_extractor][INFO] - Stream mapping:
[2026-06-21 13:13:07,370][src.frame_extractor][INFO] -   Stream #0:0 -> #0:0 (hevc (native) -> mjpeg (native))
[2026-06-21 13:13:07,370][src.frame_extractor][INFO] - Press [q] to stop, [?] for help
[2026-06-21 13:13:07,435][src.frame_extractor][INFO] - Output #0, image2, to '/Users/bc/brendanchambers/2026-06-18-iphone-video-to-splat/data/intermediates/more_gaussians/images/frame_%04d.jpg':
[2026-06-21 13:13:07,435][src.frame_extractor][INFO] -   Metadata:
[2026-06-21 13:13:07,435][src.frame_extractor][INFO] -     major_brand     : qt
[2026-06-21 13:13:07,435][src.frame_extractor][INFO] -     minor_version   : 0
[2026-06-21 13:13:07,435][src.frame_extractor][INFO] -     compatible_brands: qt
[2026-06-21 13:13:07,435][src.frame_extractor][INFO] -     com.apple.quicktime.creationdate: 2026-06-17T19:07:41-0400
[2026-06-21 13:13:07,435][src.frame_extractor][INFO] -     com.apple.quicktime.full-frame-rate-playback-intent: 0
[2026-06-21 13:13:07,435][src.frame_extractor][INFO] -     com.apple.quicktime.make: Apple
[2026-06-21 13:13:07,435][src.frame_extractor][INFO] -     com.apple.quicktime.model: iPhone SE (3rd generation)
[2026-06-21 13:13:07,435][src.frame_extractor][INFO] -     com.apple.quicktime.software: 26.3.1
[2026-06-21 13:13:07,435][src.frame_extractor][INFO] -     encoder         : Lavf62.12.102
[2026-06-21 13:13:07,436][src.frame_extractor][INFO] -   Stream #0:0(und): Video: mjpeg, yuv420p(pc, bt709, progressive), 1080x1920, q=2-31, 200 kb/s, 2 fps, 2 tbn (default)
[2026-06-21 13:13:07,436][src.frame_extractor][INFO] -     Metadata:
[2026-06-21 13:13:07,436][src.frame_extractor][INFO] -       encoder         : Lavc62.28.102 mjpeg
[2026-06-21 13:13:07,436][src.frame_extractor][INFO] -       creation_time   : 2026-06-17T23:07:41.000000Z
[2026-06-21 13:13:07,436][src.frame_extractor][INFO] -       handler_name    : Core Media Video
[2026-06-21 13:13:07,436][src.frame_extractor][INFO] -       vendor_id       : [0][0][0][0]
[2026-06-21 13:13:07,436][src.frame_extractor][INFO] -     Side data:
[2026-06-21 13:13:07,436][src.frame_extractor][INFO] -       CPB properties: bitrate max/min/avg: 0/0/200000 buffer size: 0 vbv_delay: N/A
[2026-06-21 13:13:08,380][src.frame_extractor][INFO] - frame=   16 fps=0.0 q=5.0 size=N/A time=00:00:08.00 bitrate=N/A speed=15.8x elapsed=0:00:00.50
[2026-06-21 13:13:08,886][src.frame_extractor][INFO] - frame=   37 fps= 37 q=5.0 size=N/A time=00:00:18.50 bitrate=N/A speed=18.3x elapsed=0:00:01.01
[2026-06-21 13:13:09,391][src.frame_extractor][INFO] - frame=   59 fps= 39 q=5.0 size=N/A time=00:00:29.50 bitrate=N/A speed=19.5x elapsed=0:00:01.51
[2026-06-21 13:13:09,896][src.frame_extractor][INFO] - frame=   83 fps= 41 q=5.0 size=N/A time=00:00:41.50 bitrate=N/A speed=20.5x elapsed=0:00:02.02
[2026-06-21 13:13:10,316][src.frame_extractor][INFO] - frame=  105 fps= 42 q=5.0 size=N/A time=00:00:52.50 bitrate=N/A speed=20.8x elapsed=0:00:02.52
[2026-06-21 13:13:10,316][src.frame_extractor][INFO] - [out#0/image2 @ 0x600003d086c0] video:57805KiB audio:0KiB subtitle:0KiB other streams:0KiB global headers:0KiB muxing overhead: unknown
[2026-06-21 13:13:10,316][src.frame_extractor][INFO] - frame=  124 fps= 42 q=5.0 Lsize=N/A time=00:01:02.00 bitrate=N/A speed=  21x elapsed=0:00:02.94
[2026-06-21 13:13:10,323][src.frame_extractor][INFO] - Successfully extracted 124 frames
[2026-06-21 13:13:10,323][__main__][INFO] - ✓ Frame extraction completed
[2026-06-21 13:13:10,323][__main__][INFO] - ============================================================
[2026-06-21 13:13:10,323][__main__][INFO] - STEP 2: Feature Extraction
[2026-06-21 13:13:10,323][__main__][INFO] - ============================================================
[2026-06-21 13:13:10,323][src.colmap_feature_extractor][INFO] - Extracting features from images: /Users/bc/brendanchambers/2026-06-18-iphone-video-to-splat/data/intermediates/more_gaussians/images
[2026-06-21 13:13:10,323][src.colmap_feature_extractor][INFO] - Database: /Users/bc/brendanchambers/2026-06-18-iphone-video-to-splat/data/intermediates/more_gaussians/database.db
[2026-06-21 13:13:10,324][src.colmap_feature_extractor][INFO] - Running: colmap feature_extractor
[2026-06-21 13:13:10,562][src.colmap_feature_extractor][INFO] - I20260621 13:13:10.561777 0x16d377000 feature_extraction.cc:504] === Feature extraction ===
[2026-06-21 13:13:10,576][src.colmap_feature_extractor][INFO] - I20260621 13:13:10.576487 0x16d97b000 sift.cc:757] Creating SIFT GPU feature extractor
[2026-06-21 13:13:10,718][src.colmap_feature_extractor][INFO] - I20260621 13:13:10.718166 0x16da07000 feature_extraction.cc:282] Processed file [1/124]
[2026-06-21 13:13:10,718][src.colmap_feature_extractor][INFO] - I20260621 13:13:10.718184 0x16da07000 feature_extraction.cc:285]   Name:            frame_0001.jpg
[2026-06-21 13:13:10,718][src.colmap_feature_extractor][INFO] - I20260621 13:13:10.718186 0x16da07000 feature_extraction.cc:294]   Dimensions:      1080 x 1920
[2026-06-21 13:13:10,718][src.colmap_feature_extractor][INFO] - I20260621 13:13:10.718193 0x16da07000 feature_extraction.cc:297]   Camera:          #1 - RADIAL
[2026-06-21 13:13:10,718][src.colmap_feature_extractor][INFO] - I20260621 13:13:10.718195 0x16da07000 feature_extraction.cc:300]   Focal Length:    2304.00px
[2026-06-21 13:13:10,718][src.colmap_feature_extractor][INFO] - I20260621 13:13:10.718199 0x16da07000 feature_extraction.cc:304]   Features:        6487 (SIFT)
[2026-06-21 13:13:10,780][src.colmap_feature_extractor][INFO] - I20260621 13:13:10.779944 0x16da07000 feature_extraction.cc:282] Processed file [2/124]
[2026-06-21 13:13:10,780][src.colmap_feature_extractor][INFO] - I20260621 13:13:10.779960 0x16da07000 feature_extraction.cc:285]   Name:            frame_0002.jpg
[2026-06-21 13:13:10,780][src.colmap_feature_extractor][INFO] - I20260621 13:13:10.779962 0x16da07000 feature_extraction.cc:294]   Dimensions:      1080 x 1920
[2026-06-21 13:13:10,780][src.colmap_feature_extractor][INFO] - I20260621 13:13:10.779964 0x16da07000 feature_extraction.cc:297]   Camera:          #1 - RADIAL
[2026-06-21 13:13:10,780][src.colmap_feature_extractor][INFO] - I20260621 13:13:10.779966 0x16da07000 feature_extraction.cc:300]   Focal Length:    2304.00px
[2026-06-21 13:13:10,780][src.colmap_feature_extractor][INFO] - I20260621 13:13:10.779969 0x16da07000 feature_extraction.cc:304]   Features:        6401 (SIFT)
[2026-06-21 13:13:10,839][src.colmap_feature_extractor][INFO] - I20260621 13:13:10.839804 0x16da07000 feature_extraction.cc:282] Processed file [3/124]
[2026-06-21 13:13:10,840][src.colmap_feature_extractor][INFO] - I20260621 13:13:10.839825 0x16da07000 feature_extraction.cc:285]   Name:            frame_0003.jpg
[2026-06-21 13:13:10,840][src.colmap_feature_extractor][INFO] - I20260621 13:13:10.839827 0x16da07000 feature_extraction.cc:294]   Dimensions:      1080 x 1920
[2026-06-21 13:13:10,840][src.colmap_feature_extractor][INFO] - I20260621 13:13:10.839829 0x16da07000 feature_extraction.cc:297]   Camera:          #1 - RADIAL
[2026-06-21 13:13:10,840][src.colmap_feature_extractor][INFO] - I20260621 13:13:10.839831 0x16da07000 feature_extraction.cc:300]   Focal Length:    2304.00px
[2026-06-21 13:13:10,840][src.colmap_feature_extractor][INFO] - I20260621 13:13:10.839865 0x16da07000 feature_extraction.cc:304]   Features:        6759 (SIFT)
[2026-06-21 13:13:10,895][src.colmap_feature_extractor][INFO] - I20260621 13:13:10.895226 0x16da07000 feature_extraction.cc:282] Processed file [4/124]
[2026-06-21 13:13:10,895][src.colmap_feature_extractor][INFO] - I20260621 13:13:10.895243 0x16da07000 feature_extraction.cc:285]   Name:            frame_0004.jpg
[2026-06-21 13:13:10,895][src.colmap_feature_extractor][INFO] - I20260621 13:13:10.895246 0x16da07000 feature_extraction.cc:294]   Dimensions:      1080 x 1920
[2026-06-21 13:13:10,895][src.colmap_feature_extractor][INFO] - I20260621 13:13:10.895248 0x16da07000 feature_extraction.cc:297]   Camera:          #1 - RADIAL
[2026-06-21 13:13:10,895][src.colmap_feature_extractor][INFO] - I20260621 13:13:10.895250 0x16da07000 feature_extraction.cc:300]   Focal Length:    2304.00px
[2026-06-21 13:13:10,895][src.colmap_feature_extractor][INFO] - I20260621 13:13:10.895252 0x16da07000 feature_extraction.cc:304]   Features:        4154 (SIFT)
[2026-06-21 13:13:10,951][src.colmap_feature_extractor][INFO] - I20260621 13:13:10.951718 0x16da07000 feature_extraction.cc:282] Processed file [5/124]
[2026-06-21 13:13:10,951][src.colmap_feature_extractor][INFO] - I20260621 13:13:10.951734 0x16da07000 feature_extraction.cc:285]   Name:            frame_0005.jpg
[2026-06-21 13:13:10,951][src.colmap_feature_extractor][INFO] - I20260621 13:13:10.951737 0x16da07000 feature_extraction.cc:294]   Dimensions:      1080 x 1920
[2026-06-21 13:13:10,951][src.colmap_feature_extractor][INFO] - I20260621 13:13:10.951738 0x16da07000 feature_extraction.cc:297]   Camera:          #1 - RADIAL
[2026-06-21 13:13:10,951][src.colmap_feature_extractor][INFO] - I20260621 13:13:10.951744 0x16da07000 feature_extraction.cc:300]   Focal Length:    2304.00px
[2026-06-21 13:13:10,951][src.colmap_feature_extractor][INFO] - I20260621 13:13:10.951747 0x16da07000 feature_extraction.cc:304]   Features:        6826 (SIFT)
[2026-06-21 13:13:11,007][src.colmap_feature_extractor][INFO] - I20260621 13:13:11.007461 0x16da07000 feature_extraction.cc:282] Processed file [6/124]
[2026-06-21 13:13:11,007][src.colmap_feature_extractor][INFO] - I20260621 13:13:11.007478 0x16da07000 feature_extraction.cc:285]   Name:            frame_0006.jpg
[2026-06-21 13:13:11,007][src.colmap_feature_extractor][INFO] - I20260621 13:13:11.007480 0x16da07000 feature_extraction.cc:294]   Dimensions:      1080 x 1920
[2026-06-21 13:13:11,008][src.colmap_feature_extractor][INFO] - I20260621 13:13:11.007482 0x16da07000 feature_extraction.cc:297]   Camera:          #1 - RADIAL
[2026-06-21 13:13:11,008][src.colmap_feature_extractor][INFO] - I20260621 13:13:11.007485 0x16da07000 feature_extraction.cc:300]   Focal Length:    2304.00px
[2026-06-21 13:13:11,008][src.colmap_feature_extractor][INFO] - I20260621 13:13:11.007488 0x16da07000 feature_extraction.cc:304]   Features:        6815 (SIFT)
[2026-06-21 13:13:11,064][src.colmap_feature_extractor][INFO] - I20260621 13:13:11.064395 0x16da07000 feature_extraction.cc:282] Processed file [7/124]
[2026-06-21 13:13:11,064][src.colmap_feature_extractor][INFO] - I20260621 13:13:11.064414 0x16da07000 feature_extraction.cc:285]   Name:            frame_0007.jpg
[2026-06-21 13:13:11,064][src.colmap_feature_extractor][INFO] - I20260621 13:13:11.064417 0x16da07000 feature_extraction.cc:294]   Dimensions:      1080 x 1920
[2026-06-21 13:13:11,064][src.colmap_feature_extractor][INFO] - I20260621 13:13:11.064418 0x16da07000 feature_extraction.cc:297]   Camera:          #1 - RADIAL
[2026-06-21 13:13:11,065][src.colmap_feature_extractor][INFO] - I20260621 13:13:11.064421 0x16da07000 feature_extraction.cc:300]   Focal Length:    2304.00px
[2026-06-21 13:13:11,065][src.colmap_feature_extractor][INFO] - I20260621 13:13:11.064423 0x16da07000 feature_extraction.cc:304]   Features:        6764 (SIFT)
[2026-06-21 13:13:11,122][src.colmap_feature_extractor][INFO] - I20260621 13:13:11.121968 0x16da07000 feature_extraction.cc:282] Processed file [8/124]
[2026-06-21 13:13:11,122][src.colmap_feature_extractor][INFO] - I20260621 13:13:11.122019 0x16da07000 feature_extraction.cc:285]   Name:            frame_0008.jpg
[2026-06-21 13:13:11,122][src.colmap_feature_extractor][INFO] - I20260621 13:13:11.122021 0x16da07000 feature_extraction.cc:294]   Dimensions:      1080 x 1920
[2026-06-21 13:13:11,122][src.colmap_feature_extractor][INFO] - I20260621 13:13:11.122023 0x16da07000 feature_extraction.cc:297]   Camera:          #1 - RADIAL
[2026-06-21 13:13:11,122][src.colmap_feature_extractor][INFO] - I20260621 13:13:11.122024 0x16da07000 feature_extraction.cc:300]   Focal Length:    2304.00px
[2026-06-21 13:13:11,122][src.colmap_feature_extractor][INFO] - I20260621 13:13:11.122027 0x16da07000 feature_extraction.cc:304]   Features:        7165 (SIFT)
