[2026-06-21 14:50:53,507][__main__][INFO] - 
[2026-06-21 14:50:53,507][__main__][INFO] - ╔==========================================================╗
[2026-06-21 14:50:53,507][__main__][INFO] - ║          3D Gaussian Splat Training Pipeline              ║
[2026-06-21 14:50:53,507][__main__][INFO] - ╚==========================================================╝
[2026-06-21 14:50:53,507][__main__][INFO] - Experiment: teensy
[2026-06-21 14:50:53,507][__main__][INFO] - Project dir: /Users/bc/brendanchambers/2026-06-18-iphone-video-to-splat
[2026-06-21 14:50:53,507][__main__][INFO] - 
[2026-06-21 14:50:53,507][__main__][INFO] - ============================================================
[2026-06-21 14:50:53,507][__main__][INFO] - STEP 1: Frame Extraction
[2026-06-21 14:50:53,507][__main__][INFO] - ============================================================
[2026-06-21 14:50:53,507][src.frame_extractor][INFO] - Extracting frames from: /Users/bc/brendanchambers/2026-06-18-iphone-video-to-splat/data/incoming/movies/teensy.mov
[2026-06-21 14:50:53,507][src.frame_extractor][INFO] - Output directory: /Users/bc/brendanchambers/2026-06-18-iphone-video-to-splat/data/intermediates/teensy/colmap_sfm_camera_model/images
[2026-06-21 14:50:53,507][src.frame_extractor][INFO] - Extracting frames at 2 fps
[2026-06-21 14:50:53,507][src.frame_extractor][INFO] - Running command: ffmpeg -i /Users/bc/brendanchambers/2026-06-18-iphone-video-to-splat/data/incoming/movies/teensy.mov -vf fps=2 -q:v 5 /Users/bc/brendanchambers/2026-06-18-iphone-video-to-splat/data/intermediates/teensy/colmap_sfm_camera_model/images/frame_%04d.jpg
[2026-06-21 14:50:53,521][src.frame_extractor][INFO] - ffmpeg version 8.1.2 Copyright (c) 2000-2026 the FFmpeg developers
[2026-06-21 14:50:53,521][src.frame_extractor][INFO] -   built with Apple clang version 17.0.0 (clang-1700.6.4.2)
[2026-06-21 14:50:53,521][src.frame_extractor][INFO] -   configuration: --prefix=/opt/homebrew/Cellar/ffmpeg/8.1.2 --enable-shared --enable-pthreads --enable-version3 --cc=clang --host-cflags= --host-ldflags= --enable-ffplay --enable-gpl --enable-libsvtav1 --enable-libopus --enable-libx264 --enable-libmp3lame --enable-libdav1d --enable-libvmaf --enable-libvpx --enable-libx265 --enable-openssl --enable-videotoolbox --enable-audiotoolbox --enable-neon
[2026-06-21 14:50:53,521][src.frame_extractor][INFO] -   libavutil      60. 26.102 / 60. 26.102
[2026-06-21 14:50:53,521][src.frame_extractor][INFO] -   libavcodec     62. 28.102 / 62. 28.102
[2026-06-21 14:50:53,521][src.frame_extractor][INFO] -   libavformat    62. 12.102 / 62. 12.102
[2026-06-21 14:50:53,521][src.frame_extractor][INFO] -   libavdevice    62.  3.102 / 62.  3.102
[2026-06-21 14:50:53,521][src.frame_extractor][INFO] -   libavfilter    11. 14.102 / 11. 14.102
[2026-06-21 14:50:53,521][src.frame_extractor][INFO] -   libswscale      9.  5.102 /  9.  5.102
[2026-06-21 14:50:53,521][src.frame_extractor][INFO] -   libswresample   6.  3.102 /  6.  3.102
[2026-06-21 14:50:53,535][src.frame_extractor][INFO] - Input #0, mov,mp4,m4a,3gp,3g2,mj2, from '/Users/bc/brendanchambers/2026-06-18-iphone-video-to-splat/data/incoming/movies/teensy.mov':
[2026-06-21 14:50:53,536][src.frame_extractor][INFO] -   Metadata:
[2026-06-21 14:50:53,536][src.frame_extractor][INFO] -     major_brand     : qt
[2026-06-21 14:50:53,536][src.frame_extractor][INFO] -     minor_version   : 512
[2026-06-21 14:50:53,536][src.frame_extractor][INFO] -     compatible_brands: qt
[2026-06-21 14:50:53,536][src.frame_extractor][INFO] -     encoder         : Lavf62.12.102
[2026-06-21 14:50:53,536][src.frame_extractor][INFO] -   Duration: 00:00:04.01, start: 0.000000, bitrate: 19786 kb/s
[2026-06-21 14:50:53,536][src.frame_extractor][INFO] -   Stream #0:0[0x1]: Video: h264 (High) (avc1 / 0x31637661), yuv420p(tv, bt709, progressive), 1080x1920, 19646 kb/s, 29.67 fps, 29.67 tbr, 11392 tbn (default)
[2026-06-21 14:50:53,536][src.frame_extractor][INFO] -     Metadata:
[2026-06-21 14:50:53,536][src.frame_extractor][INFO] -       handler_name    : Core Media Video
[2026-06-21 14:50:53,536][src.frame_extractor][INFO] -       vendor_id       : FFMP
[2026-06-21 14:50:53,536][src.frame_extractor][INFO] -       encoder         : Lavc62.28.102 libx264
[2026-06-21 14:50:53,536][src.frame_extractor][INFO] -   Stream #0:1[0x2]: Audio: aac (LC) (mp4a / 0x6134706D), 48000 Hz, stereo, fltp, 128 kb/s (default)
[2026-06-21 14:50:53,536][src.frame_extractor][INFO] -     Metadata:
[2026-06-21 14:50:53,536][src.frame_extractor][INFO] -       handler_name    : Core Media Audio
[2026-06-21 14:50:53,536][src.frame_extractor][INFO] -       vendor_id       : [0][0][0][0]
[2026-06-21 14:50:53,536][src.frame_extractor][INFO] - Stream mapping:
[2026-06-21 14:50:53,536][src.frame_extractor][INFO] -   Stream #0:0 -> #0:0 (h264 (native) -> mjpeg (native))
[2026-06-21 14:50:53,536][src.frame_extractor][INFO] - Press [q] to stop, [?] for help
[2026-06-21 14:50:53,583][src.frame_extractor][INFO] - Output #0, image2, to '/Users/bc/brendanchambers/2026-06-18-iphone-video-to-splat/data/intermediates/teensy/colmap_sfm_camera_model/images/frame_%04d.jpg':
[2026-06-21 14:50:53,583][src.frame_extractor][INFO] -   Metadata:
[2026-06-21 14:50:53,583][src.frame_extractor][INFO] -     major_brand     : qt
[2026-06-21 14:50:53,584][src.frame_extractor][INFO] -     minor_version   : 512
[2026-06-21 14:50:53,584][src.frame_extractor][INFO] -     compatible_brands: qt
[2026-06-21 14:50:53,584][src.frame_extractor][INFO] -     encoder         : Lavf62.12.102
[2026-06-21 14:50:53,584][src.frame_extractor][INFO] -   Stream #0:0: Video: mjpeg, yuv420p(pc, bt709, progressive), 1080x1920, q=2-31, 200 kb/s, 2 fps, 2 tbn (default)
[2026-06-21 14:50:53,584][src.frame_extractor][INFO] -     Metadata:
[2026-06-21 14:50:53,584][src.frame_extractor][INFO] -       encoder         : Lavc62.28.102 mjpeg
[2026-06-21 14:50:53,584][src.frame_extractor][INFO] -       handler_name    : Core Media Video
[2026-06-21 14:50:53,584][src.frame_extractor][INFO] -       vendor_id       : FFMP
[2026-06-21 14:50:53,584][src.frame_extractor][INFO] -     Side data:
[2026-06-21 14:50:53,585][src.frame_extractor][INFO] -       CPB properties: bitrate max/min/avg: 0/0/200000 buffer size: 0 vbv_delay: N/A
[2026-06-21 14:50:53,730][src.frame_extractor][INFO] - [out#0/image2 @ 0x12ae05400] video:3120KiB audio:0KiB subtitle:0KiB other streams:0KiB global headers:0KiB muxing overhead: unknown
[2026-06-21 14:50:53,730][src.frame_extractor][INFO] - frame=    8 fps=0.0 q=5.0 Lsize=N/A time=00:00:04.00 bitrate=N/A speed=20.6x elapsed=0:00:00.19
[2026-06-21 14:50:53,732][src.frame_extractor][INFO] - Successfully extracted 8 frames
[2026-06-21 14:50:53,732][__main__][INFO] - ✓ Frame extraction completed
[2026-06-21 14:50:53,732][__main__][INFO] - ============================================================
[2026-06-21 14:50:53,733][__main__][INFO] - STEP 2: Feature Extraction
[2026-06-21 14:50:53,733][__main__][INFO] - ============================================================
[2026-06-21 14:50:53,733][src.colmap_feature_extractor][INFO] - Extracting features from images: /Users/bc/brendanchambers/2026-06-18-iphone-video-to-splat/data/intermediates/teensy/colmap_sfm_camera_model/images
[2026-06-21 14:50:53,733][src.colmap_feature_extractor][INFO] - Database: /Users/bc/brendanchambers/2026-06-18-iphone-video-to-splat/data/intermediates/teensy/colmap_sfm_camera_model/database.db
[2026-06-21 14:50:53,733][src.colmap_feature_extractor][INFO] - Running: colmap feature_extractor
[2026-06-21 14:50:53,915][src.colmap_feature_extractor][INFO] - I20260621 14:50:53.915366 0x16d523000 feature_extraction.cc:504] === Feature extraction ===
[2026-06-21 14:50:53,930][src.colmap_feature_extractor][INFO] - I20260621 14:50:53.930260 0x16db27000 sift.cc:757] Creating SIFT GPU feature extractor
[2026-06-21 14:50:54,071][src.colmap_feature_extractor][INFO] - I20260621 14:50:54.071227 0x16dbb3000 feature_extraction.cc:282] Processed file [1/8]
[2026-06-21 14:50:54,071][src.colmap_feature_extractor][INFO] - I20260621 14:50:54.071249 0x16dbb3000 feature_extraction.cc:285]   Name:            frame_0001.jpg
[2026-06-21 14:50:54,071][src.colmap_feature_extractor][INFO] - I20260621 14:50:54.071252 0x16dbb3000 feature_extraction.cc:294]   Dimensions:      1080 x 1920
[2026-06-21 14:50:54,072][src.colmap_feature_extractor][INFO] - I20260621 14:50:54.071254 0x16dbb3000 feature_extraction.cc:297]   Camera:          #1 - RADIAL
[2026-06-21 14:50:54,072][src.colmap_feature_extractor][INFO] - I20260621 14:50:54.071256 0x16dbb3000 feature_extraction.cc:300]   Focal Length:    2304.00px
[2026-06-21 14:50:54,072][src.colmap_feature_extractor][INFO] - I20260621 14:50:54.071259 0x16dbb3000 feature_extraction.cc:304]   Features:        4449 (SIFT)
[2026-06-21 14:50:54,135][src.colmap_feature_extractor][INFO] - I20260621 14:50:54.135295 0x16dbb3000 feature_extraction.cc:282] Processed file [2/8]
[2026-06-21 14:50:54,135][src.colmap_feature_extractor][INFO] - I20260621 14:50:54.135314 0x16dbb3000 feature_extraction.cc:285]   Name:            frame_0002.jpg
[2026-06-21 14:50:54,135][src.colmap_feature_extractor][INFO] - I20260621 14:50:54.135317 0x16dbb3000 feature_extraction.cc:294]   Dimensions:      1080 x 1920
[2026-06-21 14:50:54,135][src.colmap_feature_extractor][INFO] - I20260621 14:50:54.135319 0x16dbb3000 feature_extraction.cc:297]   Camera:          #1 - RADIAL
[2026-06-21 14:50:54,135][src.colmap_feature_extractor][INFO] - I20260621 14:50:54.135321 0x16dbb3000 feature_extraction.cc:300]   Focal Length:    2304.00px
[2026-06-21 14:50:54,135][src.colmap_feature_extractor][INFO] - I20260621 14:50:54.135324 0x16dbb3000 feature_extraction.cc:304]   Features:        4766 (SIFT)
[2026-06-21 14:50:54,192][src.colmap_feature_extractor][INFO] - I20260621 14:50:54.192595 0x16dbb3000 feature_extraction.cc:282] Processed file [3/8]
[2026-06-21 14:50:54,192][src.colmap_feature_extractor][INFO] - I20260621 14:50:54.192612 0x16dbb3000 feature_extraction.cc:285]   Name:            frame_0003.jpg
[2026-06-21 14:50:54,192][src.colmap_feature_extractor][INFO] - I20260621 14:50:54.192614 0x16dbb3000 feature_extraction.cc:294]   Dimensions:      1080 x 1920
[2026-06-21 14:50:54,192][src.colmap_feature_extractor][INFO] - I20260621 14:50:54.192616 0x16dbb3000 feature_extraction.cc:297]   Camera:          #1 - RADIAL
[2026-06-21 14:50:54,192][src.colmap_feature_extractor][INFO] - I20260621 14:50:54.192618 0x16dbb3000 feature_extraction.cc:300]   Focal Length:    2304.00px
[2026-06-21 14:50:54,192][src.colmap_feature_extractor][INFO] - I20260621 14:50:54.192646 0x16dbb3000 feature_extraction.cc:304]   Features:        5561 (SIFT)
[2026-06-21 14:50:54,249][src.colmap_feature_extractor][INFO] - I20260621 14:50:54.249169 0x16dbb3000 feature_extraction.cc:282] Processed file [4/8]
[2026-06-21 14:50:54,249][src.colmap_feature_extractor][INFO] - I20260621 14:50:54.249188 0x16dbb3000 feature_extraction.cc:285]   Name:            frame_0004.jpg
[2026-06-21 14:50:54,249][src.colmap_feature_extractor][INFO] - I20260621 14:50:54.249191 0x16dbb3000 feature_extraction.cc:294]   Dimensions:      1080 x 1920
[2026-06-21 14:50:54,249][src.colmap_feature_extractor][INFO] - I20260621 14:50:54.249193 0x16dbb3000 feature_extraction.cc:297]   Camera:          #1 - RADIAL
[2026-06-21 14:50:54,249][src.colmap_feature_extractor][INFO] - I20260621 14:50:54.249194 0x16dbb3000 feature_extraction.cc:300]   Focal Length:    2304.00px
[2026-06-21 14:50:54,249][src.colmap_feature_extractor][INFO] - I20260621 14:50:54.249197 0x16dbb3000 feature_extraction.cc:304]   Features:        6351 (SIFT)
[2026-06-21 14:50:54,303][src.colmap_feature_extractor][INFO] - I20260621 14:50:54.303878 0x16dbb3000 feature_extraction.cc:282] Processed file [5/8]
[2026-06-21 14:50:54,304][src.colmap_feature_extractor][INFO] - I20260621 14:50:54.303898 0x16dbb3000 feature_extraction.cc:285]   Name:            frame_0005.jpg
[2026-06-21 14:50:54,304][src.colmap_feature_extractor][INFO] - I20260621 14:50:54.303901 0x16dbb3000 feature_extraction.cc:294]   Dimensions:      1080 x 1920
[2026-06-21 14:50:54,304][src.colmap_feature_extractor][INFO] - I20260621 14:50:54.303903 0x16dbb3000 feature_extraction.cc:297]   Camera:          #1 - RADIAL
[2026-06-21 14:50:54,304][src.colmap_feature_extractor][INFO] - I20260621 14:50:54.303905 0x16dbb3000 feature_extraction.cc:300]   Focal Length:    2304.00px
[2026-06-21 14:50:54,304][src.colmap_feature_extractor][INFO] - I20260621 14:50:54.303912 0x16dbb3000 feature_extraction.cc:304]   Features:        4609 (SIFT)
[2026-06-21 14:50:54,358][src.colmap_feature_extractor][INFO] - I20260621 14:50:54.357961 0x16dbb3000 feature_extraction.cc:282] Processed file [6/8]
[2026-06-21 14:50:54,358][src.colmap_feature_extractor][INFO] - I20260621 14:50:54.357981 0x16dbb3000 feature_extraction.cc:285]   Name:            frame_0006.jpg
[2026-06-21 14:50:54,358][src.colmap_feature_extractor][INFO] - I20260621 14:50:54.357984 0x16dbb3000 feature_extraction.cc:294]   Dimensions:      1080 x 1920
[2026-06-21 14:50:54,358][src.colmap_feature_extractor][INFO] - I20260621 14:50:54.357986 0x16dbb3000 feature_extraction.cc:297]   Camera:          #1 - RADIAL
[2026-06-21 14:50:54,358][src.colmap_feature_extractor][INFO] - I20260621 14:50:54.357988 0x16dbb3000 feature_extraction.cc:300]   Focal Length:    2304.00px
[2026-06-21 14:50:54,358][src.colmap_feature_extractor][INFO] - I20260621 14:50:54.357991 0x16dbb3000 feature_extraction.cc:304]   Features:        4916 (SIFT)
[2026-06-21 14:50:54,412][src.colmap_feature_extractor][INFO] - I20260621 14:50:54.412706 0x16dbb3000 feature_extraction.cc:282] Processed file [7/8]
[2026-06-21 14:50:54,413][src.colmap_feature_extractor][INFO] - I20260621 14:50:54.412724 0x16dbb3000 feature_extraction.cc:285]   Name:            frame_0007.jpg
[2026-06-21 14:50:54,413][src.colmap_feature_extractor][INFO] - I20260621 14:50:54.412727 0x16dbb3000 feature_extraction.cc:294]   Dimensions:      1080 x 1920
[2026-06-21 14:50:54,413][src.colmap_feature_extractor][INFO] - I20260621 14:50:54.412729 0x16dbb3000 feature_extraction.cc:297]   Camera:          #1 - RADIAL
[2026-06-21 14:50:54,413][src.colmap_feature_extractor][INFO] - I20260621 14:50:54.412731 0x16dbb3000 feature_extraction.cc:300]   Focal Length:    2304.00px
[2026-06-21 14:50:54,413][src.colmap_feature_extractor][INFO] - I20260621 14:50:54.412734 0x16dbb3000 feature_extraction.cc:304]   Features:        4134 (SIFT)
[2026-06-21 14:50:54,470][src.colmap_feature_extractor][INFO] - I20260621 14:50:54.470509 0x16dbb3000 feature_extraction.cc:282] Processed file [8/8]
[2026-06-21 14:50:54,470][src.colmap_feature_extractor][INFO] - I20260621 14:50:54.470544 0x16dbb3000 feature_extraction.cc:285]   Name:            frame_0008.jpg
[2026-06-21 14:50:54,470][src.colmap_feature_extractor][INFO] - I20260621 14:50:54.470547 0x16dbb3000 feature_extraction.cc:294]   Dimensions:      1080 x 1920
[2026-06-21 14:50:54,470][src.colmap_feature_extractor][INFO] - I20260621 14:50:54.470553 0x16dbb3000 feature_extraction.cc:297]   Camera:          #1 - RADIAL
[2026-06-21 14:50:54,470][src.colmap_feature_extractor][INFO] - I20260621 14:50:54.470555 0x16dbb3000 feature_extraction.cc:300]   Focal Length:    2304.00px
[2026-06-21 14:50:54,470][src.colmap_feature_extractor][INFO] - I20260621 14:50:54.470559 0x16dbb3000 feature_extraction.cc:304]   Features:        6773 (SIFT)
[2026-06-21 14:50:54,474][src.colmap_feature_extractor][INFO] - I20260621 14:50:54.474572 0x16d523000 timer.cc:90] Elapsed time: 0.009 [minutes]
[2026-06-21 14:50:54,491][src.colmap_feature_extractor][INFO] - Feature extraction completed successfully
[2026-06-21 14:50:54,491][__main__][INFO] - ✓ Feature extraction completed
[2026-06-21 14:50:54,491][__main__][INFO] - ============================================================
[2026-06-21 14:50:54,491][__main__][INFO] - STEP 3: Feature Matching
[2026-06-21 14:50:54,491][__main__][INFO] - ============================================================
[2026-06-21 14:50:54,492][src.colmap_feature_matcher][INFO] - Matching features in database: /Users/bc/brendanchambers/2026-06-18-iphone-video-to-splat/data/intermediates/teensy/colmap_sfm_camera_model/database.db
[2026-06-21 14:50:54,492][src.colmap_feature_matcher][INFO] - Running: colmap sequential_matcher
[2026-06-21 14:50:54,673][src.colmap_feature_matcher][INFO] - I20260621 14:50:54.672676 0x16d827000 feature_matching.cc:195] === Feature matching & geometric verification ===
[2026-06-21 14:50:54,690][src.colmap_feature_matcher][INFO] - I20260621 14:50:54.689905 0x16d8b3000 sift.cc:1559] Creating SIFT GPU feature matcher
[2026-06-21 14:50:54,713][src.colmap_feature_matcher][INFO] - I20260621 14:50:54.713322 0x16d827000 pairing.cc:415] Generating sequential image pairs...
[2026-06-21 14:50:54,713][src.colmap_feature_matcher][INFO] - I20260621 14:50:54.713455 0x16d827000 pairing.cc:473] Processing image [1/8]
[2026-06-21 14:50:54,774][src.colmap_feature_matcher][INFO] - I20260621 14:50:54.774312 0x16d827000 feature_matching.cc:217] in 0.061s
[2026-06-21 14:50:54,774][src.colmap_feature_matcher][INFO] - I20260621 14:50:54.774327 0x16d827000 pairing.cc:473] Processing image [2/8]
[2026-06-21 14:50:54,836][src.colmap_feature_matcher][INFO] - I20260621 14:50:54.836668 0x16d827000 feature_matching.cc:217] in 0.062s
[2026-06-21 14:50:54,836][src.colmap_feature_matcher][INFO] - I20260621 14:50:54.836693 0x16d827000 pairing.cc:473] Processing image [3/8]
[2026-06-21 14:50:54,900][src.colmap_feature_matcher][INFO] - I20260621 14:50:54.900542 0x16d827000 feature_matching.cc:217] in 0.064s
[2026-06-21 14:50:54,900][src.colmap_feature_matcher][INFO] - I20260621 14:50:54.900557 0x16d827000 pairing.cc:473] Processing image [4/8]
[2026-06-21 14:50:54,975][src.colmap_feature_matcher][INFO] - I20260621 14:50:54.975909 0x16d827000 feature_matching.cc:217] in 0.075s
[2026-06-21 14:50:54,976][src.colmap_feature_matcher][INFO] - I20260621 14:50:54.975929 0x16d827000 pairing.cc:473] Processing image [5/8]
[2026-06-21 14:50:55,008][src.colmap_feature_matcher][INFO] - I20260621 14:50:55.008204 0x16d827000 feature_matching.cc:217] in 0.032s
[2026-06-21 14:50:55,008][src.colmap_feature_matcher][INFO] - I20260621 14:50:55.008220 0x16d827000 pairing.cc:473] Processing image [6/8]
[2026-06-21 14:50:55,051][src.colmap_feature_matcher][INFO] - I20260621 14:50:55.050986 0x16d827000 feature_matching.cc:217] in 0.043s
[2026-06-21 14:50:55,051][src.colmap_feature_matcher][INFO] - I20260621 14:50:55.051007 0x16d827000 pairing.cc:473] Processing image [7/8]
[2026-06-21 14:50:55,076][src.colmap_feature_matcher][INFO] - I20260621 14:50:55.075982 0x16d827000 feature_matching.cc:217] in 0.025s
[2026-06-21 14:50:55,076][src.colmap_feature_matcher][INFO] - I20260621 14:50:55.076000 0x16d827000 pairing.cc:473] Processing image [8/8]
[2026-06-21 14:50:55,076][src.colmap_feature_matcher][INFO] - I20260621 14:50:55.076004 0x16d827000 feature_matching.cc:217] in 0.000s
[2026-06-21 14:50:55,076][src.colmap_feature_matcher][INFO] - I20260621 14:50:55.076007 0x16d827000 timer.cc:90] Elapsed time: 0.007 [minutes]
[2026-06-21 14:50:55,086][src.colmap_feature_matcher][INFO] - Feature matching completed successfully
[2026-06-21 14:50:55,087][__main__][INFO] - ✓ Feature matching completed
[2026-06-21 14:50:55,087][__main__][INFO] - ============================================================
[2026-06-21 14:50:55,087][__main__][INFO] - STEP 4: Sparse Reconstruction
[2026-06-21 14:50:55,087][__main__][INFO] - ============================================================
[2026-06-21 14:50:55,088][src.colmap_mapper][INFO] - Performing sparse reconstruction
[2026-06-21 14:50:55,088][src.colmap_mapper][INFO] - Database: /Users/bc/brendanchambers/2026-06-18-iphone-video-to-splat/data/intermediates/teensy/colmap_sfm_camera_model/database.db
[2026-06-21 14:50:55,088][src.colmap_mapper][INFO] - Images: /Users/bc/brendanchambers/2026-06-18-iphone-video-to-splat/data/intermediates/teensy/colmap_sfm_camera_model/images
[2026-06-21 14:50:55,088][src.colmap_mapper][INFO] - Output: /Users/bc/brendanchambers/2026-06-18-iphone-video-to-splat/data/intermediates/teensy/colmap_sfm_camera_model/sparse
[2026-06-21 14:50:55,088][src.colmap_mapper][INFO] - Running: colmap mapper
[2026-06-21 14:50:55,147][src.colmap_mapper][INFO] - I20260621 14:50:55.147315 0x1fde420c0 incremental_pipeline.cc:278] Loading database
[2026-06-21 14:50:55,147][src.colmap_mapper][INFO] - I20260621 14:50:55.147698 0x1fde420c0 database_cache.cc:72] Loading rigs...
[2026-06-21 14:50:55,147][src.colmap_mapper][INFO] - I20260621 14:50:55.147720 0x1fde420c0 database_cache.cc:82]  1 in 0.000s
[2026-06-21 14:50:55,147][src.colmap_mapper][INFO] - I20260621 14:50:55.147724 0x1fde420c0 database_cache.cc:90] Loading cameras...
[2026-06-21 14:50:55,148][src.colmap_mapper][INFO] - I20260621 14:50:55.147732 0x1fde420c0 database_cache.cc:108]  1 in 0.000s
[2026-06-21 14:50:55,148][src.colmap_mapper][INFO] - I20260621 14:50:55.147734 0x1fde420c0 database_cache.cc:116] Loading frames...
[2026-06-21 14:50:55,148][src.colmap_mapper][INFO] - I20260621 14:50:55.147754 0x1fde420c0 database_cache.cc:126]  8 in 0.000s
[2026-06-21 14:50:55,148][src.colmap_mapper][INFO] - I20260621 14:50:55.147755 0x1fde420c0 database_cache.cc:134] Loading matches...
[2026-06-21 14:50:55,148][src.colmap_mapper][INFO] - I20260621 14:50:55.147828 0x1fde420c0 database_cache.cc:139]  17 in 0.000s
[2026-06-21 14:50:55,148][src.colmap_mapper][INFO] - I20260621 14:50:55.147830 0x1fde420c0 database_cache.cc:147] Loading images...
[2026-06-21 14:50:55,148][src.colmap_mapper][INFO] - I20260621 14:50:55.148395 0x1fde420c0 database_cache.cc:241]  8 in 0.001s (connected 8, loaded 8)
[2026-06-21 14:50:55,148][src.colmap_mapper][INFO] - I20260621 14:50:55.148399 0x1fde420c0 database_cache.cc:255] Loading pose priors...
[2026-06-21 14:50:55,148][src.colmap_mapper][INFO] - I20260621 14:50:55.148405 0x1fde420c0 database_cache.cc:263]  0 in 0.000s
[2026-06-21 14:50:55,148][src.colmap_mapper][INFO] - I20260621 14:50:55.148406 0x1fde420c0 database_cache.cc:271] Building correspondence graph...
[2026-06-21 14:50:55,149][src.colmap_mapper][INFO] - I20260621 14:50:55.149545 0x1fde420c0 database_cache.cc:300]  in 0.001s (ignored 0)
[2026-06-21 14:50:55,149][src.colmap_mapper][INFO] - I20260621 14:50:55.149549 0x1fde420c0 timer.cc:90] Elapsed time: 0.000 [minutes]
[2026-06-21 14:50:55,149][src.colmap_mapper][INFO] - I20260621 14:50:55.149665 0x1fde420c0 incremental_pipeline.cc:390] Finding good initial image pair
[2026-06-21 14:50:55,162][src.colmap_mapper][INFO] - I20260621 14:50:55.162343 0x1fde420c0 incremental_pipeline.cc:414] Registering initial image pair #4 and #2
[2026-06-21 14:50:55,162][src.colmap_mapper][INFO] - I20260621 14:50:55.162980 0x1fde420c0 incremental_pipeline.cc:432] Global bundle adjustment
[2026-06-21 14:50:55,187][src.colmap_mapper][INFO] - I20260621 14:50:55.187284 0x1fde420c0 incremental_pipeline.cc:537] Registering image #3 (num_reg_frames=2)
[2026-06-21 14:50:55,187][src.colmap_mapper][INFO] - I20260621 14:50:55.187296 0x1fde420c0 incremental_pipeline.cc:540] => Image sees 168 / 1892 points
[2026-06-21 14:50:55,236][src.colmap_mapper][INFO] - I20260621 14:50:55.236922 0x1fde420c0 incremental_pipeline.cc:79] Retriangulation and Global bundle adjustment
[2026-06-21 14:50:55,257][src.colmap_mapper][INFO] - I20260621 14:50:55.257936 0x1fde420c0 incremental_pipeline.cc:537] Registering image #6 (num_reg_frames=3)
[2026-06-21 14:50:55,258][src.colmap_mapper][INFO] - I20260621 14:50:55.257949 0x1fde420c0 incremental_pipeline.cc:540] => Image sees 499 / 2128 points
[2026-06-21 14:50:55,318][src.colmap_mapper][INFO] - I20260621 14:50:55.318566 0x1fde420c0 incremental_pipeline.cc:79] Retriangulation and Global bundle adjustment
[2026-06-21 14:50:55,342][src.colmap_mapper][INFO] - I20260621 14:50:55.342556 0x1fde420c0 incremental_pipeline.cc:537] Registering image #5 (num_reg_frames=4)
[2026-06-21 14:50:55,342][src.colmap_mapper][INFO] - I20260621 14:50:55.342569 0x1fde420c0 incremental_pipeline.cc:540] => Image sees 1052 / 2461 points
[2026-06-21 14:50:55,394][src.colmap_mapper][INFO] - I20260621 14:50:55.394784 0x1fde420c0 incremental_pipeline.cc:79] Retriangulation and Global bundle adjustment
[2026-06-21 14:50:55,414][src.colmap_mapper][INFO] - I20260621 14:50:55.414197 0x1fde420c0 incremental_pipeline.cc:537] Registering image #1 (num_reg_frames=5)
[2026-06-21 14:50:55,414][src.colmap_mapper][INFO] - I20260621 14:50:55.414212 0x1fde420c0 incremental_pipeline.cc:540] => Image sees 536 / 1825 points
[2026-06-21 14:50:55,469][src.colmap_mapper][INFO] - I20260621 14:50:55.469876 0x1fde420c0 incremental_pipeline.cc:79] Retriangulation and Global bundle adjustment
[2026-06-21 14:50:55,498][src.colmap_mapper][INFO] - I20260621 14:50:55.498695 0x1fde420c0 incremental_pipeline.cc:537] Registering image #7 (num_reg_frames=6)
[2026-06-21 14:50:55,498][src.colmap_mapper][INFO] - I20260621 14:50:55.498708 0x1fde420c0 incremental_pipeline.cc:540] => Image sees 436 / 1676 points
[2026-06-21 14:50:55,538][src.colmap_mapper][INFO] - I20260621 14:50:55.538793 0x1fde420c0 incremental_pipeline.cc:79] Retriangulation and Global bundle adjustment
[2026-06-21 14:50:55,579][src.colmap_mapper][INFO] - I20260621 14:50:55.579474 0x1fde420c0 incremental_pipeline.cc:537] Registering image #8 (num_reg_frames=7)
[2026-06-21 14:50:55,579][src.colmap_mapper][INFO] - I20260621 14:50:55.579486 0x1fde420c0 incremental_pipeline.cc:540] => Image sees 481 / 1376 points
[2026-06-21 14:50:55,617][src.colmap_mapper][INFO] - I20260621 14:50:55.617437 0x1fde420c0 incremental_pipeline.cc:79] Retriangulation and Global bundle adjustment
[2026-06-21 14:50:55,659][src.colmap_mapper][INFO] - I20260621 14:50:55.659940 0x1fde420c0 incremental_pipeline.cc:79] Retriangulation and Global bundle adjustment
[2026-06-21 14:50:55,671][src.colmap_mapper][INFO] - I20260621 14:50:55.671767 0x1fde420c0 incremental_pipeline.cc:723] Keeping successful reconstruction
[2026-06-21 14:50:55,674][src.colmap_mapper][INFO] - I20260621 14:50:55.674243 0x1fde420c0 timer.cc:90] Elapsed time: 0.009 [minutes]
[2026-06-21 14:50:55,677][src.colmap_mapper][INFO] - Sparse reconstruction completed successfully
[2026-06-21 14:50:55,677][__main__][INFO] - ✓ Sparse reconstruction completed
[2026-06-21 14:50:55,677][__main__][INFO] - ============================================================
[2026-06-21 14:50:55,677][__main__][INFO] - STEP 5: Image Undistortion
[2026-06-21 14:50:55,677][__main__][INFO] - ============================================================
[2026-06-21 14:50:55,679][src.colmap_undistorter][INFO] - Undistorting images
[2026-06-21 14:50:55,679][src.colmap_undistorter][INFO] - Input model: /Users/bc/brendanchambers/2026-06-18-iphone-video-to-splat/data/intermediates/teensy/colmap_sfm_camera_model/sparse/0
[2026-06-21 14:50:55,679][src.colmap_undistorter][INFO] - Images: /Users/bc/brendanchambers/2026-06-18-iphone-video-to-splat/data/intermediates/teensy/colmap_sfm_camera_model/images
[2026-06-21 14:50:55,679][src.colmap_undistorter][INFO] - Output: /Users/bc/brendanchambers/2026-06-18-iphone-video-to-splat/data/intermediates/teensy/colmap_sfm_linearized
[2026-06-21 14:50:55,679][src.colmap_undistorter][INFO] - Running: colmap image_undistorter
[2026-06-21 14:50:55,725][src.colmap_undistorter][INFO] - I20260621 14:50:55.725098 0x1fde420c0 image.cc:368] === Reading reconstruction ===
[2026-06-21 14:50:55,727][src.colmap_undistorter][INFO] - I20260621 14:50:55.727249 0x1fde420c0 image.cc:371] => Reconstruction with 8 images and 2190 points
[2026-06-21 14:50:55,727][src.colmap_undistorter][INFO] - I20260621 14:50:55.727258 0x1fde420c0 undistorters.cc:166] === Image undistortion ===
[2026-06-21 14:50:55,727][src.colmap_undistorter][INFO] - I20260621 14:50:55.727547 0x1fde420c0 undistorters.cc:205] Undistorting image [1/8]
[2026-06-21 14:50:56,318][src.colmap_undistorter][INFO] - I20260621 14:50:56.318874 0x1fde420c0 undistorters.cc:205] Undistorting image [2/8]
[2026-06-21 14:50:56,320][src.colmap_undistorter][INFO] - I20260621 14:50:56.320593 0x1fde420c0 undistorters.cc:205] Undistorting image [3/8]
[2026-06-21 14:50:56,340][src.colmap_undistorter][INFO] - I20260621 14:50:56.340703 0x1fde420c0 undistorters.cc:205] Undistorting image [4/8]
[2026-06-21 14:50:56,342][src.colmap_undistorter][INFO] - I20260621 14:50:56.342647 0x1fde420c0 undistorters.cc:205] Undistorting image [5/8]
[2026-06-21 14:50:56,342][src.colmap_undistorter][INFO] - I20260621 14:50:56.342653 0x1fde420c0 undistorters.cc:205] Undistorting image [6/8]
[2026-06-21 14:50:56,342][src.colmap_undistorter][INFO] - I20260621 14:50:56.342655 0x1fde420c0 undistorters.cc:205] Undistorting image [7/8]
[2026-06-21 14:50:56,342][src.colmap_undistorter][INFO] - I20260621 14:50:56.342656 0x1fde420c0 undistorters.cc:205] Undistorting image [8/8]
[2026-06-21 14:50:56,342][src.colmap_undistorter][INFO] - I20260621 14:50:56.342658 0x1fde420c0 undistorters.cc:213] Writing reconstruction...
[2026-06-21 14:50:56,347][src.colmap_undistorter][INFO] - I20260621 14:50:56.347201 0x1fde420c0 undistorters.cc:218] Writing configuration...
[2026-06-21 14:50:56,347][src.colmap_undistorter][INFO] - I20260621 14:50:56.347320 0x1fde420c0 undistorters.cc:222] Writing scripts...
[2026-06-21 14:50:56,347][src.colmap_undistorter][INFO] - I20260621 14:50:56.347421 0x1fde420c0 timer.cc:90] Elapsed time: 0.010 [minutes]
[2026-06-21 14:50:56,351][src.colmap_undistorter][INFO] - Image undistortion completed successfully
[2026-06-21 14:50:56,351][__main__][INFO] - ✓ Image undistortion completed
[2026-06-21 14:50:56,351][__main__][INFO] - ============================================================
[2026-06-21 14:50:56,351][__main__][INFO] - STEP 6: OpenSplat Training
[2026-06-21 14:50:56,351][__main__][INFO] - ============================================================
[2026-06-21 14:50:56,352][src.opensplat_trainer][INFO] - Training 3D Gaussian Splat
[2026-06-21 14:50:56,352][src.opensplat_trainer][INFO] - Sparse model: /Users/bc/brendanchambers/2026-06-18-iphone-video-to-splat/data/intermediates/teensy/colmap_sfm_linearized/sparse
[2026-06-21 14:50:56,352][src.opensplat_trainer][INFO] - Images: /Users/bc/brendanchambers/2026-06-18-iphone-video-to-splat/data/intermediates/teensy/colmap_sfm_linearized/images
[2026-06-21 14:50:56,352][src.opensplat_trainer][INFO] - Output PLY: /Users/bc/brendanchambers/2026-06-18-iphone-video-to-splat/data/intermediates/teensy/colmap_sfm_linearized/splats/teensy_20260621_1450.ply
[2026-06-21 14:50:56,352][src.opensplat_trainer][INFO] - Training loss log: /Users/bc/brendanchambers/2026-06-18-iphone-video-to-splat/data/intermediates/teensy/colmap_sfm_linearized/splats/train_20260621_1450.jsonl
[2026-06-21 14:50:56,352][src.opensplat_trainer][INFO] - Validation loss log: /Users/bc/brendanchambers/2026-06-18-iphone-video-to-splat/data/intermediates/teensy/colmap_sfm_linearized/splats/val_20260621_1450.jsonl
[2026-06-21 14:50:56,352][src.opensplat_trainer][INFO] - Running: opensplat
[2026-06-21 14:50:56,512][src.opensplat_trainer][INFO] - Using MPS
[2026-06-21 14:50:56,514][src.opensplat_trainer][INFO] - Reading 2190 points
[2026-06-21 14:50:56,514][src.opensplat_trainer][INFO] - Loading /Users/bc/brendanchambers/2026-06-18-iphone-video-to-splat/data/intermediates/teensy/colmap_sfm_linearized/images/frame_0001.jpg
[2026-06-21 14:50:56,514][src.opensplat_trainer][INFO] - Loading /Users/bc/brendanchambers/2026-06-18-iphone-video-to-splat/data/intermediates/teensy/colmap_sfm_linearized/images/frame_0003.jpg
[2026-06-21 14:50:56,514][src.opensplat_trainer][INFO] - Loading /Users/bc/brendanchambers/2026-06-18-iphone-video-to-splat/data/intermediates/teensy/colmap_sfm_linearized/images/frame_0002.jpg
[2026-06-21 14:50:56,514][src.opensplat_trainer][INFO] - Loading /Users/bc/brendanchambers/2026-06-18-iphone-video-to-splat/data/intermediates/teensy/colmap_sfm_linearized/images/frame_0006.jpg
[2026-06-21 14:50:56,514][src.opensplat_trainer][INFO] - Loading /Users/bc/brendanchambers/2026-06-18-iphone-video-to-splat/data/intermediates/teensy/colmap_sfm_linearized/images/frame_0007.jpg
[2026-06-21 14:50:56,514][src.opensplat_trainer][INFO] - Loading Loading Loading /Users/bc/brendanchambers/2026-06-18-iphone-video-to-splat/data/intermediates/teensy/colmap_sfm_linearized/images/frame_0004.jpg
[2026-06-21 14:50:56,514][src.opensplat_trainer][INFO] - /Users/bc/brendanchambers/2026-06-18-iphone-video-to-splat/data/intermediates/teensy/colmap_sfm_linearized/images/frame_0008.jpg
[2026-06-21 14:50:56,514][src.opensplat_trainer][INFO] - /Users/bc/brendanchambers/2026-06-18-iphone-video-to-splat/data/intermediates/teensy/colmap_sfm_linearized/images/frame_0005.jpg
[2026-06-21 14:50:57,068][src.opensplat_trainer][INFO] - init_gsplat_metal_context: loading '/Users/bc/brendanchambers/2026-06-18-iphone-video-to-splat/opensplat/build/default.metallib'
[2026-06-21 14:50:57,068][src.opensplat_trainer][INFO] - init_gsplat_metal_context: loaded '/Users/bc/brendanchambers/2026-06-18-iphone-video-to-splat/opensplat/build/default.metallib', functions: compute_cov2d_bounds_kernel, project_gaussians_backward_kernel, get_tile_bin_edges_kernel, rasterize_backward_kernel, map_gaussian_to_intersects_kernel, nd_rasterize_backward_kernel, project_gaussians_forward_kernel, compute_sh_backward_kernel, compute_sh_forward_kernel, nd_rasterize_forward_kernel
[2026-06-21 14:50:57,068][src.opensplat_trainer][INFO] - init_gsplat_metal_context: load function nd_rasterize_backward_kernel with label: (null)
[2026-06-21 14:50:57,068][src.opensplat_trainer][INFO] - init_gsplat_metal_context: load function nd_rasterize_forward_kernel with label: (null)
[2026-06-21 14:50:57,068][src.opensplat_trainer][INFO] - init_gsplat_metal_context: load function rasterize_backward_kernel with label: (null)
[2026-06-21 14:50:57,068][src.opensplat_trainer][INFO] - init_gsplat_metal_context: load function project_gaussians_forward_kernel with label: (null)
[2026-06-21 14:50:57,068][src.opensplat_trainer][INFO] - init_gsplat_metal_context: load function project_gaussians_backward_kernel with label: (null)
[2026-06-21 14:50:57,068][src.opensplat_trainer][INFO] - init_gsplat_metal_context: load function compute_sh_forward_kernel with label: (null)
[2026-06-21 14:50:57,068][src.opensplat_trainer][INFO] - init_gsplat_metal_context: load function compute_sh_backward_kernel with label: (null)
[2026-06-21 14:50:57,068][src.opensplat_trainer][INFO] - init_gsplat_metal_context: load function compute_cov2d_bounds_kernel with label: (null)
[2026-06-21 14:50:57,068][src.opensplat_trainer][INFO] - init_gsplat_metal_context: load function map_gaussian_to_intersects_kernel with label: (null)
[2026-06-21 14:50:57,068][src.opensplat_trainer][INFO] - init_gsplat_metal_context: load function get_tile_bin_edges_kernel with label: (null)
[2026-06-21 14:50:57,068][src.opensplat_trainer][INFO] - Step 10: 0.335643 (20%)
[2026-06-21 14:50:57,425][src.opensplat_trainer][INFO] - Step 20: 0.316053 (40%)
[2026-06-21 14:50:57,746][src.opensplat_trainer][INFO] - Step 30: 0.28368 (60%)
[2026-06-21 14:50:58,073][src.opensplat_trainer][INFO] - Step 40: 0.301104 (80%)
[2026-06-21 14:50:58,433][src.opensplat_trainer][INFO] - Step 50: 0.302611 (100%)
[2026-06-21 14:50:58,452][src.opensplat_trainer][INFO] - Wrote /Users/bc/brendanchambers/2026-06-18-iphone-video-to-splat/data/intermediates/teensy/colmap_sfm_linearized/splats/cameras.json
[2026-06-21 14:50:58,463][src.opensplat_trainer][INFO] - Wrote /Users/bc/brendanchambers/2026-06-18-iphone-video-to-splat/data/intermediates/teensy/colmap_sfm_linearized/splats/teensy_20260621_1450.ply
[2026-06-21 14:50:58,480][src.opensplat_trainer][INFO] - /Users/bc/brendanchambers/2026-06-18-iphone-video-to-splat/data/intermediates/teensy/colmap_sfm_linearized/images/frame_0001.jpg validation loss: 0.344775
[2026-06-21 14:50:58,547][src.opensplat_trainer][INFO] - Parsed 5 training loss values to /Users/bc/brendanchambers/2026-06-18-iphone-video-to-splat/data/intermediates/teensy/colmap_sfm_linearized/splats/train_20260621_1450.jsonl
[2026-06-21 14:50:58,548][src.opensplat_trainer][INFO] - Captured validation loss: 0.344775 to /Users/bc/brendanchambers/2026-06-18-iphone-video-to-splat/data/intermediates/teensy/colmap_sfm_linearized/splats/val_20260621_1450.jsonl
[2026-06-21 14:50:58,548][src.opensplat_trainer][INFO] - Training completed successfully
[2026-06-21 14:50:58,548][src.opensplat_trainer][INFO] - Output saved to: /Users/bc/brendanchambers/2026-06-18-iphone-video-to-splat/data/intermediates/teensy/colmap_sfm_linearized/splats/teensy_20260621_1450.ply
[2026-06-21 14:50:58,548][__main__][INFO] - ✓ Splat training completed
[2026-06-21 14:50:58,548][__main__][INFO] - ============================================================
[2026-06-21 14:50:58,548][__main__][INFO] - Analyzing Training Loss
[2026-06-21 14:50:58,548][__main__][INFO] - ============================================================
[2026-06-21 14:50:58,548][__main__][ERROR] - Exception in splat_training: 'loss'
Traceback (most recent call last):
  File "/Users/bc/brendanchambers/2026-06-18-iphone-video-to-splat/pipeline.py", line 293, in run_full_pipeline
    success = step_func()
              ^^^^^^^^^^^
  File "/Users/bc/brendanchambers/2026-06-18-iphone-video-to-splat/pipeline.py", line 218, in run_splat_training
    self.analyze_training_loss(output_dir)
  File "/Users/bc/brendanchambers/2026-06-18-iphone-video-to-splat/pipeline.py", line 249, in analyze_training_loss
    print_analysis(jsonl_file, records)
  File "/Users/bc/brendanchambers/2026-06-18-iphone-video-to-splat/scripts/analyze_training_loss.py", line 68, in print_analysis
    stats = analyze_loss(records)
            ^^^^^^^^^^^^^^^^^^^^^
  File "/Users/bc/brendanchambers/2026-06-18-iphone-video-to-splat/scripts/analyze_training_loss.py", line 48, in analyze_loss
    losses = [r["loss"] for r in records]
              ~^^^^^^^^
KeyError: 'loss'
