[2026-06-21 15:53:05,546][__main__][INFO] - 
[2026-06-21 15:53:05,546][__main__][INFO] - ╔==========================================================╗
[2026-06-21 15:53:05,546][__main__][INFO] - ║          3D Gaussian Splat Training Pipeline              ║
[2026-06-21 15:53:05,546][__main__][INFO] - ╚==========================================================╝
[2026-06-21 15:53:05,546][__main__][INFO] - Experiment: densify_sz0.01_gr0.0004
[2026-06-21 15:53:05,546][__main__][INFO] - Project dir: /Users/bc/brendanchambers/2026-06-18-iphone-video-to-splat
[2026-06-21 15:53:05,546][__main__][INFO] - 
[2026-06-21 15:53:05,546][src.timing_recorder][INFO] - [TIMING] Starting: frame_extraction
[2026-06-21 15:53:05,546][__main__][INFO] - ============================================================
[2026-06-21 15:53:05,546][__main__][INFO] - STEP 1: Frame Extraction
[2026-06-21 15:53:05,546][__main__][INFO] - ============================================================
[2026-06-21 15:53:05,547][src.frame_extractor][INFO] - Extracting frames from: /Users/bc/brendanchambers/2026-06-18-iphone-video-to-splat/data/incoming/movies/teensy.mov
[2026-06-21 15:53:05,547][src.frame_extractor][INFO] - Output directory: /Users/bc/brendanchambers/2026-06-18-iphone-video-to-splat/data/intermediates/densify_sz0.01_gr0.0004/colmap_sfm_camera_model/images
[2026-06-21 15:53:05,547][src.frame_extractor][INFO] - Extracting frames at 2 fps
[2026-06-21 15:53:05,547][src.frame_extractor][INFO] - Running command: ffmpeg -i /Users/bc/brendanchambers/2026-06-18-iphone-video-to-splat/data/incoming/movies/teensy.mov -vf fps=2 -q:v 5 /Users/bc/brendanchambers/2026-06-18-iphone-video-to-splat/data/intermediates/densify_sz0.01_gr0.0004/colmap_sfm_camera_model/images/frame_%04d.jpg
[2026-06-21 15:53:05,563][src.frame_extractor][INFO] - ffmpeg version 8.1.2 Copyright (c) 2000-2026 the FFmpeg developers
[2026-06-21 15:53:05,563][src.frame_extractor][INFO] -   built with Apple clang version 17.0.0 (clang-1700.6.4.2)
[2026-06-21 15:53:05,563][src.frame_extractor][INFO] -   configuration: --prefix=/opt/homebrew/Cellar/ffmpeg/8.1.2 --enable-shared --enable-pthreads --enable-version3 --cc=clang --host-cflags= --host-ldflags= --enable-ffplay --enable-gpl --enable-libsvtav1 --enable-libopus --enable-libx264 --enable-libmp3lame --enable-libdav1d --enable-libvmaf --enable-libvpx --enable-libx265 --enable-openssl --enable-videotoolbox --enable-audiotoolbox --enable-neon
[2026-06-21 15:53:05,563][src.frame_extractor][INFO] -   libavutil      60. 26.102 / 60. 26.102
[2026-06-21 15:53:05,563][src.frame_extractor][INFO] -   libavcodec     62. 28.102 / 62. 28.102
[2026-06-21 15:53:05,563][src.frame_extractor][INFO] -   libavformat    62. 12.102 / 62. 12.102
[2026-06-21 15:53:05,563][src.frame_extractor][INFO] -   libavdevice    62.  3.102 / 62.  3.102
[2026-06-21 15:53:05,563][src.frame_extractor][INFO] -   libavfilter    11. 14.102 / 11. 14.102
[2026-06-21 15:53:05,563][src.frame_extractor][INFO] -   libswscale      9.  5.102 /  9.  5.102
[2026-06-21 15:53:05,563][src.frame_extractor][INFO] -   libswresample   6.  3.102 /  6.  3.102
[2026-06-21 15:53:05,579][src.frame_extractor][INFO] - Input #0, mov,mp4,m4a,3gp,3g2,mj2, from '/Users/bc/brendanchambers/2026-06-18-iphone-video-to-splat/data/incoming/movies/teensy.mov':
[2026-06-21 15:53:05,579][src.frame_extractor][INFO] -   Metadata:
[2026-06-21 15:53:05,579][src.frame_extractor][INFO] -     major_brand     : qt
[2026-06-21 15:53:05,579][src.frame_extractor][INFO] -     minor_version   : 512
[2026-06-21 15:53:05,579][src.frame_extractor][INFO] -     compatible_brands: qt
[2026-06-21 15:53:05,579][src.frame_extractor][INFO] -     encoder         : Lavf62.12.102
[2026-06-21 15:53:05,579][src.frame_extractor][INFO] -   Duration: 00:00:04.01, start: 0.000000, bitrate: 19786 kb/s
[2026-06-21 15:53:05,579][src.frame_extractor][INFO] -   Stream #0:0[0x1]: Video: h264 (High) (avc1 / 0x31637661), yuv420p(tv, bt709, progressive), 1080x1920, 19646 kb/s, 29.67 fps, 29.67 tbr, 11392 tbn (default)
[2026-06-21 15:53:05,579][src.frame_extractor][INFO] -     Metadata:
[2026-06-21 15:53:05,579][src.frame_extractor][INFO] -       handler_name    : Core Media Video
[2026-06-21 15:53:05,579][src.frame_extractor][INFO] -       vendor_id       : FFMP
[2026-06-21 15:53:05,579][src.frame_extractor][INFO] -       encoder         : Lavc62.28.102 libx264
[2026-06-21 15:53:05,579][src.frame_extractor][INFO] -   Stream #0:1[0x2]: Audio: aac (LC) (mp4a / 0x6134706D), 48000 Hz, stereo, fltp, 128 kb/s (default)
[2026-06-21 15:53:05,579][src.frame_extractor][INFO] -     Metadata:
[2026-06-21 15:53:05,579][src.frame_extractor][INFO] -       handler_name    : Core Media Audio
[2026-06-21 15:53:05,579][src.frame_extractor][INFO] -       vendor_id       : [0][0][0][0]
[2026-06-21 15:53:05,579][src.frame_extractor][INFO] - Stream mapping:
[2026-06-21 15:53:05,579][src.frame_extractor][INFO] -   Stream #0:0 -> #0:0 (h264 (native) -> mjpeg (native))
[2026-06-21 15:53:05,579][src.frame_extractor][INFO] - Press [q] to stop, [?] for help
[2026-06-21 15:53:05,631][src.frame_extractor][INFO] - Output #0, image2, to '/Users/bc/brendanchambers/2026-06-18-iphone-video-to-splat/data/intermediates/densify_sz0.01_gr0.0004/colmap_sfm_camera_model/images/frame_%04d.jpg':
[2026-06-21 15:53:05,632][src.frame_extractor][INFO] -   Metadata:
[2026-06-21 15:53:05,632][src.frame_extractor][INFO] -     major_brand     : qt
[2026-06-21 15:53:05,632][src.frame_extractor][INFO] -     minor_version   : 512
[2026-06-21 15:53:05,632][src.frame_extractor][INFO] -     compatible_brands: qt
[2026-06-21 15:53:05,632][src.frame_extractor][INFO] -     encoder         : Lavf62.12.102
[2026-06-21 15:53:05,632][src.frame_extractor][INFO] -   Stream #0:0: Video: mjpeg, yuv420p(pc, bt709, progressive), 1080x1920, q=2-31, 200 kb/s, 2 fps, 2 tbn (default)
[2026-06-21 15:53:05,632][src.frame_extractor][INFO] -     Metadata:
[2026-06-21 15:53:05,632][src.frame_extractor][INFO] -       encoder         : Lavc62.28.102 mjpeg
[2026-06-21 15:53:05,632][src.frame_extractor][INFO] -       handler_name    : Core Media Video
[2026-06-21 15:53:05,632][src.frame_extractor][INFO] -       vendor_id       : FFMP
[2026-06-21 15:53:05,632][src.frame_extractor][INFO] -     Side data:
[2026-06-21 15:53:05,632][src.frame_extractor][INFO] -       CPB properties: bitrate max/min/avg: 0/0/200000 buffer size: 0 vbv_delay: N/A
[2026-06-21 15:53:05,774][src.frame_extractor][INFO] - [out#0/image2 @ 0x6000017b8180] video:3120KiB audio:0KiB subtitle:0KiB other streams:0KiB global headers:0KiB muxing overhead: unknown
[2026-06-21 15:53:05,774][src.frame_extractor][INFO] - frame=    8 fps=0.0 q=5.0 Lsize=N/A time=00:00:04.00 bitrate=N/A speed=20.5x elapsed=0:00:00.19
[2026-06-21 15:53:05,777][src.frame_extractor][INFO] - Successfully extracted 8 frames
[2026-06-21 15:53:05,777][__main__][INFO] - ✓ Frame extraction completed
[2026-06-21 15:53:05,777][src.timing_recorder][INFO] - [TIMING] ✓ Completed: frame_extraction (0.23s)
[2026-06-21 15:53:05,777][src.timing_recorder][INFO] - [TIMING] Starting: feature_extraction
[2026-06-21 15:53:05,777][__main__][INFO] - ============================================================
[2026-06-21 15:53:05,777][__main__][INFO] - STEP 2: Feature Extraction
[2026-06-21 15:53:05,777][__main__][INFO] - ============================================================
[2026-06-21 15:53:05,778][src.colmap_feature_extractor][INFO] - Extracting features from images: /Users/bc/brendanchambers/2026-06-18-iphone-video-to-splat/data/intermediates/densify_sz0.01_gr0.0004/colmap_sfm_camera_model/images
[2026-06-21 15:53:05,778][src.colmap_feature_extractor][INFO] - Database: /Users/bc/brendanchambers/2026-06-18-iphone-video-to-splat/data/intermediates/densify_sz0.01_gr0.0004/colmap_sfm_camera_model/database.db
[2026-06-21 15:53:05,778][src.colmap_feature_extractor][INFO] - Running: colmap feature_extractor
[2026-06-21 15:53:05,950][src.colmap_feature_extractor][INFO] - I20260621 15:53:05.950392 0x16bd07000 feature_extraction.cc:504] === Feature extraction ===
[2026-06-21 15:53:05,965][src.colmap_feature_extractor][INFO] - I20260621 15:53:05.965649 0x16c30b000 sift.cc:757] Creating SIFT GPU feature extractor
[2026-06-21 15:53:06,097][src.colmap_feature_extractor][INFO] - I20260621 15:53:06.097480 0x16c397000 feature_extraction.cc:282] Processed file [1/8]
[2026-06-21 15:53:06,097][src.colmap_feature_extractor][INFO] - I20260621 15:53:06.097496 0x16c397000 feature_extraction.cc:285]   Name:            frame_0001.jpg
[2026-06-21 15:53:06,097][src.colmap_feature_extractor][INFO] - I20260621 15:53:06.097499 0x16c397000 feature_extraction.cc:294]   Dimensions:      1080 x 1920
[2026-06-21 15:53:06,097][src.colmap_feature_extractor][INFO] - I20260621 15:53:06.097501 0x16c397000 feature_extraction.cc:297]   Camera:          #1 - RADIAL
[2026-06-21 15:53:06,097][src.colmap_feature_extractor][INFO] - I20260621 15:53:06.097503 0x16c397000 feature_extraction.cc:300]   Focal Length:    2304.00px
[2026-06-21 15:53:06,097][src.colmap_feature_extractor][INFO] - I20260621 15:53:06.097506 0x16c397000 feature_extraction.cc:304]   Features:        4449 (SIFT)
[2026-06-21 15:53:06,152][src.colmap_feature_extractor][INFO] - I20260621 15:53:06.152733 0x16c397000 feature_extraction.cc:282] Processed file [2/8]
[2026-06-21 15:53:06,152][src.colmap_feature_extractor][INFO] - I20260621 15:53:06.152770 0x16c397000 feature_extraction.cc:285]   Name:            frame_0002.jpg
[2026-06-21 15:53:06,152][src.colmap_feature_extractor][INFO] - I20260621 15:53:06.152801 0x16c397000 feature_extraction.cc:294]   Dimensions:      1080 x 1920
[2026-06-21 15:53:06,152][src.colmap_feature_extractor][INFO] - I20260621 15:53:06.152808 0x16c397000 feature_extraction.cc:297]   Camera:          #1 - RADIAL
[2026-06-21 15:53:06,152][src.colmap_feature_extractor][INFO] - I20260621 15:53:06.152812 0x16c397000 feature_extraction.cc:300]   Focal Length:    2304.00px
[2026-06-21 15:53:06,152][src.colmap_feature_extractor][INFO] - I20260621 15:53:06.152830 0x16c397000 feature_extraction.cc:304]   Features:        4766 (SIFT)
[2026-06-21 15:53:06,206][src.colmap_feature_extractor][INFO] - I20260621 15:53:06.206931 0x16c397000 feature_extraction.cc:282] Processed file [3/8]
[2026-06-21 15:53:06,207][src.colmap_feature_extractor][INFO] - I20260621 15:53:06.206957 0x16c397000 feature_extraction.cc:285]   Name:            frame_0003.jpg
[2026-06-21 15:53:06,207][src.colmap_feature_extractor][INFO] - I20260621 15:53:06.206962 0x16c397000 feature_extraction.cc:294]   Dimensions:      1080 x 1920
[2026-06-21 15:53:06,207][src.colmap_feature_extractor][INFO] - I20260621 15:53:06.206964 0x16c397000 feature_extraction.cc:297]   Camera:          #1 - RADIAL
[2026-06-21 15:53:06,207][src.colmap_feature_extractor][INFO] - I20260621 15:53:06.206966 0x16c397000 feature_extraction.cc:300]   Focal Length:    2304.00px
[2026-06-21 15:53:06,207][src.colmap_feature_extractor][INFO] - I20260621 15:53:06.206970 0x16c397000 feature_extraction.cc:304]   Features:        5561 (SIFT)
[2026-06-21 15:53:06,260][src.colmap_feature_extractor][INFO] - I20260621 15:53:06.260302 0x16c397000 feature_extraction.cc:282] Processed file [4/8]
[2026-06-21 15:53:06,260][src.colmap_feature_extractor][INFO] - I20260621 15:53:06.260317 0x16c397000 feature_extraction.cc:285]   Name:            frame_0004.jpg
[2026-06-21 15:53:06,260][src.colmap_feature_extractor][INFO] - I20260621 15:53:06.260319 0x16c397000 feature_extraction.cc:294]   Dimensions:      1080 x 1920
[2026-06-21 15:53:06,260][src.colmap_feature_extractor][INFO] - I20260621 15:53:06.260320 0x16c397000 feature_extraction.cc:297]   Camera:          #1 - RADIAL
[2026-06-21 15:53:06,260][src.colmap_feature_extractor][INFO] - I20260621 15:53:06.260322 0x16c397000 feature_extraction.cc:300]   Focal Length:    2304.00px
[2026-06-21 15:53:06,260][src.colmap_feature_extractor][INFO] - I20260621 15:53:06.260325 0x16c397000 feature_extraction.cc:304]   Features:        6351 (SIFT)
[2026-06-21 15:53:06,313][src.colmap_feature_extractor][INFO] - I20260621 15:53:06.312996 0x16c397000 feature_extraction.cc:282] Processed file [5/8]
[2026-06-21 15:53:06,313][src.colmap_feature_extractor][INFO] - I20260621 15:53:06.313012 0x16c397000 feature_extraction.cc:285]   Name:            frame_0005.jpg
[2026-06-21 15:53:06,313][src.colmap_feature_extractor][INFO] - I20260621 15:53:06.313014 0x16c397000 feature_extraction.cc:294]   Dimensions:      1080 x 1920
[2026-06-21 15:53:06,313][src.colmap_feature_extractor][INFO] - I20260621 15:53:06.313016 0x16c397000 feature_extraction.cc:297]   Camera:          #1 - RADIAL
[2026-06-21 15:53:06,313][src.colmap_feature_extractor][INFO] - I20260621 15:53:06.313018 0x16c397000 feature_extraction.cc:300]   Focal Length:    2304.00px
[2026-06-21 15:53:06,313][src.colmap_feature_extractor][INFO] - I20260621 15:53:06.313021 0x16c397000 feature_extraction.cc:304]   Features:        4609 (SIFT)
[2026-06-21 15:53:06,366][src.colmap_feature_extractor][INFO] - I20260621 15:53:06.366756 0x16c397000 feature_extraction.cc:282] Processed file [6/8]
[2026-06-21 15:53:06,366][src.colmap_feature_extractor][INFO] - I20260621 15:53:06.366769 0x16c397000 feature_extraction.cc:285]   Name:            frame_0006.jpg
[2026-06-21 15:53:06,366][src.colmap_feature_extractor][INFO] - I20260621 15:53:06.366772 0x16c397000 feature_extraction.cc:294]   Dimensions:      1080 x 1920
[2026-06-21 15:53:06,366][src.colmap_feature_extractor][INFO] - I20260621 15:53:06.366774 0x16c397000 feature_extraction.cc:297]   Camera:          #1 - RADIAL
[2026-06-21 15:53:06,366][src.colmap_feature_extractor][INFO] - I20260621 15:53:06.366776 0x16c397000 feature_extraction.cc:300]   Focal Length:    2304.00px
[2026-06-21 15:53:06,367][src.colmap_feature_extractor][INFO] - I20260621 15:53:06.366780 0x16c397000 feature_extraction.cc:304]   Features:        4916 (SIFT)
[2026-06-21 15:53:06,419][src.colmap_feature_extractor][INFO] - I20260621 15:53:06.419231 0x16c397000 feature_extraction.cc:282] Processed file [7/8]
[2026-06-21 15:53:06,419][src.colmap_feature_extractor][INFO] - I20260621 15:53:06.419244 0x16c397000 feature_extraction.cc:285]   Name:            frame_0007.jpg
[2026-06-21 15:53:06,419][src.colmap_feature_extractor][INFO] - I20260621 15:53:06.419246 0x16c397000 feature_extraction.cc:294]   Dimensions:      1080 x 1920
[2026-06-21 15:53:06,419][src.colmap_feature_extractor][INFO] - I20260621 15:53:06.419248 0x16c397000 feature_extraction.cc:297]   Camera:          #1 - RADIAL
[2026-06-21 15:53:06,419][src.colmap_feature_extractor][INFO] - I20260621 15:53:06.419250 0x16c397000 feature_extraction.cc:300]   Focal Length:    2304.00px
[2026-06-21 15:53:06,419][src.colmap_feature_extractor][INFO] - I20260621 15:53:06.419253 0x16c397000 feature_extraction.cc:304]   Features:        4134 (SIFT)
[2026-06-21 15:53:06,476][src.colmap_feature_extractor][INFO] - I20260621 15:53:06.475971 0x16c397000 feature_extraction.cc:282] Processed file [8/8]
[2026-06-21 15:53:06,476][src.colmap_feature_extractor][INFO] - I20260621 15:53:06.476017 0x16c397000 feature_extraction.cc:285]   Name:            frame_0008.jpg
[2026-06-21 15:53:06,476][src.colmap_feature_extractor][INFO] - I20260621 15:53:06.476019 0x16c397000 feature_extraction.cc:294]   Dimensions:      1080 x 1920
[2026-06-21 15:53:06,476][src.colmap_feature_extractor][INFO] - I20260621 15:53:06.476021 0x16c397000 feature_extraction.cc:297]   Camera:          #1 - RADIAL
[2026-06-21 15:53:06,476][src.colmap_feature_extractor][INFO] - I20260621 15:53:06.476024 0x16c397000 feature_extraction.cc:300]   Focal Length:    2304.00px
[2026-06-21 15:53:06,476][src.colmap_feature_extractor][INFO] - I20260621 15:53:06.476027 0x16c397000 feature_extraction.cc:304]   Features:        6773 (SIFT)
[2026-06-21 15:53:06,481][src.colmap_feature_extractor][INFO] - I20260621 15:53:06.481037 0x16bd07000 timer.cc:90] Elapsed time: 0.009 [minutes]
[2026-06-21 15:53:06,497][src.colmap_feature_extractor][INFO] - Feature extraction completed successfully
[2026-06-21 15:53:06,497][__main__][INFO] - ✓ Feature extraction completed
[2026-06-21 15:53:06,497][src.timing_recorder][INFO] - [TIMING] ✓ Completed: feature_extraction (0.72s)
[2026-06-21 15:53:06,497][src.timing_recorder][INFO] - [TIMING] Starting: feature_matching
[2026-06-21 15:53:06,497][__main__][INFO] - ============================================================
[2026-06-21 15:53:06,498][__main__][INFO] - STEP 3: Feature Matching
[2026-06-21 15:53:06,498][__main__][INFO] - ============================================================
[2026-06-21 15:53:06,498][src.colmap_feature_matcher][INFO] - Matching features in database: /Users/bc/brendanchambers/2026-06-18-iphone-video-to-splat/data/intermediates/densify_sz0.01_gr0.0004/colmap_sfm_camera_model/database.db
[2026-06-21 15:53:06,498][src.colmap_feature_matcher][INFO] - Running: colmap sequential_matcher
[2026-06-21 15:53:06,662][src.colmap_feature_matcher][INFO] - I20260621 15:53:06.661708 0x16fbc3000 feature_matching.cc:195] === Feature matching & geometric verification ===
[2026-06-21 15:53:06,677][src.colmap_feature_matcher][INFO] - I20260621 15:53:06.677512 0x16fc4f000 sift.cc:1559] Creating SIFT GPU feature matcher
[2026-06-21 15:53:06,702][src.colmap_feature_matcher][INFO] - I20260621 15:53:06.702062 0x16fbc3000 pairing.cc:415] Generating sequential image pairs...
[2026-06-21 15:53:06,702][src.colmap_feature_matcher][INFO] - I20260621 15:53:06.702139 0x16fbc3000 pairing.cc:473] Processing image [1/8]
[2026-06-21 15:53:06,762][src.colmap_feature_matcher][INFO] - I20260621 15:53:06.762255 0x16fbc3000 feature_matching.cc:217] in 0.060s
[2026-06-21 15:53:06,762][src.colmap_feature_matcher][INFO] - I20260621 15:53:06.762267 0x16fbc3000 pairing.cc:473] Processing image [2/8]
[2026-06-21 15:53:06,821][src.colmap_feature_matcher][INFO] - I20260621 15:53:06.821589 0x16fbc3000 feature_matching.cc:217] in 0.059s
[2026-06-21 15:53:06,821][src.colmap_feature_matcher][INFO] - I20260621 15:53:06.821600 0x16fbc3000 pairing.cc:473] Processing image [3/8]
[2026-06-21 15:53:06,882][src.colmap_feature_matcher][INFO] - I20260621 15:53:06.882329 0x16fbc3000 feature_matching.cc:217] in 0.061s
[2026-06-21 15:53:06,882][src.colmap_feature_matcher][INFO] - I20260621 15:53:06.882334 0x16fbc3000 pairing.cc:473] Processing image [4/8]
[2026-06-21 15:53:06,954][src.colmap_feature_matcher][INFO] - I20260621 15:53:06.954875 0x16fbc3000 feature_matching.cc:217] in 0.073s
[2026-06-21 15:53:06,954][src.colmap_feature_matcher][INFO] - I20260621 15:53:06.954883 0x16fbc3000 pairing.cc:473] Processing image [5/8]
[2026-06-21 15:53:06,986][src.colmap_feature_matcher][INFO] - I20260621 15:53:06.986260 0x16fbc3000 feature_matching.cc:217] in 0.031s
[2026-06-21 15:53:06,986][src.colmap_feature_matcher][INFO] - I20260621 15:53:06.986265 0x16fbc3000 pairing.cc:473] Processing image [6/8]
[2026-06-21 15:53:07,026][src.colmap_feature_matcher][INFO] - I20260621 15:53:07.026168 0x16fbc3000 feature_matching.cc:217] in 0.040s
[2026-06-21 15:53:07,026][src.colmap_feature_matcher][INFO] - I20260621 15:53:07.026171 0x16fbc3000 pairing.cc:473] Processing image [7/8]
[2026-06-21 15:53:07,047][src.colmap_feature_matcher][INFO] - I20260621 15:53:07.047917 0x16fbc3000 feature_matching.cc:217] in 0.022s
[2026-06-21 15:53:07,047][src.colmap_feature_matcher][INFO] - I20260621 15:53:07.047920 0x16fbc3000 pairing.cc:473] Processing image [8/8]
[2026-06-21 15:53:07,047][src.colmap_feature_matcher][INFO] - I20260621 15:53:07.047922 0x16fbc3000 feature_matching.cc:217] in 0.000s
[2026-06-21 15:53:07,048][src.colmap_feature_matcher][INFO] - I20260621 15:53:07.047924 0x16fbc3000 timer.cc:90] Elapsed time: 0.006 [minutes]
[2026-06-21 15:53:07,055][src.colmap_feature_matcher][INFO] - Feature matching completed successfully
[2026-06-21 15:53:07,056][__main__][INFO] - ✓ Feature matching completed
[2026-06-21 15:53:07,056][src.timing_recorder][INFO] - [TIMING] ✓ Completed: feature_matching (0.56s)
[2026-06-21 15:53:07,056][src.timing_recorder][INFO] - [TIMING] Starting: sparse_reconstruction
[2026-06-21 15:53:07,056][__main__][INFO] - ============================================================
[2026-06-21 15:53:07,056][__main__][INFO] - STEP 4: Sparse Reconstruction
[2026-06-21 15:53:07,056][__main__][INFO] - ============================================================
[2026-06-21 15:53:07,057][src.colmap_mapper][INFO] - Performing sparse reconstruction
[2026-06-21 15:53:07,057][src.colmap_mapper][INFO] - Database: /Users/bc/brendanchambers/2026-06-18-iphone-video-to-splat/data/intermediates/densify_sz0.01_gr0.0004/colmap_sfm_camera_model/database.db
[2026-06-21 15:53:07,058][src.colmap_mapper][INFO] - Images: /Users/bc/brendanchambers/2026-06-18-iphone-video-to-splat/data/intermediates/densify_sz0.01_gr0.0004/colmap_sfm_camera_model/images
[2026-06-21 15:53:07,058][src.colmap_mapper][INFO] - Output: /Users/bc/brendanchambers/2026-06-18-iphone-video-to-splat/data/intermediates/densify_sz0.01_gr0.0004/colmap_sfm_camera_model/sparse
[2026-06-21 15:53:07,058][src.colmap_mapper][INFO] - Running: colmap mapper
[2026-06-21 15:53:07,107][src.colmap_mapper][INFO] - I20260621 15:53:07.107154 0x1fde420c0 incremental_pipeline.cc:278] Loading database
[2026-06-21 15:53:07,107][src.colmap_mapper][INFO] - I20260621 15:53:07.107437 0x1fde420c0 database_cache.cc:72] Loading rigs...
[2026-06-21 15:53:07,107][src.colmap_mapper][INFO] - I20260621 15:53:07.107458 0x1fde420c0 database_cache.cc:82]  1 in 0.000s
[2026-06-21 15:53:07,107][src.colmap_mapper][INFO] - I20260621 15:53:07.107460 0x1fde420c0 database_cache.cc:90] Loading cameras...
[2026-06-21 15:53:07,107][src.colmap_mapper][INFO] - I20260621 15:53:07.107468 0x1fde420c0 database_cache.cc:108]  1 in 0.000s
[2026-06-21 15:53:07,107][src.colmap_mapper][INFO] - I20260621 15:53:07.107470 0x1fde420c0 database_cache.cc:116] Loading frames...
[2026-06-21 15:53:07,107][src.colmap_mapper][INFO] - I20260621 15:53:07.107487 0x1fde420c0 database_cache.cc:126]  8 in 0.000s
[2026-06-21 15:53:07,107][src.colmap_mapper][INFO] - I20260621 15:53:07.107489 0x1fde420c0 database_cache.cc:134] Loading matches...
[2026-06-21 15:53:07,107][src.colmap_mapper][INFO] - I20260621 15:53:07.107547 0x1fde420c0 database_cache.cc:139]  17 in 0.000s
[2026-06-21 15:53:07,107][src.colmap_mapper][INFO] - I20260621 15:53:07.107549 0x1fde420c0 database_cache.cc:147] Loading images...
[2026-06-21 15:53:07,108][src.colmap_mapper][INFO] - I20260621 15:53:07.108070 0x1fde420c0 database_cache.cc:241]  8 in 0.001s (connected 8, loaded 8)
[2026-06-21 15:53:07,108][src.colmap_mapper][INFO] - I20260621 15:53:07.108075 0x1fde420c0 database_cache.cc:255] Loading pose priors...
[2026-06-21 15:53:07,108][src.colmap_mapper][INFO] - I20260621 15:53:07.108081 0x1fde420c0 database_cache.cc:263]  0 in 0.000s
[2026-06-21 15:53:07,108][src.colmap_mapper][INFO] - I20260621 15:53:07.108082 0x1fde420c0 database_cache.cc:271] Building correspondence graph...
[2026-06-21 15:53:07,108][src.colmap_mapper][INFO] - I20260621 15:53:07.108895 0x1fde420c0 database_cache.cc:300]  in 0.001s (ignored 0)
[2026-06-21 15:53:07,108][src.colmap_mapper][INFO] - I20260621 15:53:07.108898 0x1fde420c0 timer.cc:90] Elapsed time: 0.000 [minutes]
[2026-06-21 15:53:07,108][src.colmap_mapper][INFO] - I20260621 15:53:07.108987 0x1fde420c0 incremental_pipeline.cc:390] Finding good initial image pair
[2026-06-21 15:53:07,118][src.colmap_mapper][INFO] - I20260621 15:53:07.118776 0x1fde420c0 incremental_pipeline.cc:414] Registering initial image pair #2 and #4
[2026-06-21 15:53:07,119][src.colmap_mapper][INFO] - I20260621 15:53:07.119371 0x1fde420c0 incremental_pipeline.cc:432] Global bundle adjustment
[2026-06-21 15:53:07,141][src.colmap_mapper][INFO] - I20260621 15:53:07.141863 0x1fde420c0 incremental_pipeline.cc:537] Registering image #3 (num_reg_frames=2)
[2026-06-21 15:53:07,141][src.colmap_mapper][INFO] - I20260621 15:53:07.141869 0x1fde420c0 incremental_pipeline.cc:540] => Image sees 149 / 1892 points
[2026-06-21 15:53:07,189][src.colmap_mapper][INFO] - I20260621 15:53:07.189857 0x1fde420c0 incremental_pipeline.cc:79] Retriangulation and Global bundle adjustment
[2026-06-21 15:53:07,204][src.colmap_mapper][INFO] - I20260621 15:53:07.204780 0x1fde420c0 incremental_pipeline.cc:537] Registering image #6 (num_reg_frames=3)
[2026-06-21 15:53:07,204][src.colmap_mapper][INFO] - I20260621 15:53:07.204784 0x1fde420c0 incremental_pipeline.cc:540] => Image sees 496 / 2128 points
[2026-06-21 15:53:07,260][src.colmap_mapper][INFO] - I20260621 15:53:07.260062 0x1fde420c0 incremental_pipeline.cc:79] Retriangulation and Global bundle adjustment
[2026-06-21 15:53:07,282][src.colmap_mapper][INFO] - I20260621 15:53:07.282165 0x1fde420c0 incremental_pipeline.cc:537] Registering image #5 (num_reg_frames=4)
[2026-06-21 15:53:07,282][src.colmap_mapper][INFO] - I20260621 15:53:07.282170 0x1fde420c0 incremental_pipeline.cc:540] => Image sees 1052 / 2461 points
[2026-06-21 15:53:07,324][src.colmap_mapper][INFO] - I20260621 15:53:07.324678 0x1fde420c0 incremental_pipeline.cc:79] Retriangulation and Global bundle adjustment
[2026-06-21 15:53:07,356][src.colmap_mapper][INFO] - I20260621 15:53:07.356272 0x1fde420c0 incremental_pipeline.cc:537] Registering image #1 (num_reg_frames=5)
[2026-06-21 15:53:07,356][src.colmap_mapper][INFO] - I20260621 15:53:07.356276 0x1fde420c0 incremental_pipeline.cc:540] => Image sees 536 / 1825 points
[2026-06-21 15:53:07,402][src.colmap_mapper][INFO] - I20260621 15:53:07.402088 0x1fde420c0 incremental_pipeline.cc:79] Retriangulation and Global bundle adjustment
[2026-06-21 15:53:07,430][src.colmap_mapper][INFO] - I20260621 15:53:07.430543 0x1fde420c0 incremental_pipeline.cc:537] Registering image #7 (num_reg_frames=6)
[2026-06-21 15:53:07,430][src.colmap_mapper][INFO] - I20260621 15:53:07.430547 0x1fde420c0 incremental_pipeline.cc:540] => Image sees 436 / 1676 points
[2026-06-21 15:53:07,466][src.colmap_mapper][INFO] - I20260621 15:53:07.466308 0x1fde420c0 incremental_pipeline.cc:79] Retriangulation and Global bundle adjustment
[2026-06-21 15:53:07,502][src.colmap_mapper][INFO] - I20260621 15:53:07.502725 0x1fde420c0 incremental_pipeline.cc:537] Registering image #8 (num_reg_frames=7)
[2026-06-21 15:53:07,502][src.colmap_mapper][INFO] - I20260621 15:53:07.502730 0x1fde420c0 incremental_pipeline.cc:540] => Image sees 480 / 1376 points
[2026-06-21 15:53:07,533][src.colmap_mapper][INFO] - I20260621 15:53:07.533849 0x1fde420c0 incremental_pipeline.cc:79] Retriangulation and Global bundle adjustment
[2026-06-21 15:53:07,568][src.colmap_mapper][INFO] - I20260621 15:53:07.568885 0x1fde420c0 incremental_pipeline.cc:79] Retriangulation and Global bundle adjustment
[2026-06-21 15:53:07,577][src.colmap_mapper][INFO] - I20260621 15:53:07.577680 0x1fde420c0 incremental_pipeline.cc:723] Keeping successful reconstruction
[2026-06-21 15:53:07,579][src.colmap_mapper][INFO] - I20260621 15:53:07.579931 0x1fde420c0 timer.cc:90] Elapsed time: 0.008 [minutes]
[2026-06-21 15:53:07,582][src.colmap_mapper][INFO] - Sparse reconstruction completed successfully
[2026-06-21 15:53:07,582][__main__][INFO] - ✓ Sparse reconstruction completed
[2026-06-21 15:53:07,582][src.timing_recorder][INFO] - [TIMING] ✓ Completed: sparse_reconstruction (0.53s)
[2026-06-21 15:53:07,583][src.timing_recorder][INFO] - [TIMING] Starting: undistortion
[2026-06-21 15:53:07,583][__main__][INFO] - ============================================================
[2026-06-21 15:53:07,583][__main__][INFO] - STEP 5: Image Undistortion
[2026-06-21 15:53:07,583][__main__][INFO] - ============================================================
[2026-06-21 15:53:07,584][src.colmap_undistorter][INFO] - Undistorting images
[2026-06-21 15:53:07,584][src.colmap_undistorter][INFO] - Input model: /Users/bc/brendanchambers/2026-06-18-iphone-video-to-splat/data/intermediates/densify_sz0.01_gr0.0004/colmap_sfm_camera_model/sparse/0
[2026-06-21 15:53:07,584][src.colmap_undistorter][INFO] - Images: /Users/bc/brendanchambers/2026-06-18-iphone-video-to-splat/data/intermediates/densify_sz0.01_gr0.0004/colmap_sfm_camera_model/images
[2026-06-21 15:53:07,584][src.colmap_undistorter][INFO] - Output: /Users/bc/brendanchambers/2026-06-18-iphone-video-to-splat/data/intermediates/densify_sz0.01_gr0.0004/colmap_sfm_linearized
[2026-06-21 15:53:07,584][src.colmap_undistorter][INFO] - Running: colmap image_undistorter
[2026-06-21 15:53:07,632][src.colmap_undistorter][INFO] - I20260621 15:53:07.631950 0x1fde420c0 image.cc:368] === Reading reconstruction ===
[2026-06-21 15:53:07,633][src.colmap_undistorter][INFO] - I20260621 15:53:07.633957 0x1fde420c0 image.cc:371] => Reconstruction with 8 images and 2190 points
[2026-06-21 15:53:07,634][src.colmap_undistorter][INFO] - I20260621 15:53:07.633968 0x1fde420c0 undistorters.cc:166] === Image undistortion ===
[2026-06-21 15:53:07,634][src.colmap_undistorter][INFO] - I20260621 15:53:07.634240 0x1fde420c0 undistorters.cc:205] Undistorting image [1/8]
[2026-06-21 15:53:08,231][src.colmap_undistorter][INFO] - I20260621 15:53:08.231287 0x1fde420c0 undistorters.cc:205] Undistorting image [2/8]
[2026-06-21 15:53:08,244][src.colmap_undistorter][INFO] - I20260621 15:53:08.244510 0x1fde420c0 undistorters.cc:205] Undistorting image [3/8]
[2026-06-21 15:53:08,244][src.colmap_undistorter][INFO] - I20260621 15:53:08.244519 0x1fde420c0 undistorters.cc:205] Undistorting image [4/8]
[2026-06-21 15:53:08,244][src.colmap_undistorter][INFO] - I20260621 15:53:08.244521 0x1fde420c0 undistorters.cc:205] Undistorting image [5/8]
[2026-06-21 15:53:08,244][src.colmap_undistorter][INFO] - I20260621 15:53:08.244523 0x1fde420c0 undistorters.cc:205] Undistorting image [6/8]
[2026-06-21 15:53:08,244][src.colmap_undistorter][INFO] - I20260621 15:53:08.244524 0x1fde420c0 undistorters.cc:205] Undistorting image [7/8]
[2026-06-21 15:53:08,252][src.colmap_undistorter][INFO] - I20260621 15:53:08.252244 0x1fde420c0 undistorters.cc:205] Undistorting image [8/8]
[2026-06-21 15:53:08,252][src.colmap_undistorter][INFO] - I20260621 15:53:08.252251 0x1fde420c0 undistorters.cc:213] Writing reconstruction...
[2026-06-21 15:53:08,256][src.colmap_undistorter][INFO] - I20260621 15:53:08.256675 0x1fde420c0 undistorters.cc:218] Writing configuration...
[2026-06-21 15:53:08,256][src.colmap_undistorter][INFO] - I20260621 15:53:08.256776 0x1fde420c0 undistorters.cc:222] Writing scripts...
[2026-06-21 15:53:08,256][src.colmap_undistorter][INFO] - I20260621 15:53:08.256869 0x1fde420c0 timer.cc:90] Elapsed time: 0.010 [minutes]
[2026-06-21 15:53:08,260][src.colmap_undistorter][INFO] - Image undistortion completed successfully
[2026-06-21 15:53:08,260][__main__][INFO] - ✓ Image undistortion completed
[2026-06-21 15:53:08,260][src.timing_recorder][INFO] - [TIMING] ✓ Completed: undistortion (0.68s)
[2026-06-21 15:53:08,260][src.timing_recorder][INFO] - [TIMING] Starting: splat_training
[2026-06-21 15:53:08,260][__main__][INFO] - ============================================================
[2026-06-21 15:53:08,260][__main__][INFO] - STEP 6: OpenSplat Training
[2026-06-21 15:53:08,260][__main__][INFO] - ============================================================
[2026-06-21 15:53:08,262][src.opensplat_trainer][INFO] - Training 3D Gaussian Splat
[2026-06-21 15:53:08,262][src.opensplat_trainer][INFO] - Sparse model: /Users/bc/brendanchambers/2026-06-18-iphone-video-to-splat/data/intermediates/densify_sz0.01_gr0.0004/colmap_sfm_linearized/sparse
[2026-06-21 15:53:08,262][src.opensplat_trainer][INFO] - Images: /Users/bc/brendanchambers/2026-06-18-iphone-video-to-splat/data/intermediates/densify_sz0.01_gr0.0004/colmap_sfm_linearized/images
[2026-06-21 15:53:08,262][src.opensplat_trainer][INFO] - Output PLY: /Users/bc/brendanchambers/2026-06-18-iphone-video-to-splat/data/intermediates/densify_sz0.01_gr0.0004/colmap_sfm_linearized/splats/densify_sz0.01_gr0.0004_20260621_1553.ply
[2026-06-21 15:53:08,262][src.opensplat_trainer][INFO] - Training loss log: /Users/bc/brendanchambers/2026-06-18-iphone-video-to-splat/data/intermediates/densify_sz0.01_gr0.0004/colmap_sfm_linearized/splats/train_20260621_1553.jsonl
[2026-06-21 15:53:08,262][src.opensplat_trainer][INFO] - Validation loss log: /Users/bc/brendanchambers/2026-06-18-iphone-video-to-splat/data/intermediates/densify_sz0.01_gr0.0004/colmap_sfm_linearized/splats/val_20260621_1553.jsonl
[2026-06-21 15:53:08,262][src.opensplat_trainer][INFO] - Running: opensplat
[2026-06-21 15:53:08,402][src.opensplat_trainer][INFO] - Using MPS
[2026-06-21 15:53:08,404][src.opensplat_trainer][INFO] - Reading 2190 points
[2026-06-21 15:53:08,405][src.opensplat_trainer][INFO] - Loading /Users/bc/brendanchambers/2026-06-18-iphone-video-to-splat/data/intermediates/densify_sz0.01_gr0.0004/colmap_sfm_linearized/images/frame_0001.jpgLoading
[2026-06-21 15:53:08,405][src.opensplat_trainer][INFO] - /Users/bc/brendanchambers/2026-06-18-iphone-video-to-splat/data/intermediates/densify_sz0.01_gr0.0004/colmap_sfm_linearized/images/frame_0002.jpg
[2026-06-21 15:53:08,405][src.opensplat_trainer][INFO] - Loading /Users/bc/brendanchambers/2026-06-18-iphone-video-to-splat/data/intermediates/densify_sz0.01_gr0.0004/colmap_sfm_linearized/images/frame_0003.jpg
[2026-06-21 15:53:08,405][src.opensplat_trainer][INFO] - Loading /Users/bc/brendanchambers/2026-06-18-iphone-video-to-splat/data/intermediates/densify_sz0.01_gr0.0004/colmap_sfm_linearized/images/frame_0005.jpg
[2026-06-21 15:53:08,405][src.opensplat_trainer][INFO] - Loading /Users/bc/brendanchambers/2026-06-18-iphone-video-to-splat/data/intermediates/densify_sz0.01_gr0.0004/colmap_sfm_linearized/images/frame_0006.jpg
[2026-06-21 15:53:08,405][src.opensplat_trainer][INFO] - Loading /Users/bc/brendanchambers/2026-06-18-iphone-video-to-splat/data/intermediates/densify_sz0.01_gr0.0004/colmap_sfm_linearized/images/frame_0008.jpg
[2026-06-21 15:53:08,405][src.opensplat_trainer][INFO] - Loading /Users/bc/brendanchambers/2026-06-18-iphone-video-to-splat/data/intermediates/densify_sz0.01_gr0.0004/colmap_sfm_linearized/images/frame_0004.jpg
[2026-06-21 15:53:08,405][src.opensplat_trainer][INFO] - Loading /Users/bc/brendanchambers/2026-06-18-iphone-video-to-splat/data/intermediates/densify_sz0.01_gr0.0004/colmap_sfm_linearized/images/frame_0007.jpg
[2026-06-21 15:53:08,791][src.opensplat_trainer][INFO] - init_gsplat_metal_context: loading '/Users/bc/brendanchambers/2026-06-18-iphone-video-to-splat/opensplat/build/default.metallib'
[2026-06-21 15:53:08,791][src.opensplat_trainer][INFO] - init_gsplat_metal_context: loaded '/Users/bc/brendanchambers/2026-06-18-iphone-video-to-splat/opensplat/build/default.metallib', functions: compute_cov2d_bounds_kernel, project_gaussians_backward_kernel, get_tile_bin_edges_kernel, rasterize_backward_kernel, map_gaussian_to_intersects_kernel, nd_rasterize_backward_kernel, project_gaussians_forward_kernel, compute_sh_backward_kernel, compute_sh_forward_kernel, nd_rasterize_forward_kernel
[2026-06-21 15:53:08,791][src.opensplat_trainer][INFO] - init_gsplat_metal_context: load function nd_rasterize_backward_kernel with label: (null)
[2026-06-21 15:53:08,791][src.opensplat_trainer][INFO] - init_gsplat_metal_context: load function nd_rasterize_forward_kernel with label: (null)
[2026-06-21 15:53:08,791][src.opensplat_trainer][INFO] - init_gsplat_metal_context: load function rasterize_backward_kernel with label: (null)
[2026-06-21 15:53:08,791][src.opensplat_trainer][INFO] - init_gsplat_metal_context: load function project_gaussians_forward_kernel with label: (null)
[2026-06-21 15:53:08,791][src.opensplat_trainer][INFO] - init_gsplat_metal_context: load function project_gaussians_backward_kernel with label: (null)
[2026-06-21 15:53:08,791][src.opensplat_trainer][INFO] - init_gsplat_metal_context: load function compute_sh_forward_kernel with label: (null)
[2026-06-21 15:53:08,791][src.opensplat_trainer][INFO] - init_gsplat_metal_context: load function compute_sh_backward_kernel with label: (null)
[2026-06-21 15:53:08,791][src.opensplat_trainer][INFO] - init_gsplat_metal_context: load function compute_cov2d_bounds_kernel with label: (null)
[2026-06-21 15:53:08,791][src.opensplat_trainer][INFO] - init_gsplat_metal_context: load function map_gaussian_to_intersects_kernel with label: (null)
[2026-06-21 15:53:08,791][src.opensplat_trainer][INFO] - init_gsplat_metal_context: load function get_tile_bin_edges_kernel with label: (null)
[2026-06-21 15:53:08,791][src.opensplat_trainer][INFO] - Step 10: 0.335803 (20%)
[2026-06-21 15:53:09,004][src.opensplat_trainer][INFO] - Step 20: 0.316211 (40%)
[2026-06-21 15:53:09,198][src.opensplat_trainer][INFO] - Step 30: 0.283803 (60%)
[2026-06-21 15:53:09,380][src.opensplat_trainer][INFO] - Step 40: 0.301185 (80%)
[2026-06-21 15:53:09,592][src.opensplat_trainer][INFO] - Step 50: 0.302681 (100%)
[2026-06-21 15:53:09,607][src.opensplat_trainer][INFO] - Wrote /Users/bc/brendanchambers/2026-06-18-iphone-video-to-splat/data/intermediates/densify_sz0.01_gr0.0004/colmap_sfm_linearized/splats/cameras.json
[2026-06-21 15:53:09,615][src.opensplat_trainer][INFO] - Wrote /Users/bc/brendanchambers/2026-06-18-iphone-video-to-splat/data/intermediates/densify_sz0.01_gr0.0004/colmap_sfm_linearized/splats/densify_sz0.01_gr0.0004_20260621_1553.ply
[2026-06-21 15:53:09,627][src.opensplat_trainer][INFO] - /Users/bc/brendanchambers/2026-06-18-iphone-video-to-splat/data/intermediates/densify_sz0.01_gr0.0004/colmap_sfm_linearized/images/frame_0001.jpg validation loss: 0.344928
[2026-06-21 15:53:09,679][src.opensplat_trainer][INFO] - Parsed 5 training loss values to /Users/bc/brendanchambers/2026-06-18-iphone-video-to-splat/data/intermediates/densify_sz0.01_gr0.0004/colmap_sfm_linearized/splats/train_20260621_1553.jsonl
[2026-06-21 15:53:09,680][src.opensplat_trainer][INFO] - Captured validation loss: 0.344928 to /Users/bc/brendanchambers/2026-06-18-iphone-video-to-splat/data/intermediates/densify_sz0.01_gr0.0004/colmap_sfm_linearized/splats/val_20260621_1553.jsonl
[2026-06-21 15:53:09,680][src.opensplat_trainer][INFO] - Training completed successfully
[2026-06-21 15:53:09,680][src.opensplat_trainer][INFO] - Output saved to: /Users/bc/brendanchambers/2026-06-18-iphone-video-to-splat/data/intermediates/densify_sz0.01_gr0.0004/colmap_sfm_linearized/splats/densify_sz0.01_gr0.0004_20260621_1553.ply
[2026-06-21 15:53:09,680][__main__][INFO] - ✓ Splat training completed
[2026-06-21 15:53:09,680][__main__][INFO] - ============================================================
[2026-06-21 15:53:09,680][__main__][INFO] - Analyzing Training Loss
[2026-06-21 15:53:09,680][__main__][INFO] - ============================================================
[2026-06-21 15:53:09,739][src.timing_recorder][INFO] - [TIMING] ✓ Completed: splat_training (1.48s)
[2026-06-21 15:53:09,739][__main__][INFO] - 
[2026-06-21 15:53:09,739][__main__][INFO] - ╔==========================================================╗
[2026-06-21 15:53:09,739][__main__][INFO] - ║                    Pipeline Complete!                    ║
[2026-06-21 15:53:09,739][__main__][INFO] - ╚==========================================================╝
[2026-06-21 15:53:09,740][__main__][INFO] - Output directory: /Users/bc/brendanchambers/2026-06-18-iphone-video-to-splat/data/intermediates/densify_sz0.01_gr0.0004/colmap_sfm_linearized/splats
[2026-06-21 15:53:09,740][__main__][INFO] -   - PLY file: *.ply (3D Gaussian Splat)
[2026-06-21 15:53:09,740][__main__][INFO] -   - Loss log: *.jsonl (Training loss per step)
[2026-06-21 15:53:09,740][__main__][INFO] -   - Timing log: running-time_*.jsonl (Step execution times)
[2026-06-21 15:53:09,740][src.timing_recorder][INFO] - 
[2026-06-21 15:53:09,740][src.timing_recorder][INFO] - ======================================================================
[2026-06-21 15:53:09,740][src.timing_recorder][INFO] - PIPELINE EXECUTION TIMING SUMMARY
[2026-06-21 15:53:09,740][src.timing_recorder][INFO] - ======================================================================
[2026-06-21 15:53:09,740][src.timing_recorder][INFO] - ✓ frame_extraction              0.23s  (  5.5%)
[2026-06-21 15:53:09,740][src.timing_recorder][INFO] - ✓ feature_extraction            0.72s  ( 17.2%)
[2026-06-21 15:53:09,740][src.timing_recorder][INFO] - ✓ feature_matching              0.56s  ( 13.3%)
[2026-06-21 15:53:09,740][src.timing_recorder][INFO] - ✓ sparse_reconstruction         0.53s  ( 12.6%)
[2026-06-21 15:53:09,740][src.timing_recorder][INFO] - ✓ undistortion                  0.68s  ( 16.2%)
[2026-06-21 15:53:09,740][src.timing_recorder][INFO] - ✓ splat_training                1.48s  ( 35.3%)
[2026-06-21 15:53:09,740][src.timing_recorder][INFO] - ----------------------------------------------------------------------
[2026-06-21 15:53:09,741][src.timing_recorder][INFO] - TOTAL                           4.19s  (100.0%)
[2026-06-21 15:53:09,741][src.timing_recorder][INFO] - ======================================================================
[2026-06-21 15:53:09,741][src.timing_recorder][INFO] - 
[2026-06-21 15:53:09,741][src.timing_recorder][INFO] - [TIMING] Saved timing report to: /Users/bc/brendanchambers/2026-06-18-iphone-video-to-splat/data/intermediates/densify_sz0.01_gr0.0004/colmap_sfm_linearized/splats/running-time_20260621_1553.jsonl
