[2026-06-21 17:28:15,241][__main__][INFO] - 
[2026-06-21 17:28:15,241][__main__][INFO] - ╔==========================================================╗
[2026-06-21 17:28:15,241][__main__][INFO] - ║          3D Gaussian Splat Training Pipeline              ║
[2026-06-21 17:28:15,241][__main__][INFO] - ╚==========================================================╝
[2026-06-21 17:28:15,241][__main__][INFO] - Experiment: densify_sz0.0025_gr0.0001
[2026-06-21 17:28:15,241][__main__][INFO] - Project dir: /Users/bc/brendanchambers/2026-06-18-iphone-video-to-splat
[2026-06-21 17:28:15,241][__main__][INFO] - 
[2026-06-21 17:28:15,241][src.timing_recorder][INFO] - [TIMING] Starting: frame_extraction
[2026-06-21 17:28:15,241][__main__][INFO] - ============================================================
[2026-06-21 17:28:15,241][__main__][INFO] - STEP 1: Frame Extraction
[2026-06-21 17:28:15,242][__main__][INFO] - ============================================================
[2026-06-21 17:28:15,242][src.frame_extractor][INFO] - Extracting frames from: /Users/bc/brendanchambers/2026-06-18-iphone-video-to-splat/data/incoming/movies/teensy.mov
[2026-06-21 17:28:15,242][src.frame_extractor][INFO] - Output directory: /Users/bc/brendanchambers/2026-06-18-iphone-video-to-splat/data/intermediates/densify_sz0.0025_gr0.0001/colmap_sfm_camera_model/images
[2026-06-21 17:28:15,242][src.frame_extractor][INFO] - Extracting frames at 2 fps
[2026-06-21 17:28:15,243][src.frame_extractor][INFO] - Running command: ffmpeg -i /Users/bc/brendanchambers/2026-06-18-iphone-video-to-splat/data/incoming/movies/teensy.mov -vf fps=2 -q:v 5 /Users/bc/brendanchambers/2026-06-18-iphone-video-to-splat/data/intermediates/densify_sz0.0025_gr0.0001/colmap_sfm_camera_model/images/frame_%04d.jpg
[2026-06-21 17:28:15,258][src.frame_extractor][INFO] - ffmpeg version 8.1.2 Copyright (c) 2000-2026 the FFmpeg developers
[2026-06-21 17:28:15,258][src.frame_extractor][INFO] -   built with Apple clang version 17.0.0 (clang-1700.6.4.2)
[2026-06-21 17:28:15,259][src.frame_extractor][INFO] -   configuration: --prefix=/opt/homebrew/Cellar/ffmpeg/8.1.2 --enable-shared --enable-pthreads --enable-version3 --cc=clang --host-cflags= --host-ldflags= --enable-ffplay --enable-gpl --enable-libsvtav1 --enable-libopus --enable-libx264 --enable-libmp3lame --enable-libdav1d --enable-libvmaf --enable-libvpx --enable-libx265 --enable-openssl --enable-videotoolbox --enable-audiotoolbox --enable-neon
[2026-06-21 17:28:15,259][src.frame_extractor][INFO] -   libavutil      60. 26.102 / 60. 26.102
[2026-06-21 17:28:15,259][src.frame_extractor][INFO] -   libavcodec     62. 28.102 / 62. 28.102
[2026-06-21 17:28:15,259][src.frame_extractor][INFO] -   libavformat    62. 12.102 / 62. 12.102
[2026-06-21 17:28:15,259][src.frame_extractor][INFO] -   libavdevice    62.  3.102 / 62.  3.102
[2026-06-21 17:28:15,259][src.frame_extractor][INFO] -   libavfilter    11. 14.102 / 11. 14.102
[2026-06-21 17:28:15,259][src.frame_extractor][INFO] -   libswscale      9.  5.102 /  9.  5.102
[2026-06-21 17:28:15,259][src.frame_extractor][INFO] -   libswresample   6.  3.102 /  6.  3.102
[2026-06-21 17:28:15,274][src.frame_extractor][INFO] - Input #0, mov,mp4,m4a,3gp,3g2,mj2, from '/Users/bc/brendanchambers/2026-06-18-iphone-video-to-splat/data/incoming/movies/teensy.mov':
[2026-06-21 17:28:15,274][src.frame_extractor][INFO] -   Metadata:
[2026-06-21 17:28:15,274][src.frame_extractor][INFO] -     major_brand     : qt
[2026-06-21 17:28:15,274][src.frame_extractor][INFO] -     minor_version   : 512
[2026-06-21 17:28:15,274][src.frame_extractor][INFO] -     compatible_brands: qt
[2026-06-21 17:28:15,274][src.frame_extractor][INFO] -     encoder         : Lavf62.12.102
[2026-06-21 17:28:15,274][src.frame_extractor][INFO] -   Duration: 00:00:04.01, start: 0.000000, bitrate: 19786 kb/s
[2026-06-21 17:28:15,274][src.frame_extractor][INFO] -   Stream #0:0[0x1]: Video: h264 (High) (avc1 / 0x31637661), yuv420p(tv, bt709, progressive), 1080x1920, 19646 kb/s, 29.67 fps, 29.67 tbr, 11392 tbn (default)
[2026-06-21 17:28:15,274][src.frame_extractor][INFO] -     Metadata:
[2026-06-21 17:28:15,274][src.frame_extractor][INFO] -       handler_name    : Core Media Video
[2026-06-21 17:28:15,274][src.frame_extractor][INFO] -       vendor_id       : FFMP
[2026-06-21 17:28:15,274][src.frame_extractor][INFO] -       encoder         : Lavc62.28.102 libx264
[2026-06-21 17:28:15,274][src.frame_extractor][INFO] -   Stream #0:1[0x2]: Audio: aac (LC) (mp4a / 0x6134706D), 48000 Hz, stereo, fltp, 128 kb/s (default)
[2026-06-21 17:28:15,274][src.frame_extractor][INFO] -     Metadata:
[2026-06-21 17:28:15,274][src.frame_extractor][INFO] -       handler_name    : Core Media Audio
[2026-06-21 17:28:15,274][src.frame_extractor][INFO] -       vendor_id       : [0][0][0][0]
[2026-06-21 17:28:15,274][src.frame_extractor][INFO] - Stream mapping:
[2026-06-21 17:28:15,274][src.frame_extractor][INFO] -   Stream #0:0 -> #0:0 (h264 (native) -> mjpeg (native))
[2026-06-21 17:28:15,274][src.frame_extractor][INFO] - Press [q] to stop, [?] for help
[2026-06-21 17:28:15,323][src.frame_extractor][INFO] - Output #0, image2, to '/Users/bc/brendanchambers/2026-06-18-iphone-video-to-splat/data/intermediates/densify_sz0.0025_gr0.0001/colmap_sfm_camera_model/images/frame_%04d.jpg':
[2026-06-21 17:28:15,323][src.frame_extractor][INFO] -   Metadata:
[2026-06-21 17:28:15,323][src.frame_extractor][INFO] -     major_brand     : qt
[2026-06-21 17:28:15,323][src.frame_extractor][INFO] -     minor_version   : 512
[2026-06-21 17:28:15,323][src.frame_extractor][INFO] -     compatible_brands: qt
[2026-06-21 17:28:15,323][src.frame_extractor][INFO] -     encoder         : Lavf62.12.102
[2026-06-21 17:28:15,323][src.frame_extractor][INFO] -   Stream #0:0: Video: mjpeg, yuv420p(pc, bt709, progressive), 1080x1920, q=2-31, 200 kb/s, 2 fps, 2 tbn (default)
[2026-06-21 17:28:15,323][src.frame_extractor][INFO] -     Metadata:
[2026-06-21 17:28:15,323][src.frame_extractor][INFO] -       encoder         : Lavc62.28.102 mjpeg
[2026-06-21 17:28:15,323][src.frame_extractor][INFO] -       handler_name    : Core Media Video
[2026-06-21 17:28:15,323][src.frame_extractor][INFO] -       vendor_id       : FFMP
[2026-06-21 17:28:15,323][src.frame_extractor][INFO] -     Side data:
[2026-06-21 17:28:15,323][src.frame_extractor][INFO] -       CPB properties: bitrate max/min/avg: 0/0/200000 buffer size: 0 vbv_delay: N/A
[2026-06-21 17:28:15,466][src.frame_extractor][INFO] - [out#0/image2 @ 0x6000027b8300] video:3120KiB audio:0KiB subtitle:0KiB other streams:0KiB global headers:0KiB muxing overhead: unknown
[2026-06-21 17:28:15,466][src.frame_extractor][INFO] - frame=    8 fps=0.0 q=5.0 Lsize=N/A time=00:00:04.00 bitrate=N/A speed=20.9x elapsed=0:00:00.19
[2026-06-21 17:28:15,469][src.frame_extractor][INFO] - Successfully extracted 8 frames
[2026-06-21 17:28:15,469][__main__][INFO] - ✓ Frame extraction completed
[2026-06-21 17:28:15,469][src.timing_recorder][INFO] - [TIMING] ✓ Completed: frame_extraction (0.23s)
[2026-06-21 17:28:15,469][src.timing_recorder][INFO] - [TIMING] Starting: feature_extraction
[2026-06-21 17:28:15,469][__main__][INFO] - ============================================================
[2026-06-21 17:28:15,469][__main__][INFO] - STEP 2: Feature Extraction
[2026-06-21 17:28:15,469][__main__][INFO] - ============================================================
[2026-06-21 17:28:15,470][src.colmap_feature_extractor][INFO] - Extracting features from images: /Users/bc/brendanchambers/2026-06-18-iphone-video-to-splat/data/intermediates/densify_sz0.0025_gr0.0001/colmap_sfm_camera_model/images
[2026-06-21 17:28:15,470][src.colmap_feature_extractor][INFO] - Database: /Users/bc/brendanchambers/2026-06-18-iphone-video-to-splat/data/intermediates/densify_sz0.0025_gr0.0001/colmap_sfm_camera_model/database.db
[2026-06-21 17:28:15,470][src.colmap_feature_extractor][INFO] - Running: colmap feature_extractor
[2026-06-21 17:28:15,642][src.colmap_feature_extractor][INFO] - I20260621 17:28:15.639859 0x16f627000 feature_extraction.cc:504] === Feature extraction ===
[2026-06-21 17:28:15,653][src.colmap_feature_extractor][INFO] - I20260621 17:28:15.653933 0x16fc2b000 sift.cc:757] Creating SIFT GPU feature extractor
[2026-06-21 17:28:15,797][src.colmap_feature_extractor][INFO] - I20260621 17:28:15.797679 0x16fcb7000 feature_extraction.cc:282] Processed file [1/8]
[2026-06-21 17:28:15,797][src.colmap_feature_extractor][INFO] - I20260621 17:28:15.797698 0x16fcb7000 feature_extraction.cc:285]   Name:            frame_0001.jpg
[2026-06-21 17:28:15,797][src.colmap_feature_extractor][INFO] - I20260621 17:28:15.797701 0x16fcb7000 feature_extraction.cc:294]   Dimensions:      1080 x 1920
[2026-06-21 17:28:15,797][src.colmap_feature_extractor][INFO] - I20260621 17:28:15.797702 0x16fcb7000 feature_extraction.cc:297]   Camera:          #1 - RADIAL
[2026-06-21 17:28:15,797][src.colmap_feature_extractor][INFO] - I20260621 17:28:15.797705 0x16fcb7000 feature_extraction.cc:300]   Focal Length:    2304.00px
[2026-06-21 17:28:15,797][src.colmap_feature_extractor][INFO] - I20260621 17:28:15.797708 0x16fcb7000 feature_extraction.cc:304]   Features:        4449 (SIFT)
[2026-06-21 17:28:15,855][src.colmap_feature_extractor][INFO] - I20260621 17:28:15.855729 0x16fcb7000 feature_extraction.cc:282] Processed file [2/8]
[2026-06-21 17:28:15,855][src.colmap_feature_extractor][INFO] - I20260621 17:28:15.855746 0x16fcb7000 feature_extraction.cc:285]   Name:            frame_0002.jpg
[2026-06-21 17:28:15,855][src.colmap_feature_extractor][INFO] - I20260621 17:28:15.855748 0x16fcb7000 feature_extraction.cc:294]   Dimensions:      1080 x 1920
[2026-06-21 17:28:15,855][src.colmap_feature_extractor][INFO] - I20260621 17:28:15.855750 0x16fcb7000 feature_extraction.cc:297]   Camera:          #1 - RADIAL
[2026-06-21 17:28:15,855][src.colmap_feature_extractor][INFO] - I20260621 17:28:15.855752 0x16fcb7000 feature_extraction.cc:300]   Focal Length:    2304.00px
[2026-06-21 17:28:15,855][src.colmap_feature_extractor][INFO] - I20260621 17:28:15.855755 0x16fcb7000 feature_extraction.cc:304]   Features:        4766 (SIFT)
[2026-06-21 17:28:15,911][src.colmap_feature_extractor][INFO] - I20260621 17:28:15.911434 0x16fcb7000 feature_extraction.cc:282] Processed file [3/8]
[2026-06-21 17:28:15,911][src.colmap_feature_extractor][INFO] - I20260621 17:28:15.911450 0x16fcb7000 feature_extraction.cc:285]   Name:            frame_0003.jpg
[2026-06-21 17:28:15,911][src.colmap_feature_extractor][INFO] - I20260621 17:28:15.911452 0x16fcb7000 feature_extraction.cc:294]   Dimensions:      1080 x 1920
[2026-06-21 17:28:15,911][src.colmap_feature_extractor][INFO] - I20260621 17:28:15.911453 0x16fcb7000 feature_extraction.cc:297]   Camera:          #1 - RADIAL
[2026-06-21 17:28:15,911][src.colmap_feature_extractor][INFO] - I20260621 17:28:15.911455 0x16fcb7000 feature_extraction.cc:300]   Focal Length:    2304.00px
[2026-06-21 17:28:15,911][src.colmap_feature_extractor][INFO] - I20260621 17:28:15.911458 0x16fcb7000 feature_extraction.cc:304]   Features:        5561 (SIFT)
[2026-06-21 17:28:15,967][src.colmap_feature_extractor][INFO] - I20260621 17:28:15.967558 0x16fcb7000 feature_extraction.cc:282] Processed file [4/8]
[2026-06-21 17:28:15,967][src.colmap_feature_extractor][INFO] - I20260621 17:28:15.967572 0x16fcb7000 feature_extraction.cc:285]   Name:            frame_0004.jpg
[2026-06-21 17:28:15,967][src.colmap_feature_extractor][INFO] - I20260621 17:28:15.967574 0x16fcb7000 feature_extraction.cc:294]   Dimensions:      1080 x 1920
[2026-06-21 17:28:15,967][src.colmap_feature_extractor][INFO] - I20260621 17:28:15.967575 0x16fcb7000 feature_extraction.cc:297]   Camera:          #1 - RADIAL
[2026-06-21 17:28:15,967][src.colmap_feature_extractor][INFO] - I20260621 17:28:15.967577 0x16fcb7000 feature_extraction.cc:300]   Focal Length:    2304.00px
[2026-06-21 17:28:15,967][src.colmap_feature_extractor][INFO] - I20260621 17:28:15.967579 0x16fcb7000 feature_extraction.cc:304]   Features:        6351 (SIFT)
[2026-06-21 17:28:16,021][src.colmap_feature_extractor][INFO] - I20260621 17:28:16.021603 0x16fcb7000 feature_extraction.cc:282] Processed file [5/8]
[2026-06-21 17:28:16,021][src.colmap_feature_extractor][INFO] - I20260621 17:28:16.021618 0x16fcb7000 feature_extraction.cc:285]   Name:            frame_0005.jpg
[2026-06-21 17:28:16,021][src.colmap_feature_extractor][INFO] - I20260621 17:28:16.021620 0x16fcb7000 feature_extraction.cc:294]   Dimensions:      1080 x 1920
[2026-06-21 17:28:16,021][src.colmap_feature_extractor][INFO] - I20260621 17:28:16.021621 0x16fcb7000 feature_extraction.cc:297]   Camera:          #1 - RADIAL
[2026-06-21 17:28:16,021][src.colmap_feature_extractor][INFO] - I20260621 17:28:16.021623 0x16fcb7000 feature_extraction.cc:300]   Focal Length:    2304.00px
[2026-06-21 17:28:16,022][src.colmap_feature_extractor][INFO] - I20260621 17:28:16.021626 0x16fcb7000 feature_extraction.cc:304]   Features:        4609 (SIFT)
[2026-06-21 17:28:16,075][src.colmap_feature_extractor][INFO] - I20260621 17:28:16.075657 0x16fcb7000 feature_extraction.cc:282] Processed file [6/8]
[2026-06-21 17:28:16,075][src.colmap_feature_extractor][INFO] - I20260621 17:28:16.075671 0x16fcb7000 feature_extraction.cc:285]   Name:            frame_0006.jpg
[2026-06-21 17:28:16,075][src.colmap_feature_extractor][INFO] - I20260621 17:28:16.075673 0x16fcb7000 feature_extraction.cc:294]   Dimensions:      1080 x 1920
[2026-06-21 17:28:16,075][src.colmap_feature_extractor][INFO] - I20260621 17:28:16.075675 0x16fcb7000 feature_extraction.cc:297]   Camera:          #1 - RADIAL
[2026-06-21 17:28:16,075][src.colmap_feature_extractor][INFO] - I20260621 17:28:16.075677 0x16fcb7000 feature_extraction.cc:300]   Focal Length:    2304.00px
[2026-06-21 17:28:16,075][src.colmap_feature_extractor][INFO] - I20260621 17:28:16.075680 0x16fcb7000 feature_extraction.cc:304]   Features:        4916 (SIFT)
[2026-06-21 17:28:16,130][src.colmap_feature_extractor][INFO] - I20260621 17:28:16.130595 0x16fcb7000 feature_extraction.cc:282] Processed file [7/8]
[2026-06-21 17:28:16,130][src.colmap_feature_extractor][INFO] - I20260621 17:28:16.130620 0x16fcb7000 feature_extraction.cc:285]   Name:            frame_0007.jpg
[2026-06-21 17:28:16,130][src.colmap_feature_extractor][INFO] - I20260621 17:28:16.130623 0x16fcb7000 feature_extraction.cc:294]   Dimensions:      1080 x 1920
[2026-06-21 17:28:16,130][src.colmap_feature_extractor][INFO] - I20260621 17:28:16.130624 0x16fcb7000 feature_extraction.cc:297]   Camera:          #1 - RADIAL
[2026-06-21 17:28:16,130][src.colmap_feature_extractor][INFO] - I20260621 17:28:16.130626 0x16fcb7000 feature_extraction.cc:300]   Focal Length:    2304.00px
[2026-06-21 17:28:16,130][src.colmap_feature_extractor][INFO] - I20260621 17:28:16.130629 0x16fcb7000 feature_extraction.cc:304]   Features:        4134 (SIFT)
[2026-06-21 17:28:16,187][src.colmap_feature_extractor][INFO] - I20260621 17:28:16.187751 0x16fcb7000 feature_extraction.cc:282] Processed file [8/8]
[2026-06-21 17:28:16,187][src.colmap_feature_extractor][INFO] - I20260621 17:28:16.187799 0x16fcb7000 feature_extraction.cc:285]   Name:            frame_0008.jpg
[2026-06-21 17:28:16,187][src.colmap_feature_extractor][INFO] - I20260621 17:28:16.187802 0x16fcb7000 feature_extraction.cc:294]   Dimensions:      1080 x 1920
[2026-06-21 17:28:16,187][src.colmap_feature_extractor][INFO] - I20260621 17:28:16.187804 0x16fcb7000 feature_extraction.cc:297]   Camera:          #1 - RADIAL
[2026-06-21 17:28:16,187][src.colmap_feature_extractor][INFO] - I20260621 17:28:16.187807 0x16fcb7000 feature_extraction.cc:300]   Focal Length:    2304.00px
[2026-06-21 17:28:16,187][src.colmap_feature_extractor][INFO] - I20260621 17:28:16.187810 0x16fcb7000 feature_extraction.cc:304]   Features:        6773 (SIFT)
[2026-06-21 17:28:16,191][src.colmap_feature_extractor][INFO] - I20260621 17:28:16.191610 0x16f627000 timer.cc:90] Elapsed time: 0.009 [minutes]
[2026-06-21 17:28:16,213][src.colmap_feature_extractor][INFO] - Feature extraction completed successfully
[2026-06-21 17:28:16,213][__main__][INFO] - ✓ Feature extraction completed
[2026-06-21 17:28:16,213][src.timing_recorder][INFO] - [TIMING] ✓ Completed: feature_extraction (0.74s)
[2026-06-21 17:28:16,213][src.timing_recorder][INFO] - [TIMING] Starting: feature_matching
[2026-06-21 17:28:16,213][__main__][INFO] - ============================================================
[2026-06-21 17:28:16,213][__main__][INFO] - STEP 3: Feature Matching
[2026-06-21 17:28:16,213][__main__][INFO] - ============================================================
[2026-06-21 17:28:16,214][src.colmap_feature_matcher][INFO] - Matching features in database: /Users/bc/brendanchambers/2026-06-18-iphone-video-to-splat/data/intermediates/densify_sz0.0025_gr0.0001/colmap_sfm_camera_model/database.db
[2026-06-21 17:28:16,214][src.colmap_feature_matcher][INFO] - Running: colmap sequential_matcher
[2026-06-21 17:28:16,384][src.colmap_feature_matcher][INFO] - I20260621 17:28:16.383448 0x16be53000 feature_matching.cc:195] === Feature matching & geometric verification ===
[2026-06-21 17:28:16,398][src.colmap_feature_matcher][INFO] - I20260621 17:28:16.397966 0x16bedf000 sift.cc:1559] Creating SIFT GPU feature matcher
[2026-06-21 17:28:16,422][src.colmap_feature_matcher][INFO] - I20260621 17:28:16.422673 0x16be53000 pairing.cc:415] Generating sequential image pairs...
[2026-06-21 17:28:16,422][src.colmap_feature_matcher][INFO] - I20260621 17:28:16.422762 0x16be53000 pairing.cc:473] Processing image [1/8]
[2026-06-21 17:28:16,506][src.colmap_feature_matcher][INFO] - I20260621 17:28:16.506378 0x16be53000 feature_matching.cc:217] in 0.084s
[2026-06-21 17:28:16,506][src.colmap_feature_matcher][INFO] - I20260621 17:28:16.506391 0x16be53000 pairing.cc:473] Processing image [2/8]
[2026-06-21 17:28:16,565][src.colmap_feature_matcher][INFO] - I20260621 17:28:16.565350 0x16be53000 feature_matching.cc:217] in 0.059s
[2026-06-21 17:28:16,565][src.colmap_feature_matcher][INFO] - I20260621 17:28:16.565358 0x16be53000 pairing.cc:473] Processing image [3/8]
[2026-06-21 17:28:16,627][src.colmap_feature_matcher][INFO] - I20260621 17:28:16.627639 0x16be53000 feature_matching.cc:217] in 0.062s
[2026-06-21 17:28:16,627][src.colmap_feature_matcher][INFO] - I20260621 17:28:16.627646 0x16be53000 pairing.cc:473] Processing image [4/8]
[2026-06-21 17:28:16,700][src.colmap_feature_matcher][INFO] - I20260621 17:28:16.700888 0x16be53000 feature_matching.cc:217] in 0.073s
[2026-06-21 17:28:16,701][src.colmap_feature_matcher][INFO] - I20260621 17:28:16.700897 0x16be53000 pairing.cc:473] Processing image [5/8]
[2026-06-21 17:28:16,732][src.colmap_feature_matcher][INFO] - I20260621 17:28:16.732741 0x16be53000 feature_matching.cc:217] in 0.032s
[2026-06-21 17:28:16,732][src.colmap_feature_matcher][INFO] - I20260621 17:28:16.732746 0x16be53000 pairing.cc:473] Processing image [6/8]
[2026-06-21 17:28:16,773][src.colmap_feature_matcher][INFO] - I20260621 17:28:16.773397 0x16be53000 feature_matching.cc:217] in 0.041s
[2026-06-21 17:28:16,773][src.colmap_feature_matcher][INFO] - I20260621 17:28:16.773402 0x16be53000 pairing.cc:473] Processing image [7/8]
[2026-06-21 17:28:16,796][src.colmap_feature_matcher][INFO] - I20260621 17:28:16.796100 0x16be53000 feature_matching.cc:217] in 0.023s
[2026-06-21 17:28:16,796][src.colmap_feature_matcher][INFO] - I20260621 17:28:16.796104 0x16be53000 pairing.cc:473] Processing image [8/8]
[2026-06-21 17:28:16,796][src.colmap_feature_matcher][INFO] - I20260621 17:28:16.796106 0x16be53000 feature_matching.cc:217] in 0.000s
[2026-06-21 17:28:16,796][src.colmap_feature_matcher][INFO] - I20260621 17:28:16.796112 0x16be53000 timer.cc:90] Elapsed time: 0.007 [minutes]
[2026-06-21 17:28:16,805][src.colmap_feature_matcher][INFO] - Feature matching completed successfully
[2026-06-21 17:28:16,805][__main__][INFO] - ✓ Feature matching completed
[2026-06-21 17:28:16,805][src.timing_recorder][INFO] - [TIMING] ✓ Completed: feature_matching (0.59s)
[2026-06-21 17:28:16,805][src.timing_recorder][INFO] - [TIMING] Starting: sparse_reconstruction
[2026-06-21 17:28:16,805][__main__][INFO] - ============================================================
[2026-06-21 17:28:16,805][__main__][INFO] - STEP 4: Sparse Reconstruction
[2026-06-21 17:28:16,805][__main__][INFO] - ============================================================
[2026-06-21 17:28:16,807][src.colmap_mapper][INFO] - Performing sparse reconstruction
[2026-06-21 17:28:16,807][src.colmap_mapper][INFO] - Database: /Users/bc/brendanchambers/2026-06-18-iphone-video-to-splat/data/intermediates/densify_sz0.0025_gr0.0001/colmap_sfm_camera_model/database.db
[2026-06-21 17:28:16,807][src.colmap_mapper][INFO] - Images: /Users/bc/brendanchambers/2026-06-18-iphone-video-to-splat/data/intermediates/densify_sz0.0025_gr0.0001/colmap_sfm_camera_model/images
[2026-06-21 17:28:16,807][src.colmap_mapper][INFO] - Output: /Users/bc/brendanchambers/2026-06-18-iphone-video-to-splat/data/intermediates/densify_sz0.0025_gr0.0001/colmap_sfm_camera_model/sparse
[2026-06-21 17:28:16,807][src.colmap_mapper][INFO] - Running: colmap mapper
[2026-06-21 17:28:16,858][src.colmap_mapper][INFO] - I20260621 17:28:16.858156 0x1fde420c0 incremental_pipeline.cc:278] Loading database
[2026-06-21 17:28:16,858][src.colmap_mapper][INFO] - I20260621 17:28:16.858590 0x1fde420c0 database_cache.cc:72] Loading rigs...
[2026-06-21 17:28:16,858][src.colmap_mapper][INFO] - I20260621 17:28:16.858611 0x1fde420c0 database_cache.cc:82]  1 in 0.000s
[2026-06-21 17:28:16,858][src.colmap_mapper][INFO] - I20260621 17:28:16.858614 0x1fde420c0 database_cache.cc:90] Loading cameras...
[2026-06-21 17:28:16,858][src.colmap_mapper][INFO] - I20260621 17:28:16.858622 0x1fde420c0 database_cache.cc:108]  1 in 0.000s
[2026-06-21 17:28:16,858][src.colmap_mapper][INFO] - I20260621 17:28:16.858624 0x1fde420c0 database_cache.cc:116] Loading frames...
[2026-06-21 17:28:16,858][src.colmap_mapper][INFO] - I20260621 17:28:16.858642 0x1fde420c0 database_cache.cc:126]  8 in 0.000s
[2026-06-21 17:28:16,858][src.colmap_mapper][INFO] - I20260621 17:28:16.858644 0x1fde420c0 database_cache.cc:134] Loading matches...
[2026-06-21 17:28:16,858][src.colmap_mapper][INFO] - I20260621 17:28:16.858713 0x1fde420c0 database_cache.cc:139]  17 in 0.000s
[2026-06-21 17:28:16,858][src.colmap_mapper][INFO] - I20260621 17:28:16.858716 0x1fde420c0 database_cache.cc:147] Loading images...
[2026-06-21 17:28:16,859][src.colmap_mapper][INFO] - I20260621 17:28:16.859258 0x1fde420c0 database_cache.cc:241]  8 in 0.001s (connected 8, loaded 8)
[2026-06-21 17:28:16,859][src.colmap_mapper][INFO] - I20260621 17:28:16.859262 0x1fde420c0 database_cache.cc:255] Loading pose priors...
[2026-06-21 17:28:16,859][src.colmap_mapper][INFO] - I20260621 17:28:16.859269 0x1fde420c0 database_cache.cc:263]  0 in 0.000s
[2026-06-21 17:28:16,859][src.colmap_mapper][INFO] - I20260621 17:28:16.859270 0x1fde420c0 database_cache.cc:271] Building correspondence graph...
[2026-06-21 17:28:16,860][src.colmap_mapper][INFO] - I20260621 17:28:16.860099 0x1fde420c0 database_cache.cc:300]  in 0.001s (ignored 0)
[2026-06-21 17:28:16,860][src.colmap_mapper][INFO] - I20260621 17:28:16.860102 0x1fde420c0 timer.cc:90] Elapsed time: 0.000 [minutes]
[2026-06-21 17:28:16,860][src.colmap_mapper][INFO] - I20260621 17:28:16.860195 0x1fde420c0 incremental_pipeline.cc:390] Finding good initial image pair
[2026-06-21 17:28:16,870][src.colmap_mapper][INFO] - I20260621 17:28:16.870209 0x1fde420c0 incremental_pipeline.cc:414] Registering initial image pair #4 and #2
[2026-06-21 17:28:16,870][src.colmap_mapper][INFO] - I20260621 17:28:16.870842 0x1fde420c0 incremental_pipeline.cc:432] Global bundle adjustment
[2026-06-21 17:28:16,892][src.colmap_mapper][INFO] - I20260621 17:28:16.892417 0x1fde420c0 incremental_pipeline.cc:537] Registering image #3 (num_reg_frames=2)
[2026-06-21 17:28:16,892][src.colmap_mapper][INFO] - I20260621 17:28:16.892423 0x1fde420c0 incremental_pipeline.cc:540] => Image sees 121 / 1892 points
[2026-06-21 17:28:16,939][src.colmap_mapper][INFO] - I20260621 17:28:16.939785 0x1fde420c0 incremental_pipeline.cc:79] Retriangulation and Global bundle adjustment
[2026-06-21 17:28:16,954][src.colmap_mapper][INFO] - I20260621 17:28:16.954724 0x1fde420c0 incremental_pipeline.cc:537] Registering image #6 (num_reg_frames=3)
[2026-06-21 17:28:16,954][src.colmap_mapper][INFO] - I20260621 17:28:16.954729 0x1fde420c0 incremental_pipeline.cc:540] => Image sees 495 / 2128 points
[2026-06-21 17:28:17,010][src.colmap_mapper][INFO] - I20260621 17:28:17.010478 0x1fde420c0 incremental_pipeline.cc:79] Retriangulation and Global bundle adjustment
[2026-06-21 17:28:17,032][src.colmap_mapper][INFO] - I20260621 17:28:17.032822 0x1fde420c0 incremental_pipeline.cc:537] Registering image #5 (num_reg_frames=4)
[2026-06-21 17:28:17,032][src.colmap_mapper][INFO] - I20260621 17:28:17.032828 0x1fde420c0 incremental_pipeline.cc:540] => Image sees 1052 / 2461 points
[2026-06-21 17:28:17,080][src.colmap_mapper][INFO] - I20260621 17:28:17.080730 0x1fde420c0 incremental_pipeline.cc:79] Retriangulation and Global bundle adjustment
[2026-06-21 17:28:17,097][src.colmap_mapper][INFO] - I20260621 17:28:17.097401 0x1fde420c0 incremental_pipeline.cc:537] Registering image #1 (num_reg_frames=5)
[2026-06-21 17:28:17,097][src.colmap_mapper][INFO] - I20260621 17:28:17.097407 0x1fde420c0 incremental_pipeline.cc:540] => Image sees 536 / 1825 points
[2026-06-21 17:28:17,143][src.colmap_mapper][INFO] - I20260621 17:28:17.143488 0x1fde420c0 incremental_pipeline.cc:79] Retriangulation and Global bundle adjustment
[2026-06-21 17:28:17,172][src.colmap_mapper][INFO] - I20260621 17:28:17.172148 0x1fde420c0 incremental_pipeline.cc:537] Registering image #7 (num_reg_frames=6)
[2026-06-21 17:28:17,172][src.colmap_mapper][INFO] - I20260621 17:28:17.172154 0x1fde420c0 incremental_pipeline.cc:540] => Image sees 436 / 1676 points
[2026-06-21 17:28:17,208][src.colmap_mapper][INFO] - I20260621 17:28:17.208329 0x1fde420c0 incremental_pipeline.cc:79] Retriangulation and Global bundle adjustment
[2026-06-21 17:28:17,245][src.colmap_mapper][INFO] - I20260621 17:28:17.245033 0x1fde420c0 incremental_pipeline.cc:537] Registering image #8 (num_reg_frames=7)
[2026-06-21 17:28:17,245][src.colmap_mapper][INFO] - I20260621 17:28:17.245039 0x1fde420c0 incremental_pipeline.cc:540] => Image sees 480 / 1376 points
[2026-06-21 17:28:17,278][src.colmap_mapper][INFO] - I20260621 17:28:17.278623 0x1fde420c0 incremental_pipeline.cc:79] Retriangulation and Global bundle adjustment
[2026-06-21 17:28:17,314][src.colmap_mapper][INFO] - I20260621 17:28:17.314180 0x1fde420c0 incremental_pipeline.cc:79] Retriangulation and Global bundle adjustment
[2026-06-21 17:28:17,322][src.colmap_mapper][INFO] - I20260621 17:28:17.322915 0x1fde420c0 incremental_pipeline.cc:723] Keeping successful reconstruction
[2026-06-21 17:28:17,325][src.colmap_mapper][INFO] - I20260621 17:28:17.325250 0x1fde420c0 timer.cc:90] Elapsed time: 0.008 [minutes]
[2026-06-21 17:28:17,328][src.colmap_mapper][INFO] - Sparse reconstruction completed successfully
[2026-06-21 17:28:17,328][__main__][INFO] - ✓ Sparse reconstruction completed
[2026-06-21 17:28:17,328][src.timing_recorder][INFO] - [TIMING] ✓ Completed: sparse_reconstruction (0.52s)
[2026-06-21 17:28:17,328][src.timing_recorder][INFO] - [TIMING] Starting: undistortion
[2026-06-21 17:28:17,328][__main__][INFO] - ============================================================
[2026-06-21 17:28:17,328][__main__][INFO] - STEP 5: Image Undistortion
[2026-06-21 17:28:17,328][__main__][INFO] - ============================================================
[2026-06-21 17:28:17,330][src.colmap_undistorter][INFO] - Undistorting images
[2026-06-21 17:28:17,330][src.colmap_undistorter][INFO] - Input model: /Users/bc/brendanchambers/2026-06-18-iphone-video-to-splat/data/intermediates/densify_sz0.0025_gr0.0001/colmap_sfm_camera_model/sparse/0
[2026-06-21 17:28:17,330][src.colmap_undistorter][INFO] - Images: /Users/bc/brendanchambers/2026-06-18-iphone-video-to-splat/data/intermediates/densify_sz0.0025_gr0.0001/colmap_sfm_camera_model/images
[2026-06-21 17:28:17,330][src.colmap_undistorter][INFO] - Output: /Users/bc/brendanchambers/2026-06-18-iphone-video-to-splat/data/intermediates/densify_sz0.0025_gr0.0001/colmap_sfm_linearized
[2026-06-21 17:28:17,330][src.colmap_undistorter][INFO] - Running: colmap image_undistorter
[2026-06-21 17:28:17,380][src.colmap_undistorter][INFO] - I20260621 17:28:17.379777 0x1fde420c0 image.cc:368] === Reading reconstruction ===
[2026-06-21 17:28:17,381][src.colmap_undistorter][INFO] - I20260621 17:28:17.381932 0x1fde420c0 image.cc:371] => Reconstruction with 8 images and 2190 points
[2026-06-21 17:28:17,381][src.colmap_undistorter][INFO] - I20260621 17:28:17.381944 0x1fde420c0 undistorters.cc:166] === Image undistortion ===
[2026-06-21 17:28:17,382][src.colmap_undistorter][INFO] - I20260621 17:28:17.382213 0x1fde420c0 undistorters.cc:205] Undistorting image [1/8]
[2026-06-21 17:28:17,972][src.colmap_undistorter][INFO] - I20260621 17:28:17.972369 0x1fde420c0 undistorters.cc:205] Undistorting image [2/8]
[2026-06-21 17:28:18,002][src.colmap_undistorter][INFO] - I20260621 17:28:18.002195 0x1fde420c0 undistorters.cc:205] Undistorting image [3/8]
[2026-06-21 17:28:18,002][src.colmap_undistorter][INFO] - I20260621 17:28:18.002380 0x1fde420c0 undistorters.cc:205] Undistorting image [4/8]
[2026-06-21 17:28:18,002][src.colmap_undistorter][INFO] - I20260621 17:28:18.002384 0x1fde420c0 undistorters.cc:205] Undistorting image [5/8]
[2026-06-21 17:28:18,002][src.colmap_undistorter][INFO] - I20260621 17:28:18.002386 0x1fde420c0 undistorters.cc:205] Undistorting image [6/8]
[2026-06-21 17:28:18,002][src.colmap_undistorter][INFO] - I20260621 17:28:18.002387 0x1fde420c0 undistorters.cc:205] Undistorting image [7/8]
[2026-06-21 17:28:18,002][src.colmap_undistorter][INFO] - I20260621 17:28:18.002388 0x1fde420c0 undistorters.cc:205] Undistorting image [8/8]
[2026-06-21 17:28:18,002][src.colmap_undistorter][INFO] - I20260621 17:28:18.002390 0x1fde420c0 undistorters.cc:213] Writing reconstruction...
[2026-06-21 17:28:18,006][src.colmap_undistorter][INFO] - I20260621 17:28:18.006947 0x1fde420c0 undistorters.cc:218] Writing configuration...
[2026-06-21 17:28:18,007][src.colmap_undistorter][INFO] - I20260621 17:28:18.007044 0x1fde420c0 undistorters.cc:222] Writing scripts...
[2026-06-21 17:28:18,007][src.colmap_undistorter][INFO] - I20260621 17:28:18.007139 0x1fde420c0 timer.cc:90] Elapsed time: 0.010 [minutes]
[2026-06-21 17:28:18,010][src.colmap_undistorter][INFO] - Image undistortion completed successfully
[2026-06-21 17:28:18,010][__main__][INFO] - ✓ Image undistortion completed
[2026-06-21 17:28:18,010][src.timing_recorder][INFO] - [TIMING] ✓ Completed: undistortion (0.68s)
[2026-06-21 17:28:18,010][src.timing_recorder][INFO] - [TIMING] Starting: splat_training
[2026-06-21 17:28:18,010][__main__][INFO] - ============================================================
[2026-06-21 17:28:18,011][__main__][INFO] - STEP 6: OpenSplat Training
[2026-06-21 17:28:18,011][__main__][INFO] - ============================================================
[2026-06-21 17:28:18,012][src.opensplat_trainer][INFO] - Training 3D Gaussian Splat
[2026-06-21 17:28:18,012][src.opensplat_trainer][INFO] - Sparse model: /Users/bc/brendanchambers/2026-06-18-iphone-video-to-splat/data/intermediates/densify_sz0.0025_gr0.0001/colmap_sfm_linearized/sparse
[2026-06-21 17:28:18,012][src.opensplat_trainer][INFO] - Images: /Users/bc/brendanchambers/2026-06-18-iphone-video-to-splat/data/intermediates/densify_sz0.0025_gr0.0001/colmap_sfm_linearized/images
[2026-06-21 17:28:18,012][src.opensplat_trainer][INFO] - Output PLY: /Users/bc/brendanchambers/2026-06-18-iphone-video-to-splat/data/intermediates/densify_sz0.0025_gr0.0001/colmap_sfm_linearized/splats/densify_sz0.0025_gr0.0001_20260621_1728.ply
[2026-06-21 17:28:18,013][src.opensplat_trainer][INFO] - Training loss log: /Users/bc/brendanchambers/2026-06-18-iphone-video-to-splat/data/intermediates/densify_sz0.0025_gr0.0001/colmap_sfm_linearized/splats/train_20260621_1728.jsonl
[2026-06-21 17:28:18,013][src.opensplat_trainer][INFO] - Validation loss log: /Users/bc/brendanchambers/2026-06-18-iphone-video-to-splat/data/intermediates/densify_sz0.0025_gr0.0001/colmap_sfm_linearized/splats/val_20260621_1728.jsonl
[2026-06-21 17:28:18,013][src.opensplat_trainer][INFO] - Running: opensplat
[2026-06-21 17:28:18,153][src.opensplat_trainer][INFO] - Using MPS
[2026-06-21 17:28:18,155][src.opensplat_trainer][INFO] - Reading 2190 points
[2026-06-21 17:28:18,155][src.opensplat_trainer][INFO] - Loading /Users/bc/brendanchambers/2026-06-18-iphone-video-to-splat/data/intermediates/densify_sz0.0025_gr0.0001/colmap_sfm_linearized/images/frame_0001.jpg
[2026-06-21 17:28:18,155][src.opensplat_trainer][INFO] - Loading /Users/bc/brendanchambers/2026-06-18-iphone-video-to-splat/data/intermediates/densify_sz0.0025_gr0.0001/colmap_sfm_linearized/images/frame_0002.jpgLoading
[2026-06-21 17:28:18,155][src.opensplat_trainer][INFO] - Loading /Users/bc/brendanchambers/2026-06-18-iphone-video-to-splat/data/intermediates/densify_sz0.0025_gr0.0001/colmap_sfm_linearized/images/frame_0006.jpgLoading Loading /Users/bc/brendanchambers/2026-06-18-iphone-video-to-splat/data/intermediates/densify_sz0.0025_gr0.0001/colmap_sfm_linearized/images/frame_0007.jpg/Users/bc/brendanchambers/2026-06-18-iphone-video-to-splat/data/intermediates/densify_sz0.0025_gr0.0001/colmap_sfm_linearized/images/frame_0003.jpg
[2026-06-21 17:28:18,156][src.opensplat_trainer][INFO] - 
[2026-06-21 17:28:18,156][src.opensplat_trainer][INFO] - /Users/bc/brendanchambers/2026-06-18-iphone-video-to-splat/data/intermediates/densify_sz0.0025_gr0.0001/colmap_sfm_linearized/images/frame_0005.jpgLoading /Users/bc/brendanchambers/2026-06-18-iphone-video-to-splat/data/intermediates/densify_sz0.0025_gr0.0001/colmap_sfm_linearized/images/frame_0004.jpg
[2026-06-21 17:28:18,156][src.opensplat_trainer][INFO] - 
[2026-06-21 17:28:18,156][src.opensplat_trainer][INFO] - Loading /Users/bc/brendanchambers/2026-06-18-iphone-video-to-splat/data/intermediates/densify_sz0.0025_gr0.0001/colmap_sfm_linearized/images/frame_0008.jpg
[2026-06-21 17:28:18,156][src.opensplat_trainer][INFO] - 
[2026-06-21 17:28:18,541][src.opensplat_trainer][INFO] - init_gsplat_metal_context: loading '/Users/bc/brendanchambers/2026-06-18-iphone-video-to-splat/opensplat/build/default.metallib'
[2026-06-21 17:28:18,541][src.opensplat_trainer][INFO] - init_gsplat_metal_context: loaded '/Users/bc/brendanchambers/2026-06-18-iphone-video-to-splat/opensplat/build/default.metallib', functions: compute_cov2d_bounds_kernel, project_gaussians_backward_kernel, get_tile_bin_edges_kernel, rasterize_backward_kernel, map_gaussian_to_intersects_kernel, nd_rasterize_backward_kernel, project_gaussians_forward_kernel, compute_sh_backward_kernel, compute_sh_forward_kernel, nd_rasterize_forward_kernel
[2026-06-21 17:28:18,541][src.opensplat_trainer][INFO] - init_gsplat_metal_context: load function nd_rasterize_backward_kernel with label: (null)
[2026-06-21 17:28:18,541][src.opensplat_trainer][INFO] - init_gsplat_metal_context: load function nd_rasterize_forward_kernel with label: (null)
[2026-06-21 17:28:18,541][src.opensplat_trainer][INFO] - init_gsplat_metal_context: load function rasterize_backward_kernel with label: (null)
[2026-06-21 17:28:18,541][src.opensplat_trainer][INFO] - init_gsplat_metal_context: load function project_gaussians_forward_kernel with label: (null)
[2026-06-21 17:28:18,541][src.opensplat_trainer][INFO] - init_gsplat_metal_context: load function project_gaussians_backward_kernel with label: (null)
[2026-06-21 17:28:18,541][src.opensplat_trainer][INFO] - init_gsplat_metal_context: load function compute_sh_forward_kernel with label: (null)
[2026-06-21 17:28:18,541][src.opensplat_trainer][INFO] - init_gsplat_metal_context: load function compute_sh_backward_kernel with label: (null)
[2026-06-21 17:28:18,541][src.opensplat_trainer][INFO] - init_gsplat_metal_context: load function compute_cov2d_bounds_kernel with label: (null)
[2026-06-21 17:28:18,541][src.opensplat_trainer][INFO] - init_gsplat_metal_context: load function map_gaussian_to_intersects_kernel with label: (null)
[2026-06-21 17:28:18,541][src.opensplat_trainer][INFO] - init_gsplat_metal_context: load function get_tile_bin_edges_kernel with label: (null)
[2026-06-21 17:28:18,541][src.opensplat_trainer][INFO] - Step 10: 0.335673 (20%)
[2026-06-21 17:28:18,757][src.opensplat_trainer][INFO] - Step 20: 0.3161 (40%)
[2026-06-21 17:28:18,958][src.opensplat_trainer][INFO] - Step 30: 0.283759 (60%)
[2026-06-21 17:28:19,143][src.opensplat_trainer][INFO] - Step 40: 0.301167 (80%)
[2026-06-21 17:28:19,357][src.opensplat_trainer][INFO] - Step 50: 0.302727 (100%)
[2026-06-21 17:28:19,372][src.opensplat_trainer][INFO] - Wrote /Users/bc/brendanchambers/2026-06-18-iphone-video-to-splat/data/intermediates/densify_sz0.0025_gr0.0001/colmap_sfm_linearized/splats/cameras.json
[2026-06-21 17:28:19,379][src.opensplat_trainer][INFO] - Wrote /Users/bc/brendanchambers/2026-06-18-iphone-video-to-splat/data/intermediates/densify_sz0.0025_gr0.0001/colmap_sfm_linearized/splats/densify_sz0.0025_gr0.0001_20260621_1728.ply
[2026-06-21 17:28:19,392][src.opensplat_trainer][INFO] - /Users/bc/brendanchambers/2026-06-18-iphone-video-to-splat/data/intermediates/densify_sz0.0025_gr0.0001/colmap_sfm_linearized/images/frame_0001.jpg validation loss: 0.344882
[2026-06-21 17:28:19,447][src.opensplat_trainer][INFO] - Parsed 5 training loss values to /Users/bc/brendanchambers/2026-06-18-iphone-video-to-splat/data/intermediates/densify_sz0.0025_gr0.0001/colmap_sfm_linearized/splats/train_20260621_1728.jsonl
[2026-06-21 17:28:19,447][src.opensplat_trainer][INFO] - Captured validation loss: 0.344882 to /Users/bc/brendanchambers/2026-06-18-iphone-video-to-splat/data/intermediates/densify_sz0.0025_gr0.0001/colmap_sfm_linearized/splats/val_20260621_1728.jsonl
[2026-06-21 17:28:19,447][src.opensplat_trainer][INFO] - Training completed successfully
[2026-06-21 17:28:19,447][src.opensplat_trainer][INFO] - Output saved to: /Users/bc/brendanchambers/2026-06-18-iphone-video-to-splat/data/intermediates/densify_sz0.0025_gr0.0001/colmap_sfm_linearized/splats/densify_sz0.0025_gr0.0001_20260621_1728.ply
[2026-06-21 17:28:19,447][__main__][INFO] - ✓ Splat training completed
[2026-06-21 17:28:19,447][__main__][INFO] - ============================================================
[2026-06-21 17:28:19,447][__main__][INFO] - Analyzing Training Loss
[2026-06-21 17:28:19,447][__main__][INFO] - ============================================================
[2026-06-21 17:28:19,507][src.timing_recorder][INFO] - [TIMING] ✓ Completed: splat_training (1.50s)
[2026-06-21 17:28:19,507][__main__][INFO] - 
[2026-06-21 17:28:19,507][__main__][INFO] - ╔==========================================================╗
[2026-06-21 17:28:19,507][__main__][INFO] - ║                    Pipeline Complete!                    ║
[2026-06-21 17:28:19,507][__main__][INFO] - ╚==========================================================╝
[2026-06-21 17:28:19,507][__main__][INFO] - Output directory: /Users/bc/brendanchambers/2026-06-18-iphone-video-to-splat/data/intermediates/densify_sz0.0025_gr0.0001/colmap_sfm_linearized/splats
[2026-06-21 17:28:19,507][__main__][INFO] -   - PLY file: *.ply (3D Gaussian Splat)
[2026-06-21 17:28:19,507][__main__][INFO] -   - Loss log: *.jsonl (Training loss per step)
[2026-06-21 17:28:19,507][__main__][INFO] -   - Timing log: running-time_*.jsonl (Step execution times)
[2026-06-21 17:28:19,507][src.timing_recorder][INFO] - 
[2026-06-21 17:28:19,507][src.timing_recorder][INFO] - ======================================================================
[2026-06-21 17:28:19,507][src.timing_recorder][INFO] - PIPELINE EXECUTION TIMING SUMMARY
[2026-06-21 17:28:19,507][src.timing_recorder][INFO] - ======================================================================
[2026-06-21 17:28:19,507][src.timing_recorder][INFO] - ✓ frame_extraction              0.23s  (  5.3%)
[2026-06-21 17:28:19,508][src.timing_recorder][INFO] - ✓ feature_extraction            0.74s  ( 17.4%)
[2026-06-21 17:28:19,508][src.timing_recorder][INFO] - ✓ feature_matching              0.59s  ( 13.9%)
[2026-06-21 17:28:19,508][src.timing_recorder][INFO] - ✓ sparse_reconstruction         0.52s  ( 12.3%)
[2026-06-21 17:28:19,508][src.timing_recorder][INFO] - ✓ undistortion                  0.68s  ( 16.0%)
[2026-06-21 17:28:19,508][src.timing_recorder][INFO] - ✓ splat_training                1.50s  ( 35.1%)
[2026-06-21 17:28:19,508][src.timing_recorder][INFO] - ----------------------------------------------------------------------
[2026-06-21 17:28:19,508][src.timing_recorder][INFO] - TOTAL                           4.26s  (100.0%)
[2026-06-21 17:28:19,508][src.timing_recorder][INFO] - ======================================================================
[2026-06-21 17:28:19,508][src.timing_recorder][INFO] - 
[2026-06-21 17:28:19,508][src.timing_recorder][INFO] - [TIMING] Saved timing report to: /Users/bc/brendanchambers/2026-06-18-iphone-video-to-splat/data/intermediates/densify_sz0.0025_gr0.0001/colmap_sfm_linearized/splats/running-time_20260621_1728.jsonl
[2026-06-21 17:28:19,509][__main__][INFO] - ============================================================
[2026-06-21 17:28:19,509][__main__][INFO] - Logging Experiment Results
[2026-06-21 17:28:19,509][__main__][INFO] - ============================================================
[2026-06-21 17:28:19,509][src.experiment_tracker][INFO] - Logged experiment to: /Users/bc/brendanchambers/2026-06-18-iphone-video-to-splat/reports/experiments/sweep_densify_size_and_gradient_threshold.jsonl
[2026-06-21 17:28:19,509][__main__][INFO] - Experiment results logged to: /Users/bc/brendanchambers/2026-06-18-iphone-video-to-splat/reports/experiments/sweep_densify_size_and_gradient_threshold.jsonl
[2026-06-21 17:28:19,509][__main__][INFO] -   Experiment: densify_sz0.0025_gr0.0001
[2026-06-21 17:28:19,509][__main__][INFO] -   Group: sweep_densify_size_and_gradient_threshold
[2026-06-21 17:28:19,509][__main__][INFO] -   Train loss: 0.302727
[2026-06-21 17:28:19,509][__main__][INFO] -   Total time: 4.26s (0.07m)
