[2026-06-21 15:52:44,168][__main__][INFO] - 
[2026-06-21 15:52:44,168][__main__][INFO] - ╔==========================================================╗
[2026-06-21 15:52:44,168][__main__][INFO] - ║          3D Gaussian Splat Training Pipeline              ║
[2026-06-21 15:52:44,168][__main__][INFO] - ╚==========================================================╝
[2026-06-21 15:52:44,168][__main__][INFO] - Experiment: densify_sz0.005_gr0.0001
[2026-06-21 15:52:44,168][__main__][INFO] - Project dir: /Users/bc/brendanchambers/2026-06-18-iphone-video-to-splat
[2026-06-21 15:52:44,168][__main__][INFO] - 
[2026-06-21 15:52:44,168][src.timing_recorder][INFO] - [TIMING] Starting: frame_extraction
[2026-06-21 15:52:44,168][__main__][INFO] - ============================================================
[2026-06-21 15:52:44,168][__main__][INFO] - STEP 1: Frame Extraction
[2026-06-21 15:52:44,168][__main__][INFO] - ============================================================
[2026-06-21 15:52:44,169][src.frame_extractor][INFO] - Extracting frames from: /Users/bc/brendanchambers/2026-06-18-iphone-video-to-splat/data/incoming/movies/teensy.mov
[2026-06-21 15:52:44,169][src.frame_extractor][INFO] - Output directory: /Users/bc/brendanchambers/2026-06-18-iphone-video-to-splat/data/intermediates/densify_sz0.005_gr0.0001/colmap_sfm_camera_model/images
[2026-06-21 15:52:44,169][src.frame_extractor][INFO] - Extracting frames at 2 fps
[2026-06-21 15:52:44,169][src.frame_extractor][INFO] - Running command: ffmpeg -i /Users/bc/brendanchambers/2026-06-18-iphone-video-to-splat/data/incoming/movies/teensy.mov -vf fps=2 -q:v 5 /Users/bc/brendanchambers/2026-06-18-iphone-video-to-splat/data/intermediates/densify_sz0.005_gr0.0001/colmap_sfm_camera_model/images/frame_%04d.jpg
[2026-06-21 15:52:44,184][src.frame_extractor][INFO] - ffmpeg version 8.1.2 Copyright (c) 2000-2026 the FFmpeg developers
[2026-06-21 15:52:44,184][src.frame_extractor][INFO] -   built with Apple clang version 17.0.0 (clang-1700.6.4.2)
[2026-06-21 15:52:44,184][src.frame_extractor][INFO] -   configuration: --prefix=/opt/homebrew/Cellar/ffmpeg/8.1.2 --enable-shared --enable-pthreads --enable-version3 --cc=clang --host-cflags= --host-ldflags= --enable-ffplay --enable-gpl --enable-libsvtav1 --enable-libopus --enable-libx264 --enable-libmp3lame --enable-libdav1d --enable-libvmaf --enable-libvpx --enable-libx265 --enable-openssl --enable-videotoolbox --enable-audiotoolbox --enable-neon
[2026-06-21 15:52:44,184][src.frame_extractor][INFO] -   libavutil      60. 26.102 / 60. 26.102
[2026-06-21 15:52:44,184][src.frame_extractor][INFO] -   libavcodec     62. 28.102 / 62. 28.102
[2026-06-21 15:52:44,184][src.frame_extractor][INFO] -   libavformat    62. 12.102 / 62. 12.102
[2026-06-21 15:52:44,184][src.frame_extractor][INFO] -   libavdevice    62.  3.102 / 62.  3.102
[2026-06-21 15:52:44,184][src.frame_extractor][INFO] -   libavfilter    11. 14.102 / 11. 14.102
[2026-06-21 15:52:44,184][src.frame_extractor][INFO] -   libswscale      9.  5.102 /  9.  5.102
[2026-06-21 15:52:44,184][src.frame_extractor][INFO] -   libswresample   6.  3.102 /  6.  3.102
[2026-06-21 15:52:44,199][src.frame_extractor][INFO] - Input #0, mov,mp4,m4a,3gp,3g2,mj2, from '/Users/bc/brendanchambers/2026-06-18-iphone-video-to-splat/data/incoming/movies/teensy.mov':
[2026-06-21 15:52:44,199][src.frame_extractor][INFO] -   Metadata:
[2026-06-21 15:52:44,199][src.frame_extractor][INFO] -     major_brand     : qt
[2026-06-21 15:52:44,199][src.frame_extractor][INFO] -     minor_version   : 512
[2026-06-21 15:52:44,199][src.frame_extractor][INFO] -     compatible_brands: qt
[2026-06-21 15:52:44,199][src.frame_extractor][INFO] -     encoder         : Lavf62.12.102
[2026-06-21 15:52:44,199][src.frame_extractor][INFO] -   Duration: 00:00:04.01, start: 0.000000, bitrate: 19786 kb/s
[2026-06-21 15:52:44,200][src.frame_extractor][INFO] -   Stream #0:0[0x1]: Video: h264 (High) (avc1 / 0x31637661), yuv420p(tv, bt709, progressive), 1080x1920, 19646 kb/s, 29.67 fps, 29.67 tbr, 11392 tbn (default)
[2026-06-21 15:52:44,200][src.frame_extractor][INFO] -     Metadata:
[2026-06-21 15:52:44,200][src.frame_extractor][INFO] -       handler_name    : Core Media Video
[2026-06-21 15:52:44,200][src.frame_extractor][INFO] -       vendor_id       : FFMP
[2026-06-21 15:52:44,200][src.frame_extractor][INFO] -       encoder         : Lavc62.28.102 libx264
[2026-06-21 15:52:44,200][src.frame_extractor][INFO] -   Stream #0:1[0x2]: Audio: aac (LC) (mp4a / 0x6134706D), 48000 Hz, stereo, fltp, 128 kb/s (default)
[2026-06-21 15:52:44,200][src.frame_extractor][INFO] -     Metadata:
[2026-06-21 15:52:44,200][src.frame_extractor][INFO] -       handler_name    : Core Media Audio
[2026-06-21 15:52:44,200][src.frame_extractor][INFO] -       vendor_id       : [0][0][0][0]
[2026-06-21 15:52:44,200][src.frame_extractor][INFO] - Stream mapping:
[2026-06-21 15:52:44,200][src.frame_extractor][INFO] -   Stream #0:0 -> #0:0 (h264 (native) -> mjpeg (native))
[2026-06-21 15:52:44,200][src.frame_extractor][INFO] - Press [q] to stop, [?] for help
[2026-06-21 15:52:44,249][src.frame_extractor][INFO] - Output #0, image2, to '/Users/bc/brendanchambers/2026-06-18-iphone-video-to-splat/data/intermediates/densify_sz0.005_gr0.0001/colmap_sfm_camera_model/images/frame_%04d.jpg':
[2026-06-21 15:52:44,249][src.frame_extractor][INFO] -   Metadata:
[2026-06-21 15:52:44,249][src.frame_extractor][INFO] -     major_brand     : qt
[2026-06-21 15:52:44,249][src.frame_extractor][INFO] -     minor_version   : 512
[2026-06-21 15:52:44,249][src.frame_extractor][INFO] -     compatible_brands: qt
[2026-06-21 15:52:44,249][src.frame_extractor][INFO] -     encoder         : Lavf62.12.102
[2026-06-21 15:52:44,249][src.frame_extractor][INFO] -   Stream #0:0: Video: mjpeg, yuv420p(pc, bt709, progressive), 1080x1920, q=2-31, 200 kb/s, 2 fps, 2 tbn (default)
[2026-06-21 15:52:44,249][src.frame_extractor][INFO] -     Metadata:
[2026-06-21 15:52:44,249][src.frame_extractor][INFO] -       encoder         : Lavc62.28.102 mjpeg
[2026-06-21 15:52:44,249][src.frame_extractor][INFO] -       handler_name    : Core Media Video
[2026-06-21 15:52:44,249][src.frame_extractor][INFO] -       vendor_id       : FFMP
[2026-06-21 15:52:44,249][src.frame_extractor][INFO] -     Side data:
[2026-06-21 15:52:44,249][src.frame_extractor][INFO] -       CPB properties: bitrate max/min/avg: 0/0/200000 buffer size: 0 vbv_delay: N/A
[2026-06-21 15:52:44,388][src.frame_extractor][INFO] - [out#0/image2 @ 0x6000003086c0] video:3120KiB audio:0KiB subtitle:0KiB other streams:0KiB global headers:0KiB muxing overhead: unknown
[2026-06-21 15:52:44,389][src.frame_extractor][INFO] - frame=    8 fps=0.0 q=5.0 Lsize=N/A time=00:00:04.00 bitrate=N/A speed=21.2x elapsed=0:00:00.18
[2026-06-21 15:52:44,392][src.frame_extractor][INFO] - Successfully extracted 8 frames
[2026-06-21 15:52:44,392][__main__][INFO] - ✓ Frame extraction completed
[2026-06-21 15:52:44,392][src.timing_recorder][INFO] - [TIMING] ✓ Completed: frame_extraction (0.22s)
[2026-06-21 15:52:44,392][src.timing_recorder][INFO] - [TIMING] Starting: feature_extraction
[2026-06-21 15:52:44,392][__main__][INFO] - ============================================================
[2026-06-21 15:52:44,392][__main__][INFO] - STEP 2: Feature Extraction
[2026-06-21 15:52:44,392][__main__][INFO] - ============================================================
[2026-06-21 15:52:44,393][src.colmap_feature_extractor][INFO] - Extracting features from images: /Users/bc/brendanchambers/2026-06-18-iphone-video-to-splat/data/intermediates/densify_sz0.005_gr0.0001/colmap_sfm_camera_model/images
[2026-06-21 15:52:44,393][src.colmap_feature_extractor][INFO] - Database: /Users/bc/brendanchambers/2026-06-18-iphone-video-to-splat/data/intermediates/densify_sz0.005_gr0.0001/colmap_sfm_camera_model/database.db
[2026-06-21 15:52:44,393][src.colmap_feature_extractor][INFO] - Running: colmap feature_extractor
[2026-06-21 15:52:44,561][src.colmap_feature_extractor][INFO] - I20260621 15:52:44.560695 0x16d0df000 feature_extraction.cc:504] === Feature extraction ===
[2026-06-21 15:52:44,575][src.colmap_feature_extractor][INFO] - I20260621 15:52:44.575561 0x16d6e3000 sift.cc:757] Creating SIFT GPU feature extractor
[2026-06-21 15:52:44,707][src.colmap_feature_extractor][INFO] - I20260621 15:52:44.707632 0x16d76f000 feature_extraction.cc:282] Processed file [1/8]
[2026-06-21 15:52:44,707][src.colmap_feature_extractor][INFO] - I20260621 15:52:44.707649 0x16d76f000 feature_extraction.cc:285]   Name:            frame_0001.jpg
[2026-06-21 15:52:44,707][src.colmap_feature_extractor][INFO] - I20260621 15:52:44.707652 0x16d76f000 feature_extraction.cc:294]   Dimensions:      1080 x 1920
[2026-06-21 15:52:44,707][src.colmap_feature_extractor][INFO] - I20260621 15:52:44.707653 0x16d76f000 feature_extraction.cc:297]   Camera:          #1 - RADIAL
[2026-06-21 15:52:44,707][src.colmap_feature_extractor][INFO] - I20260621 15:52:44.707655 0x16d76f000 feature_extraction.cc:300]   Focal Length:    2304.00px
[2026-06-21 15:52:44,707][src.colmap_feature_extractor][INFO] - I20260621 15:52:44.707658 0x16d76f000 feature_extraction.cc:304]   Features:        4449 (SIFT)
[2026-06-21 15:52:44,761][src.colmap_feature_extractor][INFO] - I20260621 15:52:44.761445 0x16d76f000 feature_extraction.cc:282] Processed file [2/8]
[2026-06-21 15:52:44,761][src.colmap_feature_extractor][INFO] - I20260621 15:52:44.761463 0x16d76f000 feature_extraction.cc:285]   Name:            frame_0002.jpg
[2026-06-21 15:52:44,761][src.colmap_feature_extractor][INFO] - I20260621 15:52:44.761466 0x16d76f000 feature_extraction.cc:294]   Dimensions:      1080 x 1920
[2026-06-21 15:52:44,761][src.colmap_feature_extractor][INFO] - I20260621 15:52:44.761467 0x16d76f000 feature_extraction.cc:297]   Camera:          #1 - RADIAL
[2026-06-21 15:52:44,761][src.colmap_feature_extractor][INFO] - I20260621 15:52:44.761470 0x16d76f000 feature_extraction.cc:300]   Focal Length:    2304.00px
[2026-06-21 15:52:44,761][src.colmap_feature_extractor][INFO] - I20260621 15:52:44.761472 0x16d76f000 feature_extraction.cc:304]   Features:        4766 (SIFT)
[2026-06-21 15:52:44,815][src.colmap_feature_extractor][INFO] - I20260621 15:52:44.815176 0x16d76f000 feature_extraction.cc:282] Processed file [3/8]
[2026-06-21 15:52:44,815][src.colmap_feature_extractor][INFO] - I20260621 15:52:44.815191 0x16d76f000 feature_extraction.cc:285]   Name:            frame_0003.jpg
[2026-06-21 15:52:44,815][src.colmap_feature_extractor][INFO] - I20260621 15:52:44.815193 0x16d76f000 feature_extraction.cc:294]   Dimensions:      1080 x 1920
[2026-06-21 15:52:44,815][src.colmap_feature_extractor][INFO] - I20260621 15:52:44.815195 0x16d76f000 feature_extraction.cc:297]   Camera:          #1 - RADIAL
[2026-06-21 15:52:44,815][src.colmap_feature_extractor][INFO] - I20260621 15:52:44.815197 0x16d76f000 feature_extraction.cc:300]   Focal Length:    2304.00px
[2026-06-21 15:52:44,815][src.colmap_feature_extractor][INFO] - I20260621 15:52:44.815200 0x16d76f000 feature_extraction.cc:304]   Features:        5561 (SIFT)
[2026-06-21 15:52:44,869][src.colmap_feature_extractor][INFO] - I20260621 15:52:44.869750 0x16d76f000 feature_extraction.cc:282] Processed file [4/8]
[2026-06-21 15:52:44,869][src.colmap_feature_extractor][INFO] - I20260621 15:52:44.869768 0x16d76f000 feature_extraction.cc:285]   Name:            frame_0004.jpg
[2026-06-21 15:52:44,869][src.colmap_feature_extractor][INFO] - I20260621 15:52:44.869771 0x16d76f000 feature_extraction.cc:294]   Dimensions:      1080 x 1920
[2026-06-21 15:52:44,869][src.colmap_feature_extractor][INFO] - I20260621 15:52:44.869773 0x16d76f000 feature_extraction.cc:297]   Camera:          #1 - RADIAL
[2026-06-21 15:52:44,870][src.colmap_feature_extractor][INFO] - I20260621 15:52:44.869775 0x16d76f000 feature_extraction.cc:300]   Focal Length:    2304.00px
[2026-06-21 15:52:44,870][src.colmap_feature_extractor][INFO] - I20260621 15:52:44.869778 0x16d76f000 feature_extraction.cc:304]   Features:        6351 (SIFT)
[2026-06-21 15:52:44,922][src.colmap_feature_extractor][INFO] - I20260621 15:52:44.922103 0x16d76f000 feature_extraction.cc:282] Processed file [5/8]
[2026-06-21 15:52:44,922][src.colmap_feature_extractor][INFO] - I20260621 15:52:44.922118 0x16d76f000 feature_extraction.cc:285]   Name:            frame_0005.jpg
[2026-06-21 15:52:44,922][src.colmap_feature_extractor][INFO] - I20260621 15:52:44.922120 0x16d76f000 feature_extraction.cc:294]   Dimensions:      1080 x 1920
[2026-06-21 15:52:44,922][src.colmap_feature_extractor][INFO] - I20260621 15:52:44.922122 0x16d76f000 feature_extraction.cc:297]   Camera:          #1 - RADIAL
[2026-06-21 15:52:44,922][src.colmap_feature_extractor][INFO] - I20260621 15:52:44.922124 0x16d76f000 feature_extraction.cc:300]   Focal Length:    2304.00px
[2026-06-21 15:52:44,922][src.colmap_feature_extractor][INFO] - I20260621 15:52:44.922127 0x16d76f000 feature_extraction.cc:304]   Features:        4609 (SIFT)
[2026-06-21 15:52:44,975][src.colmap_feature_extractor][INFO] - I20260621 15:52:44.975640 0x16d76f000 feature_extraction.cc:282] Processed file [6/8]
[2026-06-21 15:52:44,975][src.colmap_feature_extractor][INFO] - I20260621 15:52:44.975653 0x16d76f000 feature_extraction.cc:285]   Name:            frame_0006.jpg
[2026-06-21 15:52:44,975][src.colmap_feature_extractor][INFO] - I20260621 15:52:44.975655 0x16d76f000 feature_extraction.cc:294]   Dimensions:      1080 x 1920
[2026-06-21 15:52:44,975][src.colmap_feature_extractor][INFO] - I20260621 15:52:44.975657 0x16d76f000 feature_extraction.cc:297]   Camera:          #1 - RADIAL
[2026-06-21 15:52:44,975][src.colmap_feature_extractor][INFO] - I20260621 15:52:44.975659 0x16d76f000 feature_extraction.cc:300]   Focal Length:    2304.00px
[2026-06-21 15:52:44,975][src.colmap_feature_extractor][INFO] - I20260621 15:52:44.975662 0x16d76f000 feature_extraction.cc:304]   Features:        4916 (SIFT)
[2026-06-21 15:52:45,028][src.colmap_feature_extractor][INFO] - I20260621 15:52:45.028598 0x16d76f000 feature_extraction.cc:282] Processed file [7/8]
[2026-06-21 15:52:45,028][src.colmap_feature_extractor][INFO] - I20260621 15:52:45.028611 0x16d76f000 feature_extraction.cc:285]   Name:            frame_0007.jpg
[2026-06-21 15:52:45,028][src.colmap_feature_extractor][INFO] - I20260621 15:52:45.028613 0x16d76f000 feature_extraction.cc:294]   Dimensions:      1080 x 1920
[2026-06-21 15:52:45,028][src.colmap_feature_extractor][INFO] - I20260621 15:52:45.028615 0x16d76f000 feature_extraction.cc:297]   Camera:          #1 - RADIAL
[2026-06-21 15:52:45,028][src.colmap_feature_extractor][INFO] - I20260621 15:52:45.028617 0x16d76f000 feature_extraction.cc:300]   Focal Length:    2304.00px
[2026-06-21 15:52:45,028][src.colmap_feature_extractor][INFO] - I20260621 15:52:45.028620 0x16d76f000 feature_extraction.cc:304]   Features:        4134 (SIFT)
[2026-06-21 15:52:45,084][src.colmap_feature_extractor][INFO] - I20260621 15:52:45.084178 0x16d76f000 feature_extraction.cc:282] Processed file [8/8]
[2026-06-21 15:52:45,084][src.colmap_feature_extractor][INFO] - I20260621 15:52:45.084224 0x16d76f000 feature_extraction.cc:285]   Name:            frame_0008.jpg
[2026-06-21 15:52:45,084][src.colmap_feature_extractor][INFO] - I20260621 15:52:45.084227 0x16d76f000 feature_extraction.cc:294]   Dimensions:      1080 x 1920
[2026-06-21 15:52:45,084][src.colmap_feature_extractor][INFO] - I20260621 15:52:45.084229 0x16d76f000 feature_extraction.cc:297]   Camera:          #1 - RADIAL
[2026-06-21 15:52:45,084][src.colmap_feature_extractor][INFO] - I20260621 15:52:45.084231 0x16d76f000 feature_extraction.cc:300]   Focal Length:    2304.00px
[2026-06-21 15:52:45,084][src.colmap_feature_extractor][INFO] - I20260621 15:52:45.084233 0x16d76f000 feature_extraction.cc:304]   Features:        6773 (SIFT)
[2026-06-21 15:52:45,089][src.colmap_feature_extractor][INFO] - I20260621 15:52:45.089313 0x16d0df000 timer.cc:90] Elapsed time: 0.009 [minutes]
[2026-06-21 15:52:45,107][src.colmap_feature_extractor][INFO] - Feature extraction completed successfully
[2026-06-21 15:52:45,107][__main__][INFO] - ✓ Feature extraction completed
[2026-06-21 15:52:45,107][src.timing_recorder][INFO] - [TIMING] ✓ Completed: feature_extraction (0.72s)
[2026-06-21 15:52:45,107][src.timing_recorder][INFO] - [TIMING] Starting: feature_matching
[2026-06-21 15:52:45,107][__main__][INFO] - ============================================================
[2026-06-21 15:52:45,107][__main__][INFO] - STEP 3: Feature Matching
[2026-06-21 15:52:45,107][__main__][INFO] - ============================================================
[2026-06-21 15:52:45,108][src.colmap_feature_matcher][INFO] - Matching features in database: /Users/bc/brendanchambers/2026-06-18-iphone-video-to-splat/data/intermediates/densify_sz0.005_gr0.0001/colmap_sfm_camera_model/database.db
[2026-06-21 15:52:45,108][src.colmap_feature_matcher][INFO] - Running: colmap sequential_matcher
[2026-06-21 15:52:45,274][src.colmap_feature_matcher][INFO] - I20260621 15:52:45.273779 0x16bf1f000 feature_matching.cc:195] === Feature matching & geometric verification ===
[2026-06-21 15:52:45,288][src.colmap_feature_matcher][INFO] - I20260621 15:52:45.288318 0x16bfab000 sift.cc:1559] Creating SIFT GPU feature matcher
[2026-06-21 15:52:45,312][src.colmap_feature_matcher][INFO] - I20260621 15:52:45.312144 0x16bf1f000 pairing.cc:415] Generating sequential image pairs...
[2026-06-21 15:52:45,312][src.colmap_feature_matcher][INFO] - I20260621 15:52:45.312216 0x16bf1f000 pairing.cc:473] Processing image [1/8]
[2026-06-21 15:52:45,375][src.colmap_feature_matcher][INFO] - I20260621 15:52:45.375918 0x16bf1f000 feature_matching.cc:217] in 0.064s
[2026-06-21 15:52:45,376][src.colmap_feature_matcher][INFO] - I20260621 15:52:45.375932 0x16bf1f000 pairing.cc:473] Processing image [2/8]
[2026-06-21 15:52:45,433][src.colmap_feature_matcher][INFO] - I20260621 15:52:45.433718 0x16bf1f000 feature_matching.cc:217] in 0.058s
[2026-06-21 15:52:45,433][src.colmap_feature_matcher][INFO] - I20260621 15:52:45.433725 0x16bf1f000 pairing.cc:473] Processing image [3/8]
[2026-06-21 15:52:45,494][src.colmap_feature_matcher][INFO] - I20260621 15:52:45.494262 0x16bf1f000 feature_matching.cc:217] in 0.061s
[2026-06-21 15:52:45,494][src.colmap_feature_matcher][INFO] - I20260621 15:52:45.494268 0x16bf1f000 pairing.cc:473] Processing image [4/8]
[2026-06-21 15:52:45,566][src.colmap_feature_matcher][INFO] - I20260621 15:52:45.566407 0x16bf1f000 feature_matching.cc:217] in 0.072s
[2026-06-21 15:52:45,566][src.colmap_feature_matcher][INFO] - I20260621 15:52:45.566411 0x16bf1f000 pairing.cc:473] Processing image [5/8]
[2026-06-21 15:52:45,597][src.colmap_feature_matcher][INFO] - I20260621 15:52:45.597247 0x16bf1f000 feature_matching.cc:217] in 0.031s
[2026-06-21 15:52:45,597][src.colmap_feature_matcher][INFO] - I20260621 15:52:45.597251 0x16bf1f000 pairing.cc:473] Processing image [6/8]
[2026-06-21 15:52:45,637][src.colmap_feature_matcher][INFO] - I20260621 15:52:45.637178 0x16bf1f000 feature_matching.cc:217] in 0.040s
[2026-06-21 15:52:45,637][src.colmap_feature_matcher][INFO] - I20260621 15:52:45.637182 0x16bf1f000 pairing.cc:473] Processing image [7/8]
[2026-06-21 15:52:45,658][src.colmap_feature_matcher][INFO] - I20260621 15:52:45.658920 0x16bf1f000 feature_matching.cc:217] in 0.022s
[2026-06-21 15:52:45,658][src.colmap_feature_matcher][INFO] - I20260621 15:52:45.658923 0x16bf1f000 pairing.cc:473] Processing image [8/8]
[2026-06-21 15:52:45,658][src.colmap_feature_matcher][INFO] - I20260621 15:52:45.658924 0x16bf1f000 feature_matching.cc:217] in 0.000s
[2026-06-21 15:52:45,659][src.colmap_feature_matcher][INFO] - I20260621 15:52:45.658926 0x16bf1f000 timer.cc:90] Elapsed time: 0.006 [minutes]
[2026-06-21 15:52:45,666][src.colmap_feature_matcher][INFO] - Feature matching completed successfully
[2026-06-21 15:52:45,666][__main__][INFO] - ✓ Feature matching completed
[2026-06-21 15:52:45,667][src.timing_recorder][INFO] - [TIMING] ✓ Completed: feature_matching (0.56s)
[2026-06-21 15:52:45,667][src.timing_recorder][INFO] - [TIMING] Starting: sparse_reconstruction
[2026-06-21 15:52:45,667][__main__][INFO] - ============================================================
[2026-06-21 15:52:45,667][__main__][INFO] - STEP 4: Sparse Reconstruction
[2026-06-21 15:52:45,667][__main__][INFO] - ============================================================
[2026-06-21 15:52:45,668][src.colmap_mapper][INFO] - Performing sparse reconstruction
[2026-06-21 15:52:45,668][src.colmap_mapper][INFO] - Database: /Users/bc/brendanchambers/2026-06-18-iphone-video-to-splat/data/intermediates/densify_sz0.005_gr0.0001/colmap_sfm_camera_model/database.db
[2026-06-21 15:52:45,668][src.colmap_mapper][INFO] - Images: /Users/bc/brendanchambers/2026-06-18-iphone-video-to-splat/data/intermediates/densify_sz0.005_gr0.0001/colmap_sfm_camera_model/images
[2026-06-21 15:52:45,668][src.colmap_mapper][INFO] - Output: /Users/bc/brendanchambers/2026-06-18-iphone-video-to-splat/data/intermediates/densify_sz0.005_gr0.0001/colmap_sfm_camera_model/sparse
[2026-06-21 15:52:45,668][src.colmap_mapper][INFO] - Running: colmap mapper
[2026-06-21 15:52:45,717][src.colmap_mapper][INFO] - I20260621 15:52:45.717268 0x1fde420c0 incremental_pipeline.cc:278] Loading database
[2026-06-21 15:52:45,717][src.colmap_mapper][INFO] - I20260621 15:52:45.717571 0x1fde420c0 database_cache.cc:72] Loading rigs...
[2026-06-21 15:52:45,717][src.colmap_mapper][INFO] - I20260621 15:52:45.717590 0x1fde420c0 database_cache.cc:82]  1 in 0.000s
[2026-06-21 15:52:45,717][src.colmap_mapper][INFO] - I20260621 15:52:45.717593 0x1fde420c0 database_cache.cc:90] Loading cameras...
[2026-06-21 15:52:45,717][src.colmap_mapper][INFO] - I20260621 15:52:45.717601 0x1fde420c0 database_cache.cc:108]  1 in 0.000s
[2026-06-21 15:52:45,717][src.colmap_mapper][INFO] - I20260621 15:52:45.717603 0x1fde420c0 database_cache.cc:116] Loading frames...
[2026-06-21 15:52:45,717][src.colmap_mapper][INFO] - I20260621 15:52:45.717619 0x1fde420c0 database_cache.cc:126]  8 in 0.000s
[2026-06-21 15:52:45,717][src.colmap_mapper][INFO] - I20260621 15:52:45.717620 0x1fde420c0 database_cache.cc:134] Loading matches...
[2026-06-21 15:52:45,717][src.colmap_mapper][INFO] - I20260621 15:52:45.717678 0x1fde420c0 database_cache.cc:139]  17 in 0.000s
[2026-06-21 15:52:45,718][src.colmap_mapper][INFO] - I20260621 15:52:45.717680 0x1fde420c0 database_cache.cc:147] Loading images...
[2026-06-21 15:52:45,718][src.colmap_mapper][INFO] - I20260621 15:52:45.718204 0x1fde420c0 database_cache.cc:241]  8 in 0.001s (connected 8, loaded 8)
[2026-06-21 15:52:45,718][src.colmap_mapper][INFO] - I20260621 15:52:45.718207 0x1fde420c0 database_cache.cc:255] Loading pose priors...
[2026-06-21 15:52:45,718][src.colmap_mapper][INFO] - I20260621 15:52:45.718214 0x1fde420c0 database_cache.cc:263]  0 in 0.000s
[2026-06-21 15:52:45,718][src.colmap_mapper][INFO] - I20260621 15:52:45.718215 0x1fde420c0 database_cache.cc:271] Building correspondence graph...
[2026-06-21 15:52:45,719][src.colmap_mapper][INFO] - I20260621 15:52:45.719023 0x1fde420c0 database_cache.cc:300]  in 0.001s (ignored 0)
[2026-06-21 15:52:45,719][src.colmap_mapper][INFO] - I20260621 15:52:45.719026 0x1fde420c0 timer.cc:90] Elapsed time: 0.000 [minutes]
[2026-06-21 15:52:45,719][src.colmap_mapper][INFO] - I20260621 15:52:45.719115 0x1fde420c0 incremental_pipeline.cc:390] Finding good initial image pair
[2026-06-21 15:52:45,728][src.colmap_mapper][INFO] - I20260621 15:52:45.728337 0x1fde420c0 incremental_pipeline.cc:414] Registering initial image pair #2 and #4
[2026-06-21 15:52:45,728][src.colmap_mapper][INFO] - I20260621 15:52:45.728936 0x1fde420c0 incremental_pipeline.cc:432] Global bundle adjustment
[2026-06-21 15:52:45,750][src.colmap_mapper][INFO] - I20260621 15:52:45.750773 0x1fde420c0 incremental_pipeline.cc:537] Registering image #3 (num_reg_frames=2)
[2026-06-21 15:52:45,750][src.colmap_mapper][INFO] - I20260621 15:52:45.750777 0x1fde420c0 incremental_pipeline.cc:540] => Image sees 138 / 1892 points
[2026-06-21 15:52:45,797][src.colmap_mapper][INFO] - I20260621 15:52:45.797854 0x1fde420c0 incremental_pipeline.cc:79] Retriangulation and Global bundle adjustment
[2026-06-21 15:52:45,812][src.colmap_mapper][INFO] - I20260621 15:52:45.812775 0x1fde420c0 incremental_pipeline.cc:537] Registering image #6 (num_reg_frames=3)
[2026-06-21 15:52:45,812][src.colmap_mapper][INFO] - I20260621 15:52:45.812779 0x1fde420c0 incremental_pipeline.cc:540] => Image sees 495 / 2128 points
[2026-06-21 15:52:45,867][src.colmap_mapper][INFO] - I20260621 15:52:45.867492 0x1fde420c0 incremental_pipeline.cc:79] Retriangulation and Global bundle adjustment
[2026-06-21 15:52:45,889][src.colmap_mapper][INFO] - I20260621 15:52:45.889643 0x1fde420c0 incremental_pipeline.cc:537] Registering image #5 (num_reg_frames=4)
[2026-06-21 15:52:45,889][src.colmap_mapper][INFO] - I20260621 15:52:45.889647 0x1fde420c0 incremental_pipeline.cc:540] => Image sees 1052 / 2461 points
[2026-06-21 15:52:45,931][src.colmap_mapper][INFO] - I20260621 15:52:45.931454 0x1fde420c0 incremental_pipeline.cc:79] Retriangulation and Global bundle adjustment
[2026-06-21 15:52:45,963][src.colmap_mapper][INFO] - I20260621 15:52:45.963394 0x1fde420c0 incremental_pipeline.cc:537] Registering image #1 (num_reg_frames=5)
[2026-06-21 15:52:45,963][src.colmap_mapper][INFO] - I20260621 15:52:45.963398 0x1fde420c0 incremental_pipeline.cc:540] => Image sees 536 / 1825 points
[2026-06-21 15:52:46,009][src.colmap_mapper][INFO] - I20260621 15:52:46.009207 0x1fde420c0 incremental_pipeline.cc:79] Retriangulation and Global bundle adjustment
[2026-06-21 15:52:46,037][src.colmap_mapper][INFO] - I20260621 15:52:46.037846 0x1fde420c0 incremental_pipeline.cc:537] Registering image #7 (num_reg_frames=6)
[2026-06-21 15:52:46,037][src.colmap_mapper][INFO] - I20260621 15:52:46.037851 0x1fde420c0 incremental_pipeline.cc:540] => Image sees 436 / 1676 points
[2026-06-21 15:52:46,073][src.colmap_mapper][INFO] - I20260621 15:52:46.073116 0x1fde420c0 incremental_pipeline.cc:79] Retriangulation and Global bundle adjustment
[2026-06-21 15:52:46,109][src.colmap_mapper][INFO] - I20260621 15:52:46.109389 0x1fde420c0 incremental_pipeline.cc:537] Registering image #8 (num_reg_frames=7)
[2026-06-21 15:52:46,109][src.colmap_mapper][INFO] - I20260621 15:52:46.109394 0x1fde420c0 incremental_pipeline.cc:540] => Image sees 480 / 1376 points
[2026-06-21 15:52:46,140][src.colmap_mapper][INFO] - I20260621 15:52:46.140647 0x1fde420c0 incremental_pipeline.cc:79] Retriangulation and Global bundle adjustment
[2026-06-21 15:52:46,176][src.colmap_mapper][INFO] - I20260621 15:52:46.176113 0x1fde420c0 incremental_pipeline.cc:79] Retriangulation and Global bundle adjustment
[2026-06-21 15:52:46,184][src.colmap_mapper][INFO] - I20260621 15:52:46.184787 0x1fde420c0 incremental_pipeline.cc:723] Keeping successful reconstruction
[2026-06-21 15:52:46,187][src.colmap_mapper][INFO] - I20260621 15:52:46.187036 0x1fde420c0 timer.cc:90] Elapsed time: 0.008 [minutes]
[2026-06-21 15:52:46,190][src.colmap_mapper][INFO] - Sparse reconstruction completed successfully
[2026-06-21 15:52:46,190][__main__][INFO] - ✓ Sparse reconstruction completed
[2026-06-21 15:52:46,190][src.timing_recorder][INFO] - [TIMING] ✓ Completed: sparse_reconstruction (0.52s)
[2026-06-21 15:52:46,190][src.timing_recorder][INFO] - [TIMING] Starting: undistortion
[2026-06-21 15:52:46,190][__main__][INFO] - ============================================================
[2026-06-21 15:52:46,190][__main__][INFO] - STEP 5: Image Undistortion
[2026-06-21 15:52:46,190][__main__][INFO] - ============================================================
[2026-06-21 15:52:46,191][src.colmap_undistorter][INFO] - Undistorting images
[2026-06-21 15:52:46,191][src.colmap_undistorter][INFO] - Input model: /Users/bc/brendanchambers/2026-06-18-iphone-video-to-splat/data/intermediates/densify_sz0.005_gr0.0001/colmap_sfm_camera_model/sparse/0
[2026-06-21 15:52:46,191][src.colmap_undistorter][INFO] - Images: /Users/bc/brendanchambers/2026-06-18-iphone-video-to-splat/data/intermediates/densify_sz0.005_gr0.0001/colmap_sfm_camera_model/images
[2026-06-21 15:52:46,191][src.colmap_undistorter][INFO] - Output: /Users/bc/brendanchambers/2026-06-18-iphone-video-to-splat/data/intermediates/densify_sz0.005_gr0.0001/colmap_sfm_linearized
[2026-06-21 15:52:46,191][src.colmap_undistorter][INFO] - Running: colmap image_undistorter
[2026-06-21 15:52:46,239][src.colmap_undistorter][INFO] - I20260621 15:52:46.239200 0x1fde420c0 image.cc:368] === Reading reconstruction ===
[2026-06-21 15:52:46,241][src.colmap_undistorter][INFO] - I20260621 15:52:46.241132 0x1fde420c0 image.cc:371] => Reconstruction with 8 images and 2190 points
[2026-06-21 15:52:46,241][src.colmap_undistorter][INFO] - I20260621 15:52:46.241139 0x1fde420c0 undistorters.cc:166] === Image undistortion ===
[2026-06-21 15:52:46,241][src.colmap_undistorter][INFO] - I20260621 15:52:46.241410 0x1fde420c0 undistorters.cc:205] Undistorting image [1/8]
[2026-06-21 15:52:46,844][src.colmap_undistorter][INFO] - I20260621 15:52:46.844353 0x1fde420c0 undistorters.cc:205] Undistorting image [2/8]
[2026-06-21 15:52:46,844][src.colmap_undistorter][INFO] - I20260621 15:52:46.844376 0x1fde420c0 undistorters.cc:205] Undistorting image [3/8]
[2026-06-21 15:52:46,844][src.colmap_undistorter][INFO] - I20260621 15:52:46.844378 0x1fde420c0 undistorters.cc:205] Undistorting image [4/8]
[2026-06-21 15:52:46,844][src.colmap_undistorter][INFO] - I20260621 15:52:46.844393 0x1fde420c0 undistorters.cc:205] Undistorting image [5/8]
[2026-06-21 15:52:46,860][src.colmap_undistorter][INFO] - I20260621 15:52:46.860323 0x1fde420c0 undistorters.cc:205] Undistorting image [6/8]
[2026-06-21 15:52:46,860][src.colmap_undistorter][INFO] - I20260621 15:52:46.860329 0x1fde420c0 undistorters.cc:205] Undistorting image [7/8]
[2026-06-21 15:52:46,860][src.colmap_undistorter][INFO] - I20260621 15:52:46.860331 0x1fde420c0 undistorters.cc:205] Undistorting image [8/8]
[2026-06-21 15:52:46,860][src.colmap_undistorter][INFO] - I20260621 15:52:46.860333 0x1fde420c0 undistorters.cc:213] Writing reconstruction...
[2026-06-21 15:52:46,864][src.colmap_undistorter][INFO] - I20260621 15:52:46.864625 0x1fde420c0 undistorters.cc:218] Writing configuration...
[2026-06-21 15:52:46,864][src.colmap_undistorter][INFO] - I20260621 15:52:46.864727 0x1fde420c0 undistorters.cc:222] Writing scripts...
[2026-06-21 15:52:46,864][src.colmap_undistorter][INFO] - I20260621 15:52:46.864821 0x1fde420c0 timer.cc:90] Elapsed time: 0.010 [minutes]
[2026-06-21 15:52:46,868][src.colmap_undistorter][INFO] - Image undistortion completed successfully
[2026-06-21 15:52:46,868][__main__][INFO] - ✓ Image undistortion completed
[2026-06-21 15:52:46,868][src.timing_recorder][INFO] - [TIMING] ✓ Completed: undistortion (0.68s)
[2026-06-21 15:52:46,868][src.timing_recorder][INFO] - [TIMING] Starting: splat_training
[2026-06-21 15:52:46,868][__main__][INFO] - ============================================================
[2026-06-21 15:52:46,868][__main__][INFO] - STEP 6: OpenSplat Training
[2026-06-21 15:52:46,868][__main__][INFO] - ============================================================
[2026-06-21 15:52:46,870][src.opensplat_trainer][INFO] - Training 3D Gaussian Splat
[2026-06-21 15:52:46,870][src.opensplat_trainer][INFO] - Sparse model: /Users/bc/brendanchambers/2026-06-18-iphone-video-to-splat/data/intermediates/densify_sz0.005_gr0.0001/colmap_sfm_linearized/sparse
[2026-06-21 15:52:46,870][src.opensplat_trainer][INFO] - Images: /Users/bc/brendanchambers/2026-06-18-iphone-video-to-splat/data/intermediates/densify_sz0.005_gr0.0001/colmap_sfm_linearized/images
[2026-06-21 15:52:46,870][src.opensplat_trainer][INFO] - Output PLY: /Users/bc/brendanchambers/2026-06-18-iphone-video-to-splat/data/intermediates/densify_sz0.005_gr0.0001/colmap_sfm_linearized/splats/densify_sz0.005_gr0.0001_20260621_1552.ply
[2026-06-21 15:52:46,870][src.opensplat_trainer][INFO] - Training loss log: /Users/bc/brendanchambers/2026-06-18-iphone-video-to-splat/data/intermediates/densify_sz0.005_gr0.0001/colmap_sfm_linearized/splats/train_20260621_1552.jsonl
[2026-06-21 15:52:46,870][src.opensplat_trainer][INFO] - Validation loss log: /Users/bc/brendanchambers/2026-06-18-iphone-video-to-splat/data/intermediates/densify_sz0.005_gr0.0001/colmap_sfm_linearized/splats/val_20260621_1552.jsonl
[2026-06-21 15:52:46,870][src.opensplat_trainer][INFO] - Running: opensplat
[2026-06-21 15:52:47,007][src.opensplat_trainer][INFO] - Using MPS
[2026-06-21 15:52:47,009][src.opensplat_trainer][INFO] - Reading 2190 points
[2026-06-21 15:52:47,009][src.opensplat_trainer][INFO] - Loading /Users/bc/brendanchambers/2026-06-18-iphone-video-to-splat/data/intermediates/densify_sz0.005_gr0.0001/colmap_sfm_linearized/images/frame_0001.jpg
[2026-06-21 15:52:47,009][src.opensplat_trainer][INFO] - Loading /Users/bc/brendanchambers/2026-06-18-iphone-video-to-splat/data/intermediates/densify_sz0.005_gr0.0001/colmap_sfm_linearized/images/frame_0003.jpg
[2026-06-21 15:52:47,009][src.opensplat_trainer][INFO] - Loading /Users/bc/brendanchambers/2026-06-18-iphone-video-to-splat/data/intermediates/densify_sz0.005_gr0.0001/colmap_sfm_linearized/images/frame_0002.jpg
[2026-06-21 15:52:47,009][src.opensplat_trainer][INFO] - Loading /Users/bc/brendanchambers/2026-06-18-iphone-video-to-splat/data/intermediates/densify_sz0.005_gr0.0001/colmap_sfm_linearized/images/frame_0005.jpg
[2026-06-21 15:52:47,009][src.opensplat_trainer][INFO] - Loading /Users/bc/brendanchambers/2026-06-18-iphone-video-to-splat/data/intermediates/densify_sz0.005_gr0.0001/colmap_sfm_linearized/images/frame_0006.jpg
[2026-06-21 15:52:47,009][src.opensplat_trainer][INFO] - Loading /Users/bc/brendanchambers/2026-06-18-iphone-video-to-splat/data/intermediates/densify_sz0.005_gr0.0001/colmap_sfm_linearized/images/frame_0004.jpg
[2026-06-21 15:52:47,009][src.opensplat_trainer][INFO] - Loading Loading /Users/bc/brendanchambers/2026-06-18-iphone-video-to-splat/data/intermediates/densify_sz0.005_gr0.0001/colmap_sfm_linearized/images/frame_0008.jpg
[2026-06-21 15:52:47,009][src.opensplat_trainer][INFO] - /Users/bc/brendanchambers/2026-06-18-iphone-video-to-splat/data/intermediates/densify_sz0.005_gr0.0001/colmap_sfm_linearized/images/frame_0007.jpg
[2026-06-21 15:52:47,390][src.opensplat_trainer][INFO] - init_gsplat_metal_context: loading '/Users/bc/brendanchambers/2026-06-18-iphone-video-to-splat/opensplat/build/default.metallib'
[2026-06-21 15:52:47,390][src.opensplat_trainer][INFO] - init_gsplat_metal_context: loaded '/Users/bc/brendanchambers/2026-06-18-iphone-video-to-splat/opensplat/build/default.metallib', functions: compute_cov2d_bounds_kernel, project_gaussians_backward_kernel, get_tile_bin_edges_kernel, rasterize_backward_kernel, map_gaussian_to_intersects_kernel, nd_rasterize_backward_kernel, project_gaussians_forward_kernel, compute_sh_backward_kernel, compute_sh_forward_kernel, nd_rasterize_forward_kernel
[2026-06-21 15:52:47,390][src.opensplat_trainer][INFO] - init_gsplat_metal_context: load function nd_rasterize_backward_kernel with label: (null)
[2026-06-21 15:52:47,390][src.opensplat_trainer][INFO] - init_gsplat_metal_context: load function nd_rasterize_forward_kernel with label: (null)
[2026-06-21 15:52:47,390][src.opensplat_trainer][INFO] - init_gsplat_metal_context: load function rasterize_backward_kernel with label: (null)
[2026-06-21 15:52:47,390][src.opensplat_trainer][INFO] - init_gsplat_metal_context: load function project_gaussians_forward_kernel with label: (null)
[2026-06-21 15:52:47,390][src.opensplat_trainer][INFO] - init_gsplat_metal_context: load function project_gaussians_backward_kernel with label: (null)
[2026-06-21 15:52:47,390][src.opensplat_trainer][INFO] - init_gsplat_metal_context: load function compute_sh_forward_kernel with label: (null)
[2026-06-21 15:52:47,390][src.opensplat_trainer][INFO] - init_gsplat_metal_context: load function compute_sh_backward_kernel with label: (null)
[2026-06-21 15:52:47,390][src.opensplat_trainer][INFO] - init_gsplat_metal_context: load function compute_cov2d_bounds_kernel with label: (null)
[2026-06-21 15:52:47,390][src.opensplat_trainer][INFO] - init_gsplat_metal_context: load function map_gaussian_to_intersects_kernel with label: (null)
[2026-06-21 15:52:47,390][src.opensplat_trainer][INFO] - init_gsplat_metal_context: load function get_tile_bin_edges_kernel with label: (null)
[2026-06-21 15:52:47,390][src.opensplat_trainer][INFO] - Step 10: 0.335797 (20%)
[2026-06-21 15:52:47,601][src.opensplat_trainer][INFO] - Step 20: 0.31621 (40%)
[2026-06-21 15:52:47,798][src.opensplat_trainer][INFO] - Step 30: 0.283826 (60%)
[2026-06-21 15:52:48,007][src.opensplat_trainer][INFO] - Step 40: 0.301208 (80%)
[2026-06-21 15:52:48,218][src.opensplat_trainer][INFO] - Step 50: 0.302695 (100%)
[2026-06-21 15:52:48,233][src.opensplat_trainer][INFO] - Wrote /Users/bc/brendanchambers/2026-06-18-iphone-video-to-splat/data/intermediates/densify_sz0.005_gr0.0001/colmap_sfm_linearized/splats/cameras.json
[2026-06-21 15:52:48,240][src.opensplat_trainer][INFO] - Wrote /Users/bc/brendanchambers/2026-06-18-iphone-video-to-splat/data/intermediates/densify_sz0.005_gr0.0001/colmap_sfm_linearized/splats/densify_sz0.005_gr0.0001_20260621_1552.ply
[2026-06-21 15:52:48,253][src.opensplat_trainer][INFO] - /Users/bc/brendanchambers/2026-06-18-iphone-video-to-splat/data/intermediates/densify_sz0.005_gr0.0001/colmap_sfm_linearized/images/frame_0001.jpg validation loss: 0.34494
[2026-06-21 15:52:48,304][src.opensplat_trainer][INFO] - Parsed 5 training loss values to /Users/bc/brendanchambers/2026-06-18-iphone-video-to-splat/data/intermediates/densify_sz0.005_gr0.0001/colmap_sfm_linearized/splats/train_20260621_1552.jsonl
[2026-06-21 15:52:48,304][src.opensplat_trainer][INFO] - Captured validation loss: 0.34494 to /Users/bc/brendanchambers/2026-06-18-iphone-video-to-splat/data/intermediates/densify_sz0.005_gr0.0001/colmap_sfm_linearized/splats/val_20260621_1552.jsonl
[2026-06-21 15:52:48,304][src.opensplat_trainer][INFO] - Training completed successfully
[2026-06-21 15:52:48,304][src.opensplat_trainer][INFO] - Output saved to: /Users/bc/brendanchambers/2026-06-18-iphone-video-to-splat/data/intermediates/densify_sz0.005_gr0.0001/colmap_sfm_linearized/splats/densify_sz0.005_gr0.0001_20260621_1552.ply
[2026-06-21 15:52:48,304][__main__][INFO] - ✓ Splat training completed
[2026-06-21 15:52:48,304][__main__][INFO] - ============================================================
[2026-06-21 15:52:48,304][__main__][INFO] - Analyzing Training Loss
[2026-06-21 15:52:48,304][__main__][INFO] - ============================================================
[2026-06-21 15:52:48,364][src.timing_recorder][INFO] - [TIMING] ✓ Completed: splat_training (1.50s)
[2026-06-21 15:52:48,364][__main__][INFO] - 
[2026-06-21 15:52:48,364][__main__][INFO] - ╔==========================================================╗
[2026-06-21 15:52:48,364][__main__][INFO] - ║                    Pipeline Complete!                    ║
[2026-06-21 15:52:48,364][__main__][INFO] - ╚==========================================================╝
[2026-06-21 15:52:48,365][__main__][INFO] - Output directory: /Users/bc/brendanchambers/2026-06-18-iphone-video-to-splat/data/intermediates/densify_sz0.005_gr0.0001/colmap_sfm_linearized/splats
[2026-06-21 15:52:48,365][__main__][INFO] -   - PLY file: *.ply (3D Gaussian Splat)
[2026-06-21 15:52:48,365][__main__][INFO] -   - Loss log: *.jsonl (Training loss per step)
[2026-06-21 15:52:48,365][__main__][INFO] -   - Timing log: running-time_*.jsonl (Step execution times)
[2026-06-21 15:52:48,365][src.timing_recorder][INFO] - 
[2026-06-21 15:52:48,365][src.timing_recorder][INFO] - ======================================================================
[2026-06-21 15:52:48,365][src.timing_recorder][INFO] - PIPELINE EXECUTION TIMING SUMMARY
[2026-06-21 15:52:48,365][src.timing_recorder][INFO] - ======================================================================
[2026-06-21 15:52:48,365][src.timing_recorder][INFO] - ✓ frame_extraction              0.22s  (  5.3%)
[2026-06-21 15:52:48,365][src.timing_recorder][INFO] - ✓ feature_extraction            0.72s  ( 17.0%)
[2026-06-21 15:52:48,365][src.timing_recorder][INFO] - ✓ feature_matching              0.56s  ( 13.3%)
[2026-06-21 15:52:48,365][src.timing_recorder][INFO] - ✓ sparse_reconstruction         0.52s  ( 12.5%)
[2026-06-21 15:52:48,365][src.timing_recorder][INFO] - ✓ undistortion                  0.68s  ( 16.2%)
[2026-06-21 15:52:48,365][src.timing_recorder][INFO] - ✓ splat_training                1.50s  ( 35.7%)
[2026-06-21 15:52:48,365][src.timing_recorder][INFO] - ----------------------------------------------------------------------
[2026-06-21 15:52:48,365][src.timing_recorder][INFO] - TOTAL                           4.20s  (100.0%)
[2026-06-21 15:52:48,365][src.timing_recorder][INFO] - ======================================================================
[2026-06-21 15:52:48,365][src.timing_recorder][INFO] - 
[2026-06-21 15:52:48,366][src.timing_recorder][INFO] - [TIMING] Saved timing report to: /Users/bc/brendanchambers/2026-06-18-iphone-video-to-splat/data/intermediates/densify_sz0.005_gr0.0001/colmap_sfm_linearized/splats/running-time_20260621_1552.jsonl
