[2026-06-21 14:48:12,872][__main__][INFO] - 
[2026-06-21 14:48:12,872][__main__][INFO] - ╔==========================================================╗
[2026-06-21 14:48:12,872][__main__][INFO] - ║          3D Gaussian Splat Training Pipeline              ║
[2026-06-21 14:48:12,872][__main__][INFO] - ╚==========================================================╝
[2026-06-21 14:48:12,872][__main__][INFO] - Experiment: teensy
[2026-06-21 14:48:12,872][__main__][INFO] - Project dir: /Users/bc/brendanchambers/2026-06-18-iphone-video-to-splat
[2026-06-21 14:48:12,872][__main__][INFO] - 
[2026-06-21 14:48:12,872][__main__][INFO] - ============================================================
[2026-06-21 14:48:12,873][__main__][INFO] - STEP 1: Frame Extraction
[2026-06-21 14:48:12,873][__main__][INFO] - ============================================================
[2026-06-21 14:48:12,873][src.frame_extractor][INFO] - Extracting frames from: /Users/bc/brendanchambers/2026-06-18-iphone-video-to-splat/data/incoming/movies/teensy.mov
[2026-06-21 14:48:12,873][src.frame_extractor][INFO] - Output directory: /Users/bc/brendanchambers/2026-06-18-iphone-video-to-splat/data/intermediates/teensy/colmap_sfm_camera_model/images
[2026-06-21 14:48:12,873][src.frame_extractor][INFO] - Extracting frames at 2 fps
[2026-06-21 14:48:12,873][src.frame_extractor][INFO] - Running command: ffmpeg -i /Users/bc/brendanchambers/2026-06-18-iphone-video-to-splat/data/incoming/movies/teensy.mov -vf fps=2 -q:v 5 /Users/bc/brendanchambers/2026-06-18-iphone-video-to-splat/data/intermediates/teensy/colmap_sfm_camera_model/images/frame_%04d.jpg
[2026-06-21 14:48:12,886][src.frame_extractor][INFO] - ffmpeg version 8.1.2 Copyright (c) 2000-2026 the FFmpeg developers
[2026-06-21 14:48:12,886][src.frame_extractor][INFO] -   built with Apple clang version 17.0.0 (clang-1700.6.4.2)
[2026-06-21 14:48:12,886][src.frame_extractor][INFO] -   configuration: --prefix=/opt/homebrew/Cellar/ffmpeg/8.1.2 --enable-shared --enable-pthreads --enable-version3 --cc=clang --host-cflags= --host-ldflags= --enable-ffplay --enable-gpl --enable-libsvtav1 --enable-libopus --enable-libx264 --enable-libmp3lame --enable-libdav1d --enable-libvmaf --enable-libvpx --enable-libx265 --enable-openssl --enable-videotoolbox --enable-audiotoolbox --enable-neon
[2026-06-21 14:48:12,886][src.frame_extractor][INFO] -   libavutil      60. 26.102 / 60. 26.102
[2026-06-21 14:48:12,886][src.frame_extractor][INFO] -   libavcodec     62. 28.102 / 62. 28.102
[2026-06-21 14:48:12,886][src.frame_extractor][INFO] -   libavformat    62. 12.102 / 62. 12.102
[2026-06-21 14:48:12,886][src.frame_extractor][INFO] -   libavdevice    62.  3.102 / 62.  3.102
[2026-06-21 14:48:12,886][src.frame_extractor][INFO] -   libavfilter    11. 14.102 / 11. 14.102
[2026-06-21 14:48:12,886][src.frame_extractor][INFO] -   libswscale      9.  5.102 /  9.  5.102
[2026-06-21 14:48:12,887][src.frame_extractor][INFO] -   libswresample   6.  3.102 /  6.  3.102
[2026-06-21 14:48:12,900][src.frame_extractor][INFO] - Input #0, mov,mp4,m4a,3gp,3g2,mj2, from '/Users/bc/brendanchambers/2026-06-18-iphone-video-to-splat/data/incoming/movies/teensy.mov':
[2026-06-21 14:48:12,901][src.frame_extractor][INFO] -   Metadata:
[2026-06-21 14:48:12,901][src.frame_extractor][INFO] -     major_brand     : qt
[2026-06-21 14:48:12,901][src.frame_extractor][INFO] -     minor_version   : 512
[2026-06-21 14:48:12,901][src.frame_extractor][INFO] -     compatible_brands: qt
[2026-06-21 14:48:12,901][src.frame_extractor][INFO] -     encoder         : Lavf62.12.102
[2026-06-21 14:48:12,901][src.frame_extractor][INFO] -   Duration: 00:00:04.01, start: 0.000000, bitrate: 19786 kb/s
[2026-06-21 14:48:12,901][src.frame_extractor][INFO] -   Stream #0:0[0x1]: Video: h264 (High) (avc1 / 0x31637661), yuv420p(tv, bt709, progressive), 1080x1920, 19646 kb/s, 29.67 fps, 29.67 tbr, 11392 tbn (default)
[2026-06-21 14:48:12,901][src.frame_extractor][INFO] -     Metadata:
[2026-06-21 14:48:12,901][src.frame_extractor][INFO] -       handler_name    : Core Media Video
[2026-06-21 14:48:12,901][src.frame_extractor][INFO] -       vendor_id       : FFMP
[2026-06-21 14:48:12,901][src.frame_extractor][INFO] -       encoder         : Lavc62.28.102 libx264
[2026-06-21 14:48:12,901][src.frame_extractor][INFO] -   Stream #0:1[0x2]: Audio: aac (LC) (mp4a / 0x6134706D), 48000 Hz, stereo, fltp, 128 kb/s (default)
[2026-06-21 14:48:12,901][src.frame_extractor][INFO] -     Metadata:
[2026-06-21 14:48:12,901][src.frame_extractor][INFO] -       handler_name    : Core Media Audio
[2026-06-21 14:48:12,901][src.frame_extractor][INFO] -       vendor_id       : [0][0][0][0]
[2026-06-21 14:48:12,901][src.frame_extractor][INFO] - Stream mapping:
[2026-06-21 14:48:12,901][src.frame_extractor][INFO] -   Stream #0:0 -> #0:0 (h264 (native) -> mjpeg (native))
[2026-06-21 14:48:12,901][src.frame_extractor][INFO] - Press [q] to stop, [?] for help
[2026-06-21 14:48:12,949][src.frame_extractor][INFO] - Output #0, image2, to '/Users/bc/brendanchambers/2026-06-18-iphone-video-to-splat/data/intermediates/teensy/colmap_sfm_camera_model/images/frame_%04d.jpg':
[2026-06-21 14:48:12,949][src.frame_extractor][INFO] -   Metadata:
[2026-06-21 14:48:12,949][src.frame_extractor][INFO] -     major_brand     : qt
[2026-06-21 14:48:12,949][src.frame_extractor][INFO] -     minor_version   : 512
[2026-06-21 14:48:12,949][src.frame_extractor][INFO] -     compatible_brands: qt
[2026-06-21 14:48:12,949][src.frame_extractor][INFO] -     encoder         : Lavf62.12.102
[2026-06-21 14:48:12,949][src.frame_extractor][INFO] -   Stream #0:0: Video: mjpeg, yuv420p(pc, bt709, progressive), 1080x1920, q=2-31, 200 kb/s, 2 fps, 2 tbn (default)
[2026-06-21 14:48:12,949][src.frame_extractor][INFO] -     Metadata:
[2026-06-21 14:48:12,950][src.frame_extractor][INFO] -       encoder         : Lavc62.28.102 mjpeg
[2026-06-21 14:48:12,950][src.frame_extractor][INFO] -       handler_name    : Core Media Video
[2026-06-21 14:48:12,950][src.frame_extractor][INFO] -       vendor_id       : FFMP
[2026-06-21 14:48:12,950][src.frame_extractor][INFO] -     Side data:
[2026-06-21 14:48:12,950][src.frame_extractor][INFO] -       CPB properties: bitrate max/min/avg: 0/0/200000 buffer size: 0 vbv_delay: N/A
[2026-06-21 14:48:13,087][src.frame_extractor][INFO] - [out#0/image2 @ 0x600000e48600] video:3120KiB audio:0KiB subtitle:0KiB other streams:0KiB global headers:0KiB muxing overhead: unknown
[2026-06-21 14:48:13,087][src.frame_extractor][INFO] - frame=    8 fps=0.0 q=5.0 Lsize=N/A time=00:00:04.00 bitrate=N/A speed=21.5x elapsed=0:00:00.18
[2026-06-21 14:48:13,091][src.frame_extractor][INFO] - Successfully extracted 8 frames
[2026-06-21 14:48:13,091][__main__][INFO] - ✓ Frame extraction completed
[2026-06-21 14:48:13,091][__main__][INFO] - ============================================================
[2026-06-21 14:48:13,091][__main__][INFO] - STEP 2: Feature Extraction
[2026-06-21 14:48:13,091][__main__][INFO] - ============================================================
[2026-06-21 14:48:13,092][src.colmap_feature_extractor][INFO] - Extracting features from images: /Users/bc/brendanchambers/2026-06-18-iphone-video-to-splat/data/intermediates/teensy/colmap_sfm_camera_model/images
[2026-06-21 14:48:13,092][src.colmap_feature_extractor][INFO] - Database: /Users/bc/brendanchambers/2026-06-18-iphone-video-to-splat/data/intermediates/teensy/colmap_sfm_camera_model/database.db
[2026-06-21 14:48:13,092][src.colmap_feature_extractor][INFO] - Running: colmap feature_extractor
[2026-06-21 14:48:13,248][src.colmap_feature_extractor][INFO] - I20260621 14:48:13.247730 0x16fd7b000 feature_extraction.cc:504] === Feature extraction ===
[2026-06-21 14:48:13,261][src.colmap_feature_extractor][INFO] - I20260621 14:48:13.261595 0x17037f000 sift.cc:757] Creating SIFT GPU feature extractor
[2026-06-21 14:48:13,299][src.colmap_feature_extractor][INFO] - I20260621 14:48:13.299209 0x17040b000 feature_extraction.cc:282] Processed file [1/8]
[2026-06-21 14:48:13,299][src.colmap_feature_extractor][INFO] - I20260621 14:48:13.299223 0x17040b000 feature_extraction.cc:285]   Name:            frame_0001.jpg
[2026-06-21 14:48:13,299][src.colmap_feature_extractor][INFO] - W20260621 14:48:13.299226 0x17040b000 feature_extraction.cc:289] frame_0001.jpg IMAGE_EXISTS: Features for image were already extracted.
[2026-06-21 14:48:13,299][src.colmap_feature_extractor][INFO] - I20260621 14:48:13.299494 0x17040b000 feature_extraction.cc:282] Processed file [2/8]
[2026-06-21 14:48:13,299][src.colmap_feature_extractor][INFO] - I20260621 14:48:13.299502 0x17040b000 feature_extraction.cc:285]   Name:            frame_0002.jpg
[2026-06-21 14:48:13,299][src.colmap_feature_extractor][INFO] - W20260621 14:48:13.299507 0x17040b000 feature_extraction.cc:289] frame_0002.jpg IMAGE_EXISTS: Features for image were already extracted.
[2026-06-21 14:48:13,299][src.colmap_feature_extractor][INFO] - I20260621 14:48:13.299518 0x17040b000 feature_extraction.cc:282] Processed file [3/8]
[2026-06-21 14:48:13,299][src.colmap_feature_extractor][INFO] - I20260621 14:48:13.299520 0x17040b000 feature_extraction.cc:285]   Name:            frame_0003.jpg
[2026-06-21 14:48:13,299][src.colmap_feature_extractor][INFO] - W20260621 14:48:13.299522 0x17040b000 feature_extraction.cc:289] frame_0003.jpg IMAGE_EXISTS: Features for image were already extracted.
[2026-06-21 14:48:13,299][src.colmap_feature_extractor][INFO] - I20260621 14:48:13.299529 0x17040b000 feature_extraction.cc:282] Processed file [4/8]
[2026-06-21 14:48:13,299][src.colmap_feature_extractor][INFO] - I20260621 14:48:13.299531 0x17040b000 feature_extraction.cc:285]   Name:            frame_0004.jpg
[2026-06-21 14:48:13,299][src.colmap_feature_extractor][INFO] - W20260621 14:48:13.299532 0x17040b000 feature_extraction.cc:289] frame_0004.jpg IMAGE_EXISTS: Features for image were already extracted.
[2026-06-21 14:48:13,299][src.colmap_feature_extractor][INFO] - I20260621 14:48:13.299556 0x17040b000 feature_extraction.cc:282] Processed file [5/8]
[2026-06-21 14:48:13,299][src.colmap_feature_extractor][INFO] - I20260621 14:48:13.299586 0x17040b000 feature_extraction.cc:285]   Name:            frame_0005.jpg
[2026-06-21 14:48:13,299][src.colmap_feature_extractor][INFO] - W20260621 14:48:13.299588 0x17040b000 feature_extraction.cc:289] frame_0005.jpg IMAGE_EXISTS: Features for image were already extracted.
[2026-06-21 14:48:13,299][src.colmap_feature_extractor][INFO] - I20260621 14:48:13.299593 0x17040b000 feature_extraction.cc:282] Processed file [6/8]
[2026-06-21 14:48:13,299][src.colmap_feature_extractor][INFO] - I20260621 14:48:13.299595 0x17040b000 feature_extraction.cc:285]   Name:            frame_0006.jpg
[2026-06-21 14:48:13,299][src.colmap_feature_extractor][INFO] - W20260621 14:48:13.299596 0x17040b000 feature_extraction.cc:289] frame_0006.jpg IMAGE_EXISTS: Features for image were already extracted.
[2026-06-21 14:48:13,299][src.colmap_feature_extractor][INFO] - I20260621 14:48:13.299601 0x17040b000 feature_extraction.cc:282] Processed file [7/8]
[2026-06-21 14:48:13,299][src.colmap_feature_extractor][INFO] - I20260621 14:48:13.299603 0x17040b000 feature_extraction.cc:285]   Name:            frame_0007.jpg
[2026-06-21 14:48:13,299][src.colmap_feature_extractor][INFO] - W20260621 14:48:13.299604 0x17040b000 feature_extraction.cc:289] frame_0007.jpg IMAGE_EXISTS: Features for image were already extracted.
[2026-06-21 14:48:13,299][src.colmap_feature_extractor][INFO] - I20260621 14:48:13.299608 0x17040b000 feature_extraction.cc:282] Processed file [8/8]
[2026-06-21 14:48:13,299][src.colmap_feature_extractor][INFO] - I20260621 14:48:13.299610 0x17040b000 feature_extraction.cc:285]   Name:            frame_0008.jpg
[2026-06-21 14:48:13,299][src.colmap_feature_extractor][INFO] - W20260621 14:48:13.299611 0x17040b000 feature_extraction.cc:289] frame_0008.jpg IMAGE_EXISTS: Features for image were already extracted.
[2026-06-21 14:48:13,299][src.colmap_feature_extractor][INFO] - I20260621 14:48:13.299707 0x16fd7b000 timer.cc:90] Elapsed time: 0.001 [minutes]
[2026-06-21 14:48:13,304][src.colmap_feature_extractor][INFO] - Feature extraction completed successfully
[2026-06-21 14:48:13,304][__main__][INFO] - ✓ Feature extraction completed
[2026-06-21 14:48:13,304][__main__][INFO] - ============================================================
[2026-06-21 14:48:13,304][__main__][INFO] - STEP 3: Feature Matching
[2026-06-21 14:48:13,304][__main__][INFO] - ============================================================
[2026-06-21 14:48:13,305][src.colmap_feature_matcher][INFO] - Matching features in database: /Users/bc/brendanchambers/2026-06-18-iphone-video-to-splat/data/intermediates/teensy/colmap_sfm_camera_model/database.db
[2026-06-21 14:48:13,305][src.colmap_feature_matcher][INFO] - Running: colmap sequential_matcher
[2026-06-21 14:48:13,459][src.colmap_feature_matcher][INFO] - I20260621 14:48:13.459107 0x16b043000 feature_matching.cc:195] === Feature matching & geometric verification ===
[2026-06-21 14:48:13,475][src.colmap_feature_matcher][INFO] - I20260621 14:48:13.475064 0x16b0cf000 sift.cc:1559] Creating SIFT GPU feature matcher
[2026-06-21 14:48:13,498][src.colmap_feature_matcher][INFO] - I20260621 14:48:13.497979 0x16b043000 pairing.cc:415] Generating sequential image pairs...
[2026-06-21 14:48:13,498][src.colmap_feature_matcher][INFO] - I20260621 14:48:13.498060 0x16b043000 pairing.cc:473] Processing image [1/8]
[2026-06-21 14:48:13,498][src.colmap_feature_matcher][INFO] - I20260621 14:48:13.498083 0x16b043000 feature_matching.cc:217] in 0.000s
[2026-06-21 14:48:13,498][src.colmap_feature_matcher][INFO] - I20260621 14:48:13.498086 0x16b043000 pairing.cc:473] Processing image [2/8]
[2026-06-21 14:48:13,498][src.colmap_feature_matcher][INFO] - I20260621 14:48:13.498101 0x16b043000 feature_matching.cc:217] in 0.000s
[2026-06-21 14:48:13,498][src.colmap_feature_matcher][INFO] - I20260621 14:48:13.498103 0x16b043000 pairing.cc:473] Processing image [3/8]
[2026-06-21 14:48:13,498][src.colmap_feature_matcher][INFO] - I20260621 14:48:13.498116 0x16b043000 feature_matching.cc:217] in 0.000s
[2026-06-21 14:48:13,498][src.colmap_feature_matcher][INFO] - I20260621 14:48:13.498118 0x16b043000 pairing.cc:473] Processing image [4/8]
[2026-06-21 14:48:13,498][src.colmap_feature_matcher][INFO] - I20260621 14:48:13.498132 0x16b043000 feature_matching.cc:217] in 0.000s
[2026-06-21 14:48:13,498][src.colmap_feature_matcher][INFO] - I20260621 14:48:13.498133 0x16b043000 pairing.cc:473] Processing image [5/8]
[2026-06-21 14:48:13,498][src.colmap_feature_matcher][INFO] - I20260621 14:48:13.498144 0x16b043000 feature_matching.cc:217] in 0.000s
[2026-06-21 14:48:13,498][src.colmap_feature_matcher][INFO] - I20260621 14:48:13.498145 0x16b043000 pairing.cc:473] Processing image [6/8]
[2026-06-21 14:48:13,498][src.colmap_feature_matcher][INFO] - I20260621 14:48:13.498159 0x16b043000 feature_matching.cc:217] in 0.000s
[2026-06-21 14:48:13,498][src.colmap_feature_matcher][INFO] - I20260621 14:48:13.498161 0x16b043000 pairing.cc:473] Processing image [7/8]
[2026-06-21 14:48:13,498][src.colmap_feature_matcher][INFO] - I20260621 14:48:13.498168 0x16b043000 feature_matching.cc:217] in 0.000s
[2026-06-21 14:48:13,498][src.colmap_feature_matcher][INFO] - I20260621 14:48:13.498169 0x16b043000 pairing.cc:473] Processing image [8/8]
[2026-06-21 14:48:13,498][src.colmap_feature_matcher][INFO] - I20260621 14:48:13.498171 0x16b043000 feature_matching.cc:217] in 0.000s
[2026-06-21 14:48:13,498][src.colmap_feature_matcher][INFO] - I20260621 14:48:13.498172 0x16b043000 timer.cc:90] Elapsed time: 0.001 [minutes]
[2026-06-21 14:48:13,502][src.colmap_feature_matcher][INFO] - Feature matching completed successfully
[2026-06-21 14:48:13,502][__main__][INFO] - ✓ Feature matching completed
[2026-06-21 14:48:13,502][__main__][INFO] - ============================================================
[2026-06-21 14:48:13,502][__main__][INFO] - STEP 4: Sparse Reconstruction
[2026-06-21 14:48:13,502][__main__][INFO] - ============================================================
[2026-06-21 14:48:13,503][src.colmap_mapper][INFO] - Performing sparse reconstruction
[2026-06-21 14:48:13,503][src.colmap_mapper][INFO] - Database: /Users/bc/brendanchambers/2026-06-18-iphone-video-to-splat/data/intermediates/teensy/colmap_sfm_camera_model/database.db
[2026-06-21 14:48:13,503][src.colmap_mapper][INFO] - Images: /Users/bc/brendanchambers/2026-06-18-iphone-video-to-splat/data/intermediates/teensy/colmap_sfm_camera_model/images
[2026-06-21 14:48:13,503][src.colmap_mapper][INFO] - Output: /Users/bc/brendanchambers/2026-06-18-iphone-video-to-splat/data/intermediates/teensy/colmap_sfm_camera_model/sparse
[2026-06-21 14:48:13,504][src.colmap_mapper][INFO] - Running: colmap mapper
[2026-06-21 14:48:13,549][src.colmap_mapper][INFO] - I20260621 14:48:13.549003 0x1fde420c0 incremental_pipeline.cc:278] Loading database
[2026-06-21 14:48:13,549][src.colmap_mapper][INFO] - I20260621 14:48:13.549289 0x1fde420c0 database_cache.cc:72] Loading rigs...
[2026-06-21 14:48:13,549][src.colmap_mapper][INFO] - I20260621 14:48:13.549309 0x1fde420c0 database_cache.cc:82]  1 in 0.000s
[2026-06-21 14:48:13,549][src.colmap_mapper][INFO] - I20260621 14:48:13.549313 0x1fde420c0 database_cache.cc:90] Loading cameras...
[2026-06-21 14:48:13,549][src.colmap_mapper][INFO] - I20260621 14:48:13.549322 0x1fde420c0 database_cache.cc:108]  1 in 0.000s
[2026-06-21 14:48:13,549][src.colmap_mapper][INFO] - I20260621 14:48:13.549324 0x1fde420c0 database_cache.cc:116] Loading frames...
[2026-06-21 14:48:13,549][src.colmap_mapper][INFO] - I20260621 14:48:13.549343 0x1fde420c0 database_cache.cc:126]  8 in 0.000s
[2026-06-21 14:48:13,549][src.colmap_mapper][INFO] - I20260621 14:48:13.549345 0x1fde420c0 database_cache.cc:134] Loading matches...
[2026-06-21 14:48:13,549][src.colmap_mapper][INFO] - I20260621 14:48:13.549407 0x1fde420c0 database_cache.cc:139]  17 in 0.000s
[2026-06-21 14:48:13,549][src.colmap_mapper][INFO] - I20260621 14:48:13.549409 0x1fde420c0 database_cache.cc:147] Loading images...
[2026-06-21 14:48:13,549][src.colmap_mapper][INFO] - I20260621 14:48:13.549955 0x1fde420c0 database_cache.cc:241]  8 in 0.001s (connected 8, loaded 8)
[2026-06-21 14:48:13,549][src.colmap_mapper][INFO] - I20260621 14:48:13.549959 0x1fde420c0 database_cache.cc:255] Loading pose priors...
[2026-06-21 14:48:13,550][src.colmap_mapper][INFO] - I20260621 14:48:13.549965 0x1fde420c0 database_cache.cc:263]  0 in 0.000s
[2026-06-21 14:48:13,550][src.colmap_mapper][INFO] - I20260621 14:48:13.549967 0x1fde420c0 database_cache.cc:271] Building correspondence graph...
[2026-06-21 14:48:13,550][src.colmap_mapper][INFO] - I20260621 14:48:13.550759 0x1fde420c0 database_cache.cc:300]  in 0.001s (ignored 0)
[2026-06-21 14:48:13,550][src.colmap_mapper][INFO] - I20260621 14:48:13.550762 0x1fde420c0 timer.cc:90] Elapsed time: 0.000 [minutes]
[2026-06-21 14:48:13,550][src.colmap_mapper][INFO] - I20260621 14:48:13.550853 0x1fde420c0 incremental_pipeline.cc:390] Finding good initial image pair
[2026-06-21 14:48:13,560][src.colmap_mapper][INFO] - I20260621 14:48:13.560672 0x1fde420c0 incremental_pipeline.cc:414] Registering initial image pair #4 and #2
[2026-06-21 14:48:13,561][src.colmap_mapper][INFO] - I20260621 14:48:13.561303 0x1fde420c0 incremental_pipeline.cc:432] Global bundle adjustment
[2026-06-21 14:48:13,581][src.colmap_mapper][INFO] - I20260621 14:48:13.581797 0x1fde420c0 incremental_pipeline.cc:537] Registering image #3 (num_reg_frames=2)
[2026-06-21 14:48:13,581][src.colmap_mapper][INFO] - I20260621 14:48:13.581802 0x1fde420c0 incremental_pipeline.cc:540] => Image sees 121 / 1892 points
[2026-06-21 14:48:13,628][src.colmap_mapper][INFO] - I20260621 14:48:13.628947 0x1fde420c0 incremental_pipeline.cc:79] Retriangulation and Global bundle adjustment
[2026-06-21 14:48:13,643][src.colmap_mapper][INFO] - I20260621 14:48:13.643831 0x1fde420c0 incremental_pipeline.cc:537] Registering image #6 (num_reg_frames=3)
[2026-06-21 14:48:13,643][src.colmap_mapper][INFO] - I20260621 14:48:13.643836 0x1fde420c0 incremental_pipeline.cc:540] => Image sees 495 / 2128 points
[2026-06-21 14:48:13,699][src.colmap_mapper][INFO] - I20260621 14:48:13.699182 0x1fde420c0 incremental_pipeline.cc:79] Retriangulation and Global bundle adjustment
[2026-06-21 14:48:13,721][src.colmap_mapper][INFO] - I20260621 14:48:13.721207 0x1fde420c0 incremental_pipeline.cc:537] Registering image #5 (num_reg_frames=4)
[2026-06-21 14:48:13,721][src.colmap_mapper][INFO] - I20260621 14:48:13.721212 0x1fde420c0 incremental_pipeline.cc:540] => Image sees 1052 / 2461 points
[2026-06-21 14:48:13,769][src.colmap_mapper][INFO] - I20260621 14:48:13.769028 0x1fde420c0 incremental_pipeline.cc:79] Retriangulation and Global bundle adjustment
[2026-06-21 14:48:13,785][src.colmap_mapper][INFO] - I20260621 14:48:13.785459 0x1fde420c0 incremental_pipeline.cc:537] Registering image #1 (num_reg_frames=5)
[2026-06-21 14:48:13,785][src.colmap_mapper][INFO] - I20260621 14:48:13.785464 0x1fde420c0 incremental_pipeline.cc:540] => Image sees 536 / 1825 points
[2026-06-21 14:48:13,831][src.colmap_mapper][INFO] - I20260621 14:48:13.831614 0x1fde420c0 incremental_pipeline.cc:79] Retriangulation and Global bundle adjustment
[2026-06-21 14:48:13,860][src.colmap_mapper][INFO] - I20260621 14:48:13.860081 0x1fde420c0 incremental_pipeline.cc:537] Registering image #7 (num_reg_frames=6)
[2026-06-21 14:48:13,860][src.colmap_mapper][INFO] - I20260621 14:48:13.860091 0x1fde420c0 incremental_pipeline.cc:540] => Image sees 436 / 1676 points
[2026-06-21 14:48:13,895][src.colmap_mapper][INFO] - I20260621 14:48:13.895660 0x1fde420c0 incremental_pipeline.cc:79] Retriangulation and Global bundle adjustment
[2026-06-21 14:48:13,930][src.colmap_mapper][INFO] - I20260621 14:48:13.930506 0x1fde420c0 incremental_pipeline.cc:537] Registering image #8 (num_reg_frames=7)
[2026-06-21 14:48:13,930][src.colmap_mapper][INFO] - I20260621 14:48:13.930516 0x1fde420c0 incremental_pipeline.cc:540] => Image sees 480 / 1376 points
[2026-06-21 14:48:13,962][src.colmap_mapper][INFO] - I20260621 14:48:13.962693 0x1fde420c0 incremental_pipeline.cc:79] Retriangulation and Global bundle adjustment
[2026-06-21 14:48:13,997][src.colmap_mapper][INFO] - I20260621 14:48:13.997854 0x1fde420c0 incremental_pipeline.cc:79] Retriangulation and Global bundle adjustment
[2026-06-21 14:48:14,006][src.colmap_mapper][INFO] - I20260621 14:48:14.006546 0x1fde420c0 incremental_pipeline.cc:723] Keeping successful reconstruction
[2026-06-21 14:48:14,008][src.colmap_mapper][INFO] - I20260621 14:48:14.008331 0x1fde420c0 timer.cc:90] Elapsed time: 0.008 [minutes]
[2026-06-21 14:48:14,011][src.colmap_mapper][INFO] - Sparse reconstruction completed successfully
[2026-06-21 14:48:14,011][__main__][INFO] - ✓ Sparse reconstruction completed
[2026-06-21 14:48:14,011][__main__][INFO] - ============================================================
[2026-06-21 14:48:14,011][__main__][INFO] - STEP 5: Image Undistortion
[2026-06-21 14:48:14,011][__main__][INFO] - ============================================================
[2026-06-21 14:48:14,012][src.colmap_undistorter][INFO] - Undistorting images
[2026-06-21 14:48:14,012][src.colmap_undistorter][INFO] - Input model: /Users/bc/brendanchambers/2026-06-18-iphone-video-to-splat/data/intermediates/teensy/colmap_sfm_camera_model/sparse/0
[2026-06-21 14:48:14,012][src.colmap_undistorter][INFO] - Images: /Users/bc/brendanchambers/2026-06-18-iphone-video-to-splat/data/intermediates/teensy/colmap_sfm_camera_model/images
[2026-06-21 14:48:14,012][src.colmap_undistorter][INFO] - Output: /Users/bc/brendanchambers/2026-06-18-iphone-video-to-splat/data/intermediates/teensy/colmap_sfm_linearized
[2026-06-21 14:48:14,013][src.colmap_undistorter][INFO] - Running: colmap image_undistorter
[2026-06-21 14:48:14,057][src.colmap_undistorter][INFO] - I20260621 14:48:14.056956 0x1fde420c0 image.cc:368] === Reading reconstruction ===
[2026-06-21 14:48:14,058][src.colmap_undistorter][INFO] - I20260621 14:48:14.058939 0x1fde420c0 image.cc:371] => Reconstruction with 8 images and 2190 points
[2026-06-21 14:48:14,058][src.colmap_undistorter][INFO] - I20260621 14:48:14.058946 0x1fde420c0 undistorters.cc:166] === Image undistortion ===
[2026-06-21 14:48:14,059][src.colmap_undistorter][INFO] - I20260621 14:48:14.059065 0x1fde420c0 undistorters.cc:205] Undistorting image [1/8]
[2026-06-21 14:48:14,636][src.colmap_undistorter][INFO] - I20260621 14:48:14.636347 0x1fde420c0 undistorters.cc:205] Undistorting image [2/8]
[2026-06-21 14:48:14,636][src.colmap_undistorter][INFO] - I20260621 14:48:14.636362 0x1fde420c0 undistorters.cc:205] Undistorting image [3/8]
[2026-06-21 14:48:14,675][src.colmap_undistorter][INFO] - I20260621 14:48:14.675256 0x1fde420c0 undistorters.cc:205] Undistorting image [4/8]
[2026-06-21 14:48:14,675][src.colmap_undistorter][INFO] - I20260621 14:48:14.675272 0x1fde420c0 undistorters.cc:205] Undistorting image [5/8]
[2026-06-21 14:48:14,675][src.colmap_undistorter][INFO] - I20260621 14:48:14.675274 0x1fde420c0 undistorters.cc:205] Undistorting image [6/8]
[2026-06-21 14:48:14,675][src.colmap_undistorter][INFO] - I20260621 14:48:14.675275 0x1fde420c0 undistorters.cc:205] Undistorting image [7/8]
[2026-06-21 14:48:14,675][src.colmap_undistorter][INFO] - I20260621 14:48:14.675277 0x1fde420c0 undistorters.cc:205] Undistorting image [8/8]
[2026-06-21 14:48:14,675][src.colmap_undistorter][INFO] - I20260621 14:48:14.675278 0x1fde420c0 undistorters.cc:213] Writing reconstruction...
[2026-06-21 14:48:14,679][src.colmap_undistorter][INFO] - I20260621 14:48:14.679707 0x1fde420c0 undistorters.cc:218] Writing configuration...
[2026-06-21 14:48:14,679][src.colmap_undistorter][INFO] - I20260621 14:48:14.679788 0x1fde420c0 undistorters.cc:222] Writing scripts...
[2026-06-21 14:48:14,679][src.colmap_undistorter][INFO] - I20260621 14:48:14.679868 0x1fde420c0 timer.cc:90] Elapsed time: 0.010 [minutes]
[2026-06-21 14:48:14,683][src.colmap_undistorter][INFO] - Image undistortion completed successfully
[2026-06-21 14:48:14,683][__main__][INFO] - ✓ Image undistortion completed
[2026-06-21 14:48:14,683][__main__][INFO] - ============================================================
[2026-06-21 14:48:14,683][__main__][INFO] - STEP 6: OpenSplat Training
[2026-06-21 14:48:14,683][__main__][INFO] - ============================================================
[2026-06-21 14:48:14,684][src.opensplat_trainer][INFO] - Training 3D Gaussian Splat
[2026-06-21 14:48:14,684][src.opensplat_trainer][INFO] - Sparse model: /Users/bc/brendanchambers/2026-06-18-iphone-video-to-splat/data/intermediates/teensy/colmap_sfm_linearized/sparse
[2026-06-21 14:48:14,684][src.opensplat_trainer][INFO] - Images: /Users/bc/brendanchambers/2026-06-18-iphone-video-to-splat/data/intermediates/teensy/colmap_sfm_linearized/images
[2026-06-21 14:48:14,684][src.opensplat_trainer][INFO] - Output PLY: /Users/bc/brendanchambers/2026-06-18-iphone-video-to-splat/data/intermediates/teensy/colmap_sfm_linearized/splats/teensy_20260621_1448.ply
[2026-06-21 14:48:14,684][src.opensplat_trainer][INFO] - Training loss log: /Users/bc/brendanchambers/2026-06-18-iphone-video-to-splat/data/intermediates/teensy/colmap_sfm_linearized/splats/training-metrics_20260621_1448.jsonl
[2026-06-21 14:48:14,685][src.opensplat_trainer][INFO] - Validation loss log: /Users/bc/brendanchambers/2026-06-18-iphone-video-to-splat/data/intermediates/teensy/colmap_sfm_linearized/splats/val_20260621_1448.jsonl
[2026-06-21 14:48:14,685][src.opensplat_trainer][INFO] - Running: opensplat
[2026-06-21 14:48:14,823][src.opensplat_trainer][INFO] - Using MPS
[2026-06-21 14:48:14,825][src.opensplat_trainer][INFO] - Reading 2190 points
[2026-06-21 14:48:14,826][src.opensplat_trainer][INFO] - Loading /Users/bc/brendanchambers/2026-06-18-iphone-video-to-splat/data/intermediates/teensy/colmap_sfm_linearized/images/frame_0001.jpg
[2026-06-21 14:48:14,826][src.opensplat_trainer][INFO] - Loading /Users/bc/brendanchambers/2026-06-18-iphone-video-to-splat/data/intermediates/teensy/colmap_sfm_linearized/images/frame_0002.jpgLoading /Users/bc/brendanchambers/2026-06-18-iphone-video-to-splat/data/intermediates/teensy/colmap_sfm_linearized/images/frame_0004.jpg
[2026-06-21 14:48:14,826][src.opensplat_trainer][INFO] - Loading /Users/bc/brendanchambers/2026-06-18-iphone-video-to-splat/data/intermediates/teensy/colmap_sfm_linearized/images/frame_0003.jpg
[2026-06-21 14:48:14,826][src.opensplat_trainer][INFO] - Loading /Users/bc/brendanchambers/2026-06-18-iphone-video-to-splat/data/intermediates/teensy/colmap_sfm_linearized/images/frame_0005.jpg
[2026-06-21 14:48:14,826][src.opensplat_trainer][INFO] - 
[2026-06-21 14:48:14,826][src.opensplat_trainer][INFO] - Loading /Users/bc/brendanchambers/2026-06-18-iphone-video-to-splat/data/intermediates/teensy/colmap_sfm_linearized/images/frame_0006.jpgLoading /Users/bc/brendanchambers/2026-06-18-iphone-video-to-splat/data/intermediates/teensy/colmap_sfm_linearized/images/frame_0007.jpg
[2026-06-21 14:48:14,826][src.opensplat_trainer][INFO] - Loading /Users/bc/brendanchambers/2026-06-18-iphone-video-to-splat/data/intermediates/teensy/colmap_sfm_linearized/images/frame_0008.jpg
[2026-06-21 14:48:14,826][src.opensplat_trainer][INFO] - 
[2026-06-21 14:48:15,200][src.opensplat_trainer][INFO] - init_gsplat_metal_context: loading '/Users/bc/brendanchambers/2026-06-18-iphone-video-to-splat/opensplat/build/default.metallib'
[2026-06-21 14:48:15,200][src.opensplat_trainer][INFO] - init_gsplat_metal_context: loaded '/Users/bc/brendanchambers/2026-06-18-iphone-video-to-splat/opensplat/build/default.metallib', functions: compute_cov2d_bounds_kernel, project_gaussians_backward_kernel, get_tile_bin_edges_kernel, rasterize_backward_kernel, map_gaussian_to_intersects_kernel, nd_rasterize_backward_kernel, project_gaussians_forward_kernel, compute_sh_backward_kernel, compute_sh_forward_kernel, nd_rasterize_forward_kernel
[2026-06-21 14:48:15,200][src.opensplat_trainer][INFO] - init_gsplat_metal_context: load function nd_rasterize_backward_kernel with label: (null)
[2026-06-21 14:48:15,200][src.opensplat_trainer][INFO] - init_gsplat_metal_context: load function nd_rasterize_forward_kernel with label: (null)
[2026-06-21 14:48:15,200][src.opensplat_trainer][INFO] - init_gsplat_metal_context: load function rasterize_backward_kernel with label: (null)
[2026-06-21 14:48:15,200][src.opensplat_trainer][INFO] - init_gsplat_metal_context: load function project_gaussians_forward_kernel with label: (null)
[2026-06-21 14:48:15,200][src.opensplat_trainer][INFO] - init_gsplat_metal_context: load function project_gaussians_backward_kernel with label: (null)
[2026-06-21 14:48:15,200][src.opensplat_trainer][INFO] - init_gsplat_metal_context: load function compute_sh_forward_kernel with label: (null)
[2026-06-21 14:48:15,200][src.opensplat_trainer][INFO] - init_gsplat_metal_context: load function compute_sh_backward_kernel with label: (null)
[2026-06-21 14:48:15,200][src.opensplat_trainer][INFO] - init_gsplat_metal_context: load function compute_cov2d_bounds_kernel with label: (null)
[2026-06-21 14:48:15,200][src.opensplat_trainer][INFO] - init_gsplat_metal_context: load function map_gaussian_to_intersects_kernel with label: (null)
[2026-06-21 14:48:15,200][src.opensplat_trainer][INFO] - init_gsplat_metal_context: load function get_tile_bin_edges_kernel with label: (null)
[2026-06-21 14:48:15,200][src.opensplat_trainer][INFO] - Step 10: 0.335674 (20%)
[2026-06-21 14:48:15,412][src.opensplat_trainer][INFO] - Step 20: 0.3161 (40%)
[2026-06-21 14:48:15,607][src.opensplat_trainer][INFO] - Step 30: 0.283759 (60%)
[2026-06-21 14:48:15,788][src.opensplat_trainer][INFO] - Step 40: 0.301167 (80%)
[2026-06-21 14:48:15,999][src.opensplat_trainer][INFO] - Step 50: 0.302727 (100%)
[2026-06-21 14:48:16,013][src.opensplat_trainer][INFO] - Wrote /Users/bc/brendanchambers/2026-06-18-iphone-video-to-splat/data/intermediates/teensy/colmap_sfm_linearized/splats/cameras.json
[2026-06-21 14:48:16,020][src.opensplat_trainer][INFO] - Wrote /Users/bc/brendanchambers/2026-06-18-iphone-video-to-splat/data/intermediates/teensy/colmap_sfm_linearized/splats/teensy_20260621_1448.ply
[2026-06-21 14:48:16,034][src.opensplat_trainer][INFO] - /Users/bc/brendanchambers/2026-06-18-iphone-video-to-splat/data/intermediates/teensy/colmap_sfm_linearized/images/frame_0001.jpg validation loss: 0.344882
[2026-06-21 14:48:16,084][src.opensplat_trainer][INFO] - Parsed 5 training loss values to /Users/bc/brendanchambers/2026-06-18-iphone-video-to-splat/data/intermediates/teensy/colmap_sfm_linearized/splats/training-metrics_20260621_1448.jsonl
[2026-06-21 14:48:16,084][src.opensplat_trainer][INFO] - Captured validation loss: 0.344882 to /Users/bc/brendanchambers/2026-06-18-iphone-video-to-splat/data/intermediates/teensy/colmap_sfm_linearized/splats/val_20260621_1448.jsonl
[2026-06-21 14:48:16,084][src.opensplat_trainer][INFO] - Training completed successfully
[2026-06-21 14:48:16,084][src.opensplat_trainer][INFO] - Output saved to: /Users/bc/brendanchambers/2026-06-18-iphone-video-to-splat/data/intermediates/teensy/colmap_sfm_linearized/splats/teensy_20260621_1448.ply
[2026-06-21 14:48:16,084][__main__][INFO] - ✓ Splat training completed
[2026-06-21 14:48:16,085][__main__][INFO] - ============================================================
[2026-06-21 14:48:16,085][__main__][INFO] - Analyzing Training Loss
[2026-06-21 14:48:16,085][__main__][INFO] - ============================================================
[2026-06-21 14:48:16,085][__main__][ERROR] - Exception in splat_training: 'loss'
Traceback (most recent call last):
  File "/Users/bc/brendanchambers/2026-06-18-iphone-video-to-splat/pipeline.py", line 293, in run_full_pipeline
    success = step_func()
              ^^^^^^^^^^^
  File "/Users/bc/brendanchambers/2026-06-18-iphone-video-to-splat/pipeline.py", line 218, in run_splat_training
    self.analyze_training_loss(output_dir)
  File "/Users/bc/brendanchambers/2026-06-18-iphone-video-to-splat/pipeline.py", line 249, in analyze_training_loss
    print_analysis(jsonl_file, records)
  File "/Users/bc/brendanchambers/2026-06-18-iphone-video-to-splat/scripts/analyze_training_loss.py", line 68, in print_analysis
    stats = analyze_loss(records)
            ^^^^^^^^^^^^^^^^^^^^^
  File "/Users/bc/brendanchambers/2026-06-18-iphone-video-to-splat/scripts/analyze_training_loss.py", line 48, in analyze_loss
    losses = [r["loss"] for r in records]
              ~^^^^^^^^
KeyError: 'loss'
