[2026-06-21 16:31:56,610][__main__][INFO] - 
[2026-06-21 16:31:56,610][__main__][INFO] - ╔==========================================================╗
[2026-06-21 16:31:56,610][__main__][INFO] - ║          3D Gaussian Splat Training Pipeline              ║
[2026-06-21 16:31:56,610][__main__][INFO] - ╚==========================================================╝
[2026-06-21 16:31:56,610][__main__][INFO] - Experiment: densify_sz0.005_gr0.0004
[2026-06-21 16:31:56,610][__main__][INFO] - Project dir: /Users/bc/brendanchambers/2026-06-18-iphone-video-to-splat
[2026-06-21 16:31:56,610][__main__][INFO] - 
[2026-06-21 16:31:56,610][src.timing_recorder][INFO] - [TIMING] Starting: frame_extraction
[2026-06-21 16:31:56,610][__main__][INFO] - ============================================================
[2026-06-21 16:31:56,610][__main__][INFO] - STEP 1: Frame Extraction
[2026-06-21 16:31:56,610][__main__][INFO] - ============================================================
[2026-06-21 16:31:56,611][src.frame_extractor][INFO] - Extracting frames from: /Users/bc/brendanchambers/2026-06-18-iphone-video-to-splat/data/incoming/movies/teensy.mov
[2026-06-21 16:31:56,611][src.frame_extractor][INFO] - Output directory: /Users/bc/brendanchambers/2026-06-18-iphone-video-to-splat/data/intermediates/densify_sz0.005_gr0.0004/colmap_sfm_camera_model/images
[2026-06-21 16:31:56,611][src.frame_extractor][INFO] - Extracting frames at 2 fps
[2026-06-21 16:31:56,611][src.frame_extractor][INFO] - Running command: ffmpeg -i /Users/bc/brendanchambers/2026-06-18-iphone-video-to-splat/data/incoming/movies/teensy.mov -vf fps=2 -q:v 5 /Users/bc/brendanchambers/2026-06-18-iphone-video-to-splat/data/intermediates/densify_sz0.005_gr0.0004/colmap_sfm_camera_model/images/frame_%04d.jpg
[2026-06-21 16:31:56,638][src.frame_extractor][INFO] - ffmpeg version 8.1.2 Copyright (c) 2000-2026 the FFmpeg developers
[2026-06-21 16:31:56,639][src.frame_extractor][INFO] -   built with Apple clang version 17.0.0 (clang-1700.6.4.2)
[2026-06-21 16:31:56,639][src.frame_extractor][INFO] -   configuration: --prefix=/opt/homebrew/Cellar/ffmpeg/8.1.2 --enable-shared --enable-pthreads --enable-version3 --cc=clang --host-cflags= --host-ldflags= --enable-ffplay --enable-gpl --enable-libsvtav1 --enable-libopus --enable-libx264 --enable-libmp3lame --enable-libdav1d --enable-libvmaf --enable-libvpx --enable-libx265 --enable-openssl --enable-videotoolbox --enable-audiotoolbox --enable-neon
[2026-06-21 16:31:56,639][src.frame_extractor][INFO] -   libavutil      60. 26.102 / 60. 26.102
[2026-06-21 16:31:56,639][src.frame_extractor][INFO] -   libavcodec     62. 28.102 / 62. 28.102
[2026-06-21 16:31:56,639][src.frame_extractor][INFO] -   libavformat    62. 12.102 / 62. 12.102
[2026-06-21 16:31:56,639][src.frame_extractor][INFO] -   libavdevice    62.  3.102 / 62.  3.102
[2026-06-21 16:31:56,639][src.frame_extractor][INFO] -   libavfilter    11. 14.102 / 11. 14.102
[2026-06-21 16:31:56,639][src.frame_extractor][INFO] -   libswscale      9.  5.102 /  9.  5.102
[2026-06-21 16:31:56,639][src.frame_extractor][INFO] -   libswresample   6.  3.102 /  6.  3.102
[2026-06-21 16:31:56,656][src.frame_extractor][INFO] - Input #0, mov,mp4,m4a,3gp,3g2,mj2, from '/Users/bc/brendanchambers/2026-06-18-iphone-video-to-splat/data/incoming/movies/teensy.mov':
[2026-06-21 16:31:56,656][src.frame_extractor][INFO] -   Metadata:
[2026-06-21 16:31:56,656][src.frame_extractor][INFO] -     major_brand     : qt
[2026-06-21 16:31:56,657][src.frame_extractor][INFO] -     minor_version   : 512
[2026-06-21 16:31:56,657][src.frame_extractor][INFO] -     compatible_brands: qt
[2026-06-21 16:31:56,657][src.frame_extractor][INFO] -     encoder         : Lavf62.12.102
[2026-06-21 16:31:56,657][src.frame_extractor][INFO] -   Duration: 00:00:04.01, start: 0.000000, bitrate: 19786 kb/s
[2026-06-21 16:31:56,657][src.frame_extractor][INFO] -   Stream #0:0[0x1]: Video: h264 (High) (avc1 / 0x31637661), yuv420p(tv, bt709, progressive), 1080x1920, 19646 kb/s, 29.67 fps, 29.67 tbr, 11392 tbn (default)
[2026-06-21 16:31:56,657][src.frame_extractor][INFO] -     Metadata:
[2026-06-21 16:31:56,657][src.frame_extractor][INFO] -       handler_name    : Core Media Video
[2026-06-21 16:31:56,657][src.frame_extractor][INFO] -       vendor_id       : FFMP
[2026-06-21 16:31:56,657][src.frame_extractor][INFO] -       encoder         : Lavc62.28.102 libx264
[2026-06-21 16:31:56,657][src.frame_extractor][INFO] -   Stream #0:1[0x2]: Audio: aac (LC) (mp4a / 0x6134706D), 48000 Hz, stereo, fltp, 128 kb/s (default)
[2026-06-21 16:31:56,657][src.frame_extractor][INFO] -     Metadata:
[2026-06-21 16:31:56,657][src.frame_extractor][INFO] -       handler_name    : Core Media Audio
[2026-06-21 16:31:56,657][src.frame_extractor][INFO] -       vendor_id       : [0][0][0][0]
[2026-06-21 16:31:56,657][src.frame_extractor][INFO] - Stream mapping:
[2026-06-21 16:31:56,657][src.frame_extractor][INFO] -   Stream #0:0 -> #0:0 (h264 (native) -> mjpeg (native))
[2026-06-21 16:31:56,657][src.frame_extractor][INFO] - Press [q] to stop, [?] for help
[2026-06-21 16:31:56,705][src.frame_extractor][INFO] - Output #0, image2, to '/Users/bc/brendanchambers/2026-06-18-iphone-video-to-splat/data/intermediates/densify_sz0.005_gr0.0004/colmap_sfm_camera_model/images/frame_%04d.jpg':
[2026-06-21 16:31:56,705][src.frame_extractor][INFO] -   Metadata:
[2026-06-21 16:31:56,705][src.frame_extractor][INFO] -     major_brand     : qt
[2026-06-21 16:31:56,705][src.frame_extractor][INFO] -     minor_version   : 512
[2026-06-21 16:31:56,705][src.frame_extractor][INFO] -     compatible_brands: qt
[2026-06-21 16:31:56,705][src.frame_extractor][INFO] -     encoder         : Lavf62.12.102
[2026-06-21 16:31:56,705][src.frame_extractor][INFO] -   Stream #0:0: Video: mjpeg, yuv420p(pc, bt709, progressive), 1080x1920, q=2-31, 200 kb/s, 2 fps, 2 tbn (default)
[2026-06-21 16:31:56,705][src.frame_extractor][INFO] -     Metadata:
[2026-06-21 16:31:56,705][src.frame_extractor][INFO] -       encoder         : Lavc62.28.102 mjpeg
[2026-06-21 16:31:56,705][src.frame_extractor][INFO] -       handler_name    : Core Media Video
[2026-06-21 16:31:56,705][src.frame_extractor][INFO] -       vendor_id       : FFMP
[2026-06-21 16:31:56,705][src.frame_extractor][INFO] -     Side data:
[2026-06-21 16:31:56,705][src.frame_extractor][INFO] -       CPB properties: bitrate max/min/avg: 0/0/200000 buffer size: 0 vbv_delay: N/A
[2026-06-21 16:31:56,850][src.frame_extractor][INFO] - [out#0/image2 @ 0x600001d58180] video:3120KiB audio:0KiB subtitle:0KiB other streams:0KiB global headers:0KiB muxing overhead: unknown
[2026-06-21 16:31:56,850][src.frame_extractor][INFO] - frame=    8 fps=0.0 q=5.0 Lsize=N/A time=00:00:04.00 bitrate=N/A speed=20.7x elapsed=0:00:00.19
[2026-06-21 16:31:56,853][src.frame_extractor][INFO] - Successfully extracted 8 frames
[2026-06-21 16:31:56,853][__main__][INFO] - ✓ Frame extraction completed
[2026-06-21 16:31:56,853][src.timing_recorder][INFO] - [TIMING] ✓ Completed: frame_extraction (0.24s)
[2026-06-21 16:31:56,853][src.timing_recorder][INFO] - [TIMING] Starting: feature_extraction
[2026-06-21 16:31:56,853][__main__][INFO] - ============================================================
[2026-06-21 16:31:56,853][__main__][INFO] - STEP 2: Feature Extraction
[2026-06-21 16:31:56,853][__main__][INFO] - ============================================================
[2026-06-21 16:31:56,854][src.colmap_feature_extractor][INFO] - Extracting features from images: /Users/bc/brendanchambers/2026-06-18-iphone-video-to-splat/data/intermediates/densify_sz0.005_gr0.0004/colmap_sfm_camera_model/images
[2026-06-21 16:31:56,854][src.colmap_feature_extractor][INFO] - Database: /Users/bc/brendanchambers/2026-06-18-iphone-video-to-splat/data/intermediates/densify_sz0.005_gr0.0004/colmap_sfm_camera_model/database.db
[2026-06-21 16:31:56,855][src.colmap_feature_extractor][INFO] - Running: colmap feature_extractor
[2026-06-21 16:31:57,022][src.colmap_feature_extractor][INFO] - I20260621 16:31:57.022285 0x16df4b000 feature_extraction.cc:504] === Feature extraction ===
[2026-06-21 16:31:57,037][src.colmap_feature_extractor][INFO] - I20260621 16:31:57.037028 0x16e54f000 sift.cc:757] Creating SIFT GPU feature extractor
[2026-06-21 16:31:57,170][src.colmap_feature_extractor][INFO] - I20260621 16:31:57.170651 0x16e5db000 feature_extraction.cc:282] Processed file [1/8]
[2026-06-21 16:31:57,170][src.colmap_feature_extractor][INFO] - I20260621 16:31:57.170670 0x16e5db000 feature_extraction.cc:285]   Name:            frame_0001.jpg
[2026-06-21 16:31:57,170][src.colmap_feature_extractor][INFO] - I20260621 16:31:57.170696 0x16e5db000 feature_extraction.cc:294]   Dimensions:      1080 x 1920
[2026-06-21 16:31:57,170][src.colmap_feature_extractor][INFO] - I20260621 16:31:57.170723 0x16e5db000 feature_extraction.cc:297]   Camera:          #1 - RADIAL
[2026-06-21 16:31:57,170][src.colmap_feature_extractor][INFO] - I20260621 16:31:57.170727 0x16e5db000 feature_extraction.cc:300]   Focal Length:    2304.00px
[2026-06-21 16:31:57,170][src.colmap_feature_extractor][INFO] - I20260621 16:31:57.170733 0x16e5db000 feature_extraction.cc:304]   Features:        4449 (SIFT)
[2026-06-21 16:31:57,225][src.colmap_feature_extractor][INFO] - I20260621 16:31:57.225403 0x16e5db000 feature_extraction.cc:282] Processed file [2/8]
[2026-06-21 16:31:57,225][src.colmap_feature_extractor][INFO] - I20260621 16:31:57.225431 0x16e5db000 feature_extraction.cc:285]   Name:            frame_0002.jpg
[2026-06-21 16:31:57,225][src.colmap_feature_extractor][INFO] - I20260621 16:31:57.225437 0x16e5db000 feature_extraction.cc:294]   Dimensions:      1080 x 1920
[2026-06-21 16:31:57,225][src.colmap_feature_extractor][INFO] - I20260621 16:31:57.225439 0x16e5db000 feature_extraction.cc:297]   Camera:          #1 - RADIAL
[2026-06-21 16:31:57,225][src.colmap_feature_extractor][INFO] - I20260621 16:31:57.225441 0x16e5db000 feature_extraction.cc:300]   Focal Length:    2304.00px
[2026-06-21 16:31:57,225][src.colmap_feature_extractor][INFO] - I20260621 16:31:57.225445 0x16e5db000 feature_extraction.cc:304]   Features:        4766 (SIFT)
[2026-06-21 16:31:57,279][src.colmap_feature_extractor][INFO] - I20260621 16:31:57.279167 0x16e5db000 feature_extraction.cc:282] Processed file [3/8]
[2026-06-21 16:31:57,279][src.colmap_feature_extractor][INFO] - I20260621 16:31:57.279184 0x16e5db000 feature_extraction.cc:285]   Name:            frame_0003.jpg
[2026-06-21 16:31:57,279][src.colmap_feature_extractor][INFO] - I20260621 16:31:57.279186 0x16e5db000 feature_extraction.cc:294]   Dimensions:      1080 x 1920
[2026-06-21 16:31:57,279][src.colmap_feature_extractor][INFO] - I20260621 16:31:57.279187 0x16e5db000 feature_extraction.cc:297]   Camera:          #1 - RADIAL
[2026-06-21 16:31:57,279][src.colmap_feature_extractor][INFO] - I20260621 16:31:57.279189 0x16e5db000 feature_extraction.cc:300]   Focal Length:    2304.00px
[2026-06-21 16:31:57,279][src.colmap_feature_extractor][INFO] - I20260621 16:31:57.279193 0x16e5db000 feature_extraction.cc:304]   Features:        5561 (SIFT)
[2026-06-21 16:31:57,333][src.colmap_feature_extractor][INFO] - I20260621 16:31:57.333696 0x16e5db000 feature_extraction.cc:282] Processed file [4/8]
[2026-06-21 16:31:57,333][src.colmap_feature_extractor][INFO] - I20260621 16:31:57.333718 0x16e5db000 feature_extraction.cc:285]   Name:            frame_0004.jpg
[2026-06-21 16:31:57,333][src.colmap_feature_extractor][INFO] - I20260621 16:31:57.333722 0x16e5db000 feature_extraction.cc:294]   Dimensions:      1080 x 1920
[2026-06-21 16:31:57,333][src.colmap_feature_extractor][INFO] - I20260621 16:31:57.333723 0x16e5db000 feature_extraction.cc:297]   Camera:          #1 - RADIAL
[2026-06-21 16:31:57,333][src.colmap_feature_extractor][INFO] - I20260621 16:31:57.333725 0x16e5db000 feature_extraction.cc:300]   Focal Length:    2304.00px
[2026-06-21 16:31:57,333][src.colmap_feature_extractor][INFO] - I20260621 16:31:57.333727 0x16e5db000 feature_extraction.cc:304]   Features:        6351 (SIFT)
[2026-06-21 16:31:57,386][src.colmap_feature_extractor][INFO] - I20260621 16:31:57.386207 0x16e5db000 feature_extraction.cc:282] Processed file [5/8]
[2026-06-21 16:31:57,386][src.colmap_feature_extractor][INFO] - I20260621 16:31:57.386228 0x16e5db000 feature_extraction.cc:285]   Name:            frame_0005.jpg
[2026-06-21 16:31:57,386][src.colmap_feature_extractor][INFO] - I20260621 16:31:57.386232 0x16e5db000 feature_extraction.cc:294]   Dimensions:      1080 x 1920
[2026-06-21 16:31:57,386][src.colmap_feature_extractor][INFO] - I20260621 16:31:57.386234 0x16e5db000 feature_extraction.cc:297]   Camera:          #1 - RADIAL
[2026-06-21 16:31:57,386][src.colmap_feature_extractor][INFO] - I20260621 16:31:57.386236 0x16e5db000 feature_extraction.cc:300]   Focal Length:    2304.00px
[2026-06-21 16:31:57,386][src.colmap_feature_extractor][INFO] - I20260621 16:31:57.386240 0x16e5db000 feature_extraction.cc:304]   Features:        4609 (SIFT)
[2026-06-21 16:31:57,439][src.colmap_feature_extractor][INFO] - I20260621 16:31:57.439580 0x16e5db000 feature_extraction.cc:282] Processed file [6/8]
[2026-06-21 16:31:57,439][src.colmap_feature_extractor][INFO] - I20260621 16:31:57.439595 0x16e5db000 feature_extraction.cc:285]   Name:            frame_0006.jpg
[2026-06-21 16:31:57,439][src.colmap_feature_extractor][INFO] - I20260621 16:31:57.439597 0x16e5db000 feature_extraction.cc:294]   Dimensions:      1080 x 1920
[2026-06-21 16:31:57,439][src.colmap_feature_extractor][INFO] - I20260621 16:31:57.439598 0x16e5db000 feature_extraction.cc:297]   Camera:          #1 - RADIAL
[2026-06-21 16:31:57,439][src.colmap_feature_extractor][INFO] - I20260621 16:31:57.439600 0x16e5db000 feature_extraction.cc:300]   Focal Length:    2304.00px
[2026-06-21 16:31:57,439][src.colmap_feature_extractor][INFO] - I20260621 16:31:57.439603 0x16e5db000 feature_extraction.cc:304]   Features:        4916 (SIFT)
[2026-06-21 16:31:57,492][src.colmap_feature_extractor][INFO] - I20260621 16:31:57.492385 0x16e5db000 feature_extraction.cc:282] Processed file [7/8]
[2026-06-21 16:31:57,492][src.colmap_feature_extractor][INFO] - I20260621 16:31:57.492400 0x16e5db000 feature_extraction.cc:285]   Name:            frame_0007.jpg
[2026-06-21 16:31:57,492][src.colmap_feature_extractor][INFO] - I20260621 16:31:57.492403 0x16e5db000 feature_extraction.cc:294]   Dimensions:      1080 x 1920
[2026-06-21 16:31:57,492][src.colmap_feature_extractor][INFO] - I20260621 16:31:57.492404 0x16e5db000 feature_extraction.cc:297]   Camera:          #1 - RADIAL
[2026-06-21 16:31:57,492][src.colmap_feature_extractor][INFO] - I20260621 16:31:57.492407 0x16e5db000 feature_extraction.cc:300]   Focal Length:    2304.00px
[2026-06-21 16:31:57,492][src.colmap_feature_extractor][INFO] - I20260621 16:31:57.492410 0x16e5db000 feature_extraction.cc:304]   Features:        4134 (SIFT)
[2026-06-21 16:31:57,548][src.colmap_feature_extractor][INFO] - I20260621 16:31:57.548264 0x16e5db000 feature_extraction.cc:282] Processed file [8/8]
[2026-06-21 16:31:57,548][src.colmap_feature_extractor][INFO] - I20260621 16:31:57.548316 0x16e5db000 feature_extraction.cc:285]   Name:            frame_0008.jpg
[2026-06-21 16:31:57,548][src.colmap_feature_extractor][INFO] - I20260621 16:31:57.548319 0x16e5db000 feature_extraction.cc:294]   Dimensions:      1080 x 1920
[2026-06-21 16:31:57,548][src.colmap_feature_extractor][INFO] - I20260621 16:31:57.548320 0x16e5db000 feature_extraction.cc:297]   Camera:          #1 - RADIAL
[2026-06-21 16:31:57,548][src.colmap_feature_extractor][INFO] - I20260621 16:31:57.548323 0x16e5db000 feature_extraction.cc:300]   Focal Length:    2304.00px
[2026-06-21 16:31:57,548][src.colmap_feature_extractor][INFO] - I20260621 16:31:57.548326 0x16e5db000 feature_extraction.cc:304]   Features:        6773 (SIFT)
[2026-06-21 16:31:57,554][src.colmap_feature_extractor][INFO] - I20260621 16:31:57.554029 0x16df4b000 timer.cc:90] Elapsed time: 0.009 [minutes]
[2026-06-21 16:31:57,573][src.colmap_feature_extractor][INFO] - Feature extraction completed successfully
[2026-06-21 16:31:57,573][__main__][INFO] - ✓ Feature extraction completed
[2026-06-21 16:31:57,573][src.timing_recorder][INFO] - [TIMING] ✓ Completed: feature_extraction (0.72s)
[2026-06-21 16:31:57,573][src.timing_recorder][INFO] - [TIMING] Starting: feature_matching
[2026-06-21 16:31:57,573][__main__][INFO] - ============================================================
[2026-06-21 16:31:57,573][__main__][INFO] - STEP 3: Feature Matching
[2026-06-21 16:31:57,573][__main__][INFO] - ============================================================
[2026-06-21 16:31:57,574][src.colmap_feature_matcher][INFO] - Matching features in database: /Users/bc/brendanchambers/2026-06-18-iphone-video-to-splat/data/intermediates/densify_sz0.005_gr0.0004/colmap_sfm_camera_model/database.db
[2026-06-21 16:31:57,574][src.colmap_feature_matcher][INFO] - Running: colmap sequential_matcher
[2026-06-21 16:31:57,739][src.colmap_feature_matcher][INFO] - I20260621 16:31:57.739005 0x16f2f3000 feature_matching.cc:195] === Feature matching & geometric verification ===
[2026-06-21 16:31:57,753][src.colmap_feature_matcher][INFO] - I20260621 16:31:57.753864 0x16f37f000 sift.cc:1559] Creating SIFT GPU feature matcher
[2026-06-21 16:31:57,778][src.colmap_feature_matcher][INFO] - I20260621 16:31:57.778561 0x16f2f3000 pairing.cc:415] Generating sequential image pairs...
[2026-06-21 16:31:57,778][src.colmap_feature_matcher][INFO] - I20260621 16:31:57.778641 0x16f2f3000 pairing.cc:473] Processing image [1/8]
[2026-06-21 16:31:57,845][src.colmap_feature_matcher][INFO] - I20260621 16:31:57.844990 0x16f2f3000 feature_matching.cc:217] in 0.066s
[2026-06-21 16:31:57,845][src.colmap_feature_matcher][INFO] - I20260621 16:31:57.845005 0x16f2f3000 pairing.cc:473] Processing image [2/8]
[2026-06-21 16:31:57,902][src.colmap_feature_matcher][INFO] - I20260621 16:31:57.902889 0x16f2f3000 feature_matching.cc:217] in 0.058s
[2026-06-21 16:31:57,902][src.colmap_feature_matcher][INFO] - I20260621 16:31:57.902896 0x16f2f3000 pairing.cc:473] Processing image [3/8]
[2026-06-21 16:31:57,963][src.colmap_feature_matcher][INFO] - I20260621 16:31:57.963665 0x16f2f3000 feature_matching.cc:217] in 0.061s
[2026-06-21 16:31:57,963][src.colmap_feature_matcher][INFO] - I20260621 16:31:57.963672 0x16f2f3000 pairing.cc:473] Processing image [4/8]
[2026-06-21 16:31:58,036][src.colmap_feature_matcher][INFO] - I20260621 16:31:58.036220 0x16f2f3000 feature_matching.cc:217] in 0.073s
[2026-06-21 16:31:58,036][src.colmap_feature_matcher][INFO] - I20260621 16:31:58.036224 0x16f2f3000 pairing.cc:473] Processing image [5/8]
[2026-06-21 16:31:58,067][src.colmap_feature_matcher][INFO] - I20260621 16:31:58.067203 0x16f2f3000 feature_matching.cc:217] in 0.031s
[2026-06-21 16:31:58,067][src.colmap_feature_matcher][INFO] - I20260621 16:31:58.067207 0x16f2f3000 pairing.cc:473] Processing image [6/8]
[2026-06-21 16:31:58,107][src.colmap_feature_matcher][INFO] - I20260621 16:31:58.107267 0x16f2f3000 feature_matching.cc:217] in 0.040s
[2026-06-21 16:31:58,107][src.colmap_feature_matcher][INFO] - I20260621 16:31:58.107271 0x16f2f3000 pairing.cc:473] Processing image [7/8]
[2026-06-21 16:31:58,129][src.colmap_feature_matcher][INFO] - I20260621 16:31:58.129172 0x16f2f3000 feature_matching.cc:217] in 0.022s
[2026-06-21 16:31:58,129][src.colmap_feature_matcher][INFO] - I20260621 16:31:58.129181 0x16f2f3000 pairing.cc:473] Processing image [8/8]
[2026-06-21 16:31:58,129][src.colmap_feature_matcher][INFO] - I20260621 16:31:58.129183 0x16f2f3000 feature_matching.cc:217] in 0.000s
[2026-06-21 16:31:58,129][src.colmap_feature_matcher][INFO] - I20260621 16:31:58.129185 0x16f2f3000 timer.cc:90] Elapsed time: 0.006 [minutes]
[2026-06-21 16:31:58,137][src.colmap_feature_matcher][INFO] - Feature matching completed successfully
[2026-06-21 16:31:58,137][__main__][INFO] - ✓ Feature matching completed
[2026-06-21 16:31:58,137][src.timing_recorder][INFO] - [TIMING] ✓ Completed: feature_matching (0.56s)
[2026-06-21 16:31:58,137][src.timing_recorder][INFO] - [TIMING] Starting: sparse_reconstruction
[2026-06-21 16:31:58,137][__main__][INFO] - ============================================================
[2026-06-21 16:31:58,137][__main__][INFO] - STEP 4: Sparse Reconstruction
[2026-06-21 16:31:58,137][__main__][INFO] - ============================================================
[2026-06-21 16:31:58,139][src.colmap_mapper][INFO] - Performing sparse reconstruction
[2026-06-21 16:31:58,139][src.colmap_mapper][INFO] - Database: /Users/bc/brendanchambers/2026-06-18-iphone-video-to-splat/data/intermediates/densify_sz0.005_gr0.0004/colmap_sfm_camera_model/database.db
[2026-06-21 16:31:58,139][src.colmap_mapper][INFO] - Images: /Users/bc/brendanchambers/2026-06-18-iphone-video-to-splat/data/intermediates/densify_sz0.005_gr0.0004/colmap_sfm_camera_model/images
[2026-06-21 16:31:58,139][src.colmap_mapper][INFO] - Output: /Users/bc/brendanchambers/2026-06-18-iphone-video-to-splat/data/intermediates/densify_sz0.005_gr0.0004/colmap_sfm_camera_model/sparse
[2026-06-21 16:31:58,139][src.colmap_mapper][INFO] - Running: colmap mapper
[2026-06-21 16:31:58,190][src.colmap_mapper][INFO] - I20260621 16:31:58.189792 0x1fde420c0 incremental_pipeline.cc:278] Loading database
[2026-06-21 16:31:58,190][src.colmap_mapper][INFO] - I20260621 16:31:58.190091 0x1fde420c0 database_cache.cc:72] Loading rigs...
[2026-06-21 16:31:58,190][src.colmap_mapper][INFO] - I20260621 16:31:58.190111 0x1fde420c0 database_cache.cc:82]  1 in 0.000s
[2026-06-21 16:31:58,190][src.colmap_mapper][INFO] - I20260621 16:31:58.190114 0x1fde420c0 database_cache.cc:90] Loading cameras...
[2026-06-21 16:31:58,190][src.colmap_mapper][INFO] - I20260621 16:31:58.190123 0x1fde420c0 database_cache.cc:108]  1 in 0.000s
[2026-06-21 16:31:58,190][src.colmap_mapper][INFO] - I20260621 16:31:58.190125 0x1fde420c0 database_cache.cc:116] Loading frames...
[2026-06-21 16:31:58,190][src.colmap_mapper][INFO] - I20260621 16:31:58.190143 0x1fde420c0 database_cache.cc:126]  8 in 0.000s
[2026-06-21 16:31:58,190][src.colmap_mapper][INFO] - I20260621 16:31:58.190145 0x1fde420c0 database_cache.cc:134] Loading matches...
[2026-06-21 16:31:58,190][src.colmap_mapper][INFO] - I20260621 16:31:58.190210 0x1fde420c0 database_cache.cc:139]  17 in 0.000s
[2026-06-21 16:31:58,190][src.colmap_mapper][INFO] - I20260621 16:31:58.190212 0x1fde420c0 database_cache.cc:147] Loading images...
[2026-06-21 16:31:58,190][src.colmap_mapper][INFO] - I20260621 16:31:58.190756 0x1fde420c0 database_cache.cc:241]  8 in 0.001s (connected 8, loaded 8)
[2026-06-21 16:31:58,190][src.colmap_mapper][INFO] - I20260621 16:31:58.190760 0x1fde420c0 database_cache.cc:255] Loading pose priors...
[2026-06-21 16:31:58,190][src.colmap_mapper][INFO] - I20260621 16:31:58.190769 0x1fde420c0 database_cache.cc:263]  0 in 0.000s
[2026-06-21 16:31:58,190][src.colmap_mapper][INFO] - I20260621 16:31:58.190771 0x1fde420c0 database_cache.cc:271] Building correspondence graph...
[2026-06-21 16:31:58,191][src.colmap_mapper][INFO] - I20260621 16:31:58.191589 0x1fde420c0 database_cache.cc:300]  in 0.001s (ignored 0)
[2026-06-21 16:31:58,191][src.colmap_mapper][INFO] - I20260621 16:31:58.191592 0x1fde420c0 timer.cc:90] Elapsed time: 0.000 [minutes]
[2026-06-21 16:31:58,191][src.colmap_mapper][INFO] - I20260621 16:31:58.191677 0x1fde420c0 incremental_pipeline.cc:390] Finding good initial image pair
[2026-06-21 16:31:58,199][src.colmap_mapper][INFO] - I20260621 16:31:58.199070 0x1fde420c0 incremental_pipeline.cc:414] Registering initial image pair #2 and #4
[2026-06-21 16:31:58,199][src.colmap_mapper][INFO] - I20260621 16:31:58.199661 0x1fde420c0 incremental_pipeline.cc:432] Global bundle adjustment
[2026-06-21 16:31:58,222][src.colmap_mapper][INFO] - I20260621 16:31:58.222260 0x1fde420c0 incremental_pipeline.cc:537] Registering image #3 (num_reg_frames=2)
[2026-06-21 16:31:58,222][src.colmap_mapper][INFO] - I20260621 16:31:58.222265 0x1fde420c0 incremental_pipeline.cc:540] => Image sees 149 / 1892 points
[2026-06-21 16:31:58,274][src.colmap_mapper][INFO] - I20260621 16:31:58.274200 0x1fde420c0 incremental_pipeline.cc:79] Retriangulation and Global bundle adjustment
[2026-06-21 16:31:58,289][src.colmap_mapper][INFO] - I20260621 16:31:58.289511 0x1fde420c0 incremental_pipeline.cc:537] Registering image #6 (num_reg_frames=3)
[2026-06-21 16:31:58,289][src.colmap_mapper][INFO] - I20260621 16:31:58.289521 0x1fde420c0 incremental_pipeline.cc:540] => Image sees 496 / 2128 points
[2026-06-21 16:31:58,346][src.colmap_mapper][INFO] - I20260621 16:31:58.346603 0x1fde420c0 incremental_pipeline.cc:79] Retriangulation and Global bundle adjustment
[2026-06-21 16:31:58,369][src.colmap_mapper][INFO] - I20260621 16:31:58.369252 0x1fde420c0 incremental_pipeline.cc:537] Registering image #5 (num_reg_frames=4)
[2026-06-21 16:31:58,369][src.colmap_mapper][INFO] - I20260621 16:31:58.369260 0x1fde420c0 incremental_pipeline.cc:540] => Image sees 1052 / 2461 points
[2026-06-21 16:31:58,411][src.colmap_mapper][INFO] - I20260621 16:31:58.411979 0x1fde420c0 incremental_pipeline.cc:79] Retriangulation and Global bundle adjustment
[2026-06-21 16:31:58,444][src.colmap_mapper][INFO] - I20260621 16:31:58.444214 0x1fde420c0 incremental_pipeline.cc:537] Registering image #1 (num_reg_frames=5)
[2026-06-21 16:31:58,444][src.colmap_mapper][INFO] - I20260621 16:31:58.444218 0x1fde420c0 incremental_pipeline.cc:540] => Image sees 536 / 1825 points
[2026-06-21 16:31:58,490][src.colmap_mapper][INFO] - I20260621 16:31:58.490734 0x1fde420c0 incremental_pipeline.cc:79] Retriangulation and Global bundle adjustment
[2026-06-21 16:31:58,519][src.colmap_mapper][INFO] - I20260621 16:31:58.519571 0x1fde420c0 incremental_pipeline.cc:537] Registering image #7 (num_reg_frames=6)
[2026-06-21 16:31:58,519][src.colmap_mapper][INFO] - I20260621 16:31:58.519575 0x1fde420c0 incremental_pipeline.cc:540] => Image sees 436 / 1676 points
[2026-06-21 16:31:58,555][src.colmap_mapper][INFO] - I20260621 16:31:58.555729 0x1fde420c0 incremental_pipeline.cc:79] Retriangulation and Global bundle adjustment
[2026-06-21 16:31:58,592][src.colmap_mapper][INFO] - I20260621 16:31:58.592530 0x1fde420c0 incremental_pipeline.cc:537] Registering image #8 (num_reg_frames=7)
[2026-06-21 16:31:58,592][src.colmap_mapper][INFO] - I20260621 16:31:58.592535 0x1fde420c0 incremental_pipeline.cc:540] => Image sees 480 / 1376 points
[2026-06-21 16:31:58,624][src.colmap_mapper][INFO] - I20260621 16:31:58.624060 0x1fde420c0 incremental_pipeline.cc:79] Retriangulation and Global bundle adjustment
[2026-06-21 16:31:58,659][src.colmap_mapper][INFO] - I20260621 16:31:58.659979 0x1fde420c0 incremental_pipeline.cc:79] Retriangulation and Global bundle adjustment
[2026-06-21 16:31:58,668][src.colmap_mapper][INFO] - I20260621 16:31:58.668852 0x1fde420c0 incremental_pipeline.cc:723] Keeping successful reconstruction
[2026-06-21 16:31:58,671][src.colmap_mapper][INFO] - I20260621 16:31:58.671160 0x1fde420c0 timer.cc:90] Elapsed time: 0.008 [minutes]
[2026-06-21 16:31:58,674][src.colmap_mapper][INFO] - Sparse reconstruction completed successfully
[2026-06-21 16:31:58,674][__main__][INFO] - ✓ Sparse reconstruction completed
[2026-06-21 16:31:58,674][src.timing_recorder][INFO] - [TIMING] ✓ Completed: sparse_reconstruction (0.54s)
[2026-06-21 16:31:58,674][src.timing_recorder][INFO] - [TIMING] Starting: undistortion
[2026-06-21 16:31:58,674][__main__][INFO] - ============================================================
[2026-06-21 16:31:58,674][__main__][INFO] - STEP 5: Image Undistortion
[2026-06-21 16:31:58,674][__main__][INFO] - ============================================================
[2026-06-21 16:31:58,675][src.colmap_undistorter][INFO] - Undistorting images
[2026-06-21 16:31:58,675][src.colmap_undistorter][INFO] - Input model: /Users/bc/brendanchambers/2026-06-18-iphone-video-to-splat/data/intermediates/densify_sz0.005_gr0.0004/colmap_sfm_camera_model/sparse/0
[2026-06-21 16:31:58,675][src.colmap_undistorter][INFO] - Images: /Users/bc/brendanchambers/2026-06-18-iphone-video-to-splat/data/intermediates/densify_sz0.005_gr0.0004/colmap_sfm_camera_model/images
[2026-06-21 16:31:58,675][src.colmap_undistorter][INFO] - Output: /Users/bc/brendanchambers/2026-06-18-iphone-video-to-splat/data/intermediates/densify_sz0.005_gr0.0004/colmap_sfm_linearized
[2026-06-21 16:31:58,676][src.colmap_undistorter][INFO] - Running: colmap image_undistorter
[2026-06-21 16:31:58,724][src.colmap_undistorter][INFO] - I20260621 16:31:58.724557 0x1fde420c0 image.cc:368] === Reading reconstruction ===
[2026-06-21 16:31:58,726][src.colmap_undistorter][INFO] - I20260621 16:31:58.726553 0x1fde420c0 image.cc:371] => Reconstruction with 8 images and 2190 points
[2026-06-21 16:31:58,726][src.colmap_undistorter][INFO] - I20260621 16:31:58.726561 0x1fde420c0 undistorters.cc:166] === Image undistortion ===
[2026-06-21 16:31:58,726][src.colmap_undistorter][INFO] - I20260621 16:31:58.726832 0x1fde420c0 undistorters.cc:205] Undistorting image [1/8]
[2026-06-21 16:31:59,330][src.colmap_undistorter][INFO] - I20260621 16:31:59.330526 0x1fde420c0 undistorters.cc:205] Undistorting image [2/8]
[2026-06-21 16:31:59,330][src.colmap_undistorter][INFO] - I20260621 16:31:59.330553 0x1fde420c0 undistorters.cc:205] Undistorting image [3/8]
[2026-06-21 16:31:59,338][src.colmap_undistorter][INFO] - I20260621 16:31:59.338267 0x1fde420c0 undistorters.cc:205] Undistorting image [4/8]
[2026-06-21 16:31:59,338][src.colmap_undistorter][INFO] - I20260621 16:31:59.338275 0x1fde420c0 undistorters.cc:205] Undistorting image [5/8]
[2026-06-21 16:31:59,338][src.colmap_undistorter][INFO] - I20260621 16:31:59.338277 0x1fde420c0 undistorters.cc:205] Undistorting image [6/8]
[2026-06-21 16:31:59,338][src.colmap_undistorter][INFO] - I20260621 16:31:59.338279 0x1fde420c0 undistorters.cc:205] Undistorting image [7/8]
[2026-06-21 16:31:59,339][src.colmap_undistorter][INFO] - I20260621 16:31:59.339403 0x1fde420c0 undistorters.cc:205] Undistorting image [8/8]
[2026-06-21 16:31:59,342][src.colmap_undistorter][INFO] - I20260621 16:31:59.342533 0x1fde420c0 undistorters.cc:213] Writing reconstruction...
[2026-06-21 16:31:59,347][src.colmap_undistorter][INFO] - I20260621 16:31:59.347265 0x1fde420c0 undistorters.cc:218] Writing configuration...
[2026-06-21 16:31:59,347][src.colmap_undistorter][INFO] - I20260621 16:31:59.347369 0x1fde420c0 undistorters.cc:222] Writing scripts...
[2026-06-21 16:31:59,347][src.colmap_undistorter][INFO] - I20260621 16:31:59.347467 0x1fde420c0 timer.cc:90] Elapsed time: 0.010 [minutes]
[2026-06-21 16:31:59,351][src.colmap_undistorter][INFO] - Image undistortion completed successfully
[2026-06-21 16:31:59,351][__main__][INFO] - ✓ Image undistortion completed
[2026-06-21 16:31:59,351][src.timing_recorder][INFO] - [TIMING] ✓ Completed: undistortion (0.68s)
[2026-06-21 16:31:59,351][src.timing_recorder][INFO] - [TIMING] Starting: splat_training
[2026-06-21 16:31:59,351][__main__][INFO] - ============================================================
[2026-06-21 16:31:59,351][__main__][INFO] - STEP 6: OpenSplat Training
[2026-06-21 16:31:59,351][__main__][INFO] - ============================================================
[2026-06-21 16:31:59,353][src.opensplat_trainer][INFO] - Training 3D Gaussian Splat
[2026-06-21 16:31:59,353][src.opensplat_trainer][INFO] - Sparse model: /Users/bc/brendanchambers/2026-06-18-iphone-video-to-splat/data/intermediates/densify_sz0.005_gr0.0004/colmap_sfm_linearized/sparse
[2026-06-21 16:31:59,353][src.opensplat_trainer][INFO] - Images: /Users/bc/brendanchambers/2026-06-18-iphone-video-to-splat/data/intermediates/densify_sz0.005_gr0.0004/colmap_sfm_linearized/images
[2026-06-21 16:31:59,353][src.opensplat_trainer][INFO] - Output PLY: /Users/bc/brendanchambers/2026-06-18-iphone-video-to-splat/data/intermediates/densify_sz0.005_gr0.0004/colmap_sfm_linearized/splats/densify_sz0.005_gr0.0004_20260621_1631.ply
[2026-06-21 16:31:59,353][src.opensplat_trainer][INFO] - Training loss log: /Users/bc/brendanchambers/2026-06-18-iphone-video-to-splat/data/intermediates/densify_sz0.005_gr0.0004/colmap_sfm_linearized/splats/train_20260621_1631.jsonl
[2026-06-21 16:31:59,353][src.opensplat_trainer][INFO] - Validation loss log: /Users/bc/brendanchambers/2026-06-18-iphone-video-to-splat/data/intermediates/densify_sz0.005_gr0.0004/colmap_sfm_linearized/splats/val_20260621_1631.jsonl
[2026-06-21 16:31:59,353][src.opensplat_trainer][INFO] - Running: opensplat
[2026-06-21 16:31:59,529][src.opensplat_trainer][INFO] - Using MPS
[2026-06-21 16:31:59,531][src.opensplat_trainer][INFO] - Reading 2190 points
[2026-06-21 16:31:59,531][src.opensplat_trainer][INFO] - Loading /Users/bc/brendanchambers/2026-06-18-iphone-video-to-splat/data/intermediates/densify_sz0.005_gr0.0004/colmap_sfm_linearized/images/frame_0002.jpg
[2026-06-21 16:31:59,531][src.opensplat_trainer][INFO] - Loading /Users/bc/brendanchambers/2026-06-18-iphone-video-to-splat/data/intermediates/densify_sz0.005_gr0.0004/colmap_sfm_linearized/images/frame_0004.jpg
[2026-06-21 16:31:59,531][src.opensplat_trainer][INFO] - Loading /Users/bc/brendanchambers/2026-06-18-iphone-video-to-splat/data/intermediates/densify_sz0.005_gr0.0004/colmap_sfm_linearized/images/frame_0003.jpg
[2026-06-21 16:31:59,531][src.opensplat_trainer][INFO] - Loading /Users/bc/brendanchambers/2026-06-18-iphone-video-to-splat/data/intermediates/densify_sz0.005_gr0.0004/colmap_sfm_linearized/images/frame_0005.jpgLoading Loading /Users/bc/brendanchambers/2026-06-18-iphone-video-to-splat/data/intermediates/densify_sz0.005_gr0.0004/colmap_sfm_linearized/images/frame_0006.jpg
[2026-06-21 16:31:59,531][src.opensplat_trainer][INFO] - 
[2026-06-21 16:31:59,531][src.opensplat_trainer][INFO] - /Users/bc/brendanchambers/2026-06-18-iphone-video-to-splat/data/intermediates/densify_sz0.005_gr0.0004/colmap_sfm_linearized/images/frame_0001.jpg
[2026-06-21 16:31:59,531][src.opensplat_trainer][INFO] - Loading /Users/bc/brendanchambers/2026-06-18-iphone-video-to-splat/data/intermediates/densify_sz0.005_gr0.0004/colmap_sfm_linearized/images/frame_0008.jpg
[2026-06-21 16:31:59,531][src.opensplat_trainer][INFO] - Loading /Users/bc/brendanchambers/2026-06-18-iphone-video-to-splat/data/intermediates/densify_sz0.005_gr0.0004/colmap_sfm_linearized/images/frame_0007.jpg
[2026-06-21 16:31:59,916][src.opensplat_trainer][INFO] - init_gsplat_metal_context: loading '/Users/bc/brendanchambers/2026-06-18-iphone-video-to-splat/opensplat/build/default.metallib'
[2026-06-21 16:31:59,916][src.opensplat_trainer][INFO] - init_gsplat_metal_context: loaded '/Users/bc/brendanchambers/2026-06-18-iphone-video-to-splat/opensplat/build/default.metallib', functions: compute_cov2d_bounds_kernel, project_gaussians_backward_kernel, get_tile_bin_edges_kernel, rasterize_backward_kernel, map_gaussian_to_intersects_kernel, nd_rasterize_backward_kernel, project_gaussians_forward_kernel, compute_sh_backward_kernel, compute_sh_forward_kernel, nd_rasterize_forward_kernel
[2026-06-21 16:31:59,916][src.opensplat_trainer][INFO] - init_gsplat_metal_context: load function nd_rasterize_backward_kernel with label: (null)
[2026-06-21 16:31:59,916][src.opensplat_trainer][INFO] - init_gsplat_metal_context: load function nd_rasterize_forward_kernel with label: (null)
[2026-06-21 16:31:59,916][src.opensplat_trainer][INFO] - init_gsplat_metal_context: load function rasterize_backward_kernel with label: (null)
[2026-06-21 16:31:59,916][src.opensplat_trainer][INFO] - init_gsplat_metal_context: load function project_gaussians_forward_kernel with label: (null)
[2026-06-21 16:31:59,916][src.opensplat_trainer][INFO] - init_gsplat_metal_context: load function project_gaussians_backward_kernel with label: (null)
[2026-06-21 16:31:59,916][src.opensplat_trainer][INFO] - init_gsplat_metal_context: load function compute_sh_forward_kernel with label: (null)
[2026-06-21 16:31:59,916][src.opensplat_trainer][INFO] - init_gsplat_metal_context: load function compute_sh_backward_kernel with label: (null)
[2026-06-21 16:31:59,916][src.opensplat_trainer][INFO] - init_gsplat_metal_context: load function compute_cov2d_bounds_kernel with label: (null)
[2026-06-21 16:31:59,916][src.opensplat_trainer][INFO] - init_gsplat_metal_context: load function map_gaussian_to_intersects_kernel with label: (null)
[2026-06-21 16:31:59,916][src.opensplat_trainer][INFO] - init_gsplat_metal_context: load function get_tile_bin_edges_kernel with label: (null)
[2026-06-21 16:31:59,916][src.opensplat_trainer][INFO] - Step 10: 0.335803 (20%)
[2026-06-21 16:32:00,130][src.opensplat_trainer][INFO] - Step 20: 0.31621 (40%)
[2026-06-21 16:32:00,346][src.opensplat_trainer][INFO] - Step 30: 0.283804 (60%)
[2026-06-21 16:32:00,554][src.opensplat_trainer][INFO] - Step 40: 0.301186 (80%)
[2026-06-21 16:32:00,764][src.opensplat_trainer][INFO] - Step 50: 0.302681 (100%)
[2026-06-21 16:32:00,778][src.opensplat_trainer][INFO] - Wrote /Users/bc/brendanchambers/2026-06-18-iphone-video-to-splat/data/intermediates/densify_sz0.005_gr0.0004/colmap_sfm_linearized/splats/cameras.json
[2026-06-21 16:32:00,786][src.opensplat_trainer][INFO] - Wrote /Users/bc/brendanchambers/2026-06-18-iphone-video-to-splat/data/intermediates/densify_sz0.005_gr0.0004/colmap_sfm_linearized/splats/densify_sz0.005_gr0.0004_20260621_1631.ply
[2026-06-21 16:32:00,798][src.opensplat_trainer][INFO] - /Users/bc/brendanchambers/2026-06-18-iphone-video-to-splat/data/intermediates/densify_sz0.005_gr0.0004/colmap_sfm_linearized/images/frame_0001.jpg validation loss: 0.344928
[2026-06-21 16:32:00,849][src.opensplat_trainer][INFO] - Parsed 5 training loss values to /Users/bc/brendanchambers/2026-06-18-iphone-video-to-splat/data/intermediates/densify_sz0.005_gr0.0004/colmap_sfm_linearized/splats/train_20260621_1631.jsonl
[2026-06-21 16:32:00,849][src.opensplat_trainer][INFO] - Captured validation loss: 0.344928 to /Users/bc/brendanchambers/2026-06-18-iphone-video-to-splat/data/intermediates/densify_sz0.005_gr0.0004/colmap_sfm_linearized/splats/val_20260621_1631.jsonl
[2026-06-21 16:32:00,849][src.opensplat_trainer][INFO] - Training completed successfully
[2026-06-21 16:32:00,849][src.opensplat_trainer][INFO] - Output saved to: /Users/bc/brendanchambers/2026-06-18-iphone-video-to-splat/data/intermediates/densify_sz0.005_gr0.0004/colmap_sfm_linearized/splats/densify_sz0.005_gr0.0004_20260621_1631.ply
[2026-06-21 16:32:00,849][__main__][INFO] - ✓ Splat training completed
[2026-06-21 16:32:00,849][__main__][INFO] - ============================================================
[2026-06-21 16:32:00,849][__main__][INFO] - Analyzing Training Loss
[2026-06-21 16:32:00,849][__main__][INFO] - ============================================================
[2026-06-21 16:32:00,910][src.timing_recorder][INFO] - [TIMING] ✓ Completed: splat_training (1.56s)
[2026-06-21 16:32:00,910][__main__][INFO] - 
[2026-06-21 16:32:00,910][__main__][INFO] - ╔==========================================================╗
[2026-06-21 16:32:00,910][__main__][INFO] - ║                    Pipeline Complete!                    ║
[2026-06-21 16:32:00,910][__main__][INFO] - ╚==========================================================╝
[2026-06-21 16:32:00,910][__main__][INFO] - Output directory: /Users/bc/brendanchambers/2026-06-18-iphone-video-to-splat/data/intermediates/densify_sz0.005_gr0.0004/colmap_sfm_linearized/splats
[2026-06-21 16:32:00,910][__main__][INFO] -   - PLY file: *.ply (3D Gaussian Splat)
[2026-06-21 16:32:00,910][__main__][INFO] -   - Loss log: *.jsonl (Training loss per step)
[2026-06-21 16:32:00,910][__main__][INFO] -   - Timing log: running-time_*.jsonl (Step execution times)
[2026-06-21 16:32:00,911][src.timing_recorder][INFO] - 
[2026-06-21 16:32:00,911][src.timing_recorder][INFO] - ======================================================================
[2026-06-21 16:32:00,911][src.timing_recorder][INFO] - PIPELINE EXECUTION TIMING SUMMARY
[2026-06-21 16:32:00,911][src.timing_recorder][INFO] - ======================================================================
[2026-06-21 16:32:00,911][src.timing_recorder][INFO] - ✓ frame_extraction              0.24s  (  5.7%)
[2026-06-21 16:32:00,911][src.timing_recorder][INFO] - ✓ feature_extraction            0.72s  ( 16.7%)
[2026-06-21 16:32:00,911][src.timing_recorder][INFO] - ✓ feature_matching              0.56s  ( 13.1%)
[2026-06-21 16:32:00,911][src.timing_recorder][INFO] - ✓ sparse_reconstruction         0.54s  ( 12.5%)
[2026-06-21 16:32:00,911][src.timing_recorder][INFO] - ✓ undistortion                  0.68s  ( 15.8%)
[2026-06-21 16:32:00,911][src.timing_recorder][INFO] - ✓ splat_training                1.56s  ( 36.3%)
[2026-06-21 16:32:00,911][src.timing_recorder][INFO] - ----------------------------------------------------------------------
[2026-06-21 16:32:00,911][src.timing_recorder][INFO] - TOTAL                           4.30s  (100.0%)
[2026-06-21 16:32:00,911][src.timing_recorder][INFO] - ======================================================================
[2026-06-21 16:32:00,911][src.timing_recorder][INFO] - 
[2026-06-21 16:32:00,911][src.timing_recorder][INFO] - [TIMING] Saved timing report to: /Users/bc/brendanchambers/2026-06-18-iphone-video-to-splat/data/intermediates/densify_sz0.005_gr0.0004/colmap_sfm_linearized/splats/running-time_20260621_1632.jsonl
[2026-06-21 16:32:00,912][__main__][INFO] - ============================================================
[2026-06-21 16:32:00,912][__main__][INFO] - Logging Experiment Results
[2026-06-21 16:32:00,912][__main__][INFO] - ============================================================
[2026-06-21 16:32:00,912][src.experiment_tracker][INFO] - Logged experiment to: /Users/bc/brendanchambers/2026-06-18-iphone-video-to-splat/reports/experiments/sweep_densify_size_and_gradient_threshold.jsonl
[2026-06-21 16:32:00,912][__main__][INFO] - Experiment results logged to: /Users/bc/brendanchambers/2026-06-18-iphone-video-to-splat/reports/experiments/sweep_densify_size_and_gradient_threshold.jsonl
[2026-06-21 16:32:00,912][__main__][INFO] -   Experiment: densify_sz0.005_gr0.0004
[2026-06-21 16:32:00,912][__main__][INFO] -   Group: sweep_densify_size_and_gradient_threshold
[2026-06-21 16:32:00,912][__main__][INFO] -   Train loss: 0.302681
[2026-06-21 16:32:00,912][__main__][INFO] -   Total time: 4.30s (0.07m)
