[2026-06-21 16:30:37,819][__main__][INFO] - 
[2026-06-21 16:30:37,819][__main__][INFO] - ╔==========================================================╗
[2026-06-21 16:30:37,819][__main__][INFO] - ║          3D Gaussian Splat Training Pipeline              ║
[2026-06-21 16:30:37,819][__main__][INFO] - ╚==========================================================╝
[2026-06-21 16:30:37,819][__main__][INFO] - Experiment: densify_sz0.005_gr0.0001
[2026-06-21 16:30:37,819][__main__][INFO] - Project dir: /Users/bc/brendanchambers/2026-06-18-iphone-video-to-splat
[2026-06-21 16:30:37,819][__main__][INFO] - 
[2026-06-21 16:30:37,819][src.timing_recorder][INFO] - [TIMING] Starting: frame_extraction
[2026-06-21 16:30:37,819][__main__][INFO] - ============================================================
[2026-06-21 16:30:37,819][__main__][INFO] - STEP 1: Frame Extraction
[2026-06-21 16:30:37,819][__main__][INFO] - ============================================================
[2026-06-21 16:30:37,820][src.frame_extractor][INFO] - Extracting frames from: /Users/bc/brendanchambers/2026-06-18-iphone-video-to-splat/data/incoming/movies/teensy.mov
[2026-06-21 16:30:37,820][src.frame_extractor][INFO] - Output directory: /Users/bc/brendanchambers/2026-06-18-iphone-video-to-splat/data/intermediates/densify_sz0.005_gr0.0001/colmap_sfm_camera_model/images
[2026-06-21 16:30:37,820][src.frame_extractor][INFO] - Extracting frames at 2 fps
[2026-06-21 16:30:37,820][src.frame_extractor][INFO] - Running command: ffmpeg -i /Users/bc/brendanchambers/2026-06-18-iphone-video-to-splat/data/incoming/movies/teensy.mov -vf fps=2 -q:v 5 /Users/bc/brendanchambers/2026-06-18-iphone-video-to-splat/data/intermediates/densify_sz0.005_gr0.0001/colmap_sfm_camera_model/images/frame_%04d.jpg
[2026-06-21 16:30:37,835][src.frame_extractor][INFO] - ffmpeg version 8.1.2 Copyright (c) 2000-2026 the FFmpeg developers
[2026-06-21 16:30:37,835][src.frame_extractor][INFO] -   built with Apple clang version 17.0.0 (clang-1700.6.4.2)
[2026-06-21 16:30:37,835][src.frame_extractor][INFO] -   configuration: --prefix=/opt/homebrew/Cellar/ffmpeg/8.1.2 --enable-shared --enable-pthreads --enable-version3 --cc=clang --host-cflags= --host-ldflags= --enable-ffplay --enable-gpl --enable-libsvtav1 --enable-libopus --enable-libx264 --enable-libmp3lame --enable-libdav1d --enable-libvmaf --enable-libvpx --enable-libx265 --enable-openssl --enable-videotoolbox --enable-audiotoolbox --enable-neon
[2026-06-21 16:30:37,835][src.frame_extractor][INFO] -   libavutil      60. 26.102 / 60. 26.102
[2026-06-21 16:30:37,835][src.frame_extractor][INFO] -   libavcodec     62. 28.102 / 62. 28.102
[2026-06-21 16:30:37,835][src.frame_extractor][INFO] -   libavformat    62. 12.102 / 62. 12.102
[2026-06-21 16:30:37,835][src.frame_extractor][INFO] -   libavdevice    62.  3.102 / 62.  3.102
[2026-06-21 16:30:37,835][src.frame_extractor][INFO] -   libavfilter    11. 14.102 / 11. 14.102
[2026-06-21 16:30:37,835][src.frame_extractor][INFO] -   libswscale      9.  5.102 /  9.  5.102
[2026-06-21 16:30:37,835][src.frame_extractor][INFO] -   libswresample   6.  3.102 /  6.  3.102
[2026-06-21 16:30:37,850][src.frame_extractor][INFO] - Input #0, mov,mp4,m4a,3gp,3g2,mj2, from '/Users/bc/brendanchambers/2026-06-18-iphone-video-to-splat/data/incoming/movies/teensy.mov':
[2026-06-21 16:30:37,850][src.frame_extractor][INFO] -   Metadata:
[2026-06-21 16:30:37,850][src.frame_extractor][INFO] -     major_brand     : qt
[2026-06-21 16:30:37,851][src.frame_extractor][INFO] -     minor_version   : 512
[2026-06-21 16:30:37,851][src.frame_extractor][INFO] -     compatible_brands: qt
[2026-06-21 16:30:37,851][src.frame_extractor][INFO] -     encoder         : Lavf62.12.102
[2026-06-21 16:30:37,851][src.frame_extractor][INFO] -   Duration: 00:00:04.01, start: 0.000000, bitrate: 19786 kb/s
[2026-06-21 16:30:37,851][src.frame_extractor][INFO] -   Stream #0:0[0x1]: Video: h264 (High) (avc1 / 0x31637661), yuv420p(tv, bt709, progressive), 1080x1920, 19646 kb/s, 29.67 fps, 29.67 tbr, 11392 tbn (default)
[2026-06-21 16:30:37,851][src.frame_extractor][INFO] -     Metadata:
[2026-06-21 16:30:37,851][src.frame_extractor][INFO] -       handler_name    : Core Media Video
[2026-06-21 16:30:37,851][src.frame_extractor][INFO] -       vendor_id       : FFMP
[2026-06-21 16:30:37,851][src.frame_extractor][INFO] -       encoder         : Lavc62.28.102 libx264
[2026-06-21 16:30:37,851][src.frame_extractor][INFO] -   Stream #0:1[0x2]: Audio: aac (LC) (mp4a / 0x6134706D), 48000 Hz, stereo, fltp, 128 kb/s (default)
[2026-06-21 16:30:37,851][src.frame_extractor][INFO] -     Metadata:
[2026-06-21 16:30:37,851][src.frame_extractor][INFO] -       handler_name    : Core Media Audio
[2026-06-21 16:30:37,851][src.frame_extractor][INFO] -       vendor_id       : [0][0][0][0]
[2026-06-21 16:30:37,851][src.frame_extractor][INFO] - Stream mapping:
[2026-06-21 16:30:37,851][src.frame_extractor][INFO] -   Stream #0:0 -> #0:0 (h264 (native) -> mjpeg (native))
[2026-06-21 16:30:37,851][src.frame_extractor][INFO] - Press [q] to stop, [?] for help
[2026-06-21 16:30:37,901][src.frame_extractor][INFO] - Output #0, image2, to '/Users/bc/brendanchambers/2026-06-18-iphone-video-to-splat/data/intermediates/densify_sz0.005_gr0.0001/colmap_sfm_camera_model/images/frame_%04d.jpg':
[2026-06-21 16:30:37,901][src.frame_extractor][INFO] -   Metadata:
[2026-06-21 16:30:37,901][src.frame_extractor][INFO] -     major_brand     : qt
[2026-06-21 16:30:37,901][src.frame_extractor][INFO] -     minor_version   : 512
[2026-06-21 16:30:37,901][src.frame_extractor][INFO] -     compatible_brands: qt
[2026-06-21 16:30:37,901][src.frame_extractor][INFO] -     encoder         : Lavf62.12.102
[2026-06-21 16:30:37,901][src.frame_extractor][INFO] -   Stream #0:0: Video: mjpeg, yuv420p(pc, bt709, progressive), 1080x1920, q=2-31, 200 kb/s, 2 fps, 2 tbn (default)
[2026-06-21 16:30:37,901][src.frame_extractor][INFO] -     Metadata:
[2026-06-21 16:30:37,901][src.frame_extractor][INFO] -       encoder         : Lavc62.28.102 mjpeg
[2026-06-21 16:30:37,901][src.frame_extractor][INFO] -       handler_name    : Core Media Video
[2026-06-21 16:30:37,901][src.frame_extractor][INFO] -       vendor_id       : FFMP
[2026-06-21 16:30:37,901][src.frame_extractor][INFO] -     Side data:
[2026-06-21 16:30:37,901][src.frame_extractor][INFO] -       CPB properties: bitrate max/min/avg: 0/0/200000 buffer size: 0 vbv_delay: N/A
[2026-06-21 16:30:38,044][src.frame_extractor][INFO] - [out#0/image2 @ 0x6000013306c0] video:3120KiB audio:0KiB subtitle:0KiB other streams:0KiB global headers:0KiB muxing overhead: unknown
[2026-06-21 16:30:38,044][src.frame_extractor][INFO] - frame=    8 fps=0.0 q=5.0 Lsize=N/A time=00:00:04.00 bitrate=N/A speed=20.7x elapsed=0:00:00.19
[2026-06-21 16:30:38,047][src.frame_extractor][INFO] - Successfully extracted 8 frames
[2026-06-21 16:30:38,047][__main__][INFO] - ✓ Frame extraction completed
[2026-06-21 16:30:38,047][src.timing_recorder][INFO] - [TIMING] ✓ Completed: frame_extraction (0.23s)
[2026-06-21 16:30:38,047][src.timing_recorder][INFO] - [TIMING] Starting: feature_extraction
[2026-06-21 16:30:38,047][__main__][INFO] - ============================================================
[2026-06-21 16:30:38,047][__main__][INFO] - STEP 2: Feature Extraction
[2026-06-21 16:30:38,047][__main__][INFO] - ============================================================
[2026-06-21 16:30:38,049][src.colmap_feature_extractor][INFO] - Extracting features from images: /Users/bc/brendanchambers/2026-06-18-iphone-video-to-splat/data/intermediates/densify_sz0.005_gr0.0001/colmap_sfm_camera_model/images
[2026-06-21 16:30:38,049][src.colmap_feature_extractor][INFO] - Database: /Users/bc/brendanchambers/2026-06-18-iphone-video-to-splat/data/intermediates/densify_sz0.005_gr0.0001/colmap_sfm_camera_model/database.db
[2026-06-21 16:30:38,049][src.colmap_feature_extractor][INFO] - Running: colmap feature_extractor
[2026-06-21 16:30:38,218][src.colmap_feature_extractor][INFO] - I20260621 16:30:38.217907 0x16f437000 feature_extraction.cc:504] === Feature extraction ===
[2026-06-21 16:30:38,233][src.colmap_feature_extractor][INFO] - I20260621 16:30:38.233369 0x16fa3b000 sift.cc:757] Creating SIFT GPU feature extractor
[2026-06-21 16:30:38,386][src.colmap_feature_extractor][INFO] - I20260621 16:30:38.386878 0x16fac7000 feature_extraction.cc:282] Processed file [1/8]
[2026-06-21 16:30:38,387][src.colmap_feature_extractor][INFO] - I20260621 16:30:38.386915 0x16fac7000 feature_extraction.cc:285]   Name:            frame_0001.jpg
[2026-06-21 16:30:38,387][src.colmap_feature_extractor][INFO] - I20260621 16:30:38.386946 0x16fac7000 feature_extraction.cc:294]   Dimensions:      1080 x 1920
[2026-06-21 16:30:38,387][src.colmap_feature_extractor][INFO] - I20260621 16:30:38.386957 0x16fac7000 feature_extraction.cc:297]   Camera:          #1 - RADIAL
[2026-06-21 16:30:38,387][src.colmap_feature_extractor][INFO] - I20260621 16:30:38.386964 0x16fac7000 feature_extraction.cc:300]   Focal Length:    2304.00px
[2026-06-21 16:30:38,387][src.colmap_feature_extractor][INFO] - I20260621 16:30:38.386970 0x16fac7000 feature_extraction.cc:304]   Features:        4449 (SIFT)
[2026-06-21 16:30:38,450][src.colmap_feature_extractor][INFO] - I20260621 16:30:38.450538 0x16fac7000 feature_extraction.cc:282] Processed file [2/8]
[2026-06-21 16:30:38,450][src.colmap_feature_extractor][INFO] - I20260621 16:30:38.450557 0x16fac7000 feature_extraction.cc:285]   Name:            frame_0002.jpg
[2026-06-21 16:30:38,450][src.colmap_feature_extractor][INFO] - I20260621 16:30:38.450559 0x16fac7000 feature_extraction.cc:294]   Dimensions:      1080 x 1920
[2026-06-21 16:30:38,450][src.colmap_feature_extractor][INFO] - I20260621 16:30:38.450561 0x16fac7000 feature_extraction.cc:297]   Camera:          #1 - RADIAL
[2026-06-21 16:30:38,450][src.colmap_feature_extractor][INFO] - I20260621 16:30:38.450564 0x16fac7000 feature_extraction.cc:300]   Focal Length:    2304.00px
[2026-06-21 16:30:38,450][src.colmap_feature_extractor][INFO] - I20260621 16:30:38.450567 0x16fac7000 feature_extraction.cc:304]   Features:        4766 (SIFT)
[2026-06-21 16:30:38,506][src.colmap_feature_extractor][INFO] - I20260621 16:30:38.506412 0x16fac7000 feature_extraction.cc:282] Processed file [3/8]
[2026-06-21 16:30:38,506][src.colmap_feature_extractor][INFO] - I20260621 16:30:38.506432 0x16fac7000 feature_extraction.cc:285]   Name:            frame_0003.jpg
[2026-06-21 16:30:38,506][src.colmap_feature_extractor][INFO] - I20260621 16:30:38.506434 0x16fac7000 feature_extraction.cc:294]   Dimensions:      1080 x 1920
[2026-06-21 16:30:38,506][src.colmap_feature_extractor][INFO] - I20260621 16:30:38.506436 0x16fac7000 feature_extraction.cc:297]   Camera:          #1 - RADIAL
[2026-06-21 16:30:38,506][src.colmap_feature_extractor][INFO] - I20260621 16:30:38.506438 0x16fac7000 feature_extraction.cc:300]   Focal Length:    2304.00px
[2026-06-21 16:30:38,506][src.colmap_feature_extractor][INFO] - I20260621 16:30:38.506441 0x16fac7000 feature_extraction.cc:304]   Features:        5561 (SIFT)
[2026-06-21 16:30:38,560][src.colmap_feature_extractor][INFO] - I20260621 16:30:38.560595 0x16fac7000 feature_extraction.cc:282] Processed file [4/8]
[2026-06-21 16:30:38,560][src.colmap_feature_extractor][INFO] - I20260621 16:30:38.560621 0x16fac7000 feature_extraction.cc:285]   Name:            frame_0004.jpg
[2026-06-21 16:30:38,560][src.colmap_feature_extractor][INFO] - I20260621 16:30:38.560626 0x16fac7000 feature_extraction.cc:294]   Dimensions:      1080 x 1920
[2026-06-21 16:30:38,560][src.colmap_feature_extractor][INFO] - I20260621 16:30:38.560629 0x16fac7000 feature_extraction.cc:297]   Camera:          #1 - RADIAL
[2026-06-21 16:30:38,560][src.colmap_feature_extractor][INFO] - I20260621 16:30:38.560631 0x16fac7000 feature_extraction.cc:300]   Focal Length:    2304.00px
[2026-06-21 16:30:38,560][src.colmap_feature_extractor][INFO] - I20260621 16:30:38.560633 0x16fac7000 feature_extraction.cc:304]   Features:        6351 (SIFT)
[2026-06-21 16:30:38,616][src.colmap_feature_extractor][INFO] - I20260621 16:30:38.616670 0x16fac7000 feature_extraction.cc:282] Processed file [5/8]
[2026-06-21 16:30:38,616][src.colmap_feature_extractor][INFO] - I20260621 16:30:38.616695 0x16fac7000 feature_extraction.cc:285]   Name:            frame_0005.jpg
[2026-06-21 16:30:38,616][src.colmap_feature_extractor][INFO] - I20260621 16:30:38.616700 0x16fac7000 feature_extraction.cc:294]   Dimensions:      1080 x 1920
[2026-06-21 16:30:38,616][src.colmap_feature_extractor][INFO] - I20260621 16:30:38.616702 0x16fac7000 feature_extraction.cc:297]   Camera:          #1 - RADIAL
[2026-06-21 16:30:38,616][src.colmap_feature_extractor][INFO] - I20260621 16:30:38.616705 0x16fac7000 feature_extraction.cc:300]   Focal Length:    2304.00px
[2026-06-21 16:30:38,617][src.colmap_feature_extractor][INFO] - I20260621 16:30:38.616707 0x16fac7000 feature_extraction.cc:304]   Features:        4609 (SIFT)
[2026-06-21 16:30:38,672][src.colmap_feature_extractor][INFO] - I20260621 16:30:38.672388 0x16fac7000 feature_extraction.cc:282] Processed file [6/8]
[2026-06-21 16:30:38,672][src.colmap_feature_extractor][INFO] - I20260621 16:30:38.672407 0x16fac7000 feature_extraction.cc:285]   Name:            frame_0006.jpg
[2026-06-21 16:30:38,672][src.colmap_feature_extractor][INFO] - I20260621 16:30:38.672409 0x16fac7000 feature_extraction.cc:294]   Dimensions:      1080 x 1920
[2026-06-21 16:30:38,672][src.colmap_feature_extractor][INFO] - I20260621 16:30:38.672422 0x16fac7000 feature_extraction.cc:297]   Camera:          #1 - RADIAL
[2026-06-21 16:30:38,672][src.colmap_feature_extractor][INFO] - I20260621 16:30:38.672427 0x16fac7000 feature_extraction.cc:300]   Focal Length:    2304.00px
[2026-06-21 16:30:38,672][src.colmap_feature_extractor][INFO] - I20260621 16:30:38.672430 0x16fac7000 feature_extraction.cc:304]   Features:        4916 (SIFT)
[2026-06-21 16:30:38,726][src.colmap_feature_extractor][INFO] - I20260621 16:30:38.725945 0x16fac7000 feature_extraction.cc:282] Processed file [7/8]
[2026-06-21 16:30:38,726][src.colmap_feature_extractor][INFO] - I20260621 16:30:38.725959 0x16fac7000 feature_extraction.cc:285]   Name:            frame_0007.jpg
[2026-06-21 16:30:38,726][src.colmap_feature_extractor][INFO] - I20260621 16:30:38.725961 0x16fac7000 feature_extraction.cc:294]   Dimensions:      1080 x 1920
[2026-06-21 16:30:38,726][src.colmap_feature_extractor][INFO] - I20260621 16:30:38.725963 0x16fac7000 feature_extraction.cc:297]   Camera:          #1 - RADIAL
[2026-06-21 16:30:38,726][src.colmap_feature_extractor][INFO] - I20260621 16:30:38.725965 0x16fac7000 feature_extraction.cc:300]   Focal Length:    2304.00px
[2026-06-21 16:30:38,726][src.colmap_feature_extractor][INFO] - I20260621 16:30:38.725968 0x16fac7000 feature_extraction.cc:304]   Features:        4134 (SIFT)
[2026-06-21 16:30:38,782][src.colmap_feature_extractor][INFO] - I20260621 16:30:38.782847 0x16fac7000 feature_extraction.cc:282] Processed file [8/8]
[2026-06-21 16:30:38,782][src.colmap_feature_extractor][INFO] - I20260621 16:30:38.782893 0x16fac7000 feature_extraction.cc:285]   Name:            frame_0008.jpg
[2026-06-21 16:30:38,783][src.colmap_feature_extractor][INFO] - I20260621 16:30:38.782896 0x16fac7000 feature_extraction.cc:294]   Dimensions:      1080 x 1920
[2026-06-21 16:30:38,783][src.colmap_feature_extractor][INFO] - I20260621 16:30:38.782898 0x16fac7000 feature_extraction.cc:297]   Camera:          #1 - RADIAL
[2026-06-21 16:30:38,783][src.colmap_feature_extractor][INFO] - I20260621 16:30:38.782904 0x16fac7000 feature_extraction.cc:300]   Focal Length:    2304.00px
[2026-06-21 16:30:38,783][src.colmap_feature_extractor][INFO] - I20260621 16:30:38.782907 0x16fac7000 feature_extraction.cc:304]   Features:        6773 (SIFT)
[2026-06-21 16:30:38,788][src.colmap_feature_extractor][INFO] - I20260621 16:30:38.788530 0x16f437000 timer.cc:90] Elapsed time: 0.009 [minutes]
[2026-06-21 16:30:38,807][src.colmap_feature_extractor][INFO] - Feature extraction completed successfully
[2026-06-21 16:30:38,807][__main__][INFO] - ✓ Feature extraction completed
[2026-06-21 16:30:38,807][src.timing_recorder][INFO] - [TIMING] ✓ Completed: feature_extraction (0.76s)
[2026-06-21 16:30:38,807][src.timing_recorder][INFO] - [TIMING] Starting: feature_matching
[2026-06-21 16:30:38,807][__main__][INFO] - ============================================================
[2026-06-21 16:30:38,807][__main__][INFO] - STEP 3: Feature Matching
[2026-06-21 16:30:38,807][__main__][INFO] - ============================================================
[2026-06-21 16:30:38,808][src.colmap_feature_matcher][INFO] - Matching features in database: /Users/bc/brendanchambers/2026-06-18-iphone-video-to-splat/data/intermediates/densify_sz0.005_gr0.0001/colmap_sfm_camera_model/database.db
[2026-06-21 16:30:38,808][src.colmap_feature_matcher][INFO] - Running: colmap sequential_matcher
[2026-06-21 16:30:38,975][src.colmap_feature_matcher][INFO] - I20260621 16:30:38.974193 0x16b2cf000 feature_matching.cc:195] === Feature matching & geometric verification ===
[2026-06-21 16:30:38,989][src.colmap_feature_matcher][INFO] - I20260621 16:30:38.989121 0x16b35b000 sift.cc:1559] Creating SIFT GPU feature matcher
[2026-06-21 16:30:39,013][src.colmap_feature_matcher][INFO] - I20260621 16:30:39.013706 0x16b2cf000 pairing.cc:415] Generating sequential image pairs...
[2026-06-21 16:30:39,013][src.colmap_feature_matcher][INFO] - I20260621 16:30:39.013791 0x16b2cf000 pairing.cc:473] Processing image [1/8]
[2026-06-21 16:30:39,083][src.colmap_feature_matcher][INFO] - I20260621 16:30:39.083925 0x16b2cf000 feature_matching.cc:217] in 0.070s
[2026-06-21 16:30:39,084][src.colmap_feature_matcher][INFO] - I20260621 16:30:39.083938 0x16b2cf000 pairing.cc:473] Processing image [2/8]
[2026-06-21 16:30:39,142][src.colmap_feature_matcher][INFO] - I20260621 16:30:39.142063 0x16b2cf000 feature_matching.cc:217] in 0.058s
[2026-06-21 16:30:39,142][src.colmap_feature_matcher][INFO] - I20260621 16:30:39.142071 0x16b2cf000 pairing.cc:473] Processing image [3/8]
[2026-06-21 16:30:39,202][src.colmap_feature_matcher][INFO] - I20260621 16:30:39.202769 0x16b2cf000 feature_matching.cc:217] in 0.061s
[2026-06-21 16:30:39,202][src.colmap_feature_matcher][INFO] - I20260621 16:30:39.202775 0x16b2cf000 pairing.cc:473] Processing image [4/8]
[2026-06-21 16:30:39,275][src.colmap_feature_matcher][INFO] - I20260621 16:30:39.275455 0x16b2cf000 feature_matching.cc:217] in 0.073s
[2026-06-21 16:30:39,275][src.colmap_feature_matcher][INFO] - I20260621 16:30:39.275460 0x16b2cf000 pairing.cc:473] Processing image [5/8]
[2026-06-21 16:30:39,306][src.colmap_feature_matcher][INFO] - I20260621 16:30:39.306539 0x16b2cf000 feature_matching.cc:217] in 0.031s
[2026-06-21 16:30:39,306][src.colmap_feature_matcher][INFO] - I20260621 16:30:39.306543 0x16b2cf000 pairing.cc:473] Processing image [6/8]
[2026-06-21 16:30:39,346][src.colmap_feature_matcher][INFO] - I20260621 16:30:39.346383 0x16b2cf000 feature_matching.cc:217] in 0.040s
[2026-06-21 16:30:39,346][src.colmap_feature_matcher][INFO] - I20260621 16:30:39.346387 0x16b2cf000 pairing.cc:473] Processing image [7/8]
[2026-06-21 16:30:39,368][src.colmap_feature_matcher][INFO] - I20260621 16:30:39.368011 0x16b2cf000 feature_matching.cc:217] in 0.022s
[2026-06-21 16:30:39,368][src.colmap_feature_matcher][INFO] - I20260621 16:30:39.368014 0x16b2cf000 pairing.cc:473] Processing image [8/8]
[2026-06-21 16:30:39,368][src.colmap_feature_matcher][INFO] - I20260621 16:30:39.368016 0x16b2cf000 feature_matching.cc:217] in 0.000s
[2026-06-21 16:30:39,368][src.colmap_feature_matcher][INFO] - I20260621 16:30:39.368018 0x16b2cf000 timer.cc:90] Elapsed time: 0.007 [minutes]
[2026-06-21 16:30:39,375][src.colmap_feature_matcher][INFO] - Feature matching completed successfully
[2026-06-21 16:30:39,376][__main__][INFO] - ✓ Feature matching completed
[2026-06-21 16:30:39,376][src.timing_recorder][INFO] - [TIMING] ✓ Completed: feature_matching (0.57s)
[2026-06-21 16:30:39,376][src.timing_recorder][INFO] - [TIMING] Starting: sparse_reconstruction
[2026-06-21 16:30:39,376][__main__][INFO] - ============================================================
[2026-06-21 16:30:39,376][__main__][INFO] - STEP 4: Sparse Reconstruction
[2026-06-21 16:30:39,376][__main__][INFO] - ============================================================
[2026-06-21 16:30:39,377][src.colmap_mapper][INFO] - Performing sparse reconstruction
[2026-06-21 16:30:39,377][src.colmap_mapper][INFO] - Database: /Users/bc/brendanchambers/2026-06-18-iphone-video-to-splat/data/intermediates/densify_sz0.005_gr0.0001/colmap_sfm_camera_model/database.db
[2026-06-21 16:30:39,377][src.colmap_mapper][INFO] - Images: /Users/bc/brendanchambers/2026-06-18-iphone-video-to-splat/data/intermediates/densify_sz0.005_gr0.0001/colmap_sfm_camera_model/images
[2026-06-21 16:30:39,378][src.colmap_mapper][INFO] - Output: /Users/bc/brendanchambers/2026-06-18-iphone-video-to-splat/data/intermediates/densify_sz0.005_gr0.0001/colmap_sfm_camera_model/sparse
[2026-06-21 16:30:39,378][src.colmap_mapper][INFO] - Running: colmap mapper
[2026-06-21 16:30:39,428][src.colmap_mapper][INFO] - I20260621 16:30:39.428091 0x1fde420c0 incremental_pipeline.cc:278] Loading database
[2026-06-21 16:30:39,428][src.colmap_mapper][INFO] - I20260621 16:30:39.428383 0x1fde420c0 database_cache.cc:72] Loading rigs...
[2026-06-21 16:30:39,428][src.colmap_mapper][INFO] - I20260621 16:30:39.428403 0x1fde420c0 database_cache.cc:82]  1 in 0.000s
[2026-06-21 16:30:39,428][src.colmap_mapper][INFO] - I20260621 16:30:39.428407 0x1fde420c0 database_cache.cc:90] Loading cameras...
[2026-06-21 16:30:39,428][src.colmap_mapper][INFO] - I20260621 16:30:39.428416 0x1fde420c0 database_cache.cc:108]  1 in 0.000s
[2026-06-21 16:30:39,428][src.colmap_mapper][INFO] - I20260621 16:30:39.428418 0x1fde420c0 database_cache.cc:116] Loading frames...
[2026-06-21 16:30:39,428][src.colmap_mapper][INFO] - I20260621 16:30:39.428435 0x1fde420c0 database_cache.cc:126]  8 in 0.000s
[2026-06-21 16:30:39,428][src.colmap_mapper][INFO] - I20260621 16:30:39.428437 0x1fde420c0 database_cache.cc:134] Loading matches...
[2026-06-21 16:30:39,428][src.colmap_mapper][INFO] - I20260621 16:30:39.428504 0x1fde420c0 database_cache.cc:139]  17 in 0.000s
[2026-06-21 16:30:39,428][src.colmap_mapper][INFO] - I20260621 16:30:39.428506 0x1fde420c0 database_cache.cc:147] Loading images...
[2026-06-21 16:30:39,429][src.colmap_mapper][INFO] - I20260621 16:30:39.429041 0x1fde420c0 database_cache.cc:241]  8 in 0.001s (connected 8, loaded 8)
[2026-06-21 16:30:39,429][src.colmap_mapper][INFO] - I20260621 16:30:39.429045 0x1fde420c0 database_cache.cc:255] Loading pose priors...
[2026-06-21 16:30:39,429][src.colmap_mapper][INFO] - I20260621 16:30:39.429051 0x1fde420c0 database_cache.cc:263]  0 in 0.000s
[2026-06-21 16:30:39,429][src.colmap_mapper][INFO] - I20260621 16:30:39.429053 0x1fde420c0 database_cache.cc:271] Building correspondence graph...
[2026-06-21 16:30:39,429][src.colmap_mapper][INFO] - I20260621 16:30:39.429869 0x1fde420c0 database_cache.cc:300]  in 0.001s (ignored 0)
[2026-06-21 16:30:39,429][src.colmap_mapper][INFO] - I20260621 16:30:39.429872 0x1fde420c0 timer.cc:90] Elapsed time: 0.000 [minutes]
[2026-06-21 16:30:39,429][src.colmap_mapper][INFO] - I20260621 16:30:39.429962 0x1fde420c0 incremental_pipeline.cc:390] Finding good initial image pair
[2026-06-21 16:30:39,441][src.colmap_mapper][INFO] - I20260621 16:30:39.441666 0x1fde420c0 incremental_pipeline.cc:414] Registering initial image pair #6 and #2
[2026-06-21 16:30:39,442][src.colmap_mapper][INFO] - I20260621 16:30:39.442110 0x1fde420c0 incremental_pipeline.cc:432] Global bundle adjustment
[2026-06-21 16:30:39,463][src.colmap_mapper][INFO] - I20260621 16:30:39.463369 0x1fde420c0 incremental_pipeline.cc:537] Registering image #3 (num_reg_frames=2)
[2026-06-21 16:30:39,463][src.colmap_mapper][INFO] - I20260621 16:30:39.463374 0x1fde420c0 incremental_pipeline.cc:540] => Image sees 85 / 1892 points
[2026-06-21 16:30:39,476][src.colmap_mapper][INFO] - I20260621 16:30:39.476572 0x1fde420c0 incremental_pipeline.cc:79] Retriangulation and Global bundle adjustment
[2026-06-21 16:30:39,487][src.colmap_mapper][INFO] - I20260621 16:30:39.487524 0x1fde420c0 incremental_pipeline.cc:537] Registering image #1 (num_reg_frames=3)
[2026-06-21 16:30:39,487][src.colmap_mapper][INFO] - I20260621 16:30:39.487528 0x1fde420c0 incremental_pipeline.cc:540] => Image sees 465 / 1825 points
[2026-06-21 16:30:39,506][src.colmap_mapper][INFO] - I20260621 16:30:39.506541 0x1fde420c0 incremental_pipeline.cc:79] Retriangulation and Global bundle adjustment
[2026-06-21 16:30:39,517][src.colmap_mapper][INFO] - I20260621 16:30:39.517975 0x1fde420c0 incremental_pipeline.cc:537] Registering image #4 (num_reg_frames=4)
[2026-06-21 16:30:39,518][src.colmap_mapper][INFO] - I20260621 16:30:39.517978 0x1fde420c0 incremental_pipeline.cc:540] => Image sees 362 / 3027 points
[2026-06-21 16:30:39,583][src.colmap_mapper][INFO] - I20260621 16:30:39.583263 0x1fde420c0 incremental_pipeline.cc:79] Retriangulation and Global bundle adjustment
[2026-06-21 16:30:39,608][src.colmap_mapper][INFO] - I20260621 16:30:39.608791 0x1fde420c0 incremental_pipeline.cc:537] Registering image #5 (num_reg_frames=5)
[2026-06-21 16:30:39,609][src.colmap_mapper][INFO] - I20260621 16:30:39.608812 0x1fde420c0 incremental_pipeline.cc:540] => Image sees 1063 / 2461 points
[2026-06-21 16:30:39,670][src.colmap_mapper][INFO] - I20260621 16:30:39.670460 0x1fde420c0 incremental_pipeline.cc:79] Retriangulation and Global bundle adjustment
[2026-06-21 16:30:39,689][src.colmap_mapper][INFO] - I20260621 16:30:39.689042 0x1fde420c0 incremental_pipeline.cc:537] Registering image #7 (num_reg_frames=6)
[2026-06-21 16:30:39,689][src.colmap_mapper][INFO] - I20260621 16:30:39.689056 0x1fde420c0 incremental_pipeline.cc:540] => Image sees 435 / 1676 points
[2026-06-21 16:30:39,726][src.colmap_mapper][INFO] - I20260621 16:30:39.726626 0x1fde420c0 incremental_pipeline.cc:79] Retriangulation and Global bundle adjustment
[2026-06-21 16:30:39,763][src.colmap_mapper][INFO] - I20260621 16:30:39.763631 0x1fde420c0 incremental_pipeline.cc:537] Registering image #8 (num_reg_frames=7)
[2026-06-21 16:30:39,763][src.colmap_mapper][INFO] - I20260621 16:30:39.763644 0x1fde420c0 incremental_pipeline.cc:540] => Image sees 482 / 1376 points
[2026-06-21 16:30:39,801][src.colmap_mapper][INFO] - I20260621 16:30:39.801652 0x1fde420c0 incremental_pipeline.cc:79] Retriangulation and Global bundle adjustment
[2026-06-21 16:30:39,843][src.colmap_mapper][INFO] - I20260621 16:30:39.843203 0x1fde420c0 incremental_pipeline.cc:79] Retriangulation and Global bundle adjustment
[2026-06-21 16:30:39,852][src.colmap_mapper][INFO] - I20260621 16:30:39.852529 0x1fde420c0 incremental_pipeline.cc:723] Keeping successful reconstruction
[2026-06-21 16:30:39,854][src.colmap_mapper][INFO] - I20260621 16:30:39.854892 0x1fde420c0 timer.cc:90] Elapsed time: 0.007 [minutes]
[2026-06-21 16:30:39,858][src.colmap_mapper][INFO] - Sparse reconstruction completed successfully
[2026-06-21 16:30:39,858][__main__][INFO] - ✓ Sparse reconstruction completed
[2026-06-21 16:30:39,858][src.timing_recorder][INFO] - [TIMING] ✓ Completed: sparse_reconstruction (0.48s)
[2026-06-21 16:30:39,858][src.timing_recorder][INFO] - [TIMING] Starting: undistortion
[2026-06-21 16:30:39,858][__main__][INFO] - ============================================================
[2026-06-21 16:30:39,858][__main__][INFO] - STEP 5: Image Undistortion
[2026-06-21 16:30:39,858][__main__][INFO] - ============================================================
[2026-06-21 16:30:39,859][src.colmap_undistorter][INFO] - Undistorting images
[2026-06-21 16:30:39,859][src.colmap_undistorter][INFO] - Input model: /Users/bc/brendanchambers/2026-06-18-iphone-video-to-splat/data/intermediates/densify_sz0.005_gr0.0001/colmap_sfm_camera_model/sparse/0
[2026-06-21 16:30:39,859][src.colmap_undistorter][INFO] - Images: /Users/bc/brendanchambers/2026-06-18-iphone-video-to-splat/data/intermediates/densify_sz0.005_gr0.0001/colmap_sfm_camera_model/images
[2026-06-21 16:30:39,859][src.colmap_undistorter][INFO] - Output: /Users/bc/brendanchambers/2026-06-18-iphone-video-to-splat/data/intermediates/densify_sz0.005_gr0.0001/colmap_sfm_linearized
[2026-06-21 16:30:39,860][src.colmap_undistorter][INFO] - Running: colmap image_undistorter
[2026-06-21 16:30:39,912][src.colmap_undistorter][INFO] - I20260621 16:30:39.911856 0x1fde420c0 image.cc:368] === Reading reconstruction ===
[2026-06-21 16:30:39,914][src.colmap_undistorter][INFO] - I20260621 16:30:39.914220 0x1fde420c0 image.cc:371] => Reconstruction with 8 images and 2190 points
[2026-06-21 16:30:39,914][src.colmap_undistorter][INFO] - I20260621 16:30:39.914229 0x1fde420c0 undistorters.cc:166] === Image undistortion ===
[2026-06-21 16:30:39,914][src.colmap_undistorter][INFO] - I20260621 16:30:39.914496 0x1fde420c0 undistorters.cc:205] Undistorting image [1/8]
[2026-06-21 16:30:40,504][src.colmap_undistorter][INFO] - I20260621 16:30:40.504110 0x1fde420c0 undistorters.cc:205] Undistorting image [2/8]
[2026-06-21 16:30:40,522][src.colmap_undistorter][INFO] - I20260621 16:30:40.522088 0x1fde420c0 undistorters.cc:205] Undistorting image [3/8]
[2026-06-21 16:30:40,536][src.colmap_undistorter][INFO] - I20260621 16:30:40.536688 0x1fde420c0 undistorters.cc:205] Undistorting image [4/8]
[2026-06-21 16:30:40,545][src.colmap_undistorter][INFO] - I20260621 16:30:40.545931 0x1fde420c0 undistorters.cc:205] Undistorting image [5/8]
[2026-06-21 16:30:40,545][src.colmap_undistorter][INFO] - I20260621 16:30:40.545936 0x1fde420c0 undistorters.cc:205] Undistorting image [6/8]
[2026-06-21 16:30:40,546][src.colmap_undistorter][INFO] - I20260621 16:30:40.545938 0x1fde420c0 undistorters.cc:205] Undistorting image [7/8]
[2026-06-21 16:30:40,546][src.colmap_undistorter][INFO] - I20260621 16:30:40.545939 0x1fde420c0 undistorters.cc:205] Undistorting image [8/8]
[2026-06-21 16:30:40,546][src.colmap_undistorter][INFO] - I20260621 16:30:40.545941 0x1fde420c0 undistorters.cc:213] Writing reconstruction...
[2026-06-21 16:30:40,550][src.colmap_undistorter][INFO] - I20260621 16:30:40.550514 0x1fde420c0 undistorters.cc:218] Writing configuration...
[2026-06-21 16:30:40,550][src.colmap_undistorter][INFO] - I20260621 16:30:40.550618 0x1fde420c0 undistorters.cc:222] Writing scripts...
[2026-06-21 16:30:40,550][src.colmap_undistorter][INFO] - I20260621 16:30:40.550714 0x1fde420c0 timer.cc:90] Elapsed time: 0.011 [minutes]
[2026-06-21 16:30:40,554][src.colmap_undistorter][INFO] - Image undistortion completed successfully
[2026-06-21 16:30:40,554][__main__][INFO] - ✓ Image undistortion completed
[2026-06-21 16:30:40,554][src.timing_recorder][INFO] - [TIMING] ✓ Completed: undistortion (0.70s)
[2026-06-21 16:30:40,554][src.timing_recorder][INFO] - [TIMING] Starting: splat_training
[2026-06-21 16:30:40,554][__main__][INFO] - ============================================================
[2026-06-21 16:30:40,554][__main__][INFO] - STEP 6: OpenSplat Training
[2026-06-21 16:30:40,554][__main__][INFO] - ============================================================
[2026-06-21 16:30:40,556][src.opensplat_trainer][INFO] - Training 3D Gaussian Splat
[2026-06-21 16:30:40,556][src.opensplat_trainer][INFO] - Sparse model: /Users/bc/brendanchambers/2026-06-18-iphone-video-to-splat/data/intermediates/densify_sz0.005_gr0.0001/colmap_sfm_linearized/sparse
[2026-06-21 16:30:40,557][src.opensplat_trainer][INFO] - Images: /Users/bc/brendanchambers/2026-06-18-iphone-video-to-splat/data/intermediates/densify_sz0.005_gr0.0001/colmap_sfm_linearized/images
[2026-06-21 16:30:40,557][src.opensplat_trainer][INFO] - Output PLY: /Users/bc/brendanchambers/2026-06-18-iphone-video-to-splat/data/intermediates/densify_sz0.005_gr0.0001/colmap_sfm_linearized/splats/densify_sz0.005_gr0.0001_20260621_1630.ply
[2026-06-21 16:30:40,557][src.opensplat_trainer][INFO] - Training loss log: /Users/bc/brendanchambers/2026-06-18-iphone-video-to-splat/data/intermediates/densify_sz0.005_gr0.0001/colmap_sfm_linearized/splats/train_20260621_1630.jsonl
[2026-06-21 16:30:40,557][src.opensplat_trainer][INFO] - Validation loss log: /Users/bc/brendanchambers/2026-06-18-iphone-video-to-splat/data/intermediates/densify_sz0.005_gr0.0001/colmap_sfm_linearized/splats/val_20260621_1630.jsonl
[2026-06-21 16:30:40,557][src.opensplat_trainer][INFO] - Running: opensplat
[2026-06-21 16:30:40,696][src.opensplat_trainer][INFO] - Using MPS
[2026-06-21 16:30:40,698][src.opensplat_trainer][INFO] - Reading 2190 points
[2026-06-21 16:30:40,698][src.opensplat_trainer][INFO] - Loading /Users/bc/brendanchambers/2026-06-18-iphone-video-to-splat/data/intermediates/densify_sz0.005_gr0.0001/colmap_sfm_linearized/images/frame_0001.jpg
[2026-06-21 16:30:40,698][src.opensplat_trainer][INFO] - Loading /Users/bc/brendanchambers/2026-06-18-iphone-video-to-splat/data/intermediates/densify_sz0.005_gr0.0001/colmap_sfm_linearized/images/frame_0002.jpg
[2026-06-21 16:30:40,698][src.opensplat_trainer][INFO] - Loading /Users/bc/brendanchambers/2026-06-18-iphone-video-to-splat/data/intermediates/densify_sz0.005_gr0.0001/colmap_sfm_linearized/images/frame_0003.jpg
[2026-06-21 16:30:40,699][src.opensplat_trainer][INFO] - Loading /Users/bc/brendanchambers/2026-06-18-iphone-video-to-splat/data/intermediates/densify_sz0.005_gr0.0001/colmap_sfm_linearized/images/frame_0004.jpg
[2026-06-21 16:30:40,699][src.opensplat_trainer][INFO] - Loading /Users/bc/brendanchambers/2026-06-18-iphone-video-to-splat/data/intermediates/densify_sz0.005_gr0.0001/colmap_sfm_linearized/images/frame_0006.jpg
[2026-06-21 16:30:40,699][src.opensplat_trainer][INFO] - Loading /Users/bc/brendanchambers/2026-06-18-iphone-video-to-splat/data/intermediates/densify_sz0.005_gr0.0001/colmap_sfm_linearized/images/frame_0005.jpg
[2026-06-21 16:30:40,699][src.opensplat_trainer][INFO] - Loading /Users/bc/brendanchambers/2026-06-18-iphone-video-to-splat/data/intermediates/densify_sz0.005_gr0.0001/colmap_sfm_linearized/images/frame_0007.jpg
[2026-06-21 16:30:40,699][src.opensplat_trainer][INFO] - Loading /Users/bc/brendanchambers/2026-06-18-iphone-video-to-splat/data/intermediates/densify_sz0.005_gr0.0001/colmap_sfm_linearized/images/frame_0008.jpg
[2026-06-21 16:30:41,073][src.opensplat_trainer][INFO] - init_gsplat_metal_context: loading '/Users/bc/brendanchambers/2026-06-18-iphone-video-to-splat/opensplat/build/default.metallib'
[2026-06-21 16:30:41,073][src.opensplat_trainer][INFO] - init_gsplat_metal_context: loaded '/Users/bc/brendanchambers/2026-06-18-iphone-video-to-splat/opensplat/build/default.metallib', functions: compute_cov2d_bounds_kernel, project_gaussians_backward_kernel, get_tile_bin_edges_kernel, rasterize_backward_kernel, map_gaussian_to_intersects_kernel, nd_rasterize_backward_kernel, project_gaussians_forward_kernel, compute_sh_backward_kernel, compute_sh_forward_kernel, nd_rasterize_forward_kernel
[2026-06-21 16:30:41,073][src.opensplat_trainer][INFO] - init_gsplat_metal_context: load function nd_rasterize_backward_kernel with label: (null)
[2026-06-21 16:30:41,073][src.opensplat_trainer][INFO] - init_gsplat_metal_context: load function nd_rasterize_forward_kernel with label: (null)
[2026-06-21 16:30:41,073][src.opensplat_trainer][INFO] - init_gsplat_metal_context: load function rasterize_backward_kernel with label: (null)
[2026-06-21 16:30:41,073][src.opensplat_trainer][INFO] - init_gsplat_metal_context: load function project_gaussians_forward_kernel with label: (null)
[2026-06-21 16:30:41,073][src.opensplat_trainer][INFO] - init_gsplat_metal_context: load function project_gaussians_backward_kernel with label: (null)
[2026-06-21 16:30:41,073][src.opensplat_trainer][INFO] - init_gsplat_metal_context: load function compute_sh_forward_kernel with label: (null)
[2026-06-21 16:30:41,073][src.opensplat_trainer][INFO] - init_gsplat_metal_context: load function compute_sh_backward_kernel with label: (null)
[2026-06-21 16:30:41,073][src.opensplat_trainer][INFO] - init_gsplat_metal_context: load function compute_cov2d_bounds_kernel with label: (null)
[2026-06-21 16:30:41,073][src.opensplat_trainer][INFO] - init_gsplat_metal_context: load function map_gaussian_to_intersects_kernel with label: (null)
[2026-06-21 16:30:41,073][src.opensplat_trainer][INFO] - init_gsplat_metal_context: load function get_tile_bin_edges_kernel with label: (null)
[2026-06-21 16:30:41,073][src.opensplat_trainer][INFO] - Step 10: 0.334294 (20%)
[2026-06-21 16:30:41,340][src.opensplat_trainer][INFO] - Step 20: 0.315683 (40%)
[2026-06-21 16:30:41,603][src.opensplat_trainer][INFO] - Step 30: 0.283404 (60%)
[2026-06-21 16:30:41,792][src.opensplat_trainer][INFO] - Step 40: 0.300565 (80%)
[2026-06-21 16:30:41,999][src.opensplat_trainer][INFO] - Step 50: 0.302381 (100%)
[2026-06-21 16:30:42,012][src.opensplat_trainer][INFO] - Wrote /Users/bc/brendanchambers/2026-06-18-iphone-video-to-splat/data/intermediates/densify_sz0.005_gr0.0001/colmap_sfm_linearized/splats/cameras.json
[2026-06-21 16:30:42,020][src.opensplat_trainer][INFO] - Wrote /Users/bc/brendanchambers/2026-06-18-iphone-video-to-splat/data/intermediates/densify_sz0.005_gr0.0001/colmap_sfm_linearized/splats/densify_sz0.005_gr0.0001_20260621_1630.ply
[2026-06-21 16:30:42,032][src.opensplat_trainer][INFO] - /Users/bc/brendanchambers/2026-06-18-iphone-video-to-splat/data/intermediates/densify_sz0.005_gr0.0001/colmap_sfm_linearized/images/frame_0001.jpg validation loss: 0.344967
[2026-06-21 16:30:42,083][src.opensplat_trainer][INFO] - Parsed 5 training loss values to /Users/bc/brendanchambers/2026-06-18-iphone-video-to-splat/data/intermediates/densify_sz0.005_gr0.0001/colmap_sfm_linearized/splats/train_20260621_1630.jsonl
[2026-06-21 16:30:42,083][src.opensplat_trainer][INFO] - Captured validation loss: 0.344967 to /Users/bc/brendanchambers/2026-06-18-iphone-video-to-splat/data/intermediates/densify_sz0.005_gr0.0001/colmap_sfm_linearized/splats/val_20260621_1630.jsonl
[2026-06-21 16:30:42,083][src.opensplat_trainer][INFO] - Training completed successfully
[2026-06-21 16:30:42,083][src.opensplat_trainer][INFO] - Output saved to: /Users/bc/brendanchambers/2026-06-18-iphone-video-to-splat/data/intermediates/densify_sz0.005_gr0.0001/colmap_sfm_linearized/splats/densify_sz0.005_gr0.0001_20260621_1630.ply
[2026-06-21 16:30:42,083][__main__][INFO] - ✓ Splat training completed
[2026-06-21 16:30:42,083][__main__][INFO] - ============================================================
[2026-06-21 16:30:42,083][__main__][INFO] - Analyzing Training Loss
[2026-06-21 16:30:42,083][__main__][INFO] - ============================================================
[2026-06-21 16:30:42,145][src.timing_recorder][INFO] - [TIMING] ✓ Completed: splat_training (1.59s)
[2026-06-21 16:30:42,145][__main__][INFO] - 
[2026-06-21 16:30:42,146][__main__][INFO] - ╔==========================================================╗
[2026-06-21 16:30:42,146][__main__][INFO] - ║                    Pipeline Complete!                    ║
[2026-06-21 16:30:42,146][__main__][INFO] - ╚==========================================================╝
[2026-06-21 16:30:42,146][__main__][INFO] - Output directory: /Users/bc/brendanchambers/2026-06-18-iphone-video-to-splat/data/intermediates/densify_sz0.005_gr0.0001/colmap_sfm_linearized/splats
[2026-06-21 16:30:42,146][__main__][INFO] -   - PLY file: *.ply (3D Gaussian Splat)
[2026-06-21 16:30:42,146][__main__][INFO] -   - Loss log: *.jsonl (Training loss per step)
[2026-06-21 16:30:42,146][__main__][INFO] -   - Timing log: running-time_*.jsonl (Step execution times)
[2026-06-21 16:30:42,146][src.timing_recorder][INFO] - 
[2026-06-21 16:30:42,146][src.timing_recorder][INFO] - ======================================================================
[2026-06-21 16:30:42,146][src.timing_recorder][INFO] - PIPELINE EXECUTION TIMING SUMMARY
[2026-06-21 16:30:42,146][src.timing_recorder][INFO] - ======================================================================
[2026-06-21 16:30:42,146][src.timing_recorder][INFO] - ✓ frame_extraction              0.23s  (  5.3%)
[2026-06-21 16:30:42,146][src.timing_recorder][INFO] - ✓ feature_extraction            0.76s  ( 17.6%)
[2026-06-21 16:30:42,146][src.timing_recorder][INFO] - ✓ feature_matching              0.57s  ( 13.1%)
[2026-06-21 16:30:42,146][src.timing_recorder][INFO] - ✓ sparse_reconstruction         0.48s  ( 11.1%)
[2026-06-21 16:30:42,146][src.timing_recorder][INFO] - ✓ undistortion                  0.70s  ( 16.1%)
[2026-06-21 16:30:42,146][src.timing_recorder][INFO] - ✓ splat_training                1.59s  ( 36.8%)
[2026-06-21 16:30:42,147][src.timing_recorder][INFO] - ----------------------------------------------------------------------
[2026-06-21 16:30:42,147][src.timing_recorder][INFO] - TOTAL                           4.33s  (100.0%)
[2026-06-21 16:30:42,147][src.timing_recorder][INFO] - ======================================================================
[2026-06-21 16:30:42,147][src.timing_recorder][INFO] - 
[2026-06-21 16:30:42,147][src.timing_recorder][INFO] - [TIMING] Saved timing report to: /Users/bc/brendanchambers/2026-06-18-iphone-video-to-splat/data/intermediates/densify_sz0.005_gr0.0001/colmap_sfm_linearized/splats/running-time_20260621_1630.jsonl
[2026-06-21 16:30:42,148][__main__][INFO] - ============================================================
[2026-06-21 16:30:42,148][__main__][INFO] - Logging Experiment Results
[2026-06-21 16:30:42,148][__main__][INFO] - ============================================================
[2026-06-21 16:30:42,148][src.experiment_tracker][INFO] - Logged experiment to: /Users/bc/brendanchambers/2026-06-18-iphone-video-to-splat/reports/experiments/baseline.jsonl
[2026-06-21 16:30:42,148][__main__][INFO] - Experiment results logged to: /Users/bc/brendanchambers/2026-06-18-iphone-video-to-splat/reports/experiments/baseline.jsonl
[2026-06-21 16:30:42,148][__main__][INFO] -   Experiment: densify_sz0.005_gr0.0001
[2026-06-21 16:30:42,148][__main__][INFO] -   Group: baseline
[2026-06-21 16:30:42,148][__main__][INFO] -   Train loss: 0.302381
[2026-06-21 16:30:42,148][__main__][INFO] -   Total time: 4.33s (0.07m)
