[2026-06-21 16:32:29,010][__main__][INFO] - 
[2026-06-21 16:32:29,010][__main__][INFO] - ╔==========================================================╗
[2026-06-21 16:32:29,010][__main__][INFO] - ║          3D Gaussian Splat Training Pipeline              ║
[2026-06-21 16:32:29,010][__main__][INFO] - ╚==========================================================╝
[2026-06-21 16:32:29,010][__main__][INFO] - Experiment: densify_sz0.005_gr0.0001
[2026-06-21 16:32:29,010][__main__][INFO] - Project dir: /Users/bc/brendanchambers/2026-06-18-iphone-video-to-splat
[2026-06-21 16:32:29,010][__main__][INFO] - 
[2026-06-21 16:32:29,010][src.timing_recorder][INFO] - [TIMING] Starting: frame_extraction
[2026-06-21 16:32:29,011][__main__][INFO] - ============================================================
[2026-06-21 16:32:29,011][__main__][INFO] - STEP 1: Frame Extraction
[2026-06-21 16:32:29,011][__main__][INFO] - ============================================================
[2026-06-21 16:32:29,011][src.frame_extractor][INFO] - Extracting frames from: /Users/bc/brendanchambers/2026-06-18-iphone-video-to-splat/data/incoming/movies/teensy.mov
[2026-06-21 16:32:29,011][src.frame_extractor][INFO] - Output directory: /Users/bc/brendanchambers/2026-06-18-iphone-video-to-splat/data/intermediates/densify_sz0.005_gr0.0001/colmap_sfm_camera_model/images
[2026-06-21 16:32:29,011][src.frame_extractor][INFO] - Extracting frames at 2 fps
[2026-06-21 16:32:29,011][src.frame_extractor][INFO] - Running command: ffmpeg -i /Users/bc/brendanchambers/2026-06-18-iphone-video-to-splat/data/incoming/movies/teensy.mov -vf fps=2 -q:v 5 /Users/bc/brendanchambers/2026-06-18-iphone-video-to-splat/data/intermediates/densify_sz0.005_gr0.0001/colmap_sfm_camera_model/images/frame_%04d.jpg
[2026-06-21 16:32:29,027][src.frame_extractor][INFO] - ffmpeg version 8.1.2 Copyright (c) 2000-2026 the FFmpeg developers
[2026-06-21 16:32:29,027][src.frame_extractor][INFO] -   built with Apple clang version 17.0.0 (clang-1700.6.4.2)
[2026-06-21 16:32:29,027][src.frame_extractor][INFO] -   configuration: --prefix=/opt/homebrew/Cellar/ffmpeg/8.1.2 --enable-shared --enable-pthreads --enable-version3 --cc=clang --host-cflags= --host-ldflags= --enable-ffplay --enable-gpl --enable-libsvtav1 --enable-libopus --enable-libx264 --enable-libmp3lame --enable-libdav1d --enable-libvmaf --enable-libvpx --enable-libx265 --enable-openssl --enable-videotoolbox --enable-audiotoolbox --enable-neon
[2026-06-21 16:32:29,027][src.frame_extractor][INFO] -   libavutil      60. 26.102 / 60. 26.102
[2026-06-21 16:32:29,027][src.frame_extractor][INFO] -   libavcodec     62. 28.102 / 62. 28.102
[2026-06-21 16:32:29,027][src.frame_extractor][INFO] -   libavformat    62. 12.102 / 62. 12.102
[2026-06-21 16:32:29,027][src.frame_extractor][INFO] -   libavdevice    62.  3.102 / 62.  3.102
[2026-06-21 16:32:29,027][src.frame_extractor][INFO] -   libavfilter    11. 14.102 / 11. 14.102
[2026-06-21 16:32:29,027][src.frame_extractor][INFO] -   libswscale      9.  5.102 /  9.  5.102
[2026-06-21 16:32:29,027][src.frame_extractor][INFO] -   libswresample   6.  3.102 /  6.  3.102
[2026-06-21 16:32:29,042][src.frame_extractor][INFO] - Input #0, mov,mp4,m4a,3gp,3g2,mj2, from '/Users/bc/brendanchambers/2026-06-18-iphone-video-to-splat/data/incoming/movies/teensy.mov':
[2026-06-21 16:32:29,042][src.frame_extractor][INFO] -   Metadata:
[2026-06-21 16:32:29,042][src.frame_extractor][INFO] -     major_brand     : qt
[2026-06-21 16:32:29,042][src.frame_extractor][INFO] -     minor_version   : 512
[2026-06-21 16:32:29,042][src.frame_extractor][INFO] -     compatible_brands: qt
[2026-06-21 16:32:29,042][src.frame_extractor][INFO] -     encoder         : Lavf62.12.102
[2026-06-21 16:32:29,042][src.frame_extractor][INFO] -   Duration: 00:00:04.01, start: 0.000000, bitrate: 19786 kb/s
[2026-06-21 16:32:29,042][src.frame_extractor][INFO] -   Stream #0:0[0x1]: Video: h264 (High) (avc1 / 0x31637661), yuv420p(tv, bt709, progressive), 1080x1920, 19646 kb/s, 29.67 fps, 29.67 tbr, 11392 tbn (default)
[2026-06-21 16:32:29,042][src.frame_extractor][INFO] -     Metadata:
[2026-06-21 16:32:29,042][src.frame_extractor][INFO] -       handler_name    : Core Media Video
[2026-06-21 16:32:29,042][src.frame_extractor][INFO] -       vendor_id       : FFMP
[2026-06-21 16:32:29,042][src.frame_extractor][INFO] -       encoder         : Lavc62.28.102 libx264
[2026-06-21 16:32:29,042][src.frame_extractor][INFO] -   Stream #0:1[0x2]: Audio: aac (LC) (mp4a / 0x6134706D), 48000 Hz, stereo, fltp, 128 kb/s (default)
[2026-06-21 16:32:29,042][src.frame_extractor][INFO] -     Metadata:
[2026-06-21 16:32:29,042][src.frame_extractor][INFO] -       handler_name    : Core Media Audio
[2026-06-21 16:32:29,042][src.frame_extractor][INFO] -       vendor_id       : [0][0][0][0]
[2026-06-21 16:32:29,042][src.frame_extractor][INFO] - Stream mapping:
[2026-06-21 16:32:29,042][src.frame_extractor][INFO] -   Stream #0:0 -> #0:0 (h264 (native) -> mjpeg (native))
[2026-06-21 16:32:29,042][src.frame_extractor][INFO] - Press [q] to stop, [?] for help
[2026-06-21 16:32:29,091][src.frame_extractor][INFO] - Output #0, image2, to '/Users/bc/brendanchambers/2026-06-18-iphone-video-to-splat/data/intermediates/densify_sz0.005_gr0.0001/colmap_sfm_camera_model/images/frame_%04d.jpg':
[2026-06-21 16:32:29,091][src.frame_extractor][INFO] -   Metadata:
[2026-06-21 16:32:29,091][src.frame_extractor][INFO] -     major_brand     : qt
[2026-06-21 16:32:29,091][src.frame_extractor][INFO] -     minor_version   : 512
[2026-06-21 16:32:29,091][src.frame_extractor][INFO] -     compatible_brands: qt
[2026-06-21 16:32:29,091][src.frame_extractor][INFO] -     encoder         : Lavf62.12.102
[2026-06-21 16:32:29,091][src.frame_extractor][INFO] -   Stream #0:0: Video: mjpeg, yuv420p(pc, bt709, progressive), 1080x1920, q=2-31, 200 kb/s, 2 fps, 2 tbn (default)
[2026-06-21 16:32:29,091][src.frame_extractor][INFO] -     Metadata:
[2026-06-21 16:32:29,091][src.frame_extractor][INFO] -       encoder         : Lavc62.28.102 mjpeg
[2026-06-21 16:32:29,091][src.frame_extractor][INFO] -       handler_name    : Core Media Video
[2026-06-21 16:32:29,091][src.frame_extractor][INFO] -       vendor_id       : FFMP
[2026-06-21 16:32:29,091][src.frame_extractor][INFO] -     Side data:
[2026-06-21 16:32:29,091][src.frame_extractor][INFO] -       CPB properties: bitrate max/min/avg: 0/0/200000 buffer size: 0 vbv_delay: N/A
[2026-06-21 16:32:29,232][src.frame_extractor][INFO] - [out#0/image2 @ 0x600000b546c0] video:3120KiB audio:0KiB subtitle:0KiB other streams:0KiB global headers:0KiB muxing overhead: unknown
[2026-06-21 16:32:29,232][src.frame_extractor][INFO] - frame=    8 fps=0.0 q=5.0 Lsize=N/A time=00:00:04.00 bitrate=N/A speed=21.1x elapsed=0:00:00.18
[2026-06-21 16:32:29,235][src.frame_extractor][INFO] - Successfully extracted 8 frames
[2026-06-21 16:32:29,235][__main__][INFO] - ✓ Frame extraction completed
[2026-06-21 16:32:29,235][src.timing_recorder][INFO] - [TIMING] ✓ Completed: frame_extraction (0.22s)
[2026-06-21 16:32:29,235][src.timing_recorder][INFO] - [TIMING] Starting: feature_extraction
[2026-06-21 16:32:29,235][__main__][INFO] - ============================================================
[2026-06-21 16:32:29,235][__main__][INFO] - STEP 2: Feature Extraction
[2026-06-21 16:32:29,235][__main__][INFO] - ============================================================
[2026-06-21 16:32:29,236][src.colmap_feature_extractor][INFO] - Extracting features from images: /Users/bc/brendanchambers/2026-06-18-iphone-video-to-splat/data/intermediates/densify_sz0.005_gr0.0001/colmap_sfm_camera_model/images
[2026-06-21 16:32:29,236][src.colmap_feature_extractor][INFO] - Database: /Users/bc/brendanchambers/2026-06-18-iphone-video-to-splat/data/intermediates/densify_sz0.005_gr0.0001/colmap_sfm_camera_model/database.db
[2026-06-21 16:32:29,237][src.colmap_feature_extractor][INFO] - Running: colmap feature_extractor
[2026-06-21 16:32:29,412][src.colmap_feature_extractor][INFO] - I20260621 16:32:29.412524 0x16f8bf000 feature_extraction.cc:504] === Feature extraction ===
[2026-06-21 16:32:29,427][src.colmap_feature_extractor][INFO] - I20260621 16:32:29.427385 0x16fec3000 sift.cc:757] Creating SIFT GPU feature extractor
[2026-06-21 16:32:29,468][src.colmap_feature_extractor][INFO] - I20260621 16:32:29.467989 0x16ff4f000 feature_extraction.cc:282] Processed file [1/8]
[2026-06-21 16:32:29,468][src.colmap_feature_extractor][INFO] - I20260621 16:32:29.468000 0x16ff4f000 feature_extraction.cc:285]   Name:            frame_0001.jpg
[2026-06-21 16:32:29,468][src.colmap_feature_extractor][INFO] - W20260621 16:32:29.468008 0x16ff4f000 feature_extraction.cc:289] frame_0001.jpg IMAGE_EXISTS: Features for image were already extracted.
[2026-06-21 16:32:29,468][src.colmap_feature_extractor][INFO] - I20260621 16:32:29.468285 0x16ff4f000 feature_extraction.cc:282] Processed file [2/8]
[2026-06-21 16:32:29,468][src.colmap_feature_extractor][INFO] - I20260621 16:32:29.468292 0x16ff4f000 feature_extraction.cc:285]   Name:            frame_0002.jpg
[2026-06-21 16:32:29,468][src.colmap_feature_extractor][INFO] - W20260621 16:32:29.468294 0x16ff4f000 feature_extraction.cc:289] frame_0002.jpg IMAGE_EXISTS: Features for image were already extracted.
[2026-06-21 16:32:29,468][src.colmap_feature_extractor][INFO] - I20260621 16:32:29.468301 0x16ff4f000 feature_extraction.cc:282] Processed file [3/8]
[2026-06-21 16:32:29,468][src.colmap_feature_extractor][INFO] - I20260621 16:32:29.468303 0x16ff4f000 feature_extraction.cc:285]   Name:            frame_0003.jpg
[2026-06-21 16:32:29,468][src.colmap_feature_extractor][INFO] - W20260621 16:32:29.468304 0x16ff4f000 feature_extraction.cc:289] frame_0003.jpg IMAGE_EXISTS: Features for image were already extracted.
[2026-06-21 16:32:29,468][src.colmap_feature_extractor][INFO] - I20260621 16:32:29.468319 0x16ff4f000 feature_extraction.cc:282] Processed file [4/8]
[2026-06-21 16:32:29,468][src.colmap_feature_extractor][INFO] - I20260621 16:32:29.468322 0x16ff4f000 feature_extraction.cc:285]   Name:            frame_0004.jpg
[2026-06-21 16:32:29,468][src.colmap_feature_extractor][INFO] - W20260621 16:32:29.468325 0x16ff4f000 feature_extraction.cc:289] frame_0004.jpg IMAGE_EXISTS: Features for image were already extracted.
[2026-06-21 16:32:29,468][src.colmap_feature_extractor][INFO] - I20260621 16:32:29.468333 0x16ff4f000 feature_extraction.cc:282] Processed file [5/8]
[2026-06-21 16:32:29,468][src.colmap_feature_extractor][INFO] - I20260621 16:32:29.468335 0x16ff4f000 feature_extraction.cc:285]   Name:            frame_0005.jpg
[2026-06-21 16:32:29,468][src.colmap_feature_extractor][INFO] - W20260621 16:32:29.468336 0x16ff4f000 feature_extraction.cc:289] frame_0005.jpg IMAGE_EXISTS: Features for image were already extracted.
[2026-06-21 16:32:29,468][src.colmap_feature_extractor][INFO] - I20260621 16:32:29.468341 0x16ff4f000 feature_extraction.cc:282] Processed file [6/8]
[2026-06-21 16:32:29,468][src.colmap_feature_extractor][INFO] - I20260621 16:32:29.468342 0x16ff4f000 feature_extraction.cc:285]   Name:            frame_0006.jpg
[2026-06-21 16:32:29,468][src.colmap_feature_extractor][INFO] - W20260621 16:32:29.468344 0x16ff4f000 feature_extraction.cc:289] frame_0006.jpg IMAGE_EXISTS: Features for image were already extracted.
[2026-06-21 16:32:29,468][src.colmap_feature_extractor][INFO] - I20260621 16:32:29.468376 0x16ff4f000 feature_extraction.cc:282] Processed file [7/8]
[2026-06-21 16:32:29,468][src.colmap_feature_extractor][INFO] - I20260621 16:32:29.468402 0x16ff4f000 feature_extraction.cc:285]   Name:            frame_0007.jpg
[2026-06-21 16:32:29,468][src.colmap_feature_extractor][INFO] - W20260621 16:32:29.468405 0x16ff4f000 feature_extraction.cc:289] frame_0007.jpg IMAGE_EXISTS: Features for image were already extracted.
[2026-06-21 16:32:29,468][src.colmap_feature_extractor][INFO] - I20260621 16:32:29.468412 0x16ff4f000 feature_extraction.cc:282] Processed file [8/8]
[2026-06-21 16:32:29,468][src.colmap_feature_extractor][INFO] - I20260621 16:32:29.468413 0x16ff4f000 feature_extraction.cc:285]   Name:            frame_0008.jpg
[2026-06-21 16:32:29,468][src.colmap_feature_extractor][INFO] - W20260621 16:32:29.468415 0x16ff4f000 feature_extraction.cc:289] frame_0008.jpg IMAGE_EXISTS: Features for image were already extracted.
[2026-06-21 16:32:29,468][src.colmap_feature_extractor][INFO] - I20260621 16:32:29.468495 0x16f8bf000 timer.cc:90] Elapsed time: 0.001 [minutes]
[2026-06-21 16:32:29,474][src.colmap_feature_extractor][INFO] - Feature extraction completed successfully
[2026-06-21 16:32:29,474][__main__][INFO] - ✓ Feature extraction completed
[2026-06-21 16:32:29,474][src.timing_recorder][INFO] - [TIMING] ✓ Completed: feature_extraction (0.24s)
[2026-06-21 16:32:29,474][src.timing_recorder][INFO] - [TIMING] Starting: feature_matching
[2026-06-21 16:32:29,474][__main__][INFO] - ============================================================
[2026-06-21 16:32:29,474][__main__][INFO] - STEP 3: Feature Matching
[2026-06-21 16:32:29,474][__main__][INFO] - ============================================================
[2026-06-21 16:32:29,475][src.colmap_feature_matcher][INFO] - Matching features in database: /Users/bc/brendanchambers/2026-06-18-iphone-video-to-splat/data/intermediates/densify_sz0.005_gr0.0001/colmap_sfm_camera_model/database.db
[2026-06-21 16:32:29,475][src.colmap_feature_matcher][INFO] - Running: colmap sequential_matcher
[2026-06-21 16:32:29,641][src.colmap_feature_matcher][INFO] - I20260621 16:32:29.641367 0x173c93000 feature_matching.cc:195] === Feature matching & geometric verification ===
[2026-06-21 16:32:29,657][src.colmap_feature_matcher][INFO] - I20260621 16:32:29.657583 0x173d1f000 sift.cc:1559] Creating SIFT GPU feature matcher
[2026-06-21 16:32:29,682][src.colmap_feature_matcher][INFO] - I20260621 16:32:29.682447 0x173c93000 pairing.cc:415] Generating sequential image pairs...
[2026-06-21 16:32:29,682][src.colmap_feature_matcher][INFO] - I20260621 16:32:29.682527 0x173c93000 pairing.cc:473] Processing image [1/8]
[2026-06-21 16:32:29,682][src.colmap_feature_matcher][INFO] - I20260621 16:32:29.682548 0x173c93000 feature_matching.cc:217] in 0.000s
[2026-06-21 16:32:29,682][src.colmap_feature_matcher][INFO] - I20260621 16:32:29.682551 0x173c93000 pairing.cc:473] Processing image [2/8]
[2026-06-21 16:32:29,682][src.colmap_feature_matcher][INFO] - I20260621 16:32:29.682566 0x173c93000 feature_matching.cc:217] in 0.000s
[2026-06-21 16:32:29,682][src.colmap_feature_matcher][INFO] - I20260621 16:32:29.682568 0x173c93000 pairing.cc:473] Processing image [3/8]
[2026-06-21 16:32:29,682][src.colmap_feature_matcher][INFO] - I20260621 16:32:29.682582 0x173c93000 feature_matching.cc:217] in 0.000s
[2026-06-21 16:32:29,682][src.colmap_feature_matcher][INFO] - I20260621 16:32:29.682584 0x173c93000 pairing.cc:473] Processing image [4/8]
[2026-06-21 16:32:29,682][src.colmap_feature_matcher][INFO] - I20260621 16:32:29.682598 0x173c93000 feature_matching.cc:217] in 0.000s
[2026-06-21 16:32:29,682][src.colmap_feature_matcher][INFO] - I20260621 16:32:29.682599 0x173c93000 pairing.cc:473] Processing image [5/8]
[2026-06-21 16:32:29,682][src.colmap_feature_matcher][INFO] - I20260621 16:32:29.682609 0x173c93000 feature_matching.cc:217] in 0.000s
[2026-06-21 16:32:29,682][src.colmap_feature_matcher][INFO] - I20260621 16:32:29.682611 0x173c93000 pairing.cc:473] Processing image [6/8]
[2026-06-21 16:32:29,682][src.colmap_feature_matcher][INFO] - I20260621 16:32:29.682622 0x173c93000 feature_matching.cc:217] in 0.000s
[2026-06-21 16:32:29,682][src.colmap_feature_matcher][INFO] - I20260621 16:32:29.682624 0x173c93000 pairing.cc:473] Processing image [7/8]
[2026-06-21 16:32:29,682][src.colmap_feature_matcher][INFO] - I20260621 16:32:29.682632 0x173c93000 feature_matching.cc:217] in 0.000s
[2026-06-21 16:32:29,682][src.colmap_feature_matcher][INFO] - I20260621 16:32:29.682633 0x173c93000 pairing.cc:473] Processing image [8/8]
[2026-06-21 16:32:29,682][src.colmap_feature_matcher][INFO] - I20260621 16:32:29.682634 0x173c93000 feature_matching.cc:217] in 0.000s
[2026-06-21 16:32:29,682][src.colmap_feature_matcher][INFO] - I20260621 16:32:29.682636 0x173c93000 timer.cc:90] Elapsed time: 0.001 [minutes]
[2026-06-21 16:32:29,688][src.colmap_feature_matcher][INFO] - Feature matching completed successfully
[2026-06-21 16:32:29,688][__main__][INFO] - ✓ Feature matching completed
[2026-06-21 16:32:29,688][src.timing_recorder][INFO] - [TIMING] ✓ Completed: feature_matching (0.21s)
[2026-06-21 16:32:29,688][src.timing_recorder][INFO] - [TIMING] Starting: sparse_reconstruction
[2026-06-21 16:32:29,688][__main__][INFO] - ============================================================
[2026-06-21 16:32:29,688][__main__][INFO] - STEP 4: Sparse Reconstruction
[2026-06-21 16:32:29,688][__main__][INFO] - ============================================================
[2026-06-21 16:32:29,690][src.colmap_mapper][INFO] - Performing sparse reconstruction
[2026-06-21 16:32:29,690][src.colmap_mapper][INFO] - Database: /Users/bc/brendanchambers/2026-06-18-iphone-video-to-splat/data/intermediates/densify_sz0.005_gr0.0001/colmap_sfm_camera_model/database.db
[2026-06-21 16:32:29,690][src.colmap_mapper][INFO] - Images: /Users/bc/brendanchambers/2026-06-18-iphone-video-to-splat/data/intermediates/densify_sz0.005_gr0.0001/colmap_sfm_camera_model/images
[2026-06-21 16:32:29,690][src.colmap_mapper][INFO] - Output: /Users/bc/brendanchambers/2026-06-18-iphone-video-to-splat/data/intermediates/densify_sz0.005_gr0.0001/colmap_sfm_camera_model/sparse
[2026-06-21 16:32:29,690][src.colmap_mapper][INFO] - Running: colmap mapper
[2026-06-21 16:32:29,739][src.colmap_mapper][INFO] - I20260621 16:32:29.739307 0x1fde420c0 incremental_pipeline.cc:278] Loading database
[2026-06-21 16:32:29,739][src.colmap_mapper][INFO] - I20260621 16:32:29.739608 0x1fde420c0 database_cache.cc:72] Loading rigs...
[2026-06-21 16:32:29,739][src.colmap_mapper][INFO] - I20260621 16:32:29.739629 0x1fde420c0 database_cache.cc:82]  1 in 0.000s
[2026-06-21 16:32:29,739][src.colmap_mapper][INFO] - I20260621 16:32:29.739632 0x1fde420c0 database_cache.cc:90] Loading cameras...
[2026-06-21 16:32:29,739][src.colmap_mapper][INFO] - I20260621 16:32:29.739641 0x1fde420c0 database_cache.cc:108]  1 in 0.000s
[2026-06-21 16:32:29,739][src.colmap_mapper][INFO] - I20260621 16:32:29.739643 0x1fde420c0 database_cache.cc:116] Loading frames...
[2026-06-21 16:32:29,739][src.colmap_mapper][INFO] - I20260621 16:32:29.739662 0x1fde420c0 database_cache.cc:126]  8 in 0.000s
[2026-06-21 16:32:29,740][src.colmap_mapper][INFO] - I20260621 16:32:29.739664 0x1fde420c0 database_cache.cc:134] Loading matches...
[2026-06-21 16:32:29,740][src.colmap_mapper][INFO] - I20260621 16:32:29.739726 0x1fde420c0 database_cache.cc:139]  17 in 0.000s
[2026-06-21 16:32:29,740][src.colmap_mapper][INFO] - I20260621 16:32:29.739728 0x1fde420c0 database_cache.cc:147] Loading images...
[2026-06-21 16:32:29,740][src.colmap_mapper][INFO] - I20260621 16:32:29.740268 0x1fde420c0 database_cache.cc:241]  8 in 0.001s (connected 8, loaded 8)
[2026-06-21 16:32:29,740][src.colmap_mapper][INFO] - I20260621 16:32:29.740272 0x1fde420c0 database_cache.cc:255] Loading pose priors...
[2026-06-21 16:32:29,740][src.colmap_mapper][INFO] - I20260621 16:32:29.740278 0x1fde420c0 database_cache.cc:263]  0 in 0.000s
[2026-06-21 16:32:29,740][src.colmap_mapper][INFO] - I20260621 16:32:29.740279 0x1fde420c0 database_cache.cc:271] Building correspondence graph...
[2026-06-21 16:32:29,741][src.colmap_mapper][INFO] - I20260621 16:32:29.741168 0x1fde420c0 database_cache.cc:300]  in 0.001s (ignored 0)
[2026-06-21 16:32:29,741][src.colmap_mapper][INFO] - I20260621 16:32:29.741172 0x1fde420c0 timer.cc:90] Elapsed time: 0.000 [minutes]
[2026-06-21 16:32:29,741][src.colmap_mapper][INFO] - I20260621 16:32:29.741263 0x1fde420c0 incremental_pipeline.cc:390] Finding good initial image pair
[2026-06-21 16:32:29,751][src.colmap_mapper][INFO] - I20260621 16:32:29.751790 0x1fde420c0 incremental_pipeline.cc:414] Registering initial image pair #2 and #4
[2026-06-21 16:32:29,752][src.colmap_mapper][INFO] - I20260621 16:32:29.752428 0x1fde420c0 incremental_pipeline.cc:432] Global bundle adjustment
[2026-06-21 16:32:29,775][src.colmap_mapper][INFO] - I20260621 16:32:29.775441 0x1fde420c0 incremental_pipeline.cc:537] Registering image #3 (num_reg_frames=2)
[2026-06-21 16:32:29,775][src.colmap_mapper][INFO] - I20260621 16:32:29.775450 0x1fde420c0 incremental_pipeline.cc:540] => Image sees 149 / 1892 points
[2026-06-21 16:32:29,824][src.colmap_mapper][INFO] - I20260621 16:32:29.824047 0x1fde420c0 incremental_pipeline.cc:79] Retriangulation and Global bundle adjustment
[2026-06-21 16:32:29,840][src.colmap_mapper][INFO] - I20260621 16:32:29.840938 0x1fde420c0 incremental_pipeline.cc:537] Registering image #6 (num_reg_frames=3)
[2026-06-21 16:32:29,841][src.colmap_mapper][INFO] - I20260621 16:32:29.840950 0x1fde420c0 incremental_pipeline.cc:540] => Image sees 496 / 2128 points
[2026-06-21 16:32:29,896][src.colmap_mapper][INFO] - I20260621 16:32:29.896954 0x1fde420c0 incremental_pipeline.cc:79] Retriangulation and Global bundle adjustment
[2026-06-21 16:32:29,919][src.colmap_mapper][INFO] - I20260621 16:32:29.919407 0x1fde420c0 incremental_pipeline.cc:537] Registering image #5 (num_reg_frames=4)
[2026-06-21 16:32:29,919][src.colmap_mapper][INFO] - I20260621 16:32:29.919414 0x1fde420c0 incremental_pipeline.cc:540] => Image sees 1052 / 2461 points
[2026-06-21 16:32:29,962][src.colmap_mapper][INFO] - I20260621 16:32:29.962195 0x1fde420c0 incremental_pipeline.cc:79] Retriangulation and Global bundle adjustment
[2026-06-21 16:32:29,994][src.colmap_mapper][INFO] - I20260621 16:32:29.994524 0x1fde420c0 incremental_pipeline.cc:537] Registering image #1 (num_reg_frames=5)
[2026-06-21 16:32:29,994][src.colmap_mapper][INFO] - I20260621 16:32:29.994530 0x1fde420c0 incremental_pipeline.cc:540] => Image sees 536 / 1825 points
[2026-06-21 16:32:30,041][src.colmap_mapper][INFO] - I20260621 16:32:30.041239 0x1fde420c0 incremental_pipeline.cc:79] Retriangulation and Global bundle adjustment
[2026-06-21 16:32:30,070][src.colmap_mapper][INFO] - I20260621 16:32:30.070065 0x1fde420c0 incremental_pipeline.cc:537] Registering image #7 (num_reg_frames=6)
[2026-06-21 16:32:30,070][src.colmap_mapper][INFO] - I20260621 16:32:30.070072 0x1fde420c0 incremental_pipeline.cc:540] => Image sees 436 / 1676 points
[2026-06-21 16:32:30,106][src.colmap_mapper][INFO] - I20260621 16:32:30.106210 0x1fde420c0 incremental_pipeline.cc:79] Retriangulation and Global bundle adjustment
[2026-06-21 16:32:30,143][src.colmap_mapper][INFO] - I20260621 16:32:30.143015 0x1fde420c0 incremental_pipeline.cc:537] Registering image #8 (num_reg_frames=7)
[2026-06-21 16:32:30,143][src.colmap_mapper][INFO] - I20260621 16:32:30.143020 0x1fde420c0 incremental_pipeline.cc:540] => Image sees 480 / 1376 points
[2026-06-21 16:32:30,174][src.colmap_mapper][INFO] - I20260621 16:32:30.174582 0x1fde420c0 incremental_pipeline.cc:79] Retriangulation and Global bundle adjustment
[2026-06-21 16:32:30,210][src.colmap_mapper][INFO] - I20260621 16:32:30.210224 0x1fde420c0 incremental_pipeline.cc:79] Retriangulation and Global bundle adjustment
[2026-06-21 16:32:30,219][src.colmap_mapper][INFO] - I20260621 16:32:30.219003 0x1fde420c0 incremental_pipeline.cc:723] Keeping successful reconstruction
[2026-06-21 16:32:30,220][src.colmap_mapper][INFO] - I20260621 16:32:30.220898 0x1fde420c0 timer.cc:90] Elapsed time: 0.008 [minutes]
[2026-06-21 16:32:30,224][src.colmap_mapper][INFO] - Sparse reconstruction completed successfully
[2026-06-21 16:32:30,224][__main__][INFO] - ✓ Sparse reconstruction completed
[2026-06-21 16:32:30,224][src.timing_recorder][INFO] - [TIMING] ✓ Completed: sparse_reconstruction (0.54s)
[2026-06-21 16:32:30,224][src.timing_recorder][INFO] - [TIMING] Starting: undistortion
[2026-06-21 16:32:30,224][__main__][INFO] - ============================================================
[2026-06-21 16:32:30,224][__main__][INFO] - STEP 5: Image Undistortion
[2026-06-21 16:32:30,224][__main__][INFO] - ============================================================
[2026-06-21 16:32:30,225][src.colmap_undistorter][INFO] - Undistorting images
[2026-06-21 16:32:30,225][src.colmap_undistorter][INFO] - Input model: /Users/bc/brendanchambers/2026-06-18-iphone-video-to-splat/data/intermediates/densify_sz0.005_gr0.0001/colmap_sfm_camera_model/sparse/0
[2026-06-21 16:32:30,226][src.colmap_undistorter][INFO] - Images: /Users/bc/brendanchambers/2026-06-18-iphone-video-to-splat/data/intermediates/densify_sz0.005_gr0.0001/colmap_sfm_camera_model/images
[2026-06-21 16:32:30,226][src.colmap_undistorter][INFO] - Output: /Users/bc/brendanchambers/2026-06-18-iphone-video-to-splat/data/intermediates/densify_sz0.005_gr0.0001/colmap_sfm_linearized
[2026-06-21 16:32:30,226][src.colmap_undistorter][INFO] - Running: colmap image_undistorter
