[2026-06-21 16:30:46,555][__main__][INFO] - 
[2026-06-21 16:30:46,555][__main__][INFO] - ╔==========================================================╗
[2026-06-21 16:30:46,555][__main__][INFO] - ║          3D Gaussian Splat Training Pipeline              ║
[2026-06-21 16:30:46,555][__main__][INFO] - ╚==========================================================╝
[2026-06-21 16:30:46,555][__main__][INFO] - Experiment: densify_sz0.005_gr0.0004
[2026-06-21 16:30:46,555][__main__][INFO] - Project dir: /Users/bc/brendanchambers/2026-06-18-iphone-video-to-splat
[2026-06-21 16:30:46,555][__main__][INFO] - 
[2026-06-21 16:30:46,555][src.timing_recorder][INFO] - [TIMING] Starting: frame_extraction
[2026-06-21 16:30:46,555][__main__][INFO] - ============================================================
[2026-06-21 16:30:46,555][__main__][INFO] - STEP 1: Frame Extraction
[2026-06-21 16:30:46,555][__main__][INFO] - ============================================================
[2026-06-21 16:30:46,556][src.frame_extractor][INFO] - Extracting frames from: /Users/bc/brendanchambers/2026-06-18-iphone-video-to-splat/data/incoming/movies/teensy.mov
[2026-06-21 16:30:46,556][src.frame_extractor][INFO] - Output directory: /Users/bc/brendanchambers/2026-06-18-iphone-video-to-splat/data/intermediates/densify_sz0.005_gr0.0004/colmap_sfm_camera_model/images
[2026-06-21 16:30:46,556][src.frame_extractor][INFO] - Extracting frames at 2 fps
[2026-06-21 16:30:46,556][src.frame_extractor][INFO] - Running command: ffmpeg -i /Users/bc/brendanchambers/2026-06-18-iphone-video-to-splat/data/incoming/movies/teensy.mov -vf fps=2 -q:v 5 /Users/bc/brendanchambers/2026-06-18-iphone-video-to-splat/data/intermediates/densify_sz0.005_gr0.0004/colmap_sfm_camera_model/images/frame_%04d.jpg
[2026-06-21 16:30:46,571][src.frame_extractor][INFO] - ffmpeg version 8.1.2 Copyright (c) 2000-2026 the FFmpeg developers
[2026-06-21 16:30:46,571][src.frame_extractor][INFO] -   built with Apple clang version 17.0.0 (clang-1700.6.4.2)
[2026-06-21 16:30:46,571][src.frame_extractor][INFO] -   configuration: --prefix=/opt/homebrew/Cellar/ffmpeg/8.1.2 --enable-shared --enable-pthreads --enable-version3 --cc=clang --host-cflags= --host-ldflags= --enable-ffplay --enable-gpl --enable-libsvtav1 --enable-libopus --enable-libx264 --enable-libmp3lame --enable-libdav1d --enable-libvmaf --enable-libvpx --enable-libx265 --enable-openssl --enable-videotoolbox --enable-audiotoolbox --enable-neon
[2026-06-21 16:30:46,571][src.frame_extractor][INFO] -   libavutil      60. 26.102 / 60. 26.102
[2026-06-21 16:30:46,571][src.frame_extractor][INFO] -   libavcodec     62. 28.102 / 62. 28.102
[2026-06-21 16:30:46,571][src.frame_extractor][INFO] -   libavformat    62. 12.102 / 62. 12.102
[2026-06-21 16:30:46,571][src.frame_extractor][INFO] -   libavdevice    62.  3.102 / 62.  3.102
[2026-06-21 16:30:46,571][src.frame_extractor][INFO] -   libavfilter    11. 14.102 / 11. 14.102
[2026-06-21 16:30:46,571][src.frame_extractor][INFO] -   libswscale      9.  5.102 /  9.  5.102
[2026-06-21 16:30:46,571][src.frame_extractor][INFO] -   libswresample   6.  3.102 /  6.  3.102
[2026-06-21 16:30:46,587][src.frame_extractor][INFO] - Input #0, mov,mp4,m4a,3gp,3g2,mj2, from '/Users/bc/brendanchambers/2026-06-18-iphone-video-to-splat/data/incoming/movies/teensy.mov':
[2026-06-21 16:30:46,587][src.frame_extractor][INFO] -   Metadata:
[2026-06-21 16:30:46,587][src.frame_extractor][INFO] -     major_brand     : qt
[2026-06-21 16:30:46,587][src.frame_extractor][INFO] -     minor_version   : 512
[2026-06-21 16:30:46,587][src.frame_extractor][INFO] -     compatible_brands: qt
[2026-06-21 16:30:46,587][src.frame_extractor][INFO] -     encoder         : Lavf62.12.102
[2026-06-21 16:30:46,587][src.frame_extractor][INFO] -   Duration: 00:00:04.01, start: 0.000000, bitrate: 19786 kb/s
[2026-06-21 16:30:46,587][src.frame_extractor][INFO] -   Stream #0:0[0x1]: Video: h264 (High) (avc1 / 0x31637661), yuv420p(tv, bt709, progressive), 1080x1920, 19646 kb/s, 29.67 fps, 29.67 tbr, 11392 tbn (default)
[2026-06-21 16:30:46,587][src.frame_extractor][INFO] -     Metadata:
[2026-06-21 16:30:46,587][src.frame_extractor][INFO] -       handler_name    : Core Media Video
[2026-06-21 16:30:46,587][src.frame_extractor][INFO] -       vendor_id       : FFMP
[2026-06-21 16:30:46,587][src.frame_extractor][INFO] -       encoder         : Lavc62.28.102 libx264
[2026-06-21 16:30:46,587][src.frame_extractor][INFO] -   Stream #0:1[0x2]: Audio: aac (LC) (mp4a / 0x6134706D), 48000 Hz, stereo, fltp, 128 kb/s (default)
[2026-06-21 16:30:46,587][src.frame_extractor][INFO] -     Metadata:
[2026-06-21 16:30:46,587][src.frame_extractor][INFO] -       handler_name    : Core Media Audio
[2026-06-21 16:30:46,587][src.frame_extractor][INFO] -       vendor_id       : [0][0][0][0]
[2026-06-21 16:30:46,587][src.frame_extractor][INFO] - Stream mapping:
[2026-06-21 16:30:46,587][src.frame_extractor][INFO] -   Stream #0:0 -> #0:0 (h264 (native) -> mjpeg (native))
[2026-06-21 16:30:46,587][src.frame_extractor][INFO] - Press [q] to stop, [?] for help
[2026-06-21 16:30:46,635][src.frame_extractor][INFO] - Output #0, image2, to '/Users/bc/brendanchambers/2026-06-18-iphone-video-to-splat/data/intermediates/densify_sz0.005_gr0.0004/colmap_sfm_camera_model/images/frame_%04d.jpg':
[2026-06-21 16:30:46,636][src.frame_extractor][INFO] -   Metadata:
[2026-06-21 16:30:46,636][src.frame_extractor][INFO] -     major_brand     : qt
[2026-06-21 16:30:46,636][src.frame_extractor][INFO] -     minor_version   : 512
[2026-06-21 16:30:46,636][src.frame_extractor][INFO] -     compatible_brands: qt
[2026-06-21 16:30:46,636][src.frame_extractor][INFO] -     encoder         : Lavf62.12.102
[2026-06-21 16:30:46,636][src.frame_extractor][INFO] -   Stream #0:0: Video: mjpeg, yuv420p(pc, bt709, progressive), 1080x1920, q=2-31, 200 kb/s, 2 fps, 2 tbn (default)
[2026-06-21 16:30:46,636][src.frame_extractor][INFO] -     Metadata:
[2026-06-21 16:30:46,637][src.frame_extractor][INFO] -       encoder         : Lavc62.28.102 mjpeg
[2026-06-21 16:30:46,637][src.frame_extractor][INFO] -       handler_name    : Core Media Video
[2026-06-21 16:30:46,637][src.frame_extractor][INFO] -       vendor_id       : FFMP
[2026-06-21 16:30:46,637][src.frame_extractor][INFO] -     Side data:
[2026-06-21 16:30:46,637][src.frame_extractor][INFO] -       CPB properties: bitrate max/min/avg: 0/0/200000 buffer size: 0 vbv_delay: N/A
[2026-06-21 16:30:46,777][src.frame_extractor][INFO] - [out#0/image2 @ 0x60000193c6c0] video:3120KiB audio:0KiB subtitle:0KiB other streams:0KiB global headers:0KiB muxing overhead: unknown
[2026-06-21 16:30:46,777][src.frame_extractor][INFO] - frame=    8 fps=0.0 q=5.0 Lsize=N/A time=00:00:04.00 bitrate=N/A speed=  21x elapsed=0:00:00.19
[2026-06-21 16:30:46,781][src.frame_extractor][INFO] - Successfully extracted 8 frames
[2026-06-21 16:30:46,781][__main__][INFO] - ✓ Frame extraction completed
[2026-06-21 16:30:46,781][src.timing_recorder][INFO] - [TIMING] ✓ Completed: frame_extraction (0.23s)
[2026-06-21 16:30:46,781][src.timing_recorder][INFO] - [TIMING] Starting: feature_extraction
[2026-06-21 16:30:46,781][__main__][INFO] - ============================================================
[2026-06-21 16:30:46,781][__main__][INFO] - STEP 2: Feature Extraction
[2026-06-21 16:30:46,781][__main__][INFO] - ============================================================
[2026-06-21 16:30:46,782][src.colmap_feature_extractor][INFO] - Extracting features from images: /Users/bc/brendanchambers/2026-06-18-iphone-video-to-splat/data/intermediates/densify_sz0.005_gr0.0004/colmap_sfm_camera_model/images
[2026-06-21 16:30:46,782][src.colmap_feature_extractor][INFO] - Database: /Users/bc/brendanchambers/2026-06-18-iphone-video-to-splat/data/intermediates/densify_sz0.005_gr0.0004/colmap_sfm_camera_model/database.db
[2026-06-21 16:30:46,782][src.colmap_feature_extractor][INFO] - Running: colmap feature_extractor
[2026-06-21 16:30:46,946][src.colmap_feature_extractor][INFO] - I20260621 16:30:46.945748 0x16b257000 feature_extraction.cc:504] === Feature extraction ===
[2026-06-21 16:30:46,960][src.colmap_feature_extractor][INFO] - I20260621 16:30:46.960593 0x16b85b000 sift.cc:757] Creating SIFT GPU feature extractor
[2026-06-21 16:30:47,105][src.colmap_feature_extractor][INFO] - I20260621 16:30:47.104979 0x16b8e7000 feature_extraction.cc:282] Processed file [1/8]
[2026-06-21 16:30:47,105][src.colmap_feature_extractor][INFO] - I20260621 16:30:47.104997 0x16b8e7000 feature_extraction.cc:285]   Name:            frame_0001.jpg
[2026-06-21 16:30:47,105][src.colmap_feature_extractor][INFO] - I20260621 16:30:47.104999 0x16b8e7000 feature_extraction.cc:294]   Dimensions:      1080 x 1920
[2026-06-21 16:30:47,105][src.colmap_feature_extractor][INFO] - I20260621 16:30:47.105004 0x16b8e7000 feature_extraction.cc:297]   Camera:          #1 - RADIAL
[2026-06-21 16:30:47,105][src.colmap_feature_extractor][INFO] - I20260621 16:30:47.105007 0x16b8e7000 feature_extraction.cc:300]   Focal Length:    2304.00px
[2026-06-21 16:30:47,105][src.colmap_feature_extractor][INFO] - I20260621 16:30:47.105010 0x16b8e7000 feature_extraction.cc:304]   Features:        4449 (SIFT)
[2026-06-21 16:30:47,163][src.colmap_feature_extractor][INFO] - I20260621 16:30:47.163403 0x16b8e7000 feature_extraction.cc:282] Processed file [2/8]
[2026-06-21 16:30:47,163][src.colmap_feature_extractor][INFO] - I20260621 16:30:47.163421 0x16b8e7000 feature_extraction.cc:285]   Name:            frame_0002.jpg
[2026-06-21 16:30:47,163][src.colmap_feature_extractor][INFO] - I20260621 16:30:47.163424 0x16b8e7000 feature_extraction.cc:294]   Dimensions:      1080 x 1920
[2026-06-21 16:30:47,163][src.colmap_feature_extractor][INFO] - I20260621 16:30:47.163425 0x16b8e7000 feature_extraction.cc:297]   Camera:          #1 - RADIAL
[2026-06-21 16:30:47,163][src.colmap_feature_extractor][INFO] - I20260621 16:30:47.163427 0x16b8e7000 feature_extraction.cc:300]   Focal Length:    2304.00px
[2026-06-21 16:30:47,163][src.colmap_feature_extractor][INFO] - I20260621 16:30:47.163431 0x16b8e7000 feature_extraction.cc:304]   Features:        4766 (SIFT)
[2026-06-21 16:30:47,220][src.colmap_feature_extractor][INFO] - I20260621 16:30:47.220182 0x16b8e7000 feature_extraction.cc:282] Processed file [3/8]
[2026-06-21 16:30:47,220][src.colmap_feature_extractor][INFO] - I20260621 16:30:47.220212 0x16b8e7000 feature_extraction.cc:285]   Name:            frame_0003.jpg
[2026-06-21 16:30:47,220][src.colmap_feature_extractor][INFO] - I20260621 16:30:47.220218 0x16b8e7000 feature_extraction.cc:294]   Dimensions:      1080 x 1920
[2026-06-21 16:30:47,220][src.colmap_feature_extractor][INFO] - I20260621 16:30:47.220220 0x16b8e7000 feature_extraction.cc:297]   Camera:          #1 - RADIAL
[2026-06-21 16:30:47,220][src.colmap_feature_extractor][INFO] - I20260621 16:30:47.220222 0x16b8e7000 feature_extraction.cc:300]   Focal Length:    2304.00px
[2026-06-21 16:30:47,220][src.colmap_feature_extractor][INFO] - I20260621 16:30:47.220225 0x16b8e7000 feature_extraction.cc:304]   Features:        5561 (SIFT)
[2026-06-21 16:30:47,273][src.colmap_feature_extractor][INFO] - I20260621 16:30:47.273238 0x16b8e7000 feature_extraction.cc:282] Processed file [4/8]
[2026-06-21 16:30:47,273][src.colmap_feature_extractor][INFO] - I20260621 16:30:47.273256 0x16b8e7000 feature_extraction.cc:285]   Name:            frame_0004.jpg
[2026-06-21 16:30:47,273][src.colmap_feature_extractor][INFO] - I20260621 16:30:47.273265 0x16b8e7000 feature_extraction.cc:294]   Dimensions:      1080 x 1920
[2026-06-21 16:30:47,273][src.colmap_feature_extractor][INFO] - I20260621 16:30:47.273268 0x16b8e7000 feature_extraction.cc:297]   Camera:          #1 - RADIAL
[2026-06-21 16:30:47,273][src.colmap_feature_extractor][INFO] - I20260621 16:30:47.273271 0x16b8e7000 feature_extraction.cc:300]   Focal Length:    2304.00px
[2026-06-21 16:30:47,273][src.colmap_feature_extractor][INFO] - I20260621 16:30:47.273274 0x16b8e7000 feature_extraction.cc:304]   Features:        6351 (SIFT)
[2026-06-21 16:30:47,326][src.colmap_feature_extractor][INFO] - I20260621 16:30:47.326688 0x16b8e7000 feature_extraction.cc:282] Processed file [5/8]
[2026-06-21 16:30:47,326][src.colmap_feature_extractor][INFO] - I20260621 16:30:47.326708 0x16b8e7000 feature_extraction.cc:285]   Name:            frame_0005.jpg
[2026-06-21 16:30:47,326][src.colmap_feature_extractor][INFO] - I20260621 16:30:47.326710 0x16b8e7000 feature_extraction.cc:294]   Dimensions:      1080 x 1920
[2026-06-21 16:30:47,326][src.colmap_feature_extractor][INFO] - I20260621 16:30:47.326712 0x16b8e7000 feature_extraction.cc:297]   Camera:          #1 - RADIAL
[2026-06-21 16:30:47,326][src.colmap_feature_extractor][INFO] - I20260621 16:30:47.326714 0x16b8e7000 feature_extraction.cc:300]   Focal Length:    2304.00px
[2026-06-21 16:30:47,326][src.colmap_feature_extractor][INFO] - I20260621 16:30:47.326718 0x16b8e7000 feature_extraction.cc:304]   Features:        4609 (SIFT)
[2026-06-21 16:30:47,380][src.colmap_feature_extractor][INFO] - I20260621 16:30:47.380650 0x16b8e7000 feature_extraction.cc:282] Processed file [6/8]
[2026-06-21 16:30:47,380][src.colmap_feature_extractor][INFO] - I20260621 16:30:47.380668 0x16b8e7000 feature_extraction.cc:285]   Name:            frame_0006.jpg
[2026-06-21 16:30:47,380][src.colmap_feature_extractor][INFO] - I20260621 16:30:47.380671 0x16b8e7000 feature_extraction.cc:294]   Dimensions:      1080 x 1920
[2026-06-21 16:30:47,380][src.colmap_feature_extractor][INFO] - I20260621 16:30:47.380673 0x16b8e7000 feature_extraction.cc:297]   Camera:          #1 - RADIAL
[2026-06-21 16:30:47,380][src.colmap_feature_extractor][INFO] - I20260621 16:30:47.380675 0x16b8e7000 feature_extraction.cc:300]   Focal Length:    2304.00px
[2026-06-21 16:30:47,380][src.colmap_feature_extractor][INFO] - I20260621 16:30:47.380678 0x16b8e7000 feature_extraction.cc:304]   Features:        4916 (SIFT)
[2026-06-21 16:30:47,436][src.colmap_feature_extractor][INFO] - I20260621 16:30:47.436196 0x16b8e7000 feature_extraction.cc:282] Processed file [7/8]
[2026-06-21 16:30:47,436][src.colmap_feature_extractor][INFO] - I20260621 16:30:47.436212 0x16b8e7000 feature_extraction.cc:285]   Name:            frame_0007.jpg
[2026-06-21 16:30:47,436][src.colmap_feature_extractor][INFO] - I20260621 16:30:47.436215 0x16b8e7000 feature_extraction.cc:294]   Dimensions:      1080 x 1920
[2026-06-21 16:30:47,436][src.colmap_feature_extractor][INFO] - I20260621 16:30:47.436216 0x16b8e7000 feature_extraction.cc:297]   Camera:          #1 - RADIAL
[2026-06-21 16:30:47,436][src.colmap_feature_extractor][INFO] - I20260621 16:30:47.436219 0x16b8e7000 feature_extraction.cc:300]   Focal Length:    2304.00px
[2026-06-21 16:30:47,436][src.colmap_feature_extractor][INFO] - I20260621 16:30:47.436222 0x16b8e7000 feature_extraction.cc:304]   Features:        4134 (SIFT)
[2026-06-21 16:30:47,492][src.colmap_feature_extractor][INFO] - I20260621 16:30:47.492207 0x16b8e7000 feature_extraction.cc:282] Processed file [8/8]
[2026-06-21 16:30:47,492][src.colmap_feature_extractor][INFO] - I20260621 16:30:47.492254 0x16b8e7000 feature_extraction.cc:285]   Name:            frame_0008.jpg
[2026-06-21 16:30:47,492][src.colmap_feature_extractor][INFO] - I20260621 16:30:47.492258 0x16b8e7000 feature_extraction.cc:294]   Dimensions:      1080 x 1920
[2026-06-21 16:30:47,492][src.colmap_feature_extractor][INFO] - I20260621 16:30:47.492260 0x16b8e7000 feature_extraction.cc:297]   Camera:          #1 - RADIAL
[2026-06-21 16:30:47,492][src.colmap_feature_extractor][INFO] - I20260621 16:30:47.492262 0x16b8e7000 feature_extraction.cc:300]   Focal Length:    2304.00px
[2026-06-21 16:30:47,492][src.colmap_feature_extractor][INFO] - I20260621 16:30:47.492265 0x16b8e7000 feature_extraction.cc:304]   Features:        6773 (SIFT)
[2026-06-21 16:30:47,497][src.colmap_feature_extractor][INFO] - I20260621 16:30:47.497866 0x16b257000 timer.cc:90] Elapsed time: 0.009 [minutes]
[2026-06-21 16:30:47,517][src.colmap_feature_extractor][INFO] - Feature extraction completed successfully
[2026-06-21 16:30:47,517][__main__][INFO] - ✓ Feature extraction completed
[2026-06-21 16:30:47,517][src.timing_recorder][INFO] - [TIMING] ✓ Completed: feature_extraction (0.74s)
[2026-06-21 16:30:47,517][src.timing_recorder][INFO] - [TIMING] Starting: feature_matching
[2026-06-21 16:30:47,517][__main__][INFO] - ============================================================
[2026-06-21 16:30:47,517][__main__][INFO] - STEP 3: Feature Matching
[2026-06-21 16:30:47,517][__main__][INFO] - ============================================================
[2026-06-21 16:30:47,518][src.colmap_feature_matcher][INFO] - Matching features in database: /Users/bc/brendanchambers/2026-06-18-iphone-video-to-splat/data/intermediates/densify_sz0.005_gr0.0004/colmap_sfm_camera_model/database.db
[2026-06-21 16:30:47,518][src.colmap_feature_matcher][INFO] - Running: colmap sequential_matcher
[2026-06-21 16:30:47,686][src.colmap_feature_matcher][INFO] - I20260621 16:30:47.685368 0x16f81f000 feature_matching.cc:195] === Feature matching & geometric verification ===
[2026-06-21 16:30:47,700][src.colmap_feature_matcher][INFO] - I20260621 16:30:47.700771 0x16f8ab000 sift.cc:1559] Creating SIFT GPU feature matcher
[2026-06-21 16:30:47,725][src.colmap_feature_matcher][INFO] - I20260621 16:30:47.725428 0x16f81f000 pairing.cc:415] Generating sequential image pairs...
[2026-06-21 16:30:47,725][src.colmap_feature_matcher][INFO] - I20260621 16:30:47.725511 0x16f81f000 pairing.cc:473] Processing image [1/8]
[2026-06-21 16:30:47,786][src.colmap_feature_matcher][INFO] - I20260621 16:30:47.786322 0x16f81f000 feature_matching.cc:217] in 0.061s
[2026-06-21 16:30:47,786][src.colmap_feature_matcher][INFO] - I20260621 16:30:47.786337 0x16f81f000 pairing.cc:473] Processing image [2/8]
[2026-06-21 16:30:47,847][src.colmap_feature_matcher][INFO] - I20260621 16:30:47.847511 0x16f81f000 feature_matching.cc:217] in 0.061s
[2026-06-21 16:30:47,847][src.colmap_feature_matcher][INFO] - I20260621 16:30:47.847524 0x16f81f000 pairing.cc:473] Processing image [3/8]
[2026-06-21 16:30:47,908][src.colmap_feature_matcher][INFO] - I20260621 16:30:47.908729 0x16f81f000 feature_matching.cc:217] in 0.061s
[2026-06-21 16:30:47,908][src.colmap_feature_matcher][INFO] - I20260621 16:30:47.908739 0x16f81f000 pairing.cc:473] Processing image [4/8]
[2026-06-21 16:30:47,981][src.colmap_feature_matcher][INFO] - I20260621 16:30:47.981020 0x16f81f000 feature_matching.cc:217] in 0.072s
[2026-06-21 16:30:47,981][src.colmap_feature_matcher][INFO] - I20260621 16:30:47.981026 0x16f81f000 pairing.cc:473] Processing image [5/8]
[2026-06-21 16:30:48,011][src.colmap_feature_matcher][INFO] - I20260621 16:30:48.011975 0x16f81f000 feature_matching.cc:217] in 0.031s
[2026-06-21 16:30:48,012][src.colmap_feature_matcher][INFO] - I20260621 16:30:48.011980 0x16f81f000 pairing.cc:473] Processing image [6/8]
[2026-06-21 16:30:48,052][src.colmap_feature_matcher][INFO] - I20260621 16:30:48.052015 0x16f81f000 feature_matching.cc:217] in 0.040s
[2026-06-21 16:30:48,052][src.colmap_feature_matcher][INFO] - I20260621 16:30:48.052019 0x16f81f000 pairing.cc:473] Processing image [7/8]
[2026-06-21 16:30:48,073][src.colmap_feature_matcher][INFO] - I20260621 16:30:48.073786 0x16f81f000 feature_matching.cc:217] in 0.022s
[2026-06-21 16:30:48,073][src.colmap_feature_matcher][INFO] - I20260621 16:30:48.073789 0x16f81f000 pairing.cc:473] Processing image [8/8]
[2026-06-21 16:30:48,073][src.colmap_feature_matcher][INFO] - I20260621 16:30:48.073790 0x16f81f000 feature_matching.cc:217] in 0.000s
[2026-06-21 16:30:48,073][src.colmap_feature_matcher][INFO] - I20260621 16:30:48.073793 0x16f81f000 timer.cc:90] Elapsed time: 0.006 [minutes]
[2026-06-21 16:30:48,081][src.colmap_feature_matcher][INFO] - Feature matching completed successfully
[2026-06-21 16:30:48,081][__main__][INFO] - ✓ Feature matching completed
[2026-06-21 16:30:48,081][src.timing_recorder][INFO] - [TIMING] ✓ Completed: feature_matching (0.56s)
[2026-06-21 16:30:48,081][src.timing_recorder][INFO] - [TIMING] Starting: sparse_reconstruction
[2026-06-21 16:30:48,081][__main__][INFO] - ============================================================
[2026-06-21 16:30:48,081][__main__][INFO] - STEP 4: Sparse Reconstruction
[2026-06-21 16:30:48,081][__main__][INFO] - ============================================================
[2026-06-21 16:30:48,083][src.colmap_mapper][INFO] - Performing sparse reconstruction
[2026-06-21 16:30:48,083][src.colmap_mapper][INFO] - Database: /Users/bc/brendanchambers/2026-06-18-iphone-video-to-splat/data/intermediates/densify_sz0.005_gr0.0004/colmap_sfm_camera_model/database.db
[2026-06-21 16:30:48,083][src.colmap_mapper][INFO] - Images: /Users/bc/brendanchambers/2026-06-18-iphone-video-to-splat/data/intermediates/densify_sz0.005_gr0.0004/colmap_sfm_camera_model/images
[2026-06-21 16:30:48,083][src.colmap_mapper][INFO] - Output: /Users/bc/brendanchambers/2026-06-18-iphone-video-to-splat/data/intermediates/densify_sz0.005_gr0.0004/colmap_sfm_camera_model/sparse
[2026-06-21 16:30:48,083][src.colmap_mapper][INFO] - Running: colmap mapper
[2026-06-21 16:30:48,133][src.colmap_mapper][INFO] - I20260621 16:30:48.133183 0x1fde420c0 incremental_pipeline.cc:278] Loading database
[2026-06-21 16:30:48,133][src.colmap_mapper][INFO] - I20260621 16:30:48.133482 0x1fde420c0 database_cache.cc:72] Loading rigs...
[2026-06-21 16:30:48,133][src.colmap_mapper][INFO] - I20260621 16:30:48.133504 0x1fde420c0 database_cache.cc:82]  1 in 0.000s
[2026-06-21 16:30:48,133][src.colmap_mapper][INFO] - I20260621 16:30:48.133507 0x1fde420c0 database_cache.cc:90] Loading cameras...
[2026-06-21 16:30:48,133][src.colmap_mapper][INFO] - I20260621 16:30:48.133516 0x1fde420c0 database_cache.cc:108]  1 in 0.000s
[2026-06-21 16:30:48,133][src.colmap_mapper][INFO] - I20260621 16:30:48.133518 0x1fde420c0 database_cache.cc:116] Loading frames...
[2026-06-21 16:30:48,133][src.colmap_mapper][INFO] - I20260621 16:30:48.133535 0x1fde420c0 database_cache.cc:126]  8 in 0.000s
[2026-06-21 16:30:48,133][src.colmap_mapper][INFO] - I20260621 16:30:48.133538 0x1fde420c0 database_cache.cc:134] Loading matches...
[2026-06-21 16:30:48,133][src.colmap_mapper][INFO] - I20260621 16:30:48.133598 0x1fde420c0 database_cache.cc:139]  17 in 0.000s
[2026-06-21 16:30:48,133][src.colmap_mapper][INFO] - I20260621 16:30:48.133600 0x1fde420c0 database_cache.cc:147] Loading images...
[2026-06-21 16:30:48,134][src.colmap_mapper][INFO] - I20260621 16:30:48.134141 0x1fde420c0 database_cache.cc:241]  8 in 0.001s (connected 8, loaded 8)
[2026-06-21 16:30:48,134][src.colmap_mapper][INFO] - I20260621 16:30:48.134145 0x1fde420c0 database_cache.cc:255] Loading pose priors...
[2026-06-21 16:30:48,134][src.colmap_mapper][INFO] - I20260621 16:30:48.134151 0x1fde420c0 database_cache.cc:263]  0 in 0.000s
[2026-06-21 16:30:48,134][src.colmap_mapper][INFO] - I20260621 16:30:48.134153 0x1fde420c0 database_cache.cc:271] Building correspondence graph...
[2026-06-21 16:30:48,134][src.colmap_mapper][INFO] - I20260621 16:30:48.134969 0x1fde420c0 database_cache.cc:300]  in 0.001s (ignored 0)
[2026-06-21 16:30:48,135][src.colmap_mapper][INFO] - I20260621 16:30:48.134973 0x1fde420c0 timer.cc:90] Elapsed time: 0.000 [minutes]
[2026-06-21 16:30:48,135][src.colmap_mapper][INFO] - I20260621 16:30:48.135061 0x1fde420c0 incremental_pipeline.cc:390] Finding good initial image pair
[2026-06-21 16:30:48,145][src.colmap_mapper][INFO] - I20260621 16:30:48.145046 0x1fde420c0 incremental_pipeline.cc:414] Registering initial image pair #4 and #2
[2026-06-21 16:30:48,145][src.colmap_mapper][INFO] - I20260621 16:30:48.145654 0x1fde420c0 incremental_pipeline.cc:432] Global bundle adjustment
[2026-06-21 16:30:48,169][src.colmap_mapper][INFO] - I20260621 16:30:48.169426 0x1fde420c0 incremental_pipeline.cc:537] Registering image #3 (num_reg_frames=2)
[2026-06-21 16:30:48,169][src.colmap_mapper][INFO] - I20260621 16:30:48.169432 0x1fde420c0 incremental_pipeline.cc:540] => Image sees 168 / 1892 points
[2026-06-21 16:30:48,217][src.colmap_mapper][INFO] - I20260621 16:30:48.217560 0x1fde420c0 incremental_pipeline.cc:79] Retriangulation and Global bundle adjustment
[2026-06-21 16:30:48,260][src.colmap_mapper][INFO] - I20260621 16:30:48.259966 0x1fde420c0 incremental_pipeline.cc:537] Registering image #6 (num_reg_frames=3)
[2026-06-21 16:30:48,260][src.colmap_mapper][INFO] - I20260621 16:30:48.260014 0x1fde420c0 incremental_pipeline.cc:540] => Image sees 499 / 2128 points
[2026-06-21 16:30:48,333][src.colmap_mapper][INFO] - I20260621 16:30:48.333001 0x1fde420c0 incremental_pipeline.cc:79] Retriangulation and Global bundle adjustment
[2026-06-21 16:30:48,355][src.colmap_mapper][INFO] - I20260621 16:30:48.355604 0x1fde420c0 incremental_pipeline.cc:537] Registering image #5 (num_reg_frames=4)
[2026-06-21 16:30:48,355][src.colmap_mapper][INFO] - I20260621 16:30:48.355611 0x1fde420c0 incremental_pipeline.cc:540] => Image sees 1052 / 2461 points
[2026-06-21 16:30:48,403][src.colmap_mapper][INFO] - I20260621 16:30:48.403024 0x1fde420c0 incremental_pipeline.cc:79] Retriangulation and Global bundle adjustment
[2026-06-21 16:30:48,420][src.colmap_mapper][INFO] - I20260621 16:30:48.420095 0x1fde420c0 incremental_pipeline.cc:537] Registering image #1 (num_reg_frames=5)
[2026-06-21 16:30:48,420][src.colmap_mapper][INFO] - I20260621 16:30:48.420107 0x1fde420c0 incremental_pipeline.cc:540] => Image sees 536 / 1825 points
[2026-06-21 16:30:48,473][src.colmap_mapper][INFO] - I20260621 16:30:48.472959 0x1fde420c0 incremental_pipeline.cc:79] Retriangulation and Global bundle adjustment
[2026-06-21 16:30:48,498][src.colmap_mapper][INFO] - I20260621 16:30:48.498908 0x1fde420c0 incremental_pipeline.cc:537] Registering image #7 (num_reg_frames=6)
[2026-06-21 16:30:48,498][src.colmap_mapper][INFO] - I20260621 16:30:48.498916 0x1fde420c0 incremental_pipeline.cc:540] => Image sees 436 / 1676 points
[2026-06-21 16:30:48,535][src.colmap_mapper][INFO] - I20260621 16:30:48.535119 0x1fde420c0 incremental_pipeline.cc:79] Retriangulation and Global bundle adjustment
[2026-06-21 16:30:48,571][src.colmap_mapper][INFO] - I20260621 16:30:48.571550 0x1fde420c0 incremental_pipeline.cc:537] Registering image #8 (num_reg_frames=7)
[2026-06-21 16:30:48,571][src.colmap_mapper][INFO] - I20260621 16:30:48.571556 0x1fde420c0 incremental_pipeline.cc:540] => Image sees 481 / 1376 points
[2026-06-21 16:30:48,605][src.colmap_mapper][INFO] - I20260621 16:30:48.605604 0x1fde420c0 incremental_pipeline.cc:79] Retriangulation and Global bundle adjustment
[2026-06-21 16:30:48,644][src.colmap_mapper][INFO] - I20260621 16:30:48.644833 0x1fde420c0 incremental_pipeline.cc:79] Retriangulation and Global bundle adjustment
[2026-06-21 16:30:48,653][src.colmap_mapper][INFO] - I20260621 16:30:48.653712 0x1fde420c0 incremental_pipeline.cc:723] Keeping successful reconstruction
[2026-06-21 16:30:48,655][src.colmap_mapper][INFO] - I20260621 16:30:48.655982 0x1fde420c0 timer.cc:90] Elapsed time: 0.009 [minutes]
[2026-06-21 16:30:48,659][src.colmap_mapper][INFO] - Sparse reconstruction completed successfully
[2026-06-21 16:30:48,659][__main__][INFO] - ✓ Sparse reconstruction completed
[2026-06-21 16:30:48,659][src.timing_recorder][INFO] - [TIMING] ✓ Completed: sparse_reconstruction (0.58s)
[2026-06-21 16:30:48,659][src.timing_recorder][INFO] - [TIMING] Starting: undistortion
[2026-06-21 16:30:48,659][__main__][INFO] - ============================================================
[2026-06-21 16:30:48,660][__main__][INFO] - STEP 5: Image Undistortion
[2026-06-21 16:30:48,660][__main__][INFO] - ============================================================
[2026-06-21 16:30:48,661][src.colmap_undistorter][INFO] - Undistorting images
[2026-06-21 16:30:48,661][src.colmap_undistorter][INFO] - Input model: /Users/bc/brendanchambers/2026-06-18-iphone-video-to-splat/data/intermediates/densify_sz0.005_gr0.0004/colmap_sfm_camera_model/sparse/0
[2026-06-21 16:30:48,661][src.colmap_undistorter][INFO] - Images: /Users/bc/brendanchambers/2026-06-18-iphone-video-to-splat/data/intermediates/densify_sz0.005_gr0.0004/colmap_sfm_camera_model/images
[2026-06-21 16:30:48,661][src.colmap_undistorter][INFO] - Output: /Users/bc/brendanchambers/2026-06-18-iphone-video-to-splat/data/intermediates/densify_sz0.005_gr0.0004/colmap_sfm_linearized
[2026-06-21 16:30:48,661][src.colmap_undistorter][INFO] - Running: colmap image_undistorter
[2026-06-21 16:30:48,709][src.colmap_undistorter][INFO] - I20260621 16:30:48.709422 0x1fde420c0 image.cc:368] === Reading reconstruction ===
[2026-06-21 16:30:48,711][src.colmap_undistorter][INFO] - I20260621 16:30:48.711414 0x1fde420c0 image.cc:371] => Reconstruction with 8 images and 2190 points
[2026-06-21 16:30:48,711][src.colmap_undistorter][INFO] - I20260621 16:30:48.711422 0x1fde420c0 undistorters.cc:166] === Image undistortion ===
[2026-06-21 16:30:48,711][src.colmap_undistorter][INFO] - I20260621 16:30:48.711674 0x1fde420c0 undistorters.cc:205] Undistorting image [1/8]
[2026-06-21 16:30:49,310][src.colmap_undistorter][INFO] - I20260621 16:30:49.310126 0x1fde420c0 undistorters.cc:205] Undistorting image [2/8]
[2026-06-21 16:30:49,310][src.colmap_undistorter][INFO] - I20260621 16:30:49.310806 0x1fde420c0 undistorters.cc:205] Undistorting image [3/8]
[2026-06-21 16:30:49,310][src.colmap_undistorter][INFO] - I20260621 16:30:49.310818 0x1fde420c0 undistorters.cc:205] Undistorting image [4/8]
[2026-06-21 16:30:49,310][src.colmap_undistorter][INFO] - I20260621 16:30:49.310827 0x1fde420c0 undistorters.cc:205] Undistorting image [5/8]
[2026-06-21 16:30:49,327][src.colmap_undistorter][INFO] - I20260621 16:30:49.327111 0x1fde420c0 undistorters.cc:205] Undistorting image [6/8]
[2026-06-21 16:30:49,327][src.colmap_undistorter][INFO] - I20260621 16:30:49.327119 0x1fde420c0 undistorters.cc:205] Undistorting image [7/8]
[2026-06-21 16:30:49,327][src.colmap_undistorter][INFO] - I20260621 16:30:49.327121 0x1fde420c0 undistorters.cc:205] Undistorting image [8/8]
[2026-06-21 16:30:49,327][src.colmap_undistorter][INFO] - I20260621 16:30:49.327123 0x1fde420c0 undistorters.cc:213] Writing reconstruction...
[2026-06-21 16:30:49,331][src.colmap_undistorter][INFO] - I20260621 16:30:49.331721 0x1fde420c0 undistorters.cc:218] Writing configuration...
[2026-06-21 16:30:49,331][src.colmap_undistorter][INFO] - I20260621 16:30:49.331873 0x1fde420c0 undistorters.cc:222] Writing scripts...
[2026-06-21 16:30:49,331][src.colmap_undistorter][INFO] - I20260621 16:30:49.331985 0x1fde420c0 timer.cc:90] Elapsed time: 0.010 [minutes]
[2026-06-21 16:30:49,335][src.colmap_undistorter][INFO] - Image undistortion completed successfully
[2026-06-21 16:30:49,335][__main__][INFO] - ✓ Image undistortion completed
[2026-06-21 16:30:49,335][src.timing_recorder][INFO] - [TIMING] ✓ Completed: undistortion (0.68s)
[2026-06-21 16:30:49,335][src.timing_recorder][INFO] - [TIMING] Starting: splat_training
[2026-06-21 16:30:49,335][__main__][INFO] - ============================================================
[2026-06-21 16:30:49,335][__main__][INFO] - STEP 6: OpenSplat Training
[2026-06-21 16:30:49,335][__main__][INFO] - ============================================================
[2026-06-21 16:30:49,337][src.opensplat_trainer][INFO] - Training 3D Gaussian Splat
[2026-06-21 16:30:49,337][src.opensplat_trainer][INFO] - Sparse model: /Users/bc/brendanchambers/2026-06-18-iphone-video-to-splat/data/intermediates/densify_sz0.005_gr0.0004/colmap_sfm_linearized/sparse
[2026-06-21 16:30:49,337][src.opensplat_trainer][INFO] - Images: /Users/bc/brendanchambers/2026-06-18-iphone-video-to-splat/data/intermediates/densify_sz0.005_gr0.0004/colmap_sfm_linearized/images
[2026-06-21 16:30:49,337][src.opensplat_trainer][INFO] - Output PLY: /Users/bc/brendanchambers/2026-06-18-iphone-video-to-splat/data/intermediates/densify_sz0.005_gr0.0004/colmap_sfm_linearized/splats/densify_sz0.005_gr0.0004_20260621_1630.ply
[2026-06-21 16:30:49,337][src.opensplat_trainer][INFO] - Training loss log: /Users/bc/brendanchambers/2026-06-18-iphone-video-to-splat/data/intermediates/densify_sz0.005_gr0.0004/colmap_sfm_linearized/splats/train_20260621_1630.jsonl
[2026-06-21 16:30:49,337][src.opensplat_trainer][INFO] - Validation loss log: /Users/bc/brendanchambers/2026-06-18-iphone-video-to-splat/data/intermediates/densify_sz0.005_gr0.0004/colmap_sfm_linearized/splats/val_20260621_1630.jsonl
[2026-06-21 16:30:49,338][src.opensplat_trainer][INFO] - Running: opensplat
[2026-06-21 16:30:49,477][src.opensplat_trainer][INFO] - Using MPS
[2026-06-21 16:30:49,479][src.opensplat_trainer][INFO] - Reading 2190 points
[2026-06-21 16:30:49,480][src.opensplat_trainer][INFO] - Loading /Users/bc/brendanchambers/2026-06-18-iphone-video-to-splat/data/intermediates/densify_sz0.005_gr0.0004/colmap_sfm_linearized/images/frame_0001.jpgLoading Loading /Users/bc/brendanchambers/2026-06-18-iphone-video-to-splat/data/intermediates/densify_sz0.005_gr0.0004/colmap_sfm_linearized/images/frame_0003.jpg
[2026-06-21 16:30:49,480][src.opensplat_trainer][INFO] - Loading /Users/bc/brendanchambers/2026-06-18-iphone-video-to-splat/data/intermediates/densify_sz0.005_gr0.0004/colmap_sfm_linearized/images/frame_0004.jpg
[2026-06-21 16:30:49,480][src.opensplat_trainer][INFO] - /Users/bc/brendanchambers/2026-06-18-iphone-video-to-splat/data/intermediates/densify_sz0.005_gr0.0004/colmap_sfm_linearized/images/frame_0002.jpg
[2026-06-21 16:30:49,480][src.opensplat_trainer][INFO] - 
[2026-06-21 16:30:49,480][src.opensplat_trainer][INFO] - Loading /Users/bc/brendanchambers/2026-06-18-iphone-video-to-splat/data/intermediates/densify_sz0.005_gr0.0004/colmap_sfm_linearized/images/frame_0005.jpg
[2026-06-21 16:30:49,480][src.opensplat_trainer][INFO] - Loading /Users/bc/brendanchambers/2026-06-18-iphone-video-to-splat/data/intermediates/densify_sz0.005_gr0.0004/colmap_sfm_linearized/images/frame_0006.jpg
[2026-06-21 16:30:49,480][src.opensplat_trainer][INFO] - Loading Loading /Users/bc/brendanchambers/2026-06-18-iphone-video-to-splat/data/intermediates/densify_sz0.005_gr0.0004/colmap_sfm_linearized/images/frame_0008.jpg
[2026-06-21 16:30:49,480][src.opensplat_trainer][INFO] - /Users/bc/brendanchambers/2026-06-18-iphone-video-to-splat/data/intermediates/densify_sz0.005_gr0.0004/colmap_sfm_linearized/images/frame_0007.jpg
[2026-06-21 16:30:49,858][src.opensplat_trainer][INFO] - init_gsplat_metal_context: loading '/Users/bc/brendanchambers/2026-06-18-iphone-video-to-splat/opensplat/build/default.metallib'
[2026-06-21 16:30:49,858][src.opensplat_trainer][INFO] - init_gsplat_metal_context: loaded '/Users/bc/brendanchambers/2026-06-18-iphone-video-to-splat/opensplat/build/default.metallib', functions: compute_cov2d_bounds_kernel, project_gaussians_backward_kernel, get_tile_bin_edges_kernel, rasterize_backward_kernel, map_gaussian_to_intersects_kernel, nd_rasterize_backward_kernel, project_gaussians_forward_kernel, compute_sh_backward_kernel, compute_sh_forward_kernel, nd_rasterize_forward_kernel
[2026-06-21 16:30:49,858][src.opensplat_trainer][INFO] - init_gsplat_metal_context: load function nd_rasterize_backward_kernel with label: (null)
[2026-06-21 16:30:49,858][src.opensplat_trainer][INFO] - init_gsplat_metal_context: load function nd_rasterize_forward_kernel with label: (null)
[2026-06-21 16:30:49,858][src.opensplat_trainer][INFO] - init_gsplat_metal_context: load function rasterize_backward_kernel with label: (null)
[2026-06-21 16:30:49,858][src.opensplat_trainer][INFO] - init_gsplat_metal_context: load function project_gaussians_forward_kernel with label: (null)
[2026-06-21 16:30:49,858][src.opensplat_trainer][INFO] - init_gsplat_metal_context: load function project_gaussians_backward_kernel with label: (null)
[2026-06-21 16:30:49,858][src.opensplat_trainer][INFO] - init_gsplat_metal_context: load function compute_sh_forward_kernel with label: (null)
[2026-06-21 16:30:49,858][src.opensplat_trainer][INFO] - init_gsplat_metal_context: load function compute_sh_backward_kernel with label: (null)
[2026-06-21 16:30:49,858][src.opensplat_trainer][INFO] - init_gsplat_metal_context: load function compute_cov2d_bounds_kernel with label: (null)
[2026-06-21 16:30:49,859][src.opensplat_trainer][INFO] - init_gsplat_metal_context: load function map_gaussian_to_intersects_kernel with label: (null)
[2026-06-21 16:30:49,859][src.opensplat_trainer][INFO] - init_gsplat_metal_context: load function get_tile_bin_edges_kernel with label: (null)
[2026-06-21 16:30:49,859][src.opensplat_trainer][INFO] - Step 10: 0.335643 (20%)
[2026-06-21 16:30:50,071][src.opensplat_trainer][INFO] - Step 20: 0.316053 (40%)
[2026-06-21 16:30:50,266][src.opensplat_trainer][INFO] - Step 30: 0.28368 (60%)
[2026-06-21 16:30:50,457][src.opensplat_trainer][INFO] - Step 40: 0.301104 (80%)
[2026-06-21 16:30:50,670][src.opensplat_trainer][INFO] - Step 50: 0.302611 (100%)
[2026-06-21 16:30:50,685][src.opensplat_trainer][INFO] - Wrote /Users/bc/brendanchambers/2026-06-18-iphone-video-to-splat/data/intermediates/densify_sz0.005_gr0.0004/colmap_sfm_linearized/splats/cameras.json
[2026-06-21 16:30:50,692][src.opensplat_trainer][INFO] - Wrote /Users/bc/brendanchambers/2026-06-18-iphone-video-to-splat/data/intermediates/densify_sz0.005_gr0.0004/colmap_sfm_linearized/splats/densify_sz0.005_gr0.0004_20260621_1630.ply
[2026-06-21 16:30:50,706][src.opensplat_trainer][INFO] - /Users/bc/brendanchambers/2026-06-18-iphone-video-to-splat/data/intermediates/densify_sz0.005_gr0.0004/colmap_sfm_linearized/images/frame_0001.jpg validation loss: 0.344775
[2026-06-21 16:30:50,758][src.opensplat_trainer][INFO] - Parsed 5 training loss values to /Users/bc/brendanchambers/2026-06-18-iphone-video-to-splat/data/intermediates/densify_sz0.005_gr0.0004/colmap_sfm_linearized/splats/train_20260621_1630.jsonl
[2026-06-21 16:30:50,758][src.opensplat_trainer][INFO] - Captured validation loss: 0.344775 to /Users/bc/brendanchambers/2026-06-18-iphone-video-to-splat/data/intermediates/densify_sz0.005_gr0.0004/colmap_sfm_linearized/splats/val_20260621_1630.jsonl
[2026-06-21 16:30:50,758][src.opensplat_trainer][INFO] - Training completed successfully
[2026-06-21 16:30:50,758][src.opensplat_trainer][INFO] - Output saved to: /Users/bc/brendanchambers/2026-06-18-iphone-video-to-splat/data/intermediates/densify_sz0.005_gr0.0004/colmap_sfm_linearized/splats/densify_sz0.005_gr0.0004_20260621_1630.ply
[2026-06-21 16:30:50,758][__main__][INFO] - ✓ Splat training completed
[2026-06-21 16:30:50,758][__main__][INFO] - ============================================================
[2026-06-21 16:30:50,759][__main__][INFO] - Analyzing Training Loss
[2026-06-21 16:30:50,759][__main__][INFO] - ============================================================
[2026-06-21 16:30:50,818][src.timing_recorder][INFO] - [TIMING] ✓ Completed: splat_training (1.48s)
[2026-06-21 16:30:50,819][__main__][INFO] - 
[2026-06-21 16:30:50,819][__main__][INFO] - ╔==========================================================╗
[2026-06-21 16:30:50,819][__main__][INFO] - ║                    Pipeline Complete!                    ║
[2026-06-21 16:30:50,819][__main__][INFO] - ╚==========================================================╝
[2026-06-21 16:30:50,819][__main__][INFO] - Output directory: /Users/bc/brendanchambers/2026-06-18-iphone-video-to-splat/data/intermediates/densify_sz0.005_gr0.0004/colmap_sfm_linearized/splats
[2026-06-21 16:30:50,819][__main__][INFO] -   - PLY file: *.ply (3D Gaussian Splat)
[2026-06-21 16:30:50,819][__main__][INFO] -   - Loss log: *.jsonl (Training loss per step)
[2026-06-21 16:30:50,819][__main__][INFO] -   - Timing log: running-time_*.jsonl (Step execution times)
[2026-06-21 16:30:50,819][src.timing_recorder][INFO] - 
[2026-06-21 16:30:50,819][src.timing_recorder][INFO] - ======================================================================
[2026-06-21 16:30:50,819][src.timing_recorder][INFO] - PIPELINE EXECUTION TIMING SUMMARY
[2026-06-21 16:30:50,819][src.timing_recorder][INFO] - ======================================================================
[2026-06-21 16:30:50,819][src.timing_recorder][INFO] - ✓ frame_extraction              0.23s  (  5.3%)
[2026-06-21 16:30:50,819][src.timing_recorder][INFO] - ✓ feature_extraction            0.74s  ( 17.3%)
[2026-06-21 16:30:50,819][src.timing_recorder][INFO] - ✓ feature_matching              0.56s  ( 13.2%)
[2026-06-21 16:30:50,820][src.timing_recorder][INFO] - ✓ sparse_reconstruction         0.58s  ( 13.6%)
[2026-06-21 16:30:50,820][src.timing_recorder][INFO] - ✓ undistortion                  0.68s  ( 15.9%)
[2026-06-21 16:30:50,820][src.timing_recorder][INFO] - ✓ splat_training                1.48s  ( 34.8%)
[2026-06-21 16:30:50,820][src.timing_recorder][INFO] - ----------------------------------------------------------------------
[2026-06-21 16:30:50,820][src.timing_recorder][INFO] - TOTAL                           4.26s  (100.0%)
[2026-06-21 16:30:50,820][src.timing_recorder][INFO] - ======================================================================
[2026-06-21 16:30:50,820][src.timing_recorder][INFO] - 
[2026-06-21 16:30:50,820][src.timing_recorder][INFO] - [TIMING] Saved timing report to: /Users/bc/brendanchambers/2026-06-18-iphone-video-to-splat/data/intermediates/densify_sz0.005_gr0.0004/colmap_sfm_linearized/splats/running-time_20260621_1630.jsonl
[2026-06-21 16:30:50,821][__main__][INFO] - ============================================================
[2026-06-21 16:30:50,821][__main__][INFO] - Logging Experiment Results
[2026-06-21 16:30:50,821][__main__][INFO] - ============================================================
[2026-06-21 16:30:50,821][src.experiment_tracker][INFO] - Logged experiment to: /Users/bc/brendanchambers/2026-06-18-iphone-video-to-splat/reports/experiments/baseline.jsonl
[2026-06-21 16:30:50,821][__main__][INFO] - Experiment results logged to: /Users/bc/brendanchambers/2026-06-18-iphone-video-to-splat/reports/experiments/baseline.jsonl
[2026-06-21 16:30:50,821][__main__][INFO] -   Experiment: densify_sz0.005_gr0.0004
[2026-06-21 16:30:50,821][__main__][INFO] -   Group: baseline
[2026-06-21 16:30:50,821][__main__][INFO] -   Train loss: 0.302611
[2026-06-21 16:30:50,821][__main__][INFO] -   Total time: 4.26s (0.07m)
