ffmpeg version 8.1.2 Copyright (c) 2000-2026 the FFmpeg developers
  built with Apple clang version 17.0.0 (clang-1700.6.4.2)
  configuration: --prefix=/opt/homebrew/Cellar/ffmpeg/8.1.2 --enable-shared --enable-pthreads --enable-version3 --cc=clang --host-cflags= --host-ldflags= --enable-ffplay --enable-gpl --enable-libsvtav1 --enable-libopus --enable-libx264 --enable-libmp3lame --enable-libdav1d --enable-libvmaf --enable-libvpx --enable-libx265 --enable-openssl --enable-videotoolbox --enable-audiotoolbox --enable-neon
  libavutil      60. 26.102 / 60. 26.102
  libavcodec     62. 28.102 / 62. 28.102
  libavformat    62. 12.102 / 62. 12.102
  libavdevice    62.  3.102 / 62.  3.102
  libavfilter    11. 14.102 / 11. 14.102
  libswscale      9.  5.102 /  9.  5.102
  libswresample   6.  3.102 /  6.  3.102
Input #0, mov,mp4,m4a,3gp,3g2,mj2, from '/Users/bc/brendanchambers/2026-06-18-iphone-video-to-splat/data/incoming/movies/teensy.mov':
  Metadata:
    major_brand     : qt  
    minor_version   : 512
    compatible_brands: qt  
    encoder         : Lavf62.12.102
  Duration: 00:00:04.01, start: 0.000000, bitrate: 19786 kb/s
  Stream #0:0[0x1]: Video: h264 (High) (avc1 / 0x31637661), yuv420p(tv, bt709, progressive), 1080x1920, 19646 kb/s, 29.67 fps, 29.67 tbr, 11392 tbn (default)
    Metadata:
      handler_name    : Core Media Video
      vendor_id       : FFMP
      encoder         : Lavc62.28.102 libx264
  Stream #0:1[0x2]: Audio: aac (LC) (mp4a / 0x6134706D), 48000 Hz, stereo, fltp, 128 kb/s (default)
    Metadata:
      handler_name    : Core Media Audio
      vendor_id       : [0][0][0][0]
Stream mapping:
  Stream #0:0 -> #0:0 (h264 (native) -> mjpeg (native))
Press [q] to stop, [?] for help
Output #0, image2, to '/Users/bc/brendanchambers/2026-06-18-iphone-video-to-splat/data/intermediates/teensy/images/frame_%04d.jpg':
  Metadata:
    major_brand     : qt  
    minor_version   : 512
    compatible_brands: qt  
    encoder         : Lavf62.12.102
  Stream #0:0: Video: mjpeg, yuv420p(pc, bt709, progressive), 1080x1920, q=2-31, 200 kb/s, 2 fps, 2 tbn (default)
    Metadata:
      encoder         : Lavc62.28.102 mjpeg
      handler_name    : Core Media Video
      vendor_id       : FFMP
    Side data:
      CPB properties: bitrate max/min/avg: 0/0/200000 buffer size: 0 vbv_delay: N/A
[out#0/image2 @ 0x600002cd0600] video:5173KiB audio:0KiB subtitle:0KiB other streams:0KiB global headers:0KiB muxing overhead: unknown
frame=    8 fps=0.0 q=2.0 Lsize=N/A time=00:00:04.00 bitrate=N/A speed=20.6x elapsed=0:00:00.19    
I20260621 12:19:25.753674 0x16b4cf000 feature_extraction.cc:504] === Feature extraction ===
I20260621 12:19:25.769289 0x16bad3000 sift.cc:757] Creating SIFT GPU feature extractor
I20260621 12:19:25.806323 0x16bb5f000 feature_extraction.cc:282] Processed file [1/8]
I20260621 12:19:25.806333 0x16bb5f000 feature_extraction.cc:285]   Name:            frame_0001.jpg
W20260621 12:19:25.806335 0x16bb5f000 feature_extraction.cc:289] frame_0001.jpg IMAGE_EXISTS: Features for image were already extracted.
I20260621 12:19:25.806606 0x16bb5f000 feature_extraction.cc:282] Processed file [2/8]
I20260621 12:19:25.806609 0x16bb5f000 feature_extraction.cc:285]   Name:            frame_0002.jpg
W20260621 12:19:25.806610 0x16bb5f000 feature_extraction.cc:289] frame_0002.jpg IMAGE_EXISTS: Features for image were already extracted.
I20260621 12:19:25.806619 0x16bb5f000 feature_extraction.cc:282] Processed file [3/8]
I20260621 12:19:25.806621 0x16bb5f000 feature_extraction.cc:285]   Name:            frame_0003.jpg
W20260621 12:19:25.806624 0x16bb5f000 feature_extraction.cc:289] frame_0003.jpg IMAGE_EXISTS: Features for image were already extracted.
I20260621 12:19:25.806631 0x16bb5f000 feature_extraction.cc:282] Processed file [4/8]
I20260621 12:19:25.806633 0x16bb5f000 feature_extraction.cc:285]   Name:            frame_0004.jpg
W20260621 12:19:25.806634 0x16bb5f000 feature_extraction.cc:289] frame_0004.jpg IMAGE_EXISTS: Features for image were already extracted.
I20260621 12:19:25.806652 0x16bb5f000 feature_extraction.cc:282] Processed file [5/8]
I20260621 12:19:25.806657 0x16bb5f000 feature_extraction.cc:285]   Name:            frame_0005.jpg
W20260621 12:19:25.806659 0x16bb5f000 feature_extraction.cc:289] frame_0005.jpg IMAGE_EXISTS: Features for image were already extracted.
I20260621 12:19:25.806667 0x16bb5f000 feature_extraction.cc:282] Processed file [6/8]
I20260621 12:19:25.806669 0x16bb5f000 feature_extraction.cc:285]   Name:            frame_0006.jpg
W20260621 12:19:25.806671 0x16bb5f000 feature_extraction.cc:289] frame_0006.jpg IMAGE_EXISTS: Features for image were already extracted.
I20260621 12:19:25.806676 0x16bb5f000 feature_extraction.cc:282] Processed file [7/8]
I20260621 12:19:25.806677 0x16bb5f000 feature_extraction.cc:285]   Name:            frame_0007.jpg
W20260621 12:19:25.806679 0x16bb5f000 feature_extraction.cc:289] frame_0007.jpg IMAGE_EXISTS: Features for image were already extracted.
I20260621 12:19:25.806685 0x16bb5f000 feature_extraction.cc:282] Processed file [8/8]
I20260621 12:19:25.806687 0x16bb5f000 feature_extraction.cc:285]   Name:            frame_0008.jpg
W20260621 12:19:25.806688 0x16bb5f000 feature_extraction.cc:289] frame_0008.jpg IMAGE_EXISTS: Features for image were already extracted.
I20260621 12:19:25.806803 0x16b4cf000 timer.cc:90] Elapsed time: 0.001 [minutes]
I20260621 12:19:25.965707 0x16fcbf000 feature_matching.cc:195] === Feature matching & geometric verification ===
I20260621 12:19:25.979311 0x16fd4b000 sift.cc:1559] Creating SIFT GPU feature matcher
I20260621 12:19:26.002222 0x16fcbf000 pairing.cc:415] Generating sequential image pairs...
I20260621 12:19:26.002299 0x16fcbf000 pairing.cc:473] Processing image [1/8]
I20260621 12:19:26.002321 0x16fcbf000 feature_matching.cc:217] in 0.000s
I20260621 12:19:26.002324 0x16fcbf000 pairing.cc:473] Processing image [2/8]
I20260621 12:19:26.002339 0x16fcbf000 feature_matching.cc:217] in 0.000s
I20260621 12:19:26.002341 0x16fcbf000 pairing.cc:473] Processing image [3/8]
I20260621 12:19:26.002354 0x16fcbf000 feature_matching.cc:217] in 0.000s
I20260621 12:19:26.002356 0x16fcbf000 pairing.cc:473] Processing image [4/8]
I20260621 12:19:26.002372 0x16fcbf000 feature_matching.cc:217] in 0.000s
I20260621 12:19:26.002374 0x16fcbf000 pairing.cc:473] Processing image [5/8]
I20260621 12:19:26.002386 0x16fcbf000 feature_matching.cc:217] in 0.000s
I20260621 12:19:26.002388 0x16fcbf000 pairing.cc:473] Processing image [6/8]
I20260621 12:19:26.002400 0x16fcbf000 feature_matching.cc:217] in 0.000s
I20260621 12:19:26.002402 0x16fcbf000 pairing.cc:473] Processing image [7/8]
I20260621 12:19:26.002409 0x16fcbf000 feature_matching.cc:217] in 0.000s
I20260621 12:19:26.002411 0x16fcbf000 pairing.cc:473] Processing image [8/8]
I20260621 12:19:26.002412 0x16fcbf000 feature_matching.cc:217] in 0.000s
I20260621 12:19:26.002414 0x16fcbf000 timer.cc:90] Elapsed time: 0.001 [minutes]
I20260621 12:19:26.053544 0x1fde420c0 incremental_pipeline.cc:278] Loading database
I20260621 12:19:26.053841 0x1fde420c0 database_cache.cc:72] Loading rigs...
I20260621 12:19:26.053861 0x1fde420c0 database_cache.cc:82]  1 in 0.000s
I20260621 12:19:26.053863 0x1fde420c0 database_cache.cc:90] Loading cameras...
I20260621 12:19:26.053872 0x1fde420c0 database_cache.cc:108]  1 in 0.000s
I20260621 12:19:26.053874 0x1fde420c0 database_cache.cc:116] Loading frames...
I20260621 12:19:26.053891 0x1fde420c0 database_cache.cc:126]  8 in 0.000s
I20260621 12:19:26.053893 0x1fde420c0 database_cache.cc:134] Loading matches...
I20260621 12:19:26.053952 0x1fde420c0 database_cache.cc:139]  17 in 0.000s
I20260621 12:19:26.053954 0x1fde420c0 database_cache.cc:147] Loading images...
I20260621 12:19:26.054510 0x1fde420c0 database_cache.cc:241]  8 in 0.001s (connected 8, loaded 8)
I20260621 12:19:26.054513 0x1fde420c0 database_cache.cc:255] Loading pose priors...
I20260621 12:19:26.054520 0x1fde420c0 database_cache.cc:263]  0 in 0.000s
I20260621 12:19:26.054522 0x1fde420c0 database_cache.cc:271] Building correspondence graph...
I20260621 12:19:26.055344 0x1fde420c0 database_cache.cc:300]  in 0.001s (ignored 0)
I20260621 12:19:26.055348 0x1fde420c0 timer.cc:90] Elapsed time: 0.000 [minutes]
I20260621 12:19:26.055452 0x1fde420c0 incremental_pipeline.cc:390] Finding good initial image pair
I20260621 12:19:26.066858 0x1fde420c0 incremental_pipeline.cc:414] Registering initial image pair #4 and #2
I20260621 12:19:26.067473 0x1fde420c0 incremental_pipeline.cc:432] Global bundle adjustment
I20260621 12:19:26.092231 0x1fde420c0 incremental_pipeline.cc:537] Registering image #3 (num_reg_frames=2)
I20260621 12:19:26.092237 0x1fde420c0 incremental_pipeline.cc:540] => Image sees 153 / 2020 points
I20260621 12:19:26.133999 0x1fde420c0 incremental_pipeline.cc:79] Retriangulation and Global bundle adjustment
I20260621 12:19:26.148531 0x1fde420c0 incremental_pipeline.cc:537] Registering image #6 (num_reg_frames=3)
I20260621 12:19:26.148536 0x1fde420c0 incremental_pipeline.cc:540] => Image sees 534 / 2233 points
I20260621 12:19:26.199299 0x1fde420c0 incremental_pipeline.cc:79] Retriangulation and Global bundle adjustment
I20260621 12:19:26.223847 0x1fde420c0 incremental_pipeline.cc:537] Registering image #5 (num_reg_frames=4)
I20260621 12:19:26.223852 0x1fde420c0 incremental_pipeline.cc:540] => Image sees 1114 / 2586 points
I20260621 12:19:26.286666 0x1fde420c0 incremental_pipeline.cc:79] Retriangulation and Global bundle adjustment
I20260621 12:19:26.301989 0x1fde420c0 incremental_pipeline.cc:537] Registering image #1 (num_reg_frames=5)
I20260621 12:19:26.301994 0x1fde420c0 incremental_pipeline.cc:540] => Image sees 581 / 1931 points
I20260621 12:19:26.359214 0x1fde420c0 incremental_pipeline.cc:79] Retriangulation and Global bundle adjustment
I20260621 12:19:26.393697 0x1fde420c0 incremental_pipeline.cc:537] Registering image #7 (num_reg_frames=6)
I20260621 12:19:26.393703 0x1fde420c0 incremental_pipeline.cc:540] => Image sees 453 / 1755 points
I20260621 12:19:26.432417 0x1fde420c0 incremental_pipeline.cc:79] Retriangulation and Global bundle adjustment
I20260621 12:19:26.472291 0x1fde420c0 incremental_pipeline.cc:537] Registering image #8 (num_reg_frames=7)
I20260621 12:19:26.472300 0x1fde420c0 incremental_pipeline.cc:540] => Image sees 502 / 1452 points
I20260621 12:19:26.509921 0x1fde420c0 incremental_pipeline.cc:79] Retriangulation and Global bundle adjustment
I20260621 12:19:26.549137 0x1fde420c0 incremental_pipeline.cc:79] Retriangulation and Global bundle adjustment
I20260621 12:19:26.558055 0x1fde420c0 incremental_pipeline.cc:723] Keeping successful reconstruction
I20260621 12:19:26.559819 0x1fde420c0 timer.cc:90] Elapsed time: 0.008 [minutes]
I20260621 12:19:26.608081 0x1fde420c0 image.cc:368] === Reading reconstruction ===
I20260621 12:19:26.610132 0x1fde420c0 image.cc:371] => Reconstruction with 8 images and 2328 points
I20260621 12:19:26.610143 0x1fde420c0 undistorters.cc:166] === Image undistortion ===
I20260621 12:19:26.610299 0x1fde420c0 undistorters.cc:205] Undistorting image [1/8]
I20260621 12:19:27.204260 0x1fde420c0 undistorters.cc:205] Undistorting image [2/8]
I20260621 12:19:27.210073 0x1fde420c0 undistorters.cc:205] Undistorting image [3/8]
I20260621 12:19:27.210081 0x1fde420c0 undistorters.cc:205] Undistorting image [4/8]
I20260621 12:19:27.218295 0x1fde420c0 undistorters.cc:205] Undistorting image [5/8]
I20260621 12:19:27.218300 0x1fde420c0 undistorters.cc:205] Undistorting image [6/8]
I20260621 12:19:27.218303 0x1fde420c0 undistorters.cc:205] Undistorting image [7/8]
I20260621 12:19:27.218304 0x1fde420c0 undistorters.cc:205] Undistorting image [8/8]
I20260621 12:19:27.218306 0x1fde420c0 undistorters.cc:213] Writing reconstruction...
I20260621 12:19:27.222462 0x1fde420c0 undistorters.cc:218] Writing configuration...
I20260621 12:19:27.222581 0x1fde420c0 undistorters.cc:222] Writing scripts...
I20260621 12:19:27.222675 0x1fde420c0 timer.cc:90] Elapsed time: 0.010 [minutes]
