=========================================================
Starting COLMAP Pipeline for: ./data/incoming/gardenbed_2026-06-17.MOV
Project Directory: /Users/bc/brendanchambers/2026-06-18-iphone-video-to-splat
=========================================================
--> Step 1: Extracting frames using ffmpeg...
ffmpeg version 8.1.2 Copyright (c) 2000-2026 the FFmpeg developers
  built with Apple clang version 17.0.0 (clang-1700.6.4.2)
  configuration: --prefix=/opt/homebrew/Cellar/ffmpeg/8.1.2 --enable-shared --enable-pthreads --enable-version3 --cc=clang --host-cflags= --host-ldflags= --enable-ffplay --enable-gpl --enable-libsvtav1 --enable-libopus --enable-libx264 --enable-libmp3lame --enable-libdav1d --enable-libvmaf --enable-libvpx --enable-libx265 --enable-openssl --enable-videotoolbox --enable-audiotoolbox --enable-neon
  libavutil      60. 26.102 / 60. 26.102
  libavcodec     62. 28.102 / 62. 28.102
  libavformat    62. 12.102 / 62. 12.102
  libavdevice    62.  3.102 / 62.  3.102
  libavfilter    11. 14.102 / 11. 14.102
  libswscale      9.  5.102 /  9.  5.102
  libswresample   6.  3.102 /  6.  3.102
Input #0, mov,mp4,m4a,3gp,3g2,mj2, from './data/incoming/gardenbed_2026-06-17.MOV':
  Metadata:
    major_brand     : qt  
    minor_version   : 0
    compatible_brands: qt  
    creation_time   : 2026-06-17T23:07:41.000000Z
    com.apple.quicktime.full-frame-rate-playback-intent: 0
    com.apple.quicktime.make: Apple
    com.apple.quicktime.model: iPhone SE (3rd generation)
    com.apple.quicktime.software: 26.3.1
    com.apple.quicktime.creationdate: 2026-06-17T19:07:41-0400
  Duration: 00:01:01.87, start: 0.000000, bitrate: 10219 kb/s
  Stream #0:0[0x1](und): Video: hevc (Main) (hvc1 / 0x31637668), yuv420p(tv, bt709), 1920x1080, 9983 kb/s, 29.64 fps, 29.67 tbr, 600 tbn (default)
    Metadata:
      creation_time   : 2026-06-17T23:07:41.000000Z
      handler_name    : Core Media Video
      vendor_id       : [0][0][0][0]
      encoder         : HEVC
    Side data:
      Display Matrix: rotation of -90.00 degrees
  Stream #0:1[0x2](und): Audio: aac (LC) (mp4a / 0x6134706D), 48000 Hz, stereo, fltp, 185 kb/s (default)
    Metadata:
      creation_time   : 2026-06-17T23:07:41.000000Z
      handler_name    : Core Media Audio
      vendor_id       : [0][0][0][0]
  Stream #0:2[0x3](und): Data: none (mebx / 0x7862656D), 0 kb/s (default)
    Metadata:
      creation_time   : 2026-06-17T23:07:41.000000Z
      handler_name    : Core Media Metadata
  Stream #0:3[0x4](und): Data: none (mebx / 0x7862656D), 0 kb/s (default)
    Metadata:
      creation_time   : 2026-06-17T23:07:41.000000Z
      handler_name    : Core Media Metadata
  Stream #0:4[0x5](und): Data: none (mebx / 0x7862656D), 34 kb/s (default)
    Metadata:
      creation_time   : 2026-06-17T23:07:41.000000Z
      handler_name    : Core Media Metadata
  Stream #0:5[0x6](und): Data: none (mebx / 0x7862656D), 0 kb/s (default)
    Metadata:
      creation_time   : 2026-06-17T23:07:41.000000Z
      handler_name    : Core Media Metadata
Stream mapping:
  Stream #0:0 -> #0:0 (hevc (native) -> mjpeg (native))
Press [q] to stop, [?] for help
Output #0, image2, to '/Users/bc/brendanchambers/2026-06-18-iphone-video-to-splat/data/intermediates/current_scene/images/frame_%04d.jpg':
  Metadata:
    major_brand     : qt  
    minor_version   : 0
    compatible_brands: qt  
    com.apple.quicktime.creationdate: 2026-06-17T19:07:41-0400
    com.apple.quicktime.full-frame-rate-playback-intent: 0
    com.apple.quicktime.make: Apple
    com.apple.quicktime.model: iPhone SE (3rd generation)
    com.apple.quicktime.software: 26.3.1
    encoder         : Lavf62.12.102
  Stream #0:0(und): Video: mjpeg, yuv420p(pc, bt709, progressive), 1080x1920, q=2-31, 200 kb/s, 2 fps, 2 tbn (default)
    Metadata:
      encoder         : Lavc62.28.102 mjpeg
      creation_time   : 2026-06-17T23:07:41.000000Z
      handler_name    : Core Media Video
      vendor_id       : [0][0][0][0]
    Side data:
      CPB properties: bitrate max/min/avg: 0/0/200000 buffer size: 0 vbv_delay: N/A
frame=   15 fps=0.0 q=2.0 size=N/A time=00:00:07.50 bitrate=N/A speed=14.8x elapsed=0:00:00.50    frame=   35 fps= 35 q=2.0 size=N/A time=00:00:17.50 bitrate=N/A speed=17.3x elapsed=0:00:01.00    frame=   54 fps= 36 q=2.0 size=N/A time=00:00:27.00 bitrate=N/A speed=17.8x elapsed=0:00:01.51    frame=   77 fps= 38 q=2.0 size=N/A time=00:00:38.50 bitrate=N/A speed=19.1x elapsed=0:00:02.01    frame=   96 fps= 38 q=2.0 size=N/A time=00:00:48.00 bitrate=N/A speed=  19x elapsed=0:00:02.52    frame=  118 fps= 39 q=2.0 size=N/A time=00:00:59.00 bitrate=N/A speed=19.5x elapsed=0:00:03.02    [out#0/image2 @ 0x14d613c60] video:92965KiB audio:0KiB subtitle:0KiB other streams:0KiB global headers:0KiB muxing overhead: unknown
frame=  124 fps= 39 q=2.0 Lsize=N/A time=00:01:02.00 bitrate=N/A speed=19.5x elapsed=0:00:03.17    
--> Step 2: Extracting image features...
[0;31mE20260618 12:44:49.649306 0x1fde420c0 logging.cc:56] [base_option_manager.cc:170] Check failed: database_parent_path.empty() || ExistsDir(database_parent_path)
[m[0;31mE20260618 12:44:49.650596 0x1fde420c0 base_option_manager.cc:273] Invalid options provided.
[m=========================================================
Starting COLMAP Pipeline for: ./data/incoming/gardenbed_2026-06-17.MOV
Project Directory: /Users/bc/brendanchambers/2026-06-18-iphone-video-to-splat
=========================================================
--> Step 1: Extracting frames using ffmpeg...
ffmpeg version 8.1.2 Copyright (c) 2000-2026 the FFmpeg developers
  built with Apple clang version 17.0.0 (clang-1700.6.4.2)
  configuration: --prefix=/opt/homebrew/Cellar/ffmpeg/8.1.2 --enable-shared --enable-pthreads --enable-version3 --cc=clang --host-cflags= --host-ldflags= --enable-ffplay --enable-gpl --enable-libsvtav1 --enable-libopus --enable-libx264 --enable-libmp3lame --enable-libdav1d --enable-libvmaf --enable-libvpx --enable-libx265 --enable-openssl --enable-videotoolbox --enable-audiotoolbox --enable-neon
  libavutil      60. 26.102 / 60. 26.102
  libavcodec     62. 28.102 / 62. 28.102
  libavformat    62. 12.102 / 62. 12.102
  libavdevice    62.  3.102 / 62.  3.102
  libavfilter    11. 14.102 / 11. 14.102
  libswscale      9.  5.102 /  9.  5.102
  libswresample   6.  3.102 /  6.  3.102
Input #0, mov,mp4,m4a,3gp,3g2,mj2, from './data/incoming/gardenbed_2026-06-17.MOV':
  Metadata:
    major_brand     : qt  
    minor_version   : 0
    compatible_brands: qt  
    creation_time   : 2026-06-17T23:07:41.000000Z
    com.apple.quicktime.full-frame-rate-playback-intent: 0
    com.apple.quicktime.make: Apple
    com.apple.quicktime.model: iPhone SE (3rd generation)
    com.apple.quicktime.software: 26.3.1
    com.apple.quicktime.creationdate: 2026-06-17T19:07:41-0400
  Duration: 00:01:01.87, start: 0.000000, bitrate: 10219 kb/s
  Stream #0:0[0x1](und): Video: hevc (Main) (hvc1 / 0x31637668), yuv420p(tv, bt709), 1920x1080, 9983 kb/s, 29.64 fps, 29.67 tbr, 600 tbn (default)
    Metadata:
      creation_time   : 2026-06-17T23:07:41.000000Z
      handler_name    : Core Media Video
      vendor_id       : [0][0][0][0]
      encoder         : HEVC
    Side data:
      Display Matrix: rotation of -90.00 degrees
  Stream #0:1[0x2](und): Audio: aac (LC) (mp4a / 0x6134706D), 48000 Hz, stereo, fltp, 185 kb/s (default)
    Metadata:
      creation_time   : 2026-06-17T23:07:41.000000Z
      handler_name    : Core Media Audio
      vendor_id       : [0][0][0][0]
  Stream #0:2[0x3](und): Data: none (mebx / 0x7862656D), 0 kb/s (default)
    Metadata:
      creation_time   : 2026-06-17T23:07:41.000000Z
      handler_name    : Core Media Metadata
  Stream #0:3[0x4](und): Data: none (mebx / 0x7862656D), 0 kb/s (default)
    Metadata:
      creation_time   : 2026-06-17T23:07:41.000000Z
      handler_name    : Core Media Metadata
  Stream #0:4[0x5](und): Data: none (mebx / 0x7862656D), 34 kb/s (default)
    Metadata:
      creation_time   : 2026-06-17T23:07:41.000000Z
      handler_name    : Core Media Metadata
  Stream #0:5[0x6](und): Data: none (mebx / 0x7862656D), 0 kb/s (default)
    Metadata:
      creation_time   : 2026-06-17T23:07:41.000000Z
      handler_name    : Core Media Metadata
Stream mapping:
  Stream #0:0 -> #0:0 (hevc (native) -> mjpeg (native))
Press [q] to stop, [?] for help
Output #0, image2, to '/Users/bc/brendanchambers/2026-06-18-iphone-video-to-splat/data/intermediates/current_scene/images/frame_%04d.jpg':
  Metadata:
    major_brand     : qt  
    minor_version   : 0
    compatible_brands: qt  
    com.apple.quicktime.creationdate: 2026-06-17T19:07:41-0400
    com.apple.quicktime.full-frame-rate-playback-intent: 0
    com.apple.quicktime.make: Apple
    com.apple.quicktime.model: iPhone SE (3rd generation)
    com.apple.quicktime.software: 26.3.1
    encoder         : Lavf62.12.102
  Stream #0:0(und): Video: mjpeg, yuv420p(pc, bt709, progressive), 1080x1920, q=2-31, 200 kb/s, 2 fps, 2 tbn (default)
    Metadata:
      encoder         : Lavc62.28.102 mjpeg
      creation_time   : 2026-06-17T23:07:41.000000Z
      handler_name    : Core Media Video
      vendor_id       : [0][0][0][0]
    Side data:
      CPB properties: bitrate max/min/avg: 0/0/200000 buffer size: 0 vbv_delay: N/A
frame=   15 fps=0.0 q=2.0 size=N/A time=00:00:07.50 bitrate=N/A speed=  15x elapsed=0:00:00.50    frame=   36 fps= 36 q=2.0 size=N/A time=00:00:18.00 bitrate=N/A speed=17.9x elapsed=0:00:01.00    frame=   56 fps= 37 q=2.0 size=N/A time=00:00:28.00 bitrate=N/A speed=18.6x elapsed=0:00:01.50    frame=   77 fps= 38 q=2.0 size=N/A time=00:00:38.50 bitrate=N/A speed=19.1x elapsed=0:00:02.01    frame=   99 fps= 39 q=2.0 size=N/A time=00:00:49.50 bitrate=N/A speed=19.7x elapsed=0:00:02.51    frame=  120 fps= 40 q=2.0 size=N/A time=00:01:00.00 bitrate=N/A speed=19.9x elapsed=0:00:03.02    [out#0/image2 @ 0x1460110f0] video:92965KiB audio:0KiB subtitle:0KiB other streams:0KiB global headers:0KiB muxing overhead: unknown
frame=  124 fps= 40 q=2.0 Lsize=N/A time=00:01:02.00 bitrate=N/A speed=19.9x elapsed=0:00:03.11    
--> Step 2: Extracting image features...
I20260618 12:45:01.559743 0x16fa8b000 feature_extraction.cc:504] === Feature extraction ===
I20260618 12:45:01.574989 0x17008f000 sift.cc:757] Creating SIFT GPU feature extractor
I20260618 12:45:01.732144 0x17011b000 feature_extraction.cc:282] Processed file [1/124]
I20260618 12:45:01.732163 0x17011b000 feature_extraction.cc:285]   Name:            frame_0001.jpg
I20260618 12:45:01.732166 0x17011b000 feature_extraction.cc:294]   Dimensions:      1080 x 1920
I20260618 12:45:01.732167 0x17011b000 feature_extraction.cc:297]   Camera:          #1 - RADIAL
I20260618 12:45:01.732170 0x17011b000 feature_extraction.cc:300]   Focal Length:    2304.00px
I20260618 12:45:01.732173 0x17011b000 feature_extraction.cc:304]   Features:        11648 (SIFT)
I20260618 12:45:01.797259 0x17011b000 feature_extraction.cc:282] Processed file [2/124]
I20260618 12:45:01.797279 0x17011b000 feature_extraction.cc:285]   Name:            frame_0002.jpg
I20260618 12:45:01.797281 0x17011b000 feature_extraction.cc:294]   Dimensions:      1080 x 1920
I20260618 12:45:01.797283 0x17011b000 feature_extraction.cc:297]   Camera:          #1 - RADIAL
I20260618 12:45:01.797286 0x17011b000 feature_extraction.cc:300]   Focal Length:    2304.00px
I20260618 12:45:01.797289 0x17011b000 feature_extraction.cc:304]   Features:        11465 (SIFT)
I20260618 12:45:01.861055 0x17011b000 feature_extraction.cc:282] Processed file [3/124]
I20260618 12:45:01.861073 0x17011b000 feature_extraction.cc:285]   Name:            frame_0003.jpg
I20260618 12:45:01.861075 0x17011b000 feature_extraction.cc:294]   Dimensions:      1080 x 1920
I20260618 12:45:01.861077 0x17011b000 feature_extraction.cc:297]   Camera:          #1 - RADIAL
I20260618 12:45:01.861079 0x17011b000 feature_extraction.cc:300]   Focal Length:    2304.00px
I20260618 12:45:01.861082 0x17011b000 feature_extraction.cc:304]   Features:        11937 (SIFT)
I20260618 12:45:01.926297 0x17011b000 feature_extraction.cc:282] Processed file [4/124]
I20260618 12:45:01.926316 0x17011b000 feature_extraction.cc:285]   Name:            frame_0004.jpg
I20260618 12:45:01.926319 0x17011b000 feature_extraction.cc:294]   Dimensions:      1080 x 1920
I20260618 12:45:01.926321 0x17011b000 feature_extraction.cc:297]   Camera:          #1 - RADIAL
I20260618 12:45:01.926323 0x17011b000 feature_extraction.cc:300]   Focal Length:    2304.00px
I20260618 12:45:01.926326 0x17011b000 feature_extraction.cc:304]   Features:        13765 (SIFT)
I20260618 12:45:01.988181 0x17011b000 feature_extraction.cc:282] Processed file [5/124]
I20260618 12:45:01.988202 0x17011b000 feature_extraction.cc:285]   Name:            frame_0005.jpg
I20260618 12:45:01.988205 0x17011b000 feature_extraction.cc:294]   Dimensions:      1080 x 1920
I20260618 12:45:01.988207 0x17011b000 feature_extraction.cc:297]   Camera:          #1 - RADIAL
I20260618 12:45:01.988209 0x17011b000 feature_extraction.cc:300]   Focal Length:    2304.00px
I20260618 12:45:01.988212 0x17011b000 feature_extraction.cc:304]   Features:        12178 (SIFT)
I20260618 12:45:02.049233 0x17011b000 feature_extraction.cc:282] Processed file [6/124]
I20260618 12:45:02.049253 0x17011b000 feature_extraction.cc:285]   Name:            frame_0006.jpg
I20260618 12:45:02.049255 0x17011b000 feature_extraction.cc:294]   Dimensions:      1080 x 1920
I20260618 12:45:02.049257 0x17011b000 feature_extraction.cc:297]   Camera:          #1 - RADIAL
I20260618 12:45:02.049260 0x17011b000 feature_extraction.cc:300]   Focal Length:    2304.00px
I20260618 12:45:02.049262 0x17011b000 feature_extraction.cc:304]   Features:        12146 (SIFT)
I20260618 12:45:02.109059 0x17011b000 feature_extraction.cc:282] Processed file [7/124]
I20260618 12:45:02.109079 0x17011b000 feature_extraction.cc:285]   Name:            frame_0007.jpg
I20260618 12:45:02.109082 0x17011b000 feature_extraction.cc:294]   Dimensions:      1080 x 1920
I20260618 12:45:02.109090 0x17011b000 feature_extraction.cc:297]   Camera:          #1 - RADIAL
I20260618 12:45:02.109092 0x17011b000 feature_extraction.cc:300]   Focal Length:    2304.00px
I20260618 12:45:02.109096 0x17011b000 feature_extraction.cc:304]   Features:        12090 (SIFT)
I20260618 12:45:02.173123 0x17011b000 feature_extraction.cc:282] Processed file [8/124]
I20260618 12:45:02.173187 0x17011b000 feature_extraction.cc:285]   Name:            frame_0008.jpg
I20260618 12:45:02.173191 0x17011b000 feature_extraction.cc:294]   Dimensions:      1080 x 1920
I20260618 12:45:02.173193 0x17011b000 feature_extraction.cc:297]   Camera:          #1 - RADIAL
I20260618 12:45:02.173195 0x17011b000 feature_extraction.cc:300]   Focal Length:    2304.00px
I20260618 12:45:02.173198 0x17011b000 feature_extraction.cc:304]   Features:        12871 (SIFT)
I20260618 12:45:02.233961 0x17011b000 feature_extraction.cc:282] Processed file [9/124]
I20260618 12:45:02.233979 0x17011b000 feature_extraction.cc:285]   Name:            frame_0009.jpg
I20260618 12:45:02.233982 0x17011b000 feature_extraction.cc:294]   Dimensions:      1080 x 1920
I20260618 12:45:02.233983 0x17011b000 feature_extraction.cc:297]   Camera:          #1 - RADIAL
I20260618 12:45:02.233986 0x17011b000 feature_extraction.cc:300]   Focal Length:    2304.00px
I20260618 12:45:02.233989 0x17011b000 feature_extraction.cc:304]   Features:        13589 (SIFT)
I20260618 12:45:02.294494 0x17011b000 feature_extraction.cc:282] Processed file [10/124]
I20260618 12:45:02.294513 0x17011b000 feature_extraction.cc:285]   Name:            frame_0010.jpg
I20260618 12:45:02.294516 0x17011b000 feature_extraction.cc:294]   Dimensions:      1080 x 1920
I20260618 12:45:02.294517 0x17011b000 feature_extraction.cc:297]   Camera:          #1 - RADIAL
I20260618 12:45:02.294520 0x17011b000 feature_extraction.cc:300]   Focal Length:    2304.00px
I20260618 12:45:02.294523 0x17011b000 feature_extraction.cc:304]   Features:        12191 (SIFT)
I20260618 12:45:02.355548 0x17011b000 feature_extraction.cc:282] Processed file [11/124]
I20260618 12:45:02.355570 0x17011b000 feature_extraction.cc:285]   Name:            frame_0011.jpg
I20260618 12:45:02.355572 0x17011b000 feature_extraction.cc:294]   Dimensions:      1080 x 1920
I20260618 12:45:02.355574 0x17011b000 feature_extraction.cc:297]   Camera:          #1 - RADIAL
I20260618 12:45:02.355576 0x17011b000 feature_extraction.cc:300]   Focal Length:    2304.00px
I20260618 12:45:02.355579 0x17011b000 feature_extraction.cc:304]   Features:        13549 (SIFT)
I20260618 12:45:02.415079 0x17011b000 feature_extraction.cc:282] Processed file [12/124]
I20260618 12:45:02.415099 0x17011b000 feature_extraction.cc:285]   Name:            frame_0012.jpg
I20260618 12:45:02.415102 0x17011b000 feature_extraction.cc:294]   Dimensions:      1080 x 1920
I20260618 12:45:02.415103 0x17011b000 feature_extraction.cc:297]   Camera:          #1 - RADIAL
I20260618 12:45:02.415106 0x17011b000 feature_extraction.cc:300]   Focal Length:    2304.00px
I20260618 12:45:02.415110 0x17011b000 feature_extraction.cc:304]   Features:        13015 (SIFT)
I20260618 12:45:02.475905 0x17011b000 feature_extraction.cc:282] Processed file [13/124]
I20260618 12:45:02.475927 0x17011b000 feature_extraction.cc:285]   Name:            frame_0013.jpg
I20260618 12:45:02.475930 0x17011b000 feature_extraction.cc:294]   Dimensions:      1080 x 1920
I20260618 12:45:02.475932 0x17011b000 feature_extraction.cc:297]   Camera:          #1 - RADIAL
I20260618 12:45:02.475934 0x17011b000 feature_extraction.cc:300]   Focal Length:    2304.00px
I20260618 12:45:02.475937 0x17011b000 feature_extraction.cc:304]   Features:        13201 (SIFT)
I20260618 12:45:02.536343 0x17011b000 feature_extraction.cc:282] Processed file [14/124]
I20260618 12:45:02.536362 0x17011b000 feature_extraction.cc:285]   Name:            frame_0014.jpg
I20260618 12:45:02.536364 0x17011b000 feature_extraction.cc:294]   Dimensions:      1080 x 1920
I20260618 12:45:02.536366 0x17011b000 feature_extraction.cc:297]   Camera:          #1 - RADIAL
I20260618 12:45:02.536368 0x17011b000 feature_extraction.cc:300]   Focal Length:    2304.00px
I20260618 12:45:02.536371 0x17011b000 feature_extraction.cc:304]   Features:        13396 (SIFT)
I20260618 12:45:02.594127 0x17011b000 feature_extraction.cc:282] Processed file [15/124]
I20260618 12:45:02.594149 0x17011b000 feature_extraction.cc:285]   Name:            frame_0015.jpg
I20260618 12:45:02.594172 0x17011b000 feature_extraction.cc:294]   Dimensions:      1080 x 1920
I20260618 12:45:02.594175 0x17011b000 feature_extraction.cc:297]   Camera:          #1 - RADIAL
I20260618 12:45:02.594177 0x17011b000 feature_extraction.cc:300]   Focal Length:    2304.00px
I20260618 12:45:02.594180 0x17011b000 feature_extraction.cc:304]   Features:        8379 (SIFT)
I20260618 12:45:02.652539 0x17011b000 feature_extraction.cc:282] Processed file [16/124]
I20260618 12:45:02.652555 0x17011b000 feature_extraction.cc:285]   Name:            frame_0016.jpg
I20260618 12:45:02.652558 0x17011b000 feature_extraction.cc:294]   Dimensions:      1080 x 1920
I20260618 12:45:02.652560 0x17011b000 feature_extraction.cc:297]   Camera:          #1 - RADIAL
I20260618 12:45:02.652571 0x17011b000 feature_extraction.cc:300]   Focal Length:    2304.00px
I20260618 12:45:02.652577 0x17011b000 feature_extraction.cc:304]   Features:        8327 (SIFT)
I20260618 12:45:02.712866 0x17011b000 feature_extraction.cc:282] Processed file [17/124]
I20260618 12:45:02.712889 0x17011b000 feature_extraction.cc:285]   Name:            frame_0017.jpg
I20260618 12:45:02.712891 0x17011b000 feature_extraction.cc:294]   Dimensions:      1080 x 1920
I20260618 12:45:02.712893 0x17011b000 feature_extraction.cc:297]   Camera:          #1 - RADIAL
I20260618 12:45:02.712895 0x17011b000 feature_extraction.cc:300]   Focal Length:    2304.00px
I20260618 12:45:02.712898 0x17011b000 feature_extraction.cc:304]   Features:        12910 (SIFT)
I20260618 12:45:02.773785 0x17011b000 feature_extraction.cc:282] Processed file [18/124]
I20260618 12:45:02.773806 0x17011b000 feature_extraction.cc:285]   Name:            frame_0018.jpg
I20260618 12:45:02.773809 0x17011b000 feature_extraction.cc:294]   Dimensions:      1080 x 1920
I20260618 12:45:02.773811 0x17011b000 feature_extraction.cc:297]   Camera:          #1 - RADIAL
I20260618 12:45:02.773813 0x17011b000 feature_extraction.cc:300]   Focal Length:    2304.00px
I20260618 12:45:02.773816 0x17011b000 feature_extraction.cc:304]   Features:        12996 (SIFT)
I20260618 12:45:02.842766 0x17011b000 feature_extraction.cc:282] Processed file [19/124]
I20260618 12:45:02.842788 0x17011b000 feature_extraction.cc:285]   Name:            frame_0019.jpg
I20260618 12:45:02.842791 0x17011b000 feature_extraction.cc:294]   Dimensions:      1080 x 1920
I20260618 12:45:02.842792 0x17011b000 feature_extraction.cc:297]   Camera:          #1 - RADIAL
I20260618 12:45:02.842794 0x17011b000 feature_extraction.cc:300]   Focal Length:    2304.00px
I20260618 12:45:02.842798 0x17011b000 feature_extraction.cc:304]   Features:        13140 (SIFT)
I20260618 12:45:02.905031 0x17011b000 feature_extraction.cc:282] Processed file [20/124]
I20260618 12:45:02.905049 0x17011b000 feature_extraction.cc:285]   Name:            frame_0020.jpg
I20260618 12:45:02.905051 0x17011b000 feature_extraction.cc:294]   Dimensions:      1080 x 1920
I20260618 12:45:02.905053 0x17011b000 feature_extraction.cc:297]   Camera:          #1 - RADIAL
I20260618 12:45:02.905055 0x17011b000 feature_extraction.cc:300]   Focal Length:    2304.00px
I20260618 12:45:02.905059 0x17011b000 feature_extraction.cc:304]   Features:        12425 (SIFT)
I20260618 12:45:02.966892 0x17011b000 feature_extraction.cc:282] Processed file [21/124]
I20260618 12:45:02.966909 0x17011b000 feature_extraction.cc:285]   Name:            frame_0021.jpg
I20260618 12:45:02.966912 0x17011b000 feature_extraction.cc:294]   Dimensions:      1080 x 1920
I20260618 12:45:02.966914 0x17011b000 feature_extraction.cc:297]   Camera:          #1 - RADIAL
I20260618 12:45:02.966916 0x17011b000 feature_extraction.cc:300]   Focal Length:    2304.00px
I20260618 12:45:02.966919 0x17011b000 feature_extraction.cc:304]   Features:        12146 (SIFT)
I20260618 12:45:03.025508 0x17011b000 feature_extraction.cc:282] Processed file [22/124]
I20260618 12:45:03.025523 0x17011b000 feature_extraction.cc:285]   Name:            frame_0022.jpg
I20260618 12:45:03.025525 0x17011b000 feature_extraction.cc:294]   Dimensions:      1080 x 1920
I20260618 12:45:03.025542 0x17011b000 feature_extraction.cc:297]   Camera:          #1 - RADIAL
I20260618 12:45:03.025545 0x17011b000 feature_extraction.cc:300]   Focal Length:    2304.00px
I20260618 12:45:03.025548 0x17011b000 feature_extraction.cc:304]   Features:        11990 (SIFT)
I20260618 12:45:03.087964 0x17011b000 feature_extraction.cc:282] Processed file [23/124]
I20260618 12:45:03.087987 0x17011b000 feature_extraction.cc:285]   Name:            frame_0023.jpg
I20260618 12:45:03.087989 0x17011b000 feature_extraction.cc:294]   Dimensions:      1080 x 1920
I20260618 12:45:03.087992 0x17011b000 feature_extraction.cc:297]   Camera:          #1 - RADIAL
I20260618 12:45:03.087994 0x17011b000 feature_extraction.cc:300]   Focal Length:    2304.00px
I20260618 12:45:03.087997 0x17011b000 feature_extraction.cc:304]   Features:        14125 (SIFT)
I20260618 12:45:03.148612 0x17011b000 feature_extraction.cc:282] Processed file [24/124]
I20260618 12:45:03.148632 0x17011b000 feature_extraction.cc:285]   Name:            frame_0024.jpg
I20260618 12:45:03.148635 0x17011b000 feature_extraction.cc:294]   Dimensions:      1080 x 1920
I20260618 12:45:03.148637 0x17011b000 feature_extraction.cc:297]   Camera:          #1 - RADIAL
I20260618 12:45:03.148639 0x17011b000 feature_extraction.cc:300]   Focal Length:    2304.00px
I20260618 12:45:03.148642 0x17011b000 feature_extraction.cc:304]   Features:        12493 (SIFT)
I20260618 12:45:03.208729 0x17011b000 feature_extraction.cc:282] Processed file [25/124]
I20260618 12:45:03.208747 0x17011b000 feature_extraction.cc:285]   Name:            frame_0025.jpg
I20260618 12:45:03.208750 0x17011b000 feature_extraction.cc:294]   Dimensions:      1080 x 1920
I20260618 12:45:03.208756 0x17011b000 feature_extraction.cc:297]   Camera:          #1 - RADIAL
I20260618 12:45:03.208759 0x17011b000 feature_extraction.cc:300]   Focal Length:    2304.00px
I20260618 12:45:03.208762 0x17011b000 feature_extraction.cc:304]   Features:        12265 (SIFT)
I20260618 12:45:03.269944 0x17011b000 feature_extraction.cc:282] Processed file [26/124]
I20260618 12:45:03.269967 0x17011b000 feature_extraction.cc:285]   Name:            frame_0026.jpg
I20260618 12:45:03.269970 0x17011b000 feature_extraction.cc:294]   Dimensions:      1080 x 1920
I20260618 12:45:03.269972 0x17011b000 feature_extraction.cc:297]   Camera:          #1 - RADIAL
I20260618 12:45:03.269974 0x17011b000 feature_extraction.cc:300]   Focal Length:    2304.00px
I20260618 12:45:03.269977 0x17011b000 feature_extraction.cc:304]   Features:        9419 (SIFT)
I20260618 12:45:03.328291 0x17011b000 feature_extraction.cc:282] Processed file [27/124]
I20260618 12:45:03.328310 0x17011b000 feature_extraction.cc:285]   Name:            frame_0027.jpg
I20260618 12:45:03.328312 0x17011b000 feature_extraction.cc:294]   Dimensions:      1080 x 1920
I20260618 12:45:03.328314 0x17011b000 feature_extraction.cc:297]   Camera:          #1 - RADIAL
I20260618 12:45:03.328316 0x17011b000 feature_extraction.cc:300]   Focal Length:    2304.00px
I20260618 12:45:03.328319 0x17011b000 feature_extraction.cc:304]   Features:        9411 (SIFT)
I20260618 12:45:03.388226 0x17011b000 feature_extraction.cc:282] Processed file [28/124]
I20260618 12:45:03.388246 0x17011b000 feature_extraction.cc:285]   Name:            frame_0028.jpg
I20260618 12:45:03.388248 0x17011b000 feature_extraction.cc:294]   Dimensions:      1080 x 1920
I20260618 12:45:03.388250 0x17011b000 feature_extraction.cc:297]   Camera:          #1 - RADIAL
I20260618 12:45:03.388252 0x17011b000 feature_extraction.cc:300]   Focal Length:    2304.00px
I20260618 12:45:03.388255 0x17011b000 feature_extraction.cc:304]   Features:        11807 (SIFT)
I20260618 12:45:03.450005 0x17011b000 feature_extraction.cc:282] Processed file [29/124]
I20260618 12:45:03.450027 0x17011b000 feature_extraction.cc:285]   Name:            frame_0029.jpg
I20260618 12:45:03.450030 0x17011b000 feature_extraction.cc:294]   Dimensions:      1080 x 1920
I20260618 12:45:03.450031 0x17011b000 feature_extraction.cc:297]   Camera:          #1 - RADIAL
I20260618 12:45:03.450069 0x17011b000 feature_extraction.cc:300]   Focal Length:    2304.00px
I20260618 12:45:03.450073 0x17011b000 feature_extraction.cc:304]   Features:        12162 (SIFT)
I20260618 12:45:03.512607 0x17011b000 feature_extraction.cc:282] Processed file [30/124]
I20260618 12:45:03.512631 0x17011b000 feature_extraction.cc:285]   Name:            frame_0030.jpg
I20260618 12:45:03.512633 0x17011b000 feature_extraction.cc:294]   Dimensions:      1080 x 1920
I20260618 12:45:03.512635 0x17011b000 feature_extraction.cc:297]   Camera:          #1 - RADIAL
I20260618 12:45:03.512637 0x17011b000 feature_extraction.cc:300]   Focal Length:    2304.00px
I20260618 12:45:03.512640 0x17011b000 feature_extraction.cc:304]   Features:        12021 (SIFT)
I20260618 12:45:03.570894 0x17011b000 feature_extraction.cc:282] Processed file [31/124]
I20260618 12:45:03.570912 0x17011b000 feature_extraction.cc:285]   Name:            frame_0031.jpg
I20260618 12:45:03.570914 0x17011b000 feature_extraction.cc:294]   Dimensions:      1080 x 1920
I20260618 12:45:03.570916 0x17011b000 feature_extraction.cc:297]   Camera:          #1 - RADIAL
I20260618 12:45:03.570918 0x17011b000 feature_extraction.cc:300]   Focal Length:    2304.00px
I20260618 12:45:03.570921 0x17011b000 feature_extraction.cc:304]   Features:        9239 (SIFT)
I20260618 12:45:03.628671 0x17011b000 feature_extraction.cc:282] Processed file [32/124]
I20260618 12:45:03.628694 0x17011b000 feature_extraction.cc:285]   Name:            frame_0032.jpg
I20260618 12:45:03.628696 0x17011b000 feature_extraction.cc:294]   Dimensions:      1080 x 1920
I20260618 12:45:03.628698 0x17011b000 feature_extraction.cc:297]   Camera:          #1 - RADIAL
I20260618 12:45:03.628700 0x17011b000 feature_extraction.cc:300]   Focal Length:    2304.00px
I20260618 12:45:03.628703 0x17011b000 feature_extraction.cc:304]   Features:        9188 (SIFT)
I20260618 12:45:03.690096 0x17011b000 feature_extraction.cc:282] Processed file [33/124]
I20260618 12:45:03.690118 0x17011b000 feature_extraction.cc:285]   Name:            frame_0033.jpg
I20260618 12:45:03.690121 0x17011b000 feature_extraction.cc:294]   Dimensions:      1080 x 1920
I20260618 12:45:03.690123 0x17011b000 feature_extraction.cc:297]   Camera:          #1 - RADIAL
I20260618 12:45:03.690125 0x17011b000 feature_extraction.cc:300]   Focal Length:    2304.00px
I20260618 12:45:03.690128 0x17011b000 feature_extraction.cc:304]   Features:        13222 (SIFT)
I20260618 12:45:03.750071 0x17011b000 feature_extraction.cc:282] Processed file [34/124]
I20260618 12:45:03.750091 0x17011b000 feature_extraction.cc:285]   Name:            frame_0034.jpg
I20260618 12:45:03.750093 0x17011b000 feature_extraction.cc:294]   Dimensions:      1080 x 1920
I20260618 12:45:03.750095 0x17011b000 feature_extraction.cc:297]   Camera:          #1 - RADIAL
I20260618 12:45:03.750097 0x17011b000 feature_extraction.cc:300]   Focal Length:    2304.00px
I20260618 12:45:03.750101 0x17011b000 feature_extraction.cc:304]   Features:        9509 (SIFT)
I20260618 12:45:03.809632 0x17011b000 feature_extraction.cc:282] Processed file [35/124]
I20260618 12:45:03.809650 0x17011b000 feature_extraction.cc:285]   Name:            frame_0035.jpg
I20260618 12:45:03.809653 0x17011b000 feature_extraction.cc:294]   Dimensions:      1080 x 1920
I20260618 12:45:03.809655 0x17011b000 feature_extraction.cc:297]   Camera:          #1 - RADIAL
I20260618 12:45:03.809657 0x17011b000 feature_extraction.cc:300]   Focal Length:    2304.00px
I20260618 12:45:03.809660 0x17011b000 feature_extraction.cc:304]   Features:        10608 (SIFT)
I20260618 12:45:03.869407 0x17011b000 feature_extraction.cc:282] Processed file [36/124]
I20260618 12:45:03.869433 0x17011b000 feature_extraction.cc:285]   Name:            frame_0036.jpg
I20260618 12:45:03.869449 0x17011b000 feature_extraction.cc:294]   Dimensions:      1080 x 1920
I20260618 12:45:03.869470 0x17011b000 feature_extraction.cc:297]   Camera:          #1 - RADIAL
I20260618 12:45:03.869479 0x17011b000 feature_extraction.cc:300]   Focal Length:    2304.00px
I20260618 12:45:03.869540 0x17011b000 feature_extraction.cc:304]   Features:        12970 (SIFT)
I20260618 12:45:03.930168 0x17011b000 feature_extraction.cc:282] Processed file [37/124]
I20260618 12:45:03.930187 0x17011b000 feature_extraction.cc:285]   Name:            frame_0037.jpg
I20260618 12:45:03.930189 0x17011b000 feature_extraction.cc:294]   Dimensions:      1080 x 1920
I20260618 12:45:03.930191 0x17011b000 feature_extraction.cc:297]   Camera:          #1 - RADIAL
I20260618 12:45:03.930194 0x17011b000 feature_extraction.cc:300]   Focal Length:    2304.00px
I20260618 12:45:03.930197 0x17011b000 feature_extraction.cc:304]   Features:        12118 (SIFT)
I20260618 12:45:03.990287 0x17011b000 feature_extraction.cc:282] Processed file [38/124]
I20260618 12:45:03.990305 0x17011b000 feature_extraction.cc:285]   Name:            frame_0038.jpg
I20260618 12:45:03.990307 0x17011b000 feature_extraction.cc:294]   Dimensions:      1080 x 1920
I20260618 12:45:03.990308 0x17011b000 feature_extraction.cc:297]   Camera:          #1 - RADIAL
I20260618 12:45:03.990311 0x17011b000 feature_extraction.cc:300]   Focal Length:    2304.00px
I20260618 12:45:03.990313 0x17011b000 feature_extraction.cc:304]   Features:        11927 (SIFT)
I20260618 12:45:04.052040 0x17011b000 feature_extraction.cc:282] Processed file [39/124]
I20260618 12:45:04.052062 0x17011b000 feature_extraction.cc:285]   Name:            frame_0039.jpg
I20260618 12:45:04.052064 0x17011b000 feature_extraction.cc:294]   Dimensions:      1080 x 1920
I20260618 12:45:04.052066 0x17011b000 feature_extraction.cc:297]   Camera:          #1 - RADIAL
I20260618 12:45:04.052068 0x17011b000 feature_extraction.cc:300]   Focal Length:    2304.00px
I20260618 12:45:04.052071 0x17011b000 feature_extraction.cc:304]   Features:        11924 (SIFT)
I20260618 12:45:04.115463 0x17011b000 feature_extraction.cc:282] Processed file [40/124]
I20260618 12:45:04.115485 0x17011b000 feature_extraction.cc:285]   Name:            frame_0040.jpg
I20260618 12:45:04.115487 0x17011b000 feature_extraction.cc:294]   Dimensions:      1080 x 1920
I20260618 12:45:04.115489 0x17011b000 feature_extraction.cc:297]   Camera:          #1 - RADIAL
I20260618 12:45:04.115491 0x17011b000 feature_extraction.cc:300]   Focal Length:    2304.00px
I20260618 12:45:04.115494 0x17011b000 feature_extraction.cc:304]   Features:        12239 (SIFT)
I20260618 12:45:04.177310 0x17011b000 feature_extraction.cc:282] Processed file [41/124]
I20260618 12:45:04.177327 0x17011b000 feature_extraction.cc:285]   Name:            frame_0041.jpg
I20260618 12:45:04.177330 0x17011b000 feature_extraction.cc:294]   Dimensions:      1080 x 1920
I20260618 12:45:04.177331 0x17011b000 feature_extraction.cc:297]   Camera:          #1 - RADIAL
I20260618 12:45:04.177334 0x17011b000 feature_extraction.cc:300]   Focal Length:    2304.00px
I20260618 12:45:04.177337 0x17011b000 feature_extraction.cc:304]   Features:        12998 (SIFT)
I20260618 12:45:04.239150 0x17011b000 feature_extraction.cc:282] Processed file [42/124]
I20260618 12:45:04.239168 0x17011b000 feature_extraction.cc:285]   Name:            frame_0042.jpg
I20260618 12:45:04.239171 0x17011b000 feature_extraction.cc:294]   Dimensions:      1080 x 1920
I20260618 12:45:04.239173 0x17011b000 feature_extraction.cc:297]   Camera:          #1 - RADIAL
I20260618 12:45:04.239175 0x17011b000 feature_extraction.cc:300]   Focal Length:    2304.00px
I20260618 12:45:04.239178 0x17011b000 feature_extraction.cc:304]   Features:        12667 (SIFT)
I20260618 12:45:04.299594 0x17011b000 feature_extraction.cc:282] Processed file [43/124]
I20260618 12:45:04.299616 0x17011b000 feature_extraction.cc:285]   Name:            frame_0043.jpg
I20260618 12:45:04.299619 0x17011b000 feature_extraction.cc:294]   Dimensions:      1080 x 1920
I20260618 12:45:04.299621 0x17011b000 feature_extraction.cc:297]   Camera:          #1 - RADIAL
I20260618 12:45:04.299623 0x17011b000 feature_extraction.cc:300]   Focal Length:    2304.00px
I20260618 12:45:04.299627 0x17011b000 feature_extraction.cc:304]   Features:        8251 (SIFT)
I20260618 12:45:04.360822 0x17011b000 feature_extraction.cc:282] Processed file [44/124]
I20260618 12:45:04.360844 0x17011b000 feature_extraction.cc:285]   Name:            frame_0044.jpg
I20260618 12:45:04.360847 0x17011b000 feature_extraction.cc:294]   Dimensions:      1080 x 1920
I20260618 12:45:04.360849 0x17011b000 feature_extraction.cc:297]   Camera:          #1 - RADIAL
I20260618 12:45:04.360852 0x17011b000 feature_extraction.cc:300]   Focal Length:    2304.00px
I20260618 12:45:04.360855 0x17011b000 feature_extraction.cc:304]   Features:        12007 (SIFT)
I20260618 12:45:04.422822 0x17011b000 feature_extraction.cc:282] Processed file [45/124]
I20260618 12:45:04.422841 0x17011b000 feature_extraction.cc:285]   Name:            frame_0045.jpg
I20260618 12:45:04.422845 0x17011b000 feature_extraction.cc:294]   Dimensions:      1080 x 1920
I20260618 12:45:04.422847 0x17011b000 feature_extraction.cc:297]   Camera:          #1 - RADIAL
I20260618 12:45:04.422849 0x17011b000 feature_extraction.cc:300]   Focal Length:    2304.00px
I20260618 12:45:04.422852 0x17011b000 feature_extraction.cc:304]   Features:        11761 (SIFT)
I20260618 12:45:04.483660 0x17011b000 feature_extraction.cc:282] Processed file [46/124]
I20260618 12:45:04.483684 0x17011b000 feature_extraction.cc:285]   Name:            frame_0046.jpg
I20260618 12:45:04.483686 0x17011b000 feature_extraction.cc:294]   Dimensions:      1080 x 1920
I20260618 12:45:04.483688 0x17011b000 feature_extraction.cc:297]   Camera:          #1 - RADIAL
I20260618 12:45:04.483690 0x17011b000 feature_extraction.cc:300]   Focal Length:    2304.00px
I20260618 12:45:04.483693 0x17011b000 feature_extraction.cc:304]   Features:        12149 (SIFT)
I20260618 12:45:04.542608 0x17011b000 feature_extraction.cc:282] Processed file [47/124]
I20260618 12:45:04.542624 0x17011b000 feature_extraction.cc:285]   Name:            frame_0047.jpg
I20260618 12:45:04.542626 0x17011b000 feature_extraction.cc:294]   Dimensions:      1080 x 1920
I20260618 12:45:04.542628 0x17011b000 feature_extraction.cc:297]   Camera:          #1 - RADIAL
I20260618 12:45:04.542630 0x17011b000 feature_extraction.cc:300]   Focal Length:    2304.00px
I20260618 12:45:04.542633 0x17011b000 feature_extraction.cc:304]   Features:        8360 (SIFT)
I20260618 12:45:04.602845 0x17011b000 feature_extraction.cc:282] Processed file [48/124]
I20260618 12:45:04.602865 0x17011b000 feature_extraction.cc:285]   Name:            frame_0048.jpg
I20260618 12:45:04.602868 0x17011b000 feature_extraction.cc:294]   Dimensions:      1080 x 1920
I20260618 12:45:04.602870 0x17011b000 feature_extraction.cc:297]   Camera:          #1 - RADIAL
I20260618 12:45:04.602872 0x17011b000 feature_extraction.cc:300]   Focal Length:    2304.00px
I20260618 12:45:04.602875 0x17011b000 feature_extraction.cc:304]   Features:        12301 (SIFT)
I20260618 12:45:04.663882 0x17011b000 feature_extraction.cc:282] Processed file [49/124]
I20260618 12:45:04.663902 0x17011b000 feature_extraction.cc:285]   Name:            frame_0049.jpg
I20260618 12:45:04.663904 0x17011b000 feature_extraction.cc:294]   Dimensions:      1080 x 1920
I20260618 12:45:04.663906 0x17011b000 feature_extraction.cc:297]   Camera:          #1 - RADIAL
I20260618 12:45:04.663908 0x17011b000 feature_extraction.cc:300]   Focal Length:    2304.00px
I20260618 12:45:04.663915 0x17011b000 feature_extraction.cc:304]   Features:        12839 (SIFT)
I20260618 12:45:04.726883 0x17011b000 feature_extraction.cc:282] Processed file [50/124]
I20260618 12:45:04.726901 0x17011b000 feature_extraction.cc:285]   Name:            frame_0050.jpg
I20260618 12:45:04.726903 0x17011b000 feature_extraction.cc:294]   Dimensions:      1080 x 1920
I20260618 12:45:04.726904 0x17011b000 feature_extraction.cc:297]   Camera:          #1 - RADIAL
I20260618 12:45:04.726907 0x17011b000 feature_extraction.cc:300]   Focal Length:    2304.00px
I20260618 12:45:04.726910 0x17011b000 feature_extraction.cc:304]   Features:        12724 (SIFT)
I20260618 12:45:04.787380 0x17011b000 feature_extraction.cc:282] Processed file [51/124]
I20260618 12:45:04.787441 0x17011b000 feature_extraction.cc:285]   Name:            frame_0051.jpg
I20260618 12:45:04.787444 0x17011b000 feature_extraction.cc:294]   Dimensions:      1080 x 1920
I20260618 12:45:04.787445 0x17011b000 feature_extraction.cc:297]   Camera:          #1 - RADIAL
I20260618 12:45:04.787447 0x17011b000 feature_extraction.cc:300]   Focal Length:    2304.00px
I20260618 12:45:04.787450 0x17011b000 feature_extraction.cc:304]   Features:        11200 (SIFT)
I20260618 12:45:04.847721 0x17011b000 feature_extraction.cc:282] Processed file [52/124]
I20260618 12:45:04.847740 0x17011b000 feature_extraction.cc:285]   Name:            frame_0052.jpg
I20260618 12:45:04.847743 0x17011b000 feature_extraction.cc:294]   Dimensions:      1080 x 1920
I20260618 12:45:04.847745 0x17011b000 feature_extraction.cc:297]   Camera:          #1 - RADIAL
I20260618 12:45:04.847747 0x17011b000 feature_extraction.cc:300]   Focal Length:    2304.00px
I20260618 12:45:04.847750 0x17011b000 feature_extraction.cc:304]   Features:        11158 (SIFT)
I20260618 12:45:04.908658 0x17011b000 feature_extraction.cc:282] Processed file [53/124]
I20260618 12:45:04.908676 0x17011b000 feature_extraction.cc:285]   Name:            frame_0053.jpg
I20260618 12:45:04.908678 0x17011b000 feature_extraction.cc:294]   Dimensions:      1080 x 1920
I20260618 12:45:04.908680 0x17011b000 feature_extraction.cc:297]   Camera:          #1 - RADIAL
I20260618 12:45:04.908682 0x17011b000 feature_extraction.cc:300]   Focal Length:    2304.00px
I20260618 12:45:04.908685 0x17011b000 feature_extraction.cc:304]   Features:        12590 (SIFT)
I20260618 12:45:04.970196 0x17011b000 feature_extraction.cc:282] Processed file [54/124]
I20260618 12:45:04.970217 0x17011b000 feature_extraction.cc:285]   Name:            frame_0054.jpg
I20260618 12:45:04.970219 0x17011b000 feature_extraction.cc:294]   Dimensions:      1080 x 1920
I20260618 12:45:04.970221 0x17011b000 feature_extraction.cc:297]   Camera:          #1 - RADIAL
I20260618 12:45:04.970223 0x17011b000 feature_extraction.cc:300]   Focal Length:    2304.00px
I20260618 12:45:04.970226 0x17011b000 feature_extraction.cc:304]   Features:        10984 (SIFT)
I20260618 12:45:05.030020 0x17011b000 feature_extraction.cc:282] Processed file [55/124]
I20260618 12:45:05.030040 0x17011b000 feature_extraction.cc:285]   Name:            frame_0055.jpg
I20260618 12:45:05.030042 0x17011b000 feature_extraction.cc:294]   Dimensions:      1080 x 1920
I20260618 12:45:05.030045 0x17011b000 feature_extraction.cc:297]   Camera:          #1 - RADIAL
I20260618 12:45:05.030047 0x17011b000 feature_extraction.cc:300]   Focal Length:    2304.00px
I20260618 12:45:05.030051 0x17011b000 feature_extraction.cc:304]   Features:        11465 (SIFT)
I20260618 12:45:05.091276 0x17011b000 feature_extraction.cc:282] Processed file [56/124]
I20260618 12:45:05.091291 0x17011b000 feature_extraction.cc:285]   Name:            frame_0056.jpg
I20260618 12:45:05.091293 0x17011b000 feature_extraction.cc:294]   Dimensions:      1080 x 1920
I20260618 12:45:05.091294 0x17011b000 feature_extraction.cc:297]   Camera:          #1 - RADIAL
I20260618 12:45:05.091296 0x17011b000 feature_extraction.cc:300]   Focal Length:    2304.00px
I20260618 12:45:05.091299 0x17011b000 feature_extraction.cc:304]   Features:        11040 (SIFT)
I20260618 12:45:05.152938 0x17011b000 feature_extraction.cc:282] Processed file [57/124]
I20260618 12:45:05.152961 0x17011b000 feature_extraction.cc:285]   Name:            frame_0057.jpg
I20260618 12:45:05.152963 0x17011b000 feature_extraction.cc:294]   Dimensions:      1080 x 1920
I20260618 12:45:05.152965 0x17011b000 feature_extraction.cc:297]   Camera:          #1 - RADIAL
I20260618 12:45:05.152967 0x17011b000 feature_extraction.cc:300]   Focal Length:    2304.00px
I20260618 12:45:05.152970 0x17011b000 feature_extraction.cc:304]   Features:        10907 (SIFT)
I20260618 12:45:05.212780 0x17011b000 feature_extraction.cc:282] Processed file [58/124]
I20260618 12:45:05.212796 0x17011b000 feature_extraction.cc:285]   Name:            frame_0058.jpg
I20260618 12:45:05.212824 0x17011b000 feature_extraction.cc:294]   Dimensions:      1080 x 1920
I20260618 12:45:05.212827 0x17011b000 feature_extraction.cc:297]   Camera:          #1 - RADIAL
I20260618 12:45:05.212829 0x17011b000 feature_extraction.cc:300]   Focal Length:    2304.00px
I20260618 12:45:05.212832 0x17011b000 feature_extraction.cc:304]   Features:        10180 (SIFT)
I20260618 12:45:05.275346 0x17011b000 feature_extraction.cc:282] Processed file [59/124]
I20260618 12:45:05.275366 0x17011b000 feature_extraction.cc:285]   Name:            frame_0059.jpg
I20260618 12:45:05.275368 0x17011b000 feature_extraction.cc:294]   Dimensions:      1080 x 1920
I20260618 12:45:05.275370 0x17011b000 feature_extraction.cc:297]   Camera:          #1 - RADIAL
I20260618 12:45:05.275372 0x17011b000 feature_extraction.cc:300]   Focal Length:    2304.00px
I20260618 12:45:05.275375 0x17011b000 feature_extraction.cc:304]   Features:        13263 (SIFT)
I20260618 12:45:05.335045 0x17011b000 feature_extraction.cc:282] Processed file [60/124]
I20260618 12:45:05.335064 0x17011b000 feature_extraction.cc:285]   Name:            frame_0060.jpg
I20260618 12:45:05.335067 0x17011b000 feature_extraction.cc:294]   Dimensions:      1080 x 1920
I20260618 12:45:05.335068 0x17011b000 feature_extraction.cc:297]   Camera:          #1 - RADIAL
I20260618 12:45:05.335072 0x17011b000 feature_extraction.cc:300]   Focal Length:    2304.00px
I20260618 12:45:05.335075 0x17011b000 feature_extraction.cc:304]   Features:        8241 (SIFT)
I20260618 12:45:05.393613 0x17011b000 feature_extraction.cc:282] Processed file [61/124]
I20260618 12:45:05.393631 0x17011b000 feature_extraction.cc:285]   Name:            frame_0061.jpg
I20260618 12:45:05.393633 0x17011b000 feature_extraction.cc:294]   Dimensions:      1080 x 1920
I20260618 12:45:05.393635 0x17011b000 feature_extraction.cc:297]   Camera:          #1 - RADIAL
I20260618 12:45:05.393637 0x17011b000 feature_extraction.cc:300]   Focal Length:    2304.00px
I20260618 12:45:05.393675 0x17011b000 feature_extraction.cc:304]   Features:        8987 (SIFT)
I20260618 12:45:05.452574 0x17011b000 feature_extraction.cc:282] Processed file [62/124]
I20260618 12:45:05.452593 0x17011b000 feature_extraction.cc:285]   Name:            frame_0062.jpg
I20260618 12:45:05.452595 0x17011b000 feature_extraction.cc:294]   Dimensions:      1080 x 1920
I20260618 12:45:05.452598 0x17011b000 feature_extraction.cc:297]   Camera:          #1 - RADIAL
I20260618 12:45:05.452600 0x17011b000 feature_extraction.cc:300]   Focal Length:    2304.00px
I20260618 12:45:05.452602 0x17011b000 feature_extraction.cc:304]   Features:        10502 (SIFT)
I20260618 12:45:05.513156 0x17011b000 feature_extraction.cc:282] Processed file [63/124]
I20260618 12:45:05.513177 0x17011b000 feature_extraction.cc:285]   Name:            frame_0063.jpg
I20260618 12:45:05.513179 0x17011b000 feature_extraction.cc:294]   Dimensions:      1080 x 1920
I20260618 12:45:05.513181 0x17011b000 feature_extraction.cc:297]   Camera:          #1 - RADIAL
I20260618 12:45:05.513183 0x17011b000 feature_extraction.cc:300]   Focal Length:    2304.00px
I20260618 12:45:05.513186 0x17011b000 feature_extraction.cc:304]   Features:        13613 (SIFT)
I20260618 12:45:05.570514 0x17011b000 feature_extraction.cc:282] Processed file [64/124]
I20260618 12:45:05.570531 0x17011b000 feature_extraction.cc:285]   Name:            frame_0064.jpg
I20260618 12:45:05.570532 0x17011b000 feature_extraction.cc:294]   Dimensions:      1080 x 1920
I20260618 12:45:05.570534 0x17011b000 feature_extraction.cc:297]   Camera:          #1 - RADIAL
I20260618 12:45:05.570536 0x17011b000 feature_extraction.cc:300]   Focal Length:    2304.00px
I20260618 12:45:05.570540 0x17011b000 feature_extraction.cc:304]   Features:        8501 (SIFT)
I20260618 12:45:05.630391 0x17011b000 feature_extraction.cc:282] Processed file [65/124]
I20260618 12:45:05.630413 0x17011b000 feature_extraction.cc:285]   Name:            frame_0065.jpg
I20260618 12:45:05.630417 0x17011b000 feature_extraction.cc:294]   Dimensions:      1080 x 1920
I20260618 12:45:05.630438 0x17011b000 feature_extraction.cc:297]   Camera:          #1 - RADIAL
I20260618 12:45:05.630441 0x17011b000 feature_extraction.cc:300]   Focal Length:    2304.00px
I20260618 12:45:05.630444 0x17011b000 feature_extraction.cc:304]   Features:        13558 (SIFT)
I20260618 12:45:05.693173 0x17011b000 feature_extraction.cc:282] Processed file [66/124]
I20260618 12:45:05.693196 0x17011b000 feature_extraction.cc:285]   Name:            frame_0066.jpg
I20260618 12:45:05.693198 0x17011b000 feature_extraction.cc:294]   Dimensions:      1080 x 1920
I20260618 12:45:05.693200 0x17011b000 feature_extraction.cc:297]   Camera:          #1 - RADIAL
I20260618 12:45:05.693202 0x17011b000 feature_extraction.cc:300]   Focal Length:    2304.00px
I20260618 12:45:05.693206 0x17011b000 feature_extraction.cc:304]   Features:        12058 (SIFT)
I20260618 12:45:05.753769 0x17011b000 feature_extraction.cc:282] Processed file [67/124]
I20260618 12:45:05.753790 0x17011b000 feature_extraction.cc:285]   Name:            frame_0067.jpg
I20260618 12:45:05.753793 0x17011b000 feature_extraction.cc:294]   Dimensions:      1080 x 1920
I20260618 12:45:05.753794 0x17011b000 feature_extraction.cc:297]   Camera:          #1 - RADIAL
I20260618 12:45:05.753796 0x17011b000 feature_extraction.cc:300]   Focal Length:    2304.00px
I20260618 12:45:05.753800 0x17011b000 feature_extraction.cc:304]   Features:        13676 (SIFT)
I20260618 12:45:05.813816 0x17011b000 feature_extraction.cc:282] Processed file [68/124]
I20260618 12:45:05.813835 0x17011b000 feature_extraction.cc:285]   Name:            frame_0068.jpg
I20260618 12:45:05.813837 0x17011b000 feature_extraction.cc:294]   Dimensions:      1080 x 1920
I20260618 12:45:05.813839 0x17011b000 feature_extraction.cc:297]   Camera:          #1 - RADIAL
I20260618 12:45:05.813841 0x17011b000 feature_extraction.cc:300]   Focal Length:    2304.00px
I20260618 12:45:05.813844 0x17011b000 feature_extraction.cc:304]   Features:        12933 (SIFT)
I20260618 12:45:05.876289 0x17011b000 feature_extraction.cc:282] Processed file [69/124]
I20260618 12:45:05.876309 0x17011b000 feature_extraction.cc:285]   Name:            frame_0069.jpg
I20260618 12:45:05.876311 0x17011b000 feature_extraction.cc:294]   Dimensions:      1080 x 1920
I20260618 12:45:05.876313 0x17011b000 feature_extraction.cc:297]   Camera:          #1 - RADIAL
I20260618 12:45:05.876315 0x17011b000 feature_extraction.cc:300]   Focal Length:    2304.00px
I20260618 12:45:05.876318 0x17011b000 feature_extraction.cc:304]   Features:        13678 (SIFT)
I20260618 12:45:05.937838 0x17011b000 feature_extraction.cc:282] Processed file [70/124]
I20260618 12:45:05.937860 0x17011b000 feature_extraction.cc:285]   Name:            frame_0070.jpg
I20260618 12:45:05.937862 0x17011b000 feature_extraction.cc:294]   Dimensions:      1080 x 1920
I20260618 12:45:05.937863 0x17011b000 feature_extraction.cc:297]   Camera:          #1 - RADIAL
I20260618 12:45:05.937865 0x17011b000 feature_extraction.cc:300]   Focal Length:    2304.00px
I20260618 12:45:05.937869 0x17011b000 feature_extraction.cc:304]   Features:        12705 (SIFT)
I20260618 12:45:05.997701 0x17011b000 feature_extraction.cc:282] Processed file [71/124]
I20260618 12:45:05.997722 0x17011b000 feature_extraction.cc:285]   Name:            frame_0071.jpg
I20260618 12:45:05.997725 0x17011b000 feature_extraction.cc:294]   Dimensions:      1080 x 1920
I20260618 12:45:05.997727 0x17011b000 feature_extraction.cc:297]   Camera:          #1 - RADIAL
I20260618 12:45:05.997729 0x17011b000 feature_extraction.cc:300]   Focal Length:    2304.00px
I20260618 12:45:05.997733 0x17011b000 feature_extraction.cc:304]   Features:        8659 (SIFT)
I20260618 12:45:06.055234 0x17011b000 feature_extraction.cc:282] Processed file [72/124]
I20260618 12:45:06.055256 0x17011b000 feature_extraction.cc:285]   Name:            frame_0072.jpg
I20260618 12:45:06.055258 0x17011b000 feature_extraction.cc:294]   Dimensions:      1080 x 1920
I20260618 12:45:06.055260 0x17011b000 feature_extraction.cc:297]   Camera:          #1 - RADIAL
I20260618 12:45:06.055303 0x17011b000 feature_extraction.cc:300]   Focal Length:    2304.00px
I20260618 12:45:06.055308 0x17011b000 feature_extraction.cc:304]   Features:        8291 (SIFT)
I20260618 12:45:06.113737 0x17011b000 feature_extraction.cc:282] Processed file [73/124]
I20260618 12:45:06.113756 0x17011b000 feature_extraction.cc:285]   Name:            frame_0073.jpg
I20260618 12:45:06.113758 0x17011b000 feature_extraction.cc:294]   Dimensions:      1080 x 1920
I20260618 12:45:06.113759 0x17011b000 feature_extraction.cc:297]   Camera:          #1 - RADIAL
I20260618 12:45:06.113761 0x17011b000 feature_extraction.cc:300]   Focal Length:    2304.00px
I20260618 12:45:06.113765 0x17011b000 feature_extraction.cc:304]   Features:        9266 (SIFT)
I20260618 12:45:06.175707 0x17011b000 feature_extraction.cc:282] Processed file [74/124]
I20260618 12:45:06.175725 0x17011b000 feature_extraction.cc:285]   Name:            frame_0074.jpg
I20260618 12:45:06.175728 0x17011b000 feature_extraction.cc:294]   Dimensions:      1080 x 1920
I20260618 12:45:06.175730 0x17011b000 feature_extraction.cc:297]   Camera:          #1 - RADIAL
I20260618 12:45:06.175732 0x17011b000 feature_extraction.cc:300]   Focal Length:    2304.00px
I20260618 12:45:06.175734 0x17011b000 feature_extraction.cc:304]   Features:        12609 (SIFT)
I20260618 12:45:06.232994 0x17011b000 feature_extraction.cc:282] Processed file [75/124]
I20260618 12:45:06.233013 0x17011b000 feature_extraction.cc:285]   Name:            frame_0075.jpg
I20260618 12:45:06.233016 0x17011b000 feature_extraction.cc:294]   Dimensions:      1080 x 1920
I20260618 12:45:06.233018 0x17011b000 feature_extraction.cc:297]   Camera:          #1 - RADIAL
I20260618 12:45:06.233021 0x17011b000 feature_extraction.cc:300]   Focal Length:    2304.00px
I20260618 12:45:06.233024 0x17011b000 feature_extraction.cc:304]   Features:        8897 (SIFT)
I20260618 12:45:06.293317 0x17011b000 feature_extraction.cc:282] Processed file [76/124]
I20260618 12:45:06.293339 0x17011b000 feature_extraction.cc:285]   Name:            frame_0076.jpg
I20260618 12:45:06.293342 0x17011b000 feature_extraction.cc:294]   Dimensions:      1080 x 1920
I20260618 12:45:06.293343 0x17011b000 feature_extraction.cc:297]   Camera:          #1 - RADIAL
I20260618 12:45:06.293345 0x17011b000 feature_extraction.cc:300]   Focal Length:    2304.00px
I20260618 12:45:06.293349 0x17011b000 feature_extraction.cc:304]   Features:        8963 (SIFT)
I20260618 12:45:06.350973 0x17011b000 feature_extraction.cc:282] Processed file [77/124]
I20260618 12:45:06.350991 0x17011b000 feature_extraction.cc:285]   Name:            frame_0077.jpg
I20260618 12:45:06.350993 0x17011b000 feature_extraction.cc:294]   Dimensions:      1080 x 1920
I20260618 12:45:06.350995 0x17011b000 feature_extraction.cc:297]   Camera:          #1 - RADIAL
I20260618 12:45:06.350997 0x17011b000 feature_extraction.cc:300]   Focal Length:    2304.00px
I20260618 12:45:06.351000 0x17011b000 feature_extraction.cc:304]   Features:        8289 (SIFT)
I20260618 12:45:06.410029 0x17011b000 feature_extraction.cc:282] Processed file [78/124]
I20260618 12:45:06.410050 0x17011b000 feature_extraction.cc:285]   Name:            frame_0078.jpg
I20260618 12:45:06.410052 0x17011b000 feature_extraction.cc:294]   Dimensions:      1080 x 1920
I20260618 12:45:06.410054 0x17011b000 feature_extraction.cc:297]   Camera:          #1 - RADIAL
I20260618 12:45:06.410056 0x17011b000 feature_extraction.cc:300]   Focal Length:    2304.00px
I20260618 12:45:06.410059 0x17011b000 feature_extraction.cc:304]   Features:        9892 (SIFT)
I20260618 12:45:06.469823 0x17011b000 feature_extraction.cc:282] Processed file [79/124]
I20260618 12:45:06.469845 0x17011b000 feature_extraction.cc:285]   Name:            frame_0079.jpg
I20260618 12:45:06.469847 0x17011b000 feature_extraction.cc:294]   Dimensions:      1080 x 1920
I20260618 12:45:06.469849 0x17011b000 feature_extraction.cc:297]   Camera:          #1 - RADIAL
I20260618 12:45:06.469851 0x17011b000 feature_extraction.cc:300]   Focal Length:    2304.00px
I20260618 12:45:06.469889 0x17011b000 feature_extraction.cc:304]   Features:        9174 (SIFT)
I20260618 12:45:06.530459 0x17011b000 feature_extraction.cc:282] Processed file [80/124]
I20260618 12:45:06.530475 0x17011b000 feature_extraction.cc:285]   Name:            frame_0080.jpg
I20260618 12:45:06.530477 0x17011b000 feature_extraction.cc:294]   Dimensions:      1080 x 1920
I20260618 12:45:06.530479 0x17011b000 feature_extraction.cc:297]   Camera:          #1 - RADIAL
I20260618 12:45:06.530481 0x17011b000 feature_extraction.cc:300]   Focal Length:    2304.00px
I20260618 12:45:06.530484 0x17011b000 feature_extraction.cc:304]   Features:        13876 (SIFT)
I20260618 12:45:06.587332 0x17011b000 feature_extraction.cc:282] Processed file [81/124]
I20260618 12:45:06.587354 0x17011b000 feature_extraction.cc:285]   Name:            frame_0081.jpg
I20260618 12:45:06.587356 0x17011b000 feature_extraction.cc:294]   Dimensions:      1080 x 1920
I20260618 12:45:06.587358 0x17011b000 feature_extraction.cc:297]   Camera:          #1 - RADIAL
I20260618 12:45:06.587360 0x17011b000 feature_extraction.cc:300]   Focal Length:    2304.00px
I20260618 12:45:06.587364 0x17011b000 feature_extraction.cc:304]   Features:        8505 (SIFT)
I20260618 12:45:06.644473 0x17011b000 feature_extraction.cc:282] Processed file [82/124]
I20260618 12:45:06.644497 0x17011b000 feature_extraction.cc:285]   Name:            frame_0082.jpg
I20260618 12:45:06.644499 0x17011b000 feature_extraction.cc:294]   Dimensions:      1080 x 1920
I20260618 12:45:06.644500 0x17011b000 feature_extraction.cc:297]   Camera:          #1 - RADIAL
I20260618 12:45:06.644503 0x17011b000 feature_extraction.cc:300]   Focal Length:    2304.00px
I20260618 12:45:06.644506 0x17011b000 feature_extraction.cc:304]   Features:        8942 (SIFT)
I20260618 12:45:06.703419 0x17011b000 feature_extraction.cc:282] Processed file [83/124]
I20260618 12:45:06.703438 0x17011b000 feature_extraction.cc:285]   Name:            frame_0083.jpg
I20260618 12:45:06.703440 0x17011b000 feature_extraction.cc:294]   Dimensions:      1080 x 1920
I20260618 12:45:06.703442 0x17011b000 feature_extraction.cc:297]   Camera:          #1 - RADIAL
I20260618 12:45:06.703444 0x17011b000 feature_extraction.cc:300]   Focal Length:    2304.00px
I20260618 12:45:06.703447 0x17011b000 feature_extraction.cc:304]   Features:        9225 (SIFT)
I20260618 12:45:06.762743 0x17011b000 feature_extraction.cc:282] Processed file [84/124]
I20260618 12:45:06.762765 0x17011b000 feature_extraction.cc:285]   Name:            frame_0084.jpg
I20260618 12:45:06.762767 0x17011b000 feature_extraction.cc:294]   Dimensions:      1080 x 1920
I20260618 12:45:06.762769 0x17011b000 feature_extraction.cc:297]   Camera:          #1 - RADIAL
I20260618 12:45:06.762771 0x17011b000 feature_extraction.cc:300]   Focal Length:    2304.00px
I20260618 12:45:06.762775 0x17011b000 feature_extraction.cc:304]   Features:        13246 (SIFT)
I20260618 12:45:06.824948 0x17011b000 feature_extraction.cc:282] Processed file [85/124]
I20260618 12:45:06.824967 0x17011b000 feature_extraction.cc:285]   Name:            frame_0085.jpg
I20260618 12:45:06.824969 0x17011b000 feature_extraction.cc:294]   Dimensions:      1080 x 1920
I20260618 12:45:06.824971 0x17011b000 feature_extraction.cc:297]   Camera:          #1 - RADIAL
I20260618 12:45:06.824973 0x17011b000 feature_extraction.cc:300]   Focal Length:    2304.00px
I20260618 12:45:06.824976 0x17011b000 feature_extraction.cc:304]   Features:        13079 (SIFT)
I20260618 12:45:06.885106 0x17011b000 feature_extraction.cc:282] Processed file [86/124]
I20260618 12:45:06.885126 0x17011b000 feature_extraction.cc:285]   Name:            frame_0086.jpg
I20260618 12:45:06.885128 0x17011b000 feature_extraction.cc:294]   Dimensions:      1080 x 1920
I20260618 12:45:06.885130 0x17011b000 feature_extraction.cc:297]   Camera:          #1 - RADIAL
I20260618 12:45:06.885132 0x17011b000 feature_extraction.cc:300]   Focal Length:    2304.00px
I20260618 12:45:06.885135 0x17011b000 feature_extraction.cc:304]   Features:        13567 (SIFT)
I20260618 12:45:06.949766 0x17011b000 feature_extraction.cc:282] Processed file [87/124]
I20260618 12:45:06.949794 0x17011b000 feature_extraction.cc:285]   Name:            frame_0087.jpg
I20260618 12:45:06.949798 0x17011b000 feature_extraction.cc:294]   Dimensions:      1080 x 1920
I20260618 12:45:06.949801 0x17011b000 feature_extraction.cc:297]   Camera:          #1 - RADIAL
I20260618 12:45:06.949805 0x17011b000 feature_extraction.cc:300]   Focal Length:    2304.00px
I20260618 12:45:06.949810 0x17011b000 feature_extraction.cc:304]   Features:        10191 (SIFT)
I20260618 12:45:07.018602 0x17011b000 feature_extraction.cc:282] Processed file [88/124]
I20260618 12:45:07.018623 0x17011b000 feature_extraction.cc:285]   Name:            frame_0088.jpg
I20260618 12:45:07.018626 0x17011b000 feature_extraction.cc:294]   Dimensions:      1080 x 1920
I20260618 12:45:07.018627 0x17011b000 feature_extraction.cc:297]   Camera:          #1 - RADIAL
I20260618 12:45:07.018630 0x17011b000 feature_extraction.cc:300]   Focal Length:    2304.00px
I20260618 12:45:07.018633 0x17011b000 feature_extraction.cc:304]   Features:        13440 (SIFT)
I20260618 12:45:07.082115 0x17011b000 feature_extraction.cc:282] Processed file [89/124]
I20260618 12:45:07.082139 0x17011b000 feature_extraction.cc:285]   Name:            frame_0089.jpg
I20260618 12:45:07.082142 0x17011b000 feature_extraction.cc:294]   Dimensions:      1080 x 1920
I20260618 12:45:07.082144 0x17011b000 feature_extraction.cc:297]   Camera:          #1 - RADIAL
I20260618 12:45:07.082146 0x17011b000 feature_extraction.cc:300]   Focal Length:    2304.00px
I20260618 12:45:07.082149 0x17011b000 feature_extraction.cc:304]   Features:        12530 (SIFT)
I20260618 12:45:07.139747 0x17011b000 feature_extraction.cc:282] Processed file [90/124]
I20260618 12:45:07.139766 0x17011b000 feature_extraction.cc:285]   Name:            frame_0090.jpg
I20260618 12:45:07.139768 0x17011b000 feature_extraction.cc:294]   Dimensions:      1080 x 1920
I20260618 12:45:07.139770 0x17011b000 feature_extraction.cc:297]   Camera:          #1 - RADIAL
I20260618 12:45:07.139772 0x17011b000 feature_extraction.cc:300]   Focal Length:    2304.00px
I20260618 12:45:07.139775 0x17011b000 feature_extraction.cc:304]   Features:        8415 (SIFT)
I20260618 12:45:07.203136 0x17011b000 feature_extraction.cc:282] Processed file [91/124]
I20260618 12:45:07.203157 0x17011b000 feature_extraction.cc:285]   Name:            frame_0091.jpg
I20260618 12:45:07.203159 0x17011b000 feature_extraction.cc:294]   Dimensions:      1080 x 1920
I20260618 12:45:07.203161 0x17011b000 feature_extraction.cc:297]   Camera:          #1 - RADIAL
I20260618 12:45:07.203163 0x17011b000 feature_extraction.cc:300]   Focal Length:    2304.00px
I20260618 12:45:07.203166 0x17011b000 feature_extraction.cc:304]   Features:        14316 (SIFT)
I20260618 12:45:07.265386 0x17011b000 feature_extraction.cc:282] Processed file [92/124]
I20260618 12:45:07.265408 0x17011b000 feature_extraction.cc:285]   Name:            frame_0092.jpg
I20260618 12:45:07.265410 0x17011b000 feature_extraction.cc:294]   Dimensions:      1080 x 1920
I20260618 12:45:07.265412 0x17011b000 feature_extraction.cc:297]   Camera:          #1 - RADIAL
I20260618 12:45:07.265414 0x17011b000 feature_extraction.cc:300]   Focal Length:    2304.00px
I20260618 12:45:07.265417 0x17011b000 feature_extraction.cc:304]   Features:        13730 (SIFT)
I20260618 12:45:07.324865 0x17011b000 feature_extraction.cc:282] Processed file [93/124]
I20260618 12:45:07.324888 0x17011b000 feature_extraction.cc:285]   Name:            frame_0093.jpg
I20260618 12:45:07.324892 0x17011b000 feature_extraction.cc:294]   Dimensions:      1080 x 1920
I20260618 12:45:07.324895 0x17011b000 feature_extraction.cc:297]   Camera:          #1 - RADIAL
I20260618 12:45:07.324897 0x17011b000 feature_extraction.cc:300]   Focal Length:    2304.00px
I20260618 12:45:07.324902 0x17011b000 feature_extraction.cc:304]   Features:        8216 (SIFT)
I20260618 12:45:07.385562 0x17011b000 feature_extraction.cc:282] Processed file [94/124]
I20260618 12:45:07.385583 0x17011b000 feature_extraction.cc:285]   Name:            frame_0094.jpg
I20260618 12:45:07.385612 0x17011b000 feature_extraction.cc:294]   Dimensions:      1080 x 1920
I20260618 12:45:07.385614 0x17011b000 feature_extraction.cc:297]   Camera:          #1 - RADIAL
I20260618 12:45:07.385617 0x17011b000 feature_extraction.cc:300]   Focal Length:    2304.00px
I20260618 12:45:07.385619 0x17011b000 feature_extraction.cc:304]   Features:        8563 (SIFT)
I20260618 12:45:07.443720 0x17011b000 feature_extraction.cc:282] Processed file [95/124]
I20260618 12:45:07.443737 0x17011b000 feature_extraction.cc:285]   Name:            frame_0095.jpg
I20260618 12:45:07.443739 0x17011b000 feature_extraction.cc:294]   Dimensions:      1080 x 1920
I20260618 12:45:07.443740 0x17011b000 feature_extraction.cc:297]   Camera:          #1 - RADIAL
I20260618 12:45:07.443743 0x17011b000 feature_extraction.cc:300]   Focal Length:    2304.00px
I20260618 12:45:07.443746 0x17011b000 feature_extraction.cc:304]   Features:        9388 (SIFT)
I20260618 12:45:07.502340 0x17011b000 feature_extraction.cc:282] Processed file [96/124]
I20260618 12:45:07.502359 0x17011b000 feature_extraction.cc:285]   Name:            frame_0096.jpg
I20260618 12:45:07.502361 0x17011b000 feature_extraction.cc:294]   Dimensions:      1080 x 1920
I20260618 12:45:07.502363 0x17011b000 feature_extraction.cc:297]   Camera:          #1 - RADIAL
I20260618 12:45:07.502365 0x17011b000 feature_extraction.cc:300]   Focal Length:    2304.00px
I20260618 12:45:07.502372 0x17011b000 feature_extraction.cc:304]   Features:        8605 (SIFT)
I20260618 12:45:07.563297 0x17011b000 feature_extraction.cc:282] Processed file [97/124]
I20260618 12:45:07.563318 0x17011b000 feature_extraction.cc:285]   Name:            frame_0097.jpg
I20260618 12:45:07.563320 0x17011b000 feature_extraction.cc:294]   Dimensions:      1080 x 1920
I20260618 12:45:07.563322 0x17011b000 feature_extraction.cc:297]   Camera:          #1 - RADIAL
I20260618 12:45:07.563325 0x17011b000 feature_extraction.cc:300]   Focal Length:    2304.00px
I20260618 12:45:07.563328 0x17011b000 feature_extraction.cc:304]   Features:        13191 (SIFT)
I20260618 12:45:07.623289 0x17011b000 feature_extraction.cc:282] Processed file [98/124]
I20260618 12:45:07.623308 0x17011b000 feature_extraction.cc:285]   Name:            frame_0098.jpg
I20260618 12:45:07.623310 0x17011b000 feature_extraction.cc:294]   Dimensions:      1080 x 1920
I20260618 12:45:07.623312 0x17011b000 feature_extraction.cc:297]   Camera:          #1 - RADIAL
I20260618 12:45:07.623314 0x17011b000 feature_extraction.cc:300]   Focal Length:    2304.00px
I20260618 12:45:07.623317 0x17011b000 feature_extraction.cc:304]   Features:        9123 (SIFT)
I20260618 12:45:07.683391 0x17011b000 feature_extraction.cc:282] Processed file [99/124]
I20260618 12:45:07.683409 0x17011b000 feature_extraction.cc:285]   Name:            frame_0099.jpg
I20260618 12:45:07.683412 0x17011b000 feature_extraction.cc:294]   Dimensions:      1080 x 1920
I20260618 12:45:07.683413 0x17011b000 feature_extraction.cc:297]   Camera:          #1 - RADIAL
I20260618 12:45:07.683415 0x17011b000 feature_extraction.cc:300]   Focal Length:    2304.00px
I20260618 12:45:07.683418 0x17011b000 feature_extraction.cc:304]   Features:        9562 (SIFT)
I20260618 12:45:07.742030 0x17011b000 feature_extraction.cc:282] Processed file [100/124]
I20260618 12:45:07.742047 0x17011b000 feature_extraction.cc:285]   Name:            frame_0100.jpg
I20260618 12:45:07.742049 0x17011b000 feature_extraction.cc:294]   Dimensions:      1080 x 1920
I20260618 12:45:07.742052 0x17011b000 feature_extraction.cc:297]   Camera:          #1 - RADIAL
I20260618 12:45:07.742054 0x17011b000 feature_extraction.cc:300]   Focal Length:    2304.00px
I20260618 12:45:07.742057 0x17011b000 feature_extraction.cc:304]   Features:        9747 (SIFT)
I20260618 12:45:07.801703 0x17011b000 feature_extraction.cc:282] Processed file [101/124]
I20260618 12:45:07.801722 0x17011b000 feature_extraction.cc:285]   Name:            frame_0101.jpg
I20260618 12:45:07.801724 0x17011b000 feature_extraction.cc:294]   Dimensions:      1080 x 1920
I20260618 12:45:07.801758 0x17011b000 feature_extraction.cc:297]   Camera:          #1 - RADIAL
I20260618 12:45:07.801761 0x17011b000 feature_extraction.cc:300]   Focal Length:    2304.00px
I20260618 12:45:07.801764 0x17011b000 feature_extraction.cc:304]   Features:        9538 (SIFT)
I20260618 12:45:07.860715 0x17011b000 feature_extraction.cc:282] Processed file [102/124]
I20260618 12:45:07.860736 0x17011b000 feature_extraction.cc:285]   Name:            frame_0102.jpg
I20260618 12:45:07.860739 0x17011b000 feature_extraction.cc:294]   Dimensions:      1080 x 1920
I20260618 12:45:07.860741 0x17011b000 feature_extraction.cc:297]   Camera:          #1 - RADIAL
I20260618 12:45:07.860743 0x17011b000 feature_extraction.cc:300]   Focal Length:    2304.00px
I20260618 12:45:07.860746 0x17011b000 feature_extraction.cc:304]   Features:        9557 (SIFT)
I20260618 12:45:07.920802 0x17011b000 feature_extraction.cc:282] Processed file [103/124]
I20260618 12:45:07.920822 0x17011b000 feature_extraction.cc:285]   Name:            frame_0103.jpg
I20260618 12:45:07.920825 0x17011b000 feature_extraction.cc:294]   Dimensions:      1080 x 1920
I20260618 12:45:07.920827 0x17011b000 feature_extraction.cc:297]   Camera:          #1 - RADIAL
I20260618 12:45:07.920830 0x17011b000 feature_extraction.cc:300]   Focal Length:    2304.00px
I20260618 12:45:07.920833 0x17011b000 feature_extraction.cc:304]   Features:        10269 (SIFT)
I20260618 12:45:07.980742 0x17011b000 feature_extraction.cc:282] Processed file [104/124]
I20260618 12:45:07.980763 0x17011b000 feature_extraction.cc:285]   Name:            frame_0104.jpg
I20260618 12:45:07.980765 0x17011b000 feature_extraction.cc:294]   Dimensions:      1080 x 1920
I20260618 12:45:07.980766 0x17011b000 feature_extraction.cc:297]   Camera:          #1 - RADIAL
I20260618 12:45:07.980769 0x17011b000 feature_extraction.cc:300]   Focal Length:    2304.00px
I20260618 12:45:07.980777 0x17011b000 feature_extraction.cc:304]   Features:        10431 (SIFT)
I20260618 12:45:08.038905 0x17011b000 feature_extraction.cc:282] Processed file [105/124]
I20260618 12:45:08.038924 0x17011b000 feature_extraction.cc:285]   Name:            frame_0105.jpg
I20260618 12:45:08.038926 0x17011b000 feature_extraction.cc:294]   Dimensions:      1080 x 1920
I20260618 12:45:08.038928 0x17011b000 feature_extraction.cc:297]   Camera:          #1 - RADIAL
I20260618 12:45:08.038930 0x17011b000 feature_extraction.cc:300]   Focal Length:    2304.00px
I20260618 12:45:08.038933 0x17011b000 feature_extraction.cc:304]   Features:        8518 (SIFT)
I20260618 12:45:08.097781 0x17011b000 feature_extraction.cc:282] Processed file [106/124]
I20260618 12:45:08.097798 0x17011b000 feature_extraction.cc:285]   Name:            frame_0106.jpg
I20260618 12:45:08.097800 0x17011b000 feature_extraction.cc:294]   Dimensions:      1080 x 1920
I20260618 12:45:08.097803 0x17011b000 feature_extraction.cc:297]   Camera:          #1 - RADIAL
I20260618 12:45:08.097805 0x17011b000 feature_extraction.cc:300]   Focal Length:    2304.00px
I20260618 12:45:08.097808 0x17011b000 feature_extraction.cc:304]   Features:        10454 (SIFT)
I20260618 12:45:08.158751 0x17011b000 feature_extraction.cc:282] Processed file [107/124]
I20260618 12:45:08.158768 0x17011b000 feature_extraction.cc:285]   Name:            frame_0107.jpg
I20260618 12:45:08.158771 0x17011b000 feature_extraction.cc:294]   Dimensions:      1080 x 1920
I20260618 12:45:08.158772 0x17011b000 feature_extraction.cc:297]   Camera:          #1 - RADIAL
I20260618 12:45:08.158775 0x17011b000 feature_extraction.cc:300]   Focal Length:    2304.00px
I20260618 12:45:08.158778 0x17011b000 feature_extraction.cc:304]   Features:        12255 (SIFT)
I20260618 12:45:08.218508 0x17011b000 feature_extraction.cc:282] Processed file [108/124]
I20260618 12:45:08.218526 0x17011b000 feature_extraction.cc:285]   Name:            frame_0108.jpg
I20260618 12:45:08.218528 0x17011b000 feature_extraction.cc:294]   Dimensions:      1080 x 1920
I20260618 12:45:08.218530 0x17011b000 feature_extraction.cc:297]   Camera:          #1 - RADIAL
I20260618 12:45:08.218554 0x17011b000 feature_extraction.cc:300]   Focal Length:    2304.00px
I20260618 12:45:08.218557 0x17011b000 feature_extraction.cc:304]   Features:        9306 (SIFT)
I20260618 12:45:08.278567 0x17011b000 feature_extraction.cc:282] Processed file [109/124]
I20260618 12:45:08.278584 0x17011b000 feature_extraction.cc:285]   Name:            frame_0109.jpg
I20260618 12:45:08.278586 0x17011b000 feature_extraction.cc:294]   Dimensions:      1080 x 1920
I20260618 12:45:08.278587 0x17011b000 feature_extraction.cc:297]   Camera:          #1 - RADIAL
I20260618 12:45:08.278590 0x17011b000 feature_extraction.cc:300]   Focal Length:    2304.00px
I20260618 12:45:08.278592 0x17011b000 feature_extraction.cc:304]   Features:        9622 (SIFT)
I20260618 12:45:08.337919 0x17011b000 feature_extraction.cc:282] Processed file [110/124]
I20260618 12:45:08.337937 0x17011b000 feature_extraction.cc:285]   Name:            frame_0110.jpg
I20260618 12:45:08.337940 0x17011b000 feature_extraction.cc:294]   Dimensions:      1080 x 1920
I20260618 12:45:08.337941 0x17011b000 feature_extraction.cc:297]   Camera:          #1 - RADIAL
I20260618 12:45:08.337943 0x17011b000 feature_extraction.cc:300]   Focal Length:    2304.00px
I20260618 12:45:08.337946 0x17011b000 feature_extraction.cc:304]   Features:        11317 (SIFT)
I20260618 12:45:08.400470 0x17011b000 feature_extraction.cc:282] Processed file [111/124]
I20260618 12:45:08.400488 0x17011b000 feature_extraction.cc:285]   Name:            frame_0111.jpg
I20260618 12:45:08.400490 0x17011b000 feature_extraction.cc:294]   Dimensions:      1080 x 1920
I20260618 12:45:08.400491 0x17011b000 feature_extraction.cc:297]   Camera:          #1 - RADIAL
I20260618 12:45:08.400496 0x17011b000 feature_extraction.cc:300]   Focal Length:    2304.00px
I20260618 12:45:08.400498 0x17011b000 feature_extraction.cc:304]   Features:        14370 (SIFT)
I20260618 12:45:08.460321 0x17011b000 feature_extraction.cc:282] Processed file [112/124]
I20260618 12:45:08.460337 0x17011b000 feature_extraction.cc:285]   Name:            frame_0112.jpg
I20260618 12:45:08.460339 0x17011b000 feature_extraction.cc:294]   Dimensions:      1080 x 1920
I20260618 12:45:08.460341 0x17011b000 feature_extraction.cc:297]   Camera:          #1 - RADIAL
I20260618 12:45:08.460343 0x17011b000 feature_extraction.cc:300]   Focal Length:    2304.00px
I20260618 12:45:08.460345 0x17011b000 feature_extraction.cc:304]   Features:        13979 (SIFT)
I20260618 12:45:08.518866 0x17011b000 feature_extraction.cc:282] Processed file [113/124]
I20260618 12:45:08.518884 0x17011b000 feature_extraction.cc:285]   Name:            frame_0113.jpg
I20260618 12:45:08.518886 0x17011b000 feature_extraction.cc:294]   Dimensions:      1080 x 1920
I20260618 12:45:08.518888 0x17011b000 feature_extraction.cc:297]   Camera:          #1 - RADIAL
I20260618 12:45:08.518890 0x17011b000 feature_extraction.cc:300]   Focal Length:    2304.00px
I20260618 12:45:08.518894 0x17011b000 feature_extraction.cc:304]   Features:        10989 (SIFT)
I20260618 12:45:08.579218 0x17011b000 feature_extraction.cc:282] Processed file [114/124]
I20260618 12:45:08.579236 0x17011b000 feature_extraction.cc:285]   Name:            frame_0114.jpg
I20260618 12:45:08.579238 0x17011b000 feature_extraction.cc:294]   Dimensions:      1080 x 1920
I20260618 12:45:08.579239 0x17011b000 feature_extraction.cc:297]   Camera:          #1 - RADIAL
I20260618 12:45:08.579242 0x17011b000 feature_extraction.cc:300]   Focal Length:    2304.00px
I20260618 12:45:08.579244 0x17011b000 feature_extraction.cc:304]   Features:        11311 (SIFT)
I20260618 12:45:08.638340 0x17011b000 feature_extraction.cc:282] Processed file [115/124]
I20260618 12:45:08.638356 0x17011b000 feature_extraction.cc:285]   Name:            frame_0115.jpg
I20260618 12:45:08.638358 0x17011b000 feature_extraction.cc:294]   Dimensions:      1080 x 1920
I20260618 12:45:08.638360 0x17011b000 feature_extraction.cc:297]   Camera:          #1 - RADIAL
I20260618 12:45:08.638362 0x17011b000 feature_extraction.cc:300]   Focal Length:    2304.00px
I20260618 12:45:08.638386 0x17011b000 feature_extraction.cc:304]   Features:        10096 (SIFT)
I20260618 12:45:08.695188 0x17011b000 feature_extraction.cc:282] Processed file [116/124]
I20260618 12:45:08.695206 0x17011b000 feature_extraction.cc:285]   Name:            frame_0116.jpg
I20260618 12:45:08.695208 0x17011b000 feature_extraction.cc:294]   Dimensions:      1080 x 1920
I20260618 12:45:08.695210 0x17011b000 feature_extraction.cc:297]   Camera:          #1 - RADIAL
I20260618 12:45:08.695213 0x17011b000 feature_extraction.cc:300]   Focal Length:    2304.00px
I20260618 12:45:08.695215 0x17011b000 feature_extraction.cc:304]   Features:        8431 (SIFT)
I20260618 12:45:08.751638 0x17011b000 feature_extraction.cc:282] Processed file [117/124]
I20260618 12:45:08.751654 0x17011b000 feature_extraction.cc:285]   Name:            frame_0117.jpg
I20260618 12:45:08.751656 0x17011b000 feature_extraction.cc:294]   Dimensions:      1080 x 1920
I20260618 12:45:08.751658 0x17011b000 feature_extraction.cc:297]   Camera:          #1 - RADIAL
I20260618 12:45:08.751660 0x17011b000 feature_extraction.cc:300]   Focal Length:    2304.00px
I20260618 12:45:08.751662 0x17011b000 feature_extraction.cc:304]   Features:        8874 (SIFT)
I20260618 12:45:08.812931 0x17011b000 feature_extraction.cc:282] Processed file [118/124]
I20260618 12:45:08.812950 0x17011b000 feature_extraction.cc:285]   Name:            frame_0118.jpg
I20260618 12:45:08.812952 0x17011b000 feature_extraction.cc:294]   Dimensions:      1080 x 1920
I20260618 12:45:08.812953 0x17011b000 feature_extraction.cc:297]   Camera:          #1 - RADIAL
I20260618 12:45:08.812955 0x17011b000 feature_extraction.cc:300]   Focal Length:    2304.00px
I20260618 12:45:08.812958 0x17011b000 feature_extraction.cc:304]   Features:        13667 (SIFT)
I20260618 12:45:08.873097 0x17011b000 feature_extraction.cc:282] Processed file [119/124]
I20260618 12:45:08.873120 0x17011b000 feature_extraction.cc:285]   Name:            frame_0119.jpg
I20260618 12:45:08.873122 0x17011b000 feature_extraction.cc:294]   Dimensions:      1080 x 1920
I20260618 12:45:08.873124 0x17011b000 feature_extraction.cc:297]   Camera:          #1 - RADIAL
I20260618 12:45:08.873126 0x17011b000 feature_extraction.cc:300]   Focal Length:    2304.00px
I20260618 12:45:08.873129 0x17011b000 feature_extraction.cc:304]   Features:        11655 (SIFT)
I20260618 12:45:08.931194 0x17011b000 feature_extraction.cc:282] Processed file [120/124]
I20260618 12:45:08.931211 0x17011b000 feature_extraction.cc:285]   Name:            frame_0120.jpg
I20260618 12:45:08.931213 0x17011b000 feature_extraction.cc:294]   Dimensions:      1080 x 1920
I20260618 12:45:08.931215 0x17011b000 feature_extraction.cc:297]   Camera:          #1 - RADIAL
I20260618 12:45:08.931216 0x17011b000 feature_extraction.cc:300]   Focal Length:    2304.00px
I20260618 12:45:08.931219 0x17011b000 feature_extraction.cc:304]   Features:        8705 (SIFT)
I20260618 12:45:08.993113 0x17011b000 feature_extraction.cc:282] Processed file [121/124]
I20260618 12:45:08.993130 0x17011b000 feature_extraction.cc:285]   Name:            frame_0121.jpg
I20260618 12:45:08.993132 0x17011b000 feature_extraction.cc:294]   Dimensions:      1080 x 1920
I20260618 12:45:08.993133 0x17011b000 feature_extraction.cc:297]   Camera:          #1 - RADIAL
I20260618 12:45:08.993135 0x17011b000 feature_extraction.cc:300]   Focal Length:    2304.00px
I20260618 12:45:08.993138 0x17011b000 feature_extraction.cc:304]   Features:        10999 (SIFT)
I20260618 12:45:09.054972 0x17011b000 feature_extraction.cc:282] Processed file [122/124]
I20260618 12:45:09.054993 0x17011b000 feature_extraction.cc:285]   Name:            frame_0122.jpg
I20260618 12:45:09.054996 0x17011b000 feature_extraction.cc:294]   Dimensions:      1080 x 1920
I20260618 12:45:09.054997 0x17011b000 feature_extraction.cc:297]   Camera:          #1 - RADIAL
I20260618 12:45:09.055000 0x17011b000 feature_extraction.cc:300]   Focal Length:    2304.00px
I20260618 12:45:09.055003 0x17011b000 feature_extraction.cc:304]   Features:        14046 (SIFT)
I20260618 12:45:09.114570 0x17011b000 feature_extraction.cc:282] Processed file [123/124]
I20260618 12:45:09.114589 0x17011b000 feature_extraction.cc:285]   Name:            frame_0123.jpg
I20260618 12:45:09.114592 0x17011b000 feature_extraction.cc:294]   Dimensions:      1080 x 1920
I20260618 12:45:09.114593 0x17011b000 feature_extraction.cc:297]   Camera:          #1 - RADIAL
I20260618 12:45:09.114595 0x17011b000 feature_extraction.cc:300]   Focal Length:    2304.00px
I20260618 12:45:09.114598 0x17011b000 feature_extraction.cc:304]   Features:        11270 (SIFT)
I20260618 12:45:09.176719 0x17011b000 feature_extraction.cc:282] Processed file [124/124]
I20260618 12:45:09.176733 0x17011b000 feature_extraction.cc:285]   Name:            frame_0124.jpg
I20260618 12:45:09.176735 0x17011b000 feature_extraction.cc:294]   Dimensions:      1080 x 1920
I20260618 12:45:09.176737 0x17011b000 feature_extraction.cc:297]   Camera:          #1 - RADIAL
I20260618 12:45:09.176740 0x17011b000 feature_extraction.cc:300]   Focal Length:    2304.00px
I20260618 12:45:09.176743 0x17011b000 feature_extraction.cc:304]   Features:        10836 (SIFT)
I20260618 12:45:09.182432 0x16fa8b000 timer.cc:90] Elapsed time: 0.127 [minutes]
--> Step 3: Matching features (Exhaustive)...
I20260618 12:45:09.441665 0x16d67f000 feature_matching.cc:195] === Feature matching & geometric verification ===
I20260618 12:45:09.456644 0x16d70b000 sift.cc:1559] Creating SIFT GPU feature matcher
I20260618 12:45:09.481814 0x16d67f000 pairing.cc:180] Generating exhaustive image pairs...
I20260618 12:45:09.481825 0x16d67f000 pairing.cc:213] Processing block [1/3, 1/3]
I20260618 12:47:05.979390 0x16d67f000 feature_matching.cc:217] in 116.497s
I20260618 12:47:05.979909 0x16d67f000 pairing.cc:213] Processing block [1/3, 2/3]
I20260618 12:49:02.638835 0x16d67f000 feature_matching.cc:217] in 116.659s
I20260618 12:49:02.639610 0x16d67f000 pairing.cc:213] Processing block [1/3, 3/3]
I20260618 12:49:59.184702 0x16d67f000 feature_matching.cc:217] in 56.545s
I20260618 12:49:59.185505 0x16d67f000 pairing.cc:213] Processing block [2/3, 1/3]
I20260618 12:53:52.675056 0x16d67f000 feature_matching.cc:217] in 233.605s
I20260618 12:53:52.675870 0x16d67f000 pairing.cc:213] Processing block [2/3, 2/3]
I20260618 12:56:20.243842 0x16d67f000 feature_matching.cc:217] in 147.572s
I20260618 12:56:20.245443 0x16d67f000 pairing.cc:213] Processing block [2/3, 3/3]
I20260618 12:56:47.187238 0x16d67f000 feature_matching.cc:217] in 26.943s
I20260618 12:56:47.187278 0x16d67f000 pairing.cc:213] Processing block [3/3, 1/3]
I20260618 12:58:13.747582 0x16d67f000 feature_matching.cc:217] in 86.563s
I20260618 12:58:13.747652 0x16d67f000 pairing.cc:213] Processing block [3/3, 2/3]
I20260618 12:59:34.582479 0x16d67f000 feature_matching.cc:217] in 80.837s
I20260618 12:59:34.582552 0x16d67f000 pairing.cc:213] Processing block [3/3, 3/3]
I20260618 12:59:59.080045 0x16d67f000 feature_matching.cc:217] in 24.498s
I20260618 12:59:59.080113 0x16d67f000 timer.cc:90] Elapsed time: 14.829 [minutes]
try_bash_colmap.sh: line 65: unexpected EOF while looking for matching `"'
