Starting OpenSplat training on M4 Metal GPU...
Logging to: /Users/bc/brendanchambers/2026-06-18-iphone-video-to-splat/logs/opensplat_pipeline.log
Output will be saved to: /Users/bc/brendanchambers/2026-06-18-iphone-video-to-splat/data/intermediates/gardenbed_exhaustive_max-num-features-4096_distortion_corrected/splats/1500steps_20260620_1744/gardenbed_exhaustive.ply
Validation enabled: true (image: frame_0032.jpg)
Using MPS
Reading 54093 points
Loading /Users/bc/brendanchambers/2026-06-18-iphone-video-to-splat/data/intermediates/gardenbed_exhaustive_max-num-features-4096_distortion_corrected/images/frame_0001.jpg
Loading /Users/bc/brendanchambers/2026-06-18-iphone-video-to-splat/data/intermediates/gardenbed_exhaustive_max-num-features-4096_distortion_corrected/images/frame_0027.jpg
Loading /Users/bc/brendanchambers/2026-06-18-iphone-video-to-splat/data/intermediates/gardenbed_exhaustive_max-num-features-4096_distortion_corrected/images/frame_0014.jpg
Loading Loading /Users/bc/brendanchambers/2026-06-18-iphone-video-to-splat/data/intermediates/gardenbed_exhaustive_max-num-features-4096_distortion_corrected/images/frame_0092.jpg
Loading /Users/bc/brendanchambers/2026-06-18-iphone-video-to-splat/data/intermediates/gardenbed_exhaustive_max-num-features-4096_distortion_corrected/images/frame_0118.jpg
Loading /Users/bc/brendanchambers/2026-06-18-iphone-video-to-splat/data/intermediates/gardenbed_exhaustive_max-num-features-4096_distortion_corrected/images/frame_0079.jpgLoading /Users/bc/brendanchambers/2026-06-18-iphone-video-to-splat/data/intermediates/gardenbed_exhaustive_max-num-features-4096_distortion_corrected/images/frame_0105.jpg

/Users/bc/brendanchambers/2026-06-18-iphone-video-to-splat/data/intermediates/gardenbed_exhaustive_max-num-features-4096_distortion_corrected/images/frame_0053.jpg
Loading /Users/bc/brendanchambers/2026-06-18-iphone-video-to-splat/data/intermediates/gardenbed_exhaustive_max-num-features-4096_distortion_corrected/images/frame_0040.jpg
Loading /Users/bc/brendanchambers/2026-06-18-iphone-video-to-splat/data/intermediates/gardenbed_exhaustive_max-num-features-4096_distortion_corrected/images/frame_0066.jpg
Loading /Users/bc/brendanchambers/2026-06-18-iphone-video-to-splat/data/intermediates/gardenbed_exhaustive_max-num-features-4096_distortion_corrected/images/frame_0054.jpg
Loading /Users/bc/brendanchambers/2026-06-18-iphone-video-to-splat/data/intermediates/gardenbed_exhaustive_max-num-features-4096_distortion_corrected/images/frame_0015.jpg
Loading /Users/bc/brendanchambers/2026-06-18-iphone-video-to-splat/data/intermediates/gardenbed_exhaustive_max-num-features-4096_distortion_corrected/images/frame_0106.jpg
Loading /Users/bc/brendanchambers/2026-06-18-iphone-video-to-splat/data/intermediates/gardenbed_exhaustive_max-num-features-4096_distortion_corrected/images/frame_0093.jpg
Loading /Users/bc/brendanchambers/2026-06-18-iphone-video-to-splat/data/intermediates/gardenbed_exhaustive_max-num-features-4096_distortion_corrected/images/frame_0080.jpg
Loading /Users/bc/brendanchambers/2026-06-18-iphone-video-to-splat/data/intermediates/gardenbed_exhaustive_max-num-features-4096_distortion_corrected/images/frame_0119.jpg
Loading /Users/bc/brendanchambers/2026-06-18-iphone-video-to-splat/data/intermediates/gardenbed_exhaustive_max-num-features-4096_distortion_corrected/images/frame_0002.jpg
Loading /Users/bc/brendanchambers/2026-06-18-iphone-video-to-splat/data/intermediates/gardenbed_exhaustive_max-num-features-4096_distortion_corrected/images/frame_0067.jpg
Loading /Users/bc/brendanchambers/2026-06-18-iphone-video-to-splat/data/intermediates/gardenbed_exhaustive_max-num-features-4096_distortion_corrected/images/frame_0028.jpg
Loading /Users/bc/brendanchambers/2026-06-18-iphone-video-to-splat/data/intermediates/gardenbed_exhaustive_max-num-features-4096_distortion_corrected/images/frame_0041.jpg
Loading /Users/bc/brendanchambers/2026-06-18-iphone-video-to-splat/data/intermediates/gardenbed_exhaustive_max-num-features-4096_distortion_corrected/images/frame_0055.jpg
Loading /Users/bc/brendanchambers/2026-06-18-iphone-video-to-splat/data/intermediates/gardenbed_exhaustive_max-num-features-4096_distortion_corrected/images/frame_0094.jpg
Loading /Users/bc/brendanchambers/2026-06-18-iphone-video-to-splat/data/intermediates/gardenbed_exhaustive_max-num-features-4096_distortion_corrected/images/frame_0120.jpg
Loading /Users/bc/brendanchambers/2026-06-18-iphone-video-to-splat/data/intermediates/gardenbed_exhaustive_max-num-features-4096_distortion_corrected/images/frame_0068.jpg
Loading /Users/bc/brendanchambers/2026-06-18-iphone-video-to-splat/data/intermediates/gardenbed_exhaustive_max-num-features-4096_distortion_corrected/images/frame_0016.jpg
Loading /Users/bc/brendanchambers/2026-06-18-iphone-video-to-splat/data/intermediates/gardenbed_exhaustive_max-num-features-4096_distortion_corrected/images/frame_0003.jpg
Loading /Users/bc/brendanchambers/2026-06-18-iphone-video-to-splat/data/intermediates/gardenbed_exhaustive_max-num-features-4096_distortion_corrected/images/frame_0107.jpg
Loading /Users/bc/brendanchambers/2026-06-18-iphone-video-to-splat/data/intermediates/gardenbed_exhaustive_max-num-features-4096_distortion_corrected/images/frame_0081.jpg
Loading /Users/bc/brendanchambers/2026-06-18-iphone-video-to-splat/data/intermediates/gardenbed_exhaustive_max-num-features-4096_distortion_corrected/images/frame_0042.jpg
Loading /Users/bc/brendanchambers/2026-06-18-iphone-video-to-splat/data/intermediates/gardenbed_exhaustive_max-num-features-4096_distortion_corrected/images/frame_0029.jpg
Loading /Users/bc/brendanchambers/2026-06-18-iphone-video-to-splat/data/intermediates/gardenbed_exhaustive_max-num-features-4096_distortion_corrected/images/frame_0056.jpg
Loading /Users/bc/brendanchambers/2026-06-18-iphone-video-to-splat/data/intermediates/gardenbed_exhaustive_max-num-features-4096_distortion_corrected/images/frame_0108.jpg
Loading /Users/bc/brendanchambers/2026-06-18-iphone-video-to-splat/data/intermediates/gardenbed_exhaustive_max-num-features-4096_distortion_corrected/images/frame_0069.jpg
Loading /Users/bc/brendanchambers/2026-06-18-iphone-video-to-splat/data/intermediates/gardenbed_exhaustive_max-num-features-4096_distortion_corrected/images/frame_0030.jpg
Loading /Users/bc/brendanchambers/2026-06-18-iphone-video-to-splat/data/intermediates/gardenbed_exhaustive_max-num-features-4096_distortion_corrected/images/frame_0095.jpg
Loading /Users/bc/brendanchambers/2026-06-18-iphone-video-to-splat/data/intermediates/gardenbed_exhaustive_max-num-features-4096_distortion_corrected/images/frame_0082.jpg
Loading /Users/bc/brendanchambers/2026-06-18-iphone-video-to-splat/data/intermediates/gardenbed_exhaustive_max-num-features-4096_distortion_corrected/images/frame_0043.jpg
Loading /Users/bc/brendanchambers/2026-06-18-iphone-video-to-splat/data/intermediates/gardenbed_exhaustive_max-num-features-4096_distortion_corrected/images/frame_0004.jpg
Loading /Users/bc/brendanchambers/2026-06-18-iphone-video-to-splat/data/intermediates/gardenbed_exhaustive_max-num-features-4096_distortion_corrected/images/frame_0121.jpg
Loading /Users/bc/brendanchambers/2026-06-18-iphone-video-to-splat/data/intermediates/gardenbed_exhaustive_max-num-features-4096_distortion_corrected/images/frame_0057.jpg
Loading /Users/bc/brendanchambers/2026-06-18-iphone-video-to-splat/data/intermediates/gardenbed_exhaustive_max-num-features-4096_distortion_corrected/images/frame_0083.jpg
Loading /Users/bc/brendanchambers/2026-06-18-iphone-video-to-splat/data/intermediates/gardenbed_exhaustive_max-num-features-4096_distortion_corrected/images/frame_0017.jpg
Loading /Users/bc/brendanchambers/2026-06-18-iphone-video-to-splat/data/intermediates/gardenbed_exhaustive_max-num-features-4096_distortion_corrected/images/frame_0070.jpg
Loading /Users/bc/brendanchambers/2026-06-18-iphone-video-to-splat/data/intermediates/gardenbed_exhaustive_max-num-features-4096_distortion_corrected/images/frame_0031.jpg
Loading /Users/bc/brendanchambers/2026-06-18-iphone-video-to-splat/data/intermediates/gardenbed_exhaustive_max-num-features-4096_distortion_corrected/images/frame_0044.jpg
Loading /Users/bc/brendanchambers/2026-06-18-iphone-video-to-splat/data/intermediates/gardenbed_exhaustive_max-num-features-4096_distortion_corrected/images/frame_0109.jpg
Loading /Users/bc/brendanchambers/2026-06-18-iphone-video-to-splat/data/intermediates/gardenbed_exhaustive_max-num-features-4096_distortion_corrected/images/frame_0084.jpg
Loading /Users/bc/brendanchambers/2026-06-18-iphone-video-to-splat/data/intermediates/gardenbed_exhaustive_max-num-features-4096_distortion_corrected/images/frame_0005.jpg
Loading /Users/bc/brendanchambers/2026-06-18-iphone-video-to-splat/data/intermediates/gardenbed_exhaustive_max-num-features-4096_distortion_corrected/images/frame_0018.jpg
Loading /Users/bc/brendanchambers/2026-06-18-iphone-video-to-splat/data/intermediates/gardenbed_exhaustive_max-num-features-4096_distortion_corrected/images/frame_0096.jpg
Loading /Users/bc/brendanchambers/2026-06-18-iphone-video-to-splat/data/intermediates/gardenbed_exhaustive_max-num-features-4096_distortion_corrected/images/frame_0058.jpg
Loading /Users/bc/brendanchambers/2026-06-18-iphone-video-to-splat/data/intermediates/gardenbed_exhaustive_max-num-features-4096_distortion_corrected/images/frame_0071.jpg
Loading /Users/bc/brendanchambers/2026-06-18-iphone-video-to-splat/data/intermediates/gardenbed_exhaustive_max-num-features-4096_distortion_corrected/images/frame_0122.jpg
Loading /Users/bc/brendanchambers/2026-06-18-iphone-video-to-splat/data/intermediates/gardenbed_exhaustive_max-num-features-4096_distortion_corrected/images/frame_0045.jpg
Loading /Users/bc/brendanchambers/2026-06-18-iphone-video-to-splat/data/intermediates/gardenbed_exhaustive_max-num-features-4096_distortion_corrected/images/frame_0110.jpg
Loading /Users/bc/brendanchambers/2026-06-18-iphone-video-to-splat/data/intermediates/gardenbed_exhaustive_max-num-features-4096_distortion_corrected/images/frame_0032.jpg
Loading /Users/bc/brendanchambers/2026-06-18-iphone-video-to-splat/data/intermediates/gardenbed_exhaustive_max-num-features-4096_distortion_corrected/images/frame_0085.jpg
Loading /Users/bc/brendanchambers/2026-06-18-iphone-video-to-splat/data/intermediates/gardenbed_exhaustive_max-num-features-4096_distortion_corrected/images/frame_0097.jpg
Loading /Users/bc/brendanchambers/2026-06-18-iphone-video-to-splat/data/intermediates/gardenbed_exhaustive_max-num-features-4096_distortion_corrected/images/frame_0072.jpg
Loading /Users/bc/brendanchambers/2026-06-18-iphone-video-to-splat/data/intermediates/gardenbed_exhaustive_max-num-features-4096_distortion_corrected/images/frame_0059.jpg
Loading /Users/bc/brendanchambers/2026-06-18-iphone-video-to-splat/data/intermediates/gardenbed_exhaustive_max-num-features-4096_distortion_corrected/images/frame_0019.jpg
Loading /Users/bc/brendanchambers/2026-06-18-iphone-video-to-splat/data/intermediates/gardenbed_exhaustive_max-num-features-4096_distortion_corrected/images/frame_0111.jpg
Loading /Users/bc/brendanchambers/2026-06-18-iphone-video-to-splat/data/intermediates/gardenbed_exhaustive_max-num-features-4096_distortion_corrected/images/frame_0123.jpgLoading /Users/bc/brendanchambers/2026-06-18-iphone-video-to-splat/data/intermediates/gardenbed_exhaustive_max-num-features-4096_distortion_corrected/images/frame_0006.jpg

Loading /Users/bc/brendanchambers/2026-06-18-iphone-video-to-splat/data/intermediates/gardenbed_exhaustive_max-num-features-4096_distortion_corrected/images/frame_0086.jpg
Loading /Users/bc/brendanchambers/2026-06-18-iphone-video-to-splat/data/intermediates/gardenbed_exhaustive_max-num-features-4096_distortion_corrected/images/frame_0073.jpg
Loading /Users/bc/brendanchambers/2026-06-18-iphone-video-to-splat/data/intermediates/gardenbed_exhaustive_max-num-features-4096_distortion_corrected/images/frame_0046.jpg
Loading /Users/bc/brendanchambers/2026-06-18-iphone-video-to-splat/data/intermediates/gardenbed_exhaustive_max-num-features-4096_distortion_corrected/images/frame_0098.jpg
Loading /Users/bc/brendanchambers/2026-06-18-iphone-video-to-splat/data/intermediates/gardenbed_exhaustive_max-num-features-4096_distortion_corrected/images/frame_0020.jpg
Loading /Users/bc/brendanchambers/2026-06-18-iphone-video-to-splat/data/intermediates/gardenbed_exhaustive_max-num-features-4096_distortion_corrected/images/frame_0007.jpg
Loading /Users/bc/brendanchambers/2026-06-18-iphone-video-to-splat/data/intermediates/gardenbed_exhaustive_max-num-features-4096_distortion_corrected/images/frame_0033.jpg
Loading /Users/bc/brendanchambers/2026-06-18-iphone-video-to-splat/data/intermediates/gardenbed_exhaustive_max-num-features-4096_distortion_corrected/images/frame_0124.jpg
Loading /Users/bc/brendanchambers/2026-06-18-iphone-video-to-splat/data/intermediates/gardenbed_exhaustive_max-num-features-4096_distortion_corrected/images/frame_0074.jpg
Loading /Users/bc/brendanchambers/2026-06-18-iphone-video-to-splat/data/intermediates/gardenbed_exhaustive_max-num-features-4096_distortion_corrected/images/frame_0112.jpg
Loading /Users/bc/brendanchambers/2026-06-18-iphone-video-to-splat/data/intermediates/gardenbed_exhaustive_max-num-features-4096_distortion_corrected/images/frame_0087.jpg
Loading /Users/bc/brendanchambers/2026-06-18-iphone-video-to-splat/data/intermediates/gardenbed_exhaustive_max-num-features-4096_distortion_corrected/images/frame_0060.jpg
Loading /Users/bc/brendanchambers/2026-06-18-iphone-video-to-splat/data/intermediates/gardenbed_exhaustive_max-num-features-4096_distortion_corrected/images/frame_0099.jpg
Loading /Users/bc/brendanchambers/2026-06-18-iphone-video-to-splat/data/intermediates/gardenbed_exhaustive_max-num-features-4096_distortion_corrected/images/frame_0047.jpg
Loading /Users/bc/brendanchambers/2026-06-18-iphone-video-to-splat/data/intermediates/gardenbed_exhaustive_max-num-features-4096_distortion_corrected/images/frame_0008.jpg
Loading /Users/bc/brendanchambers/2026-06-18-iphone-video-to-splat/data/intermediates/gardenbed_exhaustive_max-num-features-4096_distortion_corrected/images/frame_0075.jpg
Loading /Users/bc/brendanchambers/2026-06-18-iphone-video-to-splat/data/intermediates/gardenbed_exhaustive_max-num-features-4096_distortion_corrected/images/frame_0061.jpg
Loading /Users/bc/brendanchambers/2026-06-18-iphone-video-to-splat/data/intermediates/gardenbed_exhaustive_max-num-features-4096_distortion_corrected/images/frame_0034.jpg
Loading /Users/bc/brendanchambers/2026-06-18-iphone-video-to-splat/data/intermediates/gardenbed_exhaustive_max-num-features-4096_distortion_corrected/images/frame_0021.jpg
Loading /Users/bc/brendanchambers/2026-06-18-iphone-video-to-splat/data/intermediates/gardenbed_exhaustive_max-num-features-4096_distortion_corrected/images/frame_0113.jpg
Loading /Users/bc/brendanchambers/2026-06-18-iphone-video-to-splat/data/intermediates/gardenbed_exhaustive_max-num-features-4096_distortion_corrected/images/frame_0088.jpg
Loading /Users/bc/brendanchambers/2026-06-18-iphone-video-to-splat/data/intermediates/gardenbed_exhaustive_max-num-features-4096_distortion_corrected/images/frame_0076.jpg
Loading /Users/bc/brendanchambers/2026-06-18-iphone-video-to-splat/data/intermediates/gardenbed_exhaustive_max-num-features-4096_distortion_corrected/images/frame_0048.jpg
Loading /Users/bc/brendanchambers/2026-06-18-iphone-video-to-splat/data/intermediates/gardenbed_exhaustive_max-num-features-4096_distortion_corrected/images/frame_0100.jpg
Loading /Users/bc/brendanchambers/2026-06-18-iphone-video-to-splat/data/intermediates/gardenbed_exhaustive_max-num-features-4096_distortion_corrected/images/frame_0035.jpg
Loading /Users/bc/brendanchambers/2026-06-18-iphone-video-to-splat/data/intermediates/gardenbed_exhaustive_max-num-features-4096_distortion_corrected/images/frame_0089.jpg
Loading /Users/bc/brendanchambers/2026-06-18-iphone-video-to-splat/data/intermediates/gardenbed_exhaustive_max-num-features-4096_distortion_corrected/images/frame_0009.jpg
Loading /Users/bc/brendanchambers/2026-06-18-iphone-video-to-splat/data/intermediates/gardenbed_exhaustive_max-num-features-4096_distortion_corrected/images/frame_0077.jpg
Loading /Users/bc/brendanchambers/2026-06-18-iphone-video-to-splat/data/intermediates/gardenbed_exhaustive_max-num-features-4096_distortion_corrected/images/frame_0022.jpg
Loading /Users/bc/brendanchambers/2026-06-18-iphone-video-to-splat/data/intermediates/gardenbed_exhaustive_max-num-features-4096_distortion_corrected/images/frame_0062.jpg
Loading /Users/bc/brendanchambers/2026-06-18-iphone-video-to-splat/data/intermediates/gardenbed_exhaustive_max-num-features-4096_distortion_corrected/images/frame_0036.jpg
Loading /Users/bc/brendanchambers/2026-06-18-iphone-video-to-splat/data/intermediates/gardenbed_exhaustive_max-num-features-4096_distortion_corrected/images/frame_0114.jpg
Loading /Users/bc/brendanchambers/2026-06-18-iphone-video-to-splat/data/intermediates/gardenbed_exhaustive_max-num-features-4096_distortion_corrected/images/frame_0010.jpg
Loading /Users/bc/brendanchambers/2026-06-18-iphone-video-to-splat/data/intermediates/gardenbed_exhaustive_max-num-features-4096_distortion_corrected/images/frame_0078.jpg
Loading /Users/bc/brendanchambers/2026-06-18-iphone-video-to-splat/data/intermediates/gardenbed_exhaustive_max-num-features-4096_distortion_corrected/images/frame_0049.jpg
Loading /Users/bc/brendanchambers/2026-06-18-iphone-video-to-splat/data/intermediates/gardenbed_exhaustive_max-num-features-4096_distortion_corrected/images/frame_0023.jpg
Loading /Users/bc/brendanchambers/2026-06-18-iphone-video-to-splat/data/intermediates/gardenbed_exhaustive_max-num-features-4096_distortion_corrected/images/frame_0063.jpg
Loading /Users/bc/brendanchambers/2026-06-18-iphone-video-to-splat/data/intermediates/gardenbed_exhaustive_max-num-features-4096_distortion_corrected/images/frame_0101.jpg
Loading /Users/bc/brendanchambers/2026-06-18-iphone-video-to-splat/data/intermediates/gardenbed_exhaustive_max-num-features-4096_distortion_corrected/images/frame_0090.jpg
Loading /Users/bc/brendanchambers/2026-06-18-iphone-video-to-splat/data/intermediates/gardenbed_exhaustive_max-num-features-4096_distortion_corrected/images/frame_0115.jpg
Loading /Users/bc/brendanchambers/2026-06-18-iphone-video-to-splat/data/intermediates/gardenbed_exhaustive_max-num-features-4096_distortion_corrected/images/frame_0050.jpg
Loading /Users/bc/brendanchambers/2026-06-18-iphone-video-to-splat/data/intermediates/gardenbed_exhaustive_max-num-features-4096_distortion_corrected/images/frame_0024.jpg
Loading /Users/bc/brendanchambers/2026-06-18-iphone-video-to-splat/data/intermediates/gardenbed_exhaustive_max-num-features-4096_distortion_corrected/images/frame_0037.jpg
Loading /Users/bc/brendanchambers/2026-06-18-iphone-video-to-splat/data/intermediates/gardenbed_exhaustive_max-num-features-4096_distortion_corrected/images/frame_0064.jpg
Loading /Users/bc/brendanchambers/2026-06-18-iphone-video-to-splat/data/intermediates/gardenbed_exhaustive_max-num-features-4096_distortion_corrected/images/frame_0102.jpg
Loading /Users/bc/brendanchambers/2026-06-18-iphone-video-to-splat/data/intermediates/gardenbed_exhaustive_max-num-features-4096_distortion_corrected/images/frame_0116.jpg
Loading /Users/bc/brendanchambers/2026-06-18-iphone-video-to-splat/data/intermediates/gardenbed_exhaustive_max-num-features-4096_distortion_corrected/images/frame_0091.jpg
Loading /Users/bc/brendanchambers/2026-06-18-iphone-video-to-splat/data/intermediates/gardenbed_exhaustive_max-num-features-4096_distortion_corrected/images/frame_0011.jpg
Loading /Users/bc/brendanchambers/2026-06-18-iphone-video-to-splat/data/intermediates/gardenbed_exhaustive_max-num-features-4096_distortion_corrected/images/frame_0051.jpg
Loading /Users/bc/brendanchambers/2026-06-18-iphone-video-to-splat/data/intermediates/gardenbed_exhaustive_max-num-features-4096_distortion_corrected/images/frame_0065.jpg
Loading /Users/bc/brendanchambers/2026-06-18-iphone-video-to-splat/data/intermediates/gardenbed_exhaustive_max-num-features-4096_distortion_corrected/images/frame_0117.jpg
Loading /Users/bc/brendanchambers/2026-06-18-iphone-video-to-splat/data/intermediates/gardenbed_exhaustive_max-num-features-4096_distortion_corrected/images/frame_0103.jpg
Loading /Users/bc/brendanchambers/2026-06-18-iphone-video-to-splat/data/intermediates/gardenbed_exhaustive_max-num-features-4096_distortion_corrected/images/frame_0025.jpg
Loading /Users/bc/brendanchambers/2026-06-18-iphone-video-to-splat/data/intermediates/gardenbed_exhaustive_max-num-features-4096_distortion_corrected/images/frame_0052.jpg
Loading /Users/bc/brendanchambers/2026-06-18-iphone-video-to-splat/data/intermediates/gardenbed_exhaustive_max-num-features-4096_distortion_corrected/images/frame_0012.jpg
Loading /Users/bc/brendanchambers/2026-06-18-iphone-video-to-splat/data/intermediates/gardenbed_exhaustive_max-num-features-4096_distortion_corrected/images/frame_0038.jpg
Loading /Users/bc/brendanchambers/2026-06-18-iphone-video-to-splat/data/intermediates/gardenbed_exhaustive_max-num-features-4096_distortion_corrected/images/frame_0104.jpg
Loading /Users/bc/brendanchambers/2026-06-18-iphone-video-to-splat/data/intermediates/gardenbed_exhaustive_max-num-features-4096_distortion_corrected/images/frame_0026.jpg
Loading /Users/bc/brendanchambers/2026-06-18-iphone-video-to-splat/data/intermediates/gardenbed_exhaustive_max-num-features-4096_distortion_corrected/images/frame_0013.jpg
Loading /Users/bc/brendanchambers/2026-06-18-iphone-video-to-splat/data/intermediates/gardenbed_exhaustive_max-num-features-4096_distortion_corrected/images/frame_0039.jpg
init_gsplat_metal_context: loading '/Users/bc/brendanchambers/2026-06-18-iphone-video-to-splat/opensplat/build/default.metallib'
init_gsplat_metal_context: loaded '/Users/bc/brendanchambers/2026-06-18-iphone-video-to-splat/opensplat/build/default.metallib', functions: compute_cov2d_bounds_kernel, project_gaussians_backward_kernel, get_tile_bin_edges_kernel, rasterize_backward_kernel, map_gaussian_to_intersects_kernel, nd_rasterize_backward_kernel, project_gaussians_forward_kernel, compute_sh_backward_kernel, compute_sh_forward_kernel, nd_rasterize_forward_kernel
init_gsplat_metal_context: load function nd_rasterize_backward_kernel with label: (null)
init_gsplat_metal_context: load function nd_rasterize_forward_kernel with label: (null)
init_gsplat_metal_context: load function rasterize_backward_kernel with label: (null)
init_gsplat_metal_context: load function project_gaussians_forward_kernel with label: (null)
init_gsplat_metal_context: load function project_gaussians_backward_kernel with label: (null)
init_gsplat_metal_context: load function compute_sh_forward_kernel with label: (null)
init_gsplat_metal_context: load function compute_sh_backward_kernel with label: (null)
init_gsplat_metal_context: load function compute_cov2d_bounds_kernel with label: (null)
init_gsplat_metal_context: load function map_gaussian_to_intersects_kernel with label: (null)
init_gsplat_metal_context: load function get_tile_bin_edges_kernel with label: (null)
Step 10: 0.491411 (0%)
Step 20: 0.52966 (1%)
Step 30: 0.475024 (2%)
Step 40: 0.457993 (2%)
Step 50: 0.479012 (3%)
Step 60: 0.456743 (4%)
Step 70: 0.437731 (4%)
Step 80: 0.410347 (5%)
Step 90: 0.382687 (6%)
Step 100: 0.388752 (6%)
Step 110: 0.360019 (7%)
Step 120: 0.438296 (8%)
Step 130: 0.395129 (8%)
Step 140: 0.36313 (9%)
Step 150: 0.428773 (10%)
Step 160: 0.42169 (10%)
Step 170: 0.356091 (11%)
Step 180: 0.374594 (12%)
Step 190: 0.439578 (12%)
Step 200: 0.399993 (13%)
Step 210: 0.364751 (14%)
Step 220: 0.397529 (14%)
Step 230: 0.349221 (15%)
Step 240: 0.422533 (16%)
Step 250: 0.326927 (16%)
Step 260: 0.355245 (17%)
Step 270: 0.376879 (18%)
Step 280: 0.375836 (18%)
Step 290: 0.348646 (19%)
Step 300: 0.227305 (20%)
Step 310: 0.318459 (20%)
Step 320: 0.419215 (21%)
Step 330: 0.285119 (22%)
Step 340: 0.337298 (22%)
Step 350: 0.303711 (23%)
Step 360: 0.30899 (24%)
Step 370: 0.327481 (24%)
Step 380: 0.31675 (25%)
Step 390: 0.288312 (26%)
Step 400: 0.318263 (26%)
Step 410: 0.302245 (27%)
Step 420: 0.298925 (28%)
Step 430: 0.365595 (28%)
Step 440: 0.297109 (29%)
Step 450: 0.438533 (30%)
Step 460: 0.271235 (30%)
Step 470: 0.267609 (31%)
Step 480: 0.386912 (32%)
Step 490: 0.332181 (32%)
Step 500: 0.293576 (33%)
Step 510: 0.210638 (34%)
Step 520: 0.39488 (34%)
Step 530: 0.343838 (35%)
Step 540: 0.240673 (36%)
Step 550: 0.371037 (36%)
Step 560: 0.269994 (37%)
Step 570: 0.234916 (38%)
Step 580: 0.32105 (38%)
Step 590: 0.257987 (39%)
Step 600: 0.286524 (40%)
Added 40983 gaussians, new count 95076
Culled 29179 gaussians, remaining 65897
Step 610: 0.34206 (40%)
Step 620: 0.313864 (41%)
Step 630: 0.276121 (42%)
Step 640: 0.284029 (42%)
Step 650: 0.340222 (43%)
Step 660: 0.339358 (44%)
Step 670: 0.269127 (44%)
Step 680: 0.253712 (45%)
Step 690: 0.329939 (46%)
Step 700: 0.220201 (46%)
Added 66132 gaussians, new count 132029
Culled 17402 gaussians, remaining 114627
Step 710: 0.327264 (47%)
Step 720: 0.326826 (48%)
Step 730: 0.327751 (48%)
Step 740: 0.364769 (49%)
Step 750: 0.319268 (50%)
Step 760: 0.227821 (50%)
Step 770: 0.325055 (51%)
Step 780: 0.266229 (52%)
Step 790: 0.198188 (52%)
Step 800: 0.289864 (53%)
Step 810: 0.251853 (54%)
Step 820: 0.237107 (54%)
Step 830: 0.324103 (55%)
Step 840: 0.247928 (56%)
Step 850: 0.273048 (56%)
Step 860: 0.302394 (57%)
Step 870: 0.292211 (58%)
Step 880: 0.212755 (58%)
Step 890: 0.24792 (59%)
Step 900: 0.228429 (60%)
Step 910: 0.286614 (60%)
Step 920: 0.233877 (61%)
Step 930: 0.333548 (62%)
Step 940: 0.26048 (62%)
Step 950: 0.277135 (63%)
Step 960: 0.268233 (64%)
Step 970: 0.232912 (64%)
Step 980: 0.234441 (65%)
Step 990: 0.227584 (66%)
Step 1000: 0.155325 (66%)
Step 1010: 0.202919 (67%)
Step 1020: 0.168702 (68%)
Step 1030: 0.292447 (68%)
Step 1040: 0.228613 (69%)
Step 1050: 0.215793 (70%)
Step 1060: 0.224015 (70%)
Step 1070: 0.222972 (71%)
Step 1080: 0.224415 (72%)
Step 1090: 0.272088 (72%)
Step 1100: 0.317701 (73%)
Step 1110: 0.188698 (74%)
Step 1120: 0.193644 (74%)
Step 1130: 0.324835 (75%)
Step 1140: 0.236278 (76%)
Step 1150: 0.199142 (76%)
Step 1160: 0.19658 (77%)
Step 1170: 0.184159 (78%)
Step 1180: 0.15121 (78%)
Step 1190: 0.211843 (79%)
Step 1200: 0.180558 (80%)
Step 1210: 0.228903 (80%)
Step 1220: 0.213547 (81%)
Step 1230: 0.21015 (82%)
Step 1240: 0.230146 (82%)
Step 1250: 0.191639 (83%)
Step 1260: 0.281881 (84%)
Step 1270: 0.209639 (84%)
Step 1280: 0.207399 (85%)
Step 1290: 0.291291 (86%)
Step 1300: 0.266717 (86%)
Step 1310: 0.314835 (87%)
Step 1320: 0.243072 (88%)
Step 1330: 0.255155 (88%)
Step 1340: 0.242325 (89%)
Step 1350: 0.242533 (90%)
Step 1360: 0.198346 (90%)
Step 1370: 0.32669 (91%)
Step 1380: 0.253231 (92%)
Step 1390: 0.203891 (92%)
Step 1400: 0.289018 (93%)
Step 1410: 0.203057 (94%)
Step 1420: 0.240481 (94%)
Step 1430: 0.230665 (95%)
Step 1440: 0.207786 (96%)
Step 1450: 0.20044 (96%)
Step 1460: 0.181109 (97%)
Step 1470: 0.177736 (98%)
Step 1480: 0.132208 (98%)
Step 1490: 0.251533 (99%)
Step 1500: 0.244404 (100%)
Wrote /Users/bc/brendanchambers/2026-06-18-iphone-video-to-splat/data/intermediates/gardenbed_exhaustive_max-num-features-4096_distortion_corrected/splats/1500steps_20260620_1744/cameras.json
Wrote /Users/bc/brendanchambers/2026-06-18-iphone-video-to-splat/data/intermediates/gardenbed_exhaustive_max-num-features-4096_distortion_corrected/splats/1500steps_20260620_1744/gardenbed_exhaustive.ply
/Users/bc/brendanchambers/2026-06-18-iphone-video-to-splat/data/intermediates/gardenbed_exhaustive_max-num-features-4096_distortion_corrected/images/frame_0032.jpg validation loss: 0.22305
Training complete! Output saved to /Users/bc/brendanchambers/2026-06-18-iphone-video-to-splat/data/intermediates/gardenbed_exhaustive_max-num-features-4096_distortion_corrected/splats/1500steps_20260620_1744/gardenbed_exhaustive.ply
Training log saved to /Users/bc/brendanchambers/2026-06-18-iphone-video-to-splat/logs/opensplat_pipeline.log
