Starting OpenSplat training on M4 Metal GPU...
Logging to: /Users/bc/brendanchambers/2026-06-18-iphone-video-to-splat/logs/opensplat_pipeline.log
Output will be saved to: /Users/bc/brendanchambers/2026-06-18-iphone-video-to-splat/data/intermediates/gardenbed_sequential_max-num-features-4096_distortion_corrected/splats/1500steps_20260620_1744/gardenbed_sequential.ply
Validation enabled: true (image: frame_0032.jpg)
Using MPS
Reading 52190 points
Loading /Users/bc/brendanchambers/2026-06-18-iphone-video-to-splat/data/intermediates/gardenbed_sequential_max-num-features-4096_distortion_corrected/images/frame_0001.jpg
Loading /Users/bc/brendanchambers/2026-06-18-iphone-video-to-splat/data/intermediates/gardenbed_sequential_max-num-features-4096_distortion_corrected/images/frame_0027.jpg
Loading /Users/bc/brendanchambers/2026-06-18-iphone-video-to-splat/data/intermediates/gardenbed_sequential_max-num-features-4096_distortion_corrected/images/frame_0014.jpg
Loading /Users/bc/brendanchambers/2026-06-18-iphone-video-to-splat/data/intermediates/gardenbed_sequential_max-num-features-4096_distortion_corrected/images/frame_0053.jpg
Loading /Users/bc/brendanchambers/2026-06-18-iphone-video-to-splat/data/intermediates/gardenbed_sequential_max-num-features-4096_distortion_corrected/images/frame_0066.jpg
Loading /Users/bc/brendanchambers/2026-06-18-iphone-video-to-splat/data/intermediates/gardenbed_sequential_max-num-features-4096_distortion_corrected/images/frame_0040.jpg
Loading /Users/bc/brendanchambers/2026-06-18-iphone-video-to-splat/data/intermediates/gardenbed_sequential_max-num-features-4096_distortion_corrected/images/frame_0079.jpg
Loading /Users/bc/brendanchambers/2026-06-18-iphone-video-to-splat/data/intermediates/gardenbed_sequential_max-num-features-4096_distortion_corrected/images/frame_0092.jpg
Loading /Users/bc/brendanchambers/2026-06-18-iphone-video-to-splat/data/intermediates/gardenbed_sequential_max-num-features-4096_distortion_corrected/images/frame_0118.jpg
Loading /Users/bc/brendanchambers/2026-06-18-iphone-video-to-splat/data/intermediates/gardenbed_sequential_max-num-features-4096_distortion_corrected/images/frame_0105.jpg
Loading /Users/bc/brendanchambers/2026-06-18-iphone-video-to-splat/data/intermediates/gardenbed_sequential_max-num-features-4096_distortion_corrected/images/frame_0028.jpg
Loading /Users/bc/brendanchambers/2026-06-18-iphone-video-to-splat/data/intermediates/gardenbed_sequential_max-num-features-4096_distortion_corrected/images/frame_0080.jpg
Loading /Users/bc/brendanchambers/2026-06-18-iphone-video-to-splat/data/intermediates/gardenbed_sequential_max-num-features-4096_distortion_corrected/images/frame_0015.jpg
Loading /Users/bc/brendanchambers/2026-06-18-iphone-video-to-splat/data/intermediates/gardenbed_sequential_max-num-features-4096_distortion_corrected/images/frame_0067.jpg
Loading /Users/bc/brendanchambers/2026-06-18-iphone-video-to-splat/data/intermediates/gardenbed_sequential_max-num-features-4096_distortion_corrected/images/frame_0106.jpg
Loading /Users/bc/brendanchambers/2026-06-18-iphone-video-to-splat/data/intermediates/gardenbed_sequential_max-num-features-4096_distortion_corrected/images/frame_0041.jpg
Loading /Users/bc/brendanchambers/2026-06-18-iphone-video-to-splat/data/intermediates/gardenbed_sequential_max-num-features-4096_distortion_corrected/images/frame_0002.jpg
Loading /Users/bc/brendanchambers/2026-06-18-iphone-video-to-splat/data/intermediates/gardenbed_sequential_max-num-features-4096_distortion_corrected/images/frame_0093.jpg
Loading /Users/bc/brendanchambers/2026-06-18-iphone-video-to-splat/data/intermediates/gardenbed_sequential_max-num-features-4096_distortion_corrected/images/frame_0054.jpg
Loading /Users/bc/brendanchambers/2026-06-18-iphone-video-to-splat/data/intermediates/gardenbed_sequential_max-num-features-4096_distortion_corrected/images/frame_0119.jpg
Loading /Users/bc/brendanchambers/2026-06-18-iphone-video-to-splat/data/intermediates/gardenbed_sequential_max-num-features-4096_distortion_corrected/images/frame_0029.jpg
Loading /Users/bc/brendanchambers/2026-06-18-iphone-video-to-splat/data/intermediates/gardenbed_sequential_max-num-features-4096_distortion_corrected/images/frame_0081.jpg
Loading /Users/bc/brendanchambers/2026-06-18-iphone-video-to-splat/data/intermediates/gardenbed_sequential_max-num-features-4096_distortion_corrected/images/frame_0120.jpg
Loading /Users/bc/brendanchambers/2026-06-18-iphone-video-to-splat/data/intermediates/gardenbed_sequential_max-num-features-4096_distortion_corrected/images/frame_0107.jpg
Loading /Users/bc/brendanchambers/2026-06-18-iphone-video-to-splat/data/intermediates/gardenbed_sequential_max-num-features-4096_distortion_corrected/images/frame_0068.jpg
Loading /Users/bc/brendanchambers/2026-06-18-iphone-video-to-splat/data/intermediates/gardenbed_sequential_max-num-features-4096_distortion_corrected/images/frame_0094.jpg
Loading /Users/bc/brendanchambers/2026-06-18-iphone-video-to-splat/data/intermediates/gardenbed_sequential_max-num-features-4096_distortion_corrected/images/frame_0042.jpg
Loading /Users/bc/brendanchambers/2026-06-18-iphone-video-to-splat/data/intermediates/gardenbed_sequential_max-num-features-4096_distortion_corrected/images/frame_0016.jpg
Loading /Users/bc/brendanchambers/2026-06-18-iphone-video-to-splat/data/intermediates/gardenbed_sequential_max-num-features-4096_distortion_corrected/images/frame_0055.jpg
Loading /Users/bc/brendanchambers/2026-06-18-iphone-video-to-splat/data/intermediates/gardenbed_sequential_max-num-features-4096_distortion_corrected/images/frame_0003.jpg
Loading /Users/bc/brendanchambers/2026-06-18-iphone-video-to-splat/data/intermediates/gardenbed_sequential_max-num-features-4096_distortion_corrected/images/frame_0082.jpg
Loading /Users/bc/brendanchambers/2026-06-18-iphone-video-to-splat/data/intermediates/gardenbed_sequential_max-num-features-4096_distortion_corrected/images/frame_0121.jpg
Loading /Users/bc/brendanchambers/2026-06-18-iphone-video-to-splat/data/intermediates/gardenbed_sequential_max-num-features-4096_distortion_corrected/images/frame_0030.jpg
Loading /Users/bc/brendanchambers/2026-06-18-iphone-video-to-splat/data/intermediates/gardenbed_sequential_max-num-features-4096_distortion_corrected/images/frame_0069.jpg
Loading /Users/bc/brendanchambers/2026-06-18-iphone-video-to-splat/data/intermediates/gardenbed_sequential_max-num-features-4096_distortion_corrected/images/frame_0017.jpg
Loading /Users/bc/brendanchambers/2026-06-18-iphone-video-to-splat/data/intermediates/gardenbed_sequential_max-num-features-4096_distortion_corrected/images/frame_0108.jpg
Loading /Users/bc/brendanchambers/2026-06-18-iphone-video-to-splat/data/intermediates/gardenbed_sequential_max-num-features-4096_distortion_corrected/images/frame_0004.jpg
Loading /Users/bc/brendanchambers/2026-06-18-iphone-video-to-splat/data/intermediates/gardenbed_sequential_max-num-features-4096_distortion_corrected/images/frame_0043.jpg
Loading /Users/bc/brendanchambers/2026-06-18-iphone-video-to-splat/data/intermediates/gardenbed_sequential_max-num-features-4096_distortion_corrected/images/frame_0056.jpg
Loading /Users/bc/brendanchambers/2026-06-18-iphone-video-to-splat/data/intermediates/gardenbed_sequential_max-num-features-4096_distortion_corrected/images/frame_0095.jpg
Loading /Users/bc/brendanchambers/2026-06-18-iphone-video-to-splat/data/intermediates/gardenbed_sequential_max-num-features-4096_distortion_corrected/images/frame_0083.jpg
Loading /Users/bc/brendanchambers/2026-06-18-iphone-video-to-splat/data/intermediates/gardenbed_sequential_max-num-features-4096_distortion_corrected/images/frame_0031.jpg
Loading /Users/bc/brendanchambers/2026-06-18-iphone-video-to-splat/data/intermediates/gardenbed_sequential_max-num-features-4096_distortion_corrected/images/frame_0122.jpg
Loading /Users/bc/brendanchambers/2026-06-18-iphone-video-to-splat/data/intermediates/gardenbed_sequential_max-num-features-4096_distortion_corrected/images/frame_0109.jpg
Loading /Users/bc/brendanchambers/2026-06-18-iphone-video-to-splat/data/intermediates/gardenbed_sequential_max-num-features-4096_distortion_corrected/images/frame_0070.jpg
Loading /Users/bc/brendanchambers/2026-06-18-iphone-video-to-splat/data/intermediates/gardenbed_sequential_max-num-features-4096_distortion_corrected/images/frame_0110.jpg
Loading /Users/bc/brendanchambers/2026-06-18-iphone-video-to-splat/data/intermediates/gardenbed_sequential_max-num-features-4096_distortion_corrected/images/frame_0032.jpg
Loading /Users/bc/brendanchambers/2026-06-18-iphone-video-to-splat/data/intermediates/gardenbed_sequential_max-num-features-4096_distortion_corrected/images/frame_0018.jpg
Loading /Users/bc/brendanchambers/2026-06-18-iphone-video-to-splat/data/intermediates/gardenbed_sequential_max-num-features-4096_distortion_corrected/images/frame_0084.jpg
Loading /Users/bc/brendanchambers/2026-06-18-iphone-video-to-splat/data/intermediates/gardenbed_sequential_max-num-features-4096_distortion_corrected/images/frame_0057.jpg
Loading /Users/bc/brendanchambers/2026-06-18-iphone-video-to-splat/data/intermediates/gardenbed_sequential_max-num-features-4096_distortion_corrected/images/frame_0044.jpg
Loading /Users/bc/brendanchambers/2026-06-18-iphone-video-to-splat/data/intermediates/gardenbed_sequential_max-num-features-4096_distortion_corrected/images/frame_0071.jpg
Loading /Users/bc/brendanchambers/2026-06-18-iphone-video-to-splat/data/intermediates/gardenbed_sequential_max-num-features-4096_distortion_corrected/images/frame_0096.jpg
Loading /Users/bc/brendanchambers/2026-06-18-iphone-video-to-splat/data/intermediates/gardenbed_sequential_max-num-features-4096_distortion_corrected/images/frame_0005.jpg
Loading /Users/bc/brendanchambers/2026-06-18-iphone-video-to-splat/data/intermediates/gardenbed_sequential_max-num-features-4096_distortion_corrected/images/frame_0111.jpg
Loading /Users/bc/brendanchambers/2026-06-18-iphone-video-to-splat/data/intermediates/gardenbed_sequential_max-num-features-4096_distortion_corrected/images/frame_0123.jpg
Loading /Users/bc/brendanchambers/2026-06-18-iphone-video-to-splat/data/intermediates/gardenbed_sequential_max-num-features-4096_distortion_corrected/images/frame_0033.jpg
Loading /Users/bc/brendanchambers/2026-06-18-iphone-video-to-splat/data/intermediates/gardenbed_sequential_max-num-features-4096_distortion_corrected/images/frame_0019.jpg
Loading /Users/bc/brendanchambers/2026-06-18-iphone-video-to-splat/data/intermediates/gardenbed_sequential_max-num-features-4096_distortion_corrected/images/frame_0072.jpg
Loading /Users/bc/brendanchambers/2026-06-18-iphone-video-to-splat/data/intermediates/gardenbed_sequential_max-num-features-4096_distortion_corrected/images/frame_0085.jpg
Loading /Users/bc/brendanchambers/2026-06-18-iphone-video-to-splat/data/intermediates/gardenbed_sequential_max-num-features-4096_distortion_corrected/images/frame_0045.jpg
Loading /Users/bc/brendanchambers/2026-06-18-iphone-video-to-splat/data/intermediates/gardenbed_sequential_max-num-features-4096_distortion_corrected/images/frame_0097.jpg
Loading /Users/bc/brendanchambers/2026-06-18-iphone-video-to-splat/data/intermediates/gardenbed_sequential_max-num-features-4096_distortion_corrected/images/frame_0058.jpg
Loading /Users/bc/brendanchambers/2026-06-18-iphone-video-to-splat/data/intermediates/gardenbed_sequential_max-num-features-4096_distortion_corrected/images/frame_0006.jpg
Loading /Users/bc/brendanchambers/2026-06-18-iphone-video-to-splat/data/intermediates/gardenbed_sequential_max-num-features-4096_distortion_corrected/images/frame_0112.jpg
Loading /Users/bc/brendanchambers/2026-06-18-iphone-video-to-splat/data/intermediates/gardenbed_sequential_max-num-features-4096_distortion_corrected/images/frame_0086.jpg
Loading /Users/bc/brendanchambers/2026-06-18-iphone-video-to-splat/data/intermediates/gardenbed_sequential_max-num-features-4096_distortion_corrected/images/frame_0020.jpg
Loading /Users/bc/brendanchambers/2026-06-18-iphone-video-to-splat/data/intermediates/gardenbed_sequential_max-num-features-4096_distortion_corrected/images/frame_0124.jpg
Loading /Users/bc/brendanchambers/2026-06-18-iphone-video-to-splat/data/intermediates/gardenbed_sequential_max-num-features-4096_distortion_corrected/images/frame_0073.jpg
Loading /Users/bc/brendanchambers/2026-06-18-iphone-video-to-splat/data/intermediates/gardenbed_sequential_max-num-features-4096_distortion_corrected/images/frame_0098.jpg
Loading /Users/bc/brendanchambers/2026-06-18-iphone-video-to-splat/data/intermediates/gardenbed_sequential_max-num-features-4096_distortion_corrected/images/frame_0007.jpg
Loading /Users/bc/brendanchambers/2026-06-18-iphone-video-to-splat/data/intermediates/gardenbed_sequential_max-num-features-4096_distortion_corrected/images/frame_0034.jpg
Loading /Users/bc/brendanchambers/2026-06-18-iphone-video-to-splat/data/intermediates/gardenbed_sequential_max-num-features-4096_distortion_corrected/images/frame_0046.jpg
Loading /Users/bc/brendanchambers/2026-06-18-iphone-video-to-splat/data/intermediates/gardenbed_sequential_max-num-features-4096_distortion_corrected/images/frame_0113.jpg
Loading /Users/bc/brendanchambers/2026-06-18-iphone-video-to-splat/data/intermediates/gardenbed_sequential_max-num-features-4096_distortion_corrected/images/frame_0059.jpg
Loading /Users/bc/brendanchambers/2026-06-18-iphone-video-to-splat/data/intermediates/gardenbed_sequential_max-num-features-4096_distortion_corrected/images/frame_0087.jpg
Loading /Users/bc/brendanchambers/2026-06-18-iphone-video-to-splat/data/intermediates/gardenbed_sequential_max-num-features-4096_distortion_corrected/images/frame_0021.jpg
Loading /Users/bc/brendanchambers/2026-06-18-iphone-video-to-splat/data/intermediates/gardenbed_sequential_max-num-features-4096_distortion_corrected/images/frame_0099.jpg
Loading /Users/bc/brendanchambers/2026-06-18-iphone-video-to-splat/data/intermediates/gardenbed_sequential_max-num-features-4096_distortion_corrected/images/frame_0074.jpg
Loading /Users/bc/brendanchambers/2026-06-18-iphone-video-to-splat/data/intermediates/gardenbed_sequential_max-num-features-4096_distortion_corrected/images/frame_0114.jpg
Loading /Users/bc/brendanchambers/2026-06-18-iphone-video-to-splat/data/intermediates/gardenbed_sequential_max-num-features-4096_distortion_corrected/images/frame_0035.jpg
Loading /Users/bc/brendanchambers/2026-06-18-iphone-video-to-splat/data/intermediates/gardenbed_sequential_max-num-features-4096_distortion_corrected/images/frame_0022.jpg
Loading /Users/bc/brendanchambers/2026-06-18-iphone-video-to-splat/data/intermediates/gardenbed_sequential_max-num-features-4096_distortion_corrected/images/frame_0060.jpg
Loading /Users/bc/brendanchambers/2026-06-18-iphone-video-to-splat/data/intermediates/gardenbed_sequential_max-num-features-4096_distortion_corrected/images/frame_0047.jpg
Loading /Users/bc/brendanchambers/2026-06-18-iphone-video-to-splat/data/intermediates/gardenbed_sequential_max-num-features-4096_distortion_corrected/images/frame_0088.jpg
Loading /Users/bc/brendanchambers/2026-06-18-iphone-video-to-splat/data/intermediates/gardenbed_sequential_max-num-features-4096_distortion_corrected/images/frame_0100.jpg
Loading /Users/bc/brendanchambers/2026-06-18-iphone-video-to-splat/data/intermediates/gardenbed_sequential_max-num-features-4096_distortion_corrected/images/frame_0075.jpg
Loading /Users/bc/brendanchambers/2026-06-18-iphone-video-to-splat/data/intermediates/gardenbed_sequential_max-num-features-4096_distortion_corrected/images/frame_0008.jpg
Loading /Users/bc/brendanchambers/2026-06-18-iphone-video-to-splat/data/intermediates/gardenbed_sequential_max-num-features-4096_distortion_corrected/images/frame_0036.jpg
Loading /Users/bc/brendanchambers/2026-06-18-iphone-video-to-splat/data/intermediates/gardenbed_sequential_max-num-features-4096_distortion_corrected/images/frame_0023.jpg
Loading /Users/bc/brendanchambers/2026-06-18-iphone-video-to-splat/data/intermediates/gardenbed_sequential_max-num-features-4096_distortion_corrected/images/frame_0061.jpg
Loading /Users/bc/brendanchambers/2026-06-18-iphone-video-to-splat/data/intermediates/gardenbed_sequential_max-num-features-4096_distortion_corrected/images/frame_0101.jpg
Loading /Users/bc/brendanchambers/2026-06-18-iphone-video-to-splat/data/intermediates/gardenbed_sequential_max-num-features-4096_distortion_corrected/images/frame_0076.jpg
Loading /Users/bc/brendanchambers/2026-06-18-iphone-video-to-splat/data/intermediates/gardenbed_sequential_max-num-features-4096_distortion_corrected/images/frame_0115.jpg
Loading /Users/bc/brendanchambers/2026-06-18-iphone-video-to-splat/data/intermediates/gardenbed_sequential_max-num-features-4096_distortion_corrected/images/frame_0037.jpg
Loading /Users/bc/brendanchambers/2026-06-18-iphone-video-to-splat/data/intermediates/gardenbed_sequential_max-num-features-4096_distortion_corrected/images/frame_0062.jpg
Loading /Users/bc/brendanchambers/2026-06-18-iphone-video-to-splat/data/intermediates/gardenbed_sequential_max-num-features-4096_distortion_corrected/images/frame_0009.jpg
Loading /Users/bc/brendanchambers/2026-06-18-iphone-video-to-splat/data/intermediates/gardenbed_sequential_max-num-features-4096_distortion_corrected/images/frame_0102.jpg
Loading /Users/bc/brendanchambers/2026-06-18-iphone-video-to-splat/data/intermediates/gardenbed_sequential_max-num-features-4096_distortion_corrected/images/frame_0024.jpg
Loading /Users/bc/brendanchambers/2026-06-18-iphone-video-to-splat/data/intermediates/gardenbed_sequential_max-num-features-4096_distortion_corrected/images/frame_0048.jpg
Loading /Users/bc/brendanchambers/2026-06-18-iphone-video-to-splat/data/intermediates/gardenbed_sequential_max-num-features-4096_distortion_corrected/images/frame_0089.jpg
Loading /Users/bc/brendanchambers/2026-06-18-iphone-video-to-splat/data/intermediates/gardenbed_sequential_max-num-features-4096_distortion_corrected/images/frame_0063.jpg
Loading /Users/bc/brendanchambers/2026-06-18-iphone-video-to-splat/data/intermediates/gardenbed_sequential_max-num-features-4096_distortion_corrected/images/frame_0010.jpg
Loading /Users/bc/brendanchambers/2026-06-18-iphone-video-to-splat/data/intermediates/gardenbed_sequential_max-num-features-4096_distortion_corrected/images/frame_0025.jpg
Loading /Users/bc/brendanchambers/2026-06-18-iphone-video-to-splat/data/intermediates/gardenbed_sequential_max-num-features-4096_distortion_corrected/images/frame_0077.jpg
Loading /Users/bc/brendanchambers/2026-06-18-iphone-video-to-splat/data/intermediates/gardenbed_sequential_max-num-features-4096_distortion_corrected/images/frame_0116.jpg
Loading /Users/bc/brendanchambers/2026-06-18-iphone-video-to-splat/data/intermediates/gardenbed_sequential_max-num-features-4096_distortion_corrected/images/frame_0038.jpg
Loading /Users/bc/brendanchambers/2026-06-18-iphone-video-to-splat/data/intermediates/gardenbed_sequential_max-num-features-4096_distortion_corrected/images/frame_0090.jpg
Loading /Users/bc/brendanchambers/2026-06-18-iphone-video-to-splat/data/intermediates/gardenbed_sequential_max-num-features-4096_distortion_corrected/images/frame_0103.jpg
Loading /Users/bc/brendanchambers/2026-06-18-iphone-video-to-splat/data/intermediates/gardenbed_sequential_max-num-features-4096_distortion_corrected/images/frame_0026.jpg
Loading /Users/bc/brendanchambers/2026-06-18-iphone-video-to-splat/data/intermediates/gardenbed_sequential_max-num-features-4096_distortion_corrected/images/frame_0049.jpg
Loading /Users/bc/brendanchambers/2026-06-18-iphone-video-to-splat/data/intermediates/gardenbed_sequential_max-num-features-4096_distortion_corrected/images/frame_0078.jpg
Loading /Users/bc/brendanchambers/2026-06-18-iphone-video-to-splat/data/intermediates/gardenbed_sequential_max-num-features-4096_distortion_corrected/images/frame_0064.jpg
Loading /Users/bc/brendanchambers/2026-06-18-iphone-video-to-splat/data/intermediates/gardenbed_sequential_max-num-features-4096_distortion_corrected/images/frame_0117.jpg
Loading /Users/bc/brendanchambers/2026-06-18-iphone-video-to-splat/data/intermediates/gardenbed_sequential_max-num-features-4096_distortion_corrected/images/frame_0011.jpg
Loading /Users/bc/brendanchambers/2026-06-18-iphone-video-to-splat/data/intermediates/gardenbed_sequential_max-num-features-4096_distortion_corrected/images/frame_0104.jpg
Loading /Users/bc/brendanchambers/2026-06-18-iphone-video-to-splat/data/intermediates/gardenbed_sequential_max-num-features-4096_distortion_corrected/images/frame_0091.jpg
Loading /Users/bc/brendanchambers/2026-06-18-iphone-video-to-splat/data/intermediates/gardenbed_sequential_max-num-features-4096_distortion_corrected/images/frame_0039.jpg
Loading /Users/bc/brendanchambers/2026-06-18-iphone-video-to-splat/data/intermediates/gardenbed_sequential_max-num-features-4096_distortion_corrected/images/frame_0065.jpg
Loading /Users/bc/brendanchambers/2026-06-18-iphone-video-to-splat/data/intermediates/gardenbed_sequential_max-num-features-4096_distortion_corrected/images/frame_0050.jpg
Loading /Users/bc/brendanchambers/2026-06-18-iphone-video-to-splat/data/intermediates/gardenbed_sequential_max-num-features-4096_distortion_corrected/images/frame_0012.jpg
Loading /Users/bc/brendanchambers/2026-06-18-iphone-video-to-splat/data/intermediates/gardenbed_sequential_max-num-features-4096_distortion_corrected/images/frame_0051.jpg
Loading /Users/bc/brendanchambers/2026-06-18-iphone-video-to-splat/data/intermediates/gardenbed_sequential_max-num-features-4096_distortion_corrected/images/frame_0013.jpg
Loading /Users/bc/brendanchambers/2026-06-18-iphone-video-to-splat/data/intermediates/gardenbed_sequential_max-num-features-4096_distortion_corrected/images/frame_0052.jpg
init_gsplat_metal_context: loading '/Users/bc/brendanchambers/2026-06-18-iphone-video-to-splat/opensplat/build/default.metallib'
init_gsplat_metal_context: loaded '/Users/bc/brendanchambers/2026-06-18-iphone-video-to-splat/opensplat/build/default.metallib', functions: compute_cov2d_bounds_kernel, project_gaussians_backward_kernel, get_tile_bin_edges_kernel, rasterize_backward_kernel, map_gaussian_to_intersects_kernel, nd_rasterize_backward_kernel, project_gaussians_forward_kernel, compute_sh_backward_kernel, compute_sh_forward_kernel, nd_rasterize_forward_kernel
init_gsplat_metal_context: load function nd_rasterize_backward_kernel with label: (null)
init_gsplat_metal_context: load function nd_rasterize_forward_kernel with label: (null)
init_gsplat_metal_context: load function rasterize_backward_kernel with label: (null)
init_gsplat_metal_context: load function project_gaussians_forward_kernel with label: (null)
init_gsplat_metal_context: load function project_gaussians_backward_kernel with label: (null)
init_gsplat_metal_context: load function compute_sh_forward_kernel with label: (null)
init_gsplat_metal_context: load function compute_sh_backward_kernel with label: (null)
init_gsplat_metal_context: load function compute_cov2d_bounds_kernel with label: (null)
init_gsplat_metal_context: load function map_gaussian_to_intersects_kernel with label: (null)
init_gsplat_metal_context: load function get_tile_bin_edges_kernel with label: (null)
Step 10: 0.511135 (0%)
Step 20: 0.538949 (1%)
Step 30: 0.486024 (2%)
Step 40: 0.470567 (2%)
Step 50: 0.485584 (3%)
Step 60: 0.470058 (4%)
Step 70: 0.445651 (4%)
Step 80: 0.47292 (5%)
Step 90: 0.459368 (6%)
Step 100: 0.465628 (6%)
Step 110: 0.461991 (7%)
Step 120: 0.44589 (8%)
Step 130: 0.413781 (8%)
Step 140: 0.367098 (9%)
Step 150: 0.430444 (10%)
Step 160: 0.425279 (10%)
Step 170: 0.409109 (11%)
Step 180: 0.39387 (12%)
Step 190: 0.479494 (12%)
Step 200: 0.407849 (13%)
Step 210: 0.376052 (14%)
Step 220: 0.422916 (14%)
Step 230: 0.367622 (15%)
Step 240: 0.431218 (16%)
Step 250: 0.405584 (16%)
Step 260: 0.361685 (17%)
Step 270: 0.390822 (18%)
Step 280: 0.395002 (18%)
Step 290: 0.394813 (19%)
Step 300: 0.345936 (20%)
Step 310: 0.33532 (20%)
Step 320: 0.467403 (21%)
Step 330: 0.30794 (22%)
Step 340: 0.34419 (22%)
Step 350: 0.321703 (23%)
Step 360: 0.328649 (24%)
Step 370: 0.333056 (24%)
Step 380: 0.323547 (25%)
Step 390: 0.306089 (26%)
Step 400: 0.368994 (26%)
Step 410: 0.332183 (27%)
Step 420: 0.331933 (28%)
Step 430: 0.376836 (28%)
Step 440: 0.317519 (29%)
Step 450: 0.47613 (30%)
Step 460: 0.409931 (30%)
Step 470: 0.369247 (31%)
Step 480: 0.439859 (32%)
Step 490: 0.341546 (32%)
Step 500: 0.315439 (33%)
Step 510: 0.304762 (34%)
Step 520: 0.420908 (34%)
Step 530: 0.35153 (35%)
Step 540: 0.358042 (36%)
Step 550: 0.405353 (36%)
Step 560: 0.3572 (37%)
Step 570: 0.239286 (38%)
Step 580: 0.336883 (38%)
Step 590: 0.277095 (39%)
Step 600: 0.309831 (40%)
Added 40359 gaussians, new count 92549
Culled 29759 gaussians, remaining 62790
Step 610: 0.371912 (40%)
Step 620: 0.33461 (41%)
Step 630: 0.325326 (42%)
Step 640: 0.355778 (42%)
Step 650: 0.348962 (43%)
Step 660: 0.348489 (44%)
Step 670: 0.289329 (44%)
Step 680: 0.351953 (45%)
Step 690: 0.336486 (46%)
Step 700: 0.362052 (46%)
Added 64137 gaussians, new count 126927
Culled 18671 gaussians, remaining 108256
Step 710: 0.334334 (47%)
Step 720: 0.330499 (48%)
Step 730: 0.341388 (48%)
Step 740: 0.423361 (49%)
Step 750: 0.338275 (50%)
Step 760: 0.25387 (50%)
Step 770: 0.353454 (51%)
Step 780: 0.27058 (52%)
Step 790: 0.202076 (52%)
Step 800: 0.312627 (53%)
Step 810: 0.270028 (54%)
Step 820: 0.338364 (54%)
Step 830: 0.32944 (55%)
Step 840: 0.3329 (56%)
Step 850: 0.310637 (56%)
Step 860: 0.318121 (57%)
Step 870: 0.313935 (58%)
Step 880: 0.29903 (58%)
Step 890: 0.258897 (59%)
Step 900: 0.255119 (60%)
Step 910: 0.299569 (60%)
Step 920: 0.254071 (61%)
Step 930: 0.392848 (62%)
Step 940: 0.280617 (62%)
Step 950: 0.294693 (63%)
Step 960: 0.272754 (64%)
Step 970: 0.279231 (64%)
Step 980: 0.238378 (65%)
Step 990: 0.246907 (66%)
Step 1000: 0.247495 (66%)
Step 1010: 0.223331 (67%)
Step 1020: 0.263139 (68%)
Step 1030: 0.358122 (68%)
Step 1040: 0.239067 (69%)
Step 1050: 0.319654 (70%)
Step 1060: 0.317406 (70%)
Step 1070: 0.244775 (71%)
Step 1080: 0.317563 (72%)
Step 1090: 0.288915 (72%)
Step 1100: 0.375847 (73%)
Step 1110: 0.298523 (74%)
Step 1120: 0.351652 (74%)
Step 1130: 0.37875 (75%)
Step 1140: 0.258765 (76%)
Step 1150: 0.219219 (76%)
Step 1160: 0.215032 (77%)
Step 1170: 0.190555 (78%)
Step 1180: 0.258162 (78%)
Step 1190: 0.30647 (79%)
Step 1200: 0.238185 (80%)
Step 1210: 0.232652 (80%)
Step 1220: 0.235222 (81%)
Step 1230: 0.294612 (82%)
Step 1240: 0.262892 (82%)
Step 1250: 0.219279 (83%)
Step 1260: 0.286074 (84%)
Step 1270: 0.243531 (84%)
Step 1280: 0.216396 (85%)
Step 1290: 0.356468 (86%)
Step 1300: 0.281255 (86%)
Step 1310: 0.369932 (87%)
Step 1320: 0.248464 (88%)
Step 1330: 0.27201 (88%)
Step 1340: 0.247427 (89%)
Step 1350: 0.245008 (90%)
Step 1360: 0.22775 (90%)
Step 1370: 0.378834 (91%)
Step 1380: 0.28095 (92%)
Step 1390: 0.22103 (92%)
Step 1400: 0.327461 (93%)
Step 1410: 0.23178 (94%)
Step 1420: 0.242855 (94%)
Step 1430: 0.251641 (95%)
Step 1440: 0.226925 (96%)
Step 1450: 0.280136 (96%)
Step 1460: 0.198204 (97%)
Step 1470: 0.190582 (98%)
Step 1480: 0.222407 (98%)
Step 1490: 0.276217 (99%)
Step 1500: 0.262323 (100%)
Wrote /Users/bc/brendanchambers/2026-06-18-iphone-video-to-splat/data/intermediates/gardenbed_sequential_max-num-features-4096_distortion_corrected/splats/1500steps_20260620_1744/cameras.json
Wrote /Users/bc/brendanchambers/2026-06-18-iphone-video-to-splat/data/intermediates/gardenbed_sequential_max-num-features-4096_distortion_corrected/splats/1500steps_20260620_1744/gardenbed_sequential.ply
/Users/bc/brendanchambers/2026-06-18-iphone-video-to-splat/data/intermediates/gardenbed_sequential_max-num-features-4096_distortion_corrected/images/frame_0032.jpg validation loss: 0.25888
Training complete! Output saved to /Users/bc/brendanchambers/2026-06-18-iphone-video-to-splat/data/intermediates/gardenbed_sequential_max-num-features-4096_distortion_corrected/splats/1500steps_20260620_1744/gardenbed_sequential.ply
Training log saved to /Users/bc/brendanchambers/2026-06-18-iphone-video-to-splat/logs/opensplat_pipeline.log
