Using MPS
Reading 3980 points
Loading /Users/bc/brendanchambers/2026-06-18-iphone-video-to-splat/data/intermediates/test_4s_feature_comparison_max-num-features-8192_type-sift_bruteforce_distortion_corrected/images/frame_0001.jpg
Loading /Users/bc/brendanchambers/2026-06-18-iphone-video-to-splat/data/intermediates/test_4s_feature_comparison_max-num-features-8192_type-sift_bruteforce_distortion_corrected/images/frame_0002.jpg
Loading /Users/bc/brendanchambers/2026-06-18-iphone-video-to-splat/data/intermediates/test_4s_feature_comparison_max-num-features-8192_type-sift_bruteforce_distortion_corrected/images/frame_0003.jpg
Loading /Users/bc/brendanchambers/2026-06-18-iphone-video-to-splat/data/intermediates/test_4s_feature_comparison_max-num-features-8192_type-sift_bruteforce_distortion_corrected/images/frame_0004.jpg
Loading /Users/bc/brendanchambers/2026-06-18-iphone-video-to-splat/data/intermediates/test_4s_feature_comparison_max-num-features-8192_type-sift_bruteforce_distortion_corrected/images/frame_0005.jpg
Loading /Users/bc/brendanchambers/2026-06-18-iphone-video-to-splat/data/intermediates/test_4s_feature_comparison_max-num-features-8192_type-sift_bruteforce_distortion_corrected/images/frame_0006.jpg
Loading /Users/bc/brendanchambers/2026-06-18-iphone-video-to-splat/data/intermediates/test_4s_feature_comparison_max-num-features-8192_type-sift_bruteforce_distortion_corrected/images/frame_0007.jpg
Loading /Users/bc/brendanchambers/2026-06-18-iphone-video-to-splat/data/intermediates/test_4s_feature_comparison_max-num-features-8192_type-sift_bruteforce_distortion_corrected/images/frame_0008.jpg
init_gsplat_metal_context: loading '/Users/bc/brendanchambers/2026-06-18-iphone-video-to-splat/opensplat/build/default.metallib'
init_gsplat_metal_context: loaded '/Users/bc/brendanchambers/2026-06-18-iphone-video-to-splat/opensplat/build/default.metallib', functions: compute_cov2d_bounds_kernel, project_gaussians_backward_kernel, get_tile_bin_edges_kernel, rasterize_backward_kernel, map_gaussian_to_intersects_kernel, nd_rasterize_backward_kernel, project_gaussians_forward_kernel, compute_sh_backward_kernel, compute_sh_forward_kernel, nd_rasterize_forward_kernel
init_gsplat_metal_context: load function nd_rasterize_backward_kernel with label: (null)
init_gsplat_metal_context: load function nd_rasterize_forward_kernel with label: (null)
init_gsplat_metal_context: load function rasterize_backward_kernel with label: (null)
init_gsplat_metal_context: load function project_gaussians_forward_kernel with label: (null)
init_gsplat_metal_context: load function project_gaussians_backward_kernel with label: (null)
init_gsplat_metal_context: load function compute_sh_forward_kernel with label: (null)
init_gsplat_metal_context: load function compute_sh_backward_kernel with label: (null)
init_gsplat_metal_context: load function compute_cov2d_bounds_kernel with label: (null)
init_gsplat_metal_context: load function map_gaussian_to_intersects_kernel with label: (null)
init_gsplat_metal_context: load function get_tile_bin_edges_kernel with label: (null)
Step 10: 0.341788 (0%)
Step 20: 0.290731 (1%)
Step 30: 0.27516 (2%)
Step 40: 0.335009 (2%)
Step 50: 0.283235 (3%)
Step 60: 0.32346 (4%)
Step 70: 0.279737 (4%)
Step 80: 0.275957 (5%)
Step 90: 0.310514 (6%)
Step 100: 0.266665 (6%)
Step 110: 0.26613 (7%)
Step 120: 0.229455 (8%)
Step 130: 0.270218 (8%)
Step 140: 0.269007 (9%)
Step 150: 0.259097 (10%)
Step 160: 0.219467 (10%)
Step 170: 0.253328 (11%)
Step 180: 0.264009 (12%)
Step 190: 0.263162 (12%)
Step 200: 0.245388 (13%)
Step 210: 0.242824 (14%)
Step 220: 0.217132 (14%)
Step 230: 0.241635 (15%)
Step 240: 0.203244 (16%)
Step 250: 0.211878 (16%)
Step 260: 0.266547 (17%)
Step 270: 0.19813 (18%)
Step 280: 0.233611 (18%)
Step 290: 0.20579 (19%)
Step 300: 0.238227 (20%)
Step 310: 0.25856 (20%)
Step 320: 0.226133 (21%)
Step 330: 0.250723 (22%)
Step 340: 0.249191 (22%)
Step 350: 0.224148 (23%)
Step 360: 0.223839 (24%)
Step 370: 0.222398 (24%)
Step 380: 0.19585 (25%)
Step 390: 0.221095 (26%)
Step 400: 0.22892 (26%)
Step 410: 0.245259 (27%)
Step 420: 0.192034 (28%)
Step 430: 0.22646 (28%)
Step 440: 0.243343 (29%)
Step 450: 0.190528 (30%)
Step 460: 0.21542 (30%)
Step 470: 0.240098 (31%)
Step 480: 0.171753 (32%)
Step 490: 0.212932 (32%)
Step 500: 0.175003 (33%)
Step 510: 0.208421 (34%)
Step 520: 0.220343 (34%)
Step 530: 0.211079 (35%)
Step 540: 0.16721 (36%)
Step 550: 0.166555 (36%)
Step 560: 0.166475 (37%)
Step 570: 0.182009 (38%)
Step 580: 0.234998 (38%)
Step 590: 0.204005 (39%)
Step 600: 0.180599 (40%)
Added 4895 gaussians, new count 8875
Culled 3666 gaussians, remaining 5209
Step 610: 0.277398 (40%)
Step 620: 0.236995 (41%)
Step 630: 0.22192 (42%)
Step 640: 0.240648 (42%)
Step 650: 0.205813 (43%)
Step 660: 0.203723 (44%)
Step 670: 0.202158 (44%)
Step 680: 0.179568 (45%)
Step 690: 0.229523 (46%)
Step 700: 0.209517 (46%)
Added 9259 gaussians, new count 14468
Culled 5608 gaussians, remaining 8860
Step 710: 0.226936 (47%)
Step 720: 0.188641 (48%)
Step 730: 0.20985 (48%)
Step 740: 0.204601 (49%)
Step 750: 0.205608 (50%)
Step 760: 0.200858 (50%)
Step 770: 0.184928 (51%)
Step 780: 0.19826 (52%)
Step 790: 0.150184 (52%)
Step 800: 0.141068 (53%)
Step 810: 0.189292 (54%)
Step 820: 0.21404 (54%)
Step 830: 0.135649 (55%)
Step 840: 0.213577 (56%)
Step 850: 0.21077 (56%)
Step 860: 0.210869 (57%)
Step 870: 0.210438 (58%)
Step 880: 0.13253 (58%)
Step 890: 0.208159 (59%)
Step 900: 0.149734 (60%)
Step 910: 0.207989 (60%)
Step 920: 0.149275 (61%)
Step 930: 0.1827 (62%)
Step 940: 0.206021 (62%)
Step 950: 0.205848 (63%)
Step 960: 0.127711 (64%)
Step 970: 0.145493 (64%)
Step 980: 0.1345 (65%)
Step 990: 0.14661 (66%)
Step 1000: 0.145792 (66%)
Step 1010: 0.203233 (67%)
Step 1020: 0.202225 (68%)
Step 1030: 0.203743 (68%)
Step 1040: 0.20362 (69%)
Step 1050: 0.122654 (70%)
Step 1060: 0.200301 (70%)
Step 1070: 0.177735 (71%)
Step 1080: 0.202608 (72%)
Step 1090: 0.175976 (72%)
Step 1100: 0.174199 (73%)
Step 1110: 0.201531 (74%)
Step 1120: 0.142151 (74%)
Step 1130: 0.172792 (75%)
Step 1140: 0.120706 (76%)
Step 1150: 0.175269 (76%)
Step 1160: 0.163204 (77%)
Step 1170: 0.172765 (78%)
Step 1180: 0.139942 (78%)
Step 1190: 0.172833 (79%)
Step 1200: 0.130841 (80%)
Step 1210: 0.199192 (80%)
Step 1220: 0.173873 (81%)
Step 1230: 0.119472 (82%)
Step 1240: 0.161417 (82%)
Step 1250: 0.138829 (83%)
Step 1260: 0.160605 (84%)
Step 1270: 0.196581 (84%)
Step 1280: 0.199215 (85%)
Step 1290: 0.117952 (86%)
Step 1300: 0.138178 (86%)
Step 1310: 0.17241 (87%)
Step 1320: 0.128462 (88%)
Step 1330: 0.170527 (88%)
Step 1340: 0.159804 (89%)
Step 1350: 0.1388 (90%)
Step 1360: 0.127552 (90%)
Step 1370: 0.169659 (91%)
Step 1380: 0.169913 (92%)
Step 1390: 0.194444 (92%)
Step 1400: 0.118384 (93%)
Step 1410: 0.116396 (94%)
Step 1420: 0.169316 (94%)
Step 1430: 0.171016 (95%)
Step 1440: 0.169407 (96%)
Step 1450: 0.115499 (96%)
Step 1460: 0.192884 (97%)
Step 1470: 0.193132 (98%)
Step 1480: 0.197459 (98%)
Step 1490: 0.13549 (99%)
Step 1500: 0.12476 (100%)
Wrote /Users/bc/brendanchambers/2026-06-18-iphone-video-to-splat/data/intermediates/test_4s_feature_comparison_max-num-features-8192_type-sift_bruteforce_distortion_corrected/splats/1500steps_20260620_1236/cameras.json
Wrote /Users/bc/brendanchambers/2026-06-18-iphone-video-to-splat/data/intermediates/test_4s_feature_comparison_max-num-features-8192_type-sift_bruteforce_distortion_corrected/splats/1500steps_20260620_1236/model_1500steps.ply
