Starting OpenSplat training on M4 Metal GPU...
Logging to: /Users/bc/brendanchambers/2026-06-18-iphone-video-to-splat/logs/opensplat_pipeline.log
Output will be saved to: /Users/bc/brendanchambers/2026-06-18-iphone-video-to-splat/data/intermediates/gardenbed_exhaustive_max-num-features-4096_distortion_corrected/splats/5000steps_20260620_1748/gardenbed_exhaustive.ply
Validation enabled: true (image: frame_0032.jpg)
Using MPS
Reading 54093 points
Loading /Users/bc/brendanchambers/2026-06-18-iphone-video-to-splat/data/intermediates/gardenbed_exhaustive_max-num-features-4096_distortion_corrected/images/frame_0001.jpg
Loading /Users/bc/brendanchambers/2026-06-18-iphone-video-to-splat/data/intermediates/gardenbed_exhaustive_max-num-features-4096_distortion_corrected/images/frame_0027.jpg
Loading /Users/bc/brendanchambers/2026-06-18-iphone-video-to-splat/data/intermediates/gardenbed_exhaustive_max-num-features-4096_distortion_corrected/images/frame_0014.jpg
Loading /Users/bc/brendanchambers/2026-06-18-iphone-video-to-splat/data/intermediates/gardenbed_exhaustive_max-num-features-4096_distortion_corrected/images/frame_0040.jpg
Loading /Users/bc/brendanchambers/2026-06-18-iphone-video-to-splat/data/intermediates/gardenbed_exhaustive_max-num-features-4096_distortion_corrected/images/frame_0053.jpg
Loading /Users/bc/brendanchambers/2026-06-18-iphone-video-to-splat/data/intermediates/gardenbed_exhaustive_max-num-features-4096_distortion_corrected/images/frame_0066.jpg
Loading /Users/bc/brendanchambers/2026-06-18-iphone-video-to-splat/data/intermediates/gardenbed_exhaustive_max-num-features-4096_distortion_corrected/images/frame_0079.jpg
Loading /Users/bc/brendanchambers/2026-06-18-iphone-video-to-splat/data/intermediates/gardenbed_exhaustive_max-num-features-4096_distortion_corrected/images/frame_0092.jpg
Loading /Users/bc/brendanchambers/2026-06-18-iphone-video-to-splat/data/intermediates/gardenbed_exhaustive_max-num-features-4096_distortion_corrected/images/frame_0105.jpg
Loading /Users/bc/brendanchambers/2026-06-18-iphone-video-to-splat/data/intermediates/gardenbed_exhaustive_max-num-features-4096_distortion_corrected/images/frame_0118.jpg
Loading /Users/bc/brendanchambers/2026-06-18-iphone-video-to-splat/data/intermediates/gardenbed_exhaustive_max-num-features-4096_distortion_corrected/images/frame_0080.jpg
Loading /Users/bc/brendanchambers/2026-06-18-iphone-video-to-splat/data/intermediates/gardenbed_exhaustive_max-num-features-4096_distortion_corrected/images/frame_0028.jpg
Loading /Users/bc/brendanchambers/2026-06-18-iphone-video-to-splat/data/intermediates/gardenbed_exhaustive_max-num-features-4096_distortion_corrected/images/frame_0106.jpg
Loading /Users/bc/brendanchambers/2026-06-18-iphone-video-to-splat/data/intermediates/gardenbed_exhaustive_max-num-features-4096_distortion_corrected/images/frame_0002.jpg
Loading /Users/bc/brendanchambers/2026-06-18-iphone-video-to-splat/data/intermediates/gardenbed_exhaustive_max-num-features-4096_distortion_corrected/images/frame_0054.jpg
Loading /Users/bc/brendanchambers/2026-06-18-iphone-video-to-splat/data/intermediates/gardenbed_exhaustive_max-num-features-4096_distortion_corrected/images/frame_0119.jpg
Loading /Users/bc/brendanchambers/2026-06-18-iphone-video-to-splat/data/intermediates/gardenbed_exhaustive_max-num-features-4096_distortion_corrected/images/frame_0015.jpg
Loading /Users/bc/brendanchambers/2026-06-18-iphone-video-to-splat/data/intermediates/gardenbed_exhaustive_max-num-features-4096_distortion_corrected/images/frame_0041.jpg
Loading /Users/bc/brendanchambers/2026-06-18-iphone-video-to-splat/data/intermediates/gardenbed_exhaustive_max-num-features-4096_distortion_corrected/images/frame_0067.jpg
Loading /Users/bc/brendanchambers/2026-06-18-iphone-video-to-splat/data/intermediates/gardenbed_exhaustive_max-num-features-4096_distortion_corrected/images/frame_0093.jpg
Loading /Users/bc/brendanchambers/2026-06-18-iphone-video-to-splat/data/intermediates/gardenbed_exhaustive_max-num-features-4096_distortion_corrected/images/frame_0107.jpg
Loading /Users/bc/brendanchambers/2026-06-18-iphone-video-to-splat/data/intermediates/gardenbed_exhaustive_max-num-features-4096_distortion_corrected/images/frame_0081.jpg
Loading /Users/bc/brendanchambers/2026-06-18-iphone-video-to-splat/data/intermediates/gardenbed_exhaustive_max-num-features-4096_distortion_corrected/images/frame_0029.jpg
Loading /Users/bc/brendanchambers/2026-06-18-iphone-video-to-splat/data/intermediates/gardenbed_exhaustive_max-num-features-4096_distortion_corrected/images/frame_0068.jpg
Loading /Users/bc/brendanchambers/2026-06-18-iphone-video-to-splat/data/intermediates/gardenbed_exhaustive_max-num-features-4096_distortion_corrected/images/frame_0120.jpg
Loading /Users/bc/brendanchambers/2026-06-18-iphone-video-to-splat/data/intermediates/gardenbed_exhaustive_max-num-features-4096_distortion_corrected/images/frame_0003.jpg
Loading /Users/bc/brendanchambers/2026-06-18-iphone-video-to-splat/data/intermediates/gardenbed_exhaustive_max-num-features-4096_distortion_corrected/images/frame_0094.jpg
Loading /Users/bc/brendanchambers/2026-06-18-iphone-video-to-splat/data/intermediates/gardenbed_exhaustive_max-num-features-4096_distortion_corrected/images/frame_0108.jpg
Loading /Users/bc/brendanchambers/2026-06-18-iphone-video-to-splat/data/intermediates/gardenbed_exhaustive_max-num-features-4096_distortion_corrected/images/frame_0042.jpg
Loading /Users/bc/brendanchambers/2026-06-18-iphone-video-to-splat/data/intermediates/gardenbed_exhaustive_max-num-features-4096_distortion_corrected/images/frame_0016.jpg
Loading /Users/bc/brendanchambers/2026-06-18-iphone-video-to-splat/data/intermediates/gardenbed_exhaustive_max-num-features-4096_distortion_corrected/images/frame_0082.jpg
Loading /Users/bc/brendanchambers/2026-06-18-iphone-video-to-splat/data/intermediates/gardenbed_exhaustive_max-num-features-4096_distortion_corrected/images/frame_0121.jpg
Loading /Users/bc/brendanchambers/2026-06-18-iphone-video-to-splat/data/intermediates/gardenbed_exhaustive_max-num-features-4096_distortion_corrected/images/frame_0069.jpg
Loading /Users/bc/brendanchambers/2026-06-18-iphone-video-to-splat/data/intermediates/gardenbed_exhaustive_max-num-features-4096_distortion_corrected/images/frame_0030.jpg
Loading /Users/bc/brendanchambers/2026-06-18-iphone-video-to-splat/data/intermediates/gardenbed_exhaustive_max-num-features-4096_distortion_corrected/images/frame_0055.jpg
Loading /Users/bc/brendanchambers/2026-06-18-iphone-video-to-splat/data/intermediates/gardenbed_exhaustive_max-num-features-4096_distortion_corrected/images/frame_0109.jpg
Loading /Users/bc/brendanchambers/2026-06-18-iphone-video-to-splat/data/intermediates/gardenbed_exhaustive_max-num-features-4096_distortion_corrected/images/frame_0095.jpg
Loading /Users/bc/brendanchambers/2026-06-18-iphone-video-to-splat/data/intermediates/gardenbed_exhaustive_max-num-features-4096_distortion_corrected/images/frame_0017.jpg
Loading /Users/bc/brendanchambers/2026-06-18-iphone-video-to-splat/data/intermediates/gardenbed_exhaustive_max-num-features-4096_distortion_corrected/images/frame_0070.jpg
Loading /Users/bc/brendanchambers/2026-06-18-iphone-video-to-splat/data/intermediates/gardenbed_exhaustive_max-num-features-4096_distortion_corrected/images/frame_0043.jpg
Loading /Users/bc/brendanchambers/2026-06-18-iphone-video-to-splat/data/intermediates/gardenbed_exhaustive_max-num-features-4096_distortion_corrected/images/frame_0004.jpg
Loading /Users/bc/brendanchambers/2026-06-18-iphone-video-to-splat/data/intermediates/gardenbed_exhaustive_max-num-features-4096_distortion_corrected/images/frame_0031.jpg
Loading /Users/bc/brendanchambers/2026-06-18-iphone-video-to-splat/data/intermediates/gardenbed_exhaustive_max-num-features-4096_distortion_corrected/images/frame_0083.jpg
Loading /Users/bc/brendanchambers/2026-06-18-iphone-video-to-splat/data/intermediates/gardenbed_exhaustive_max-num-features-4096_distortion_corrected/images/frame_0056.jpg
Loading /Users/bc/brendanchambers/2026-06-18-iphone-video-to-splat/data/intermediates/gardenbed_exhaustive_max-num-features-4096_distortion_corrected/images/frame_0096.jpg
Loading /Users/bc/brendanchambers/2026-06-18-iphone-video-to-splat/data/intermediates/gardenbed_exhaustive_max-num-features-4096_distortion_corrected/images/frame_0018.jpg
Loading /Users/bc/brendanchambers/2026-06-18-iphone-video-to-splat/data/intermediates/gardenbed_exhaustive_max-num-features-4096_distortion_corrected/images/frame_0122.jpg
Loading /Users/bc/brendanchambers/2026-06-18-iphone-video-to-splat/data/intermediates/gardenbed_exhaustive_max-num-features-4096_distortion_corrected/images/frame_0032.jpg
Loading /Users/bc/brendanchambers/2026-06-18-iphone-video-to-splat/data/intermediates/gardenbed_exhaustive_max-num-features-4096_distortion_corrected/images/frame_0110.jpg
Loading /Users/bc/brendanchambers/2026-06-18-iphone-video-to-splat/data/intermediates/gardenbed_exhaustive_max-num-features-4096_distortion_corrected/images/frame_0005.jpg
Loading /Users/bc/brendanchambers/2026-06-18-iphone-video-to-splat/data/intermediates/gardenbed_exhaustive_max-num-features-4096_distortion_corrected/images/frame_0044.jpg
Loading /Users/bc/brendanchambers/2026-06-18-iphone-video-to-splat/data/intermediates/gardenbed_exhaustive_max-num-features-4096_distortion_corrected/images/frame_0071.jpg
Loading /Users/bc/brendanchambers/2026-06-18-iphone-video-to-splat/data/intermediates/gardenbed_exhaustive_max-num-features-4096_distortion_corrected/images/frame_0057.jpg
Loading /Users/bc/brendanchambers/2026-06-18-iphone-video-to-splat/data/intermediates/gardenbed_exhaustive_max-num-features-4096_distortion_corrected/images/frame_0097.jpg
Loading /Users/bc/brendanchambers/2026-06-18-iphone-video-to-splat/data/intermediates/gardenbed_exhaustive_max-num-features-4096_distortion_corrected/images/frame_0019.jpg
Loading /Users/bc/brendanchambers/2026-06-18-iphone-video-to-splat/data/intermediates/gardenbed_exhaustive_max-num-features-4096_distortion_corrected/images/frame_0084.jpg
Loading /Users/bc/brendanchambers/2026-06-18-iphone-video-to-splat/data/intermediates/gardenbed_exhaustive_max-num-features-4096_distortion_corrected/images/frame_0033.jpg
Loading /Users/bc/brendanchambers/2026-06-18-iphone-video-to-splat/data/intermediates/gardenbed_exhaustive_max-num-features-4096_distortion_corrected/images/frame_0111.jpg
Loading /Users/bc/brendanchambers/2026-06-18-iphone-video-to-splat/data/intermediates/gardenbed_exhaustive_max-num-features-4096_distortion_corrected/images/frame_0045.jpg
Loading /Users/bc/brendanchambers/2026-06-18-iphone-video-to-splat/data/intermediates/gardenbed_exhaustive_max-num-features-4096_distortion_corrected/images/frame_0085.jpg
Loading /Users/bc/brendanchambers/2026-06-18-iphone-video-to-splat/data/intermediates/gardenbed_exhaustive_max-num-features-4096_distortion_corrected/images/frame_0123.jpg
Loading /Users/bc/brendanchambers/2026-06-18-iphone-video-to-splat/data/intermediates/gardenbed_exhaustive_max-num-features-4096_distortion_corrected/images/frame_0058.jpg
Loading /Users/bc/brendanchambers/2026-06-18-iphone-video-to-splat/data/intermediates/gardenbed_exhaustive_max-num-features-4096_distortion_corrected/images/frame_0006.jpg
Loading /Users/bc/brendanchambers/2026-06-18-iphone-video-to-splat/data/intermediates/gardenbed_exhaustive_max-num-features-4096_distortion_corrected/images/frame_0098.jpg
Loading /Users/bc/brendanchambers/2026-06-18-iphone-video-to-splat/data/intermediates/gardenbed_exhaustive_max-num-features-4096_distortion_corrected/images/frame_0072.jpg
Loading /Users/bc/brendanchambers/2026-06-18-iphone-video-to-splat/data/intermediates/gardenbed_exhaustive_max-num-features-4096_distortion_corrected/images/frame_0046.jpg
Loading /Users/bc/brendanchambers/2026-06-18-iphone-video-to-splat/data/intermediates/gardenbed_exhaustive_max-num-features-4096_distortion_corrected/images/frame_0020.jpg
Loading /Users/bc/brendanchambers/2026-06-18-iphone-video-to-splat/data/intermediates/gardenbed_exhaustive_max-num-features-4096_distortion_corrected/images/frame_0034.jpg
Loading /Users/bc/brendanchambers/2026-06-18-iphone-video-to-splat/data/intermediates/gardenbed_exhaustive_max-num-features-4096_distortion_corrected/images/frame_0059.jpg
Loading /Users/bc/brendanchambers/2026-06-18-iphone-video-to-splat/data/intermediates/gardenbed_exhaustive_max-num-features-4096_distortion_corrected/images/frame_0112.jpg
Loading /Users/bc/brendanchambers/2026-06-18-iphone-video-to-splat/data/intermediates/gardenbed_exhaustive_max-num-features-4096_distortion_corrected/images/frame_0086.jpg
Loading /Users/bc/brendanchambers/2026-06-18-iphone-video-to-splat/data/intermediates/gardenbed_exhaustive_max-num-features-4096_distortion_corrected/images/frame_0124.jpg
Loading /Users/bc/brendanchambers/2026-06-18-iphone-video-to-splat/data/intermediates/gardenbed_exhaustive_max-num-features-4096_distortion_corrected/images/frame_0073.jpg
Loading /Users/bc/brendanchambers/2026-06-18-iphone-video-to-splat/data/intermediates/gardenbed_exhaustive_max-num-features-4096_distortion_corrected/images/frame_0047.jpg
Loading /Users/bc/brendanchambers/2026-06-18-iphone-video-to-splat/data/intermediates/gardenbed_exhaustive_max-num-features-4096_distortion_corrected/images/frame_0099.jpg
Loading /Users/bc/brendanchambers/2026-06-18-iphone-video-to-splat/data/intermediates/gardenbed_exhaustive_max-num-features-4096_distortion_corrected/images/frame_0021.jpg
Loading /Users/bc/brendanchambers/2026-06-18-iphone-video-to-splat/data/intermediates/gardenbed_exhaustive_max-num-features-4096_distortion_corrected/images/frame_0060.jpg
Loading /Users/bc/brendanchambers/2026-06-18-iphone-video-to-splat/data/intermediates/gardenbed_exhaustive_max-num-features-4096_distortion_corrected/images/frame_0007.jpg
Loading /Users/bc/brendanchambers/2026-06-18-iphone-video-to-splat/data/intermediates/gardenbed_exhaustive_max-num-features-4096_distortion_corrected/images/frame_0113.jpg
Loading /Users/bc/brendanchambers/2026-06-18-iphone-video-to-splat/data/intermediates/gardenbed_exhaustive_max-num-features-4096_distortion_corrected/images/frame_0074.jpg
Loading /Users/bc/brendanchambers/2026-06-18-iphone-video-to-splat/data/intermediates/gardenbed_exhaustive_max-num-features-4096_distortion_corrected/images/frame_0087.jpg
Loading /Users/bc/brendanchambers/2026-06-18-iphone-video-to-splat/data/intermediates/gardenbed_exhaustive_max-num-features-4096_distortion_corrected/images/frame_0035.jpg
Loading /Users/bc/brendanchambers/2026-06-18-iphone-video-to-splat/data/intermediates/gardenbed_exhaustive_max-num-features-4096_distortion_corrected/images/frame_0114.jpg
Loading /Users/bc/brendanchambers/2026-06-18-iphone-video-to-splat/data/intermediates/gardenbed_exhaustive_max-num-features-4096_distortion_corrected/images/frame_0061.jpg
Loading /Users/bc/brendanchambers/2026-06-18-iphone-video-to-splat/data/intermediates/gardenbed_exhaustive_max-num-features-4096_distortion_corrected/images/frame_0022.jpg
Loading /Users/bc/brendanchambers/2026-06-18-iphone-video-to-splat/data/intermediates/gardenbed_exhaustive_max-num-features-4096_distortion_corrected/images/frame_0008.jpg
Loading /Users/bc/brendanchambers/2026-06-18-iphone-video-to-splat/data/intermediates/gardenbed_exhaustive_max-num-features-4096_distortion_corrected/images/frame_0075.jpg
Loading /Users/bc/brendanchambers/2026-06-18-iphone-video-to-splat/data/intermediates/gardenbed_exhaustive_max-num-features-4096_distortion_corrected/images/frame_0100.jpg
Loading /Users/bc/brendanchambers/2026-06-18-iphone-video-to-splat/data/intermediates/gardenbed_exhaustive_max-num-features-4096_distortion_corrected/images/frame_0048.jpg
Loading /Users/bc/brendanchambers/2026-06-18-iphone-video-to-splat/data/intermediates/gardenbed_exhaustive_max-num-features-4096_distortion_corrected/images/frame_0088.jpg
Loading /Users/bc/brendanchambers/2026-06-18-iphone-video-to-splat/data/intermediates/gardenbed_exhaustive_max-num-features-4096_distortion_corrected/images/frame_0036.jpg
Loading /Users/bc/brendanchambers/2026-06-18-iphone-video-to-splat/data/intermediates/gardenbed_exhaustive_max-num-features-4096_distortion_corrected/images/frame_0023.jpg
Loading /Users/bc/brendanchambers/2026-06-18-iphone-video-to-splat/data/intermediates/gardenbed_exhaustive_max-num-features-4096_distortion_corrected/images/frame_0076.jpg
Loading /Users/bc/brendanchambers/2026-06-18-iphone-video-to-splat/data/intermediates/gardenbed_exhaustive_max-num-features-4096_distortion_corrected/images/frame_0009.jpg
Loading /Users/bc/brendanchambers/2026-06-18-iphone-video-to-splat/data/intermediates/gardenbed_exhaustive_max-num-features-4096_distortion_corrected/images/frame_0101.jpg
Loading /Users/bc/brendanchambers/2026-06-18-iphone-video-to-splat/data/intermediates/gardenbed_exhaustive_max-num-features-4096_distortion_corrected/images/frame_0089.jpg
Loading /Users/bc/brendanchambers/2026-06-18-iphone-video-to-splat/data/intermediates/gardenbed_exhaustive_max-num-features-4096_distortion_corrected/images/frame_0037.jpg
Loading /Users/bc/brendanchambers/2026-06-18-iphone-video-to-splat/data/intermediates/gardenbed_exhaustive_max-num-features-4096_distortion_corrected/images/frame_0062.jpg
Loading /Users/bc/brendanchambers/2026-06-18-iphone-video-to-splat/data/intermediates/gardenbed_exhaustive_max-num-features-4096_distortion_corrected/images/frame_0049.jpg
Loading /Users/bc/brendanchambers/2026-06-18-iphone-video-to-splat/data/intermediates/gardenbed_exhaustive_max-num-features-4096_distortion_corrected/images/frame_0115.jpg
Loading /Users/bc/brendanchambers/2026-06-18-iphone-video-to-splat/data/intermediates/gardenbed_exhaustive_max-num-features-4096_distortion_corrected/images/frame_0077.jpg
Loading /Users/bc/brendanchambers/2026-06-18-iphone-video-to-splat/data/intermediates/gardenbed_exhaustive_max-num-features-4096_distortion_corrected/images/frame_0024.jpg
Loading /Users/bc/brendanchambers/2026-06-18-iphone-video-to-splat/data/intermediates/gardenbed_exhaustive_max-num-features-4096_distortion_corrected/images/frame_0102.jpg
Loading /Users/bc/brendanchambers/2026-06-18-iphone-video-to-splat/data/intermediates/gardenbed_exhaustive_max-num-features-4096_distortion_corrected/images/frame_0090.jpg
Loading /Users/bc/brendanchambers/2026-06-18-iphone-video-to-splat/data/intermediates/gardenbed_exhaustive_max-num-features-4096_distortion_corrected/images/frame_0010.jpg
Loading /Users/bc/brendanchambers/2026-06-18-iphone-video-to-splat/data/intermediates/gardenbed_exhaustive_max-num-features-4096_distortion_corrected/images/frame_0038.jpg
Loading /Users/bc/brendanchambers/2026-06-18-iphone-video-to-splat/data/intermediates/gardenbed_exhaustive_max-num-features-4096_distortion_corrected/images/frame_0063.jpg
Loading /Users/bc/brendanchambers/2026-06-18-iphone-video-to-splat/data/intermediates/gardenbed_exhaustive_max-num-features-4096_distortion_corrected/images/frame_0116.jpg
Loading /Users/bc/brendanchambers/2026-06-18-iphone-video-to-splat/data/intermediates/gardenbed_exhaustive_max-num-features-4096_distortion_corrected/images/frame_0050.jpg
Loading /Users/bc/brendanchambers/2026-06-18-iphone-video-to-splat/data/intermediates/gardenbed_exhaustive_max-num-features-4096_distortion_corrected/images/frame_0078.jpg
Loading /Users/bc/brendanchambers/2026-06-18-iphone-video-to-splat/data/intermediates/gardenbed_exhaustive_max-num-features-4096_distortion_corrected/images/frame_0039.jpg
Loading /Users/bc/brendanchambers/2026-06-18-iphone-video-to-splat/data/intermediates/gardenbed_exhaustive_max-num-features-4096_distortion_corrected/images/frame_0025.jpg
Loading /Users/bc/brendanchambers/2026-06-18-iphone-video-to-splat/data/intermediates/gardenbed_exhaustive_max-num-features-4096_distortion_corrected/images/frame_0103.jpg
Loading /Users/bc/brendanchambers/2026-06-18-iphone-video-to-splat/data/intermediates/gardenbed_exhaustive_max-num-features-4096_distortion_corrected/images/frame_0117.jpg
Loading /Users/bc/brendanchambers/2026-06-18-iphone-video-to-splat/data/intermediates/gardenbed_exhaustive_max-num-features-4096_distortion_corrected/images/frame_0064.jpg
Loading /Users/bc/brendanchambers/2026-06-18-iphone-video-to-splat/data/intermediates/gardenbed_exhaustive_max-num-features-4096_distortion_corrected/images/frame_0091.jpg
Loading /Users/bc/brendanchambers/2026-06-18-iphone-video-to-splat/data/intermediates/gardenbed_exhaustive_max-num-features-4096_distortion_corrected/images/frame_0051.jpg
Loading /Users/bc/brendanchambers/2026-06-18-iphone-video-to-splat/data/intermediates/gardenbed_exhaustive_max-num-features-4096_distortion_corrected/images/frame_0011.jpg
Loading /Users/bc/brendanchambers/2026-06-18-iphone-video-to-splat/data/intermediates/gardenbed_exhaustive_max-num-features-4096_distortion_corrected/images/frame_0104.jpg
Loading /Users/bc/brendanchambers/2026-06-18-iphone-video-to-splat/data/intermediates/gardenbed_exhaustive_max-num-features-4096_distortion_corrected/images/frame_0052.jpg
Loading /Users/bc/brendanchambers/2026-06-18-iphone-video-to-splat/data/intermediates/gardenbed_exhaustive_max-num-features-4096_distortion_corrected/images/frame_0026.jpg
Loading /Users/bc/brendanchambers/2026-06-18-iphone-video-to-splat/data/intermediates/gardenbed_exhaustive_max-num-features-4096_distortion_corrected/images/frame_0065.jpg
Loading /Users/bc/brendanchambers/2026-06-18-iphone-video-to-splat/data/intermediates/gardenbed_exhaustive_max-num-features-4096_distortion_corrected/images/frame_0012.jpg
Loading /Users/bc/brendanchambers/2026-06-18-iphone-video-to-splat/data/intermediates/gardenbed_exhaustive_max-num-features-4096_distortion_corrected/images/frame_0013.jpg
init_gsplat_metal_context: loading '/Users/bc/brendanchambers/2026-06-18-iphone-video-to-splat/opensplat/build/default.metallib'
init_gsplat_metal_context: loaded '/Users/bc/brendanchambers/2026-06-18-iphone-video-to-splat/opensplat/build/default.metallib', functions: compute_cov2d_bounds_kernel, project_gaussians_backward_kernel, get_tile_bin_edges_kernel, rasterize_backward_kernel, map_gaussian_to_intersects_kernel, nd_rasterize_backward_kernel, project_gaussians_forward_kernel, compute_sh_backward_kernel, compute_sh_forward_kernel, nd_rasterize_forward_kernel
init_gsplat_metal_context: load function nd_rasterize_backward_kernel with label: (null)
init_gsplat_metal_context: load function nd_rasterize_forward_kernel with label: (null)
init_gsplat_metal_context: load function rasterize_backward_kernel with label: (null)
init_gsplat_metal_context: load function project_gaussians_forward_kernel with label: (null)
init_gsplat_metal_context: load function project_gaussians_backward_kernel with label: (null)
init_gsplat_metal_context: load function compute_sh_forward_kernel with label: (null)
init_gsplat_metal_context: load function compute_sh_backward_kernel with label: (null)
init_gsplat_metal_context: load function compute_cov2d_bounds_kernel with label: (null)
init_gsplat_metal_context: load function map_gaussian_to_intersects_kernel with label: (null)
init_gsplat_metal_context: load function get_tile_bin_edges_kernel with label: (null)
Step 10: 0.491383 (0%)
Step 20: 0.529614 (0%)
Step 30: 0.474794 (0%)
Step 40: 0.45779 (0%)
Step 50: 0.478764 (1%)
Step 60: 0.456547 (1%)
Step 70: 0.436762 (1%)
Step 80: 0.409944 (1%)
Step 90: 0.381966 (1%)
Step 100: 0.388198 (2%)
Step 110: 0.359329 (2%)
Step 120: 0.437282 (2%)
Step 130: 0.394548 (2%)
Step 140: 0.363056 (2%)
Step 150: 0.428086 (3%)
Step 160: 0.420304 (3%)
Step 170: 0.355741 (3%)
Step 180: 0.375069 (3%)
Step 190: 0.437117 (3%)
Step 200: 0.399542 (4%)
Step 210: 0.363287 (4%)
Step 220: 0.397183 (4%)
Step 230: 0.346619 (4%)
Step 240: 0.421811 (4%)
Step 250: 0.324864 (5%)
Step 260: 0.354172 (5%)
Step 270: 0.375522 (5%)
Step 280: 0.372958 (5%)
Step 290: 0.346496 (5%)
Step 300: 0.226893 (6%)
Step 310: 0.319021 (6%)
Step 320: 0.418312 (6%)
Step 330: 0.283602 (6%)
Step 340: 0.336124 (6%)
Step 350: 0.307346 (7%)
Step 360: 0.308605 (7%)
Step 370: 0.325263 (7%)
Step 380: 0.314384 (7%)
Step 390: 0.287266 (7%)
Step 400: 0.317657 (8%)
Step 410: 0.301746 (8%)
Step 420: 0.296718 (8%)
Step 430: 0.363668 (8%)
Step 440: 0.295152 (8%)
Step 450: 0.438326 (9%)
Step 460: 0.2684 (9%)
Step 470: 0.267779 (9%)
Step 480: 0.382382 (9%)
Step 490: 0.327699 (9%)
Step 500: 0.293538 (10%)
Step 510: 0.207898 (10%)
Step 520: 0.393085 (10%)
Step 530: 0.339734 (10%)
Step 540: 0.243316 (10%)
Step 550: 0.369564 (11%)
Step 560: 0.267845 (11%)
Step 570: 0.232406 (11%)
Step 580: 0.317852 (11%)
Step 590: 0.259788 (11%)
Step 600: 0.288801 (12%)
Added 40939 gaussians, new count 95032
Culled 27305 gaussians, remaining 67727
Step 610: 0.340558 (12%)
Step 620: 0.31146 (12%)
Step 630: 0.255918 (12%)
Step 640: 0.279767 (12%)
Step 650: 0.33168 (13%)
Step 660: 0.331604 (13%)
Step 670: 0.264273 (13%)
Step 680: 0.250224 (13%)
Step 690: 0.323424 (13%)
Step 700: 0.215257 (14%)
Added 66797 gaussians, new count 134524
Culled 16145 gaussians, remaining 118379
Step 710: 0.326805 (14%)
Step 720: 0.325753 (14%)
Step 730: 0.314945 (14%)
Step 740: 0.352679 (14%)
Step 750: 0.303716 (15%)
Step 760: 0.218958 (15%)
Step 770: 0.316335 (15%)
Step 780: 0.258617 (15%)
Step 790: 0.187061 (15%)
Step 800: 0.287172 (16%)
Added 97440 gaussians, new count 215819
Culled 27368 gaussians, remaining 188451
Step 810: 0.296318 (16%)
Step 820: 0.256595 (16%)
Step 830: 0.352327 (16%)
Step 840: 0.260766 (16%)
Step 850: 0.26744 (17%)
Step 860: 0.299365 (17%)
Step 870: 0.273024 (17%)
Step 880: 0.205339 (17%)
Step 890: 0.252072 (17%)
Step 900: 0.220556 (18%)
Added 127482 gaussians, new count 315933
Culled 41776 gaussians, remaining 274157
Step 910: 0.318035 (18%)
Step 920: 0.250307 (18%)
Step 930: 0.347753 (18%)
Step 940: 0.277539 (18%)
Step 950: 0.264042 (19%)
Step 960: 0.255777 (19%)
Step 970: 0.216819 (19%)
Step 980: 0.236118 (19%)
Step 990: 0.206138 (19%)
Step 1000: 0.1479 (20%)
Added 154482 gaussians, new count 428639
Culled 56088 gaussians, remaining 372551
Step 1010: 0.243674 (20%)
Step 1020: 0.168892 (20%)
Step 1030: 0.280239 (20%)
Step 1040: 0.23168 (20%)
Step 1050: 0.211751 (21%)
Step 1060: 0.219207 (21%)
Step 1070: 0.211269 (21%)
Step 1080: 0.210989 (21%)
Step 1090: 0.260073 (21%)
Step 1100: 0.284217 (22%)
Added 180176 gaussians, new count 552727
Culled 68755 gaussians, remaining 483972
Step 1110: 0.200598 (22%)
Step 1120: 0.177908 (22%)
Step 1130: 0.299208 (22%)
Step 1140: 0.209018 (22%)
Step 1150: 0.188836 (23%)
Step 1160: 0.20475 (23%)
Step 1170: 0.174528 (23%)
Step 1180: 0.143514 (23%)
Step 1190: 0.191372 (23%)
Step 1200: 0.171181 (24%)
Added 197471 gaussians, new count 681443
Culled 79726 gaussians, remaining 601717
Step 1210: 0.222191 (24%)
Step 1220: 0.218098 (24%)
Step 1230: 0.198227 (24%)
Step 1240: 0.229828 (24%)
Step 1250: 0.17753 (25%)
Step 1260: 0.260982 (25%)
Step 1270: 0.181679 (25%)
Step 1280: 0.181156 (25%)
Step 1290: 0.248173 (25%)
Step 1300: 0.234428 (26%)
Added 212566 gaussians, new count 814283
Culled 88292 gaussians, remaining 725991
Step 1310: 0.289479 (26%)
Step 1320: 0.230404 (26%)
Step 1330: 0.254952 (26%)
Step 1340: 0.221658 (26%)
Step 1350: 0.227701 (27%)
Step 1360: 0.142921 (27%)
Step 1370: 0.280023 (27%)
Step 1380: 0.209845 (27%)
Step 1390: 0.179038 (27%)
Step 1400: 0.235998 (28%)
Added 221399 gaussians, new count 947390
Culled 104264 gaussians, remaining 843126
Step 1410: 0.195407 (28%)
Step 1420: 0.227532 (28%)
Step 1430: 0.21364 (28%)
Step 1440: 0.192048 (28%)
Step 1450: 0.164024 (29%)
Step 1460: 0.167244 (29%)
Step 1470: 0.151277 (29%)
Step 1480: 0.112649 (29%)
Step 1490: 0.199906 (29%)
Step 1500: 0.199485 (30%)
Added 230230 gaussians, new count 1073356
Culled 108579 gaussians, remaining 964777
Step 1510: 0.247001 (30%)
Step 1520: 0.158014 (30%)
Step 1530: 0.222911 (30%)
Step 1540: 0.182279 (30%)
Step 1550: 0.203584 (31%)
Step 1560: 0.165081 (31%)
Step 1570: 0.221022 (31%)
Step 1580: 0.147697 (31%)
Step 1590: 0.180492 (31%)
Step 1600: 0.15591 (32%)
Added 241024 gaussians, new count 1205801
Culled 117762 gaussians, remaining 1088039
Step 1610: 0.181803 (32%)
Step 1620: 0.183131 (32%)
Step 1630: 0.140625 (32%)
Step 1640: 0.17075 (32%)
Step 1650: 0.176424 (33%)
Step 1660: 0.155697 (33%)
Step 1670: 0.167989 (33%)
Step 1680: 0.215416 (33%)
Step 1690: 0.140669 (33%)
Step 1700: 0.207964 (34%)
Added 240232 gaussians, new count 1328271
Culled 128372 gaussians, remaining 1199899
Step 1710: 0.207709 (34%)
Step 1720: 0.195686 (34%)
Step 1730: 0.200313 (34%)
Step 1740: 0.160796 (34%)
Step 1750: 0.153598 (35%)
Step 1760: 0.144503 (35%)
Step 1770: 0.198266 (35%)
Step 1780: 0.165255 (35%)
Step 1790: 0.193159 (35%)
Step 1800: 0.151684 (36%)
Added 233645 gaussians, new count 1433544
Culled 126017 gaussians, remaining 1307527
Step 1810: 0.166221 (36%)
Step 1820: 0.185824 (36%)
Step 1830: 0.17404 (36%)
Step 1840: 0.198611 (36%)
Step 1850: 0.138365 (37%)
Step 1860: 0.156982 (37%)
Step 1870: 0.180246 (37%)
Step 1880: 0.174926 (37%)
Step 1890: 0.129817 (37%)
Step 1900: 0.112808 (38%)
Added 240013 gaussians, new count 1547540
Culled 133147 gaussians, remaining 1414393
Step 1910: 0.186757 (38%)
Step 1920: 0.124668 (38%)
Step 1930: 0.149598 (38%)
Step 1940: 0.196966 (38%)
Step 1950: 0.190157 (39%)
Step 1960: 0.167578 (39%)
Step 1970: 0.236287 (39%)
Step 1980: 0.115794 (39%)
Step 1990: 0.136965 (39%)
Step 2000: 0.176285 (40%)
Added 240685 gaussians, new count 1655078
Culled 135934 gaussians, remaining 1519144
Step 2010: 0.194692 (40%)
Step 2020: 0.164887 (40%)
Step 2030: 0.166119 (40%)
Step 2040: 0.202506 (40%)
Step 2050: 0.171911 (41%)
Step 2060: 0.187132 (41%)
Step 2070: 0.12695 (41%)
Step 2080: 0.145507 (41%)
Step 2090: 0.167415 (41%)
Step 2100: 0.153515 (42%)
Added 239828 gaussians, new count 1758972
Culled 141298 gaussians, remaining 1617674
Step 2110: 0.16654 (42%)
Step 2120: 0.181565 (42%)
Step 2130: 0.165019 (42%)
Step 2140: 0.172822 (42%)
Step 2150: 0.142986 (43%)
Step 2160: 0.175108 (43%)
Step 2170: 0.14181 (43%)
Step 2180: 0.119817 (43%)
Step 2190: 0.109984 (43%)
Step 2200: 0.138538 (44%)
Added 237328 gaussians, new count 1855002
Culled 141540 gaussians, remaining 1713462
Step 2210: 0.172335 (44%)
