Using MPS
Reading 54086 points
Loading /Users/bc/brendanchambers/2026-06-18-iphone-video-to-splat/data/intermediates/gardenbed_baseline_max-num-features-4096_distortion_corrected/images/frame_0001.jpg
Loading /Users/bc/brendanchambers/2026-06-18-iphone-video-to-splat/data/intermediates/gardenbed_baseline_max-num-features-4096_distortion_corrected/images/frame_0027.jpg
Loading /Users/bc/brendanchambers/2026-06-18-iphone-video-to-splat/data/intermediates/gardenbed_baseline_max-num-features-4096_distortion_corrected/images/frame_0014.jpg
Loading /Users/bc/brendanchambers/2026-06-18-iphone-video-to-splat/data/intermediates/gardenbed_baseline_max-num-features-4096_distortion_corrected/images/frame_0053.jpg
Loading /Users/bc/brendanchambers/2026-06-18-iphone-video-to-splat/data/intermediates/gardenbed_baseline_max-num-features-4096_distortion_corrected/images/frame_0066.jpg
Loading /Users/bc/brendanchambers/2026-06-18-iphone-video-to-splat/data/intermediates/gardenbed_baseline_max-num-features-4096_distortion_corrected/images/frame_0040.jpgLoading /Users/bc/brendanchambers/2026-06-18-iphone-video-to-splat/data/intermediates/gardenbed_baseline_max-num-features-4096_distortion_corrected/images/frame_0092.jpg
Loading /Users/bc/brendanchambers/2026-06-18-iphone-video-to-splat/data/intermediates/gardenbed_baseline_max-num-features-4096_distortion_corrected/images/frame_0105.jpg
Loading /Users/bc/brendanchambers/2026-06-18-iphone-video-to-splat/data/intermediates/gardenbed_baseline_max-num-features-4096_distortion_corrected/images/frame_0118.jpg

Loading /Users/bc/brendanchambers/2026-06-18-iphone-video-to-splat/data/intermediates/gardenbed_baseline_max-num-features-4096_distortion_corrected/images/frame_0079.jpg
Loading /Users/bc/brendanchambers/2026-06-18-iphone-video-to-splat/data/intermediates/gardenbed_baseline_max-num-features-4096_distortion_corrected/images/frame_0080.jpg
Loading /Users/bc/brendanchambers/2026-06-18-iphone-video-to-splat/data/intermediates/gardenbed_baseline_max-num-features-4096_distortion_corrected/images/frame_0067.jpg
Loading /Users/bc/brendanchambers/2026-06-18-iphone-video-to-splat/data/intermediates/gardenbed_baseline_max-num-features-4096_distortion_corrected/images/frame_0015.jpg
Loading /Users/bc/brendanchambers/2026-06-18-iphone-video-to-splat/data/intermediates/gardenbed_baseline_max-num-features-4096_distortion_corrected/images/frame_0106.jpg
Loading /Users/bc/brendanchambers/2026-06-18-iphone-video-to-splat/data/intermediates/gardenbed_baseline_max-num-features-4096_distortion_corrected/images/frame_0041.jpg
Loading /Users/bc/brendanchambers/2026-06-18-iphone-video-to-splat/data/intermediates/gardenbed_baseline_max-num-features-4096_distortion_corrected/images/frame_0119.jpg
Loading /Users/bc/brendanchambers/2026-06-18-iphone-video-to-splat/data/intermediates/gardenbed_baseline_max-num-features-4096_distortion_corrected/images/frame_0054.jpg
Loading /Users/bc/brendanchambers/2026-06-18-iphone-video-to-splat/data/intermediates/gardenbed_baseline_max-num-features-4096_distortion_corrected/images/frame_0002.jpg
Loading /Users/bc/brendanchambers/2026-06-18-iphone-video-to-splat/data/intermediates/gardenbed_baseline_max-num-features-4096_distortion_corrected/images/frame_0093.jpg
Loading /Users/bc/brendanchambers/2026-06-18-iphone-video-to-splat/data/intermediates/gardenbed_baseline_max-num-features-4096_distortion_corrected/images/frame_0028.jpg
Loading /Users/bc/brendanchambers/2026-06-18-iphone-video-to-splat/data/intermediates/gardenbed_baseline_max-num-features-4096_distortion_corrected/images/frame_0068.jpg
Loading /Users/bc/brendanchambers/2026-06-18-iphone-video-to-splat/data/intermediates/gardenbed_baseline_max-num-features-4096_distortion_corrected/images/frame_0016.jpg
Loading /Users/bc/brendanchambers/2026-06-18-iphone-video-to-splat/data/intermediates/gardenbed_baseline_max-num-features-4096_distortion_corrected/images/frame_0107.jpg
Loading /Users/bc/brendanchambers/2026-06-18-iphone-video-to-splat/data/intermediates/gardenbed_baseline_max-num-features-4096_distortion_corrected/images/frame_0081.jpg
Loading /Users/bc/brendanchambers/2026-06-18-iphone-video-to-splat/data/intermediates/gardenbed_baseline_max-num-features-4096_distortion_corrected/images/frame_0042.jpg
Loading /Users/bc/brendanchambers/2026-06-18-iphone-video-to-splat/data/intermediates/gardenbed_baseline_max-num-features-4096_distortion_corrected/images/frame_0094.jpg
Loading /Users/bc/brendanchambers/2026-06-18-iphone-video-to-splat/data/intermediates/gardenbed_baseline_max-num-features-4096_distortion_corrected/images/frame_0029.jpg
Loading /Users/bc/brendanchambers/2026-06-18-iphone-video-to-splat/data/intermediates/gardenbed_baseline_max-num-features-4096_distortion_corrected/images/frame_0055.jpg
Loading /Users/bc/brendanchambers/2026-06-18-iphone-video-to-splat/data/intermediates/gardenbed_baseline_max-num-features-4096_distortion_corrected/images/frame_0120.jpg
Loading /Users/bc/brendanchambers/2026-06-18-iphone-video-to-splat/data/intermediates/gardenbed_baseline_max-num-features-4096_distortion_corrected/images/frame_0003.jpg
Loading /Users/bc/brendanchambers/2026-06-18-iphone-video-to-splat/data/intermediates/gardenbed_baseline_max-num-features-4096_distortion_corrected/images/frame_0082.jpg
Loading /Users/bc/brendanchambers/2026-06-18-iphone-video-to-splat/data/intermediates/gardenbed_baseline_max-num-features-4096_distortion_corrected/images/frame_0069.jpg
Loading /Users/bc/brendanchambers/2026-06-18-iphone-video-to-splat/data/intermediates/gardenbed_baseline_max-num-features-4096_distortion_corrected/images/frame_0017.jpg
Loading /Users/bc/brendanchambers/2026-06-18-iphone-video-to-splat/data/intermediates/gardenbed_baseline_max-num-features-4096_distortion_corrected/images/frame_0056.jpg
Loading /Users/bc/brendanchambers/2026-06-18-iphone-video-to-splat/data/intermediates/gardenbed_baseline_max-num-features-4096_distortion_corrected/images/frame_0108.jpg
Loading /Users/bc/brendanchambers/2026-06-18-iphone-video-to-splat/data/intermediates/gardenbed_baseline_max-num-features-4096_distortion_corrected/images/frame_0043.jpg
Loading /Users/bc/brendanchambers/2026-06-18-iphone-video-to-splat/data/intermediates/gardenbed_baseline_max-num-features-4096_distortion_corrected/images/frame_0121.jpg
Loading /Users/bc/brendanchambers/2026-06-18-iphone-video-to-splat/data/intermediates/gardenbed_baseline_max-num-features-4096_distortion_corrected/images/frame_0030.jpg
Loading /Users/bc/brendanchambers/2026-06-18-iphone-video-to-splat/data/intermediates/gardenbed_baseline_max-num-features-4096_distortion_corrected/images/frame_0095.jpg
Loading /Users/bc/brendanchambers/2026-06-18-iphone-video-to-splat/data/intermediates/gardenbed_baseline_max-num-features-4096_distortion_corrected/images/frame_0083.jpg
Loading /Users/bc/brendanchambers/2026-06-18-iphone-video-to-splat/data/intermediates/gardenbed_baseline_max-num-features-4096_distortion_corrected/images/frame_0018.jpg
Loading /Users/bc/brendanchambers/2026-06-18-iphone-video-to-splat/data/intermediates/gardenbed_baseline_max-num-features-4096_distortion_corrected/images/frame_0004.jpg
Loading /Users/bc/brendanchambers/2026-06-18-iphone-video-to-splat/data/intermediates/gardenbed_baseline_max-num-features-4096_distortion_corrected/images/frame_0044.jpg
Loading /Users/bc/brendanchambers/2026-06-18-iphone-video-to-splat/data/intermediates/gardenbed_baseline_max-num-features-4096_distortion_corrected/images/frame_0070.jpg
Loading /Users/bc/brendanchambers/2026-06-18-iphone-video-to-splat/data/intermediates/gardenbed_baseline_max-num-features-4096_distortion_corrected/images/frame_0031.jpg
Loading /Users/bc/brendanchambers/2026-06-18-iphone-video-to-splat/data/intermediates/gardenbed_baseline_max-num-features-4096_distortion_corrected/images/frame_0122.jpg
Loading /Users/bc/brendanchambers/2026-06-18-iphone-video-to-splat/data/intermediates/gardenbed_baseline_max-num-features-4096_distortion_corrected/images/frame_0057.jpg
Loading /Users/bc/brendanchambers/2026-06-18-iphone-video-to-splat/data/intermediates/gardenbed_baseline_max-num-features-4096_distortion_corrected/images/frame_0109.jpg
Loading /Users/bc/brendanchambers/2026-06-18-iphone-video-to-splat/data/intermediates/gardenbed_baseline_max-num-features-4096_distortion_corrected/images/frame_0084.jpg
Loading /Users/bc/brendanchambers/2026-06-18-iphone-video-to-splat/data/intermediates/gardenbed_baseline_max-num-features-4096_distortion_corrected/images/frame_0096.jpg
Loading /Users/bc/brendanchambers/2026-06-18-iphone-video-to-splat/data/intermediates/gardenbed_baseline_max-num-features-4096_distortion_corrected/images/frame_0110.jpg
Loading /Users/bc/brendanchambers/2026-06-18-iphone-video-to-splat/data/intermediates/gardenbed_baseline_max-num-features-4096_distortion_corrected/images/frame_0019.jpg
Loading /Users/bc/brendanchambers/2026-06-18-iphone-video-to-splat/data/intermediates/gardenbed_baseline_max-num-features-4096_distortion_corrected/images/frame_0005.jpg
Loading /Users/bc/brendanchambers/2026-06-18-iphone-video-to-splat/data/intermediates/gardenbed_baseline_max-num-features-4096_distortion_corrected/images/frame_0032.jpg
Loading /Users/bc/brendanchambers/2026-06-18-iphone-video-to-splat/data/intermediates/gardenbed_baseline_max-num-features-4096_distortion_corrected/images/frame_0123.jpg
Loading /Users/bc/brendanchambers/2026-06-18-iphone-video-to-splat/data/intermediates/gardenbed_baseline_max-num-features-4096_distortion_corrected/images/frame_0045.jpg
Loading /Users/bc/brendanchambers/2026-06-18-iphone-video-to-splat/data/intermediates/gardenbed_baseline_max-num-features-4096_distortion_corrected/images/frame_0071.jpg
Loading /Users/bc/brendanchambers/2026-06-18-iphone-video-to-splat/data/intermediates/gardenbed_baseline_max-num-features-4096_distortion_corrected/images/frame_0085.jpg
Loading /Users/bc/brendanchambers/2026-06-18-iphone-video-to-splat/data/intermediates/gardenbed_baseline_max-num-features-4096_distortion_corrected/images/frame_0097.jpg
Loading /Users/bc/brendanchambers/2026-06-18-iphone-video-to-splat/data/intermediates/gardenbed_baseline_max-num-features-4096_distortion_corrected/images/frame_0111.jpg
Loading /Users/bc/brendanchambers/2026-06-18-iphone-video-to-splat/data/intermediates/gardenbed_baseline_max-num-features-4096_distortion_corrected/images/frame_0058.jpg
Loading /Users/bc/brendanchambers/2026-06-18-iphone-video-to-splat/data/intermediates/gardenbed_baseline_max-num-features-4096_distortion_corrected/images/frame_0006.jpg
Loading /Users/bc/brendanchambers/2026-06-18-iphone-video-to-splat/data/intermediates/gardenbed_baseline_max-num-features-4096_distortion_corrected/images/frame_0033.jpg
Loading /Users/bc/brendanchambers/2026-06-18-iphone-video-to-splat/data/intermediates/gardenbed_baseline_max-num-features-4096_distortion_corrected/images/frame_0020.jpg
Loading /Users/bc/brendanchambers/2026-06-18-iphone-video-to-splat/data/intermediates/gardenbed_baseline_max-num-features-4096_distortion_corrected/images/frame_0072.jpg
Loading /Users/bc/brendanchambers/2026-06-18-iphone-video-to-splat/data/intermediates/gardenbed_baseline_max-num-features-4096_distortion_corrected/images/frame_0098.jpg
Loading /Users/bc/brendanchambers/2026-06-18-iphone-video-to-splat/data/intermediates/gardenbed_baseline_max-num-features-4096_distortion_corrected/images/frame_0059.jpg
Loading /Users/bc/brendanchambers/2026-06-18-iphone-video-to-splat/data/intermediates/gardenbed_baseline_max-num-features-4096_distortion_corrected/images/frame_0046.jpg
Loading /Users/bc/brendanchambers/2026-06-18-iphone-video-to-splat/data/intermediates/gardenbed_baseline_max-num-features-4096_distortion_corrected/images/frame_0034.jpg
Loading /Users/bc/brendanchambers/2026-06-18-iphone-video-to-splat/data/intermediates/gardenbed_baseline_max-num-features-4096_distortion_corrected/images/frame_0124.jpg
Loading /Users/bc/brendanchambers/2026-06-18-iphone-video-to-splat/data/intermediates/gardenbed_baseline_max-num-features-4096_distortion_corrected/images/frame_0007.jpg
Loading /Users/bc/brendanchambers/2026-06-18-iphone-video-to-splat/data/intermediates/gardenbed_baseline_max-num-features-4096_distortion_corrected/images/frame_0021.jpg
Loading /Users/bc/brendanchambers/2026-06-18-iphone-video-to-splat/data/intermediates/gardenbed_baseline_max-num-features-4096_distortion_corrected/images/frame_0073.jpg
Loading /Users/bc/brendanchambers/2026-06-18-iphone-video-to-splat/data/intermediates/gardenbed_baseline_max-num-features-4096_distortion_corrected/images/frame_0099.jpg
Loading /Users/bc/brendanchambers/2026-06-18-iphone-video-to-splat/data/intermediates/gardenbed_baseline_max-num-features-4096_distortion_corrected/images/frame_0086.jpg
Loading /Users/bc/brendanchambers/2026-06-18-iphone-video-to-splat/data/intermediates/gardenbed_baseline_max-num-features-4096_distortion_corrected/images/frame_0112.jpg
Loading /Users/bc/brendanchambers/2026-06-18-iphone-video-to-splat/data/intermediates/gardenbed_baseline_max-num-features-4096_distortion_corrected/images/frame_0035.jpg
Loading /Users/bc/brendanchambers/2026-06-18-iphone-video-to-splat/data/intermediates/gardenbed_baseline_max-num-features-4096_distortion_corrected/images/frame_0060.jpg
Loading /Users/bc/brendanchambers/2026-06-18-iphone-video-to-splat/data/intermediates/gardenbed_baseline_max-num-features-4096_distortion_corrected/images/frame_0047.jpg
Loading /Users/bc/brendanchambers/2026-06-18-iphone-video-to-splat/data/intermediates/gardenbed_baseline_max-num-features-4096_distortion_corrected/images/frame_0008.jpg
Loading /Users/bc/brendanchambers/2026-06-18-iphone-video-to-splat/data/intermediates/gardenbed_baseline_max-num-features-4096_distortion_corrected/images/frame_0100.jpg
Loading /Users/bc/brendanchambers/2026-06-18-iphone-video-to-splat/data/intermediates/gardenbed_baseline_max-num-features-4096_distortion_corrected/images/frame_0087.jpg
Loading /Users/bc/brendanchambers/2026-06-18-iphone-video-to-splat/data/intermediates/gardenbed_baseline_max-num-features-4096_distortion_corrected/images/frame_0074.jpg
Loading /Users/bc/brendanchambers/2026-06-18-iphone-video-to-splat/data/intermediates/gardenbed_baseline_max-num-features-4096_distortion_corrected/images/frame_0061.jpg
Loading /Users/bc/brendanchambers/2026-06-18-iphone-video-to-splat/data/intermediates/gardenbed_baseline_max-num-features-4096_distortion_corrected/images/frame_0022.jpg
Loading /Users/bc/brendanchambers/2026-06-18-iphone-video-to-splat/data/intermediates/gardenbed_baseline_max-num-features-4096_distortion_corrected/images/frame_0036.jpg
Loading /Users/bc/brendanchambers/2026-06-18-iphone-video-to-splat/data/intermediates/gardenbed_baseline_max-num-features-4096_distortion_corrected/images/frame_0048.jpg
Loading /Users/bc/brendanchambers/2026-06-18-iphone-video-to-splat/data/intermediates/gardenbed_baseline_max-num-features-4096_distortion_corrected/images/frame_0101.jpg
Loading /Users/bc/brendanchambers/2026-06-18-iphone-video-to-splat/data/intermediates/gardenbed_baseline_max-num-features-4096_distortion_corrected/images/frame_0088.jpg
Loading /Users/bc/brendanchambers/2026-06-18-iphone-video-to-splat/data/intermediates/gardenbed_baseline_max-num-features-4096_distortion_corrected/images/frame_0009.jpg
Loading /Users/bc/brendanchambers/2026-06-18-iphone-video-to-splat/data/intermediates/gardenbed_baseline_max-num-features-4096_distortion_corrected/images/frame_0062.jpg
Loading /Users/bc/brendanchambers/2026-06-18-iphone-video-to-splat/data/intermediates/gardenbed_baseline_max-num-features-4096_distortion_corrected/images/frame_0075.jpg
Loading /Users/bc/brendanchambers/2026-06-18-iphone-video-to-splat/data/intermediates/gardenbed_baseline_max-num-features-4096_distortion_corrected/images/frame_0037.jpg
Loading /Users/bc/brendanchambers/2026-06-18-iphone-video-to-splat/data/intermediates/gardenbed_baseline_max-num-features-4096_distortion_corrected/images/frame_0049.jpg
Loading /Users/bc/brendanchambers/2026-06-18-iphone-video-to-splat/data/intermediates/gardenbed_baseline_max-num-features-4096_distortion_corrected/images/frame_0113.jpg
Loading /Users/bc/brendanchambers/2026-06-18-iphone-video-to-splat/data/intermediates/gardenbed_baseline_max-num-features-4096_distortion_corrected/images/frame_0023.jpg
Loading /Users/bc/brendanchambers/2026-06-18-iphone-video-to-splat/data/intermediates/gardenbed_baseline_max-num-features-4096_distortion_corrected/images/frame_0089.jpg
Loading /Users/bc/brendanchambers/2026-06-18-iphone-video-to-splat/data/intermediates/gardenbed_baseline_max-num-features-4096_distortion_corrected/images/frame_0102.jpg
Loading /Users/bc/brendanchambers/2026-06-18-iphone-video-to-splat/data/intermediates/gardenbed_baseline_max-num-features-4096_distortion_corrected/images/frame_0010.jpg
Loading /Users/bc/brendanchambers/2026-06-18-iphone-video-to-splat/data/intermediates/gardenbed_baseline_max-num-features-4096_distortion_corrected/images/frame_0063.jpg
Loading /Users/bc/brendanchambers/2026-06-18-iphone-video-to-splat/data/intermediates/gardenbed_baseline_max-num-features-4096_distortion_corrected/images/frame_0114.jpg
Loading /Users/bc/brendanchambers/2026-06-18-iphone-video-to-splat/data/intermediates/gardenbed_baseline_max-num-features-4096_distortion_corrected/images/frame_0090.jpg
Loading /Users/bc/brendanchambers/2026-06-18-iphone-video-to-splat/data/intermediates/gardenbed_baseline_max-num-features-4096_distortion_corrected/images/frame_0038.jpg
Loading /Users/bc/brendanchambers/2026-06-18-iphone-video-to-splat/data/intermediates/gardenbed_baseline_max-num-features-4096_distortion_corrected/images/frame_0076.jpg
Loading /Users/bc/brendanchambers/2026-06-18-iphone-video-to-splat/data/intermediates/gardenbed_baseline_max-num-features-4096_distortion_corrected/images/frame_0024.jpg
Loading /Users/bc/brendanchambers/2026-06-18-iphone-video-to-splat/data/intermediates/gardenbed_baseline_max-num-features-4096_distortion_corrected/images/frame_0050.jpg
Loading /Users/bc/brendanchambers/2026-06-18-iphone-video-to-splat/data/intermediates/gardenbed_baseline_max-num-features-4096_distortion_corrected/images/frame_0011.jpg
Loading /Users/bc/brendanchambers/2026-06-18-iphone-video-to-splat/data/intermediates/gardenbed_baseline_max-num-features-4096_distortion_corrected/images/frame_0064.jpg
Loading /Users/bc/brendanchambers/2026-06-18-iphone-video-to-splat/data/intermediates/gardenbed_baseline_max-num-features-4096_distortion_corrected/images/frame_0115.jpg
Loading /Users/bc/brendanchambers/2026-06-18-iphone-video-to-splat/data/intermediates/gardenbed_baseline_max-num-features-4096_distortion_corrected/images/frame_0091.jpg
Loading /Users/bc/brendanchambers/2026-06-18-iphone-video-to-splat/data/intermediates/gardenbed_baseline_max-num-features-4096_distortion_corrected/images/frame_0077.jpg
Loading /Users/bc/brendanchambers/2026-06-18-iphone-video-to-splat/data/intermediates/gardenbed_baseline_max-num-features-4096_distortion_corrected/images/frame_0039.jpg
Loading /Users/bc/brendanchambers/2026-06-18-iphone-video-to-splat/data/intermediates/gardenbed_baseline_max-num-features-4096_distortion_corrected/images/frame_0051.jpg
Loading /Users/bc/brendanchambers/2026-06-18-iphone-video-to-splat/data/intermediates/gardenbed_baseline_max-num-features-4096_distortion_corrected/images/frame_0025.jpg
Loading /Users/bc/brendanchambers/2026-06-18-iphone-video-to-splat/data/intermediates/gardenbed_baseline_max-num-features-4096_distortion_corrected/images/frame_0103.jpg
Loading /Users/bc/brendanchambers/2026-06-18-iphone-video-to-splat/data/intermediates/gardenbed_baseline_max-num-features-4096_distortion_corrected/images/frame_0065.jpg
Loading /Users/bc/brendanchambers/2026-06-18-iphone-video-to-splat/data/intermediates/gardenbed_baseline_max-num-features-4096_distortion_corrected/images/frame_0012.jpg
Loading /Users/bc/brendanchambers/2026-06-18-iphone-video-to-splat/data/intermediates/gardenbed_baseline_max-num-features-4096_distortion_corrected/images/frame_0116.jpg
Loading /Users/bc/brendanchambers/2026-06-18-iphone-video-to-splat/data/intermediates/gardenbed_baseline_max-num-features-4096_distortion_corrected/images/frame_0078.jpg
Loading /Users/bc/brendanchambers/2026-06-18-iphone-video-to-splat/data/intermediates/gardenbed_baseline_max-num-features-4096_distortion_corrected/images/frame_0052.jpg
Loading /Users/bc/brendanchambers/2026-06-18-iphone-video-to-splat/data/intermediates/gardenbed_baseline_max-num-features-4096_distortion_corrected/images/frame_0104.jpg
Loading /Users/bc/brendanchambers/2026-06-18-iphone-video-to-splat/data/intermediates/gardenbed_baseline_max-num-features-4096_distortion_corrected/images/frame_0117.jpg
Loading /Users/bc/brendanchambers/2026-06-18-iphone-video-to-splat/data/intermediates/gardenbed_baseline_max-num-features-4096_distortion_corrected/images/frame_0013.jpg
Loading /Users/bc/brendanchambers/2026-06-18-iphone-video-to-splat/data/intermediates/gardenbed_baseline_max-num-features-4096_distortion_corrected/images/frame_0026.jpg
init_gsplat_metal_context: loading '/Users/bc/brendanchambers/2026-06-18-iphone-video-to-splat/opensplat/build/default.metallib'
init_gsplat_metal_context: loaded '/Users/bc/brendanchambers/2026-06-18-iphone-video-to-splat/opensplat/build/default.metallib', functions: compute_cov2d_bounds_kernel, project_gaussians_backward_kernel, get_tile_bin_edges_kernel, rasterize_backward_kernel, map_gaussian_to_intersects_kernel, nd_rasterize_backward_kernel, project_gaussians_forward_kernel, compute_sh_backward_kernel, compute_sh_forward_kernel, nd_rasterize_forward_kernel
init_gsplat_metal_context: load function nd_rasterize_backward_kernel with label: (null)
init_gsplat_metal_context: load function nd_rasterize_forward_kernel with label: (null)
init_gsplat_metal_context: load function rasterize_backward_kernel with label: (null)
init_gsplat_metal_context: load function project_gaussians_forward_kernel with label: (null)
init_gsplat_metal_context: load function project_gaussians_backward_kernel with label: (null)
init_gsplat_metal_context: load function compute_sh_forward_kernel with label: (null)
init_gsplat_metal_context: load function compute_sh_backward_kernel with label: (null)
init_gsplat_metal_context: load function compute_cov2d_bounds_kernel with label: (null)
init_gsplat_metal_context: load function map_gaussian_to_intersects_kernel with label: (null)
init_gsplat_metal_context: load function get_tile_bin_edges_kernel with label: (null)
Step 10: 0.490071 (0%)
Step 20: 0.529599 (1%)
Step 30: 0.476027 (2%)
Step 40: 0.459971 (2%)
Step 50: 0.479304 (3%)
Step 60: 0.456899 (4%)
Step 70: 0.438822 (4%)
Step 80: 0.409981 (5%)
Step 90: 0.382358 (6%)
Step 100: 0.388302 (6%)
Step 110: 0.359306 (7%)
Step 120: 0.438056 (8%)
Step 130: 0.39533 (8%)
Step 140: 0.36416 (9%)
Step 150: 0.428571 (10%)
Step 160: 0.421582 (10%)
Step 170: 0.355911 (11%)
Step 180: 0.374775 (12%)
Step 190: 0.439552 (12%)
Step 200: 0.400431 (13%)
Step 210: 0.364857 (14%)
Step 220: 0.39736 (14%)
Step 230: 0.349334 (15%)
Step 240: 0.422243 (16%)
Step 250: 0.327072 (16%)
Step 260: 0.354664 (17%)
Step 270: 0.376758 (18%)
Step 280: 0.375859 (18%)
Step 290: 0.348465 (19%)
Step 300: 0.226697 (20%)
Step 310: 0.318839 (20%)
Step 320: 0.418608 (21%)
Step 330: 0.285801 (22%)
Step 340: 0.336335 (22%)
Step 350: 0.303127 (23%)
Step 360: 0.309196 (24%)
Step 370: 0.326414 (24%)
Step 380: 0.315647 (25%)
Step 390: 0.287971 (26%)
Step 400: 0.318427 (26%)
Step 410: 0.30224 (27%)
Step 420: 0.29943 (28%)
Step 430: 0.366484 (28%)
Step 440: 0.296678 (29%)
Step 450: 0.438813 (30%)
Step 460: 0.270695 (30%)
Step 470: 0.26739 (31%)
Step 480: 0.385891 (32%)
Step 490: 0.332361 (32%)
Step 500: 0.293282 (33%)
Step 510: 0.210426 (34%)
Step 520: 0.394812 (34%)
Step 530: 0.343521 (35%)
Step 540: 0.239996 (36%)
Step 550: 0.372429 (36%)
Step 560: 0.269357 (37%)
Step 570: 0.233961 (38%)
Step 580: 0.322052 (38%)
Step 590: 0.259037 (39%)
Step 600: 0.2867 (40%)
Added 41126 gaussians, new count 95212
Culled 29318 gaussians, remaining 65894
Step 610: 0.340371 (40%)
Step 620: 0.317245 (41%)
Step 630: 0.288763 (42%)
Step 640: 0.280502 (42%)
Step 650: 0.340209 (43%)
Step 660: 0.340406 (44%)
Step 670: 0.271952 (44%)
Step 680: 0.25426 (45%)
Step 690: 0.33147 (46%)
Step 700: 0.220721 (46%)
Added 66042 gaussians, new count 131936
Culled 17274 gaussians, remaining 114662
Step 710: 0.331004 (47%)
Step 720: 0.327117 (48%)
Step 730: 0.324248 (48%)
Step 740: 0.363531 (49%)
Step 750: 0.317042 (50%)
Step 760: 0.228187 (50%)
Step 770: 0.321929 (51%)
Step 780: 0.266868 (52%)
Step 790: 0.198901 (52%)
Step 800: 0.288418 (53%)
Step 810: 0.251481 (54%)
Step 820: 0.23693 (54%)
Step 830: 0.330675 (55%)
Step 840: 0.24952 (56%)
Step 850: 0.266777 (56%)
Step 860: 0.301672 (57%)
Step 870: 0.287921 (58%)
Step 880: 0.212404 (58%)
Step 890: 0.248213 (59%)
Step 900: 0.228855 (60%)
Step 910: 0.28752 (60%)
Step 920: 0.234547 (61%)
Step 930: 0.332957 (62%)
Step 940: 0.258107 (62%)
Step 950: 0.277032 (63%)
Step 960: 0.265225 (64%)
Step 970: 0.23173 (64%)
Step 980: 0.238111 (65%)
Step 990: 0.227746 (66%)
Step 1000: 0.151313 (66%)
Step 1010: 0.203956 (67%)
Step 1020: 0.168727 (68%)
Step 1030: 0.292286 (68%)
Step 1040: 0.229413 (69%)
Step 1050: 0.216223 (70%)
Step 1060: 0.223828 (70%)
Step 1070: 0.222315 (71%)
Step 1080: 0.225654 (72%)
Step 1090: 0.270996 (72%)
Step 1100: 0.317014 (73%)
Step 1110: 0.189463 (74%)
Step 1120: 0.196291 (74%)
Step 1130: 0.323657 (75%)
Step 1140: 0.23505 (76%)
Step 1150: 0.200871 (76%)
Step 1160: 0.198063 (77%)
Step 1170: 0.183417 (78%)
Step 1180: 0.146369 (78%)
Step 1190: 0.211183 (79%)
Step 1200: 0.183062 (80%)
Step 1210: 0.230677 (80%)
Step 1220: 0.213393 (81%)
Step 1230: 0.209699 (82%)
Step 1240: 0.22222 (82%)
Step 1250: 0.193066 (83%)
Step 1260: 0.285327 (84%)
Step 1270: 0.209432 (84%)
Step 1280: 0.207659 (85%)
Step 1290: 0.290832 (86%)
Step 1300: 0.26914 (86%)
Step 1310: 0.313787 (87%)
Step 1320: 0.241828 (88%)
Step 1330: 0.256026 (88%)
Step 1340: 0.239786 (89%)
Step 1350: 0.243136 (90%)
Step 1360: 0.198281 (90%)
Step 1370: 0.32615 (91%)
Step 1380: 0.250918 (92%)
Step 1390: 0.20337 (92%)
Step 1400: 0.288822 (93%)
Step 1410: 0.203984 (94%)
Step 1420: 0.241086 (94%)
Step 1430: 0.228454 (95%)
Step 1440: 0.2086 (96%)
Step 1450: 0.200844 (96%)
Step 1460: 0.182186 (97%)
Step 1470: 0.178966 (98%)
Step 1480: 0.129778 (98%)
Step 1490: 0.249693 (99%)
Step 1500: 0.244262 (100%)
Wrote /Users/bc/brendanchambers/2026-06-18-iphone-video-to-splat/data/intermediates/gardenbed_baseline_max-num-features-4096_distortion_corrected/splats/1500steps_20260620_1710/cameras.json
Wrote /Users/bc/brendanchambers/2026-06-18-iphone-video-to-splat/data/intermediates/gardenbed_baseline_max-num-features-4096_distortion_corrected/splats/1500steps_20260620_1710/gardenbed_baseline.ply
/Users/bc/brendanchambers/2026-06-18-iphone-video-to-splat/data/intermediates/gardenbed_baseline_max-num-features-4096_distortion_corrected/images/frame_0032.jpg validation loss: 0.224118
