Using MPS
Reading 11509 points
Loading /Users/bc/brendanchambers/2026-06-18-iphone-video-to-splat/data/intermediates/test_4s_feature_comparison_max-num-features-8192_type-sift_lightglue_distortion_corrected/images/frame_0001.jpg
Loading /Users/bc/brendanchambers/2026-06-18-iphone-video-to-splat/data/intermediates/test_4s_feature_comparison_max-num-features-8192_type-sift_lightglue_distortion_corrected/images/frame_0002.jpg
Loading /Users/bc/brendanchambers/2026-06-18-iphone-video-to-splat/data/intermediates/test_4s_feature_comparison_max-num-features-8192_type-sift_lightglue_distortion_corrected/images/frame_0004.jpg
Loading /Users/bc/brendanchambers/2026-06-18-iphone-video-to-splat/data/intermediates/test_4s_feature_comparison_max-num-features-8192_type-sift_lightglue_distortion_corrected/images/frame_0005.jpg
Loading /Users/bc/brendanchambers/2026-06-18-iphone-video-to-splat/data/intermediates/test_4s_feature_comparison_max-num-features-8192_type-sift_lightglue_distortion_corrected/images/frame_0007.jpg
Loading /Users/bc/brendanchambers/2026-06-18-iphone-video-to-splat/data/intermediates/test_4s_feature_comparison_max-num-features-8192_type-sift_lightglue_distortion_corrected/images/frame_0003.jpgLoading /Users/bc/brendanchambers/2026-06-18-iphone-video-to-splat/data/intermediates/test_4s_feature_comparison_max-num-features-8192_type-sift_lightglue_distortion_corrected/images/frame_0008.jpg
Loading 
/Users/bc/brendanchambers/2026-06-18-iphone-video-to-splat/data/intermediates/test_4s_feature_comparison_max-num-features-8192_type-sift_lightglue_distortion_corrected/images/frame_0006.jpg
init_gsplat_metal_context: loading '/Users/bc/brendanchambers/2026-06-18-iphone-video-to-splat/opensplat/build/default.metallib'
init_gsplat_metal_context: loaded '/Users/bc/brendanchambers/2026-06-18-iphone-video-to-splat/opensplat/build/default.metallib', functions: compute_cov2d_bounds_kernel, project_gaussians_backward_kernel, get_tile_bin_edges_kernel, rasterize_backward_kernel, map_gaussian_to_intersects_kernel, nd_rasterize_backward_kernel, project_gaussians_forward_kernel, compute_sh_backward_kernel, compute_sh_forward_kernel, nd_rasterize_forward_kernel
init_gsplat_metal_context: load function nd_rasterize_backward_kernel with label: (null)
init_gsplat_metal_context: load function nd_rasterize_forward_kernel with label: (null)
init_gsplat_metal_context: load function rasterize_backward_kernel with label: (null)
init_gsplat_metal_context: load function project_gaussians_forward_kernel with label: (null)
init_gsplat_metal_context: load function project_gaussians_backward_kernel with label: (null)
init_gsplat_metal_context: load function compute_sh_forward_kernel with label: (null)
init_gsplat_metal_context: load function compute_sh_backward_kernel with label: (null)
init_gsplat_metal_context: load function compute_cov2d_bounds_kernel with label: (null)
init_gsplat_metal_context: load function map_gaussian_to_intersects_kernel with label: (null)
init_gsplat_metal_context: load function get_tile_bin_edges_kernel with label: (null)
Step 10: 0.304134 (0%)
Step 20: 0.255232 (1%)
Step 30: 0.245394 (2%)
Step 40: 0.322752 (2%)
Step 50: 0.260396 (3%)
Step 60: 0.313394 (4%)
Step 70: 0.25832 (4%)
Step 80: 0.253793 (5%)
Step 90: 0.299422 (6%)
Step 100: 0.238978 (6%)
Step 110: 0.241279 (7%)
Step 120: 0.194821 (8%)
Step 130: 0.243746 (8%)
Step 140: 0.24136 (9%)
Step 150: 0.225216 (10%)
Step 160: 0.18089 (10%)
Step 170: 0.217642 (11%)
Step 180: 0.232715 (12%)
Step 190: 0.231111 (12%)
Step 200: 0.213804 (13%)
Step 210: 0.210488 (14%)
Step 220: 0.181246 (14%)
Step 230: 0.201847 (15%)
Step 240: 0.159698 (16%)
Step 250: 0.174972 (16%)
Step 260: 0.246799 (17%)
Step 270: 0.152531 (18%)
Step 280: 0.191752 (18%)
Step 290: 0.167941 (19%)
Step 300: 0.19057 (20%)
Step 310: 0.238088 (20%)
Step 320: 0.190624 (21%)
Step 330: 0.20704 (22%)
Step 340: 0.204697 (22%)
Step 350: 0.181144 (23%)
Step 360: 0.180575 (24%)
Step 370: 0.178957 (24%)
Step 380: 0.157198 (25%)
Step 390: 0.177099 (26%)
Step 400: 0.176351 (26%)
Step 410: 0.22314 (27%)
Step 420: 0.153004 (28%)
Step 430: 0.173093 (28%)
Step 440: 0.220721 (29%)
Step 450: 0.151528 (30%)
Step 460: 0.170755 (30%)
Step 470: 0.216701 (31%)
Step 480: 0.127877 (32%)
Step 490: 0.167658 (32%)
Step 500: 0.125342 (33%)
Step 510: 0.172517 (34%)
Step 520: 0.166052 (34%)
Step 530: 0.165637 (35%)
Step 540: 0.123255 (36%)
Step 550: 0.122455 (36%)
Step 560: 0.122708 (37%)
Step 570: 0.143609 (38%)
Step 580: 0.183508 (38%)
Step 590: 0.168213 (39%)
Step 600: 0.142129 (40%)
Added 10805 gaussians, new count 22314
Culled 10014 gaussians, remaining 12300
Step 610: 0.246287 (40%)
Step 620: 0.191552 (41%)
Step 630: 0.180456 (42%)
Step 640: 0.193372 (42%)
Step 650: 0.171013 (43%)
Step 660: 0.168451 (44%)
Step 670: 0.166945 (44%)
Step 680: 0.13958 (45%)
Step 690: 0.175561 (46%)
Step 700: 0.153119 (46%)
Added 21003 gaussians, new count 33303
Culled 12585 gaussians, remaining 20718
Step 710: 0.247 (47%)
Step 720: 0.173731 (48%)
Step 730: 0.17961 (48%)
Step 740: 0.169847 (49%)
Step 750: 0.157139 (50%)
Step 760: 0.159182 (50%)
Step 770: 0.154537 (51%)
Step 780: 0.144306 (52%)
Step 790: 0.108463 (52%)
Step 800: 0.10374 (53%)
Step 810: 0.14297 (54%)
Step 820: 0.158888 (54%)
Step 830: 0.097692 (55%)
Step 840: 0.177342 (56%)
Step 850: 0.153457 (56%)
Step 860: 0.174537 (57%)
Step 870: 0.152278 (58%)
Step 880: 0.0944305 (58%)
Step 890: 0.149129 (59%)
Step 900: 0.113957 (60%)
Step 910: 0.171203 (60%)
Step 920: 0.113185 (61%)
Step 930: 0.124005 (62%)
Step 940: 0.145659 (62%)
Step 950: 0.14514 (63%)
Step 960: 0.0891067 (64%)
Step 970: 0.108966 (64%)
Step 980: 0.0919122 (65%)
Step 990: 0.110371 (66%)
Step 1000: 0.109645 (66%)
Step 1010: 0.164813 (67%)
Step 1020: 0.140064 (68%)
Step 1030: 0.164598 (68%)
Step 1040: 0.164221 (69%)
Step 1050: 0.083618 (70%)
Step 1060: 0.137709 (70%)
Step 1070: 0.117283 (71%)
Step 1080: 0.162545 (72%)
Step 1090: 0.11544 (72%)
Step 1100: 0.125145 (73%)
Step 1110: 0.161359 (74%)
Step 1120: 0.105711 (74%)
Step 1130: 0.122771 (75%)
Step 1140: 0.0821276 (76%)
Step 1150: 0.114341 (76%)
Step 1160: 0.1279 (77%)
Step 1170: 0.122157 (78%)
Step 1180: 0.103577 (78%)
Step 1190: 0.122344 (79%)
Step 1200: 0.0877208 (80%)
Step 1210: 0.157931 (80%)
Step 1220: 0.112785 (81%)
Step 1230: 0.0810791 (82%)
Step 1240: 0.126108 (82%)
Step 1250: 0.102706 (83%)
Step 1260: 0.124953 (84%)
Step 1270: 0.132982 (84%)
Step 1280: 0.158178 (85%)
Step 1290: 0.0792822 (86%)
Step 1300: 0.101691 (86%)
Step 1310: 0.111191 (87%)
Step 1320: 0.0858614 (88%)
Step 1330: 0.119137 (88%)
Step 1340: 0.124094 (89%)
Step 1350: 0.102568 (90%)
Step 1360: 0.0850038 (90%)
Step 1370: 0.117833 (91%)
Step 1380: 0.118239 (92%)
Step 1390: 0.130197 (92%)
Step 1400: 0.080507 (93%)
Step 1410: 0.0779911 (94%)
Step 1420: 0.117364 (94%)
Step 1430: 0.109781 (95%)
Step 1440: 0.117696 (96%)
Step 1450: 0.0770754 (96%)
Step 1460: 0.128295 (97%)
Step 1470: 0.128696 (98%)
Step 1480: 0.154999 (98%)
Step 1490: 0.0991802 (99%)
Step 1500: 0.0828505 (100%)
Wrote /Users/bc/brendanchambers/2026-06-18-iphone-video-to-splat/data/intermediates/test_4s_feature_comparison_max-num-features-8192_type-sift_lightglue_distortion_corrected/splats/1500steps_20260620_1236/cameras.json
Wrote /Users/bc/brendanchambers/2026-06-18-iphone-video-to-splat/data/intermediates/test_4s_feature_comparison_max-num-features-8192_type-sift_lightglue_distortion_corrected/splats/1500steps_20260620_1236/model_1500steps.ply
