[2026-06-21 14:29:11,685][__main__][INFO] - 
[2026-06-21 14:29:11,685][__main__][INFO] - ╔==========================================================╗
[2026-06-21 14:29:11,685][__main__][INFO] - ║          3D Gaussian Splat Training Pipeline              ║
[2026-06-21 14:29:11,686][__main__][INFO] - ╚==========================================================╝
[2026-06-21 14:29:11,686][__main__][INFO] - Experiment: teensy
[2026-06-21 14:29:11,686][__main__][INFO] - Project dir: /Users/bc/brendanchambers/2026-06-18-iphone-video-to-splat
[2026-06-21 14:29:11,686][__main__][INFO] - 
[2026-06-21 14:29:11,686][__main__][INFO] - ============================================================
[2026-06-21 14:29:11,686][__main__][INFO] - STEP 1: Frame Extraction
[2026-06-21 14:29:11,686][__main__][INFO] - ============================================================
[2026-06-21 14:29:11,686][src.frame_extractor][INFO] - Extracting frames from: /Users/bc/brendanchambers/2026-06-18-iphone-video-to-splat/data/incoming/movies/teensy.mov
[2026-06-21 14:29:11,686][src.frame_extractor][INFO] - Output directory: /Users/bc/brendanchambers/2026-06-18-iphone-video-to-splat/data/intermediates/teensy/colmap_sfm_camera_model/images
[2026-06-21 14:29:11,686][src.frame_extractor][INFO] - Extracting frames at 2 fps
[2026-06-21 14:29:11,686][src.frame_extractor][INFO] - Running command: ffmpeg -i /Users/bc/brendanchambers/2026-06-18-iphone-video-to-splat/data/incoming/movies/teensy.mov -vf fps=2 -q:v 5 /Users/bc/brendanchambers/2026-06-18-iphone-video-to-splat/data/intermediates/teensy/colmap_sfm_camera_model/images/frame_%04d.jpg
[2026-06-21 14:29:11,700][src.frame_extractor][INFO] - ffmpeg version 8.1.2 Copyright (c) 2000-2026 the FFmpeg developers
[2026-06-21 14:29:11,700][src.frame_extractor][INFO] -   built with Apple clang version 17.0.0 (clang-1700.6.4.2)
[2026-06-21 14:29:11,700][src.frame_extractor][INFO] -   configuration: --prefix=/opt/homebrew/Cellar/ffmpeg/8.1.2 --enable-shared --enable-pthreads --enable-version3 --cc=clang --host-cflags= --host-ldflags= --enable-ffplay --enable-gpl --enable-libsvtav1 --enable-libopus --enable-libx264 --enable-libmp3lame --enable-libdav1d --enable-libvmaf --enable-libvpx --enable-libx265 --enable-openssl --enable-videotoolbox --enable-audiotoolbox --enable-neon
[2026-06-21 14:29:11,700][src.frame_extractor][INFO] -   libavutil      60. 26.102 / 60. 26.102
[2026-06-21 14:29:11,700][src.frame_extractor][INFO] -   libavcodec     62. 28.102 / 62. 28.102
[2026-06-21 14:29:11,700][src.frame_extractor][INFO] -   libavformat    62. 12.102 / 62. 12.102
[2026-06-21 14:29:11,700][src.frame_extractor][INFO] -   libavdevice    62.  3.102 / 62.  3.102
[2026-06-21 14:29:11,700][src.frame_extractor][INFO] -   libavfilter    11. 14.102 / 11. 14.102
[2026-06-21 14:29:11,700][src.frame_extractor][INFO] -   libswscale      9.  5.102 /  9.  5.102
[2026-06-21 14:29:11,700][src.frame_extractor][INFO] -   libswresample   6.  3.102 /  6.  3.102
[2026-06-21 14:29:11,714][src.frame_extractor][INFO] - Input #0, mov,mp4,m4a,3gp,3g2,mj2, from '/Users/bc/brendanchambers/2026-06-18-iphone-video-to-splat/data/incoming/movies/teensy.mov':
[2026-06-21 14:29:11,714][src.frame_extractor][INFO] -   Metadata:
[2026-06-21 14:29:11,714][src.frame_extractor][INFO] -     major_brand     : qt
[2026-06-21 14:29:11,714][src.frame_extractor][INFO] -     minor_version   : 512
[2026-06-21 14:29:11,714][src.frame_extractor][INFO] -     compatible_brands: qt
[2026-06-21 14:29:11,714][src.frame_extractor][INFO] -     encoder         : Lavf62.12.102
[2026-06-21 14:29:11,714][src.frame_extractor][INFO] -   Duration: 00:00:04.01, start: 0.000000, bitrate: 19786 kb/s
[2026-06-21 14:29:11,714][src.frame_extractor][INFO] -   Stream #0:0[0x1]: Video: h264 (High) (avc1 / 0x31637661), yuv420p(tv, bt709, progressive), 1080x1920, 19646 kb/s, 29.67 fps, 29.67 tbr, 11392 tbn (default)
[2026-06-21 14:29:11,714][src.frame_extractor][INFO] -     Metadata:
[2026-06-21 14:29:11,714][src.frame_extractor][INFO] -       handler_name    : Core Media Video
[2026-06-21 14:29:11,714][src.frame_extractor][INFO] -       vendor_id       : FFMP
[2026-06-21 14:29:11,714][src.frame_extractor][INFO] -       encoder         : Lavc62.28.102 libx264
[2026-06-21 14:29:11,714][src.frame_extractor][INFO] -   Stream #0:1[0x2]: Audio: aac (LC) (mp4a / 0x6134706D), 48000 Hz, stereo, fltp, 128 kb/s (default)
[2026-06-21 14:29:11,714][src.frame_extractor][INFO] -     Metadata:
[2026-06-21 14:29:11,714][src.frame_extractor][INFO] -       handler_name    : Core Media Audio
[2026-06-21 14:29:11,714][src.frame_extractor][INFO] -       vendor_id       : [0][0][0][0]
[2026-06-21 14:29:11,714][src.frame_extractor][INFO] - Stream mapping:
[2026-06-21 14:29:11,714][src.frame_extractor][INFO] -   Stream #0:0 -> #0:0 (h264 (native) -> mjpeg (native))
[2026-06-21 14:29:11,714][src.frame_extractor][INFO] - Press [q] to stop, [?] for help
[2026-06-21 14:29:11,762][src.frame_extractor][INFO] - Output #0, image2, to '/Users/bc/brendanchambers/2026-06-18-iphone-video-to-splat/data/intermediates/teensy/colmap_sfm_camera_model/images/frame_%04d.jpg':
[2026-06-21 14:29:11,763][src.frame_extractor][INFO] -   Metadata:
[2026-06-21 14:29:11,763][src.frame_extractor][INFO] -     major_brand     : qt
[2026-06-21 14:29:11,763][src.frame_extractor][INFO] -     minor_version   : 512
[2026-06-21 14:29:11,763][src.frame_extractor][INFO] -     compatible_brands: qt
[2026-06-21 14:29:11,763][src.frame_extractor][INFO] -     encoder         : Lavf62.12.102
[2026-06-21 14:29:11,763][src.frame_extractor][INFO] -   Stream #0:0: Video: mjpeg, yuv420p(pc, bt709, progressive), 1080x1920, q=2-31, 200 kb/s, 2 fps, 2 tbn (default)
[2026-06-21 14:29:11,763][src.frame_extractor][INFO] -     Metadata:
[2026-06-21 14:29:11,763][src.frame_extractor][INFO] -       encoder         : Lavc62.28.102 mjpeg
[2026-06-21 14:29:11,763][src.frame_extractor][INFO] -       handler_name    : Core Media Video
[2026-06-21 14:29:11,764][src.frame_extractor][INFO] -       vendor_id       : FFMP
[2026-06-21 14:29:11,764][src.frame_extractor][INFO] -     Side data:
[2026-06-21 14:29:11,764][src.frame_extractor][INFO] -       CPB properties: bitrate max/min/avg: 0/0/200000 buffer size: 0 vbv_delay: N/A
[2026-06-21 14:29:11,903][src.frame_extractor][INFO] - [out#0/image2 @ 0x600002ce4600] video:3120KiB audio:0KiB subtitle:0KiB other streams:0KiB global headers:0KiB muxing overhead: unknown
[2026-06-21 14:29:11,903][src.frame_extractor][INFO] - frame=    8 fps=0.0 q=5.0 Lsize=N/A time=00:00:04.00 bitrate=N/A speed=21.2x elapsed=0:00:00.18
[2026-06-21 14:29:11,906][src.frame_extractor][INFO] - Successfully extracted 8 frames
[2026-06-21 14:29:11,906][__main__][INFO] - ✓ Frame extraction completed
[2026-06-21 14:29:11,906][__main__][INFO] - ============================================================
[2026-06-21 14:29:11,906][__main__][INFO] - STEP 2: Feature Extraction
[2026-06-21 14:29:11,906][__main__][INFO] - ============================================================
[2026-06-21 14:29:11,907][src.colmap_feature_extractor][INFO] - Extracting features from images: /Users/bc/brendanchambers/2026-06-18-iphone-video-to-splat/data/intermediates/teensy/colmap_sfm_camera_model/images
[2026-06-21 14:29:11,907][src.colmap_feature_extractor][INFO] - Database: /Users/bc/brendanchambers/2026-06-18-iphone-video-to-splat/data/intermediates/teensy/colmap_sfm_camera_model/database.db
[2026-06-21 14:29:11,907][src.colmap_feature_extractor][INFO] - Running: colmap feature_extractor
[2026-06-21 14:29:12,065][src.colmap_feature_extractor][INFO] - I20260621 14:29:12.065518 0x16d55b000 feature_extraction.cc:504] === Feature extraction ===
[2026-06-21 14:29:12,084][src.colmap_feature_extractor][INFO] - I20260621 14:29:12.084160 0x16db5f000 sift.cc:757] Creating SIFT GPU feature extractor
[2026-06-21 14:29:12,217][src.colmap_feature_extractor][INFO] - I20260621 14:29:12.216957 0x16dbeb000 feature_extraction.cc:282] Processed file [1/8]
[2026-06-21 14:29:12,217][src.colmap_feature_extractor][INFO] - I20260621 14:29:12.216975 0x16dbeb000 feature_extraction.cc:285]   Name:            frame_0001.jpg
[2026-06-21 14:29:12,217][src.colmap_feature_extractor][INFO] - I20260621 14:29:12.216977 0x16dbeb000 feature_extraction.cc:294]   Dimensions:      1080 x 1920
[2026-06-21 14:29:12,217][src.colmap_feature_extractor][INFO] - I20260621 14:29:12.216979 0x16dbeb000 feature_extraction.cc:297]   Camera:          #1 - RADIAL
[2026-06-21 14:29:12,217][src.colmap_feature_extractor][INFO] - I20260621 14:29:12.216987 0x16dbeb000 feature_extraction.cc:300]   Focal Length:    2304.00px
[2026-06-21 14:29:12,217][src.colmap_feature_extractor][INFO] - I20260621 14:29:12.216990 0x16dbeb000 feature_extraction.cc:304]   Features:        4449 (SIFT)
[2026-06-21 14:29:12,278][src.colmap_feature_extractor][INFO] - I20260621 14:29:12.278012 0x16dbeb000 feature_extraction.cc:282] Processed file [2/8]
[2026-06-21 14:29:12,278][src.colmap_feature_extractor][INFO] - I20260621 14:29:12.278030 0x16dbeb000 feature_extraction.cc:285]   Name:            frame_0002.jpg
[2026-06-21 14:29:12,278][src.colmap_feature_extractor][INFO] - I20260621 14:29:12.278032 0x16dbeb000 feature_extraction.cc:294]   Dimensions:      1080 x 1920
[2026-06-21 14:29:12,278][src.colmap_feature_extractor][INFO] - I20260621 14:29:12.278034 0x16dbeb000 feature_extraction.cc:297]   Camera:          #1 - RADIAL
[2026-06-21 14:29:12,278][src.colmap_feature_extractor][INFO] - I20260621 14:29:12.278036 0x16dbeb000 feature_extraction.cc:300]   Focal Length:    2304.00px
[2026-06-21 14:29:12,278][src.colmap_feature_extractor][INFO] - I20260621 14:29:12.278039 0x16dbeb000 feature_extraction.cc:304]   Features:        4766 (SIFT)
[2026-06-21 14:29:12,333][src.colmap_feature_extractor][INFO] - I20260621 14:29:12.333697 0x16dbeb000 feature_extraction.cc:282] Processed file [3/8]
[2026-06-21 14:29:12,333][src.colmap_feature_extractor][INFO] - I20260621 14:29:12.333715 0x16dbeb000 feature_extraction.cc:285]   Name:            frame_0003.jpg
[2026-06-21 14:29:12,334][src.colmap_feature_extractor][INFO] - I20260621 14:29:12.333718 0x16dbeb000 feature_extraction.cc:294]   Dimensions:      1080 x 1920
[2026-06-21 14:29:12,334][src.colmap_feature_extractor][INFO] - I20260621 14:29:12.333720 0x16dbeb000 feature_extraction.cc:297]   Camera:          #1 - RADIAL
[2026-06-21 14:29:12,334][src.colmap_feature_extractor][INFO] - I20260621 14:29:12.333722 0x16dbeb000 feature_extraction.cc:300]   Focal Length:    2304.00px
[2026-06-21 14:29:12,334][src.colmap_feature_extractor][INFO] - I20260621 14:29:12.333725 0x16dbeb000 feature_extraction.cc:304]   Features:        5561 (SIFT)
[2026-06-21 14:29:12,389][src.colmap_feature_extractor][INFO] - I20260621 14:29:12.389280 0x16dbeb000 feature_extraction.cc:282] Processed file [4/8]
[2026-06-21 14:29:12,389][src.colmap_feature_extractor][INFO] - I20260621 14:29:12.389293 0x16dbeb000 feature_extraction.cc:285]   Name:            frame_0004.jpg
[2026-06-21 14:29:12,389][src.colmap_feature_extractor][INFO] - I20260621 14:29:12.389295 0x16dbeb000 feature_extraction.cc:294]   Dimensions:      1080 x 1920
[2026-06-21 14:29:12,389][src.colmap_feature_extractor][INFO] - I20260621 14:29:12.389297 0x16dbeb000 feature_extraction.cc:297]   Camera:          #1 - RADIAL
[2026-06-21 14:29:12,389][src.colmap_feature_extractor][INFO] - I20260621 14:29:12.389299 0x16dbeb000 feature_extraction.cc:300]   Focal Length:    2304.00px
[2026-06-21 14:29:12,389][src.colmap_feature_extractor][INFO] - I20260621 14:29:12.389301 0x16dbeb000 feature_extraction.cc:304]   Features:        6351 (SIFT)
[2026-06-21 14:29:12,441][src.colmap_feature_extractor][INFO] - I20260621 14:29:12.441375 0x16dbeb000 feature_extraction.cc:282] Processed file [5/8]
[2026-06-21 14:29:12,441][src.colmap_feature_extractor][INFO] - I20260621 14:29:12.441387 0x16dbeb000 feature_extraction.cc:285]   Name:            frame_0005.jpg
[2026-06-21 14:29:12,441][src.colmap_feature_extractor][INFO] - I20260621 14:29:12.441390 0x16dbeb000 feature_extraction.cc:294]   Dimensions:      1080 x 1920
[2026-06-21 14:29:12,441][src.colmap_feature_extractor][INFO] - I20260621 14:29:12.441392 0x16dbeb000 feature_extraction.cc:297]   Camera:          #1 - RADIAL
[2026-06-21 14:29:12,441][src.colmap_feature_extractor][INFO] - I20260621 14:29:12.441394 0x16dbeb000 feature_extraction.cc:300]   Focal Length:    2304.00px
[2026-06-21 14:29:12,441][src.colmap_feature_extractor][INFO] - I20260621 14:29:12.441397 0x16dbeb000 feature_extraction.cc:304]   Features:        4609 (SIFT)
[2026-06-21 14:29:12,495][src.colmap_feature_extractor][INFO] - I20260621 14:29:12.495567 0x16dbeb000 feature_extraction.cc:282] Processed file [6/8]
[2026-06-21 14:29:12,495][src.colmap_feature_extractor][INFO] - I20260621 14:29:12.495591 0x16dbeb000 feature_extraction.cc:285]   Name:            frame_0006.jpg
[2026-06-21 14:29:12,495][src.colmap_feature_extractor][INFO] - I20260621 14:29:12.495593 0x16dbeb000 feature_extraction.cc:294]   Dimensions:      1080 x 1920
[2026-06-21 14:29:12,495][src.colmap_feature_extractor][INFO] - I20260621 14:29:12.495594 0x16dbeb000 feature_extraction.cc:297]   Camera:          #1 - RADIAL
[2026-06-21 14:29:12,495][src.colmap_feature_extractor][INFO] - I20260621 14:29:12.495597 0x16dbeb000 feature_extraction.cc:300]   Focal Length:    2304.00px
[2026-06-21 14:29:12,495][src.colmap_feature_extractor][INFO] - I20260621 14:29:12.495600 0x16dbeb000 feature_extraction.cc:304]   Features:        4916 (SIFT)
[2026-06-21 14:29:12,549][src.colmap_feature_extractor][INFO] - I20260621 14:29:12.549753 0x16dbeb000 feature_extraction.cc:282] Processed file [7/8]
[2026-06-21 14:29:12,550][src.colmap_feature_extractor][INFO] - I20260621 14:29:12.549767 0x16dbeb000 feature_extraction.cc:285]   Name:            frame_0007.jpg
[2026-06-21 14:29:12,550][src.colmap_feature_extractor][INFO] - I20260621 14:29:12.549770 0x16dbeb000 feature_extraction.cc:294]   Dimensions:      1080 x 1920
[2026-06-21 14:29:12,550][src.colmap_feature_extractor][INFO] - I20260621 14:29:12.549771 0x16dbeb000 feature_extraction.cc:297]   Camera:          #1 - RADIAL
[2026-06-21 14:29:12,550][src.colmap_feature_extractor][INFO] - I20260621 14:29:12.549773 0x16dbeb000 feature_extraction.cc:300]   Focal Length:    2304.00px
[2026-06-21 14:29:12,550][src.colmap_feature_extractor][INFO] - I20260621 14:29:12.549777 0x16dbeb000 feature_extraction.cc:304]   Features:        4134 (SIFT)
[2026-06-21 14:29:12,606][src.colmap_feature_extractor][INFO] - I20260621 14:29:12.606170 0x16dbeb000 feature_extraction.cc:282] Processed file [8/8]
[2026-06-21 14:29:12,606][src.colmap_feature_extractor][INFO] - I20260621 14:29:12.606207 0x16dbeb000 feature_extraction.cc:285]   Name:            frame_0008.jpg
[2026-06-21 14:29:12,606][src.colmap_feature_extractor][INFO] - I20260621 14:29:12.606209 0x16dbeb000 feature_extraction.cc:294]   Dimensions:      1080 x 1920
[2026-06-21 14:29:12,606][src.colmap_feature_extractor][INFO] - I20260621 14:29:12.606211 0x16dbeb000 feature_extraction.cc:297]   Camera:          #1 - RADIAL
[2026-06-21 14:29:12,606][src.colmap_feature_extractor][INFO] - I20260621 14:29:12.606213 0x16dbeb000 feature_extraction.cc:300]   Focal Length:    2304.00px
[2026-06-21 14:29:12,606][src.colmap_feature_extractor][INFO] - I20260621 14:29:12.606216 0x16dbeb000 feature_extraction.cc:304]   Features:        6773 (SIFT)
[2026-06-21 14:29:12,611][src.colmap_feature_extractor][INFO] - I20260621 14:29:12.611823 0x16d55b000 timer.cc:90] Elapsed time: 0.009 [minutes]
[2026-06-21 14:29:12,631][src.colmap_feature_extractor][INFO] - Feature extraction completed successfully
[2026-06-21 14:29:12,632][__main__][INFO] - ✓ Feature extraction completed
[2026-06-21 14:29:12,632][__main__][INFO] - ============================================================
[2026-06-21 14:29:12,632][__main__][INFO] - STEP 3: Feature Matching
[2026-06-21 14:29:12,632][__main__][INFO] - ============================================================
[2026-06-21 14:29:12,632][src.colmap_feature_matcher][INFO] - Matching features in database: /Users/bc/brendanchambers/2026-06-18-iphone-video-to-splat/data/intermediates/teensy/colmap_sfm_camera_model/database.db
[2026-06-21 14:29:12,632][src.colmap_feature_matcher][INFO] - Running: colmap sequential_matcher
[2026-06-21 14:29:12,790][src.colmap_feature_matcher][INFO] - I20260621 14:29:12.789818 0x16d2a3000 feature_matching.cc:195] === Feature matching & geometric verification ===
[2026-06-21 14:29:12,803][src.colmap_feature_matcher][INFO] - I20260621 14:29:12.803451 0x16d32f000 sift.cc:1559] Creating SIFT GPU feature matcher
[2026-06-21 14:29:12,826][src.colmap_feature_matcher][INFO] - I20260621 14:29:12.826308 0x16d2a3000 pairing.cc:415] Generating sequential image pairs...
[2026-06-21 14:29:12,826][src.colmap_feature_matcher][INFO] - I20260621 14:29:12.826395 0x16d2a3000 pairing.cc:473] Processing image [1/8]
[2026-06-21 14:29:12,898][src.colmap_feature_matcher][INFO] - I20260621 14:29:12.898334 0x16d2a3000 feature_matching.cc:217] in 0.072s
[2026-06-21 14:29:12,898][src.colmap_feature_matcher][INFO] - I20260621 14:29:12.898350 0x16d2a3000 pairing.cc:473] Processing image [2/8]
[2026-06-21 14:29:12,956][src.colmap_feature_matcher][INFO] - I20260621 14:29:12.956859 0x16d2a3000 feature_matching.cc:217] in 0.059s
[2026-06-21 14:29:12,956][src.colmap_feature_matcher][INFO] - I20260621 14:29:12.956868 0x16d2a3000 pairing.cc:473] Processing image [3/8]
[2026-06-21 14:29:13,018][src.colmap_feature_matcher][INFO] - I20260621 14:29:13.018565 0x16d2a3000 feature_matching.cc:217] in 0.062s
[2026-06-21 14:29:13,018][src.colmap_feature_matcher][INFO] - I20260621 14:29:13.018572 0x16d2a3000 pairing.cc:473] Processing image [4/8]
[2026-06-21 14:29:13,091][src.colmap_feature_matcher][INFO] - I20260621 14:29:13.091438 0x16d2a3000 feature_matching.cc:217] in 0.073s
[2026-06-21 14:29:13,091][src.colmap_feature_matcher][INFO] - I20260621 14:29:13.091444 0x16d2a3000 pairing.cc:473] Processing image [5/8]
[2026-06-21 14:29:13,123][src.colmap_feature_matcher][INFO] - I20260621 14:29:13.123069 0x16d2a3000 feature_matching.cc:217] in 0.032s
[2026-06-21 14:29:13,123][src.colmap_feature_matcher][INFO] - I20260621 14:29:13.123073 0x16d2a3000 pairing.cc:473] Processing image [6/8]
[2026-06-21 14:29:13,163][src.colmap_feature_matcher][INFO] - I20260621 14:29:13.163504 0x16d2a3000 feature_matching.cc:217] in 0.040s
[2026-06-21 14:29:13,163][src.colmap_feature_matcher][INFO] - I20260621 14:29:13.163509 0x16d2a3000 pairing.cc:473] Processing image [7/8]
[2026-06-21 14:29:13,185][src.colmap_feature_matcher][INFO] - I20260621 14:29:13.185738 0x16d2a3000 feature_matching.cc:217] in 0.022s
[2026-06-21 14:29:13,185][src.colmap_feature_matcher][INFO] - I20260621 14:29:13.185741 0x16d2a3000 pairing.cc:473] Processing image [8/8]
[2026-06-21 14:29:13,185][src.colmap_feature_matcher][INFO] - I20260621 14:29:13.185743 0x16d2a3000 feature_matching.cc:217] in 0.000s
[2026-06-21 14:29:13,185][src.colmap_feature_matcher][INFO] - I20260621 14:29:13.185745 0x16d2a3000 timer.cc:90] Elapsed time: 0.007 [minutes]
[2026-06-21 14:29:13,193][src.colmap_feature_matcher][INFO] - Feature matching completed successfully
[2026-06-21 14:29:13,193][__main__][INFO] - ✓ Feature matching completed
[2026-06-21 14:29:13,193][__main__][INFO] - ============================================================
[2026-06-21 14:29:13,193][__main__][INFO] - STEP 4: Sparse Reconstruction
[2026-06-21 14:29:13,193][__main__][INFO] - ============================================================
[2026-06-21 14:29:13,194][src.colmap_mapper][INFO] - Performing sparse reconstruction
[2026-06-21 14:29:13,194][src.colmap_mapper][INFO] - Database: /Users/bc/brendanchambers/2026-06-18-iphone-video-to-splat/data/intermediates/teensy/colmap_sfm_camera_model/database.db
[2026-06-21 14:29:13,194][src.colmap_mapper][INFO] - Images: /Users/bc/brendanchambers/2026-06-18-iphone-video-to-splat/data/intermediates/teensy/colmap_sfm_camera_model/images
[2026-06-21 14:29:13,194][src.colmap_mapper][INFO] - Output: /Users/bc/brendanchambers/2026-06-18-iphone-video-to-splat/data/intermediates/teensy/colmap_sfm_camera_model/sparse
[2026-06-21 14:29:13,194][src.colmap_mapper][INFO] - Running: colmap mapper
[2026-06-21 14:29:13,241][src.colmap_mapper][INFO] - I20260621 14:29:13.240848 0x1fde420c0 incremental_pipeline.cc:278] Loading database
[2026-06-21 14:29:13,241][src.colmap_mapper][INFO] - I20260621 14:29:13.241139 0x1fde420c0 database_cache.cc:72] Loading rigs...
[2026-06-21 14:29:13,241][src.colmap_mapper][INFO] - I20260621 14:29:13.241160 0x1fde420c0 database_cache.cc:82]  1 in 0.000s
[2026-06-21 14:29:13,241][src.colmap_mapper][INFO] - I20260621 14:29:13.241163 0x1fde420c0 database_cache.cc:90] Loading cameras...
[2026-06-21 14:29:13,241][src.colmap_mapper][INFO] - I20260621 14:29:13.241172 0x1fde420c0 database_cache.cc:108]  1 in 0.000s
[2026-06-21 14:29:13,241][src.colmap_mapper][INFO] - I20260621 14:29:13.241174 0x1fde420c0 database_cache.cc:116] Loading frames...
[2026-06-21 14:29:13,241][src.colmap_mapper][INFO] - I20260621 14:29:13.241192 0x1fde420c0 database_cache.cc:126]  8 in 0.000s
[2026-06-21 14:29:13,241][src.colmap_mapper][INFO] - I20260621 14:29:13.241194 0x1fde420c0 database_cache.cc:134] Loading matches...
[2026-06-21 14:29:13,241][src.colmap_mapper][INFO] - I20260621 14:29:13.241258 0x1fde420c0 database_cache.cc:139]  17 in 0.000s
[2026-06-21 14:29:13,241][src.colmap_mapper][INFO] - I20260621 14:29:13.241260 0x1fde420c0 database_cache.cc:147] Loading images...
[2026-06-21 14:29:13,241][src.colmap_mapper][INFO] - I20260621 14:29:13.241808 0x1fde420c0 database_cache.cc:241]  8 in 0.001s (connected 8, loaded 8)
[2026-06-21 14:29:13,241][src.colmap_mapper][INFO] - I20260621 14:29:13.241811 0x1fde420c0 database_cache.cc:255] Loading pose priors...
[2026-06-21 14:29:13,241][src.colmap_mapper][INFO] - I20260621 14:29:13.241817 0x1fde420c0 database_cache.cc:263]  0 in 0.000s
[2026-06-21 14:29:13,241][src.colmap_mapper][INFO] - I20260621 14:29:13.241819 0x1fde420c0 database_cache.cc:271] Building correspondence graph...
[2026-06-21 14:29:13,242][src.colmap_mapper][INFO] - I20260621 14:29:13.242596 0x1fde420c0 database_cache.cc:300]  in 0.001s (ignored 0)
[2026-06-21 14:29:13,242][src.colmap_mapper][INFO] - I20260621 14:29:13.242599 0x1fde420c0 timer.cc:90] Elapsed time: 0.000 [minutes]
[2026-06-21 14:29:13,242][src.colmap_mapper][INFO] - I20260621 14:29:13.242689 0x1fde420c0 incremental_pipeline.cc:390] Finding good initial image pair
[2026-06-21 14:29:13,252][src.colmap_mapper][INFO] - I20260621 14:29:13.252555 0x1fde420c0 incremental_pipeline.cc:414] Registering initial image pair #2 and #4
[2026-06-21 14:29:13,253][src.colmap_mapper][INFO] - I20260621 14:29:13.253146 0x1fde420c0 incremental_pipeline.cc:432] Global bundle adjustment
[2026-06-21 14:29:13,274][src.colmap_mapper][INFO] - I20260621 14:29:13.274390 0x1fde420c0 incremental_pipeline.cc:537] Registering image #3 (num_reg_frames=2)
[2026-06-21 14:29:13,274][src.colmap_mapper][INFO] - I20260621 14:29:13.274396 0x1fde420c0 incremental_pipeline.cc:540] => Image sees 149 / 1892 points
[2026-06-21 14:29:13,321][src.colmap_mapper][INFO] - I20260621 14:29:13.321441 0x1fde420c0 incremental_pipeline.cc:79] Retriangulation and Global bundle adjustment
[2026-06-21 14:29:13,336][src.colmap_mapper][INFO] - I20260621 14:29:13.336005 0x1fde420c0 incremental_pipeline.cc:537] Registering image #6 (num_reg_frames=3)
[2026-06-21 14:29:13,336][src.colmap_mapper][INFO] - I20260621 14:29:13.336010 0x1fde420c0 incremental_pipeline.cc:540] => Image sees 496 / 2128 points
[2026-06-21 14:29:13,389][src.colmap_mapper][INFO] - I20260621 14:29:13.389451 0x1fde420c0 incremental_pipeline.cc:79] Retriangulation and Global bundle adjustment
[2026-06-21 14:29:13,410][src.colmap_mapper][INFO] - I20260621 14:29:13.410978 0x1fde420c0 incremental_pipeline.cc:537] Registering image #5 (num_reg_frames=4)
[2026-06-21 14:29:13,411][src.colmap_mapper][INFO] - I20260621 14:29:13.410983 0x1fde420c0 incremental_pipeline.cc:540] => Image sees 1052 / 2461 points
[2026-06-21 14:29:13,452][src.colmap_mapper][INFO] - I20260621 14:29:13.452032 0x1fde420c0 incremental_pipeline.cc:79] Retriangulation and Global bundle adjustment
[2026-06-21 14:29:13,483][src.colmap_mapper][INFO] - I20260621 14:29:13.483238 0x1fde420c0 incremental_pipeline.cc:537] Registering image #1 (num_reg_frames=5)
[2026-06-21 14:29:13,483][src.colmap_mapper][INFO] - I20260621 14:29:13.483244 0x1fde420c0 incremental_pipeline.cc:540] => Image sees 536 / 1825 points
[2026-06-21 14:29:13,528][src.colmap_mapper][INFO] - I20260621 14:29:13.528373 0x1fde420c0 incremental_pipeline.cc:79] Retriangulation and Global bundle adjustment
[2026-06-21 14:29:13,556][src.colmap_mapper][INFO] - I20260621 14:29:13.556263 0x1fde420c0 incremental_pipeline.cc:537] Registering image #7 (num_reg_frames=6)
[2026-06-21 14:29:13,556][src.colmap_mapper][INFO] - I20260621 14:29:13.556268 0x1fde420c0 incremental_pipeline.cc:540] => Image sees 436 / 1676 points
[2026-06-21 14:29:13,591][src.colmap_mapper][INFO] - I20260621 14:29:13.591307 0x1fde420c0 incremental_pipeline.cc:79] Retriangulation and Global bundle adjustment
[2026-06-21 14:29:13,626][src.colmap_mapper][INFO] - I20260621 14:29:13.626672 0x1fde420c0 incremental_pipeline.cc:537] Registering image #8 (num_reg_frames=7)
[2026-06-21 14:29:13,626][src.colmap_mapper][INFO] - I20260621 14:29:13.626678 0x1fde420c0 incremental_pipeline.cc:540] => Image sees 480 / 1376 points
[2026-06-21 14:29:13,657][src.colmap_mapper][INFO] - I20260621 14:29:13.657300 0x1fde420c0 incremental_pipeline.cc:79] Retriangulation and Global bundle adjustment
[2026-06-21 14:29:13,692][src.colmap_mapper][INFO] - I20260621 14:29:13.692039 0x1fde420c0 incremental_pipeline.cc:79] Retriangulation and Global bundle adjustment
[2026-06-21 14:29:13,700][src.colmap_mapper][INFO] - I20260621 14:29:13.700445 0x1fde420c0 incremental_pipeline.cc:723] Keeping successful reconstruction
[2026-06-21 14:29:13,702][src.colmap_mapper][INFO] - I20260621 14:29:13.702664 0x1fde420c0 timer.cc:90] Elapsed time: 0.008 [minutes]
[2026-06-21 14:29:13,705][src.colmap_mapper][INFO] - Sparse reconstruction completed successfully
[2026-06-21 14:29:13,705][__main__][INFO] - ✓ Sparse reconstruction completed
[2026-06-21 14:29:13,705][__main__][INFO] - ============================================================
[2026-06-21 14:29:13,705][__main__][INFO] - STEP 5: Image Undistortion
[2026-06-21 14:29:13,705][__main__][INFO] - ============================================================
[2026-06-21 14:29:13,706][src.colmap_undistorter][INFO] - Undistorting images
[2026-06-21 14:29:13,706][src.colmap_undistorter][INFO] - Input model: /Users/bc/brendanchambers/2026-06-18-iphone-video-to-splat/data/intermediates/teensy/colmap_sfm_camera_model/sparse/0
[2026-06-21 14:29:13,706][src.colmap_undistorter][INFO] - Images: /Users/bc/brendanchambers/2026-06-18-iphone-video-to-splat/data/intermediates/teensy/colmap_sfm_camera_model/images
[2026-06-21 14:29:13,706][src.colmap_undistorter][INFO] - Output: /Users/bc/brendanchambers/2026-06-18-iphone-video-to-splat/data/intermediates/teensy/colmap_sfm_linearized
[2026-06-21 14:29:13,706][src.colmap_undistorter][INFO] - Running: colmap image_undistorter
[2026-06-21 14:29:13,752][src.colmap_undistorter][INFO] - I20260621 14:29:13.751955 0x1fde420c0 image.cc:368] === Reading reconstruction ===
[2026-06-21 14:29:13,753][src.colmap_undistorter][INFO] - I20260621 14:29:13.753845 0x1fde420c0 image.cc:371] => Reconstruction with 8 images and 2190 points
[2026-06-21 14:29:13,753][src.colmap_undistorter][INFO] - I20260621 14:29:13.753852 0x1fde420c0 undistorters.cc:166] === Image undistortion ===
[2026-06-21 14:29:13,754][src.colmap_undistorter][INFO] - I20260621 14:29:13.754128 0x1fde420c0 undistorters.cc:205] Undistorting image [1/8]
[2026-06-21 14:29:14,340][src.colmap_undistorter][INFO] - I20260621 14:29:14.340857 0x1fde420c0 undistorters.cc:205] Undistorting image [2/8]
[2026-06-21 14:29:14,341][src.colmap_undistorter][INFO] - I20260621 14:29:14.340886 0x1fde420c0 undistorters.cc:205] Undistorting image [3/8]
[2026-06-21 14:29:14,359][src.colmap_undistorter][INFO] - I20260621 14:29:14.359900 0x1fde420c0 undistorters.cc:205] Undistorting image [4/8]
[2026-06-21 14:29:14,360][src.colmap_undistorter][INFO] - I20260621 14:29:14.359912 0x1fde420c0 undistorters.cc:205] Undistorting image [5/8]
[2026-06-21 14:29:14,360][src.colmap_undistorter][INFO] - I20260621 14:29:14.359914 0x1fde420c0 undistorters.cc:205] Undistorting image [6/8]
[2026-06-21 14:29:14,360][src.colmap_undistorter][INFO] - I20260621 14:29:14.359915 0x1fde420c0 undistorters.cc:205] Undistorting image [7/8]
[2026-06-21 14:29:14,360][src.colmap_undistorter][INFO] - I20260621 14:29:14.359916 0x1fde420c0 undistorters.cc:205] Undistorting image [8/8]
[2026-06-21 14:29:14,360][src.colmap_undistorter][INFO] - I20260621 14:29:14.359918 0x1fde420c0 undistorters.cc:213] Writing reconstruction...
[2026-06-21 14:29:14,364][src.colmap_undistorter][INFO] - I20260621 14:29:14.364403 0x1fde420c0 undistorters.cc:218] Writing configuration...
[2026-06-21 14:29:14,364][src.colmap_undistorter][INFO] - I20260621 14:29:14.364507 0x1fde420c0 undistorters.cc:222] Writing scripts...
[2026-06-21 14:29:14,364][src.colmap_undistorter][INFO] - I20260621 14:29:14.364602 0x1fde420c0 timer.cc:90] Elapsed time: 0.010 [minutes]
[2026-06-21 14:29:14,368][src.colmap_undistorter][INFO] - Image undistortion completed successfully
[2026-06-21 14:29:14,368][__main__][INFO] - ✓ Image undistortion completed
[2026-06-21 14:29:14,368][__main__][INFO] - ============================================================
[2026-06-21 14:29:14,368][__main__][INFO] - STEP 6: OpenSplat Training
[2026-06-21 14:29:14,368][__main__][INFO] - ============================================================
[2026-06-21 14:29:14,369][src.opensplat_trainer][INFO] - Training 3D Gaussian Splat
[2026-06-21 14:29:14,369][src.opensplat_trainer][INFO] - Sparse model: /Users/bc/brendanchambers/2026-06-18-iphone-video-to-splat/data/intermediates/teensy/colmap_sfm_linearized/sparse
[2026-06-21 14:29:14,369][src.opensplat_trainer][INFO] - Images: /Users/bc/brendanchambers/2026-06-18-iphone-video-to-splat/data/intermediates/teensy/colmap_sfm_linearized/images
[2026-06-21 14:29:14,369][src.opensplat_trainer][INFO] - Output PLY: /Users/bc/brendanchambers/2026-06-18-iphone-video-to-splat/data/intermediates/teensy/colmap_sfm_linearized/splats/teensy_20260621_1429.ply
[2026-06-21 14:29:14,369][src.opensplat_trainer][INFO] - Loss log: /Users/bc/brendanchambers/2026-06-18-iphone-video-to-splat/data/intermediates/teensy/colmap_sfm_linearized/splats/teensy_20260621_1429.jsonl
[2026-06-21 14:29:14,370][src.opensplat_trainer][INFO] - Running: opensplat
[2026-06-21 14:29:14,507][src.opensplat_trainer][INFO] - Using MPS
[2026-06-21 14:29:14,509][src.opensplat_trainer][INFO] - Reading 2190 points
[2026-06-21 14:29:14,509][src.opensplat_trainer][INFO] - Loading /Users/bc/brendanchambers/2026-06-18-iphone-video-to-splat/data/intermediates/teensy/colmap_sfm_linearized/images/frame_0001.jpg
[2026-06-21 14:29:14,509][src.opensplat_trainer][INFO] - Loading /Users/bc/brendanchambers/2026-06-18-iphone-video-to-splat/data/intermediates/teensy/colmap_sfm_linearized/images/frame_0002.jpg
[2026-06-21 14:29:14,509][src.opensplat_trainer][INFO] - Loading /Users/bc/brendanchambers/2026-06-18-iphone-video-to-splat/data/intermediates/teensy/colmap_sfm_linearized/images/frame_0003.jpg
[2026-06-21 14:29:14,509][src.opensplat_trainer][INFO] - Loading /Users/bc/brendanchambers/2026-06-18-iphone-video-to-splat/data/intermediates/teensy/colmap_sfm_linearized/images/frame_0006.jpg
[2026-06-21 14:29:14,509][src.opensplat_trainer][INFO] - Loading /Users/bc/brendanchambers/2026-06-18-iphone-video-to-splat/data/intermediates/teensy/colmap_sfm_linearized/images/frame_0004.jpg
[2026-06-21 14:29:14,509][src.opensplat_trainer][INFO] - Loading /Users/bc/brendanchambers/2026-06-18-iphone-video-to-splat/data/intermediates/teensy/colmap_sfm_linearized/images/frame_0007.jpg
[2026-06-21 14:29:14,509][src.opensplat_trainer][INFO] - Loading /Users/bc/brendanchambers/2026-06-18-iphone-video-to-splat/data/intermediates/teensy/colmap_sfm_linearized/images/frame_0008.jpg
[2026-06-21 14:29:14,509][src.opensplat_trainer][INFO] - Loading /Users/bc/brendanchambers/2026-06-18-iphone-video-to-splat/data/intermediates/teensy/colmap_sfm_linearized/images/frame_0005.jpg
[2026-06-21 14:29:14,885][src.opensplat_trainer][INFO] - init_gsplat_metal_context: loading '/Users/bc/brendanchambers/2026-06-18-iphone-video-to-splat/opensplat/build/default.metallib'
[2026-06-21 14:29:14,885][src.opensplat_trainer][INFO] - init_gsplat_metal_context: loaded '/Users/bc/brendanchambers/2026-06-18-iphone-video-to-splat/opensplat/build/default.metallib', functions: compute_cov2d_bounds_kernel, project_gaussians_backward_kernel, get_tile_bin_edges_kernel, rasterize_backward_kernel, map_gaussian_to_intersects_kernel, nd_rasterize_backward_kernel, project_gaussians_forward_kernel, compute_sh_backward_kernel, compute_sh_forward_kernel, nd_rasterize_forward_kernel
[2026-06-21 14:29:14,885][src.opensplat_trainer][INFO] - init_gsplat_metal_context: load function nd_rasterize_backward_kernel with label: (null)
[2026-06-21 14:29:14,885][src.opensplat_trainer][INFO] - init_gsplat_metal_context: load function nd_rasterize_forward_kernel with label: (null)
[2026-06-21 14:29:14,885][src.opensplat_trainer][INFO] - init_gsplat_metal_context: load function rasterize_backward_kernel with label: (null)
[2026-06-21 14:29:14,885][src.opensplat_trainer][INFO] - init_gsplat_metal_context: load function project_gaussians_forward_kernel with label: (null)
[2026-06-21 14:29:14,885][src.opensplat_trainer][INFO] - init_gsplat_metal_context: load function project_gaussians_backward_kernel with label: (null)
[2026-06-21 14:29:14,885][src.opensplat_trainer][INFO] - init_gsplat_metal_context: load function compute_sh_forward_kernel with label: (null)
[2026-06-21 14:29:14,885][src.opensplat_trainer][INFO] - init_gsplat_metal_context: load function compute_sh_backward_kernel with label: (null)
[2026-06-21 14:29:14,885][src.opensplat_trainer][INFO] - init_gsplat_metal_context: load function compute_cov2d_bounds_kernel with label: (null)
[2026-06-21 14:29:14,885][src.opensplat_trainer][INFO] - init_gsplat_metal_context: load function map_gaussian_to_intersects_kernel with label: (null)
[2026-06-21 14:29:14,885][src.opensplat_trainer][INFO] - init_gsplat_metal_context: load function get_tile_bin_edges_kernel with label: (null)
[2026-06-21 14:29:14,885][src.opensplat_trainer][INFO] - Step 10: 0.335803 (20%)
[2026-06-21 14:29:15,102][src.opensplat_trainer][INFO] - Step 20: 0.316211 (40%)
[2026-06-21 14:29:15,297][src.opensplat_trainer][INFO] - Step 30: 0.283803 (60%)
[2026-06-21 14:29:15,476][src.opensplat_trainer][INFO] - Step 40: 0.301185 (80%)
[2026-06-21 14:29:15,690][src.opensplat_trainer][INFO] - Step 50: 0.302681 (100%)
[2026-06-21 14:29:15,704][src.opensplat_trainer][INFO] - Wrote /Users/bc/brendanchambers/2026-06-18-iphone-video-to-splat/data/intermediates/teensy/colmap_sfm_linearized/splats/cameras.json
[2026-06-21 14:29:15,711][src.opensplat_trainer][INFO] - Wrote /Users/bc/brendanchambers/2026-06-18-iphone-video-to-splat/data/intermediates/teensy/colmap_sfm_linearized/splats/teensy_20260621_1429.ply
[2026-06-21 14:29:15,724][src.opensplat_trainer][INFO] - /Users/bc/brendanchambers/2026-06-18-iphone-video-to-splat/data/intermediates/teensy/colmap_sfm_linearized/images/frame_0001.jpg validation loss: 0.344928
[2026-06-21 14:29:15,774][src.opensplat_trainer][INFO] - Parsed 0 training loss values to /Users/bc/brendanchambers/2026-06-18-iphone-video-to-splat/data/intermediates/teensy/colmap_sfm_linearized/splats/teensy_20260621_1429.jsonl
[2026-06-21 14:29:15,774][src.opensplat_trainer][INFO] - Training completed successfully
[2026-06-21 14:29:15,774][src.opensplat_trainer][INFO] - Output saved to: /Users/bc/brendanchambers/2026-06-18-iphone-video-to-splat/data/intermediates/teensy/colmap_sfm_linearized/splats/teensy_20260621_1429.ply
[2026-06-21 14:29:15,774][__main__][INFO] - ✓ Splat training completed
[2026-06-21 14:29:15,774][__main__][INFO] - 
[2026-06-21 14:29:15,774][__main__][INFO] - ╔==========================================================╗
[2026-06-21 14:29:15,774][__main__][INFO] - ║                    Pipeline Complete!                    ║
[2026-06-21 14:29:15,774][__main__][INFO] - ╚==========================================================╝
[2026-06-21 14:29:15,775][__main__][INFO] - Output directory: /Users/bc/brendanchambers/2026-06-18-iphone-video-to-splat/data/intermediates/teensy/colmap_sfm_linearized/splats
[2026-06-21 14:29:15,775][__main__][INFO] -   - PLY file: *.ply (3D Gaussian Splat)
[2026-06-21 14:29:15,775][__main__][INFO] -   - Loss log: *.jsonl (Training loss per step)
