[2026-06-21 15:52:31,210][__main__][INFO] - 
[2026-06-21 15:52:31,210][__main__][INFO] - ╔==========================================================╗
[2026-06-21 15:52:31,210][__main__][INFO] - ║          3D Gaussian Splat Training Pipeline              ║
[2026-06-21 15:52:31,210][__main__][INFO] - ╚==========================================================╝
[2026-06-21 15:52:31,211][__main__][INFO] - Experiment: densify_sz0.0025_gr0.0001
[2026-06-21 15:52:31,211][__main__][INFO] - Project dir: /Users/bc/brendanchambers/2026-06-18-iphone-video-to-splat
[2026-06-21 15:52:31,211][__main__][INFO] - 
[2026-06-21 15:52:31,211][src.timing_recorder][INFO] - [TIMING] Starting: frame_extraction
[2026-06-21 15:52:31,211][__main__][INFO] - ============================================================
[2026-06-21 15:52:31,211][__main__][INFO] - STEP 1: Frame Extraction
[2026-06-21 15:52:31,211][__main__][INFO] - ============================================================
[2026-06-21 15:52:31,211][src.frame_extractor][INFO] - Extracting frames from: /Users/bc/brendanchambers/2026-06-18-iphone-video-to-splat/data/incoming/movies/teensy.mov
[2026-06-21 15:52:31,211][src.frame_extractor][INFO] - Output directory: /Users/bc/brendanchambers/2026-06-18-iphone-video-to-splat/data/intermediates/densify_sz0.0025_gr0.0001/colmap_sfm_camera_model/images
[2026-06-21 15:52:31,211][src.frame_extractor][INFO] - Extracting frames at 2 fps
[2026-06-21 15:52:31,211][src.frame_extractor][INFO] - Running command: ffmpeg -i /Users/bc/brendanchambers/2026-06-18-iphone-video-to-splat/data/incoming/movies/teensy.mov -vf fps=2 -q:v 5 /Users/bc/brendanchambers/2026-06-18-iphone-video-to-splat/data/intermediates/densify_sz0.0025_gr0.0001/colmap_sfm_camera_model/images/frame_%04d.jpg
[2026-06-21 15:52:31,225][src.frame_extractor][INFO] - ffmpeg version 8.1.2 Copyright (c) 2000-2026 the FFmpeg developers
[2026-06-21 15:52:31,225][src.frame_extractor][INFO] -   built with Apple clang version 17.0.0 (clang-1700.6.4.2)
[2026-06-21 15:52:31,225][src.frame_extractor][INFO] -   configuration: --prefix=/opt/homebrew/Cellar/ffmpeg/8.1.2 --enable-shared --enable-pthreads --enable-version3 --cc=clang --host-cflags= --host-ldflags= --enable-ffplay --enable-gpl --enable-libsvtav1 --enable-libopus --enable-libx264 --enable-libmp3lame --enable-libdav1d --enable-libvmaf --enable-libvpx --enable-libx265 --enable-openssl --enable-videotoolbox --enable-audiotoolbox --enable-neon
[2026-06-21 15:52:31,225][src.frame_extractor][INFO] -   libavutil      60. 26.102 / 60. 26.102
[2026-06-21 15:52:31,225][src.frame_extractor][INFO] -   libavcodec     62. 28.102 / 62. 28.102
[2026-06-21 15:52:31,225][src.frame_extractor][INFO] -   libavformat    62. 12.102 / 62. 12.102
[2026-06-21 15:52:31,225][src.frame_extractor][INFO] -   libavdevice    62.  3.102 / 62.  3.102
[2026-06-21 15:52:31,225][src.frame_extractor][INFO] -   libavfilter    11. 14.102 / 11. 14.102
[2026-06-21 15:52:31,225][src.frame_extractor][INFO] -   libswscale      9.  5.102 /  9.  5.102
[2026-06-21 15:52:31,225][src.frame_extractor][INFO] -   libswresample   6.  3.102 /  6.  3.102
[2026-06-21 15:52:31,239][src.frame_extractor][INFO] - Input #0, mov,mp4,m4a,3gp,3g2,mj2, from '/Users/bc/brendanchambers/2026-06-18-iphone-video-to-splat/data/incoming/movies/teensy.mov':
[2026-06-21 15:52:31,239][src.frame_extractor][INFO] -   Metadata:
[2026-06-21 15:52:31,239][src.frame_extractor][INFO] -     major_brand     : qt
[2026-06-21 15:52:31,239][src.frame_extractor][INFO] -     minor_version   : 512
[2026-06-21 15:52:31,239][src.frame_extractor][INFO] -     compatible_brands: qt
[2026-06-21 15:52:31,239][src.frame_extractor][INFO] -     encoder         : Lavf62.12.102
[2026-06-21 15:52:31,239][src.frame_extractor][INFO] -   Duration: 00:00:04.01, start: 0.000000, bitrate: 19786 kb/s
[2026-06-21 15:52:31,239][src.frame_extractor][INFO] -   Stream #0:0[0x1]: Video: h264 (High) (avc1 / 0x31637661), yuv420p(tv, bt709, progressive), 1080x1920, 19646 kb/s, 29.67 fps, 29.67 tbr, 11392 tbn (default)
[2026-06-21 15:52:31,239][src.frame_extractor][INFO] -     Metadata:
[2026-06-21 15:52:31,239][src.frame_extractor][INFO] -       handler_name    : Core Media Video
[2026-06-21 15:52:31,239][src.frame_extractor][INFO] -       vendor_id       : FFMP
[2026-06-21 15:52:31,239][src.frame_extractor][INFO] -       encoder         : Lavc62.28.102 libx264
[2026-06-21 15:52:31,239][src.frame_extractor][INFO] -   Stream #0:1[0x2]: Audio: aac (LC) (mp4a / 0x6134706D), 48000 Hz, stereo, fltp, 128 kb/s (default)
[2026-06-21 15:52:31,240][src.frame_extractor][INFO] -     Metadata:
[2026-06-21 15:52:31,240][src.frame_extractor][INFO] -       handler_name    : Core Media Audio
[2026-06-21 15:52:31,240][src.frame_extractor][INFO] -       vendor_id       : [0][0][0][0]
[2026-06-21 15:52:31,240][src.frame_extractor][INFO] - Stream mapping:
[2026-06-21 15:52:31,240][src.frame_extractor][INFO] -   Stream #0:0 -> #0:0 (h264 (native) -> mjpeg (native))
[2026-06-21 15:52:31,240][src.frame_extractor][INFO] - Press [q] to stop, [?] for help
[2026-06-21 15:52:31,287][src.frame_extractor][INFO] - Output #0, image2, to '/Users/bc/brendanchambers/2026-06-18-iphone-video-to-splat/data/intermediates/densify_sz0.0025_gr0.0001/colmap_sfm_camera_model/images/frame_%04d.jpg':
[2026-06-21 15:52:31,287][src.frame_extractor][INFO] -   Metadata:
[2026-06-21 15:52:31,287][src.frame_extractor][INFO] -     major_brand     : qt
[2026-06-21 15:52:31,287][src.frame_extractor][INFO] -     minor_version   : 512
[2026-06-21 15:52:31,287][src.frame_extractor][INFO] -     compatible_brands: qt
[2026-06-21 15:52:31,287][src.frame_extractor][INFO] -     encoder         : Lavf62.12.102
[2026-06-21 15:52:31,287][src.frame_extractor][INFO] -   Stream #0:0: Video: mjpeg, yuv420p(pc, bt709, progressive), 1080x1920, q=2-31, 200 kb/s, 2 fps, 2 tbn (default)
[2026-06-21 15:52:31,288][src.frame_extractor][INFO] -     Metadata:
[2026-06-21 15:52:31,288][src.frame_extractor][INFO] -       encoder         : Lavc62.28.102 mjpeg
[2026-06-21 15:52:31,288][src.frame_extractor][INFO] -       handler_name    : Core Media Video
[2026-06-21 15:52:31,288][src.frame_extractor][INFO] -       vendor_id       : FFMP
[2026-06-21 15:52:31,288][src.frame_extractor][INFO] -     Side data:
[2026-06-21 15:52:31,288][src.frame_extractor][INFO] -       CPB properties: bitrate max/min/avg: 0/0/200000 buffer size: 0 vbv_delay: N/A
[2026-06-21 15:52:31,427][src.frame_extractor][INFO] - [out#0/image2 @ 0x6000013846c0] video:3120KiB audio:0KiB subtitle:0KiB other streams:0KiB global headers:0KiB muxing overhead: unknown
[2026-06-21 15:52:31,427][src.frame_extractor][INFO] - frame=    8 fps=0.0 q=5.0 Lsize=N/A time=00:00:04.00 bitrate=N/A speed=21.4x elapsed=0:00:00.18
[2026-06-21 15:52:31,430][src.frame_extractor][INFO] - Successfully extracted 8 frames
[2026-06-21 15:52:31,430][__main__][INFO] - ✓ Frame extraction completed
[2026-06-21 15:52:31,430][src.timing_recorder][INFO] - [TIMING] ✓ Completed: frame_extraction (0.22s)
[2026-06-21 15:52:31,430][src.timing_recorder][INFO] - [TIMING] Starting: feature_extraction
[2026-06-21 15:52:31,430][__main__][INFO] - ============================================================
[2026-06-21 15:52:31,430][__main__][INFO] - STEP 2: Feature Extraction
[2026-06-21 15:52:31,430][__main__][INFO] - ============================================================
[2026-06-21 15:52:31,431][src.colmap_feature_extractor][INFO] - Extracting features from images: /Users/bc/brendanchambers/2026-06-18-iphone-video-to-splat/data/intermediates/densify_sz0.0025_gr0.0001/colmap_sfm_camera_model/images
[2026-06-21 15:52:31,431][src.colmap_feature_extractor][INFO] - Database: /Users/bc/brendanchambers/2026-06-18-iphone-video-to-splat/data/intermediates/densify_sz0.0025_gr0.0001/colmap_sfm_camera_model/database.db
[2026-06-21 15:52:31,431][src.colmap_feature_extractor][INFO] - Running: colmap feature_extractor
[2026-06-21 15:52:31,588][src.colmap_feature_extractor][INFO] - I20260621 15:52:31.588299 0x16b36f000 feature_extraction.cc:504] === Feature extraction ===
[2026-06-21 15:52:31,601][src.colmap_feature_extractor][INFO] - I20260621 15:52:31.601555 0x16b973000 sift.cc:757] Creating SIFT GPU feature extractor
[2026-06-21 15:52:31,731][src.colmap_feature_extractor][INFO] - I20260621 15:52:31.730921 0x16b9ff000 feature_extraction.cc:282] Processed file [1/8]
[2026-06-21 15:52:31,731][src.colmap_feature_extractor][INFO] - I20260621 15:52:31.730940 0x16b9ff000 feature_extraction.cc:285]   Name:            frame_0001.jpg
[2026-06-21 15:52:31,731][src.colmap_feature_extractor][INFO] - I20260621 15:52:31.730943 0x16b9ff000 feature_extraction.cc:294]   Dimensions:      1080 x 1920
[2026-06-21 15:52:31,731][src.colmap_feature_extractor][INFO] - I20260621 15:52:31.730944 0x16b9ff000 feature_extraction.cc:297]   Camera:          #1 - RADIAL
[2026-06-21 15:52:31,731][src.colmap_feature_extractor][INFO] - I20260621 15:52:31.730947 0x16b9ff000 feature_extraction.cc:300]   Focal Length:    2304.00px
[2026-06-21 15:52:31,731][src.colmap_feature_extractor][INFO] - I20260621 15:52:31.730950 0x16b9ff000 feature_extraction.cc:304]   Features:        4449 (SIFT)
[2026-06-21 15:52:31,787][src.colmap_feature_extractor][INFO] - I20260621 15:52:31.787438 0x16b9ff000 feature_extraction.cc:282] Processed file [2/8]
[2026-06-21 15:52:31,787][src.colmap_feature_extractor][INFO] - I20260621 15:52:31.787456 0x16b9ff000 feature_extraction.cc:285]   Name:            frame_0002.jpg
[2026-06-21 15:52:31,787][src.colmap_feature_extractor][INFO] - I20260621 15:52:31.787459 0x16b9ff000 feature_extraction.cc:294]   Dimensions:      1080 x 1920
[2026-06-21 15:52:31,787][src.colmap_feature_extractor][INFO] - I20260621 15:52:31.787490 0x16b9ff000 feature_extraction.cc:297]   Camera:          #1 - RADIAL
[2026-06-21 15:52:31,788][src.colmap_feature_extractor][INFO] - I20260621 15:52:31.787542 0x16b9ff000 feature_extraction.cc:300]   Focal Length:    2304.00px
[2026-06-21 15:52:31,788][src.colmap_feature_extractor][INFO] - I20260621 15:52:31.787610 0x16b9ff000 feature_extraction.cc:304]   Features:        4766 (SIFT)
[2026-06-21 15:52:31,843][src.colmap_feature_extractor][INFO] - I20260621 15:52:31.843020 0x16b9ff000 feature_extraction.cc:282] Processed file [3/8]
[2026-06-21 15:52:31,843][src.colmap_feature_extractor][INFO] - I20260621 15:52:31.843034 0x16b9ff000 feature_extraction.cc:285]   Name:            frame_0003.jpg
[2026-06-21 15:52:31,843][src.colmap_feature_extractor][INFO] - I20260621 15:52:31.843036 0x16b9ff000 feature_extraction.cc:294]   Dimensions:      1080 x 1920
[2026-06-21 15:52:31,843][src.colmap_feature_extractor][INFO] - I20260621 15:52:31.843037 0x16b9ff000 feature_extraction.cc:297]   Camera:          #1 - RADIAL
[2026-06-21 15:52:31,843][src.colmap_feature_extractor][INFO] - I20260621 15:52:31.843040 0x16b9ff000 feature_extraction.cc:300]   Focal Length:    2304.00px
[2026-06-21 15:52:31,843][src.colmap_feature_extractor][INFO] - I20260621 15:52:31.843044 0x16b9ff000 feature_extraction.cc:304]   Features:        5561 (SIFT)
[2026-06-21 15:52:31,898][src.colmap_feature_extractor][INFO] - I20260621 15:52:31.898758 0x16b9ff000 feature_extraction.cc:282] Processed file [4/8]
[2026-06-21 15:52:31,898][src.colmap_feature_extractor][INFO] - I20260621 15:52:31.898770 0x16b9ff000 feature_extraction.cc:285]   Name:            frame_0004.jpg
[2026-06-21 15:52:31,899][src.colmap_feature_extractor][INFO] - I20260621 15:52:31.898772 0x16b9ff000 feature_extraction.cc:294]   Dimensions:      1080 x 1920
[2026-06-21 15:52:31,899][src.colmap_feature_extractor][INFO] - I20260621 15:52:31.898774 0x16b9ff000 feature_extraction.cc:297]   Camera:          #1 - RADIAL
[2026-06-21 15:52:31,899][src.colmap_feature_extractor][INFO] - I20260621 15:52:31.898776 0x16b9ff000 feature_extraction.cc:300]   Focal Length:    2304.00px
[2026-06-21 15:52:31,899][src.colmap_feature_extractor][INFO] - I20260621 15:52:31.898778 0x16b9ff000 feature_extraction.cc:304]   Features:        6351 (SIFT)
[2026-06-21 15:52:31,952][src.colmap_feature_extractor][INFO] - I20260621 15:52:31.952404 0x16b9ff000 feature_extraction.cc:282] Processed file [5/8]
[2026-06-21 15:52:31,952][src.colmap_feature_extractor][INFO] - I20260621 15:52:31.952424 0x16b9ff000 feature_extraction.cc:285]   Name:            frame_0005.jpg
[2026-06-21 15:52:31,952][src.colmap_feature_extractor][INFO] - I20260621 15:52:31.952427 0x16b9ff000 feature_extraction.cc:294]   Dimensions:      1080 x 1920
[2026-06-21 15:52:31,952][src.colmap_feature_extractor][INFO] - I20260621 15:52:31.952429 0x16b9ff000 feature_extraction.cc:297]   Camera:          #1 - RADIAL
[2026-06-21 15:52:31,952][src.colmap_feature_extractor][INFO] - I20260621 15:52:31.952431 0x16b9ff000 feature_extraction.cc:300]   Focal Length:    2304.00px
[2026-06-21 15:52:31,952][src.colmap_feature_extractor][INFO] - I20260621 15:52:31.952434 0x16b9ff000 feature_extraction.cc:304]   Features:        4609 (SIFT)
[2026-06-21 15:52:32,006][src.colmap_feature_extractor][INFO] - I20260621 15:52:32.006924 0x16b9ff000 feature_extraction.cc:282] Processed file [6/8]
[2026-06-21 15:52:32,007][src.colmap_feature_extractor][INFO] - I20260621 15:52:32.006940 0x16b9ff000 feature_extraction.cc:285]   Name:            frame_0006.jpg
[2026-06-21 15:52:32,007][src.colmap_feature_extractor][INFO] - I20260621 15:52:32.006942 0x16b9ff000 feature_extraction.cc:294]   Dimensions:      1080 x 1920
[2026-06-21 15:52:32,007][src.colmap_feature_extractor][INFO] - I20260621 15:52:32.006948 0x16b9ff000 feature_extraction.cc:297]   Camera:          #1 - RADIAL
[2026-06-21 15:52:32,007][src.colmap_feature_extractor][INFO] - I20260621 15:52:32.006951 0x16b9ff000 feature_extraction.cc:300]   Focal Length:    2304.00px
[2026-06-21 15:52:32,007][src.colmap_feature_extractor][INFO] - I20260621 15:52:32.006954 0x16b9ff000 feature_extraction.cc:304]   Features:        4916 (SIFT)
[2026-06-21 15:52:32,061][src.colmap_feature_extractor][INFO] - I20260621 15:52:32.061338 0x16b9ff000 feature_extraction.cc:282] Processed file [7/8]
[2026-06-21 15:52:32,061][src.colmap_feature_extractor][INFO] - I20260621 15:52:32.061353 0x16b9ff000 feature_extraction.cc:285]   Name:            frame_0007.jpg
[2026-06-21 15:52:32,061][src.colmap_feature_extractor][INFO] - I20260621 15:52:32.061356 0x16b9ff000 feature_extraction.cc:294]   Dimensions:      1080 x 1920
[2026-06-21 15:52:32,061][src.colmap_feature_extractor][INFO] - I20260621 15:52:32.061358 0x16b9ff000 feature_extraction.cc:297]   Camera:          #1 - RADIAL
[2026-06-21 15:52:32,061][src.colmap_feature_extractor][INFO] - I20260621 15:52:32.061361 0x16b9ff000 feature_extraction.cc:300]   Focal Length:    2304.00px
[2026-06-21 15:52:32,061][src.colmap_feature_extractor][INFO] - I20260621 15:52:32.061364 0x16b9ff000 feature_extraction.cc:304]   Features:        4134 (SIFT)
[2026-06-21 15:52:32,117][src.colmap_feature_extractor][INFO] - I20260621 15:52:32.117535 0x16b9ff000 feature_extraction.cc:282] Processed file [8/8]
[2026-06-21 15:52:32,117][src.colmap_feature_extractor][INFO] - I20260621 15:52:32.117580 0x16b9ff000 feature_extraction.cc:285]   Name:            frame_0008.jpg
[2026-06-21 15:52:32,117][src.colmap_feature_extractor][INFO] - I20260621 15:52:32.117583 0x16b9ff000 feature_extraction.cc:294]   Dimensions:      1080 x 1920
[2026-06-21 15:52:32,117][src.colmap_feature_extractor][INFO] - I20260621 15:52:32.117585 0x16b9ff000 feature_extraction.cc:297]   Camera:          #1 - RADIAL
[2026-06-21 15:52:32,117][src.colmap_feature_extractor][INFO] - I20260621 15:52:32.117587 0x16b9ff000 feature_extraction.cc:300]   Focal Length:    2304.00px
[2026-06-21 15:52:32,117][src.colmap_feature_extractor][INFO] - I20260621 15:52:32.117590 0x16b9ff000 feature_extraction.cc:304]   Features:        6773 (SIFT)
[2026-06-21 15:52:32,122][src.colmap_feature_extractor][INFO] - I20260621 15:52:32.122526 0x16b36f000 timer.cc:90] Elapsed time: 0.009 [minutes]
[2026-06-21 15:52:32,141][src.colmap_feature_extractor][INFO] - Feature extraction completed successfully
[2026-06-21 15:52:32,141][__main__][INFO] - ✓ Feature extraction completed
[2026-06-21 15:52:32,142][src.timing_recorder][INFO] - [TIMING] ✓ Completed: feature_extraction (0.71s)
[2026-06-21 15:52:32,142][src.timing_recorder][INFO] - [TIMING] Starting: feature_matching
[2026-06-21 15:52:32,142][__main__][INFO] - ============================================================
[2026-06-21 15:52:32,142][__main__][INFO] - STEP 3: Feature Matching
[2026-06-21 15:52:32,142][__main__][INFO] - ============================================================
[2026-06-21 15:52:32,143][src.colmap_feature_matcher][INFO] - Matching features in database: /Users/bc/brendanchambers/2026-06-18-iphone-video-to-splat/data/intermediates/densify_sz0.0025_gr0.0001/colmap_sfm_camera_model/database.db
[2026-06-21 15:52:32,143][src.colmap_feature_matcher][INFO] - Running: colmap sequential_matcher
[2026-06-21 15:52:32,298][src.colmap_feature_matcher][INFO] - I20260621 15:52:32.298336 0x16fc4b000 feature_matching.cc:195] === Feature matching & geometric verification ===
[2026-06-21 15:52:32,312][src.colmap_feature_matcher][INFO] - I20260621 15:52:32.311961 0x16fcd7000 sift.cc:1559] Creating SIFT GPU feature matcher
[2026-06-21 15:52:32,334][src.colmap_feature_matcher][INFO] - I20260621 15:52:32.334808 0x16fc4b000 pairing.cc:415] Generating sequential image pairs...
[2026-06-21 15:52:32,334][src.colmap_feature_matcher][INFO] - I20260621 15:52:32.334891 0x16fc4b000 pairing.cc:473] Processing image [1/8]
[2026-06-21 15:52:32,407][src.colmap_feature_matcher][INFO] - I20260621 15:52:32.407903 0x16fc4b000 feature_matching.cc:217] in 0.073s
[2026-06-21 15:52:32,408][src.colmap_feature_matcher][INFO] - I20260621 15:52:32.407914 0x16fc4b000 pairing.cc:473] Processing image [2/8]
[2026-06-21 15:52:32,466][src.colmap_feature_matcher][INFO] - I20260621 15:52:32.466297 0x16fc4b000 feature_matching.cc:217] in 0.058s
[2026-06-21 15:52:32,466][src.colmap_feature_matcher][INFO] - I20260621 15:52:32.466304 0x16fc4b000 pairing.cc:473] Processing image [3/8]
[2026-06-21 15:52:32,527][src.colmap_feature_matcher][INFO] - I20260621 15:52:32.527567 0x16fc4b000 feature_matching.cc:217] in 0.061s
[2026-06-21 15:52:32,527][src.colmap_feature_matcher][INFO] - I20260621 15:52:32.527575 0x16fc4b000 pairing.cc:473] Processing image [4/8]
[2026-06-21 15:52:32,601][src.colmap_feature_matcher][INFO] - I20260621 15:52:32.601005 0x16fc4b000 feature_matching.cc:217] in 0.073s
[2026-06-21 15:52:32,601][src.colmap_feature_matcher][INFO] - I20260621 15:52:32.601012 0x16fc4b000 pairing.cc:473] Processing image [5/8]
[2026-06-21 15:52:32,633][src.colmap_feature_matcher][INFO] - I20260621 15:52:32.633409 0x16fc4b000 feature_matching.cc:217] in 0.032s
[2026-06-21 15:52:32,633][src.colmap_feature_matcher][INFO] - I20260621 15:52:32.633415 0x16fc4b000 pairing.cc:473] Processing image [6/8]
[2026-06-21 15:52:32,673][src.colmap_feature_matcher][INFO] - I20260621 15:52:32.673918 0x16fc4b000 feature_matching.cc:217] in 0.041s
[2026-06-21 15:52:32,673][src.colmap_feature_matcher][INFO] - I20260621 15:52:32.673924 0x16fc4b000 pairing.cc:473] Processing image [7/8]
[2026-06-21 15:52:32,697][src.colmap_feature_matcher][INFO] - I20260621 15:52:32.697028 0x16fc4b000 feature_matching.cc:217] in 0.023s
[2026-06-21 15:52:32,697][src.colmap_feature_matcher][INFO] - I20260621 15:52:32.697031 0x16fc4b000 pairing.cc:473] Processing image [8/8]
[2026-06-21 15:52:32,697][src.colmap_feature_matcher][INFO] - I20260621 15:52:32.697033 0x16fc4b000 feature_matching.cc:217] in 0.000s
[2026-06-21 15:52:32,697][src.colmap_feature_matcher][INFO] - I20260621 15:52:32.697035 0x16fc4b000 timer.cc:90] Elapsed time: 0.007 [minutes]
[2026-06-21 15:52:32,705][src.colmap_feature_matcher][INFO] - Feature matching completed successfully
[2026-06-21 15:52:32,705][__main__][INFO] - ✓ Feature matching completed
[2026-06-21 15:52:32,705][src.timing_recorder][INFO] - [TIMING] ✓ Completed: feature_matching (0.56s)
[2026-06-21 15:52:32,705][src.timing_recorder][INFO] - [TIMING] Starting: sparse_reconstruction
[2026-06-21 15:52:32,705][__main__][INFO] - ============================================================
[2026-06-21 15:52:32,705][__main__][INFO] - STEP 4: Sparse Reconstruction
[2026-06-21 15:52:32,705][__main__][INFO] - ============================================================
[2026-06-21 15:52:32,706][src.colmap_mapper][INFO] - Performing sparse reconstruction
[2026-06-21 15:52:32,706][src.colmap_mapper][INFO] - Database: /Users/bc/brendanchambers/2026-06-18-iphone-video-to-splat/data/intermediates/densify_sz0.0025_gr0.0001/colmap_sfm_camera_model/database.db
[2026-06-21 15:52:32,706][src.colmap_mapper][INFO] - Images: /Users/bc/brendanchambers/2026-06-18-iphone-video-to-splat/data/intermediates/densify_sz0.0025_gr0.0001/colmap_sfm_camera_model/images
[2026-06-21 15:52:32,706][src.colmap_mapper][INFO] - Output: /Users/bc/brendanchambers/2026-06-18-iphone-video-to-splat/data/intermediates/densify_sz0.0025_gr0.0001/colmap_sfm_camera_model/sparse
[2026-06-21 15:52:32,707][src.colmap_mapper][INFO] - Running: colmap mapper
[2026-06-21 15:52:32,752][src.colmap_mapper][INFO] - I20260621 15:52:32.752234 0x1fde420c0 incremental_pipeline.cc:278] Loading database
[2026-06-21 15:52:32,752][src.colmap_mapper][INFO] - I20260621 15:52:32.752514 0x1fde420c0 database_cache.cc:72] Loading rigs...
[2026-06-21 15:52:32,752][src.colmap_mapper][INFO] - I20260621 15:52:32.752532 0x1fde420c0 database_cache.cc:82]  1 in 0.000s
[2026-06-21 15:52:32,752][src.colmap_mapper][INFO] - I20260621 15:52:32.752535 0x1fde420c0 database_cache.cc:90] Loading cameras...
[2026-06-21 15:52:32,752][src.colmap_mapper][INFO] - I20260621 15:52:32.752543 0x1fde420c0 database_cache.cc:108]  1 in 0.000s
[2026-06-21 15:52:32,752][src.colmap_mapper][INFO] - I20260621 15:52:32.752545 0x1fde420c0 database_cache.cc:116] Loading frames...
[2026-06-21 15:52:32,752][src.colmap_mapper][INFO] - I20260621 15:52:32.752562 0x1fde420c0 database_cache.cc:126]  8 in 0.000s
[2026-06-21 15:52:32,752][src.colmap_mapper][INFO] - I20260621 15:52:32.752564 0x1fde420c0 database_cache.cc:134] Loading matches...
[2026-06-21 15:52:32,752][src.colmap_mapper][INFO] - I20260621 15:52:32.752622 0x1fde420c0 database_cache.cc:139]  17 in 0.000s
[2026-06-21 15:52:32,752][src.colmap_mapper][INFO] - I20260621 15:52:32.752624 0x1fde420c0 database_cache.cc:147] Loading images...
[2026-06-21 15:52:32,753][src.colmap_mapper][INFO] - I20260621 15:52:32.753161 0x1fde420c0 database_cache.cc:241]  8 in 0.001s (connected 8, loaded 8)
[2026-06-21 15:52:32,753][src.colmap_mapper][INFO] - I20260621 15:52:32.753164 0x1fde420c0 database_cache.cc:255] Loading pose priors...
[2026-06-21 15:52:32,753][src.colmap_mapper][INFO] - I20260621 15:52:32.753170 0x1fde420c0 database_cache.cc:263]  0 in 0.000s
[2026-06-21 15:52:32,753][src.colmap_mapper][INFO] - I20260621 15:52:32.753172 0x1fde420c0 database_cache.cc:271] Building correspondence graph...
[2026-06-21 15:52:32,753][src.colmap_mapper][INFO] - I20260621 15:52:32.753964 0x1fde420c0 database_cache.cc:300]  in 0.001s (ignored 0)
[2026-06-21 15:52:32,754][src.colmap_mapper][INFO] - I20260621 15:52:32.753967 0x1fde420c0 timer.cc:90] Elapsed time: 0.000 [minutes]
[2026-06-21 15:52:32,754][src.colmap_mapper][INFO] - I20260621 15:52:32.754058 0x1fde420c0 incremental_pipeline.cc:390] Finding good initial image pair
[2026-06-21 15:52:32,763][src.colmap_mapper][INFO] - I20260621 15:52:32.763156 0x1fde420c0 incremental_pipeline.cc:414] Registering initial image pair #4 and #2
[2026-06-21 15:52:32,763][src.colmap_mapper][INFO] - I20260621 15:52:32.763783 0x1fde420c0 incremental_pipeline.cc:432] Global bundle adjustment
[2026-06-21 15:52:32,784][src.colmap_mapper][INFO] - I20260621 15:52:32.784535 0x1fde420c0 incremental_pipeline.cc:537] Registering image #3 (num_reg_frames=2)
[2026-06-21 15:52:32,784][src.colmap_mapper][INFO] - I20260621 15:52:32.784542 0x1fde420c0 incremental_pipeline.cc:540] => Image sees 121 / 1892 points
[2026-06-21 15:52:32,831][src.colmap_mapper][INFO] - I20260621 15:52:32.831903 0x1fde420c0 incremental_pipeline.cc:79] Retriangulation and Global bundle adjustment
[2026-06-21 15:52:32,846][src.colmap_mapper][INFO] - I20260621 15:52:32.846757 0x1fde420c0 incremental_pipeline.cc:537] Registering image #6 (num_reg_frames=3)
[2026-06-21 15:52:32,846][src.colmap_mapper][INFO] - I20260621 15:52:32.846762 0x1fde420c0 incremental_pipeline.cc:540] => Image sees 495 / 2128 points
[2026-06-21 15:52:32,901][src.colmap_mapper][INFO] - I20260621 15:52:32.901903 0x1fde420c0 incremental_pipeline.cc:79] Retriangulation and Global bundle adjustment
[2026-06-21 15:52:32,924][src.colmap_mapper][INFO] - I20260621 15:52:32.924211 0x1fde420c0 incremental_pipeline.cc:537] Registering image #5 (num_reg_frames=4)
[2026-06-21 15:52:32,924][src.colmap_mapper][INFO] - I20260621 15:52:32.924217 0x1fde420c0 incremental_pipeline.cc:540] => Image sees 1052 / 2461 points
[2026-06-21 15:52:32,972][src.colmap_mapper][INFO] - I20260621 15:52:32.972627 0x1fde420c0 incremental_pipeline.cc:79] Retriangulation and Global bundle adjustment
[2026-06-21 15:52:32,989][src.colmap_mapper][INFO] - I20260621 15:52:32.989125 0x1fde420c0 incremental_pipeline.cc:537] Registering image #1 (num_reg_frames=5)
[2026-06-21 15:52:32,989][src.colmap_mapper][INFO] - I20260621 15:52:32.989132 0x1fde420c0 incremental_pipeline.cc:540] => Image sees 536 / 1825 points
[2026-06-21 15:52:33,035][src.colmap_mapper][INFO] - I20260621 15:52:33.035864 0x1fde420c0 incremental_pipeline.cc:79] Retriangulation and Global bundle adjustment
[2026-06-21 15:52:33,064][src.colmap_mapper][INFO] - I20260621 15:52:33.064672 0x1fde420c0 incremental_pipeline.cc:537] Registering image #7 (num_reg_frames=6)
[2026-06-21 15:52:33,064][src.colmap_mapper][INFO] - I20260621 15:52:33.064678 0x1fde420c0 incremental_pipeline.cc:540] => Image sees 436 / 1676 points
[2026-06-21 15:52:33,100][src.colmap_mapper][INFO] - I20260621 15:52:33.100737 0x1fde420c0 incremental_pipeline.cc:79] Retriangulation and Global bundle adjustment
[2026-06-21 15:52:33,137][src.colmap_mapper][INFO] - I20260621 15:52:33.137413 0x1fde420c0 incremental_pipeline.cc:537] Registering image #8 (num_reg_frames=7)
[2026-06-21 15:52:33,137][src.colmap_mapper][INFO] - I20260621 15:52:33.137419 0x1fde420c0 incremental_pipeline.cc:540] => Image sees 480 / 1376 points
[2026-06-21 15:52:33,171][src.colmap_mapper][INFO] - I20260621 15:52:33.171160 0x1fde420c0 incremental_pipeline.cc:79] Retriangulation and Global bundle adjustment
[2026-06-21 15:52:33,206][src.colmap_mapper][INFO] - I20260621 15:52:33.206780 0x1fde420c0 incremental_pipeline.cc:79] Retriangulation and Global bundle adjustment
[2026-06-21 15:52:33,215][src.colmap_mapper][INFO] - I20260621 15:52:33.215528 0x1fde420c0 incremental_pipeline.cc:723] Keeping successful reconstruction
[2026-06-21 15:52:33,217][src.colmap_mapper][INFO] - I20260621 15:52:33.217824 0x1fde420c0 timer.cc:90] Elapsed time: 0.008 [minutes]
[2026-06-21 15:52:33,220][src.colmap_mapper][INFO] - Sparse reconstruction completed successfully
[2026-06-21 15:52:33,220][__main__][INFO] - ✓ Sparse reconstruction completed
[2026-06-21 15:52:33,220][src.timing_recorder][INFO] - [TIMING] ✓ Completed: sparse_reconstruction (0.52s)
[2026-06-21 15:52:33,221][src.timing_recorder][INFO] - [TIMING] Starting: undistortion
[2026-06-21 15:52:33,221][__main__][INFO] - ============================================================
[2026-06-21 15:52:33,221][__main__][INFO] - STEP 5: Image Undistortion
[2026-06-21 15:52:33,221][__main__][INFO] - ============================================================
[2026-06-21 15:52:33,222][src.colmap_undistorter][INFO] - Undistorting images
[2026-06-21 15:52:33,222][src.colmap_undistorter][INFO] - Input model: /Users/bc/brendanchambers/2026-06-18-iphone-video-to-splat/data/intermediates/densify_sz0.0025_gr0.0001/colmap_sfm_camera_model/sparse/0
[2026-06-21 15:52:33,222][src.colmap_undistorter][INFO] - Images: /Users/bc/brendanchambers/2026-06-18-iphone-video-to-splat/data/intermediates/densify_sz0.0025_gr0.0001/colmap_sfm_camera_model/images
[2026-06-21 15:52:33,222][src.colmap_undistorter][INFO] - Output: /Users/bc/brendanchambers/2026-06-18-iphone-video-to-splat/data/intermediates/densify_sz0.0025_gr0.0001/colmap_sfm_linearized
[2026-06-21 15:52:33,222][src.colmap_undistorter][INFO] - Running: colmap image_undistorter
[2026-06-21 15:52:33,267][src.colmap_undistorter][INFO] - I20260621 15:52:33.267312 0x1fde420c0 image.cc:368] === Reading reconstruction ===
[2026-06-21 15:52:33,269][src.colmap_undistorter][INFO] - I20260621 15:52:33.269232 0x1fde420c0 image.cc:371] => Reconstruction with 8 images and 2190 points
[2026-06-21 15:52:33,269][src.colmap_undistorter][INFO] - I20260621 15:52:33.269241 0x1fde420c0 undistorters.cc:166] === Image undistortion ===
[2026-06-21 15:52:33,269][src.colmap_undistorter][INFO] - I20260621 15:52:33.269541 0x1fde420c0 undistorters.cc:205] Undistorting image [1/8]
[2026-06-21 15:52:33,859][src.colmap_undistorter][INFO] - I20260621 15:52:33.859093 0x1fde420c0 undistorters.cc:205] Undistorting image [2/8]
[2026-06-21 15:52:33,861][src.colmap_undistorter][INFO] - I20260621 15:52:33.861009 0x1fde420c0 undistorters.cc:205] Undistorting image [3/8]
[2026-06-21 15:52:33,861][src.colmap_undistorter][INFO] - I20260621 15:52:33.861019 0x1fde420c0 undistorters.cc:205] Undistorting image [4/8]
[2026-06-21 15:52:33,864][src.colmap_undistorter][INFO] - I20260621 15:52:33.864683 0x1fde420c0 undistorters.cc:205] Undistorting image [5/8]
[2026-06-21 15:52:33,870][src.colmap_undistorter][INFO] - I20260621 15:52:33.870921 0x1fde420c0 undistorters.cc:205] Undistorting image [6/8]
[2026-06-21 15:52:33,870][src.colmap_undistorter][INFO] - I20260621 15:52:33.870925 0x1fde420c0 undistorters.cc:205] Undistorting image [7/8]
[2026-06-21 15:52:33,884][src.colmap_undistorter][INFO] - I20260621 15:52:33.884193 0x1fde420c0 undistorters.cc:205] Undistorting image [8/8]
[2026-06-21 15:52:33,884][src.colmap_undistorter][INFO] - I20260621 15:52:33.884198 0x1fde420c0 undistorters.cc:213] Writing reconstruction...
[2026-06-21 15:52:33,888][src.colmap_undistorter][INFO] - I20260621 15:52:33.888706 0x1fde420c0 undistorters.cc:218] Writing configuration...
[2026-06-21 15:52:33,888][src.colmap_undistorter][INFO] - I20260621 15:52:33.888816 0x1fde420c0 undistorters.cc:222] Writing scripts...
[2026-06-21 15:52:33,888][src.colmap_undistorter][INFO] - I20260621 15:52:33.888931 0x1fde420c0 timer.cc:90] Elapsed time: 0.010 [minutes]
[2026-06-21 15:52:33,893][src.colmap_undistorter][INFO] - Image undistortion completed successfully
[2026-06-21 15:52:33,893][__main__][INFO] - ✓ Image undistortion completed
[2026-06-21 15:52:33,893][src.timing_recorder][INFO] - [TIMING] ✓ Completed: undistortion (0.67s)
[2026-06-21 15:52:33,893][src.timing_recorder][INFO] - [TIMING] Starting: splat_training
[2026-06-21 15:52:33,893][__main__][INFO] - ============================================================
[2026-06-21 15:52:33,893][__main__][INFO] - STEP 6: OpenSplat Training
[2026-06-21 15:52:33,893][__main__][INFO] - ============================================================
[2026-06-21 15:52:33,895][src.opensplat_trainer][INFO] - Training 3D Gaussian Splat
[2026-06-21 15:52:33,895][src.opensplat_trainer][INFO] - Sparse model: /Users/bc/brendanchambers/2026-06-18-iphone-video-to-splat/data/intermediates/densify_sz0.0025_gr0.0001/colmap_sfm_linearized/sparse
[2026-06-21 15:52:33,895][src.opensplat_trainer][INFO] - Images: /Users/bc/brendanchambers/2026-06-18-iphone-video-to-splat/data/intermediates/densify_sz0.0025_gr0.0001/colmap_sfm_linearized/images
[2026-06-21 15:52:33,895][src.opensplat_trainer][INFO] - Output PLY: /Users/bc/brendanchambers/2026-06-18-iphone-video-to-splat/data/intermediates/densify_sz0.0025_gr0.0001/colmap_sfm_linearized/splats/densify_sz0.0025_gr0.0001_20260621_1552.ply
[2026-06-21 15:52:33,895][src.opensplat_trainer][INFO] - Training loss log: /Users/bc/brendanchambers/2026-06-18-iphone-video-to-splat/data/intermediates/densify_sz0.0025_gr0.0001/colmap_sfm_linearized/splats/train_20260621_1552.jsonl
[2026-06-21 15:52:33,895][src.opensplat_trainer][INFO] - Validation loss log: /Users/bc/brendanchambers/2026-06-18-iphone-video-to-splat/data/intermediates/densify_sz0.0025_gr0.0001/colmap_sfm_linearized/splats/val_20260621_1552.jsonl
[2026-06-21 15:52:33,895][src.opensplat_trainer][INFO] - Running: opensplat
[2026-06-21 15:52:34,030][src.opensplat_trainer][INFO] - Using MPS
[2026-06-21 15:52:34,032][src.opensplat_trainer][INFO] - Reading 2190 points
[2026-06-21 15:52:34,032][src.opensplat_trainer][INFO] - Loading /Users/bc/brendanchambers/2026-06-18-iphone-video-to-splat/data/intermediates/densify_sz0.0025_gr0.0001/colmap_sfm_linearized/images/frame_0001.jpg
[2026-06-21 15:52:34,032][src.opensplat_trainer][INFO] - Loading Loading /Users/bc/brendanchambers/2026-06-18-iphone-video-to-splat/data/intermediates/densify_sz0.0025_gr0.0001/colmap_sfm_linearized/images/frame_0002.jpg
[2026-06-21 15:52:34,032][src.opensplat_trainer][INFO] - /Users/bc/brendanchambers/2026-06-18-iphone-video-to-splat/data/intermediates/densify_sz0.0025_gr0.0001/colmap_sfm_linearized/images/frame_0003.jpg
[2026-06-21 15:52:34,032][src.opensplat_trainer][INFO] - Loading /Users/bc/brendanchambers/2026-06-18-iphone-video-to-splat/data/intermediates/densify_sz0.0025_gr0.0001/colmap_sfm_linearized/images/frame_0005.jpgLoading /Users/bc/brendanchambers/2026-06-18-iphone-video-to-splat/data/intermediates/densify_sz0.0025_gr0.0001/colmap_sfm_linearized/images/frame_0004.jpg
[2026-06-21 15:52:34,032][src.opensplat_trainer][INFO] - 
[2026-06-21 15:52:34,032][src.opensplat_trainer][INFO] - Loading /Users/bc/brendanchambers/2026-06-18-iphone-video-to-splat/data/intermediates/densify_sz0.0025_gr0.0001/colmap_sfm_linearized/images/frame_0006.jpg
[2026-06-21 15:52:34,033][src.opensplat_trainer][INFO] - Loading /Users/bc/brendanchambers/2026-06-18-iphone-video-to-splat/data/intermediates/densify_sz0.0025_gr0.0001/colmap_sfm_linearized/images/frame_0007.jpg
[2026-06-21 15:52:34,033][src.opensplat_trainer][INFO] - Loading /Users/bc/brendanchambers/2026-06-18-iphone-video-to-splat/data/intermediates/densify_sz0.0025_gr0.0001/colmap_sfm_linearized/images/frame_0008.jpg
[2026-06-21 15:52:34,394][src.opensplat_trainer][INFO] - init_gsplat_metal_context: loading '/Users/bc/brendanchambers/2026-06-18-iphone-video-to-splat/opensplat/build/default.metallib'
[2026-06-21 15:52:34,394][src.opensplat_trainer][INFO] - init_gsplat_metal_context: loaded '/Users/bc/brendanchambers/2026-06-18-iphone-video-to-splat/opensplat/build/default.metallib', functions: compute_cov2d_bounds_kernel, project_gaussians_backward_kernel, get_tile_bin_edges_kernel, rasterize_backward_kernel, map_gaussian_to_intersects_kernel, nd_rasterize_backward_kernel, project_gaussians_forward_kernel, compute_sh_backward_kernel, compute_sh_forward_kernel, nd_rasterize_forward_kernel
[2026-06-21 15:52:34,394][src.opensplat_trainer][INFO] - init_gsplat_metal_context: load function nd_rasterize_backward_kernel with label: (null)
[2026-06-21 15:52:34,395][src.opensplat_trainer][INFO] - init_gsplat_metal_context: load function nd_rasterize_forward_kernel with label: (null)
[2026-06-21 15:52:34,395][src.opensplat_trainer][INFO] - init_gsplat_metal_context: load function rasterize_backward_kernel with label: (null)
[2026-06-21 15:52:34,395][src.opensplat_trainer][INFO] - init_gsplat_metal_context: load function project_gaussians_forward_kernel with label: (null)
[2026-06-21 15:52:34,395][src.opensplat_trainer][INFO] - init_gsplat_metal_context: load function project_gaussians_backward_kernel with label: (null)
[2026-06-21 15:52:34,395][src.opensplat_trainer][INFO] - init_gsplat_metal_context: load function compute_sh_forward_kernel with label: (null)
[2026-06-21 15:52:34,395][src.opensplat_trainer][INFO] - init_gsplat_metal_context: load function compute_sh_backward_kernel with label: (null)
[2026-06-21 15:52:34,395][src.opensplat_trainer][INFO] - init_gsplat_metal_context: load function compute_cov2d_bounds_kernel with label: (null)
[2026-06-21 15:52:34,395][src.opensplat_trainer][INFO] - init_gsplat_metal_context: load function map_gaussian_to_intersects_kernel with label: (null)
[2026-06-21 15:52:34,395][src.opensplat_trainer][INFO] - init_gsplat_metal_context: load function get_tile_bin_edges_kernel with label: (null)
[2026-06-21 15:52:34,395][src.opensplat_trainer][INFO] - Step 10: 0.335674 (20%)
[2026-06-21 15:52:34,611][src.opensplat_trainer][INFO] - Step 20: 0.3161 (40%)
[2026-06-21 15:52:34,809][src.opensplat_trainer][INFO] - Step 30: 0.283759 (60%)
[2026-06-21 15:52:34,993][src.opensplat_trainer][INFO] - Step 40: 0.301167 (80%)
[2026-06-21 15:52:35,205][src.opensplat_trainer][INFO] - Step 50: 0.302727 (100%)
[2026-06-21 15:52:35,219][src.opensplat_trainer][INFO] - Wrote /Users/bc/brendanchambers/2026-06-18-iphone-video-to-splat/data/intermediates/densify_sz0.0025_gr0.0001/colmap_sfm_linearized/splats/cameras.json
[2026-06-21 15:52:35,226][src.opensplat_trainer][INFO] - Wrote /Users/bc/brendanchambers/2026-06-18-iphone-video-to-splat/data/intermediates/densify_sz0.0025_gr0.0001/colmap_sfm_linearized/splats/densify_sz0.0025_gr0.0001_20260621_1552.ply
[2026-06-21 15:52:35,239][src.opensplat_trainer][INFO] - /Users/bc/brendanchambers/2026-06-18-iphone-video-to-splat/data/intermediates/densify_sz0.0025_gr0.0001/colmap_sfm_linearized/images/frame_0001.jpg validation loss: 0.344882
[2026-06-21 15:52:35,288][src.opensplat_trainer][INFO] - Parsed 5 training loss values to /Users/bc/brendanchambers/2026-06-18-iphone-video-to-splat/data/intermediates/densify_sz0.0025_gr0.0001/colmap_sfm_linearized/splats/train_20260621_1552.jsonl
[2026-06-21 15:52:35,289][src.opensplat_trainer][INFO] - Captured validation loss: 0.344882 to /Users/bc/brendanchambers/2026-06-18-iphone-video-to-splat/data/intermediates/densify_sz0.0025_gr0.0001/colmap_sfm_linearized/splats/val_20260621_1552.jsonl
[2026-06-21 15:52:35,289][src.opensplat_trainer][INFO] - Training completed successfully
[2026-06-21 15:52:35,289][src.opensplat_trainer][INFO] - Output saved to: /Users/bc/brendanchambers/2026-06-18-iphone-video-to-splat/data/intermediates/densify_sz0.0025_gr0.0001/colmap_sfm_linearized/splats/densify_sz0.0025_gr0.0001_20260621_1552.ply
[2026-06-21 15:52:35,289][__main__][INFO] - ✓ Splat training completed
[2026-06-21 15:52:35,289][__main__][INFO] - ============================================================
[2026-06-21 15:52:35,289][__main__][INFO] - Analyzing Training Loss
[2026-06-21 15:52:35,289][__main__][INFO] - ============================================================
[2026-06-21 15:52:35,546][src.timing_recorder][INFO] - [TIMING] ✓ Completed: splat_training (1.65s)
[2026-06-21 15:52:35,546][__main__][INFO] - 
[2026-06-21 15:52:35,546][__main__][INFO] - ╔==========================================================╗
[2026-06-21 15:52:35,546][__main__][INFO] - ║                    Pipeline Complete!                    ║
[2026-06-21 15:52:35,546][__main__][INFO] - ╚==========================================================╝
[2026-06-21 15:52:35,547][__main__][INFO] - Output directory: /Users/bc/brendanchambers/2026-06-18-iphone-video-to-splat/data/intermediates/densify_sz0.0025_gr0.0001/colmap_sfm_linearized/splats
[2026-06-21 15:52:35,547][__main__][INFO] -   - PLY file: *.ply (3D Gaussian Splat)
[2026-06-21 15:52:35,547][__main__][INFO] -   - Loss log: *.jsonl (Training loss per step)
[2026-06-21 15:52:35,547][__main__][INFO] -   - Timing log: running-time_*.jsonl (Step execution times)
[2026-06-21 15:52:35,547][src.timing_recorder][INFO] - 
[2026-06-21 15:52:35,547][src.timing_recorder][INFO] - ======================================================================
[2026-06-21 15:52:35,547][src.timing_recorder][INFO] - PIPELINE EXECUTION TIMING SUMMARY
[2026-06-21 15:52:35,547][src.timing_recorder][INFO] - ======================================================================
[2026-06-21 15:52:35,547][src.timing_recorder][INFO] - ✓ frame_extraction              0.22s  (  5.1%)
[2026-06-21 15:52:35,547][src.timing_recorder][INFO] - ✓ feature_extraction            0.71s  ( 16.4%)
[2026-06-21 15:52:35,547][src.timing_recorder][INFO] - ✓ feature_matching              0.56s  ( 13.0%)
[2026-06-21 15:52:35,547][src.timing_recorder][INFO] - ✓ sparse_reconstruction         0.52s  ( 11.9%)
[2026-06-21 15:52:35,547][src.timing_recorder][INFO] - ✓ undistortion                  0.67s  ( 15.5%)
[2026-06-21 15:52:35,547][src.timing_recorder][INFO] - ✓ splat_training                1.65s  ( 38.1%)
[2026-06-21 15:52:35,547][src.timing_recorder][INFO] - ----------------------------------------------------------------------
[2026-06-21 15:52:35,547][src.timing_recorder][INFO] - TOTAL                           4.34s  (100.0%)
[2026-06-21 15:52:35,547][src.timing_recorder][INFO] - ======================================================================
[2026-06-21 15:52:35,547][src.timing_recorder][INFO] - 
[2026-06-21 15:52:35,548][src.timing_recorder][INFO] - [TIMING] Saved timing report to: /Users/bc/brendanchambers/2026-06-18-iphone-video-to-splat/data/intermediates/densify_sz0.0025_gr0.0001/colmap_sfm_linearized/splats/running-time_20260621_1552.jsonl
