[2026-06-21 16:30:59,382][__main__][INFO] - 
[2026-06-21 16:30:59,382][__main__][INFO] - ╔==========================================================╗
[2026-06-21 16:30:59,382][__main__][INFO] - ║          3D Gaussian Splat Training Pipeline              ║
[2026-06-21 16:30:59,382][__main__][INFO] - ╚==========================================================╝
[2026-06-21 16:30:59,382][__main__][INFO] - Experiment: densify_sz0.01_gr0.0004
[2026-06-21 16:30:59,382][__main__][INFO] - Project dir: /Users/bc/brendanchambers/2026-06-18-iphone-video-to-splat
[2026-06-21 16:30:59,382][__main__][INFO] - 
[2026-06-21 16:30:59,382][src.timing_recorder][INFO] - [TIMING] Starting: frame_extraction
[2026-06-21 16:30:59,382][__main__][INFO] - ============================================================
[2026-06-21 16:30:59,382][__main__][INFO] - STEP 1: Frame Extraction
[2026-06-21 16:30:59,382][__main__][INFO] - ============================================================
[2026-06-21 16:30:59,383][src.frame_extractor][INFO] - Extracting frames from: /Users/bc/brendanchambers/2026-06-18-iphone-video-to-splat/data/incoming/movies/teensy.mov
[2026-06-21 16:30:59,383][src.frame_extractor][INFO] - Output directory: /Users/bc/brendanchambers/2026-06-18-iphone-video-to-splat/data/intermediates/densify_sz0.01_gr0.0004/colmap_sfm_camera_model/images
[2026-06-21 16:30:59,383][src.frame_extractor][INFO] - Extracting frames at 2 fps
[2026-06-21 16:30:59,383][src.frame_extractor][INFO] - Running command: ffmpeg -i /Users/bc/brendanchambers/2026-06-18-iphone-video-to-splat/data/incoming/movies/teensy.mov -vf fps=2 -q:v 5 /Users/bc/brendanchambers/2026-06-18-iphone-video-to-splat/data/intermediates/densify_sz0.01_gr0.0004/colmap_sfm_camera_model/images/frame_%04d.jpg
[2026-06-21 16:30:59,413][src.frame_extractor][INFO] - ffmpeg version 8.1.2 Copyright (c) 2000-2026 the FFmpeg developers
[2026-06-21 16:30:59,413][src.frame_extractor][INFO] -   built with Apple clang version 17.0.0 (clang-1700.6.4.2)
[2026-06-21 16:30:59,413][src.frame_extractor][INFO] -   configuration: --prefix=/opt/homebrew/Cellar/ffmpeg/8.1.2 --enable-shared --enable-pthreads --enable-version3 --cc=clang --host-cflags= --host-ldflags= --enable-ffplay --enable-gpl --enable-libsvtav1 --enable-libopus --enable-libx264 --enable-libmp3lame --enable-libdav1d --enable-libvmaf --enable-libvpx --enable-libx265 --enable-openssl --enable-videotoolbox --enable-audiotoolbox --enable-neon
[2026-06-21 16:30:59,413][src.frame_extractor][INFO] -   libavutil      60. 26.102 / 60. 26.102
[2026-06-21 16:30:59,413][src.frame_extractor][INFO] -   libavcodec     62. 28.102 / 62. 28.102
[2026-06-21 16:30:59,413][src.frame_extractor][INFO] -   libavformat    62. 12.102 / 62. 12.102
[2026-06-21 16:30:59,413][src.frame_extractor][INFO] -   libavdevice    62.  3.102 / 62.  3.102
[2026-06-21 16:30:59,413][src.frame_extractor][INFO] -   libavfilter    11. 14.102 / 11. 14.102
[2026-06-21 16:30:59,413][src.frame_extractor][INFO] -   libswscale      9.  5.102 /  9.  5.102
[2026-06-21 16:30:59,413][src.frame_extractor][INFO] -   libswresample   6.  3.102 /  6.  3.102
[2026-06-21 16:30:59,430][src.frame_extractor][INFO] - Input #0, mov,mp4,m4a,3gp,3g2,mj2, from '/Users/bc/brendanchambers/2026-06-18-iphone-video-to-splat/data/incoming/movies/teensy.mov':
[2026-06-21 16:30:59,430][src.frame_extractor][INFO] -   Metadata:
[2026-06-21 16:30:59,430][src.frame_extractor][INFO] -     major_brand     : qt
[2026-06-21 16:30:59,431][src.frame_extractor][INFO] -     minor_version   : 512
[2026-06-21 16:30:59,431][src.frame_extractor][INFO] -     compatible_brands: qt
[2026-06-21 16:30:59,431][src.frame_extractor][INFO] -     encoder         : Lavf62.12.102
[2026-06-21 16:30:59,431][src.frame_extractor][INFO] -   Duration: 00:00:04.01, start: 0.000000, bitrate: 19786 kb/s
[2026-06-21 16:30:59,431][src.frame_extractor][INFO] -   Stream #0:0[0x1]: Video: h264 (High) (avc1 / 0x31637661), yuv420p(tv, bt709, progressive), 1080x1920, 19646 kb/s, 29.67 fps, 29.67 tbr, 11392 tbn (default)
[2026-06-21 16:30:59,431][src.frame_extractor][INFO] -     Metadata:
[2026-06-21 16:30:59,431][src.frame_extractor][INFO] -       handler_name    : Core Media Video
[2026-06-21 16:30:59,431][src.frame_extractor][INFO] -       vendor_id       : FFMP
[2026-06-21 16:30:59,431][src.frame_extractor][INFO] -       encoder         : Lavc62.28.102 libx264
[2026-06-21 16:30:59,431][src.frame_extractor][INFO] -   Stream #0:1[0x2]: Audio: aac (LC) (mp4a / 0x6134706D), 48000 Hz, stereo, fltp, 128 kb/s (default)
[2026-06-21 16:30:59,431][src.frame_extractor][INFO] -     Metadata:
[2026-06-21 16:30:59,431][src.frame_extractor][INFO] -       handler_name    : Core Media Audio
[2026-06-21 16:30:59,431][src.frame_extractor][INFO] -       vendor_id       : [0][0][0][0]
[2026-06-21 16:30:59,431][src.frame_extractor][INFO] - Stream mapping:
[2026-06-21 16:30:59,431][src.frame_extractor][INFO] -   Stream #0:0 -> #0:0 (h264 (native) -> mjpeg (native))
[2026-06-21 16:30:59,431][src.frame_extractor][INFO] - Press [q] to stop, [?] for help
[2026-06-21 16:30:59,482][src.frame_extractor][INFO] - Output #0, image2, to '/Users/bc/brendanchambers/2026-06-18-iphone-video-to-splat/data/intermediates/densify_sz0.01_gr0.0004/colmap_sfm_camera_model/images/frame_%04d.jpg':
[2026-06-21 16:30:59,483][src.frame_extractor][INFO] -   Metadata:
[2026-06-21 16:30:59,483][src.frame_extractor][INFO] -     major_brand     : qt
[2026-06-21 16:30:59,483][src.frame_extractor][INFO] -     minor_version   : 512
[2026-06-21 16:30:59,483][src.frame_extractor][INFO] -     compatible_brands: qt
[2026-06-21 16:30:59,483][src.frame_extractor][INFO] -     encoder         : Lavf62.12.102
[2026-06-21 16:30:59,483][src.frame_extractor][INFO] -   Stream #0:0: Video: mjpeg, yuv420p(pc, bt709, progressive), 1080x1920, q=2-31, 200 kb/s, 2 fps, 2 tbn (default)
[2026-06-21 16:30:59,483][src.frame_extractor][INFO] -     Metadata:
[2026-06-21 16:30:59,483][src.frame_extractor][INFO] -       encoder         : Lavc62.28.102 mjpeg
[2026-06-21 16:30:59,483][src.frame_extractor][INFO] -       handler_name    : Core Media Video
[2026-06-21 16:30:59,483][src.frame_extractor][INFO] -       vendor_id       : FFMP
[2026-06-21 16:30:59,483][src.frame_extractor][INFO] -     Side data:
[2026-06-21 16:30:59,483][src.frame_extractor][INFO] -       CPB properties: bitrate max/min/avg: 0/0/200000 buffer size: 0 vbv_delay: N/A
[2026-06-21 16:30:59,623][src.frame_extractor][INFO] - [out#0/image2 @ 0x6000022bc180] video:3120KiB audio:0KiB subtitle:0KiB other streams:0KiB global headers:0KiB muxing overhead: unknown
[2026-06-21 16:30:59,623][src.frame_extractor][INFO] - frame=    8 fps=0.0 q=5.0 Lsize=N/A time=00:00:04.00 bitrate=N/A speed=20.8x elapsed=0:00:00.19
[2026-06-21 16:30:59,626][src.frame_extractor][INFO] - Successfully extracted 8 frames
[2026-06-21 16:30:59,626][__main__][INFO] - ✓ Frame extraction completed
[2026-06-21 16:30:59,626][src.timing_recorder][INFO] - [TIMING] ✓ Completed: frame_extraction (0.24s)
[2026-06-21 16:30:59,626][src.timing_recorder][INFO] - [TIMING] Starting: feature_extraction
[2026-06-21 16:30:59,626][__main__][INFO] - ============================================================
[2026-06-21 16:30:59,626][__main__][INFO] - STEP 2: Feature Extraction
[2026-06-21 16:30:59,626][__main__][INFO] - ============================================================
[2026-06-21 16:30:59,627][src.colmap_feature_extractor][INFO] - Extracting features from images: /Users/bc/brendanchambers/2026-06-18-iphone-video-to-splat/data/intermediates/densify_sz0.01_gr0.0004/colmap_sfm_camera_model/images
[2026-06-21 16:30:59,627][src.colmap_feature_extractor][INFO] - Database: /Users/bc/brendanchambers/2026-06-18-iphone-video-to-splat/data/intermediates/densify_sz0.01_gr0.0004/colmap_sfm_camera_model/database.db
[2026-06-21 16:30:59,627][src.colmap_feature_extractor][INFO] - Running: colmap feature_extractor
[2026-06-21 16:30:59,796][src.colmap_feature_extractor][INFO] - I20260621 16:30:59.795879 0x16b6e7000 feature_extraction.cc:504] === Feature extraction ===
[2026-06-21 16:30:59,810][src.colmap_feature_extractor][INFO] - I20260621 16:30:59.810629 0x16bceb000 sift.cc:757] Creating SIFT GPU feature extractor
[2026-06-21 16:30:59,943][src.colmap_feature_extractor][INFO] - I20260621 16:30:59.943570 0x16bd77000 feature_extraction.cc:282] Processed file [1/8]
[2026-06-21 16:30:59,943][src.colmap_feature_extractor][INFO] - I20260621 16:30:59.943590 0x16bd77000 feature_extraction.cc:285]   Name:            frame_0001.jpg
[2026-06-21 16:30:59,943][src.colmap_feature_extractor][INFO] - I20260621 16:30:59.943592 0x16bd77000 feature_extraction.cc:294]   Dimensions:      1080 x 1920
[2026-06-21 16:30:59,943][src.colmap_feature_extractor][INFO] - I20260621 16:30:59.943593 0x16bd77000 feature_extraction.cc:297]   Camera:          #1 - RADIAL
[2026-06-21 16:30:59,943][src.colmap_feature_extractor][INFO] - I20260621 16:30:59.943596 0x16bd77000 feature_extraction.cc:300]   Focal Length:    2304.00px
[2026-06-21 16:30:59,943][src.colmap_feature_extractor][INFO] - I20260621 16:30:59.943599 0x16bd77000 feature_extraction.cc:304]   Features:        4449 (SIFT)
[2026-06-21 16:31:00,002][src.colmap_feature_extractor][INFO] - I20260621 16:31:00.002056 0x16bd77000 feature_extraction.cc:282] Processed file [2/8]
[2026-06-21 16:31:00,002][src.colmap_feature_extractor][INFO] - I20260621 16:31:00.002081 0x16bd77000 feature_extraction.cc:285]   Name:            frame_0002.jpg
[2026-06-21 16:31:00,002][src.colmap_feature_extractor][INFO] - I20260621 16:31:00.002087 0x16bd77000 feature_extraction.cc:294]   Dimensions:      1080 x 1920
[2026-06-21 16:31:00,002][src.colmap_feature_extractor][INFO] - I20260621 16:31:00.002089 0x16bd77000 feature_extraction.cc:297]   Camera:          #1 - RADIAL
[2026-06-21 16:31:00,002][src.colmap_feature_extractor][INFO] - I20260621 16:31:00.002091 0x16bd77000 feature_extraction.cc:300]   Focal Length:    2304.00px
[2026-06-21 16:31:00,002][src.colmap_feature_extractor][INFO] - I20260621 16:31:00.002094 0x16bd77000 feature_extraction.cc:304]   Features:        4766 (SIFT)
[2026-06-21 16:31:00,055][src.colmap_feature_extractor][INFO] - I20260621 16:31:00.055174 0x16bd77000 feature_extraction.cc:282] Processed file [3/8]
[2026-06-21 16:31:00,055][src.colmap_feature_extractor][INFO] - I20260621 16:31:00.055193 0x16bd77000 feature_extraction.cc:285]   Name:            frame_0003.jpg
[2026-06-21 16:31:00,055][src.colmap_feature_extractor][INFO] - I20260621 16:31:00.055194 0x16bd77000 feature_extraction.cc:294]   Dimensions:      1080 x 1920
[2026-06-21 16:31:00,055][src.colmap_feature_extractor][INFO] - I20260621 16:31:00.055196 0x16bd77000 feature_extraction.cc:297]   Camera:          #1 - RADIAL
[2026-06-21 16:31:00,055][src.colmap_feature_extractor][INFO] - I20260621 16:31:00.055198 0x16bd77000 feature_extraction.cc:300]   Focal Length:    2304.00px
[2026-06-21 16:31:00,055][src.colmap_feature_extractor][INFO] - I20260621 16:31:00.055201 0x16bd77000 feature_extraction.cc:304]   Features:        5561 (SIFT)
[2026-06-21 16:31:00,108][src.colmap_feature_extractor][INFO] - I20260621 16:31:00.108926 0x16bd77000 feature_extraction.cc:282] Processed file [4/8]
[2026-06-21 16:31:00,109][src.colmap_feature_extractor][INFO] - I20260621 16:31:00.108941 0x16bd77000 feature_extraction.cc:285]   Name:            frame_0004.jpg
[2026-06-21 16:31:00,109][src.colmap_feature_extractor][INFO] - I20260621 16:31:00.108943 0x16bd77000 feature_extraction.cc:294]   Dimensions:      1080 x 1920
[2026-06-21 16:31:00,109][src.colmap_feature_extractor][INFO] - I20260621 16:31:00.108945 0x16bd77000 feature_extraction.cc:297]   Camera:          #1 - RADIAL
[2026-06-21 16:31:00,109][src.colmap_feature_extractor][INFO] - I20260621 16:31:00.108947 0x16bd77000 feature_extraction.cc:300]   Focal Length:    2304.00px
[2026-06-21 16:31:00,109][src.colmap_feature_extractor][INFO] - I20260621 16:31:00.108949 0x16bd77000 feature_extraction.cc:304]   Features:        6351 (SIFT)
[2026-06-21 16:31:00,161][src.colmap_feature_extractor][INFO] - I20260621 16:31:00.161772 0x16bd77000 feature_extraction.cc:282] Processed file [5/8]
[2026-06-21 16:31:00,161][src.colmap_feature_extractor][INFO] - I20260621 16:31:00.161814 0x16bd77000 feature_extraction.cc:285]   Name:            frame_0005.jpg
[2026-06-21 16:31:00,161][src.colmap_feature_extractor][INFO] - I20260621 16:31:00.161819 0x16bd77000 feature_extraction.cc:294]   Dimensions:      1080 x 1920
[2026-06-21 16:31:00,161][src.colmap_feature_extractor][INFO] - I20260621 16:31:00.161821 0x16bd77000 feature_extraction.cc:297]   Camera:          #1 - RADIAL
[2026-06-21 16:31:00,161][src.colmap_feature_extractor][INFO] - I20260621 16:31:00.161823 0x16bd77000 feature_extraction.cc:300]   Focal Length:    2304.00px
[2026-06-21 16:31:00,162][src.colmap_feature_extractor][INFO] - I20260621 16:31:00.161826 0x16bd77000 feature_extraction.cc:304]   Features:        4609 (SIFT)
[2026-06-21 16:31:00,215][src.colmap_feature_extractor][INFO] - I20260621 16:31:00.215635 0x16bd77000 feature_extraction.cc:282] Processed file [6/8]
[2026-06-21 16:31:00,215][src.colmap_feature_extractor][INFO] - I20260621 16:31:00.215652 0x16bd77000 feature_extraction.cc:285]   Name:            frame_0006.jpg
[2026-06-21 16:31:00,215][src.colmap_feature_extractor][INFO] - I20260621 16:31:00.215654 0x16bd77000 feature_extraction.cc:294]   Dimensions:      1080 x 1920
[2026-06-21 16:31:00,215][src.colmap_feature_extractor][INFO] - I20260621 16:31:00.215656 0x16bd77000 feature_extraction.cc:297]   Camera:          #1 - RADIAL
[2026-06-21 16:31:00,215][src.colmap_feature_extractor][INFO] - I20260621 16:31:00.215658 0x16bd77000 feature_extraction.cc:300]   Focal Length:    2304.00px
[2026-06-21 16:31:00,215][src.colmap_feature_extractor][INFO] - I20260621 16:31:00.215661 0x16bd77000 feature_extraction.cc:304]   Features:        4916 (SIFT)
[2026-06-21 16:31:00,268][src.colmap_feature_extractor][INFO] - I20260621 16:31:00.268117 0x16bd77000 feature_extraction.cc:282] Processed file [7/8]
[2026-06-21 16:31:00,275][src.colmap_feature_extractor][INFO] - I20260621 16:31:00.268131 0x16bd77000 feature_extraction.cc:285]   Name:            frame_0007.jpg
[2026-06-21 16:31:00,275][src.colmap_feature_extractor][INFO] - I20260621 16:31:00.268134 0x16bd77000 feature_extraction.cc:294]   Dimensions:      1080 x 1920
[2026-06-21 16:31:00,275][src.colmap_feature_extractor][INFO] - I20260621 16:31:00.268135 0x16bd77000 feature_extraction.cc:297]   Camera:          #1 - RADIAL
[2026-06-21 16:31:00,276][src.colmap_feature_extractor][INFO] - I20260621 16:31:00.268137 0x16bd77000 feature_extraction.cc:300]   Focal Length:    2304.00px
[2026-06-21 16:31:00,276][src.colmap_feature_extractor][INFO] - I20260621 16:31:00.268140 0x16bd77000 feature_extraction.cc:304]   Features:        4134 (SIFT)
[2026-06-21 16:31:00,322][src.colmap_feature_extractor][INFO] - I20260621 16:31:00.322932 0x16bd77000 feature_extraction.cc:282] Processed file [8/8]
[2026-06-21 16:31:00,323][src.colmap_feature_extractor][INFO] - I20260621 16:31:00.322971 0x16bd77000 feature_extraction.cc:285]   Name:            frame_0008.jpg
[2026-06-21 16:31:00,323][src.colmap_feature_extractor][INFO] - I20260621 16:31:00.322973 0x16bd77000 feature_extraction.cc:294]   Dimensions:      1080 x 1920
[2026-06-21 16:31:00,323][src.colmap_feature_extractor][INFO] - I20260621 16:31:00.322975 0x16bd77000 feature_extraction.cc:297]   Camera:          #1 - RADIAL
[2026-06-21 16:31:00,323][src.colmap_feature_extractor][INFO] - I20260621 16:31:00.322977 0x16bd77000 feature_extraction.cc:300]   Focal Length:    2304.00px
[2026-06-21 16:31:00,323][src.colmap_feature_extractor][INFO] - I20260621 16:31:00.322981 0x16bd77000 feature_extraction.cc:304]   Features:        6773 (SIFT)
[2026-06-21 16:31:00,326][src.colmap_feature_extractor][INFO] - I20260621 16:31:00.326507 0x16b6e7000 timer.cc:90] Elapsed time: 0.009 [minutes]
[2026-06-21 16:31:00,344][src.colmap_feature_extractor][INFO] - Feature extraction completed successfully
[2026-06-21 16:31:00,344][__main__][INFO] - ✓ Feature extraction completed
[2026-06-21 16:31:00,344][src.timing_recorder][INFO] - [TIMING] ✓ Completed: feature_extraction (0.72s)
[2026-06-21 16:31:00,344][src.timing_recorder][INFO] - [TIMING] Starting: feature_matching
[2026-06-21 16:31:00,344][__main__][INFO] - ============================================================
[2026-06-21 16:31:00,344][__main__][INFO] - STEP 3: Feature Matching
[2026-06-21 16:31:00,344][__main__][INFO] - ============================================================
[2026-06-21 16:31:00,345][src.colmap_feature_matcher][INFO] - Matching features in database: /Users/bc/brendanchambers/2026-06-18-iphone-video-to-splat/data/intermediates/densify_sz0.01_gr0.0004/colmap_sfm_camera_model/database.db
[2026-06-21 16:31:00,345][src.colmap_feature_matcher][INFO] - Running: colmap sequential_matcher
[2026-06-21 16:31:00,516][src.colmap_feature_matcher][INFO] - I20260621 16:31:00.516039 0x16b343000 feature_matching.cc:195] === Feature matching & geometric verification ===
[2026-06-21 16:31:00,530][src.colmap_feature_matcher][INFO] - I20260621 16:31:00.530832 0x16b3cf000 sift.cc:1559] Creating SIFT GPU feature matcher
[2026-06-21 16:31:00,555][src.colmap_feature_matcher][INFO] - I20260621 16:31:00.555399 0x16b343000 pairing.cc:415] Generating sequential image pairs...
[2026-06-21 16:31:00,555][src.colmap_feature_matcher][INFO] - I20260621 16:31:00.555483 0x16b343000 pairing.cc:473] Processing image [1/8]
[2026-06-21 16:31:00,619][src.colmap_feature_matcher][INFO] - I20260621 16:31:00.619574 0x16b343000 feature_matching.cc:217] in 0.064s
[2026-06-21 16:31:00,619][src.colmap_feature_matcher][INFO] - I20260621 16:31:00.619588 0x16b343000 pairing.cc:473] Processing image [2/8]
[2026-06-21 16:31:00,679][src.colmap_feature_matcher][INFO] - I20260621 16:31:00.678968 0x16b343000 feature_matching.cc:217] in 0.059s
[2026-06-21 16:31:00,679][src.colmap_feature_matcher][INFO] - I20260621 16:31:00.678982 0x16b343000 pairing.cc:473] Processing image [3/8]
[2026-06-21 16:31:00,740][src.colmap_feature_matcher][INFO] - I20260621 16:31:00.740302 0x16b343000 feature_matching.cc:217] in 0.061s
[2026-06-21 16:31:00,740][src.colmap_feature_matcher][INFO] - I20260621 16:31:00.740317 0x16b343000 pairing.cc:473] Processing image [4/8]
[2026-06-21 16:31:00,814][src.colmap_feature_matcher][INFO] - I20260621 16:31:00.814401 0x16b343000 feature_matching.cc:217] in 0.074s
[2026-06-21 16:31:00,814][src.colmap_feature_matcher][INFO] - I20260621 16:31:00.814415 0x16b343000 pairing.cc:473] Processing image [5/8]
[2026-06-21 16:31:00,846][src.colmap_feature_matcher][INFO] - I20260621 16:31:00.846241 0x16b343000 feature_matching.cc:217] in 0.032s
[2026-06-21 16:31:00,846][src.colmap_feature_matcher][INFO] - I20260621 16:31:00.846248 0x16b343000 pairing.cc:473] Processing image [6/8]
[2026-06-21 16:31:00,886][src.colmap_feature_matcher][INFO] - I20260621 16:31:00.886325 0x16b343000 feature_matching.cc:217] in 0.040s
[2026-06-21 16:31:00,886][src.colmap_feature_matcher][INFO] - I20260621 16:31:00.886330 0x16b343000 pairing.cc:473] Processing image [7/8]
[2026-06-21 16:31:00,908][src.colmap_feature_matcher][INFO] - I20260621 16:31:00.908744 0x16b343000 feature_matching.cc:217] in 0.022s
[2026-06-21 16:31:00,908][src.colmap_feature_matcher][INFO] - I20260621 16:31:00.908756 0x16b343000 pairing.cc:473] Processing image [8/8]
[2026-06-21 16:31:00,908][src.colmap_feature_matcher][INFO] - I20260621 16:31:00.908759 0x16b343000 feature_matching.cc:217] in 0.000s
[2026-06-21 16:31:00,908][src.colmap_feature_matcher][INFO] - I20260621 16:31:00.908762 0x16b343000 timer.cc:90] Elapsed time: 0.007 [minutes]
[2026-06-21 16:31:00,916][src.colmap_feature_matcher][INFO] - Feature matching completed successfully
[2026-06-21 16:31:00,916][__main__][INFO] - ✓ Feature matching completed
[2026-06-21 16:31:00,916][src.timing_recorder][INFO] - [TIMING] ✓ Completed: feature_matching (0.57s)
[2026-06-21 16:31:00,916][src.timing_recorder][INFO] - [TIMING] Starting: sparse_reconstruction
[2026-06-21 16:31:00,916][__main__][INFO] - ============================================================
[2026-06-21 16:31:00,916][__main__][INFO] - STEP 4: Sparse Reconstruction
[2026-06-21 16:31:00,916][__main__][INFO] - ============================================================
[2026-06-21 16:31:00,918][src.colmap_mapper][INFO] - Performing sparse reconstruction
[2026-06-21 16:31:00,918][src.colmap_mapper][INFO] - Database: /Users/bc/brendanchambers/2026-06-18-iphone-video-to-splat/data/intermediates/densify_sz0.01_gr0.0004/colmap_sfm_camera_model/database.db
[2026-06-21 16:31:00,918][src.colmap_mapper][INFO] - Images: /Users/bc/brendanchambers/2026-06-18-iphone-video-to-splat/data/intermediates/densify_sz0.01_gr0.0004/colmap_sfm_camera_model/images
[2026-06-21 16:31:00,918][src.colmap_mapper][INFO] - Output: /Users/bc/brendanchambers/2026-06-18-iphone-video-to-splat/data/intermediates/densify_sz0.01_gr0.0004/colmap_sfm_camera_model/sparse
[2026-06-21 16:31:00,918][src.colmap_mapper][INFO] - Running: colmap mapper
[2026-06-21 16:31:00,968][src.colmap_mapper][INFO] - I20260621 16:31:00.968111 0x1fde420c0 incremental_pipeline.cc:278] Loading database
[2026-06-21 16:31:00,968][src.colmap_mapper][INFO] - I20260621 16:31:00.968420 0x1fde420c0 database_cache.cc:72] Loading rigs...
[2026-06-21 16:31:00,968][src.colmap_mapper][INFO] - I20260621 16:31:00.968440 0x1fde420c0 database_cache.cc:82]  1 in 0.000s
[2026-06-21 16:31:00,968][src.colmap_mapper][INFO] - I20260621 16:31:00.968443 0x1fde420c0 database_cache.cc:90] Loading cameras...
[2026-06-21 16:31:00,968][src.colmap_mapper][INFO] - I20260621 16:31:00.968451 0x1fde420c0 database_cache.cc:108]  1 in 0.000s
[2026-06-21 16:31:00,968][src.colmap_mapper][INFO] - I20260621 16:31:00.968454 0x1fde420c0 database_cache.cc:116] Loading frames...
[2026-06-21 16:31:00,968][src.colmap_mapper][INFO] - I20260621 16:31:00.968471 0x1fde420c0 database_cache.cc:126]  8 in 0.000s
[2026-06-21 16:31:00,968][src.colmap_mapper][INFO] - I20260621 16:31:00.968474 0x1fde420c0 database_cache.cc:134] Loading matches...
[2026-06-21 16:31:00,968][src.colmap_mapper][INFO] - I20260621 16:31:00.968541 0x1fde420c0 database_cache.cc:139]  17 in 0.000s
[2026-06-21 16:31:00,968][src.colmap_mapper][INFO] - I20260621 16:31:00.968544 0x1fde420c0 database_cache.cc:147] Loading images...
[2026-06-21 16:31:00,969][src.colmap_mapper][INFO] - I20260621 16:31:00.969076 0x1fde420c0 database_cache.cc:241]  8 in 0.001s (connected 8, loaded 8)
[2026-06-21 16:31:00,969][src.colmap_mapper][INFO] - I20260621 16:31:00.969079 0x1fde420c0 database_cache.cc:255] Loading pose priors...
[2026-06-21 16:31:00,969][src.colmap_mapper][INFO] - I20260621 16:31:00.969085 0x1fde420c0 database_cache.cc:263]  0 in 0.000s
[2026-06-21 16:31:00,969][src.colmap_mapper][INFO] - I20260621 16:31:00.969087 0x1fde420c0 database_cache.cc:271] Building correspondence graph...
[2026-06-21 16:31:00,969][src.colmap_mapper][INFO] - I20260621 16:31:00.969923 0x1fde420c0 database_cache.cc:300]  in 0.001s (ignored 0)
[2026-06-21 16:31:00,969][src.colmap_mapper][INFO] - I20260621 16:31:00.969926 0x1fde420c0 timer.cc:90] Elapsed time: 0.000 [minutes]
[2026-06-21 16:31:00,970][src.colmap_mapper][INFO] - I20260621 16:31:00.970014 0x1fde420c0 incremental_pipeline.cc:390] Finding good initial image pair
[2026-06-21 16:31:00,979][src.colmap_mapper][INFO] - I20260621 16:31:00.979122 0x1fde420c0 incremental_pipeline.cc:414] Registering initial image pair #4 and #2
[2026-06-21 16:31:00,979][src.colmap_mapper][INFO] - I20260621 16:31:00.979716 0x1fde420c0 incremental_pipeline.cc:432] Global bundle adjustment
[2026-06-21 16:31:01,003][src.colmap_mapper][INFO] - I20260621 16:31:01.003256 0x1fde420c0 incremental_pipeline.cc:537] Registering image #3 (num_reg_frames=2)
[2026-06-21 16:31:01,003][src.colmap_mapper][INFO] - I20260621 16:31:01.003261 0x1fde420c0 incremental_pipeline.cc:540] => Image sees 168 / 1892 points
[2026-06-21 16:31:01,051][src.colmap_mapper][INFO] - I20260621 16:31:01.051515 0x1fde420c0 incremental_pipeline.cc:79] Retriangulation and Global bundle adjustment
[2026-06-21 16:31:01,070][src.colmap_mapper][INFO] - I20260621 16:31:01.070591 0x1fde420c0 incremental_pipeline.cc:537] Registering image #6 (num_reg_frames=3)
[2026-06-21 16:31:01,070][src.colmap_mapper][INFO] - I20260621 16:31:01.070596 0x1fde420c0 incremental_pipeline.cc:540] => Image sees 499 / 2128 points
[2026-06-21 16:31:01,128][src.colmap_mapper][INFO] - I20260621 16:31:01.128699 0x1fde420c0 incremental_pipeline.cc:79] Retriangulation and Global bundle adjustment
[2026-06-21 16:31:01,151][src.colmap_mapper][INFO] - I20260621 16:31:01.151280 0x1fde420c0 incremental_pipeline.cc:537] Registering image #5 (num_reg_frames=4)
[2026-06-21 16:31:01,151][src.colmap_mapper][INFO] - I20260621 16:31:01.151287 0x1fde420c0 incremental_pipeline.cc:540] => Image sees 1052 / 2461 points
[2026-06-21 16:31:01,199][src.colmap_mapper][INFO] - I20260621 16:31:01.199837 0x1fde420c0 incremental_pipeline.cc:79] Retriangulation and Global bundle adjustment
[2026-06-21 16:31:01,216][src.colmap_mapper][INFO] - I20260621 16:31:01.216701 0x1fde420c0 incremental_pipeline.cc:537] Registering image #1 (num_reg_frames=5)
[2026-06-21 16:31:01,216][src.colmap_mapper][INFO] - I20260621 16:31:01.216708 0x1fde420c0 incremental_pipeline.cc:540] => Image sees 536 / 1825 points
[2026-06-21 16:31:01,269][src.colmap_mapper][INFO] - I20260621 16:31:01.269280 0x1fde420c0 incremental_pipeline.cc:79] Retriangulation and Global bundle adjustment
[2026-06-21 16:31:01,295][src.colmap_mapper][INFO] - I20260621 16:31:01.295024 0x1fde420c0 incremental_pipeline.cc:537] Registering image #7 (num_reg_frames=6)
[2026-06-21 16:31:01,295][src.colmap_mapper][INFO] - I20260621 16:31:01.295029 0x1fde420c0 incremental_pipeline.cc:540] => Image sees 436 / 1676 points
[2026-06-21 16:31:01,331][src.colmap_mapper][INFO] - I20260621 16:31:01.331062 0x1fde420c0 incremental_pipeline.cc:79] Retriangulation and Global bundle adjustment
[2026-06-21 16:31:01,367][src.colmap_mapper][INFO] - I20260621 16:31:01.367522 0x1fde420c0 incremental_pipeline.cc:537] Registering image #8 (num_reg_frames=7)
[2026-06-21 16:31:01,367][src.colmap_mapper][INFO] - I20260621 16:31:01.367527 0x1fde420c0 incremental_pipeline.cc:540] => Image sees 481 / 1376 points
[2026-06-21 16:31:01,402][src.colmap_mapper][INFO] - I20260621 16:31:01.401978 0x1fde420c0 incremental_pipeline.cc:79] Retriangulation and Global bundle adjustment
[2026-06-21 16:31:01,441][src.colmap_mapper][INFO] - I20260621 16:31:01.441461 0x1fde420c0 incremental_pipeline.cc:79] Retriangulation and Global bundle adjustment
[2026-06-21 16:31:01,450][src.colmap_mapper][INFO] - I20260621 16:31:01.450258 0x1fde420c0 incremental_pipeline.cc:723] Keeping successful reconstruction
[2026-06-21 16:31:01,452][src.colmap_mapper][INFO] - I20260621 16:31:01.452515 0x1fde420c0 timer.cc:90] Elapsed time: 0.008 [minutes]
[2026-06-21 16:31:01,455][src.colmap_mapper][INFO] - Sparse reconstruction completed successfully
[2026-06-21 16:31:01,455][__main__][INFO] - ✓ Sparse reconstruction completed
[2026-06-21 16:31:01,455][src.timing_recorder][INFO] - [TIMING] ✓ Completed: sparse_reconstruction (0.54s)
[2026-06-21 16:31:01,455][src.timing_recorder][INFO] - [TIMING] Starting: undistortion
[2026-06-21 16:31:01,455][__main__][INFO] - ============================================================
[2026-06-21 16:31:01,455][__main__][INFO] - STEP 5: Image Undistortion
[2026-06-21 16:31:01,455][__main__][INFO] - ============================================================
[2026-06-21 16:31:01,457][src.colmap_undistorter][INFO] - Undistorting images
[2026-06-21 16:31:01,457][src.colmap_undistorter][INFO] - Input model: /Users/bc/brendanchambers/2026-06-18-iphone-video-to-splat/data/intermediates/densify_sz0.01_gr0.0004/colmap_sfm_camera_model/sparse/0
[2026-06-21 16:31:01,457][src.colmap_undistorter][INFO] - Images: /Users/bc/brendanchambers/2026-06-18-iphone-video-to-splat/data/intermediates/densify_sz0.01_gr0.0004/colmap_sfm_camera_model/images
[2026-06-21 16:31:01,457][src.colmap_undistorter][INFO] - Output: /Users/bc/brendanchambers/2026-06-18-iphone-video-to-splat/data/intermediates/densify_sz0.01_gr0.0004/colmap_sfm_linearized
[2026-06-21 16:31:01,457][src.colmap_undistorter][INFO] - Running: colmap image_undistorter
[2026-06-21 16:31:01,507][src.colmap_undistorter][INFO] - I20260621 16:31:01.507206 0x1fde420c0 image.cc:368] === Reading reconstruction ===
[2026-06-21 16:31:01,509][src.colmap_undistorter][INFO] - I20260621 16:31:01.509333 0x1fde420c0 image.cc:371] => Reconstruction with 8 images and 2190 points
[2026-06-21 16:31:01,509][src.colmap_undistorter][INFO] - I20260621 16:31:01.509340 0x1fde420c0 undistorters.cc:166] === Image undistortion ===
[2026-06-21 16:31:01,509][src.colmap_undistorter][INFO] - I20260621 16:31:01.509588 0x1fde420c0 undistorters.cc:205] Undistorting image [1/8]
[2026-06-21 16:31:02,149][src.colmap_undistorter][INFO] - I20260621 16:31:02.149585 0x1fde420c0 undistorters.cc:205] Undistorting image [2/8]
[2026-06-21 16:31:02,200][src.colmap_undistorter][INFO] - I20260621 16:31:02.200703 0x1fde420c0 undistorters.cc:205] Undistorting image [3/8]
[2026-06-21 16:31:02,200][src.colmap_undistorter][INFO] - I20260621 16:31:02.200718 0x1fde420c0 undistorters.cc:205] Undistorting image [4/8]
[2026-06-21 16:31:02,200][src.colmap_undistorter][INFO] - I20260621 16:31:02.200721 0x1fde420c0 undistorters.cc:205] Undistorting image [5/8]
[2026-06-21 16:31:02,200][src.colmap_undistorter][INFO] - I20260621 16:31:02.200723 0x1fde420c0 undistorters.cc:205] Undistorting image [6/8]
[2026-06-21 16:31:02,200][src.colmap_undistorter][INFO] - I20260621 16:31:02.200724 0x1fde420c0 undistorters.cc:205] Undistorting image [7/8]
[2026-06-21 16:31:02,200][src.colmap_undistorter][INFO] - I20260621 16:31:02.200726 0x1fde420c0 undistorters.cc:205] Undistorting image [8/8]
[2026-06-21 16:31:02,200][src.colmap_undistorter][INFO] - I20260621 16:31:02.200727 0x1fde420c0 undistorters.cc:213] Writing reconstruction...
[2026-06-21 16:31:02,205][src.colmap_undistorter][INFO] - I20260621 16:31:02.205682 0x1fde420c0 undistorters.cc:218] Writing configuration...
[2026-06-21 16:31:02,205][src.colmap_undistorter][INFO] - I20260621 16:31:02.205838 0x1fde420c0 undistorters.cc:222] Writing scripts...
[2026-06-21 16:31:02,205][src.colmap_undistorter][INFO] - I20260621 16:31:02.205954 0x1fde420c0 timer.cc:90] Elapsed time: 0.012 [minutes]
[2026-06-21 16:31:02,209][src.colmap_undistorter][INFO] - Image undistortion completed successfully
[2026-06-21 16:31:02,209][__main__][INFO] - ✓ Image undistortion completed
[2026-06-21 16:31:02,209][src.timing_recorder][INFO] - [TIMING] ✓ Completed: undistortion (0.75s)
[2026-06-21 16:31:02,209][src.timing_recorder][INFO] - [TIMING] Starting: splat_training
[2026-06-21 16:31:02,209][__main__][INFO] - ============================================================
[2026-06-21 16:31:02,209][__main__][INFO] - STEP 6: OpenSplat Training
[2026-06-21 16:31:02,210][__main__][INFO] - ============================================================
[2026-06-21 16:31:02,212][src.opensplat_trainer][INFO] - Training 3D Gaussian Splat
[2026-06-21 16:31:02,212][src.opensplat_trainer][INFO] - Sparse model: /Users/bc/brendanchambers/2026-06-18-iphone-video-to-splat/data/intermediates/densify_sz0.01_gr0.0004/colmap_sfm_linearized/sparse
[2026-06-21 16:31:02,212][src.opensplat_trainer][INFO] - Images: /Users/bc/brendanchambers/2026-06-18-iphone-video-to-splat/data/intermediates/densify_sz0.01_gr0.0004/colmap_sfm_linearized/images
[2026-06-21 16:31:02,212][src.opensplat_trainer][INFO] - Output PLY: /Users/bc/brendanchambers/2026-06-18-iphone-video-to-splat/data/intermediates/densify_sz0.01_gr0.0004/colmap_sfm_linearized/splats/densify_sz0.01_gr0.0004_20260621_1631.ply
[2026-06-21 16:31:02,212][src.opensplat_trainer][INFO] - Training loss log: /Users/bc/brendanchambers/2026-06-18-iphone-video-to-splat/data/intermediates/densify_sz0.01_gr0.0004/colmap_sfm_linearized/splats/train_20260621_1631.jsonl
[2026-06-21 16:31:02,212][src.opensplat_trainer][INFO] - Validation loss log: /Users/bc/brendanchambers/2026-06-18-iphone-video-to-splat/data/intermediates/densify_sz0.01_gr0.0004/colmap_sfm_linearized/splats/val_20260621_1631.jsonl
[2026-06-21 16:31:02,212][src.opensplat_trainer][INFO] - Running: opensplat
[2026-06-21 16:31:02,363][src.opensplat_trainer][INFO] - Using MPS
[2026-06-21 16:31:02,365][src.opensplat_trainer][INFO] - Reading 2190 points
[2026-06-21 16:31:02,366][src.opensplat_trainer][INFO] - Loading /Users/bc/brendanchambers/2026-06-18-iphone-video-to-splat/data/intermediates/densify_sz0.01_gr0.0004/colmap_sfm_linearized/images/frame_0001.jpg
[2026-06-21 16:31:02,366][src.opensplat_trainer][INFO] - Loading /Users/bc/brendanchambers/2026-06-18-iphone-video-to-splat/data/intermediates/densify_sz0.01_gr0.0004/colmap_sfm_linearized/images/frame_0002.jpg
[2026-06-21 16:31:02,366][src.opensplat_trainer][INFO] - Loading /Users/bc/brendanchambers/2026-06-18-iphone-video-to-splat/data/intermediates/densify_sz0.01_gr0.0004/colmap_sfm_linearized/images/frame_0003.jpg
[2026-06-21 16:31:02,366][src.opensplat_trainer][INFO] - Loading Loading /Users/bc/brendanchambers/2026-06-18-iphone-video-to-splat/data/intermediates/densify_sz0.01_gr0.0004/colmap_sfm_linearized/images/frame_0005.jpg
[2026-06-21 16:31:02,366][src.opensplat_trainer][INFO] - Loading /Users/bc/brendanchambers/2026-06-18-iphone-video-to-splat/data/intermediates/densify_sz0.01_gr0.0004/colmap_sfm_linearized/images/frame_0008.jpg
[2026-06-21 16:31:02,366][src.opensplat_trainer][INFO] - Loading /Users/bc/brendanchambers/2026-06-18-iphone-video-to-splat/data/intermediates/densify_sz0.01_gr0.0004/colmap_sfm_linearized/images/frame_0006.jpg
[2026-06-21 16:31:02,366][src.opensplat_trainer][INFO] - /Users/bc/brendanchambers/2026-06-18-iphone-video-to-splat/data/intermediates/densify_sz0.01_gr0.0004/colmap_sfm_linearized/images/frame_0004.jpg
[2026-06-21 16:31:02,366][src.opensplat_trainer][INFO] - Loading /Users/bc/brendanchambers/2026-06-18-iphone-video-to-splat/data/intermediates/densify_sz0.01_gr0.0004/colmap_sfm_linearized/images/frame_0007.jpg
[2026-06-21 16:31:02,766][src.opensplat_trainer][INFO] - init_gsplat_metal_context: loading '/Users/bc/brendanchambers/2026-06-18-iphone-video-to-splat/opensplat/build/default.metallib'
[2026-06-21 16:31:02,766][src.opensplat_trainer][INFO] - init_gsplat_metal_context: loaded '/Users/bc/brendanchambers/2026-06-18-iphone-video-to-splat/opensplat/build/default.metallib', functions: compute_cov2d_bounds_kernel, project_gaussians_backward_kernel, get_tile_bin_edges_kernel, rasterize_backward_kernel, map_gaussian_to_intersects_kernel, nd_rasterize_backward_kernel, project_gaussians_forward_kernel, compute_sh_backward_kernel, compute_sh_forward_kernel, nd_rasterize_forward_kernel
[2026-06-21 16:31:02,766][src.opensplat_trainer][INFO] - init_gsplat_metal_context: load function nd_rasterize_backward_kernel with label: (null)
[2026-06-21 16:31:02,766][src.opensplat_trainer][INFO] - init_gsplat_metal_context: load function nd_rasterize_forward_kernel with label: (null)
[2026-06-21 16:31:02,766][src.opensplat_trainer][INFO] - init_gsplat_metal_context: load function rasterize_backward_kernel with label: (null)
[2026-06-21 16:31:02,766][src.opensplat_trainer][INFO] - init_gsplat_metal_context: load function project_gaussians_forward_kernel with label: (null)
[2026-06-21 16:31:02,766][src.opensplat_trainer][INFO] - init_gsplat_metal_context: load function project_gaussians_backward_kernel with label: (null)
[2026-06-21 16:31:02,766][src.opensplat_trainer][INFO] - init_gsplat_metal_context: load function compute_sh_forward_kernel with label: (null)
[2026-06-21 16:31:02,766][src.opensplat_trainer][INFO] - init_gsplat_metal_context: load function compute_sh_backward_kernel with label: (null)
[2026-06-21 16:31:02,766][src.opensplat_trainer][INFO] - init_gsplat_metal_context: load function compute_cov2d_bounds_kernel with label: (null)
[2026-06-21 16:31:02,766][src.opensplat_trainer][INFO] - init_gsplat_metal_context: load function map_gaussian_to_intersects_kernel with label: (null)
[2026-06-21 16:31:02,766][src.opensplat_trainer][INFO] - init_gsplat_metal_context: load function get_tile_bin_edges_kernel with label: (null)
[2026-06-21 16:31:02,766][src.opensplat_trainer][INFO] - Step 10: 0.335643 (20%)
[2026-06-21 16:31:02,985][src.opensplat_trainer][INFO] - Step 20: 0.316053 (40%)
[2026-06-21 16:31:03,180][src.opensplat_trainer][INFO] - Step 30: 0.28368 (60%)
[2026-06-21 16:31:03,374][src.opensplat_trainer][INFO] - Step 40: 0.301104 (80%)
[2026-06-21 16:31:03,589][src.opensplat_trainer][INFO] - Step 50: 0.302611 (100%)
[2026-06-21 16:31:03,603][src.opensplat_trainer][INFO] - Wrote /Users/bc/brendanchambers/2026-06-18-iphone-video-to-splat/data/intermediates/densify_sz0.01_gr0.0004/colmap_sfm_linearized/splats/cameras.json
[2026-06-21 16:31:03,610][src.opensplat_trainer][INFO] - Wrote /Users/bc/brendanchambers/2026-06-18-iphone-video-to-splat/data/intermediates/densify_sz0.01_gr0.0004/colmap_sfm_linearized/splats/densify_sz0.01_gr0.0004_20260621_1631.ply
[2026-06-21 16:31:03,623][src.opensplat_trainer][INFO] - /Users/bc/brendanchambers/2026-06-18-iphone-video-to-splat/data/intermediates/densify_sz0.01_gr0.0004/colmap_sfm_linearized/images/frame_0001.jpg validation loss: 0.344775
[2026-06-21 16:31:03,675][src.opensplat_trainer][INFO] - Parsed 5 training loss values to /Users/bc/brendanchambers/2026-06-18-iphone-video-to-splat/data/intermediates/densify_sz0.01_gr0.0004/colmap_sfm_linearized/splats/train_20260621_1631.jsonl
[2026-06-21 16:31:03,675][src.opensplat_trainer][INFO] - Captured validation loss: 0.344775 to /Users/bc/brendanchambers/2026-06-18-iphone-video-to-splat/data/intermediates/densify_sz0.01_gr0.0004/colmap_sfm_linearized/splats/val_20260621_1631.jsonl
[2026-06-21 16:31:03,675][src.opensplat_trainer][INFO] - Training completed successfully
[2026-06-21 16:31:03,675][src.opensplat_trainer][INFO] - Output saved to: /Users/bc/brendanchambers/2026-06-18-iphone-video-to-splat/data/intermediates/densify_sz0.01_gr0.0004/colmap_sfm_linearized/splats/densify_sz0.01_gr0.0004_20260621_1631.ply
[2026-06-21 16:31:03,675][__main__][INFO] - ✓ Splat training completed
[2026-06-21 16:31:03,675][__main__][INFO] - ============================================================
[2026-06-21 16:31:03,675][__main__][INFO] - Analyzing Training Loss
[2026-06-21 16:31:03,675][__main__][INFO] - ============================================================
[2026-06-21 16:31:03,735][src.timing_recorder][INFO] - [TIMING] ✓ Completed: splat_training (1.53s)
[2026-06-21 16:31:03,736][__main__][INFO] - 
[2026-06-21 16:31:03,736][__main__][INFO] - ╔==========================================================╗
[2026-06-21 16:31:03,736][__main__][INFO] - ║                    Pipeline Complete!                    ║
[2026-06-21 16:31:03,736][__main__][INFO] - ╚==========================================================╝
[2026-06-21 16:31:03,736][__main__][INFO] - Output directory: /Users/bc/brendanchambers/2026-06-18-iphone-video-to-splat/data/intermediates/densify_sz0.01_gr0.0004/colmap_sfm_linearized/splats
[2026-06-21 16:31:03,736][__main__][INFO] -   - PLY file: *.ply (3D Gaussian Splat)
[2026-06-21 16:31:03,736][__main__][INFO] -   - Loss log: *.jsonl (Training loss per step)
[2026-06-21 16:31:03,736][__main__][INFO] -   - Timing log: running-time_*.jsonl (Step execution times)
[2026-06-21 16:31:03,736][src.timing_recorder][INFO] - 
[2026-06-21 16:31:03,736][src.timing_recorder][INFO] - ======================================================================
[2026-06-21 16:31:03,736][src.timing_recorder][INFO] - PIPELINE EXECUTION TIMING SUMMARY
[2026-06-21 16:31:03,736][src.timing_recorder][INFO] - ======================================================================
[2026-06-21 16:31:03,736][src.timing_recorder][INFO] - ✓ frame_extraction              0.24s  (  5.6%)
[2026-06-21 16:31:03,736][src.timing_recorder][INFO] - ✓ feature_extraction            0.72s  ( 16.5%)
[2026-06-21 16:31:03,737][src.timing_recorder][INFO] - ✓ feature_matching              0.57s  ( 13.1%)
[2026-06-21 16:31:03,737][src.timing_recorder][INFO] - ✓ sparse_reconstruction         0.54s  ( 12.4%)
[2026-06-21 16:31:03,737][src.timing_recorder][INFO] - ✓ undistortion                  0.75s  ( 17.3%)
[2026-06-21 16:31:03,737][src.timing_recorder][INFO] - ✓ splat_training                1.53s  ( 35.1%)
[2026-06-21 16:31:03,737][src.timing_recorder][INFO] - ----------------------------------------------------------------------
[2026-06-21 16:31:03,737][src.timing_recorder][INFO] - TOTAL                           4.35s  (100.0%)
[2026-06-21 16:31:03,737][src.timing_recorder][INFO] - ======================================================================
[2026-06-21 16:31:03,737][src.timing_recorder][INFO] - 
[2026-06-21 16:31:03,737][src.timing_recorder][INFO] - [TIMING] Saved timing report to: /Users/bc/brendanchambers/2026-06-18-iphone-video-to-splat/data/intermediates/densify_sz0.01_gr0.0004/colmap_sfm_linearized/splats/running-time_20260621_1631.jsonl
[2026-06-21 16:31:03,738][__main__][INFO] - ============================================================
[2026-06-21 16:31:03,738][__main__][INFO] - Logging Experiment Results
[2026-06-21 16:31:03,738][__main__][INFO] - ============================================================
[2026-06-21 16:31:03,738][src.experiment_tracker][INFO] - Logged experiment to: /Users/bc/brendanchambers/2026-06-18-iphone-video-to-splat/reports/experiments/hparam_sweep.jsonl
[2026-06-21 16:31:03,738][__main__][INFO] - Experiment results logged to: /Users/bc/brendanchambers/2026-06-18-iphone-video-to-splat/reports/experiments/hparam_sweep.jsonl
[2026-06-21 16:31:03,738][__main__][INFO] -   Experiment: densify_sz0.01_gr0.0004
[2026-06-21 16:31:03,738][__main__][INFO] -   Group: hparam_sweep
[2026-06-21 16:31:03,738][__main__][INFO] -   Train loss: 0.302611
[2026-06-21 16:31:03,738][__main__][INFO] -   Total time: 4.35s (0.07m)
