[2026-06-21 14:51:52,113][__main__][INFO] - 
[2026-06-21 14:51:52,113][__main__][INFO] - ╔==========================================================╗
[2026-06-21 14:51:52,113][__main__][INFO] - ║          3D Gaussian Splat Training Pipeline              ║
[2026-06-21 14:51:52,113][__main__][INFO] - ╚==========================================================╝
[2026-06-21 14:51:52,113][__main__][INFO] - Experiment: teensy
[2026-06-21 14:51:52,113][__main__][INFO] - Project dir: /Users/bc/brendanchambers/2026-06-18-iphone-video-to-splat
[2026-06-21 14:51:52,113][__main__][INFO] - 
[2026-06-21 14:51:52,113][__main__][INFO] - ============================================================
[2026-06-21 14:51:52,113][__main__][INFO] - STEP 1: Frame Extraction
[2026-06-21 14:51:52,113][__main__][INFO] - ============================================================
[2026-06-21 14:51:52,113][src.frame_extractor][INFO] - Extracting frames from: /Users/bc/brendanchambers/2026-06-18-iphone-video-to-splat/data/incoming/movies/teensy.mov
[2026-06-21 14:51:52,113][src.frame_extractor][INFO] - Output directory: /Users/bc/brendanchambers/2026-06-18-iphone-video-to-splat/data/intermediates/teensy/colmap_sfm_camera_model/images
[2026-06-21 14:51:52,113][src.frame_extractor][INFO] - Extracting frames at 2 fps
[2026-06-21 14:51:52,113][src.frame_extractor][INFO] - Running command: ffmpeg -i /Users/bc/brendanchambers/2026-06-18-iphone-video-to-splat/data/incoming/movies/teensy.mov -vf fps=2 -q:v 5 /Users/bc/brendanchambers/2026-06-18-iphone-video-to-splat/data/intermediates/teensy/colmap_sfm_camera_model/images/frame_%04d.jpg
[2026-06-21 14:51:52,127][src.frame_extractor][INFO] - ffmpeg version 8.1.2 Copyright (c) 2000-2026 the FFmpeg developers
[2026-06-21 14:51:52,128][src.frame_extractor][INFO] -   built with Apple clang version 17.0.0 (clang-1700.6.4.2)
[2026-06-21 14:51:52,128][src.frame_extractor][INFO] -   configuration: --prefix=/opt/homebrew/Cellar/ffmpeg/8.1.2 --enable-shared --enable-pthreads --enable-version3 --cc=clang --host-cflags= --host-ldflags= --enable-ffplay --enable-gpl --enable-libsvtav1 --enable-libopus --enable-libx264 --enable-libmp3lame --enable-libdav1d --enable-libvmaf --enable-libvpx --enable-libx265 --enable-openssl --enable-videotoolbox --enable-audiotoolbox --enable-neon
[2026-06-21 14:51:52,128][src.frame_extractor][INFO] -   libavutil      60. 26.102 / 60. 26.102
[2026-06-21 14:51:52,128][src.frame_extractor][INFO] -   libavcodec     62. 28.102 / 62. 28.102
[2026-06-21 14:51:52,128][src.frame_extractor][INFO] -   libavformat    62. 12.102 / 62. 12.102
[2026-06-21 14:51:52,128][src.frame_extractor][INFO] -   libavdevice    62.  3.102 / 62.  3.102
[2026-06-21 14:51:52,128][src.frame_extractor][INFO] -   libavfilter    11. 14.102 / 11. 14.102
[2026-06-21 14:51:52,128][src.frame_extractor][INFO] -   libswscale      9.  5.102 /  9.  5.102
[2026-06-21 14:51:52,128][src.frame_extractor][INFO] -   libswresample   6.  3.102 /  6.  3.102
[2026-06-21 14:51:52,142][src.frame_extractor][INFO] - Input #0, mov,mp4,m4a,3gp,3g2,mj2, from '/Users/bc/brendanchambers/2026-06-18-iphone-video-to-splat/data/incoming/movies/teensy.mov':
[2026-06-21 14:51:52,142][src.frame_extractor][INFO] -   Metadata:
[2026-06-21 14:51:52,142][src.frame_extractor][INFO] -     major_brand     : qt
[2026-06-21 14:51:52,142][src.frame_extractor][INFO] -     minor_version   : 512
[2026-06-21 14:51:52,142][src.frame_extractor][INFO] -     compatible_brands: qt
[2026-06-21 14:51:52,142][src.frame_extractor][INFO] -     encoder         : Lavf62.12.102
[2026-06-21 14:51:52,142][src.frame_extractor][INFO] -   Duration: 00:00:04.01, start: 0.000000, bitrate: 19786 kb/s
[2026-06-21 14:51:52,143][src.frame_extractor][INFO] -   Stream #0:0[0x1]: Video: h264 (High) (avc1 / 0x31637661), yuv420p(tv, bt709, progressive), 1080x1920, 19646 kb/s, 29.67 fps, 29.67 tbr, 11392 tbn (default)
[2026-06-21 14:51:52,143][src.frame_extractor][INFO] -     Metadata:
[2026-06-21 14:51:52,143][src.frame_extractor][INFO] -       handler_name    : Core Media Video
[2026-06-21 14:51:52,143][src.frame_extractor][INFO] -       vendor_id       : FFMP
[2026-06-21 14:51:52,143][src.frame_extractor][INFO] -       encoder         : Lavc62.28.102 libx264
[2026-06-21 14:51:52,143][src.frame_extractor][INFO] -   Stream #0:1[0x2]: Audio: aac (LC) (mp4a / 0x6134706D), 48000 Hz, stereo, fltp, 128 kb/s (default)
[2026-06-21 14:51:52,143][src.frame_extractor][INFO] -     Metadata:
[2026-06-21 14:51:52,143][src.frame_extractor][INFO] -       handler_name    : Core Media Audio
[2026-06-21 14:51:52,143][src.frame_extractor][INFO] -       vendor_id       : [0][0][0][0]
[2026-06-21 14:51:52,143][src.frame_extractor][INFO] - Stream mapping:
[2026-06-21 14:51:52,143][src.frame_extractor][INFO] -   Stream #0:0 -> #0:0 (h264 (native) -> mjpeg (native))
[2026-06-21 14:51:52,143][src.frame_extractor][INFO] - Press [q] to stop, [?] for help
[2026-06-21 14:51:52,192][src.frame_extractor][INFO] - Output #0, image2, to '/Users/bc/brendanchambers/2026-06-18-iphone-video-to-splat/data/intermediates/teensy/colmap_sfm_camera_model/images/frame_%04d.jpg':
[2026-06-21 14:51:52,192][src.frame_extractor][INFO] -   Metadata:
[2026-06-21 14:51:52,192][src.frame_extractor][INFO] -     major_brand     : qt
[2026-06-21 14:51:52,192][src.frame_extractor][INFO] -     minor_version   : 512
[2026-06-21 14:51:52,192][src.frame_extractor][INFO] -     compatible_brands: qt
[2026-06-21 14:51:52,192][src.frame_extractor][INFO] -     encoder         : Lavf62.12.102
[2026-06-21 14:51:52,192][src.frame_extractor][INFO] -   Stream #0:0: Video: mjpeg, yuv420p(pc, bt709, progressive), 1080x1920, q=2-31, 200 kb/s, 2 fps, 2 tbn (default)
[2026-06-21 14:51:52,192][src.frame_extractor][INFO] -     Metadata:
[2026-06-21 14:51:52,192][src.frame_extractor][INFO] -       encoder         : Lavc62.28.102 mjpeg
[2026-06-21 14:51:52,192][src.frame_extractor][INFO] -       handler_name    : Core Media Video
[2026-06-21 14:51:52,192][src.frame_extractor][INFO] -       vendor_id       : FFMP
[2026-06-21 14:51:52,192][src.frame_extractor][INFO] -     Side data:
[2026-06-21 14:51:52,192][src.frame_extractor][INFO] -       CPB properties: bitrate max/min/avg: 0/0/200000 buffer size: 0 vbv_delay: N/A
[2026-06-21 14:51:52,340][src.frame_extractor][INFO] - [out#0/image2 @ 0x15bf058d0] video:3120KiB audio:0KiB subtitle:0KiB other streams:0KiB global headers:0KiB muxing overhead: unknown
[2026-06-21 14:51:52,340][src.frame_extractor][INFO] - frame=    8 fps=0.0 q=5.0 Lsize=N/A time=00:00:04.00 bitrate=N/A speed=20.2x elapsed=0:00:00.19
[2026-06-21 14:51:52,344][src.frame_extractor][INFO] - Successfully extracted 8 frames
[2026-06-21 14:51:52,344][__main__][INFO] - ✓ Frame extraction completed
[2026-06-21 14:51:52,344][__main__][INFO] - ============================================================
[2026-06-21 14:51:52,344][__main__][INFO] - STEP 2: Feature Extraction
[2026-06-21 14:51:52,344][__main__][INFO] - ============================================================
[2026-06-21 14:51:52,345][src.colmap_feature_extractor][INFO] - Extracting features from images: /Users/bc/brendanchambers/2026-06-18-iphone-video-to-splat/data/intermediates/teensy/colmap_sfm_camera_model/images
[2026-06-21 14:51:52,345][src.colmap_feature_extractor][INFO] - Database: /Users/bc/brendanchambers/2026-06-18-iphone-video-to-splat/data/intermediates/teensy/colmap_sfm_camera_model/database.db
[2026-06-21 14:51:52,345][src.colmap_feature_extractor][INFO] - Running: colmap feature_extractor
[2026-06-21 14:51:52,535][src.colmap_feature_extractor][INFO] - I20260621 14:51:52.535002 0x16f3f7000 feature_extraction.cc:504] === Feature extraction ===
[2026-06-21 14:51:52,550][src.colmap_feature_extractor][INFO] - I20260621 14:51:52.550249 0x16f9fb000 sift.cc:757] Creating SIFT GPU feature extractor
[2026-06-21 14:51:52,588][src.colmap_feature_extractor][INFO] - I20260621 14:51:52.588809 0x16fa87000 feature_extraction.cc:282] Processed file [1/8]
[2026-06-21 14:51:52,588][src.colmap_feature_extractor][INFO] - I20260621 14:51:52.588826 0x16fa87000 feature_extraction.cc:285]   Name:            frame_0001.jpg
[2026-06-21 14:51:52,589][src.colmap_feature_extractor][INFO] - [0;33mW20260621 14:51:52.588829 0x16fa87000 feature_extraction.cc:289] frame_0001.jpg IMAGE_EXISTS: Features for image were already extracted.
[2026-06-21 14:51:52,589][src.colmap_feature_extractor][INFO] - [mI20260621 14:51:52.589359 0x16fa87000 feature_extraction.cc:282] Processed file [2/8]
[2026-06-21 14:51:52,589][src.colmap_feature_extractor][INFO] - I20260621 14:51:52.589362 0x16fa87000 feature_extraction.cc:285]   Name:            frame_0002.jpg
[2026-06-21 14:51:52,589][src.colmap_feature_extractor][INFO] - [0;33mW20260621 14:51:52.589364 0x16fa87000 feature_extraction.cc:289] frame_0002.jpg IMAGE_EXISTS: Features for image were already extracted.
[2026-06-21 14:51:52,589][src.colmap_feature_extractor][INFO] - [mI20260621 14:51:52.589372 0x16fa87000 feature_extraction.cc:282] Processed file [3/8]
[2026-06-21 14:51:52,589][src.colmap_feature_extractor][INFO] - I20260621 14:51:52.589374 0x16fa87000 feature_extraction.cc:285]   Name:            frame_0003.jpg
[2026-06-21 14:51:52,589][src.colmap_feature_extractor][INFO] - [0;33mW20260621 14:51:52.589376 0x16fa87000 feature_extraction.cc:289] frame_0003.jpg IMAGE_EXISTS: Features for image were already extracted.
[2026-06-21 14:51:52,589][src.colmap_feature_extractor][INFO] - [mI20260621 14:51:52.589384 0x16fa87000 feature_extraction.cc:282] Processed file [4/8]
[2026-06-21 14:51:52,589][src.colmap_feature_extractor][INFO] - I20260621 14:51:52.589386 0x16fa87000 feature_extraction.cc:285]   Name:            frame_0004.jpg
[2026-06-21 14:51:52,589][src.colmap_feature_extractor][INFO] - [0;33mW20260621 14:51:52.589388 0x16fa87000 feature_extraction.cc:289] frame_0004.jpg IMAGE_EXISTS: Features for image were already extracted.
[2026-06-21 14:51:52,589][src.colmap_feature_extractor][INFO] - [mI20260621 14:51:52.589396 0x16fa87000 feature_extraction.cc:282] Processed file [5/8]
[2026-06-21 14:51:52,589][src.colmap_feature_extractor][INFO] - I20260621 14:51:52.589399 0x16fa87000 feature_extraction.cc:285]   Name:            frame_0005.jpg
[2026-06-21 14:51:52,589][src.colmap_feature_extractor][INFO] - [0;33mW20260621 14:51:52.589400 0x16fa87000 feature_extraction.cc:289] frame_0005.jpg IMAGE_EXISTS: Features for image were already extracted.
[2026-06-21 14:51:52,589][src.colmap_feature_extractor][INFO] - [mI20260621 14:51:52.589406 0x16fa87000 feature_extraction.cc:282] Processed file [6/8]
[2026-06-21 14:51:52,589][src.colmap_feature_extractor][INFO] - I20260621 14:51:52.589407 0x16fa87000 feature_extraction.cc:285]   Name:            frame_0006.jpg
[2026-06-21 14:51:52,589][src.colmap_feature_extractor][INFO] - [0;33mW20260621 14:51:52.589409 0x16fa87000 feature_extraction.cc:289] frame_0006.jpg IMAGE_EXISTS: Features for image were already extracted.
[2026-06-21 14:51:52,589][src.colmap_feature_extractor][INFO] - [mI20260621 14:51:52.589415 0x16fa87000 feature_extraction.cc:282] Processed file [7/8]
[2026-06-21 14:51:52,589][src.colmap_feature_extractor][INFO] - I20260621 14:51:52.589416 0x16fa87000 feature_extraction.cc:285]   Name:            frame_0007.jpg
[2026-06-21 14:51:52,589][src.colmap_feature_extractor][INFO] - [0;33mW20260621 14:51:52.589417 0x16fa87000 feature_extraction.cc:289] frame_0007.jpg IMAGE_EXISTS: Features for image were already extracted.
[2026-06-21 14:51:52,589][src.colmap_feature_extractor][INFO] - [mI20260621 14:51:52.589429 0x16fa87000 feature_extraction.cc:282] Processed file [8/8]
[2026-06-21 14:51:52,589][src.colmap_feature_extractor][INFO] - I20260621 14:51:52.589434 0x16fa87000 feature_extraction.cc:285]   Name:            frame_0008.jpg
[2026-06-21 14:51:52,589][src.colmap_feature_extractor][INFO] - [0;33mW20260621 14:51:52.589436 0x16fa87000 feature_extraction.cc:289] frame_0008.jpg IMAGE_EXISTS: Features for image were already extracted.
[2026-06-21 14:51:52,589][src.colmap_feature_extractor][INFO] - [mI20260621 14:51:52.589580 0x16f3f7000 timer.cc:90] Elapsed time: 0.001 [minutes]
[2026-06-21 14:51:52,595][src.colmap_feature_extractor][INFO] - Feature extraction completed successfully
[2026-06-21 14:51:52,595][__main__][INFO] - ✓ Feature extraction completed
[2026-06-21 14:51:52,595][__main__][INFO] - ============================================================
[2026-06-21 14:51:52,595][__main__][INFO] - STEP 3: Feature Matching
[2026-06-21 14:51:52,595][__main__][INFO] - ============================================================
[2026-06-21 14:51:52,595][src.colmap_feature_matcher][INFO] - Matching features in database: /Users/bc/brendanchambers/2026-06-18-iphone-video-to-splat/data/intermediates/teensy/colmap_sfm_camera_model/database.db
[2026-06-21 14:51:52,596][src.colmap_feature_matcher][INFO] - Running: colmap sequential_matcher
[2026-06-21 14:51:52,781][src.colmap_feature_matcher][INFO] - I20260621 14:51:52.780729 0x16d0bb000 feature_matching.cc:195] === Feature matching & geometric verification ===
[2026-06-21 14:51:52,796][src.colmap_feature_matcher][INFO] - I20260621 14:51:52.796148 0x16d147000 sift.cc:1559] Creating SIFT GPU feature matcher
[2026-06-21 14:51:52,819][src.colmap_feature_matcher][INFO] - I20260621 14:51:52.819532 0x16d0bb000 pairing.cc:415] Generating sequential image pairs...
[2026-06-21 14:51:52,819][src.colmap_feature_matcher][INFO] - I20260621 14:51:52.819625 0x16d0bb000 pairing.cc:473] Processing image [1/8]
[2026-06-21 14:51:52,819][src.colmap_feature_matcher][INFO] - I20260621 14:51:52.819647 0x16d0bb000 feature_matching.cc:217] in 0.000s
[2026-06-21 14:51:52,819][src.colmap_feature_matcher][INFO] - I20260621 14:51:52.819651 0x16d0bb000 pairing.cc:473] Processing image [2/8]
[2026-06-21 14:51:52,819][src.colmap_feature_matcher][INFO] - I20260621 14:51:52.819672 0x16d0bb000 feature_matching.cc:217] in 0.000s
[2026-06-21 14:51:52,819][src.colmap_feature_matcher][INFO] - I20260621 14:51:52.819675 0x16d0bb000 pairing.cc:473] Processing image [3/8]
[2026-06-21 14:51:52,819][src.colmap_feature_matcher][INFO] - I20260621 14:51:52.819692 0x16d0bb000 feature_matching.cc:217] in 0.000s
[2026-06-21 14:51:52,819][src.colmap_feature_matcher][INFO] - I20260621 14:51:52.819694 0x16d0bb000 pairing.cc:473] Processing image [4/8]
[2026-06-21 14:51:52,819][src.colmap_feature_matcher][INFO] - I20260621 14:51:52.819712 0x16d0bb000 feature_matching.cc:217] in 0.000s
[2026-06-21 14:51:52,819][src.colmap_feature_matcher][INFO] - I20260621 14:51:52.819714 0x16d0bb000 pairing.cc:473] Processing image [5/8]
[2026-06-21 14:51:52,819][src.colmap_feature_matcher][INFO] - I20260621 14:51:52.819726 0x16d0bb000 feature_matching.cc:217] in 0.000s
[2026-06-21 14:51:52,819][src.colmap_feature_matcher][INFO] - I20260621 14:51:52.819727 0x16d0bb000 pairing.cc:473] Processing image [6/8]
[2026-06-21 14:51:52,819][src.colmap_feature_matcher][INFO] - I20260621 14:51:52.819742 0x16d0bb000 feature_matching.cc:217] in 0.000s
[2026-06-21 14:51:52,819][src.colmap_feature_matcher][INFO] - I20260621 14:51:52.819745 0x16d0bb000 pairing.cc:473] Processing image [7/8]
[2026-06-21 14:51:52,819][src.colmap_feature_matcher][INFO] - I20260621 14:51:52.819755 0x16d0bb000 feature_matching.cc:217] in 0.000s
[2026-06-21 14:51:52,819][src.colmap_feature_matcher][INFO] - I20260621 14:51:52.819757 0x16d0bb000 pairing.cc:473] Processing image [8/8]
[2026-06-21 14:51:52,820][src.colmap_feature_matcher][INFO] - I20260621 14:51:52.819758 0x16d0bb000 feature_matching.cc:217] in 0.000s
[2026-06-21 14:51:52,820][src.colmap_feature_matcher][INFO] - I20260621 14:51:52.819760 0x16d0bb000 timer.cc:90] Elapsed time: 0.001 [minutes]
[2026-06-21 14:51:52,824][src.colmap_feature_matcher][INFO] - Feature matching completed successfully
[2026-06-21 14:51:52,825][__main__][INFO] - ✓ Feature matching completed
[2026-06-21 14:51:52,825][__main__][INFO] - ============================================================
[2026-06-21 14:51:52,825][__main__][INFO] - STEP 4: Sparse Reconstruction
[2026-06-21 14:51:52,825][__main__][INFO] - ============================================================
[2026-06-21 14:51:52,826][src.colmap_mapper][INFO] - Performing sparse reconstruction
[2026-06-21 14:51:52,826][src.colmap_mapper][INFO] - Database: /Users/bc/brendanchambers/2026-06-18-iphone-video-to-splat/data/intermediates/teensy/colmap_sfm_camera_model/database.db
[2026-06-21 14:51:52,826][src.colmap_mapper][INFO] - Images: /Users/bc/brendanchambers/2026-06-18-iphone-video-to-splat/data/intermediates/teensy/colmap_sfm_camera_model/images
[2026-06-21 14:51:52,826][src.colmap_mapper][INFO] - Output: /Users/bc/brendanchambers/2026-06-18-iphone-video-to-splat/data/intermediates/teensy/colmap_sfm_camera_model/sparse
[2026-06-21 14:51:52,826][src.colmap_mapper][INFO] - Running: colmap mapper
[2026-06-21 14:51:52,873][src.colmap_mapper][INFO] - I20260621 14:51:52.873162 0x1fde420c0 incremental_pipeline.cc:278] Loading database
[2026-06-21 14:51:52,873][src.colmap_mapper][INFO] - I20260621 14:51:52.873469 0x1fde420c0 database_cache.cc:72] Loading rigs...
[2026-06-21 14:51:52,873][src.colmap_mapper][INFO] - I20260621 14:51:52.873489 0x1fde420c0 database_cache.cc:82]  1 in 0.000s
[2026-06-21 14:51:52,873][src.colmap_mapper][INFO] - I20260621 14:51:52.873492 0x1fde420c0 database_cache.cc:90] Loading cameras...
[2026-06-21 14:51:52,873][src.colmap_mapper][INFO] - I20260621 14:51:52.873501 0x1fde420c0 database_cache.cc:108]  1 in 0.000s
[2026-06-21 14:51:52,873][src.colmap_mapper][INFO] - I20260621 14:51:52.873503 0x1fde420c0 database_cache.cc:116] Loading frames...
[2026-06-21 14:51:52,873][src.colmap_mapper][INFO] - I20260621 14:51:52.873519 0x1fde420c0 database_cache.cc:126]  8 in 0.000s
[2026-06-21 14:51:52,873][src.colmap_mapper][INFO] - I20260621 14:51:52.873521 0x1fde420c0 database_cache.cc:134] Loading matches...
[2026-06-21 14:51:52,873][src.colmap_mapper][INFO] - I20260621 14:51:52.873579 0x1fde420c0 database_cache.cc:139]  17 in 0.000s
[2026-06-21 14:51:52,873][src.colmap_mapper][INFO] - I20260621 14:51:52.873581 0x1fde420c0 database_cache.cc:147] Loading images...
[2026-06-21 14:51:52,874][src.colmap_mapper][INFO] - I20260621 14:51:52.874121 0x1fde420c0 database_cache.cc:241]  8 in 0.001s (connected 8, loaded 8)
[2026-06-21 14:51:52,874][src.colmap_mapper][INFO] - I20260621 14:51:52.874125 0x1fde420c0 database_cache.cc:255] Loading pose priors...
[2026-06-21 14:51:52,874][src.colmap_mapper][INFO] - I20260621 14:51:52.874131 0x1fde420c0 database_cache.cc:263]  0 in 0.000s
[2026-06-21 14:51:52,874][src.colmap_mapper][INFO] - I20260621 14:51:52.874133 0x1fde420c0 database_cache.cc:271] Building correspondence graph...
[2026-06-21 14:51:52,875][src.colmap_mapper][INFO] - I20260621 14:51:52.875340 0x1fde420c0 database_cache.cc:300]  in 0.001s (ignored 0)
[2026-06-21 14:51:52,875][src.colmap_mapper][INFO] - I20260621 14:51:52.875344 0x1fde420c0 timer.cc:90] Elapsed time: 0.000 [minutes]
[2026-06-21 14:51:52,875][src.colmap_mapper][INFO] - I20260621 14:51:52.875435 0x1fde420c0 incremental_pipeline.cc:390] Finding good initial image pair
[2026-06-21 14:51:52,884][src.colmap_mapper][INFO] - I20260621 14:51:52.884914 0x1fde420c0 incremental_pipeline.cc:414] Registering initial image pair #2 and #4
[2026-06-21 14:51:52,885][src.colmap_mapper][INFO] - I20260621 14:51:52.885580 0x1fde420c0 incremental_pipeline.cc:432] Global bundle adjustment
[2026-06-21 14:51:52,908][src.colmap_mapper][INFO] - I20260621 14:51:52.908620 0x1fde420c0 incremental_pipeline.cc:537] Registering image #3 (num_reg_frames=2)
[2026-06-21 14:51:52,908][src.colmap_mapper][INFO] - I20260621 14:51:52.908630 0x1fde420c0 incremental_pipeline.cc:540] => Image sees 149 / 1892 points
[2026-06-21 14:51:52,959][src.colmap_mapper][INFO] - I20260621 14:51:52.959501 0x1fde420c0 incremental_pipeline.cc:79] Retriangulation and Global bundle adjustment
[2026-06-21 14:51:52,976][src.colmap_mapper][INFO] - I20260621 14:51:52.976074 0x1fde420c0 incremental_pipeline.cc:537] Registering image #6 (num_reg_frames=3)
[2026-06-21 14:51:52,976][src.colmap_mapper][INFO] - I20260621 14:51:52.976084 0x1fde420c0 incremental_pipeline.cc:540] => Image sees 496 / 2128 points
[2026-06-21 14:51:53,032][src.colmap_mapper][INFO] - I20260621 14:51:53.032854 0x1fde420c0 incremental_pipeline.cc:79] Retriangulation and Global bundle adjustment
[2026-06-21 14:51:53,056][src.colmap_mapper][INFO] - I20260621 14:51:53.056767 0x1fde420c0 incremental_pipeline.cc:537] Registering image #5 (num_reg_frames=4)
[2026-06-21 14:51:53,056][src.colmap_mapper][INFO] - I20260621 14:51:53.056781 0x1fde420c0 incremental_pipeline.cc:540] => Image sees 1052 / 2461 points
[2026-06-21 14:51:53,102][src.colmap_mapper][INFO] - I20260621 14:51:53.102776 0x1fde420c0 incremental_pipeline.cc:79] Retriangulation and Global bundle adjustment
[2026-06-21 14:51:53,137][src.colmap_mapper][INFO] - I20260621 14:51:53.137226 0x1fde420c0 incremental_pipeline.cc:537] Registering image #1 (num_reg_frames=5)
[2026-06-21 14:51:53,137][src.colmap_mapper][INFO] - I20260621 14:51:53.137238 0x1fde420c0 incremental_pipeline.cc:540] => Image sees 536 / 1825 points
[2026-06-21 14:51:53,187][src.colmap_mapper][INFO] - I20260621 14:51:53.187308 0x1fde420c0 incremental_pipeline.cc:79] Retriangulation and Global bundle adjustment
[2026-06-21 14:51:53,218][src.colmap_mapper][INFO] - I20260621 14:51:53.218493 0x1fde420c0 incremental_pipeline.cc:537] Registering image #7 (num_reg_frames=6)
[2026-06-21 14:51:53,218][src.colmap_mapper][INFO] - I20260621 14:51:53.218507 0x1fde420c0 incremental_pipeline.cc:540] => Image sees 436 / 1676 points
[2026-06-21 14:51:53,258][src.colmap_mapper][INFO] - I20260621 14:51:53.258013 0x1fde420c0 incremental_pipeline.cc:79] Retriangulation and Global bundle adjustment
[2026-06-21 14:51:53,298][src.colmap_mapper][INFO] - I20260621 14:51:53.298317 0x1fde420c0 incremental_pipeline.cc:537] Registering image #8 (num_reg_frames=7)
[2026-06-21 14:51:53,298][src.colmap_mapper][INFO] - I20260621 14:51:53.298330 0x1fde420c0 incremental_pipeline.cc:540] => Image sees 480 / 1376 points
[2026-06-21 14:51:53,333][src.colmap_mapper][INFO] - I20260621 14:51:53.332974 0x1fde420c0 incremental_pipeline.cc:79] Retriangulation and Global bundle adjustment
[2026-06-21 14:51:53,372][src.colmap_mapper][INFO] - I20260621 14:51:53.372577 0x1fde420c0 incremental_pipeline.cc:79] Retriangulation and Global bundle adjustment
[2026-06-21 14:51:53,384][src.colmap_mapper][INFO] - I20260621 14:51:53.384055 0x1fde420c0 incremental_pipeline.cc:723] Keeping successful reconstruction
[2026-06-21 14:51:53,386][src.colmap_mapper][INFO] - I20260621 14:51:53.386001 0x1fde420c0 timer.cc:90] Elapsed time: 0.009 [minutes]
[2026-06-21 14:51:53,389][src.colmap_mapper][INFO] - Sparse reconstruction completed successfully
[2026-06-21 14:51:53,389][__main__][INFO] - ✓ Sparse reconstruction completed
[2026-06-21 14:51:53,389][__main__][INFO] - ============================================================
[2026-06-21 14:51:53,389][__main__][INFO] - STEP 5: Image Undistortion
[2026-06-21 14:51:53,389][__main__][INFO] - ============================================================
[2026-06-21 14:51:53,390][src.colmap_undistorter][INFO] - Undistorting images
[2026-06-21 14:51:53,390][src.colmap_undistorter][INFO] - Input model: /Users/bc/brendanchambers/2026-06-18-iphone-video-to-splat/data/intermediates/teensy/colmap_sfm_camera_model/sparse/0
[2026-06-21 14:51:53,390][src.colmap_undistorter][INFO] - Images: /Users/bc/brendanchambers/2026-06-18-iphone-video-to-splat/data/intermediates/teensy/colmap_sfm_camera_model/images
[2026-06-21 14:51:53,390][src.colmap_undistorter][INFO] - Output: /Users/bc/brendanchambers/2026-06-18-iphone-video-to-splat/data/intermediates/teensy/colmap_sfm_linearized
[2026-06-21 14:51:53,390][src.colmap_undistorter][INFO] - Running: colmap image_undistorter
[2026-06-21 14:51:53,438][src.colmap_undistorter][INFO] - I20260621 14:51:53.438228 0x1fde420c0 image.cc:368] === Reading reconstruction ===
[2026-06-21 14:51:53,440][src.colmap_undistorter][INFO] - I20260621 14:51:53.440277 0x1fde420c0 image.cc:371] => Reconstruction with 8 images and 2190 points
[2026-06-21 14:51:53,440][src.colmap_undistorter][INFO] - I20260621 14:51:53.440284 0x1fde420c0 undistorters.cc:166] === Image undistortion ===
[2026-06-21 14:51:53,440][src.colmap_undistorter][INFO] - I20260621 14:51:53.440380 0x1fde420c0 undistorters.cc:205] Undistorting image [1/8]
[2026-06-21 14:51:54,045][src.colmap_undistorter][INFO] - I20260621 14:51:54.045781 0x1fde420c0 undistorters.cc:205] Undistorting image [2/8]
[2026-06-21 14:51:54,060][src.colmap_undistorter][INFO] - I20260621 14:51:54.060342 0x1fde420c0 undistorters.cc:205] Undistorting image [3/8]
[2026-06-21 14:51:54,060][src.colmap_undistorter][INFO] - I20260621 14:51:54.060352 0x1fde420c0 undistorters.cc:205] Undistorting image [4/8]
[2026-06-21 14:51:54,060][src.colmap_undistorter][INFO] - I20260621 14:51:54.060354 0x1fde420c0 undistorters.cc:205] Undistorting image [5/8]
[2026-06-21 14:51:54,060][src.colmap_undistorter][INFO] - I20260621 14:51:54.060356 0x1fde420c0 undistorters.cc:205] Undistorting image [6/8]
[2026-06-21 14:51:54,060][src.colmap_undistorter][INFO] - I20260621 14:51:54.060358 0x1fde420c0 undistorters.cc:205] Undistorting image [7/8]
[2026-06-21 14:51:54,060][src.colmap_undistorter][INFO] - I20260621 14:51:54.060359 0x1fde420c0 undistorters.cc:205] Undistorting image [8/8]
[2026-06-21 14:51:54,060][src.colmap_undistorter][INFO] - I20260621 14:51:54.060360 0x1fde420c0 undistorters.cc:213] Writing reconstruction...
[2026-06-21 14:51:54,064][src.colmap_undistorter][INFO] - I20260621 14:51:54.064788 0x1fde420c0 undistorters.cc:218] Writing configuration...
[2026-06-21 14:51:54,064][src.colmap_undistorter][INFO] - I20260621 14:51:54.064887 0x1fde420c0 undistorters.cc:222] Writing scripts...
[2026-06-21 14:51:54,064][src.colmap_undistorter][INFO] - I20260621 14:51:54.064974 0x1fde420c0 timer.cc:90] Elapsed time: 0.010 [minutes]
[2026-06-21 14:51:54,069][src.colmap_undistorter][INFO] - Image undistortion completed successfully
[2026-06-21 14:51:54,069][__main__][INFO] - ✓ Image undistortion completed
[2026-06-21 14:51:54,069][__main__][INFO] - ============================================================
[2026-06-21 14:51:54,069][__main__][INFO] - STEP 6: OpenSplat Training
[2026-06-21 14:51:54,069][__main__][INFO] - ============================================================
[2026-06-21 14:51:54,070][src.opensplat_trainer][INFO] - Training 3D Gaussian Splat
[2026-06-21 14:51:54,070][src.opensplat_trainer][INFO] - Sparse model: /Users/bc/brendanchambers/2026-06-18-iphone-video-to-splat/data/intermediates/teensy/colmap_sfm_linearized/sparse
[2026-06-21 14:51:54,070][src.opensplat_trainer][INFO] - Images: /Users/bc/brendanchambers/2026-06-18-iphone-video-to-splat/data/intermediates/teensy/colmap_sfm_linearized/images
[2026-06-21 14:51:54,070][src.opensplat_trainer][INFO] - Output PLY: /Users/bc/brendanchambers/2026-06-18-iphone-video-to-splat/data/intermediates/teensy/colmap_sfm_linearized/splats/teensy_20260621_1451.ply
[2026-06-21 14:51:54,070][src.opensplat_trainer][INFO] - Training loss log: /Users/bc/brendanchambers/2026-06-18-iphone-video-to-splat/data/intermediates/teensy/colmap_sfm_linearized/splats/train_20260621_1451.jsonl
[2026-06-21 14:51:54,070][src.opensplat_trainer][INFO] - Validation loss log: /Users/bc/brendanchambers/2026-06-18-iphone-video-to-splat/data/intermediates/teensy/colmap_sfm_linearized/splats/val_20260621_1451.jsonl
[2026-06-21 14:51:54,070][src.opensplat_trainer][INFO] - Running: opensplat
[2026-06-21 14:51:54,230][src.opensplat_trainer][INFO] - Using MPS
[2026-06-21 14:51:54,232][src.opensplat_trainer][INFO] - Reading 2190 points
[2026-06-21 14:51:54,232][src.opensplat_trainer][INFO] - Loading /Users/bc/brendanchambers/2026-06-18-iphone-video-to-splat/data/intermediates/teensy/colmap_sfm_linearized/images/frame_0001.jpg
[2026-06-21 14:51:54,232][src.opensplat_trainer][INFO] - Loading /Users/bc/brendanchambers/2026-06-18-iphone-video-to-splat/data/intermediates/teensy/colmap_sfm_linearized/images/frame_0002.jpg
[2026-06-21 14:51:54,232][src.opensplat_trainer][INFO] - Loading Loading /Users/bc/brendanchambers/2026-06-18-iphone-video-to-splat/data/intermediates/teensy/colmap_sfm_linearized/images/frame_0004.jpgLoading /Users/bc/brendanchambers/2026-06-18-iphone-video-to-splat/data/intermediates/teensy/colmap_sfm_linearized/images/frame_0005.jpg
[2026-06-21 14:51:54,232][src.opensplat_trainer][INFO] - 
[2026-06-21 14:51:54,232][src.opensplat_trainer][INFO] - Loading /Users/bc/brendanchambers/2026-06-18-iphone-video-to-splat/data/intermediates/teensy/colmap_sfm_linearized/images/frame_0006.jpg
[2026-06-21 14:51:54,232][src.opensplat_trainer][INFO] - Loading /Users/bc/brendanchambers/2026-06-18-iphone-video-to-splat/data/intermediates/teensy/colmap_sfm_linearized/images/frame_0007.jpgLoading /Users/bc/brendanchambers/2026-06-18-iphone-video-to-splat/data/intermediates/teensy/colmap_sfm_linearized/images/frame_0008.jpg
[2026-06-21 14:51:54,232][src.opensplat_trainer][INFO] - /Users/bc/brendanchambers/2026-06-18-iphone-video-to-splat/data/intermediates/teensy/colmap_sfm_linearized/images/frame_0003.jpg
[2026-06-21 14:51:54,232][src.opensplat_trainer][INFO] - 
[2026-06-21 14:51:54,846][src.opensplat_trainer][INFO] - init_gsplat_metal_context: loading '/Users/bc/brendanchambers/2026-06-18-iphone-video-to-splat/opensplat/build/default.metallib'
[2026-06-21 14:51:54,846][src.opensplat_trainer][INFO] - init_gsplat_metal_context: loaded '/Users/bc/brendanchambers/2026-06-18-iphone-video-to-splat/opensplat/build/default.metallib', functions: compute_cov2d_bounds_kernel, project_gaussians_backward_kernel, get_tile_bin_edges_kernel, rasterize_backward_kernel, map_gaussian_to_intersects_kernel, nd_rasterize_backward_kernel, project_gaussians_forward_kernel, compute_sh_backward_kernel, compute_sh_forward_kernel, nd_rasterize_forward_kernel
[2026-06-21 14:51:54,846][src.opensplat_trainer][INFO] - init_gsplat_metal_context: load function nd_rasterize_backward_kernel with label: (null)
[2026-06-21 14:51:54,846][src.opensplat_trainer][INFO] - init_gsplat_metal_context: load function nd_rasterize_forward_kernel with label: (null)
[2026-06-21 14:51:54,846][src.opensplat_trainer][INFO] - init_gsplat_metal_context: load function rasterize_backward_kernel with label: (null)
[2026-06-21 14:51:54,846][src.opensplat_trainer][INFO] - init_gsplat_metal_context: load function project_gaussians_forward_kernel with label: (null)
[2026-06-21 14:51:54,846][src.opensplat_trainer][INFO] - init_gsplat_metal_context: load function project_gaussians_backward_kernel with label: (null)
[2026-06-21 14:51:54,846][src.opensplat_trainer][INFO] - init_gsplat_metal_context: load function compute_sh_forward_kernel with label: (null)
[2026-06-21 14:51:54,846][src.opensplat_trainer][INFO] - init_gsplat_metal_context: load function compute_sh_backward_kernel with label: (null)
[2026-06-21 14:51:54,846][src.opensplat_trainer][INFO] - init_gsplat_metal_context: load function compute_cov2d_bounds_kernel with label: (null)
[2026-06-21 14:51:54,846][src.opensplat_trainer][INFO] - init_gsplat_metal_context: load function map_gaussian_to_intersects_kernel with label: (null)
[2026-06-21 14:51:54,846][src.opensplat_trainer][INFO] - init_gsplat_metal_context: load function get_tile_bin_edges_kernel with label: (null)
[2026-06-21 14:51:54,847][src.opensplat_trainer][INFO] - Step 10: 0.335803 (20%)
[2026-06-21 14:51:55,252][src.opensplat_trainer][INFO] - Step 20: 0.316211 (40%)
[2026-06-21 14:51:55,567][src.opensplat_trainer][INFO] - Step 30: 0.283803 (60%)
[2026-06-21 14:51:55,909][src.opensplat_trainer][INFO] - Step 40: 0.301185 (80%)
[2026-06-21 14:51:56,280][src.opensplat_trainer][INFO] - Step 50: 0.302681 (100%)
[2026-06-21 14:51:56,301][src.opensplat_trainer][INFO] - Wrote /Users/bc/brendanchambers/2026-06-18-iphone-video-to-splat/data/intermediates/teensy/colmap_sfm_linearized/splats/cameras.json
[2026-06-21 14:51:56,315][src.opensplat_trainer][INFO] - Wrote /Users/bc/brendanchambers/2026-06-18-iphone-video-to-splat/data/intermediates/teensy/colmap_sfm_linearized/splats/teensy_20260621_1451.ply
[2026-06-21 14:51:56,333][src.opensplat_trainer][INFO] - /Users/bc/brendanchambers/2026-06-18-iphone-video-to-splat/data/intermediates/teensy/colmap_sfm_linearized/images/frame_0001.jpg validation loss: 0.344928
[2026-06-21 14:51:56,404][src.opensplat_trainer][INFO] - Parsed 5 training loss values to /Users/bc/brendanchambers/2026-06-18-iphone-video-to-splat/data/intermediates/teensy/colmap_sfm_linearized/splats/train_20260621_1451.jsonl
[2026-06-21 14:51:56,404][src.opensplat_trainer][INFO] - Captured validation loss: 0.344928 to /Users/bc/brendanchambers/2026-06-18-iphone-video-to-splat/data/intermediates/teensy/colmap_sfm_linearized/splats/val_20260621_1451.jsonl
[2026-06-21 14:51:56,404][src.opensplat_trainer][INFO] - Training completed successfully
[2026-06-21 14:51:56,405][src.opensplat_trainer][INFO] - Output saved to: /Users/bc/brendanchambers/2026-06-18-iphone-video-to-splat/data/intermediates/teensy/colmap_sfm_linearized/splats/teensy_20260621_1451.ply
[2026-06-21 14:51:56,405][__main__][INFO] - ✓ Splat training completed
[2026-06-21 14:51:56,405][__main__][INFO] - ============================================================
[2026-06-21 14:51:56,405][__main__][INFO] - Analyzing Training Loss
[2026-06-21 14:51:56,405][__main__][INFO] - ============================================================
[2026-06-21 14:51:56,682][__main__][INFO] - 
[2026-06-21 14:51:56,682][__main__][INFO] - ╔==========================================================╗
[2026-06-21 14:51:56,682][__main__][INFO] - ║                    Pipeline Complete!                    ║
[2026-06-21 14:51:56,682][__main__][INFO] - ╚==========================================================╝
[2026-06-21 14:51:56,683][__main__][INFO] - Output directory: /Users/bc/brendanchambers/2026-06-18-iphone-video-to-splat/data/intermediates/teensy/colmap_sfm_linearized/splats
[2026-06-21 14:51:56,683][__main__][INFO] -   - PLY file: *.ply (3D Gaussian Splat)
[2026-06-21 14:51:56,683][__main__][INFO] -   - Loss log: *.jsonl (Training loss per step)
