[2026-06-21 16:31:52,391][__main__][INFO] - 
[2026-06-21 16:31:52,391][__main__][INFO] - ╔==========================================================╗
[2026-06-21 16:31:52,391][__main__][INFO] - ║          3D Gaussian Splat Training Pipeline              ║
[2026-06-21 16:31:52,391][__main__][INFO] - ╚==========================================================╝
[2026-06-21 16:31:52,391][__main__][INFO] - Experiment: densify_sz0.005_gr0.0002
[2026-06-21 16:31:52,391][__main__][INFO] - Project dir: /Users/bc/brendanchambers/2026-06-18-iphone-video-to-splat
[2026-06-21 16:31:52,391][__main__][INFO] - 
[2026-06-21 16:31:52,391][src.timing_recorder][INFO] - [TIMING] Starting: frame_extraction
[2026-06-21 16:31:52,391][__main__][INFO] - ============================================================
[2026-06-21 16:31:52,391][__main__][INFO] - STEP 1: Frame Extraction
[2026-06-21 16:31:52,391][__main__][INFO] - ============================================================
[2026-06-21 16:31:52,391][src.frame_extractor][INFO] - Extracting frames from: /Users/bc/brendanchambers/2026-06-18-iphone-video-to-splat/data/incoming/movies/teensy.mov
[2026-06-21 16:31:52,391][src.frame_extractor][INFO] - Output directory: /Users/bc/brendanchambers/2026-06-18-iphone-video-to-splat/data/intermediates/densify_sz0.005_gr0.0002/colmap_sfm_camera_model/images
[2026-06-21 16:31:52,392][src.frame_extractor][INFO] - Extracting frames at 2 fps
[2026-06-21 16:31:52,392][src.frame_extractor][INFO] - Running command: ffmpeg -i /Users/bc/brendanchambers/2026-06-18-iphone-video-to-splat/data/incoming/movies/teensy.mov -vf fps=2 -q:v 5 /Users/bc/brendanchambers/2026-06-18-iphone-video-to-splat/data/intermediates/densify_sz0.005_gr0.0002/colmap_sfm_camera_model/images/frame_%04d.jpg
[2026-06-21 16:31:52,407][src.frame_extractor][INFO] - ffmpeg version 8.1.2 Copyright (c) 2000-2026 the FFmpeg developers
[2026-06-21 16:31:52,407][src.frame_extractor][INFO] -   built with Apple clang version 17.0.0 (clang-1700.6.4.2)
[2026-06-21 16:31:52,407][src.frame_extractor][INFO] -   configuration: --prefix=/opt/homebrew/Cellar/ffmpeg/8.1.2 --enable-shared --enable-pthreads --enable-version3 --cc=clang --host-cflags= --host-ldflags= --enable-ffplay --enable-gpl --enable-libsvtav1 --enable-libopus --enable-libx264 --enable-libmp3lame --enable-libdav1d --enable-libvmaf --enable-libvpx --enable-libx265 --enable-openssl --enable-videotoolbox --enable-audiotoolbox --enable-neon
[2026-06-21 16:31:52,407][src.frame_extractor][INFO] -   libavutil      60. 26.102 / 60. 26.102
[2026-06-21 16:31:52,407][src.frame_extractor][INFO] -   libavcodec     62. 28.102 / 62. 28.102
[2026-06-21 16:31:52,407][src.frame_extractor][INFO] -   libavformat    62. 12.102 / 62. 12.102
[2026-06-21 16:31:52,407][src.frame_extractor][INFO] -   libavdevice    62.  3.102 / 62.  3.102
[2026-06-21 16:31:52,407][src.frame_extractor][INFO] -   libavfilter    11. 14.102 / 11. 14.102
[2026-06-21 16:31:52,407][src.frame_extractor][INFO] -   libswscale      9.  5.102 /  9.  5.102
[2026-06-21 16:31:52,407][src.frame_extractor][INFO] -   libswresample   6.  3.102 /  6.  3.102
[2026-06-21 16:31:52,422][src.frame_extractor][INFO] - Input #0, mov,mp4,m4a,3gp,3g2,mj2, from '/Users/bc/brendanchambers/2026-06-18-iphone-video-to-splat/data/incoming/movies/teensy.mov':
[2026-06-21 16:31:52,422][src.frame_extractor][INFO] -   Metadata:
[2026-06-21 16:31:52,422][src.frame_extractor][INFO] -     major_brand     : qt
[2026-06-21 16:31:52,422][src.frame_extractor][INFO] -     minor_version   : 512
[2026-06-21 16:31:52,422][src.frame_extractor][INFO] -     compatible_brands: qt
[2026-06-21 16:31:52,422][src.frame_extractor][INFO] -     encoder         : Lavf62.12.102
[2026-06-21 16:31:52,422][src.frame_extractor][INFO] -   Duration: 00:00:04.01, start: 0.000000, bitrate: 19786 kb/s
[2026-06-21 16:31:52,422][src.frame_extractor][INFO] -   Stream #0:0[0x1]: Video: h264 (High) (avc1 / 0x31637661), yuv420p(tv, bt709, progressive), 1080x1920, 19646 kb/s, 29.67 fps, 29.67 tbr, 11392 tbn (default)
[2026-06-21 16:31:52,422][src.frame_extractor][INFO] -     Metadata:
[2026-06-21 16:31:52,422][src.frame_extractor][INFO] -       handler_name    : Core Media Video
[2026-06-21 16:31:52,422][src.frame_extractor][INFO] -       vendor_id       : FFMP
[2026-06-21 16:31:52,422][src.frame_extractor][INFO] -       encoder         : Lavc62.28.102 libx264
[2026-06-21 16:31:52,422][src.frame_extractor][INFO] -   Stream #0:1[0x2]: Audio: aac (LC) (mp4a / 0x6134706D), 48000 Hz, stereo, fltp, 128 kb/s (default)
[2026-06-21 16:31:52,422][src.frame_extractor][INFO] -     Metadata:
[2026-06-21 16:31:52,422][src.frame_extractor][INFO] -       handler_name    : Core Media Audio
[2026-06-21 16:31:52,422][src.frame_extractor][INFO] -       vendor_id       : [0][0][0][0]
[2026-06-21 16:31:52,422][src.frame_extractor][INFO] - Stream mapping:
[2026-06-21 16:31:52,422][src.frame_extractor][INFO] -   Stream #0:0 -> #0:0 (h264 (native) -> mjpeg (native))
[2026-06-21 16:31:52,422][src.frame_extractor][INFO] - Press [q] to stop, [?] for help
[2026-06-21 16:31:52,471][src.frame_extractor][INFO] - Output #0, image2, to '/Users/bc/brendanchambers/2026-06-18-iphone-video-to-splat/data/intermediates/densify_sz0.005_gr0.0002/colmap_sfm_camera_model/images/frame_%04d.jpg':
[2026-06-21 16:31:52,471][src.frame_extractor][INFO] -   Metadata:
[2026-06-21 16:31:52,471][src.frame_extractor][INFO] -     major_brand     : qt
[2026-06-21 16:31:52,471][src.frame_extractor][INFO] -     minor_version   : 512
[2026-06-21 16:31:52,471][src.frame_extractor][INFO] -     compatible_brands: qt
[2026-06-21 16:31:52,471][src.frame_extractor][INFO] -     encoder         : Lavf62.12.102
[2026-06-21 16:31:52,471][src.frame_extractor][INFO] -   Stream #0:0: Video: mjpeg, yuv420p(pc, bt709, progressive), 1080x1920, q=2-31, 200 kb/s, 2 fps, 2 tbn (default)
[2026-06-21 16:31:52,471][src.frame_extractor][INFO] -     Metadata:
[2026-06-21 16:31:52,471][src.frame_extractor][INFO] -       encoder         : Lavc62.28.102 mjpeg
[2026-06-21 16:31:52,471][src.frame_extractor][INFO] -       handler_name    : Core Media Video
[2026-06-21 16:31:52,471][src.frame_extractor][INFO] -       vendor_id       : FFMP
[2026-06-21 16:31:52,472][src.frame_extractor][INFO] -     Side data:
[2026-06-21 16:31:52,472][src.frame_extractor][INFO] -       CPB properties: bitrate max/min/avg: 0/0/200000 buffer size: 0 vbv_delay: N/A
[2026-06-21 16:31:52,612][src.frame_extractor][INFO] - [out#0/image2 @ 0x600000cac6c0] video:3120KiB audio:0KiB subtitle:0KiB other streams:0KiB global headers:0KiB muxing overhead: unknown
[2026-06-21 16:31:52,612][src.frame_extractor][INFO] - frame=    8 fps=0.0 q=5.0 Lsize=N/A time=00:00:04.00 bitrate=N/A speed=21.1x elapsed=0:00:00.18
[2026-06-21 16:31:52,615][src.frame_extractor][INFO] - Successfully extracted 8 frames
[2026-06-21 16:31:52,615][__main__][INFO] - ✓ Frame extraction completed
[2026-06-21 16:31:52,615][src.timing_recorder][INFO] - [TIMING] ✓ Completed: frame_extraction (0.22s)
[2026-06-21 16:31:52,615][src.timing_recorder][INFO] - [TIMING] Starting: feature_extraction
[2026-06-21 16:31:52,615][__main__][INFO] - ============================================================
[2026-06-21 16:31:52,615][__main__][INFO] - STEP 2: Feature Extraction
[2026-06-21 16:31:52,615][__main__][INFO] - ============================================================
[2026-06-21 16:31:52,616][src.colmap_feature_extractor][INFO] - Extracting features from images: /Users/bc/brendanchambers/2026-06-18-iphone-video-to-splat/data/intermediates/densify_sz0.005_gr0.0002/colmap_sfm_camera_model/images
[2026-06-21 16:31:52,616][src.colmap_feature_extractor][INFO] - Database: /Users/bc/brendanchambers/2026-06-18-iphone-video-to-splat/data/intermediates/densify_sz0.005_gr0.0002/colmap_sfm_camera_model/database.db
[2026-06-21 16:31:52,616][src.colmap_feature_extractor][INFO] - Running: colmap feature_extractor
[2026-06-21 16:31:52,783][src.colmap_feature_extractor][INFO] - I20260621 16:31:52.783257 0x16b57b000 feature_extraction.cc:504] === Feature extraction ===
[2026-06-21 16:31:52,798][src.colmap_feature_extractor][INFO] - I20260621 16:31:52.798220 0x16bb7f000 sift.cc:757] Creating SIFT GPU feature extractor
[2026-06-21 16:31:52,933][src.colmap_feature_extractor][INFO] - I20260621 16:31:52.932984 0x16bc0b000 feature_extraction.cc:282] Processed file [1/8]
[2026-06-21 16:31:52,933][src.colmap_feature_extractor][INFO] - I20260621 16:31:52.933001 0x16bc0b000 feature_extraction.cc:285]   Name:            frame_0001.jpg
[2026-06-21 16:31:52,933][src.colmap_feature_extractor][INFO] - I20260621 16:31:52.933003 0x16bc0b000 feature_extraction.cc:294]   Dimensions:      1080 x 1920
[2026-06-21 16:31:52,933][src.colmap_feature_extractor][INFO] - I20260621 16:31:52.933005 0x16bc0b000 feature_extraction.cc:297]   Camera:          #1 - RADIAL
[2026-06-21 16:31:52,933][src.colmap_feature_extractor][INFO] - I20260621 16:31:52.933007 0x16bc0b000 feature_extraction.cc:300]   Focal Length:    2304.00px
[2026-06-21 16:31:52,933][src.colmap_feature_extractor][INFO] - I20260621 16:31:52.933010 0x16bc0b000 feature_extraction.cc:304]   Features:        4449 (SIFT)
[2026-06-21 16:31:52,988][src.colmap_feature_extractor][INFO] - I20260621 16:31:52.988521 0x16bc0b000 feature_extraction.cc:282] Processed file [2/8]
[2026-06-21 16:31:52,988][src.colmap_feature_extractor][INFO] - I20260621 16:31:52.988541 0x16bc0b000 feature_extraction.cc:285]   Name:            frame_0002.jpg
[2026-06-21 16:31:52,988][src.colmap_feature_extractor][INFO] - I20260621 16:31:52.988543 0x16bc0b000 feature_extraction.cc:294]   Dimensions:      1080 x 1920
[2026-06-21 16:31:52,988][src.colmap_feature_extractor][INFO] - I20260621 16:31:52.988545 0x16bc0b000 feature_extraction.cc:297]   Camera:          #1 - RADIAL
[2026-06-21 16:31:52,988][src.colmap_feature_extractor][INFO] - I20260621 16:31:52.988547 0x16bc0b000 feature_extraction.cc:300]   Focal Length:    2304.00px
[2026-06-21 16:31:52,988][src.colmap_feature_extractor][INFO] - I20260621 16:31:52.988550 0x16bc0b000 feature_extraction.cc:304]   Features:        4766 (SIFT)
[2026-06-21 16:31:53,041][src.colmap_feature_extractor][INFO] - I20260621 16:31:53.041623 0x16bc0b000 feature_extraction.cc:282] Processed file [3/8]
[2026-06-21 16:31:53,041][src.colmap_feature_extractor][INFO] - I20260621 16:31:53.041667 0x16bc0b000 feature_extraction.cc:285]   Name:            frame_0003.jpg
[2026-06-21 16:31:53,041][src.colmap_feature_extractor][INFO] - I20260621 16:31:53.041693 0x16bc0b000 feature_extraction.cc:294]   Dimensions:      1080 x 1920
[2026-06-21 16:31:53,041][src.colmap_feature_extractor][INFO] - I20260621 16:31:53.041698 0x16bc0b000 feature_extraction.cc:297]   Camera:          #1 - RADIAL
[2026-06-21 16:31:53,041][src.colmap_feature_extractor][INFO] - I20260621 16:31:53.041702 0x16bc0b000 feature_extraction.cc:300]   Focal Length:    2304.00px
[2026-06-21 16:31:53,041][src.colmap_feature_extractor][INFO] - I20260621 16:31:53.041707 0x16bc0b000 feature_extraction.cc:304]   Features:        5561 (SIFT)
[2026-06-21 16:31:53,095][src.colmap_feature_extractor][INFO] - I20260621 16:31:53.095671 0x16bc0b000 feature_extraction.cc:282] Processed file [4/8]
[2026-06-21 16:31:53,095][src.colmap_feature_extractor][INFO] - I20260621 16:31:53.095694 0x16bc0b000 feature_extraction.cc:285]   Name:            frame_0004.jpg
[2026-06-21 16:31:53,095][src.colmap_feature_extractor][INFO] - I20260621 16:31:53.095698 0x16bc0b000 feature_extraction.cc:294]   Dimensions:      1080 x 1920
[2026-06-21 16:31:53,095][src.colmap_feature_extractor][INFO] - I20260621 16:31:53.095700 0x16bc0b000 feature_extraction.cc:297]   Camera:          #1 - RADIAL
[2026-06-21 16:31:53,095][src.colmap_feature_extractor][INFO] - I20260621 16:31:53.095702 0x16bc0b000 feature_extraction.cc:300]   Focal Length:    2304.00px
[2026-06-21 16:31:53,095][src.colmap_feature_extractor][INFO] - I20260621 16:31:53.095705 0x16bc0b000 feature_extraction.cc:304]   Features:        6351 (SIFT)
[2026-06-21 16:31:53,147][src.colmap_feature_extractor][INFO] - I20260621 16:31:53.147919 0x16bc0b000 feature_extraction.cc:282] Processed file [5/8]
[2026-06-21 16:31:53,148][src.colmap_feature_extractor][INFO] - I20260621 16:31:53.147934 0x16bc0b000 feature_extraction.cc:285]   Name:            frame_0005.jpg
[2026-06-21 16:31:53,148][src.colmap_feature_extractor][INFO] - I20260621 16:31:53.147936 0x16bc0b000 feature_extraction.cc:294]   Dimensions:      1080 x 1920
[2026-06-21 16:31:53,148][src.colmap_feature_extractor][INFO] - I20260621 16:31:53.147937 0x16bc0b000 feature_extraction.cc:297]   Camera:          #1 - RADIAL
[2026-06-21 16:31:53,148][src.colmap_feature_extractor][INFO] - I20260621 16:31:53.147939 0x16bc0b000 feature_extraction.cc:300]   Focal Length:    2304.00px
[2026-06-21 16:31:53,148][src.colmap_feature_extractor][INFO] - I20260621 16:31:53.147942 0x16bc0b000 feature_extraction.cc:304]   Features:        4609 (SIFT)
[2026-06-21 16:31:53,201][src.colmap_feature_extractor][INFO] - I20260621 16:31:53.201401 0x16bc0b000 feature_extraction.cc:282] Processed file [6/8]
[2026-06-21 16:31:53,201][src.colmap_feature_extractor][INFO] - I20260621 16:31:53.201422 0x16bc0b000 feature_extraction.cc:285]   Name:            frame_0006.jpg
[2026-06-21 16:31:53,201][src.colmap_feature_extractor][INFO] - I20260621 16:31:53.201426 0x16bc0b000 feature_extraction.cc:294]   Dimensions:      1080 x 1920
[2026-06-21 16:31:53,201][src.colmap_feature_extractor][INFO] - I20260621 16:31:53.201428 0x16bc0b000 feature_extraction.cc:297]   Camera:          #1 - RADIAL
[2026-06-21 16:31:53,201][src.colmap_feature_extractor][INFO] - I20260621 16:31:53.201430 0x16bc0b000 feature_extraction.cc:300]   Focal Length:    2304.00px
[2026-06-21 16:31:53,201][src.colmap_feature_extractor][INFO] - I20260621 16:31:53.201433 0x16bc0b000 feature_extraction.cc:304]   Features:        4916 (SIFT)
[2026-06-21 16:31:53,254][src.colmap_feature_extractor][INFO] - I20260621 16:31:53.254857 0x16bc0b000 feature_extraction.cc:282] Processed file [7/8]
[2026-06-21 16:31:53,254][src.colmap_feature_extractor][INFO] - I20260621 16:31:53.254872 0x16bc0b000 feature_extraction.cc:285]   Name:            frame_0007.jpg
[2026-06-21 16:31:53,255][src.colmap_feature_extractor][INFO] - I20260621 16:31:53.254874 0x16bc0b000 feature_extraction.cc:294]   Dimensions:      1080 x 1920
[2026-06-21 16:31:53,255][src.colmap_feature_extractor][INFO] - I20260621 16:31:53.254875 0x16bc0b000 feature_extraction.cc:297]   Camera:          #1 - RADIAL
[2026-06-21 16:31:53,255][src.colmap_feature_extractor][INFO] - I20260621 16:31:53.254877 0x16bc0b000 feature_extraction.cc:300]   Focal Length:    2304.00px
[2026-06-21 16:31:53,255][src.colmap_feature_extractor][INFO] - I20260621 16:31:53.254880 0x16bc0b000 feature_extraction.cc:304]   Features:        4134 (SIFT)
[2026-06-21 16:31:53,310][src.colmap_feature_extractor][INFO] - I20260621 16:31:53.310828 0x16bc0b000 feature_extraction.cc:282] Processed file [8/8]
[2026-06-21 16:31:53,311][src.colmap_feature_extractor][INFO] - I20260621 16:31:53.310871 0x16bc0b000 feature_extraction.cc:285]   Name:            frame_0008.jpg
[2026-06-21 16:31:53,311][src.colmap_feature_extractor][INFO] - I20260621 16:31:53.310873 0x16bc0b000 feature_extraction.cc:294]   Dimensions:      1080 x 1920
[2026-06-21 16:31:53,311][src.colmap_feature_extractor][INFO] - I20260621 16:31:53.310875 0x16bc0b000 feature_extraction.cc:297]   Camera:          #1 - RADIAL
[2026-06-21 16:31:53,311][src.colmap_feature_extractor][INFO] - I20260621 16:31:53.310877 0x16bc0b000 feature_extraction.cc:300]   Focal Length:    2304.00px
[2026-06-21 16:31:53,311][src.colmap_feature_extractor][INFO] - I20260621 16:31:53.310880 0x16bc0b000 feature_extraction.cc:304]   Features:        6773 (SIFT)
[2026-06-21 16:31:53,316][src.colmap_feature_extractor][INFO] - I20260621 16:31:53.316271 0x16b57b000 timer.cc:90] Elapsed time: 0.009 [minutes]
[2026-06-21 16:31:53,334][src.colmap_feature_extractor][INFO] - Feature extraction completed successfully
[2026-06-21 16:31:53,334][__main__][INFO] - ✓ Feature extraction completed
[2026-06-21 16:31:53,334][src.timing_recorder][INFO] - [TIMING] ✓ Completed: feature_extraction (0.72s)
[2026-06-21 16:31:53,334][src.timing_recorder][INFO] - [TIMING] Starting: feature_matching
[2026-06-21 16:31:53,334][__main__][INFO] - ============================================================
[2026-06-21 16:31:53,334][__main__][INFO] - STEP 3: Feature Matching
[2026-06-21 16:31:53,334][__main__][INFO] - ============================================================
[2026-06-21 16:31:53,335][src.colmap_feature_matcher][INFO] - Matching features in database: /Users/bc/brendanchambers/2026-06-18-iphone-video-to-splat/data/intermediates/densify_sz0.005_gr0.0002/colmap_sfm_camera_model/database.db
[2026-06-21 16:31:53,335][src.colmap_feature_matcher][INFO] - Running: colmap sequential_matcher
[2026-06-21 16:31:53,501][src.colmap_feature_matcher][INFO] - I20260621 16:31:53.501487 0x16d617000 feature_matching.cc:195] === Feature matching & geometric verification ===
[2026-06-21 16:31:53,516][src.colmap_feature_matcher][INFO] - I20260621 16:31:53.516661 0x16d6a3000 sift.cc:1559] Creating SIFT GPU feature matcher
[2026-06-21 16:31:53,541][src.colmap_feature_matcher][INFO] - I20260621 16:31:53.541367 0x16d617000 pairing.cc:415] Generating sequential image pairs...
[2026-06-21 16:31:53,541][src.colmap_feature_matcher][INFO] - I20260621 16:31:53.541452 0x16d617000 pairing.cc:473] Processing image [1/8]
[2026-06-21 16:31:53,611][src.colmap_feature_matcher][INFO] - I20260621 16:31:53.611081 0x16d617000 feature_matching.cc:217] in 0.070s
[2026-06-21 16:31:53,611][src.colmap_feature_matcher][INFO] - I20260621 16:31:53.611093 0x16d617000 pairing.cc:473] Processing image [2/8]
[2026-06-21 16:31:53,668][src.colmap_feature_matcher][INFO] - I20260621 16:31:53.668879 0x16d617000 feature_matching.cc:217] in 0.058s
[2026-06-21 16:31:53,668][src.colmap_feature_matcher][INFO] - I20260621 16:31:53.668888 0x16d617000 pairing.cc:473] Processing image [3/8]
[2026-06-21 16:31:53,729][src.colmap_feature_matcher][INFO] - I20260621 16:31:53.729667 0x16d617000 feature_matching.cc:217] in 0.061s
[2026-06-21 16:31:53,729][src.colmap_feature_matcher][INFO] - I20260621 16:31:53.729672 0x16d617000 pairing.cc:473] Processing image [4/8]
[2026-06-21 16:31:53,802][src.colmap_feature_matcher][INFO] - I20260621 16:31:53.802124 0x16d617000 feature_matching.cc:217] in 0.072s
[2026-06-21 16:31:53,802][src.colmap_feature_matcher][INFO] - I20260621 16:31:53.802128 0x16d617000 pairing.cc:473] Processing image [5/8]
[2026-06-21 16:31:53,833][src.colmap_feature_matcher][INFO] - I20260621 16:31:53.833308 0x16d617000 feature_matching.cc:217] in 0.031s
[2026-06-21 16:31:53,833][src.colmap_feature_matcher][INFO] - I20260621 16:31:53.833312 0x16d617000 pairing.cc:473] Processing image [6/8]
[2026-06-21 16:31:53,873][src.colmap_feature_matcher][INFO] - I20260621 16:31:53.873288 0x16d617000 feature_matching.cc:217] in 0.040s
[2026-06-21 16:31:53,873][src.colmap_feature_matcher][INFO] - I20260621 16:31:53.873295 0x16d617000 pairing.cc:473] Processing image [7/8]
[2026-06-21 16:31:53,895][src.colmap_feature_matcher][INFO] - I20260621 16:31:53.895134 0x16d617000 feature_matching.cc:217] in 0.022s
[2026-06-21 16:31:53,895][src.colmap_feature_matcher][INFO] - I20260621 16:31:53.895137 0x16d617000 pairing.cc:473] Processing image [8/8]
[2026-06-21 16:31:53,895][src.colmap_feature_matcher][INFO] - I20260621 16:31:53.895139 0x16d617000 feature_matching.cc:217] in 0.000s
[2026-06-21 16:31:53,895][src.colmap_feature_matcher][INFO] - I20260621 16:31:53.895141 0x16d617000 timer.cc:90] Elapsed time: 0.007 [minutes]
[2026-06-21 16:31:53,903][src.colmap_feature_matcher][INFO] - Feature matching completed successfully
[2026-06-21 16:31:53,903][__main__][INFO] - ✓ Feature matching completed
[2026-06-21 16:31:53,903][src.timing_recorder][INFO] - [TIMING] ✓ Completed: feature_matching (0.57s)
[2026-06-21 16:31:53,903][src.timing_recorder][INFO] - [TIMING] Starting: sparse_reconstruction
[2026-06-21 16:31:53,903][__main__][INFO] - ============================================================
[2026-06-21 16:31:53,903][__main__][INFO] - STEP 4: Sparse Reconstruction
[2026-06-21 16:31:53,903][__main__][INFO] - ============================================================
[2026-06-21 16:31:53,905][src.colmap_mapper][INFO] - Performing sparse reconstruction
[2026-06-21 16:31:53,905][src.colmap_mapper][INFO] - Database: /Users/bc/brendanchambers/2026-06-18-iphone-video-to-splat/data/intermediates/densify_sz0.005_gr0.0002/colmap_sfm_camera_model/database.db
[2026-06-21 16:31:53,905][src.colmap_mapper][INFO] - Images: /Users/bc/brendanchambers/2026-06-18-iphone-video-to-splat/data/intermediates/densify_sz0.005_gr0.0002/colmap_sfm_camera_model/images
[2026-06-21 16:31:53,905][src.colmap_mapper][INFO] - Output: /Users/bc/brendanchambers/2026-06-18-iphone-video-to-splat/data/intermediates/densify_sz0.005_gr0.0002/colmap_sfm_camera_model/sparse
[2026-06-21 16:31:53,905][src.colmap_mapper][INFO] - Running: colmap mapper
[2026-06-21 16:31:53,955][src.colmap_mapper][INFO] - I20260621 16:31:53.954709 0x1fde420c0 incremental_pipeline.cc:278] Loading database
[2026-06-21 16:31:53,955][src.colmap_mapper][INFO] - I20260621 16:31:53.955034 0x1fde420c0 database_cache.cc:72] Loading rigs...
[2026-06-21 16:31:53,955][src.colmap_mapper][INFO] - I20260621 16:31:53.955056 0x1fde420c0 database_cache.cc:82]  1 in 0.000s
[2026-06-21 16:31:53,955][src.colmap_mapper][INFO] - I20260621 16:31:53.955059 0x1fde420c0 database_cache.cc:90] Loading cameras...
[2026-06-21 16:31:53,955][src.colmap_mapper][INFO] - I20260621 16:31:53.955068 0x1fde420c0 database_cache.cc:108]  1 in 0.000s
[2026-06-21 16:31:53,955][src.colmap_mapper][INFO] - I20260621 16:31:53.955070 0x1fde420c0 database_cache.cc:116] Loading frames...
[2026-06-21 16:31:53,955][src.colmap_mapper][INFO] - I20260621 16:31:53.955088 0x1fde420c0 database_cache.cc:126]  8 in 0.000s
[2026-06-21 16:31:53,955][src.colmap_mapper][INFO] - I20260621 16:31:53.955090 0x1fde420c0 database_cache.cc:134] Loading matches...
[2026-06-21 16:31:53,955][src.colmap_mapper][INFO] - I20260621 16:31:53.955153 0x1fde420c0 database_cache.cc:139]  17 in 0.000s
[2026-06-21 16:31:53,955][src.colmap_mapper][INFO] - I20260621 16:31:53.955155 0x1fde420c0 database_cache.cc:147] Loading images...
[2026-06-21 16:31:53,955][src.colmap_mapper][INFO] - I20260621 16:31:53.955700 0x1fde420c0 database_cache.cc:241]  8 in 0.001s (connected 8, loaded 8)
[2026-06-21 16:31:53,955][src.colmap_mapper][INFO] - I20260621 16:31:53.955705 0x1fde420c0 database_cache.cc:255] Loading pose priors...
[2026-06-21 16:31:53,955][src.colmap_mapper][INFO] - I20260621 16:31:53.955711 0x1fde420c0 database_cache.cc:263]  0 in 0.000s
[2026-06-21 16:31:53,955][src.colmap_mapper][INFO] - I20260621 16:31:53.955713 0x1fde420c0 database_cache.cc:271] Building correspondence graph...
[2026-06-21 16:31:53,956][src.colmap_mapper][INFO] - I20260621 16:31:53.956544 0x1fde420c0 database_cache.cc:300]  in 0.001s (ignored 0)
[2026-06-21 16:31:53,956][src.colmap_mapper][INFO] - I20260621 16:31:53.956547 0x1fde420c0 timer.cc:90] Elapsed time: 0.000 [minutes]
[2026-06-21 16:31:53,956][src.colmap_mapper][INFO] - I20260621 16:31:53.956636 0x1fde420c0 incremental_pipeline.cc:390] Finding good initial image pair
[2026-06-21 16:31:53,966][src.colmap_mapper][INFO] - I20260621 16:31:53.966133 0x1fde420c0 incremental_pipeline.cc:414] Registering initial image pair #4 and #2
[2026-06-21 16:31:53,966][src.colmap_mapper][INFO] - I20260621 16:31:53.966747 0x1fde420c0 incremental_pipeline.cc:432] Global bundle adjustment
[2026-06-21 16:31:53,989][src.colmap_mapper][INFO] - I20260621 16:31:53.989727 0x1fde420c0 incremental_pipeline.cc:537] Registering image #3 (num_reg_frames=2)
[2026-06-21 16:31:53,989][src.colmap_mapper][INFO] - I20260621 16:31:53.989732 0x1fde420c0 incremental_pipeline.cc:540] => Image sees 149 / 1892 points
[2026-06-21 16:31:54,036][src.colmap_mapper][INFO] - I20260621 16:31:54.036677 0x1fde420c0 incremental_pipeline.cc:79] Retriangulation and Global bundle adjustment
[2026-06-21 16:31:54,051][src.colmap_mapper][INFO] - I20260621 16:31:54.051763 0x1fde420c0 incremental_pipeline.cc:537] Registering image #6 (num_reg_frames=3)
[2026-06-21 16:31:54,051][src.colmap_mapper][INFO] - I20260621 16:31:54.051767 0x1fde420c0 incremental_pipeline.cc:540] => Image sees 496 / 2128 points
[2026-06-21 16:31:54,106][src.colmap_mapper][INFO] - I20260621 16:31:54.106759 0x1fde420c0 incremental_pipeline.cc:79] Retriangulation and Global bundle adjustment
[2026-06-21 16:31:54,129][src.colmap_mapper][INFO] - I20260621 16:31:54.129065 0x1fde420c0 incremental_pipeline.cc:537] Registering image #5 (num_reg_frames=4)
[2026-06-21 16:31:54,129][src.colmap_mapper][INFO] - I20260621 16:31:54.129069 0x1fde420c0 incremental_pipeline.cc:540] => Image sees 1052 / 2461 points
[2026-06-21 16:31:54,174][src.colmap_mapper][INFO] - I20260621 16:31:54.174040 0x1fde420c0 incremental_pipeline.cc:79] Retriangulation and Global bundle adjustment
[2026-06-21 16:31:54,188][src.colmap_mapper][INFO] - I20260621 16:31:54.188095 0x1fde420c0 incremental_pipeline.cc:537] Registering image #1 (num_reg_frames=5)
[2026-06-21 16:31:54,188][src.colmap_mapper][INFO] - I20260621 16:31:54.188099 0x1fde420c0 incremental_pipeline.cc:540] => Image sees 536 / 1825 points
[2026-06-21 16:31:54,240][src.colmap_mapper][INFO] - I20260621 16:31:54.240448 0x1fde420c0 incremental_pipeline.cc:79] Retriangulation and Global bundle adjustment
[2026-06-21 16:31:54,266][src.colmap_mapper][INFO] - I20260621 16:31:54.266317 0x1fde420c0 incremental_pipeline.cc:537] Registering image #7 (num_reg_frames=6)
[2026-06-21 16:31:54,266][src.colmap_mapper][INFO] - I20260621 16:31:54.266321 0x1fde420c0 incremental_pipeline.cc:540] => Image sees 436 / 1676 points
[2026-06-21 16:31:54,302][src.colmap_mapper][INFO] - I20260621 16:31:54.302386 0x1fde420c0 incremental_pipeline.cc:79] Retriangulation and Global bundle adjustment
[2026-06-21 16:31:54,338][src.colmap_mapper][INFO] - I20260621 16:31:54.338925 0x1fde420c0 incremental_pipeline.cc:537] Registering image #8 (num_reg_frames=7)
[2026-06-21 16:31:54,338][src.colmap_mapper][INFO] - I20260621 16:31:54.338929 0x1fde420c0 incremental_pipeline.cc:540] => Image sees 480 / 1376 points
[2026-06-21 16:31:54,372][src.colmap_mapper][INFO] - I20260621 16:31:54.372799 0x1fde420c0 incremental_pipeline.cc:79] Retriangulation and Global bundle adjustment
[2026-06-21 16:31:54,412][src.colmap_mapper][INFO] - I20260621 16:31:54.412277 0x1fde420c0 incremental_pipeline.cc:79] Retriangulation and Global bundle adjustment
[2026-06-21 16:31:54,421][src.colmap_mapper][INFO] - I20260621 16:31:54.421130 0x1fde420c0 incremental_pipeline.cc:723] Keeping successful reconstruction
[2026-06-21 16:31:54,423][src.colmap_mapper][INFO] - I20260621 16:31:54.423397 0x1fde420c0 timer.cc:90] Elapsed time: 0.008 [minutes]
[2026-06-21 16:31:54,426][src.colmap_mapper][INFO] - Sparse reconstruction completed successfully
[2026-06-21 16:31:54,426][__main__][INFO] - ✓ Sparse reconstruction completed
[2026-06-21 16:31:54,426][src.timing_recorder][INFO] - [TIMING] ✓ Completed: sparse_reconstruction (0.52s)
[2026-06-21 16:31:54,426][src.timing_recorder][INFO] - [TIMING] Starting: undistortion
[2026-06-21 16:31:54,426][__main__][INFO] - ============================================================
[2026-06-21 16:31:54,426][__main__][INFO] - STEP 5: Image Undistortion
[2026-06-21 16:31:54,426][__main__][INFO] - ============================================================
[2026-06-21 16:31:54,428][src.colmap_undistorter][INFO] - Undistorting images
[2026-06-21 16:31:54,428][src.colmap_undistorter][INFO] - Input model: /Users/bc/brendanchambers/2026-06-18-iphone-video-to-splat/data/intermediates/densify_sz0.005_gr0.0002/colmap_sfm_camera_model/sparse/0
[2026-06-21 16:31:54,428][src.colmap_undistorter][INFO] - Images: /Users/bc/brendanchambers/2026-06-18-iphone-video-to-splat/data/intermediates/densify_sz0.005_gr0.0002/colmap_sfm_camera_model/images
[2026-06-21 16:31:54,428][src.colmap_undistorter][INFO] - Output: /Users/bc/brendanchambers/2026-06-18-iphone-video-to-splat/data/intermediates/densify_sz0.005_gr0.0002/colmap_sfm_linearized
[2026-06-21 16:31:54,428][src.colmap_undistorter][INFO] - Running: colmap image_undistorter
[2026-06-21 16:31:54,476][src.colmap_undistorter][INFO] - I20260621 16:31:54.475287 0x1fde420c0 image.cc:368] === Reading reconstruction ===
[2026-06-21 16:31:54,477][src.colmap_undistorter][INFO] - I20260621 16:31:54.477677 0x1fde420c0 image.cc:371] => Reconstruction with 8 images and 2190 points
[2026-06-21 16:31:54,477][src.colmap_undistorter][INFO] - I20260621 16:31:54.477685 0x1fde420c0 undistorters.cc:166] === Image undistortion ===
[2026-06-21 16:31:54,477][src.colmap_undistorter][INFO] - I20260621 16:31:54.477947 0x1fde420c0 undistorters.cc:205] Undistorting image [1/8]
[2026-06-21 16:31:55,083][src.colmap_undistorter][INFO] - I20260621 16:31:55.083869 0x1fde420c0 undistorters.cc:205] Undistorting image [2/8]
[2026-06-21 16:31:55,083][src.colmap_undistorter][INFO] - I20260621 16:31:55.083881 0x1fde420c0 undistorters.cc:205] Undistorting image [3/8]
[2026-06-21 16:31:55,084][src.colmap_undistorter][INFO] - I20260621 16:31:55.083885 0x1fde420c0 undistorters.cc:205] Undistorting image [4/8]
[2026-06-21 16:31:55,084][src.colmap_undistorter][INFO] - I20260621 16:31:55.083887 0x1fde420c0 undistorters.cc:205] Undistorting image [5/8]
[2026-06-21 16:31:55,086][src.colmap_undistorter][INFO] - I20260621 16:31:55.086430 0x1fde420c0 undistorters.cc:205] Undistorting image [6/8]
[2026-06-21 16:31:55,086][src.colmap_undistorter][INFO] - I20260621 16:31:55.086436 0x1fde420c0 undistorters.cc:205] Undistorting image [7/8]
[2026-06-21 16:31:55,086][src.colmap_undistorter][INFO] - I20260621 16:31:55.086438 0x1fde420c0 undistorters.cc:205] Undistorting image [8/8]
[2026-06-21 16:31:55,086][src.colmap_undistorter][INFO] - I20260621 16:31:55.086440 0x1fde420c0 undistorters.cc:213] Writing reconstruction...
[2026-06-21 16:31:55,091][src.colmap_undistorter][INFO] - I20260621 16:31:55.091050 0x1fde420c0 undistorters.cc:218] Writing configuration...
[2026-06-21 16:31:55,091][src.colmap_undistorter][INFO] - I20260621 16:31:55.091149 0x1fde420c0 undistorters.cc:222] Writing scripts...
[2026-06-21 16:31:55,091][src.colmap_undistorter][INFO] - I20260621 16:31:55.091248 0x1fde420c0 timer.cc:90] Elapsed time: 0.010 [minutes]
[2026-06-21 16:31:55,094][src.colmap_undistorter][INFO] - Image undistortion completed successfully
[2026-06-21 16:31:55,094][__main__][INFO] - ✓ Image undistortion completed
[2026-06-21 16:31:55,095][src.timing_recorder][INFO] - [TIMING] ✓ Completed: undistortion (0.67s)
[2026-06-21 16:31:55,095][src.timing_recorder][INFO] - [TIMING] Starting: splat_training
[2026-06-21 16:31:55,095][__main__][INFO] - ============================================================
[2026-06-21 16:31:55,095][__main__][INFO] - STEP 6: OpenSplat Training
[2026-06-21 16:31:55,095][__main__][INFO] - ============================================================
[2026-06-21 16:31:55,096][src.opensplat_trainer][INFO] - Training 3D Gaussian Splat
[2026-06-21 16:31:55,096][src.opensplat_trainer][INFO] - Sparse model: /Users/bc/brendanchambers/2026-06-18-iphone-video-to-splat/data/intermediates/densify_sz0.005_gr0.0002/colmap_sfm_linearized/sparse
[2026-06-21 16:31:55,096][src.opensplat_trainer][INFO] - Images: /Users/bc/brendanchambers/2026-06-18-iphone-video-to-splat/data/intermediates/densify_sz0.005_gr0.0002/colmap_sfm_linearized/images
[2026-06-21 16:31:55,096][src.opensplat_trainer][INFO] - Output PLY: /Users/bc/brendanchambers/2026-06-18-iphone-video-to-splat/data/intermediates/densify_sz0.005_gr0.0002/colmap_sfm_linearized/splats/densify_sz0.005_gr0.0002_20260621_1631.ply
[2026-06-21 16:31:55,097][src.opensplat_trainer][INFO] - Training loss log: /Users/bc/brendanchambers/2026-06-18-iphone-video-to-splat/data/intermediates/densify_sz0.005_gr0.0002/colmap_sfm_linearized/splats/train_20260621_1631.jsonl
[2026-06-21 16:31:55,097][src.opensplat_trainer][INFO] - Validation loss log: /Users/bc/brendanchambers/2026-06-18-iphone-video-to-splat/data/intermediates/densify_sz0.005_gr0.0002/colmap_sfm_linearized/splats/val_20260621_1631.jsonl
[2026-06-21 16:31:55,097][src.opensplat_trainer][INFO] - Running: opensplat
[2026-06-21 16:31:55,236][src.opensplat_trainer][INFO] - Using MPS
[2026-06-21 16:31:55,238][src.opensplat_trainer][INFO] - Reading 2190 points
[2026-06-21 16:31:55,238][src.opensplat_trainer][INFO] - Loading /Users/bc/brendanchambers/2026-06-18-iphone-video-to-splat/data/intermediates/densify_sz0.005_gr0.0002/colmap_sfm_linearized/images/frame_0001.jpg
[2026-06-21 16:31:55,238][src.opensplat_trainer][INFO] - Loading /Users/bc/brendanchambers/2026-06-18-iphone-video-to-splat/data/intermediates/densify_sz0.005_gr0.0002/colmap_sfm_linearized/images/frame_0002.jpg
[2026-06-21 16:31:55,238][src.opensplat_trainer][INFO] - Loading /Users/bc/brendanchambers/2026-06-18-iphone-video-to-splat/data/intermediates/densify_sz0.005_gr0.0002/colmap_sfm_linearized/images/frame_0004.jpg
[2026-06-21 16:31:55,238][src.opensplat_trainer][INFO] - Loading /Users/bc/brendanchambers/2026-06-18-iphone-video-to-splat/data/intermediates/densify_sz0.005_gr0.0002/colmap_sfm_linearized/images/frame_0003.jpg
[2026-06-21 16:31:55,238][src.opensplat_trainer][INFO] - Loading /Users/bc/brendanchambers/2026-06-18-iphone-video-to-splat/data/intermediates/densify_sz0.005_gr0.0002/colmap_sfm_linearized/images/frame_0006.jpg
[2026-06-21 16:31:55,238][src.opensplat_trainer][INFO] - Loading /Users/bc/brendanchambers/2026-06-18-iphone-video-to-splat/data/intermediates/densify_sz0.005_gr0.0002/colmap_sfm_linearized/images/frame_0008.jpg
[2026-06-21 16:31:55,238][src.opensplat_trainer][INFO] - Loading /Users/bc/brendanchambers/2026-06-18-iphone-video-to-splat/data/intermediates/densify_sz0.005_gr0.0002/colmap_sfm_linearized/images/frame_0007.jpg
[2026-06-21 16:31:55,238][src.opensplat_trainer][INFO] - Loading /Users/bc/brendanchambers/2026-06-18-iphone-video-to-splat/data/intermediates/densify_sz0.005_gr0.0002/colmap_sfm_linearized/images/frame_0005.jpg
[2026-06-21 16:31:55,613][src.opensplat_trainer][INFO] - init_gsplat_metal_context: loading '/Users/bc/brendanchambers/2026-06-18-iphone-video-to-splat/opensplat/build/default.metallib'
[2026-06-21 16:31:55,613][src.opensplat_trainer][INFO] - init_gsplat_metal_context: loaded '/Users/bc/brendanchambers/2026-06-18-iphone-video-to-splat/opensplat/build/default.metallib', functions: compute_cov2d_bounds_kernel, project_gaussians_backward_kernel, get_tile_bin_edges_kernel, rasterize_backward_kernel, map_gaussian_to_intersects_kernel, nd_rasterize_backward_kernel, project_gaussians_forward_kernel, compute_sh_backward_kernel, compute_sh_forward_kernel, nd_rasterize_forward_kernel
[2026-06-21 16:31:55,613][src.opensplat_trainer][INFO] - init_gsplat_metal_context: load function nd_rasterize_backward_kernel with label: (null)
[2026-06-21 16:31:55,613][src.opensplat_trainer][INFO] - init_gsplat_metal_context: load function nd_rasterize_forward_kernel with label: (null)
[2026-06-21 16:31:55,613][src.opensplat_trainer][INFO] - init_gsplat_metal_context: load function rasterize_backward_kernel with label: (null)
[2026-06-21 16:31:55,613][src.opensplat_trainer][INFO] - init_gsplat_metal_context: load function project_gaussians_forward_kernel with label: (null)
[2026-06-21 16:31:55,613][src.opensplat_trainer][INFO] - init_gsplat_metal_context: load function project_gaussians_backward_kernel with label: (null)
[2026-06-21 16:31:55,613][src.opensplat_trainer][INFO] - init_gsplat_metal_context: load function compute_sh_forward_kernel with label: (null)
[2026-06-21 16:31:55,613][src.opensplat_trainer][INFO] - init_gsplat_metal_context: load function compute_sh_backward_kernel with label: (null)
[2026-06-21 16:31:55,613][src.opensplat_trainer][INFO] - init_gsplat_metal_context: load function compute_cov2d_bounds_kernel with label: (null)
[2026-06-21 16:31:55,613][src.opensplat_trainer][INFO] - init_gsplat_metal_context: load function map_gaussian_to_intersects_kernel with label: (null)
[2026-06-21 16:31:55,613][src.opensplat_trainer][INFO] - init_gsplat_metal_context: load function get_tile_bin_edges_kernel with label: (null)
[2026-06-21 16:31:55,613][src.opensplat_trainer][INFO] - Step 10: 0.335652 (20%)
[2026-06-21 16:31:55,825][src.opensplat_trainer][INFO] - Step 20: 0.316065 (40%)
[2026-06-21 16:31:56,020][src.opensplat_trainer][INFO] - Step 30: 0.283717 (60%)
[2026-06-21 16:31:56,203][src.opensplat_trainer][INFO] - Step 40: 0.30117 (80%)
[2026-06-21 16:31:56,414][src.opensplat_trainer][INFO] - Step 50: 0.302632 (100%)
[2026-06-21 16:31:56,427][src.opensplat_trainer][INFO] - Wrote /Users/bc/brendanchambers/2026-06-18-iphone-video-to-splat/data/intermediates/densify_sz0.005_gr0.0002/colmap_sfm_linearized/splats/cameras.json
[2026-06-21 16:31:56,435][src.opensplat_trainer][INFO] - Wrote /Users/bc/brendanchambers/2026-06-18-iphone-video-to-splat/data/intermediates/densify_sz0.005_gr0.0002/colmap_sfm_linearized/splats/densify_sz0.005_gr0.0002_20260621_1631.ply
[2026-06-21 16:31:56,448][src.opensplat_trainer][INFO] - /Users/bc/brendanchambers/2026-06-18-iphone-video-to-splat/data/intermediates/densify_sz0.005_gr0.0002/colmap_sfm_linearized/images/frame_0001.jpg validation loss: 0.344887
[2026-06-21 16:31:56,499][src.opensplat_trainer][INFO] - Parsed 5 training loss values to /Users/bc/brendanchambers/2026-06-18-iphone-video-to-splat/data/intermediates/densify_sz0.005_gr0.0002/colmap_sfm_linearized/splats/train_20260621_1631.jsonl
[2026-06-21 16:31:56,499][src.opensplat_trainer][INFO] - Captured validation loss: 0.344887 to /Users/bc/brendanchambers/2026-06-18-iphone-video-to-splat/data/intermediates/densify_sz0.005_gr0.0002/colmap_sfm_linearized/splats/val_20260621_1631.jsonl
[2026-06-21 16:31:56,500][src.opensplat_trainer][INFO] - Training completed successfully
[2026-06-21 16:31:56,500][src.opensplat_trainer][INFO] - Output saved to: /Users/bc/brendanchambers/2026-06-18-iphone-video-to-splat/data/intermediates/densify_sz0.005_gr0.0002/colmap_sfm_linearized/splats/densify_sz0.005_gr0.0002_20260621_1631.ply
[2026-06-21 16:31:56,500][__main__][INFO] - ✓ Splat training completed
[2026-06-21 16:31:56,500][__main__][INFO] - ============================================================
[2026-06-21 16:31:56,500][__main__][INFO] - Analyzing Training Loss
[2026-06-21 16:31:56,500][__main__][INFO] - ============================================================
[2026-06-21 16:31:56,559][src.timing_recorder][INFO] - [TIMING] ✓ Completed: splat_training (1.46s)
[2026-06-21 16:31:56,559][__main__][INFO] - 
[2026-06-21 16:31:56,559][__main__][INFO] - ╔==========================================================╗
[2026-06-21 16:31:56,559][__main__][INFO] - ║                    Pipeline Complete!                    ║
[2026-06-21 16:31:56,559][__main__][INFO] - ╚==========================================================╝
[2026-06-21 16:31:56,560][__main__][INFO] - Output directory: /Users/bc/brendanchambers/2026-06-18-iphone-video-to-splat/data/intermediates/densify_sz0.005_gr0.0002/colmap_sfm_linearized/splats
[2026-06-21 16:31:56,560][__main__][INFO] -   - PLY file: *.ply (3D Gaussian Splat)
[2026-06-21 16:31:56,560][__main__][INFO] -   - Loss log: *.jsonl (Training loss per step)
[2026-06-21 16:31:56,560][__main__][INFO] -   - Timing log: running-time_*.jsonl (Step execution times)
[2026-06-21 16:31:56,560][src.timing_recorder][INFO] - 
[2026-06-21 16:31:56,560][src.timing_recorder][INFO] - ======================================================================
[2026-06-21 16:31:56,560][src.timing_recorder][INFO] - PIPELINE EXECUTION TIMING SUMMARY
[2026-06-21 16:31:56,560][src.timing_recorder][INFO] - ======================================================================
[2026-06-21 16:31:56,560][src.timing_recorder][INFO] - ✓ frame_extraction              0.22s  (  5.4%)
[2026-06-21 16:31:56,560][src.timing_recorder][INFO] - ✓ feature_extraction            0.72s  ( 17.3%)
[2026-06-21 16:31:56,560][src.timing_recorder][INFO] - ✓ feature_matching              0.57s  ( 13.6%)
[2026-06-21 16:31:56,560][src.timing_recorder][INFO] - ✓ sparse_reconstruction         0.52s  ( 12.6%)
[2026-06-21 16:31:56,560][src.timing_recorder][INFO] - ✓ undistortion                  0.67s  ( 16.0%)
[2026-06-21 16:31:56,560][src.timing_recorder][INFO] - ✓ splat_training                1.46s  ( 35.1%)
[2026-06-21 16:31:56,560][src.timing_recorder][INFO] - ----------------------------------------------------------------------
[2026-06-21 16:31:56,560][src.timing_recorder][INFO] - TOTAL                           4.17s  (100.0%)
[2026-06-21 16:31:56,560][src.timing_recorder][INFO] - ======================================================================
[2026-06-21 16:31:56,560][src.timing_recorder][INFO] - 
[2026-06-21 16:31:56,561][src.timing_recorder][INFO] - [TIMING] Saved timing report to: /Users/bc/brendanchambers/2026-06-18-iphone-video-to-splat/data/intermediates/densify_sz0.005_gr0.0002/colmap_sfm_linearized/splats/running-time_20260621_1631.jsonl
[2026-06-21 16:31:56,561][__main__][INFO] - ============================================================
[2026-06-21 16:31:56,561][__main__][INFO] - Logging Experiment Results
[2026-06-21 16:31:56,561][__main__][INFO] - ============================================================
[2026-06-21 16:31:56,562][src.experiment_tracker][INFO] - Logged experiment to: /Users/bc/brendanchambers/2026-06-18-iphone-video-to-splat/reports/experiments/sweep_densify_size_and_gradient_threshold.jsonl
[2026-06-21 16:31:56,562][__main__][INFO] - Experiment results logged to: /Users/bc/brendanchambers/2026-06-18-iphone-video-to-splat/reports/experiments/sweep_densify_size_and_gradient_threshold.jsonl
[2026-06-21 16:31:56,562][__main__][INFO] -   Experiment: densify_sz0.005_gr0.0002
[2026-06-21 16:31:56,562][__main__][INFO] -   Group: sweep_densify_size_and_gradient_threshold
[2026-06-21 16:31:56,562][__main__][INFO] -   Train loss: 0.302632
[2026-06-21 16:31:56,562][__main__][INFO] -   Total time: 4.17s (0.07m)
