[2026-06-21 15:47:42,264][__main__][INFO] - 
[2026-06-21 15:47:42,264][__main__][INFO] - ╔==========================================================╗
[2026-06-21 15:47:42,264][__main__][INFO] - ║          3D Gaussian Splat Training Pipeline              ║
[2026-06-21 15:47:42,264][__main__][INFO] - ╚==========================================================╝
[2026-06-21 15:47:42,264][__main__][INFO] - Experiment: densify_sz0.0025_gr0.0001
[2026-06-21 15:47:42,264][__main__][INFO] - Project dir: /Users/bc/brendanchambers/2026-06-18-iphone-video-to-splat
[2026-06-21 15:47:42,265][__main__][INFO] - 
[2026-06-21 15:47:42,265][src.timing_recorder][INFO] - [TIMING] Starting: frame_extraction
[2026-06-21 15:47:42,265][__main__][INFO] - ============================================================
[2026-06-21 15:47:42,265][__main__][INFO] - STEP 1: Frame Extraction
[2026-06-21 15:47:42,265][__main__][INFO] - ============================================================
[2026-06-21 15:47:42,265][src.frame_extractor][INFO] - Extracting frames from: /Users/bc/brendanchambers/2026-06-18-iphone-video-to-splat/data/incoming/movies/teensy.mov
[2026-06-21 15:47:42,265][src.frame_extractor][INFO] - Output directory: /Users/bc/brendanchambers/2026-06-18-iphone-video-to-splat/data/intermediates/densify_sz0.0025_gr0.0001/colmap_sfm_camera_model/images
[2026-06-21 15:47:42,265][src.frame_extractor][INFO] - Extracting frames at 2 fps
[2026-06-21 15:47:42,265][src.frame_extractor][INFO] - Running command: ffmpeg -i /Users/bc/brendanchambers/2026-06-18-iphone-video-to-splat/data/incoming/movies/teensy.mov -vf fps=2 -q:v 5 /Users/bc/brendanchambers/2026-06-18-iphone-video-to-splat/data/intermediates/densify_sz0.0025_gr0.0001/colmap_sfm_camera_model/images/frame_%04d.jpg
[2026-06-21 15:47:42,279][src.frame_extractor][INFO] - ffmpeg version 8.1.2 Copyright (c) 2000-2026 the FFmpeg developers
[2026-06-21 15:47:42,279][src.frame_extractor][INFO] -   built with Apple clang version 17.0.0 (clang-1700.6.4.2)
[2026-06-21 15:47:42,279][src.frame_extractor][INFO] -   configuration: --prefix=/opt/homebrew/Cellar/ffmpeg/8.1.2 --enable-shared --enable-pthreads --enable-version3 --cc=clang --host-cflags= --host-ldflags= --enable-ffplay --enable-gpl --enable-libsvtav1 --enable-libopus --enable-libx264 --enable-libmp3lame --enable-libdav1d --enable-libvmaf --enable-libvpx --enable-libx265 --enable-openssl --enable-videotoolbox --enable-audiotoolbox --enable-neon
[2026-06-21 15:47:42,279][src.frame_extractor][INFO] -   libavutil      60. 26.102 / 60. 26.102
[2026-06-21 15:47:42,279][src.frame_extractor][INFO] -   libavcodec     62. 28.102 / 62. 28.102
[2026-06-21 15:47:42,279][src.frame_extractor][INFO] -   libavformat    62. 12.102 / 62. 12.102
[2026-06-21 15:47:42,279][src.frame_extractor][INFO] -   libavdevice    62.  3.102 / 62.  3.102
[2026-06-21 15:47:42,279][src.frame_extractor][INFO] -   libavfilter    11. 14.102 / 11. 14.102
[2026-06-21 15:47:42,279][src.frame_extractor][INFO] -   libswscale      9.  5.102 /  9.  5.102
[2026-06-21 15:47:42,279][src.frame_extractor][INFO] -   libswresample   6.  3.102 /  6.  3.102
[2026-06-21 15:47:42,294][src.frame_extractor][INFO] - Input #0, mov,mp4,m4a,3gp,3g2,mj2, from '/Users/bc/brendanchambers/2026-06-18-iphone-video-to-splat/data/incoming/movies/teensy.mov':
[2026-06-21 15:47:42,294][src.frame_extractor][INFO] -   Metadata:
[2026-06-21 15:47:42,294][src.frame_extractor][INFO] -     major_brand     : qt
[2026-06-21 15:47:42,294][src.frame_extractor][INFO] -     minor_version   : 512
[2026-06-21 15:47:42,294][src.frame_extractor][INFO] -     compatible_brands: qt
[2026-06-21 15:47:42,294][src.frame_extractor][INFO] -     encoder         : Lavf62.12.102
[2026-06-21 15:47:42,294][src.frame_extractor][INFO] -   Duration: 00:00:04.01, start: 0.000000, bitrate: 19786 kb/s
[2026-06-21 15:47:42,294][src.frame_extractor][INFO] -   Stream #0:0[0x1]: Video: h264 (High) (avc1 / 0x31637661), yuv420p(tv, bt709, progressive), 1080x1920, 19646 kb/s, 29.67 fps, 29.67 tbr, 11392 tbn (default)
[2026-06-21 15:47:42,294][src.frame_extractor][INFO] -     Metadata:
[2026-06-21 15:47:42,294][src.frame_extractor][INFO] -       handler_name    : Core Media Video
[2026-06-21 15:47:42,294][src.frame_extractor][INFO] -       vendor_id       : FFMP
[2026-06-21 15:47:42,294][src.frame_extractor][INFO] -       encoder         : Lavc62.28.102 libx264
[2026-06-21 15:47:42,294][src.frame_extractor][INFO] -   Stream #0:1[0x2]: Audio: aac (LC) (mp4a / 0x6134706D), 48000 Hz, stereo, fltp, 128 kb/s (default)
[2026-06-21 15:47:42,294][src.frame_extractor][INFO] -     Metadata:
[2026-06-21 15:47:42,294][src.frame_extractor][INFO] -       handler_name    : Core Media Audio
[2026-06-21 15:47:42,294][src.frame_extractor][INFO] -       vendor_id       : [0][0][0][0]
[2026-06-21 15:47:42,294][src.frame_extractor][INFO] - Stream mapping:
[2026-06-21 15:47:42,294][src.frame_extractor][INFO] -   Stream #0:0 -> #0:0 (h264 (native) -> mjpeg (native))
[2026-06-21 15:47:42,294][src.frame_extractor][INFO] - Press [q] to stop, [?] for help
[2026-06-21 15:47:42,343][src.frame_extractor][INFO] - Output #0, image2, to '/Users/bc/brendanchambers/2026-06-18-iphone-video-to-splat/data/intermediates/densify_sz0.0025_gr0.0001/colmap_sfm_camera_model/images/frame_%04d.jpg':
[2026-06-21 15:47:42,343][src.frame_extractor][INFO] -   Metadata:
[2026-06-21 15:47:42,343][src.frame_extractor][INFO] -     major_brand     : qt
[2026-06-21 15:47:42,343][src.frame_extractor][INFO] -     minor_version   : 512
[2026-06-21 15:47:42,343][src.frame_extractor][INFO] -     compatible_brands: qt
[2026-06-21 15:47:42,343][src.frame_extractor][INFO] -     encoder         : Lavf62.12.102
[2026-06-21 15:47:42,343][src.frame_extractor][INFO] -   Stream #0:0: Video: mjpeg, yuv420p(pc, bt709, progressive), 1080x1920, q=2-31, 200 kb/s, 2 fps, 2 tbn (default)
[2026-06-21 15:47:42,343][src.frame_extractor][INFO] -     Metadata:
[2026-06-21 15:47:42,343][src.frame_extractor][INFO] -       encoder         : Lavc62.28.102 mjpeg
[2026-06-21 15:47:42,343][src.frame_extractor][INFO] -       handler_name    : Core Media Video
[2026-06-21 15:47:42,343][src.frame_extractor][INFO] -       vendor_id       : FFMP
[2026-06-21 15:47:42,343][src.frame_extractor][INFO] -     Side data:
[2026-06-21 15:47:42,343][src.frame_extractor][INFO] -       CPB properties: bitrate max/min/avg: 0/0/200000 buffer size: 0 vbv_delay: N/A
[2026-06-21 15:47:42,479][src.frame_extractor][INFO] - [out#0/image2 @ 0x6000003886c0] video:3120KiB audio:0KiB subtitle:0KiB other streams:0KiB global headers:0KiB muxing overhead: unknown
[2026-06-21 15:47:42,480][src.frame_extractor][INFO] - frame=    8 fps=0.0 q=5.0 Lsize=N/A time=00:00:04.00 bitrate=N/A speed=21.6x elapsed=0:00:00.18
[2026-06-21 15:47:42,483][src.frame_extractor][INFO] - Successfully extracted 8 frames
[2026-06-21 15:47:42,483][__main__][INFO] - ✓ Frame extraction completed
[2026-06-21 15:47:42,483][src.timing_recorder][INFO] - [TIMING] ✓ Completed: frame_extraction (0.22s)
[2026-06-21 15:47:42,483][src.timing_recorder][INFO] - [TIMING] Starting: feature_extraction
[2026-06-21 15:47:42,483][__main__][INFO] - ============================================================
[2026-06-21 15:47:42,483][__main__][INFO] - STEP 2: Feature Extraction
[2026-06-21 15:47:42,483][__main__][INFO] - ============================================================
[2026-06-21 15:47:42,484][src.colmap_feature_extractor][INFO] - Extracting features from images: /Users/bc/brendanchambers/2026-06-18-iphone-video-to-splat/data/intermediates/densify_sz0.0025_gr0.0001/colmap_sfm_camera_model/images
[2026-06-21 15:47:42,484][src.colmap_feature_extractor][INFO] - Database: /Users/bc/brendanchambers/2026-06-18-iphone-video-to-splat/data/intermediates/densify_sz0.0025_gr0.0001/colmap_sfm_camera_model/database.db
[2026-06-21 15:47:42,484][src.colmap_feature_extractor][INFO] - Running: colmap feature_extractor
[2026-06-21 15:47:42,641][src.colmap_feature_extractor][INFO] - I20260621 15:47:42.640912 0x16f1ef000 feature_extraction.cc:504] === Feature extraction ===
[2026-06-21 15:47:42,654][src.colmap_feature_extractor][INFO] - I20260621 15:47:42.654627 0x16f7f3000 sift.cc:757] Creating SIFT GPU feature extractor
[2026-06-21 15:47:42,795][src.colmap_feature_extractor][INFO] - I20260621 15:47:42.795175 0x16f87f000 feature_extraction.cc:282] Processed file [1/8]
[2026-06-21 15:47:42,795][src.colmap_feature_extractor][INFO] - I20260621 15:47:42.795192 0x16f87f000 feature_extraction.cc:285]   Name:            frame_0001.jpg
[2026-06-21 15:47:42,795][src.colmap_feature_extractor][INFO] - I20260621 15:47:42.795195 0x16f87f000 feature_extraction.cc:294]   Dimensions:      1080 x 1920
[2026-06-21 15:47:42,795][src.colmap_feature_extractor][INFO] - I20260621 15:47:42.795196 0x16f87f000 feature_extraction.cc:297]   Camera:          #1 - RADIAL
[2026-06-21 15:47:42,796][src.colmap_feature_extractor][INFO] - I20260621 15:47:42.795199 0x16f87f000 feature_extraction.cc:300]   Focal Length:    2304.00px
[2026-06-21 15:47:42,796][src.colmap_feature_extractor][INFO] - I20260621 15:47:42.795202 0x16f87f000 feature_extraction.cc:304]   Features:        4449 (SIFT)
[2026-06-21 15:47:42,851][src.colmap_feature_extractor][INFO] - I20260621 15:47:42.851661 0x16f87f000 feature_extraction.cc:282] Processed file [2/8]
[2026-06-21 15:47:42,852][src.colmap_feature_extractor][INFO] - I20260621 15:47:42.851675 0x16f87f000 feature_extraction.cc:285]   Name:            frame_0002.jpg
[2026-06-21 15:47:42,852][src.colmap_feature_extractor][INFO] - I20260621 15:47:42.851678 0x16f87f000 feature_extraction.cc:294]   Dimensions:      1080 x 1920
[2026-06-21 15:47:42,852][src.colmap_feature_extractor][INFO] - I20260621 15:47:42.851680 0x16f87f000 feature_extraction.cc:297]   Camera:          #1 - RADIAL
[2026-06-21 15:47:42,852][src.colmap_feature_extractor][INFO] - I20260621 15:47:42.851682 0x16f87f000 feature_extraction.cc:300]   Focal Length:    2304.00px
[2026-06-21 15:47:42,852][src.colmap_feature_extractor][INFO] - I20260621 15:47:42.851686 0x16f87f000 feature_extraction.cc:304]   Features:        4766 (SIFT)
[2026-06-21 15:47:42,906][src.colmap_feature_extractor][INFO] - I20260621 15:47:42.906707 0x16f87f000 feature_extraction.cc:282] Processed file [3/8]
[2026-06-21 15:47:42,906][src.colmap_feature_extractor][INFO] - I20260621 15:47:42.906721 0x16f87f000 feature_extraction.cc:285]   Name:            frame_0003.jpg
[2026-06-21 15:47:42,907][src.colmap_feature_extractor][INFO] - I20260621 15:47:42.906724 0x16f87f000 feature_extraction.cc:294]   Dimensions:      1080 x 1920
[2026-06-21 15:47:42,907][src.colmap_feature_extractor][INFO] - I20260621 15:47:42.906725 0x16f87f000 feature_extraction.cc:297]   Camera:          #1 - RADIAL
[2026-06-21 15:47:42,907][src.colmap_feature_extractor][INFO] - I20260621 15:47:42.906727 0x16f87f000 feature_extraction.cc:300]   Focal Length:    2304.00px
[2026-06-21 15:47:42,907][src.colmap_feature_extractor][INFO] - I20260621 15:47:42.906731 0x16f87f000 feature_extraction.cc:304]   Features:        5561 (SIFT)
[2026-06-21 15:47:42,961][src.colmap_feature_extractor][INFO] - I20260621 15:47:42.961691 0x16f87f000 feature_extraction.cc:282] Processed file [4/8]
[2026-06-21 15:47:42,961][src.colmap_feature_extractor][INFO] - I20260621 15:47:42.961705 0x16f87f000 feature_extraction.cc:285]   Name:            frame_0004.jpg
[2026-06-21 15:47:42,961][src.colmap_feature_extractor][INFO] - I20260621 15:47:42.961707 0x16f87f000 feature_extraction.cc:294]   Dimensions:      1080 x 1920
[2026-06-21 15:47:42,961][src.colmap_feature_extractor][INFO] - I20260621 15:47:42.961709 0x16f87f000 feature_extraction.cc:297]   Camera:          #1 - RADIAL
[2026-06-21 15:47:42,961][src.colmap_feature_extractor][INFO] - I20260621 15:47:42.961711 0x16f87f000 feature_extraction.cc:300]   Focal Length:    2304.00px
[2026-06-21 15:47:42,962][src.colmap_feature_extractor][INFO] - I20260621 15:47:42.961713 0x16f87f000 feature_extraction.cc:304]   Features:        6351 (SIFT)
[2026-06-21 15:47:43,016][src.colmap_feature_extractor][INFO] - I20260621 15:47:43.016009 0x16f87f000 feature_extraction.cc:282] Processed file [5/8]
[2026-06-21 15:47:43,016][src.colmap_feature_extractor][INFO] - I20260621 15:47:43.016022 0x16f87f000 feature_extraction.cc:285]   Name:            frame_0005.jpg
[2026-06-21 15:47:43,016][src.colmap_feature_extractor][INFO] - I20260621 15:47:43.016024 0x16f87f000 feature_extraction.cc:294]   Dimensions:      1080 x 1920
[2026-06-21 15:47:43,016][src.colmap_feature_extractor][INFO] - I20260621 15:47:43.016026 0x16f87f000 feature_extraction.cc:297]   Camera:          #1 - RADIAL
[2026-06-21 15:47:43,016][src.colmap_feature_extractor][INFO] - I20260621 15:47:43.016028 0x16f87f000 feature_extraction.cc:300]   Focal Length:    2304.00px
[2026-06-21 15:47:43,016][src.colmap_feature_extractor][INFO] - I20260621 15:47:43.016030 0x16f87f000 feature_extraction.cc:304]   Features:        4609 (SIFT)
[2026-06-21 15:47:43,070][src.colmap_feature_extractor][INFO] - I20260621 15:47:43.070146 0x16f87f000 feature_extraction.cc:282] Processed file [6/8]
[2026-06-21 15:47:43,070][src.colmap_feature_extractor][INFO] - I20260621 15:47:43.070165 0x16f87f000 feature_extraction.cc:285]   Name:            frame_0006.jpg
[2026-06-21 15:47:43,070][src.colmap_feature_extractor][INFO] - I20260621 15:47:43.070167 0x16f87f000 feature_extraction.cc:294]   Dimensions:      1080 x 1920
[2026-06-21 15:47:43,070][src.colmap_feature_extractor][INFO] - I20260621 15:47:43.070169 0x16f87f000 feature_extraction.cc:297]   Camera:          #1 - RADIAL
[2026-06-21 15:47:43,070][src.colmap_feature_extractor][INFO] - I20260621 15:47:43.070200 0x16f87f000 feature_extraction.cc:300]   Focal Length:    2304.00px
[2026-06-21 15:47:43,070][src.colmap_feature_extractor][INFO] - I20260621 15:47:43.070229 0x16f87f000 feature_extraction.cc:304]   Features:        4916 (SIFT)
[2026-06-21 15:47:43,124][src.colmap_feature_extractor][INFO] - I20260621 15:47:43.124605 0x16f87f000 feature_extraction.cc:282] Processed file [7/8]
[2026-06-21 15:47:43,124][src.colmap_feature_extractor][INFO] - I20260621 15:47:43.124621 0x16f87f000 feature_extraction.cc:285]   Name:            frame_0007.jpg
[2026-06-21 15:47:43,124][src.colmap_feature_extractor][INFO] - I20260621 15:47:43.124623 0x16f87f000 feature_extraction.cc:294]   Dimensions:      1080 x 1920
[2026-06-21 15:47:43,124][src.colmap_feature_extractor][INFO] - I20260621 15:47:43.124625 0x16f87f000 feature_extraction.cc:297]   Camera:          #1 - RADIAL
[2026-06-21 15:47:43,125][src.colmap_feature_extractor][INFO] - I20260621 15:47:43.124627 0x16f87f000 feature_extraction.cc:300]   Focal Length:    2304.00px
[2026-06-21 15:47:43,125][src.colmap_feature_extractor][INFO] - I20260621 15:47:43.124631 0x16f87f000 feature_extraction.cc:304]   Features:        4134 (SIFT)
[2026-06-21 15:47:43,181][src.colmap_feature_extractor][INFO] - I20260621 15:47:43.181476 0x16f87f000 feature_extraction.cc:282] Processed file [8/8]
[2026-06-21 15:47:43,181][src.colmap_feature_extractor][INFO] - I20260621 15:47:43.181525 0x16f87f000 feature_extraction.cc:285]   Name:            frame_0008.jpg
[2026-06-21 15:47:43,181][src.colmap_feature_extractor][INFO] - I20260621 15:47:43.181528 0x16f87f000 feature_extraction.cc:294]   Dimensions:      1080 x 1920
[2026-06-21 15:47:43,181][src.colmap_feature_extractor][INFO] - I20260621 15:47:43.181533 0x16f87f000 feature_extraction.cc:297]   Camera:          #1 - RADIAL
[2026-06-21 15:47:43,181][src.colmap_feature_extractor][INFO] - I20260621 15:47:43.181536 0x16f87f000 feature_extraction.cc:300]   Focal Length:    2304.00px
[2026-06-21 15:47:43,181][src.colmap_feature_extractor][INFO] - I20260621 15:47:43.181539 0x16f87f000 feature_extraction.cc:304]   Features:        6773 (SIFT)
[2026-06-21 15:47:43,185][src.colmap_feature_extractor][INFO] - I20260621 15:47:43.185458 0x16f1ef000 timer.cc:90] Elapsed time: 0.009 [minutes]
[2026-06-21 15:47:43,203][src.colmap_feature_extractor][INFO] - Feature extraction completed successfully
[2026-06-21 15:47:43,203][__main__][INFO] - ✓ Feature extraction completed
[2026-06-21 15:47:43,203][src.timing_recorder][INFO] - [TIMING] ✓ Completed: feature_extraction (0.72s)
[2026-06-21 15:47:43,203][src.timing_recorder][INFO] - [TIMING] Starting: feature_matching
[2026-06-21 15:47:43,203][__main__][INFO] - ============================================================
[2026-06-21 15:47:43,203][__main__][INFO] - STEP 3: Feature Matching
[2026-06-21 15:47:43,203][__main__][INFO] - ============================================================
[2026-06-21 15:47:43,204][src.colmap_feature_matcher][INFO] - Matching features in database: /Users/bc/brendanchambers/2026-06-18-iphone-video-to-splat/data/intermediates/densify_sz0.0025_gr0.0001/colmap_sfm_camera_model/database.db
[2026-06-21 15:47:43,204][src.colmap_feature_matcher][INFO] - Running: colmap sequential_matcher
[2026-06-21 15:47:43,365][src.colmap_feature_matcher][INFO] - I20260621 15:47:43.364381 0x16f963000 feature_matching.cc:195] === Feature matching & geometric verification ===
[2026-06-21 15:47:43,378][src.colmap_feature_matcher][INFO] - I20260621 15:47:43.378020 0x16f9ef000 sift.cc:1559] Creating SIFT GPU feature matcher
[2026-06-21 15:47:43,401][src.colmap_feature_matcher][INFO] - I20260621 15:47:43.401400 0x16f963000 pairing.cc:415] Generating sequential image pairs...
[2026-06-21 15:47:43,401][src.colmap_feature_matcher][INFO] - I20260621 15:47:43.401490 0x16f963000 pairing.cc:473] Processing image [1/8]
[2026-06-21 15:47:43,475][src.colmap_feature_matcher][INFO] - I20260621 15:47:43.475550 0x16f963000 feature_matching.cc:217] in 0.074s
[2026-06-21 15:47:43,475][src.colmap_feature_matcher][INFO] - I20260621 15:47:43.475564 0x16f963000 pairing.cc:473] Processing image [2/8]
[2026-06-21 15:47:43,534][src.colmap_feature_matcher][INFO] - I20260621 15:47:43.534019 0x16f963000 feature_matching.cc:217] in 0.058s
[2026-06-21 15:47:43,534][src.colmap_feature_matcher][INFO] - I20260621 15:47:43.534028 0x16f963000 pairing.cc:473] Processing image [3/8]
[2026-06-21 15:47:43,595][src.colmap_feature_matcher][INFO] - I20260621 15:47:43.595159 0x16f963000 feature_matching.cc:217] in 0.061s
[2026-06-21 15:47:43,595][src.colmap_feature_matcher][INFO] - I20260621 15:47:43.595167 0x16f963000 pairing.cc:473] Processing image [4/8]
[2026-06-21 15:47:43,668][src.colmap_feature_matcher][INFO] - I20260621 15:47:43.668466 0x16f963000 feature_matching.cc:217] in 0.073s
[2026-06-21 15:47:43,668][src.colmap_feature_matcher][INFO] - I20260621 15:47:43.668474 0x16f963000 pairing.cc:473] Processing image [5/8]
[2026-06-21 15:47:43,700][src.colmap_feature_matcher][INFO] - I20260621 15:47:43.700141 0x16f963000 feature_matching.cc:217] in 0.032s
[2026-06-21 15:47:43,700][src.colmap_feature_matcher][INFO] - I20260621 15:47:43.700146 0x16f963000 pairing.cc:473] Processing image [6/8]
[2026-06-21 15:47:43,740][src.colmap_feature_matcher][INFO] - I20260621 15:47:43.740546 0x16f963000 feature_matching.cc:217] in 0.040s
[2026-06-21 15:47:43,740][src.colmap_feature_matcher][INFO] - I20260621 15:47:43.740551 0x16f963000 pairing.cc:473] Processing image [7/8]
[2026-06-21 15:47:43,763][src.colmap_feature_matcher][INFO] - I20260621 15:47:43.763563 0x16f963000 feature_matching.cc:217] in 0.023s
[2026-06-21 15:47:43,763][src.colmap_feature_matcher][INFO] - I20260621 15:47:43.763567 0x16f963000 pairing.cc:473] Processing image [8/8]
[2026-06-21 15:47:43,763][src.colmap_feature_matcher][INFO] - I20260621 15:47:43.763569 0x16f963000 feature_matching.cc:217] in 0.000s
[2026-06-21 15:47:43,763][src.colmap_feature_matcher][INFO] - I20260621 15:47:43.763571 0x16f963000 timer.cc:90] Elapsed time: 0.007 [minutes]
[2026-06-21 15:47:43,771][src.colmap_feature_matcher][INFO] - Feature matching completed successfully
[2026-06-21 15:47:43,771][__main__][INFO] - ✓ Feature matching completed
[2026-06-21 15:47:43,771][src.timing_recorder][INFO] - [TIMING] ✓ Completed: feature_matching (0.57s)
[2026-06-21 15:47:43,772][src.timing_recorder][INFO] - [TIMING] Starting: sparse_reconstruction
[2026-06-21 15:47:43,772][__main__][INFO] - ============================================================
[2026-06-21 15:47:43,772][__main__][INFO] - STEP 4: Sparse Reconstruction
[2026-06-21 15:47:43,772][__main__][INFO] - ============================================================
[2026-06-21 15:47:43,773][src.colmap_mapper][INFO] - Performing sparse reconstruction
[2026-06-21 15:47:43,773][src.colmap_mapper][INFO] - Database: /Users/bc/brendanchambers/2026-06-18-iphone-video-to-splat/data/intermediates/densify_sz0.0025_gr0.0001/colmap_sfm_camera_model/database.db
[2026-06-21 15:47:43,773][src.colmap_mapper][INFO] - Images: /Users/bc/brendanchambers/2026-06-18-iphone-video-to-splat/data/intermediates/densify_sz0.0025_gr0.0001/colmap_sfm_camera_model/images
[2026-06-21 15:47:43,773][src.colmap_mapper][INFO] - Output: /Users/bc/brendanchambers/2026-06-18-iphone-video-to-splat/data/intermediates/densify_sz0.0025_gr0.0001/colmap_sfm_camera_model/sparse
[2026-06-21 15:47:43,773][src.colmap_mapper][INFO] - Running: colmap mapper
[2026-06-21 15:47:43,822][src.colmap_mapper][INFO] - I20260621 15:47:43.821481 0x1fde420c0 incremental_pipeline.cc:278] Loading database
[2026-06-21 15:47:43,822][src.colmap_mapper][INFO] - I20260621 15:47:43.822044 0x1fde420c0 database_cache.cc:72] Loading rigs...
[2026-06-21 15:47:43,822][src.colmap_mapper][INFO] - I20260621 15:47:43.822064 0x1fde420c0 database_cache.cc:82]  1 in 0.000s
[2026-06-21 15:47:43,822][src.colmap_mapper][INFO] - I20260621 15:47:43.822066 0x1fde420c0 database_cache.cc:90] Loading cameras...
[2026-06-21 15:47:43,822][src.colmap_mapper][INFO] - I20260621 15:47:43.822075 0x1fde420c0 database_cache.cc:108]  1 in 0.000s
[2026-06-21 15:47:43,822][src.colmap_mapper][INFO] - I20260621 15:47:43.822077 0x1fde420c0 database_cache.cc:116] Loading frames...
[2026-06-21 15:47:43,822][src.colmap_mapper][INFO] - I20260621 15:47:43.822092 0x1fde420c0 database_cache.cc:126]  8 in 0.000s
[2026-06-21 15:47:43,822][src.colmap_mapper][INFO] - I20260621 15:47:43.822094 0x1fde420c0 database_cache.cc:134] Loading matches...
[2026-06-21 15:47:43,822][src.colmap_mapper][INFO] - I20260621 15:47:43.822156 0x1fde420c0 database_cache.cc:139]  17 in 0.000s
[2026-06-21 15:47:43,822][src.colmap_mapper][INFO] - I20260621 15:47:43.822158 0x1fde420c0 database_cache.cc:147] Loading images...
[2026-06-21 15:47:43,822][src.colmap_mapper][INFO] - I20260621 15:47:43.822686 0x1fde420c0 database_cache.cc:241]  8 in 0.001s (connected 8, loaded 8)
[2026-06-21 15:47:43,822][src.colmap_mapper][INFO] - I20260621 15:47:43.822691 0x1fde420c0 database_cache.cc:255] Loading pose priors...
[2026-06-21 15:47:43,822][src.colmap_mapper][INFO] - I20260621 15:47:43.822698 0x1fde420c0 database_cache.cc:263]  0 in 0.000s
[2026-06-21 15:47:43,822][src.colmap_mapper][INFO] - I20260621 15:47:43.822700 0x1fde420c0 database_cache.cc:271] Building correspondence graph...
[2026-06-21 15:47:43,823][src.colmap_mapper][INFO] - I20260621 15:47:43.823463 0x1fde420c0 database_cache.cc:300]  in 0.001s (ignored 0)
[2026-06-21 15:47:43,823][src.colmap_mapper][INFO] - I20260621 15:47:43.823466 0x1fde420c0 timer.cc:90] Elapsed time: 0.000 [minutes]
[2026-06-21 15:47:43,823][src.colmap_mapper][INFO] - I20260621 15:47:43.823566 0x1fde420c0 incremental_pipeline.cc:390] Finding good initial image pair
[2026-06-21 15:47:43,831][src.colmap_mapper][INFO] - I20260621 15:47:43.831036 0x1fde420c0 incremental_pipeline.cc:414] Registering initial image pair #2 and #4
[2026-06-21 15:47:43,831][src.colmap_mapper][INFO] - I20260621 15:47:43.831648 0x1fde420c0 incremental_pipeline.cc:432] Global bundle adjustment
[2026-06-21 15:47:43,853][src.colmap_mapper][INFO] - I20260621 15:47:43.853410 0x1fde420c0 incremental_pipeline.cc:537] Registering image #3 (num_reg_frames=2)
[2026-06-21 15:47:43,853][src.colmap_mapper][INFO] - I20260621 15:47:43.853415 0x1fde420c0 incremental_pipeline.cc:540] => Image sees 149 / 1892 points
[2026-06-21 15:47:43,901][src.colmap_mapper][INFO] - I20260621 15:47:43.901218 0x1fde420c0 incremental_pipeline.cc:79] Retriangulation and Global bundle adjustment
[2026-06-21 15:47:43,916][src.colmap_mapper][INFO] - I20260621 15:47:43.916182 0x1fde420c0 incremental_pipeline.cc:537] Registering image #6 (num_reg_frames=3)
[2026-06-21 15:47:43,916][src.colmap_mapper][INFO] - I20260621 15:47:43.916187 0x1fde420c0 incremental_pipeline.cc:540] => Image sees 496 / 2128 points
[2026-06-21 15:47:43,970][src.colmap_mapper][INFO] - I20260621 15:47:43.970858 0x1fde420c0 incremental_pipeline.cc:79] Retriangulation and Global bundle adjustment
[2026-06-21 15:47:43,993][src.colmap_mapper][INFO] - I20260621 15:47:43.993143 0x1fde420c0 incremental_pipeline.cc:537] Registering image #5 (num_reg_frames=4)
[2026-06-21 15:47:43,993][src.colmap_mapper][INFO] - I20260621 15:47:43.993150 0x1fde420c0 incremental_pipeline.cc:540] => Image sees 1052 / 2461 points
[2026-06-21 15:47:44,035][src.colmap_mapper][INFO] - I20260621 15:47:44.035514 0x1fde420c0 incremental_pipeline.cc:79] Retriangulation and Global bundle adjustment
[2026-06-21 15:47:44,067][src.colmap_mapper][INFO] - I20260621 15:47:44.067108 0x1fde420c0 incremental_pipeline.cc:537] Registering image #1 (num_reg_frames=5)
[2026-06-21 15:47:44,067][src.colmap_mapper][INFO] - I20260621 15:47:44.067117 0x1fde420c0 incremental_pipeline.cc:540] => Image sees 536 / 1825 points
[2026-06-21 15:47:44,113][src.colmap_mapper][INFO] - I20260621 15:47:44.113722 0x1fde420c0 incremental_pipeline.cc:79] Retriangulation and Global bundle adjustment
[2026-06-21 15:47:44,142][src.colmap_mapper][INFO] - I20260621 15:47:44.142747 0x1fde420c0 incremental_pipeline.cc:537] Registering image #7 (num_reg_frames=6)
[2026-06-21 15:47:44,142][src.colmap_mapper][INFO] - I20260621 15:47:44.142755 0x1fde420c0 incremental_pipeline.cc:540] => Image sees 436 / 1676 points
[2026-06-21 15:47:44,179][src.colmap_mapper][INFO] - I20260621 15:47:44.179213 0x1fde420c0 incremental_pipeline.cc:79] Retriangulation and Global bundle adjustment
[2026-06-21 15:47:44,215][src.colmap_mapper][INFO] - I20260621 15:47:44.215578 0x1fde420c0 incremental_pipeline.cc:537] Registering image #8 (num_reg_frames=7)
[2026-06-21 15:47:44,215][src.colmap_mapper][INFO] - I20260621 15:47:44.215585 0x1fde420c0 incremental_pipeline.cc:540] => Image sees 480 / 1376 points
[2026-06-21 15:47:44,247][src.colmap_mapper][INFO] - I20260621 15:47:44.247407 0x1fde420c0 incremental_pipeline.cc:79] Retriangulation and Global bundle adjustment
[2026-06-21 15:47:44,283][src.colmap_mapper][INFO] - I20260621 15:47:44.283320 0x1fde420c0 incremental_pipeline.cc:79] Retriangulation and Global bundle adjustment
[2026-06-21 15:47:44,292][src.colmap_mapper][INFO] - I20260621 15:47:44.292219 0x1fde420c0 incremental_pipeline.cc:723] Keeping successful reconstruction
[2026-06-21 15:47:44,294][src.colmap_mapper][INFO] - I20260621 15:47:44.294756 0x1fde420c0 timer.cc:90] Elapsed time: 0.008 [minutes]
[2026-06-21 15:47:44,297][src.colmap_mapper][INFO] - Sparse reconstruction completed successfully
[2026-06-21 15:47:44,297][__main__][INFO] - ✓ Sparse reconstruction completed
[2026-06-21 15:47:44,297][src.timing_recorder][INFO] - [TIMING] ✓ Completed: sparse_reconstruction (0.53s)
[2026-06-21 15:47:44,298][src.timing_recorder][INFO] - [TIMING] Starting: undistortion
[2026-06-21 15:47:44,298][__main__][INFO] - ============================================================
[2026-06-21 15:47:44,298][__main__][INFO] - STEP 5: Image Undistortion
[2026-06-21 15:47:44,298][__main__][INFO] - ============================================================
[2026-06-21 15:47:44,299][src.colmap_undistorter][INFO] - Undistorting images
[2026-06-21 15:47:44,299][src.colmap_undistorter][INFO] - Input model: /Users/bc/brendanchambers/2026-06-18-iphone-video-to-splat/data/intermediates/densify_sz0.0025_gr0.0001/colmap_sfm_camera_model/sparse/0
[2026-06-21 15:47:44,299][src.colmap_undistorter][INFO] - Images: /Users/bc/brendanchambers/2026-06-18-iphone-video-to-splat/data/intermediates/densify_sz0.0025_gr0.0001/colmap_sfm_camera_model/images
[2026-06-21 15:47:44,299][src.colmap_undistorter][INFO] - Output: /Users/bc/brendanchambers/2026-06-18-iphone-video-to-splat/data/intermediates/densify_sz0.0025_gr0.0001/colmap_sfm_linearized
[2026-06-21 15:47:44,299][src.colmap_undistorter][INFO] - Running: colmap image_undistorter
[2026-06-21 15:47:44,346][src.colmap_undistorter][INFO] - I20260621 15:47:44.346000 0x1fde420c0 image.cc:368] === Reading reconstruction ===
[2026-06-21 15:47:44,348][src.colmap_undistorter][INFO] - I20260621 15:47:44.348086 0x1fde420c0 image.cc:371] => Reconstruction with 8 images and 2190 points
[2026-06-21 15:47:44,348][src.colmap_undistorter][INFO] - I20260621 15:47:44.348096 0x1fde420c0 undistorters.cc:166] === Image undistortion ===
[2026-06-21 15:47:44,348][src.colmap_undistorter][INFO] - I20260621 15:47:44.348388 0x1fde420c0 undistorters.cc:205] Undistorting image [1/8]
[2026-06-21 15:47:44,949][src.colmap_undistorter][INFO] - I20260621 15:47:44.949501 0x1fde420c0 undistorters.cc:205] Undistorting image [2/8]
[2026-06-21 15:47:44,955][src.colmap_undistorter][INFO] - I20260621 15:47:44.955243 0x1fde420c0 undistorters.cc:205] Undistorting image [3/8]
[2026-06-21 15:47:44,967][src.colmap_undistorter][INFO] - I20260621 15:47:44.967102 0x1fde420c0 undistorters.cc:205] Undistorting image [4/8]
[2026-06-21 15:47:44,967][src.colmap_undistorter][INFO] - I20260621 15:47:44.967113 0x1fde420c0 undistorters.cc:205] Undistorting image [5/8]
[2026-06-21 15:47:44,967][src.colmap_undistorter][INFO] - I20260621 15:47:44.967115 0x1fde420c0 undistorters.cc:205] Undistorting image [6/8]
[2026-06-21 15:47:44,967][src.colmap_undistorter][INFO] - I20260621 15:47:44.967117 0x1fde420c0 undistorters.cc:205] Undistorting image [7/8]
[2026-06-21 15:47:44,967][src.colmap_undistorter][INFO] - I20260621 15:47:44.967118 0x1fde420c0 undistorters.cc:205] Undistorting image [8/8]
[2026-06-21 15:47:44,973][src.colmap_undistorter][INFO] - I20260621 15:47:44.973281 0x1fde420c0 undistorters.cc:213] Writing reconstruction...
[2026-06-21 15:47:44,978][src.colmap_undistorter][INFO] - I20260621 15:47:44.978137 0x1fde420c0 undistorters.cc:218] Writing configuration...
[2026-06-21 15:47:44,978][src.colmap_undistorter][INFO] - I20260621 15:47:44.978237 0x1fde420c0 undistorters.cc:222] Writing scripts...
[2026-06-21 15:47:44,978][src.colmap_undistorter][INFO] - I20260621 15:47:44.978327 0x1fde420c0 timer.cc:90] Elapsed time: 0.011 [minutes]
[2026-06-21 15:47:44,981][src.colmap_undistorter][INFO] - Image undistortion completed successfully
[2026-06-21 15:47:44,982][__main__][INFO] - ✓ Image undistortion completed
[2026-06-21 15:47:44,982][src.timing_recorder][INFO] - [TIMING] ✓ Completed: undistortion (0.68s)
[2026-06-21 15:47:44,982][src.timing_recorder][INFO] - [TIMING] Starting: splat_training
[2026-06-21 15:47:44,982][__main__][INFO] - ============================================================
[2026-06-21 15:47:44,982][__main__][INFO] - STEP 6: OpenSplat Training
[2026-06-21 15:47:44,982][__main__][INFO] - ============================================================
[2026-06-21 15:47:44,983][src.opensplat_trainer][INFO] - Training 3D Gaussian Splat
[2026-06-21 15:47:44,983][src.opensplat_trainer][INFO] - Sparse model: /Users/bc/brendanchambers/2026-06-18-iphone-video-to-splat/data/intermediates/densify_sz0.0025_gr0.0001/colmap_sfm_linearized/sparse
[2026-06-21 15:47:44,983][src.opensplat_trainer][INFO] - Images: /Users/bc/brendanchambers/2026-06-18-iphone-video-to-splat/data/intermediates/densify_sz0.0025_gr0.0001/colmap_sfm_linearized/images
[2026-06-21 15:47:44,983][src.opensplat_trainer][INFO] - Output PLY: /Users/bc/brendanchambers/2026-06-18-iphone-video-to-splat/data/intermediates/densify_sz0.0025_gr0.0001/colmap_sfm_linearized/splats/densify_sz0.0025_gr0.0001_20260621_1547.ply
[2026-06-21 15:47:44,983][src.opensplat_trainer][INFO] - Training loss log: /Users/bc/brendanchambers/2026-06-18-iphone-video-to-splat/data/intermediates/densify_sz0.0025_gr0.0001/colmap_sfm_linearized/splats/train_20260621_1547.jsonl
[2026-06-21 15:47:44,983][src.opensplat_trainer][INFO] - Validation loss log: /Users/bc/brendanchambers/2026-06-18-iphone-video-to-splat/data/intermediates/densify_sz0.0025_gr0.0001/colmap_sfm_linearized/splats/val_20260621_1547.jsonl
[2026-06-21 15:47:44,984][src.opensplat_trainer][INFO] - Running: opensplat
[2026-06-21 15:47:45,119][src.opensplat_trainer][INFO] - Using MPS
[2026-06-21 15:47:45,121][src.opensplat_trainer][INFO] - Reading 2190 points
[2026-06-21 15:47:45,121][src.opensplat_trainer][INFO] - Loading /Users/bc/brendanchambers/2026-06-18-iphone-video-to-splat/data/intermediates/densify_sz0.0025_gr0.0001/colmap_sfm_linearized/images/frame_0001.jpgLoading /Users/bc/brendanchambers/2026-06-18-iphone-video-to-splat/data/intermediates/densify_sz0.0025_gr0.0001/colmap_sfm_linearized/images/frame_0002.jpg
[2026-06-21 15:47:45,121][src.opensplat_trainer][INFO] - 
[2026-06-21 15:47:45,121][src.opensplat_trainer][INFO] - Loading /Users/bc/brendanchambers/2026-06-18-iphone-video-to-splat/data/intermediates/densify_sz0.0025_gr0.0001/colmap_sfm_linearized/images/frame_0003.jpg
[2026-06-21 15:47:45,121][src.opensplat_trainer][INFO] - Loading /Users/bc/brendanchambers/2026-06-18-iphone-video-to-splat/data/intermediates/densify_sz0.0025_gr0.0001/colmap_sfm_linearized/images/frame_0005.jpgLoading
[2026-06-21 15:47:45,121][src.opensplat_trainer][INFO] - Loading /Users/bc/brendanchambers/2026-06-18-iphone-video-to-splat/data/intermediates/densify_sz0.0025_gr0.0001/colmap_sfm_linearized/images/frame_0006.jpg
[2026-06-21 15:47:45,121][src.opensplat_trainer][INFO] - /Users/bc/brendanchambers/2026-06-18-iphone-video-to-splat/data/intermediates/densify_sz0.0025_gr0.0001/colmap_sfm_linearized/images/frame_0004.jpg
[2026-06-21 15:47:45,121][src.opensplat_trainer][INFO] - Loading /Users/bc/brendanchambers/2026-06-18-iphone-video-to-splat/data/intermediates/densify_sz0.0025_gr0.0001/colmap_sfm_linearized/images/frame_0007.jpg
[2026-06-21 15:47:45,121][src.opensplat_trainer][INFO] - Loading /Users/bc/brendanchambers/2026-06-18-iphone-video-to-splat/data/intermediates/densify_sz0.0025_gr0.0001/colmap_sfm_linearized/images/frame_0008.jpg
[2026-06-21 15:47:45,493][src.opensplat_trainer][INFO] - init_gsplat_metal_context: loading '/Users/bc/brendanchambers/2026-06-18-iphone-video-to-splat/opensplat/build/default.metallib'
[2026-06-21 15:47:45,493][src.opensplat_trainer][INFO] - init_gsplat_metal_context: loaded '/Users/bc/brendanchambers/2026-06-18-iphone-video-to-splat/opensplat/build/default.metallib', functions: compute_cov2d_bounds_kernel, project_gaussians_backward_kernel, get_tile_bin_edges_kernel, rasterize_backward_kernel, map_gaussian_to_intersects_kernel, nd_rasterize_backward_kernel, project_gaussians_forward_kernel, compute_sh_backward_kernel, compute_sh_forward_kernel, nd_rasterize_forward_kernel
[2026-06-21 15:47:45,493][src.opensplat_trainer][INFO] - init_gsplat_metal_context: load function nd_rasterize_backward_kernel with label: (null)
[2026-06-21 15:47:45,493][src.opensplat_trainer][INFO] - init_gsplat_metal_context: load function nd_rasterize_forward_kernel with label: (null)
[2026-06-21 15:47:45,494][src.opensplat_trainer][INFO] - init_gsplat_metal_context: load function rasterize_backward_kernel with label: (null)
[2026-06-21 15:47:45,494][src.opensplat_trainer][INFO] - init_gsplat_metal_context: load function project_gaussians_forward_kernel with label: (null)
[2026-06-21 15:47:45,494][src.opensplat_trainer][INFO] - init_gsplat_metal_context: load function project_gaussians_backward_kernel with label: (null)
[2026-06-21 15:47:45,494][src.opensplat_trainer][INFO] - init_gsplat_metal_context: load function compute_sh_forward_kernel with label: (null)
[2026-06-21 15:47:45,494][src.opensplat_trainer][INFO] - init_gsplat_metal_context: load function compute_sh_backward_kernel with label: (null)
[2026-06-21 15:47:45,494][src.opensplat_trainer][INFO] - init_gsplat_metal_context: load function compute_cov2d_bounds_kernel with label: (null)
[2026-06-21 15:47:45,494][src.opensplat_trainer][INFO] - init_gsplat_metal_context: load function map_gaussian_to_intersects_kernel with label: (null)
[2026-06-21 15:47:45,494][src.opensplat_trainer][INFO] - init_gsplat_metal_context: load function get_tile_bin_edges_kernel with label: (null)
[2026-06-21 15:47:45,494][src.opensplat_trainer][INFO] - Step 10: 0.335803 (20%)
[2026-06-21 15:47:45,728][src.opensplat_trainer][INFO] - Step 20: 0.31621 (40%)
[2026-06-21 15:47:45,930][src.opensplat_trainer][INFO] - Step 30: 0.283804 (60%)
[2026-06-21 15:47:46,116][src.opensplat_trainer][INFO] - Step 40: 0.301186 (80%)
[2026-06-21 15:47:46,355][src.opensplat_trainer][INFO] - Step 50: 0.302681 (100%)
[2026-06-21 15:47:46,370][src.opensplat_trainer][INFO] - Wrote /Users/bc/brendanchambers/2026-06-18-iphone-video-to-splat/data/intermediates/densify_sz0.0025_gr0.0001/colmap_sfm_linearized/splats/cameras.json
[2026-06-21 15:47:46,378][src.opensplat_trainer][INFO] - Wrote /Users/bc/brendanchambers/2026-06-18-iphone-video-to-splat/data/intermediates/densify_sz0.0025_gr0.0001/colmap_sfm_linearized/splats/densify_sz0.0025_gr0.0001_20260621_1547.ply
[2026-06-21 15:47:46,392][src.opensplat_trainer][INFO] - /Users/bc/brendanchambers/2026-06-18-iphone-video-to-splat/data/intermediates/densify_sz0.0025_gr0.0001/colmap_sfm_linearized/images/frame_0001.jpg validation loss: 0.344928
[2026-06-21 15:47:46,444][src.opensplat_trainer][INFO] - Parsed 5 training loss values to /Users/bc/brendanchambers/2026-06-18-iphone-video-to-splat/data/intermediates/densify_sz0.0025_gr0.0001/colmap_sfm_linearized/splats/train_20260621_1547.jsonl
[2026-06-21 15:47:46,444][src.opensplat_trainer][INFO] - Captured validation loss: 0.344928 to /Users/bc/brendanchambers/2026-06-18-iphone-video-to-splat/data/intermediates/densify_sz0.0025_gr0.0001/colmap_sfm_linearized/splats/val_20260621_1547.jsonl
[2026-06-21 15:47:46,444][src.opensplat_trainer][INFO] - Training completed successfully
[2026-06-21 15:47:46,444][src.opensplat_trainer][INFO] - Output saved to: /Users/bc/brendanchambers/2026-06-18-iphone-video-to-splat/data/intermediates/densify_sz0.0025_gr0.0001/colmap_sfm_linearized/splats/densify_sz0.0025_gr0.0001_20260621_1547.ply
[2026-06-21 15:47:46,444][__main__][INFO] - ✓ Splat training completed
[2026-06-21 15:47:46,444][__main__][INFO] - ============================================================
[2026-06-21 15:47:46,444][__main__][INFO] - Analyzing Training Loss
[2026-06-21 15:47:46,444][__main__][INFO] - ============================================================
[2026-06-21 15:47:46,702][src.timing_recorder][INFO] - [TIMING] ✓ Completed: splat_training (1.72s)
[2026-06-21 15:47:46,702][__main__][INFO] - 
[2026-06-21 15:47:46,702][__main__][INFO] - ╔==========================================================╗
[2026-06-21 15:47:46,702][__main__][INFO] - ║                    Pipeline Complete!                    ║
[2026-06-21 15:47:46,702][__main__][INFO] - ╚==========================================================╝
[2026-06-21 15:47:46,702][__main__][INFO] - Output directory: /Users/bc/brendanchambers/2026-06-18-iphone-video-to-splat/data/intermediates/densify_sz0.0025_gr0.0001/colmap_sfm_linearized/splats
[2026-06-21 15:47:46,702][__main__][INFO] -   - PLY file: *.ply (3D Gaussian Splat)
[2026-06-21 15:47:46,702][__main__][INFO] -   - Loss log: *.jsonl (Training loss per step)
[2026-06-21 15:47:46,702][__main__][INFO] -   - Timing log: running-time_*.jsonl (Step execution times)
[2026-06-21 15:47:46,702][src.timing_recorder][INFO] - 
[2026-06-21 15:47:46,702][src.timing_recorder][INFO] - ======================================================================
[2026-06-21 15:47:46,702][src.timing_recorder][INFO] - PIPELINE EXECUTION TIMING SUMMARY
[2026-06-21 15:47:46,702][src.timing_recorder][INFO] - ======================================================================
[2026-06-21 15:47:46,703][src.timing_recorder][INFO] - ✓ frame_extraction              0.22s  (  4.9%)
[2026-06-21 15:47:46,703][src.timing_recorder][INFO] - ✓ feature_extraction            0.72s  ( 16.2%)
[2026-06-21 15:47:46,703][src.timing_recorder][INFO] - ✓ feature_matching              0.57s  ( 12.8%)
[2026-06-21 15:47:46,703][src.timing_recorder][INFO] - ✓ sparse_reconstruction         0.53s  ( 11.9%)
[2026-06-21 15:47:46,703][src.timing_recorder][INFO] - ✓ undistortion                  0.68s  ( 15.4%)
[2026-06-21 15:47:46,703][src.timing_recorder][INFO] - ✓ splat_training                1.72s  ( 38.8%)
[2026-06-21 15:47:46,703][src.timing_recorder][INFO] - ----------------------------------------------------------------------
[2026-06-21 15:47:46,703][src.timing_recorder][INFO] - TOTAL                           4.44s  (100.0%)
[2026-06-21 15:47:46,703][src.timing_recorder][INFO] - ======================================================================
[2026-06-21 15:47:46,703][src.timing_recorder][INFO] - 
[2026-06-21 15:47:46,703][src.timing_recorder][INFO] - [TIMING] Saved timing report to: /Users/bc/brendanchambers/2026-06-18-iphone-video-to-splat/data/intermediates/densify_sz0.0025_gr0.0001/colmap_sfm_linearized/splats/running-time_20260621_1547.jsonl
