[2026-06-21 14:41:20,295][__main__][INFO] - 
[2026-06-21 14:41:20,295][__main__][INFO] - ╔==========================================================╗
[2026-06-21 14:41:20,296][__main__][INFO] - ║          3D Gaussian Splat Training Pipeline              ║
[2026-06-21 14:41:20,296][__main__][INFO] - ╚==========================================================╝
[2026-06-21 14:41:20,296][__main__][INFO] - Experiment: teensy
[2026-06-21 14:41:20,296][__main__][INFO] - Project dir: /Users/bc/brendanchambers/2026-06-18-iphone-video-to-splat
[2026-06-21 14:41:20,296][__main__][INFO] - 
[2026-06-21 14:41:20,296][__main__][INFO] - ============================================================
[2026-06-21 14:41:20,296][__main__][INFO] - STEP 1: Frame Extraction
[2026-06-21 14:41:20,296][__main__][INFO] - ============================================================
[2026-06-21 14:41:20,296][src.frame_extractor][INFO] - Extracting frames from: /Users/bc/brendanchambers/2026-06-18-iphone-video-to-splat/data/incoming/movies/teensy.mov
[2026-06-21 14:41:20,296][src.frame_extractor][INFO] - Output directory: /Users/bc/brendanchambers/2026-06-18-iphone-video-to-splat/data/intermediates/teensy/colmap_sfm_camera_model/images
[2026-06-21 14:41:20,296][src.frame_extractor][INFO] - Extracting frames at 2 fps
[2026-06-21 14:41:20,296][src.frame_extractor][INFO] - Running command: ffmpeg -i /Users/bc/brendanchambers/2026-06-18-iphone-video-to-splat/data/incoming/movies/teensy.mov -vf fps=2 -q:v 5 /Users/bc/brendanchambers/2026-06-18-iphone-video-to-splat/data/intermediates/teensy/colmap_sfm_camera_model/images/frame_%04d.jpg
[2026-06-21 14:41:20,311][src.frame_extractor][INFO] - ffmpeg version 8.1.2 Copyright (c) 2000-2026 the FFmpeg developers
[2026-06-21 14:41:20,311][src.frame_extractor][INFO] -   built with Apple clang version 17.0.0 (clang-1700.6.4.2)
[2026-06-21 14:41:20,311][src.frame_extractor][INFO] -   configuration: --prefix=/opt/homebrew/Cellar/ffmpeg/8.1.2 --enable-shared --enable-pthreads --enable-version3 --cc=clang --host-cflags= --host-ldflags= --enable-ffplay --enable-gpl --enable-libsvtav1 --enable-libopus --enable-libx264 --enable-libmp3lame --enable-libdav1d --enable-libvmaf --enable-libvpx --enable-libx265 --enable-openssl --enable-videotoolbox --enable-audiotoolbox --enable-neon
[2026-06-21 14:41:20,311][src.frame_extractor][INFO] -   libavutil      60. 26.102 / 60. 26.102
[2026-06-21 14:41:20,311][src.frame_extractor][INFO] -   libavcodec     62. 28.102 / 62. 28.102
[2026-06-21 14:41:20,311][src.frame_extractor][INFO] -   libavformat    62. 12.102 / 62. 12.102
[2026-06-21 14:41:20,311][src.frame_extractor][INFO] -   libavdevice    62.  3.102 / 62.  3.102
[2026-06-21 14:41:20,311][src.frame_extractor][INFO] -   libavfilter    11. 14.102 / 11. 14.102
[2026-06-21 14:41:20,312][src.frame_extractor][INFO] -   libswscale      9.  5.102 /  9.  5.102
[2026-06-21 14:41:20,312][src.frame_extractor][INFO] -   libswresample   6.  3.102 /  6.  3.102
[2026-06-21 14:41:20,327][src.frame_extractor][INFO] - Input #0, mov,mp4,m4a,3gp,3g2,mj2, from '/Users/bc/brendanchambers/2026-06-18-iphone-video-to-splat/data/incoming/movies/teensy.mov':
[2026-06-21 14:41:20,328][src.frame_extractor][INFO] -   Metadata:
[2026-06-21 14:41:20,328][src.frame_extractor][INFO] -     major_brand     : qt
[2026-06-21 14:41:20,328][src.frame_extractor][INFO] -     minor_version   : 512
[2026-06-21 14:41:20,328][src.frame_extractor][INFO] -     compatible_brands: qt
[2026-06-21 14:41:20,328][src.frame_extractor][INFO] -     encoder         : Lavf62.12.102
[2026-06-21 14:41:20,328][src.frame_extractor][INFO] -   Duration: 00:00:04.01, start: 0.000000, bitrate: 19786 kb/s
[2026-06-21 14:41:20,328][src.frame_extractor][INFO] -   Stream #0:0[0x1]: Video: h264 (High) (avc1 / 0x31637661), yuv420p(tv, bt709, progressive), 1080x1920, 19646 kb/s, 29.67 fps, 29.67 tbr, 11392 tbn (default)
[2026-06-21 14:41:20,328][src.frame_extractor][INFO] -     Metadata:
[2026-06-21 14:41:20,328][src.frame_extractor][INFO] -       handler_name    : Core Media Video
[2026-06-21 14:41:20,328][src.frame_extractor][INFO] -       vendor_id       : FFMP
[2026-06-21 14:41:20,328][src.frame_extractor][INFO] -       encoder         : Lavc62.28.102 libx264
[2026-06-21 14:41:20,328][src.frame_extractor][INFO] -   Stream #0:1[0x2]: Audio: aac (LC) (mp4a / 0x6134706D), 48000 Hz, stereo, fltp, 128 kb/s (default)
[2026-06-21 14:41:20,328][src.frame_extractor][INFO] -     Metadata:
[2026-06-21 14:41:20,328][src.frame_extractor][INFO] -       handler_name    : Core Media Audio
[2026-06-21 14:41:20,328][src.frame_extractor][INFO] -       vendor_id       : [0][0][0][0]
[2026-06-21 14:41:20,329][src.frame_extractor][INFO] - Stream mapping:
[2026-06-21 14:41:20,329][src.frame_extractor][INFO] -   Stream #0:0 -> #0:0 (h264 (native) -> mjpeg (native))
[2026-06-21 14:41:20,329][src.frame_extractor][INFO] - Press [q] to stop, [?] for help
[2026-06-21 14:41:20,378][src.frame_extractor][INFO] - Output #0, image2, to '/Users/bc/brendanchambers/2026-06-18-iphone-video-to-splat/data/intermediates/teensy/colmap_sfm_camera_model/images/frame_%04d.jpg':
[2026-06-21 14:41:20,378][src.frame_extractor][INFO] -   Metadata:
[2026-06-21 14:41:20,378][src.frame_extractor][INFO] -     major_brand     : qt
[2026-06-21 14:41:20,378][src.frame_extractor][INFO] -     minor_version   : 512
[2026-06-21 14:41:20,378][src.frame_extractor][INFO] -     compatible_brands: qt
[2026-06-21 14:41:20,378][src.frame_extractor][INFO] -     encoder         : Lavf62.12.102
[2026-06-21 14:41:20,379][src.frame_extractor][INFO] -   Stream #0:0: Video: mjpeg, yuv420p(pc, bt709, progressive), 1080x1920, q=2-31, 200 kb/s, 2 fps, 2 tbn (default)
[2026-06-21 14:41:20,379][src.frame_extractor][INFO] -     Metadata:
[2026-06-21 14:41:20,379][src.frame_extractor][INFO] -       encoder         : Lavc62.28.102 mjpeg
[2026-06-21 14:41:20,379][src.frame_extractor][INFO] -       handler_name    : Core Media Video
[2026-06-21 14:41:20,379][src.frame_extractor][INFO] -       vendor_id       : FFMP
[2026-06-21 14:41:20,379][src.frame_extractor][INFO] -     Side data:
[2026-06-21 14:41:20,379][src.frame_extractor][INFO] -       CPB properties: bitrate max/min/avg: 0/0/200000 buffer size: 0 vbv_delay: N/A
[2026-06-21 14:41:20,516][src.frame_extractor][INFO] - [out#0/image2 @ 0x600002bb8180] video:3120KiB audio:0KiB subtitle:0KiB other streams:0KiB global headers:0KiB muxing overhead: unknown
[2026-06-21 14:41:20,516][src.frame_extractor][INFO] - frame=    8 fps=0.0 q=5.0 Lsize=N/A time=00:00:04.00 bitrate=N/A speed=21.4x elapsed=0:00:00.18
[2026-06-21 14:41:20,519][src.frame_extractor][INFO] - Successfully extracted 8 frames
[2026-06-21 14:41:20,519][__main__][INFO] - ✓ Frame extraction completed
[2026-06-21 14:41:20,519][__main__][INFO] - ============================================================
[2026-06-21 14:41:20,519][__main__][INFO] - STEP 2: Feature Extraction
[2026-06-21 14:41:20,519][__main__][INFO] - ============================================================
[2026-06-21 14:41:20,520][src.colmap_feature_extractor][INFO] - Extracting features from images: /Users/bc/brendanchambers/2026-06-18-iphone-video-to-splat/data/intermediates/teensy/colmap_sfm_camera_model/images
[2026-06-21 14:41:20,520][src.colmap_feature_extractor][INFO] - Database: /Users/bc/brendanchambers/2026-06-18-iphone-video-to-splat/data/intermediates/teensy/colmap_sfm_camera_model/database.db
[2026-06-21 14:41:20,520][src.colmap_feature_extractor][INFO] - Running: colmap feature_extractor
[2026-06-21 14:41:20,677][src.colmap_feature_extractor][INFO] - I20260621 14:41:20.677253 0x16dd37000 feature_extraction.cc:504] === Feature extraction ===
[2026-06-21 14:41:20,691][src.colmap_feature_extractor][INFO] - I20260621 14:41:20.691147 0x16e33b000 sift.cc:757] Creating SIFT GPU feature extractor
[2026-06-21 14:41:20,823][src.colmap_feature_extractor][INFO] - I20260621 14:41:20.823661 0x16e3c7000 feature_extraction.cc:282] Processed file [1/8]
[2026-06-21 14:41:20,824][src.colmap_feature_extractor][INFO] - I20260621 14:41:20.823679 0x16e3c7000 feature_extraction.cc:285]   Name:            frame_0001.jpg
[2026-06-21 14:41:20,824][src.colmap_feature_extractor][INFO] - I20260621 14:41:20.823681 0x16e3c7000 feature_extraction.cc:294]   Dimensions:      1080 x 1920
[2026-06-21 14:41:20,824][src.colmap_feature_extractor][INFO] - I20260621 14:41:20.823683 0x16e3c7000 feature_extraction.cc:297]   Camera:          #1 - RADIAL
[2026-06-21 14:41:20,824][src.colmap_feature_extractor][INFO] - I20260621 14:41:20.823685 0x16e3c7000 feature_extraction.cc:300]   Focal Length:    2304.00px
[2026-06-21 14:41:20,824][src.colmap_feature_extractor][INFO] - I20260621 14:41:20.823688 0x16e3c7000 feature_extraction.cc:304]   Features:        4449 (SIFT)
[2026-06-21 14:41:20,880][src.colmap_feature_extractor][INFO] - I20260621 14:41:20.880248 0x16e3c7000 feature_extraction.cc:282] Processed file [2/8]
[2026-06-21 14:41:20,880][src.colmap_feature_extractor][INFO] - I20260621 14:41:20.880268 0x16e3c7000 feature_extraction.cc:285]   Name:            frame_0002.jpg
[2026-06-21 14:41:20,880][src.colmap_feature_extractor][INFO] - I20260621 14:41:20.880271 0x16e3c7000 feature_extraction.cc:294]   Dimensions:      1080 x 1920
[2026-06-21 14:41:20,880][src.colmap_feature_extractor][INFO] - I20260621 14:41:20.880272 0x16e3c7000 feature_extraction.cc:297]   Camera:          #1 - RADIAL
[2026-06-21 14:41:20,880][src.colmap_feature_extractor][INFO] - I20260621 14:41:20.880274 0x16e3c7000 feature_extraction.cc:300]   Focal Length:    2304.00px
[2026-06-21 14:41:20,880][src.colmap_feature_extractor][INFO] - I20260621 14:41:20.880277 0x16e3c7000 feature_extraction.cc:304]   Features:        4766 (SIFT)
[2026-06-21 14:41:20,936][src.colmap_feature_extractor][INFO] - I20260621 14:41:20.936245 0x16e3c7000 feature_extraction.cc:282] Processed file [3/8]
[2026-06-21 14:41:20,936][src.colmap_feature_extractor][INFO] - I20260621 14:41:20.936259 0x16e3c7000 feature_extraction.cc:285]   Name:            frame_0003.jpg
[2026-06-21 14:41:20,936][src.colmap_feature_extractor][INFO] - I20260621 14:41:20.936262 0x16e3c7000 feature_extraction.cc:294]   Dimensions:      1080 x 1920
[2026-06-21 14:41:20,936][src.colmap_feature_extractor][INFO] - I20260621 14:41:20.936264 0x16e3c7000 feature_extraction.cc:297]   Camera:          #1 - RADIAL
[2026-06-21 14:41:20,936][src.colmap_feature_extractor][INFO] - I20260621 14:41:20.936266 0x16e3c7000 feature_extraction.cc:300]   Focal Length:    2304.00px
[2026-06-21 14:41:20,936][src.colmap_feature_extractor][INFO] - I20260621 14:41:20.936268 0x16e3c7000 feature_extraction.cc:304]   Features:        5561 (SIFT)
[2026-06-21 14:41:20,991][src.colmap_feature_extractor][INFO] - I20260621 14:41:20.991083 0x16e3c7000 feature_extraction.cc:282] Processed file [4/8]
[2026-06-21 14:41:20,991][src.colmap_feature_extractor][INFO] - I20260621 14:41:20.991096 0x16e3c7000 feature_extraction.cc:285]   Name:            frame_0004.jpg
[2026-06-21 14:41:20,991][src.colmap_feature_extractor][INFO] - I20260621 14:41:20.991098 0x16e3c7000 feature_extraction.cc:294]   Dimensions:      1080 x 1920
[2026-06-21 14:41:20,991][src.colmap_feature_extractor][INFO] - I20260621 14:41:20.991099 0x16e3c7000 feature_extraction.cc:297]   Camera:          #1 - RADIAL
[2026-06-21 14:41:20,991][src.colmap_feature_extractor][INFO] - I20260621 14:41:20.991102 0x16e3c7000 feature_extraction.cc:300]   Focal Length:    2304.00px
[2026-06-21 14:41:20,991][src.colmap_feature_extractor][INFO] - I20260621 14:41:20.991104 0x16e3c7000 feature_extraction.cc:304]   Features:        6351 (SIFT)
[2026-06-21 14:41:21,044][src.colmap_feature_extractor][INFO] - I20260621 14:41:21.044646 0x16e3c7000 feature_extraction.cc:282] Processed file [5/8]
[2026-06-21 14:41:21,044][src.colmap_feature_extractor][INFO] - I20260621 14:41:21.044659 0x16e3c7000 feature_extraction.cc:285]   Name:            frame_0005.jpg
[2026-06-21 14:41:21,044][src.colmap_feature_extractor][INFO] - I20260621 14:41:21.044661 0x16e3c7000 feature_extraction.cc:294]   Dimensions:      1080 x 1920
[2026-06-21 14:41:21,044][src.colmap_feature_extractor][INFO] - I20260621 14:41:21.044663 0x16e3c7000 feature_extraction.cc:297]   Camera:          #1 - RADIAL
[2026-06-21 14:41:21,044][src.colmap_feature_extractor][INFO] - I20260621 14:41:21.044665 0x16e3c7000 feature_extraction.cc:300]   Focal Length:    2304.00px
[2026-06-21 14:41:21,044][src.colmap_feature_extractor][INFO] - I20260621 14:41:21.044668 0x16e3c7000 feature_extraction.cc:304]   Features:        4609 (SIFT)
[2026-06-21 14:41:21,097][src.colmap_feature_extractor][INFO] - I20260621 14:41:21.097775 0x16e3c7000 feature_extraction.cc:282] Processed file [6/8]
[2026-06-21 14:41:21,097][src.colmap_feature_extractor][INFO] - I20260621 14:41:21.097789 0x16e3c7000 feature_extraction.cc:285]   Name:            frame_0006.jpg
[2026-06-21 14:41:21,098][src.colmap_feature_extractor][INFO] - I20260621 14:41:21.097792 0x16e3c7000 feature_extraction.cc:294]   Dimensions:      1080 x 1920
[2026-06-21 14:41:21,098][src.colmap_feature_extractor][INFO] - I20260621 14:41:21.097793 0x16e3c7000 feature_extraction.cc:297]   Camera:          #1 - RADIAL
[2026-06-21 14:41:21,098][src.colmap_feature_extractor][INFO] - I20260621 14:41:21.097796 0x16e3c7000 feature_extraction.cc:300]   Focal Length:    2304.00px
[2026-06-21 14:41:21,098][src.colmap_feature_extractor][INFO] - I20260621 14:41:21.097798 0x16e3c7000 feature_extraction.cc:304]   Features:        4916 (SIFT)
[2026-06-21 14:41:21,151][src.colmap_feature_extractor][INFO] - I20260621 14:41:21.151723 0x16e3c7000 feature_extraction.cc:282] Processed file [7/8]
[2026-06-21 14:41:21,151][src.colmap_feature_extractor][INFO] - I20260621 14:41:21.151736 0x16e3c7000 feature_extraction.cc:285]   Name:            frame_0007.jpg
[2026-06-21 14:41:21,152][src.colmap_feature_extractor][INFO] - I20260621 14:41:21.151739 0x16e3c7000 feature_extraction.cc:294]   Dimensions:      1080 x 1920
[2026-06-21 14:41:21,152][src.colmap_feature_extractor][INFO] - I20260621 14:41:21.151740 0x16e3c7000 feature_extraction.cc:297]   Camera:          #1 - RADIAL
[2026-06-21 14:41:21,152][src.colmap_feature_extractor][INFO] - I20260621 14:41:21.151742 0x16e3c7000 feature_extraction.cc:300]   Focal Length:    2304.00px
[2026-06-21 14:41:21,152][src.colmap_feature_extractor][INFO] - I20260621 14:41:21.151745 0x16e3c7000 feature_extraction.cc:304]   Features:        4134 (SIFT)
[2026-06-21 14:41:21,208][src.colmap_feature_extractor][INFO] - I20260621 14:41:21.208650 0x16e3c7000 feature_extraction.cc:282] Processed file [8/8]
[2026-06-21 14:41:21,208][src.colmap_feature_extractor][INFO] - I20260621 14:41:21.208696 0x16e3c7000 feature_extraction.cc:285]   Name:            frame_0008.jpg
[2026-06-21 14:41:21,208][src.colmap_feature_extractor][INFO] - I20260621 14:41:21.208699 0x16e3c7000 feature_extraction.cc:294]   Dimensions:      1080 x 1920
[2026-06-21 14:41:21,208][src.colmap_feature_extractor][INFO] - I20260621 14:41:21.208702 0x16e3c7000 feature_extraction.cc:297]   Camera:          #1 - RADIAL
[2026-06-21 14:41:21,208][src.colmap_feature_extractor][INFO] - I20260621 14:41:21.208705 0x16e3c7000 feature_extraction.cc:300]   Focal Length:    2304.00px
[2026-06-21 14:41:21,208][src.colmap_feature_extractor][INFO] - I20260621 14:41:21.208708 0x16e3c7000 feature_extraction.cc:304]   Features:        6773 (SIFT)
[2026-06-21 14:41:21,214][src.colmap_feature_extractor][INFO] - I20260621 14:41:21.214358 0x16dd37000 timer.cc:90] Elapsed time: 0.009 [minutes]
[2026-06-21 14:41:21,233][src.colmap_feature_extractor][INFO] - Feature extraction completed successfully
[2026-06-21 14:41:21,233][__main__][INFO] - ✓ Feature extraction completed
[2026-06-21 14:41:21,233][__main__][INFO] - ============================================================
[2026-06-21 14:41:21,233][__main__][INFO] - STEP 3: Feature Matching
[2026-06-21 14:41:21,233][__main__][INFO] - ============================================================
[2026-06-21 14:41:21,233][src.colmap_feature_matcher][INFO] - Matching features in database: /Users/bc/brendanchambers/2026-06-18-iphone-video-to-splat/data/intermediates/teensy/colmap_sfm_camera_model/database.db
[2026-06-21 14:41:21,233][src.colmap_feature_matcher][INFO] - Running: colmap sequential_matcher
[2026-06-21 14:41:21,392][src.colmap_feature_matcher][INFO] - I20260621 14:41:21.392177 0x16f367000 feature_matching.cc:195] === Feature matching & geometric verification ===
[2026-06-21 14:41:21,406][src.colmap_feature_matcher][INFO] - I20260621 14:41:21.406198 0x16f3f3000 sift.cc:1559] Creating SIFT GPU feature matcher
[2026-06-21 14:41:21,428][src.colmap_feature_matcher][INFO] - I20260621 14:41:21.428934 0x16f367000 pairing.cc:415] Generating sequential image pairs...
[2026-06-21 14:41:21,429][src.colmap_feature_matcher][INFO] - I20260621 14:41:21.429028 0x16f367000 pairing.cc:473] Processing image [1/8]
[2026-06-21 14:41:21,504][src.colmap_feature_matcher][INFO] - I20260621 14:41:21.504355 0x16f367000 feature_matching.cc:217] in 0.075s
[2026-06-21 14:41:21,504][src.colmap_feature_matcher][INFO] - I20260621 14:41:21.504368 0x16f367000 pairing.cc:473] Processing image [2/8]
[2026-06-21 14:41:21,563][src.colmap_feature_matcher][INFO] - I20260621 14:41:21.563310 0x16f367000 feature_matching.cc:217] in 0.059s
[2026-06-21 14:41:21,563][src.colmap_feature_matcher][INFO] - I20260621 14:41:21.563318 0x16f367000 pairing.cc:473] Processing image [3/8]
[2026-06-21 14:41:21,624][src.colmap_feature_matcher][INFO] - I20260621 14:41:21.624546 0x16f367000 feature_matching.cc:217] in 0.061s
[2026-06-21 14:41:21,624][src.colmap_feature_matcher][INFO] - I20260621 14:41:21.624554 0x16f367000 pairing.cc:473] Processing image [4/8]
[2026-06-21 14:41:21,697][src.colmap_feature_matcher][INFO] - I20260621 14:41:21.697558 0x16f367000 feature_matching.cc:217] in 0.073s
[2026-06-21 14:41:21,697][src.colmap_feature_matcher][INFO] - I20260621 14:41:21.697565 0x16f367000 pairing.cc:473] Processing image [5/8]
[2026-06-21 14:41:21,728][src.colmap_feature_matcher][INFO] - I20260621 14:41:21.728888 0x16f367000 feature_matching.cc:217] in 0.031s
[2026-06-21 14:41:21,728][src.colmap_feature_matcher][INFO] - I20260621 14:41:21.728893 0x16f367000 pairing.cc:473] Processing image [6/8]
[2026-06-21 14:41:21,769][src.colmap_feature_matcher][INFO] - I20260621 14:41:21.769582 0x16f367000 feature_matching.cc:217] in 0.041s
[2026-06-21 14:41:21,769][src.colmap_feature_matcher][INFO] - I20260621 14:41:21.769587 0x16f367000 pairing.cc:473] Processing image [7/8]
[2026-06-21 14:41:21,791][src.colmap_feature_matcher][INFO] - I20260621 14:41:21.791506 0x16f367000 feature_matching.cc:217] in 0.022s
[2026-06-21 14:41:21,791][src.colmap_feature_matcher][INFO] - I20260621 14:41:21.791509 0x16f367000 pairing.cc:473] Processing image [8/8]
[2026-06-21 14:41:21,791][src.colmap_feature_matcher][INFO] - I20260621 14:41:21.791511 0x16f367000 feature_matching.cc:217] in 0.000s
[2026-06-21 14:41:21,791][src.colmap_feature_matcher][INFO] - I20260621 14:41:21.791513 0x16f367000 timer.cc:90] Elapsed time: 0.007 [minutes]
[2026-06-21 14:41:21,799][src.colmap_feature_matcher][INFO] - Feature matching completed successfully
[2026-06-21 14:41:21,799][__main__][INFO] - ✓ Feature matching completed
[2026-06-21 14:41:21,799][__main__][INFO] - ============================================================
[2026-06-21 14:41:21,799][__main__][INFO] - STEP 4: Sparse Reconstruction
[2026-06-21 14:41:21,799][__main__][INFO] - ============================================================
[2026-06-21 14:41:21,800][src.colmap_mapper][INFO] - Performing sparse reconstruction
[2026-06-21 14:41:21,800][src.colmap_mapper][INFO] - Database: /Users/bc/brendanchambers/2026-06-18-iphone-video-to-splat/data/intermediates/teensy/colmap_sfm_camera_model/database.db
[2026-06-21 14:41:21,800][src.colmap_mapper][INFO] - Images: /Users/bc/brendanchambers/2026-06-18-iphone-video-to-splat/data/intermediates/teensy/colmap_sfm_camera_model/images
[2026-06-21 14:41:21,800][src.colmap_mapper][INFO] - Output: /Users/bc/brendanchambers/2026-06-18-iphone-video-to-splat/data/intermediates/teensy/colmap_sfm_camera_model/sparse
[2026-06-21 14:41:21,800][src.colmap_mapper][INFO] - Running: colmap mapper
[2026-06-21 14:41:21,849][src.colmap_mapper][INFO] - I20260621 14:41:21.849186 0x1fde420c0 incremental_pipeline.cc:278] Loading database
[2026-06-21 14:41:21,849][src.colmap_mapper][INFO] - I20260621 14:41:21.849509 0x1fde420c0 database_cache.cc:72] Loading rigs...
[2026-06-21 14:41:21,849][src.colmap_mapper][INFO] - I20260621 14:41:21.849531 0x1fde420c0 database_cache.cc:82]  1 in 0.000s
[2026-06-21 14:41:21,849][src.colmap_mapper][INFO] - I20260621 14:41:21.849534 0x1fde420c0 database_cache.cc:90] Loading cameras...
[2026-06-21 14:41:21,849][src.colmap_mapper][INFO] - I20260621 14:41:21.849543 0x1fde420c0 database_cache.cc:108]  1 in 0.000s
[2026-06-21 14:41:21,849][src.colmap_mapper][INFO] - I20260621 14:41:21.849545 0x1fde420c0 database_cache.cc:116] Loading frames...
[2026-06-21 14:41:21,849][src.colmap_mapper][INFO] - I20260621 14:41:21.849562 0x1fde420c0 database_cache.cc:126]  8 in 0.000s
[2026-06-21 14:41:21,849][src.colmap_mapper][INFO] - I20260621 14:41:21.849564 0x1fde420c0 database_cache.cc:134] Loading matches...
[2026-06-21 14:41:21,849][src.colmap_mapper][INFO] - I20260621 14:41:21.849625 0x1fde420c0 database_cache.cc:139]  17 in 0.000s
[2026-06-21 14:41:21,849][src.colmap_mapper][INFO] - I20260621 14:41:21.849627 0x1fde420c0 database_cache.cc:147] Loading images...
[2026-06-21 14:41:21,850][src.colmap_mapper][INFO] - I20260621 14:41:21.850151 0x1fde420c0 database_cache.cc:241]  8 in 0.001s (connected 8, loaded 8)
[2026-06-21 14:41:21,850][src.colmap_mapper][INFO] - I20260621 14:41:21.850155 0x1fde420c0 database_cache.cc:255] Loading pose priors...
[2026-06-21 14:41:21,850][src.colmap_mapper][INFO] - I20260621 14:41:21.850162 0x1fde420c0 database_cache.cc:263]  0 in 0.000s
[2026-06-21 14:41:21,850][src.colmap_mapper][INFO] - I20260621 14:41:21.850165 0x1fde420c0 database_cache.cc:271] Building correspondence graph...
[2026-06-21 14:41:21,850][src.colmap_mapper][INFO] - I20260621 14:41:21.850929 0x1fde420c0 database_cache.cc:300]  in 0.001s (ignored 0)
[2026-06-21 14:41:21,850][src.colmap_mapper][INFO] - I20260621 14:41:21.850933 0x1fde420c0 timer.cc:90] Elapsed time: 0.000 [minutes]
[2026-06-21 14:41:21,851][src.colmap_mapper][INFO] - I20260621 14:41:21.851028 0x1fde420c0 incremental_pipeline.cc:390] Finding good initial image pair
[2026-06-21 14:41:21,865][src.colmap_mapper][INFO] - I20260621 14:41:21.865008 0x1fde420c0 incremental_pipeline.cc:414] Registering initial image pair #2 and #4
[2026-06-21 14:41:21,865][src.colmap_mapper][INFO] - I20260621 14:41:21.865642 0x1fde420c0 incremental_pipeline.cc:432] Global bundle adjustment
[2026-06-21 14:41:21,886][src.colmap_mapper][INFO] - I20260621 14:41:21.886471 0x1fde420c0 incremental_pipeline.cc:537] Registering image #3 (num_reg_frames=2)
[2026-06-21 14:41:21,886][src.colmap_mapper][INFO] - I20260621 14:41:21.886477 0x1fde420c0 incremental_pipeline.cc:540] => Image sees 138 / 1892 points
[2026-06-21 14:41:21,933][src.colmap_mapper][INFO] - I20260621 14:41:21.933381 0x1fde420c0 incremental_pipeline.cc:79] Retriangulation and Global bundle adjustment
[2026-06-21 14:41:21,947][src.colmap_mapper][INFO] - I20260621 14:41:21.947670 0x1fde420c0 incremental_pipeline.cc:537] Registering image #6 (num_reg_frames=3)
[2026-06-21 14:41:21,947][src.colmap_mapper][INFO] - I20260621 14:41:21.947679 0x1fde420c0 incremental_pipeline.cc:540] => Image sees 495 / 2128 points
[2026-06-21 14:41:22,003][src.colmap_mapper][INFO] - I20260621 14:41:22.003871 0x1fde420c0 incremental_pipeline.cc:79] Retriangulation and Global bundle adjustment
[2026-06-21 14:41:22,026][src.colmap_mapper][INFO] - I20260621 14:41:22.026176 0x1fde420c0 incremental_pipeline.cc:537] Registering image #5 (num_reg_frames=4)
[2026-06-21 14:41:22,026][src.colmap_mapper][INFO] - I20260621 14:41:22.026183 0x1fde420c0 incremental_pipeline.cc:540] => Image sees 1052 / 2461 points
[2026-06-21 14:41:22,067][src.colmap_mapper][INFO] - I20260621 14:41:22.067823 0x1fde420c0 incremental_pipeline.cc:79] Retriangulation and Global bundle adjustment
[2026-06-21 14:41:22,099][src.colmap_mapper][INFO] - I20260621 14:41:22.099537 0x1fde420c0 incremental_pipeline.cc:537] Registering image #1 (num_reg_frames=5)
[2026-06-21 14:41:22,099][src.colmap_mapper][INFO] - I20260621 14:41:22.099544 0x1fde420c0 incremental_pipeline.cc:540] => Image sees 536 / 1825 points
[2026-06-21 14:41:22,145][src.colmap_mapper][INFO] - I20260621 14:41:22.145349 0x1fde420c0 incremental_pipeline.cc:79] Retriangulation and Global bundle adjustment
[2026-06-21 14:41:22,173][src.colmap_mapper][INFO] - I20260621 14:41:22.173885 0x1fde420c0 incremental_pipeline.cc:537] Registering image #7 (num_reg_frames=6)
[2026-06-21 14:41:22,173][src.colmap_mapper][INFO] - I20260621 14:41:22.173891 0x1fde420c0 incremental_pipeline.cc:540] => Image sees 436 / 1676 points
[2026-06-21 14:41:22,208][src.colmap_mapper][INFO] - I20260621 14:41:22.208231 0x1fde420c0 incremental_pipeline.cc:79] Retriangulation and Global bundle adjustment
[2026-06-21 14:41:22,243][src.colmap_mapper][INFO] - I20260621 14:41:22.243499 0x1fde420c0 incremental_pipeline.cc:537] Registering image #8 (num_reg_frames=7)
[2026-06-21 14:41:22,243][src.colmap_mapper][INFO] - I20260621 14:41:22.243506 0x1fde420c0 incremental_pipeline.cc:540] => Image sees 480 / 1376 points
[2026-06-21 14:41:22,274][src.colmap_mapper][INFO] - I20260621 14:41:22.274271 0x1fde420c0 incremental_pipeline.cc:79] Retriangulation and Global bundle adjustment
[2026-06-21 14:41:22,309][src.colmap_mapper][INFO] - I20260621 14:41:22.309139 0x1fde420c0 incremental_pipeline.cc:79] Retriangulation and Global bundle adjustment
[2026-06-21 14:41:22,317][src.colmap_mapper][INFO] - I20260621 14:41:22.317944 0x1fde420c0 incremental_pipeline.cc:723] Keeping successful reconstruction
[2026-06-21 14:41:22,320][src.colmap_mapper][INFO] - I20260621 14:41:22.320218 0x1fde420c0 timer.cc:90] Elapsed time: 0.008 [minutes]
[2026-06-21 14:41:22,323][src.colmap_mapper][INFO] - Sparse reconstruction completed successfully
[2026-06-21 14:41:22,323][__main__][INFO] - ✓ Sparse reconstruction completed
[2026-06-21 14:41:22,323][__main__][INFO] - ============================================================
[2026-06-21 14:41:22,323][__main__][INFO] - STEP 5: Image Undistortion
[2026-06-21 14:41:22,323][__main__][INFO] - ============================================================
[2026-06-21 14:41:22,324][src.colmap_undistorter][INFO] - Undistorting images
[2026-06-21 14:41:22,324][src.colmap_undistorter][INFO] - Input model: /Users/bc/brendanchambers/2026-06-18-iphone-video-to-splat/data/intermediates/teensy/colmap_sfm_camera_model/sparse/0
[2026-06-21 14:41:22,324][src.colmap_undistorter][INFO] - Images: /Users/bc/brendanchambers/2026-06-18-iphone-video-to-splat/data/intermediates/teensy/colmap_sfm_camera_model/images
[2026-06-21 14:41:22,324][src.colmap_undistorter][INFO] - Output: /Users/bc/brendanchambers/2026-06-18-iphone-video-to-splat/data/intermediates/teensy/colmap_sfm_linearized
[2026-06-21 14:41:22,324][src.colmap_undistorter][INFO] - Running: colmap image_undistorter
[2026-06-21 14:41:22,370][src.colmap_undistorter][INFO] - I20260621 14:41:22.369798 0x1fde420c0 image.cc:368] === Reading reconstruction ===
[2026-06-21 14:41:22,372][src.colmap_undistorter][INFO] - I20260621 14:41:22.372126 0x1fde420c0 image.cc:371] => Reconstruction with 8 images and 2190 points
[2026-06-21 14:41:22,372][src.colmap_undistorter][INFO] - I20260621 14:41:22.372134 0x1fde420c0 undistorters.cc:166] === Image undistortion ===
[2026-06-21 14:41:22,372][src.colmap_undistorter][INFO] - I20260621 14:41:22.372377 0x1fde420c0 undistorters.cc:205] Undistorting image [1/8]
[2026-06-21 14:41:22,948][src.colmap_undistorter][INFO] - I20260621 14:41:22.948554 0x1fde420c0 undistorters.cc:205] Undistorting image [2/8]
[2026-06-21 14:41:22,970][src.colmap_undistorter][INFO] - I20260621 14:41:22.970874 0x1fde420c0 undistorters.cc:205] Undistorting image [3/8]
[2026-06-21 14:41:22,971][src.colmap_undistorter][INFO] - I20260621 14:41:22.971490 0x1fde420c0 undistorters.cc:205] Undistorting image [4/8]
[2026-06-21 14:41:22,971][src.colmap_undistorter][INFO] - I20260621 14:41:22.971496 0x1fde420c0 undistorters.cc:205] Undistorting image [5/8]
[2026-06-21 14:41:22,971][src.colmap_undistorter][INFO] - I20260621 14:41:22.971498 0x1fde420c0 undistorters.cc:205] Undistorting image [6/8]
[2026-06-21 14:41:22,971][src.colmap_undistorter][INFO] - I20260621 14:41:22.971500 0x1fde420c0 undistorters.cc:205] Undistorting image [7/8]
[2026-06-21 14:41:22,971][src.colmap_undistorter][INFO] - I20260621 14:41:22.971501 0x1fde420c0 undistorters.cc:205] Undistorting image [8/8]
[2026-06-21 14:41:22,990][src.colmap_undistorter][INFO] - I20260621 14:41:22.990201 0x1fde420c0 undistorters.cc:213] Writing reconstruction...
[2026-06-21 14:41:22,994][src.colmap_undistorter][INFO] - I20260621 14:41:22.994694 0x1fde420c0 undistorters.cc:218] Writing configuration...
[2026-06-21 14:41:22,994][src.colmap_undistorter][INFO] - I20260621 14:41:22.994819 0x1fde420c0 undistorters.cc:222] Writing scripts...
[2026-06-21 14:41:22,994][src.colmap_undistorter][INFO] - I20260621 14:41:22.994913 0x1fde420c0 timer.cc:90] Elapsed time: 0.010 [minutes]
[2026-06-21 14:41:22,998][src.colmap_undistorter][INFO] - Image undistortion completed successfully
[2026-06-21 14:41:22,999][__main__][INFO] - ✓ Image undistortion completed
[2026-06-21 14:41:22,999][__main__][INFO] - ============================================================
[2026-06-21 14:41:22,999][__main__][INFO] - STEP 6: OpenSplat Training
[2026-06-21 14:41:22,999][__main__][INFO] - ============================================================
[2026-06-21 14:41:23,000][src.opensplat_trainer][INFO] - Training 3D Gaussian Splat
[2026-06-21 14:41:23,000][src.opensplat_trainer][INFO] - Sparse model: /Users/bc/brendanchambers/2026-06-18-iphone-video-to-splat/data/intermediates/teensy/colmap_sfm_linearized/sparse
[2026-06-21 14:41:23,000][src.opensplat_trainer][INFO] - Images: /Users/bc/brendanchambers/2026-06-18-iphone-video-to-splat/data/intermediates/teensy/colmap_sfm_linearized/images
[2026-06-21 14:41:23,000][src.opensplat_trainer][INFO] - Output PLY: /Users/bc/brendanchambers/2026-06-18-iphone-video-to-splat/data/intermediates/teensy/colmap_sfm_linearized/splats/teensy_20260621_1441.ply
[2026-06-21 14:41:23,000][src.opensplat_trainer][INFO] - Loss log: /Users/bc/brendanchambers/2026-06-18-iphone-video-to-splat/data/intermediates/teensy/colmap_sfm_linearized/splats/training-metrics_20260621_1441.jsonl
[2026-06-21 14:41:23,000][src.opensplat_trainer][INFO] - Running: opensplat
[2026-06-21 14:41:23,137][src.opensplat_trainer][INFO] - Using MPS
[2026-06-21 14:41:23,139][src.opensplat_trainer][INFO] - Reading 2190 points
[2026-06-21 14:41:23,139][src.opensplat_trainer][INFO] - Loading /Users/bc/brendanchambers/2026-06-18-iphone-video-to-splat/data/intermediates/teensy/colmap_sfm_linearized/images/frame_0001.jpgLoading /Users/bc/brendanchambers/2026-06-18-iphone-video-to-splat/data/intermediates/teensy/colmap_sfm_linearized/images/frame_0002.jpg
[2026-06-21 14:41:23,139][src.opensplat_trainer][INFO] - 
[2026-06-21 14:41:23,140][src.opensplat_trainer][INFO] - Loading /Users/bc/brendanchambers/2026-06-18-iphone-video-to-splat/data/intermediates/teensy/colmap_sfm_linearized/images/frame_0004.jpgLoading Loading
[2026-06-21 14:41:23,140][src.opensplat_trainer][INFO] - Loading /Users/bc/brendanchambers/2026-06-18-iphone-video-to-splat/data/intermediates/teensy/colmap_sfm_linearized/images/frame_0007.jpg
[2026-06-21 14:41:23,140][src.opensplat_trainer][INFO] - Loading /Users/bc/brendanchambers/2026-06-18-iphone-video-to-splat/data/intermediates/teensy/colmap_sfm_linearized/images/frame_0003.jpg
[2026-06-21 14:41:23,140][src.opensplat_trainer][INFO] - /Users/bc/brendanchambers/2026-06-18-iphone-video-to-splat/data/intermediates/teensy/colmap_sfm_linearized/images/frame_0006.jpg
[2026-06-21 14:41:23,140][src.opensplat_trainer][INFO] - /Users/bc/brendanchambers/2026-06-18-iphone-video-to-splat/data/intermediates/teensy/colmap_sfm_linearized/images/frame_0005.jpgLoading /Users/bc/brendanchambers/2026-06-18-iphone-video-to-splat/data/intermediates/teensy/colmap_sfm_linearized/images/frame_0008.jpg
[2026-06-21 14:41:23,140][src.opensplat_trainer][INFO] - 
[2026-06-21 14:41:23,524][src.opensplat_trainer][INFO] - init_gsplat_metal_context: loading '/Users/bc/brendanchambers/2026-06-18-iphone-video-to-splat/opensplat/build/default.metallib'
[2026-06-21 14:41:23,524][src.opensplat_trainer][INFO] - init_gsplat_metal_context: loaded '/Users/bc/brendanchambers/2026-06-18-iphone-video-to-splat/opensplat/build/default.metallib', functions: compute_cov2d_bounds_kernel, project_gaussians_backward_kernel, get_tile_bin_edges_kernel, rasterize_backward_kernel, map_gaussian_to_intersects_kernel, nd_rasterize_backward_kernel, project_gaussians_forward_kernel, compute_sh_backward_kernel, compute_sh_forward_kernel, nd_rasterize_forward_kernel
[2026-06-21 14:41:23,524][src.opensplat_trainer][INFO] - init_gsplat_metal_context: load function nd_rasterize_backward_kernel with label: (null)
[2026-06-21 14:41:23,524][src.opensplat_trainer][INFO] - init_gsplat_metal_context: load function nd_rasterize_forward_kernel with label: (null)
[2026-06-21 14:41:23,524][src.opensplat_trainer][INFO] - init_gsplat_metal_context: load function rasterize_backward_kernel with label: (null)
[2026-06-21 14:41:23,524][src.opensplat_trainer][INFO] - init_gsplat_metal_context: load function project_gaussians_forward_kernel with label: (null)
[2026-06-21 14:41:23,524][src.opensplat_trainer][INFO] - init_gsplat_metal_context: load function project_gaussians_backward_kernel with label: (null)
[2026-06-21 14:41:23,524][src.opensplat_trainer][INFO] - init_gsplat_metal_context: load function compute_sh_forward_kernel with label: (null)
[2026-06-21 14:41:23,524][src.opensplat_trainer][INFO] - init_gsplat_metal_context: load function compute_sh_backward_kernel with label: (null)
[2026-06-21 14:41:23,524][src.opensplat_trainer][INFO] - init_gsplat_metal_context: load function compute_cov2d_bounds_kernel with label: (null)
[2026-06-21 14:41:23,524][src.opensplat_trainer][INFO] - init_gsplat_metal_context: load function map_gaussian_to_intersects_kernel with label: (null)
[2026-06-21 14:41:23,524][src.opensplat_trainer][INFO] - init_gsplat_metal_context: load function get_tile_bin_edges_kernel with label: (null)
[2026-06-21 14:41:23,524][src.opensplat_trainer][INFO] - Step 10: 0.335797 (20%)
[2026-06-21 14:41:23,738][src.opensplat_trainer][INFO] - Step 20: 0.31621 (40%)
[2026-06-21 14:41:23,936][src.opensplat_trainer][INFO] - Step 30: 0.283826 (60%)
[2026-06-21 14:41:24,119][src.opensplat_trainer][INFO] - Step 40: 0.301208 (80%)
[2026-06-21 14:41:24,335][src.opensplat_trainer][INFO] - Step 50: 0.302695 (100%)
[2026-06-21 14:41:24,349][src.opensplat_trainer][INFO] - Wrote /Users/bc/brendanchambers/2026-06-18-iphone-video-to-splat/data/intermediates/teensy/colmap_sfm_linearized/splats/cameras.json
[2026-06-21 14:41:24,356][src.opensplat_trainer][INFO] - Wrote /Users/bc/brendanchambers/2026-06-18-iphone-video-to-splat/data/intermediates/teensy/colmap_sfm_linearized/splats/teensy_20260621_1441.ply
[2026-06-21 14:41:24,369][src.opensplat_trainer][INFO] - /Users/bc/brendanchambers/2026-06-18-iphone-video-to-splat/data/intermediates/teensy/colmap_sfm_linearized/images/frame_0001.jpg validation loss: 0.34494
[2026-06-21 14:41:24,419][src.opensplat_trainer][INFO] - Parsed 5 training loss values to /Users/bc/brendanchambers/2026-06-18-iphone-video-to-splat/data/intermediates/teensy/colmap_sfm_linearized/splats/training-metrics_20260621_1441.jsonl
[2026-06-21 14:41:24,419][src.opensplat_trainer][INFO] - Training completed successfully
[2026-06-21 14:41:24,419][src.opensplat_trainer][INFO] - Output saved to: /Users/bc/brendanchambers/2026-06-18-iphone-video-to-splat/data/intermediates/teensy/colmap_sfm_linearized/splats/teensy_20260621_1441.ply
[2026-06-21 14:41:24,419][__main__][INFO] - ✓ Splat training completed
[2026-06-21 14:41:24,419][__main__][INFO] - ============================================================
[2026-06-21 14:41:24,419][__main__][INFO] - Analyzing Training Loss
[2026-06-21 14:41:24,419][__main__][INFO] - ============================================================
[2026-06-21 14:41:24,663][__main__][INFO] - 
[2026-06-21 14:41:24,663][__main__][INFO] - ╔==========================================================╗
[2026-06-21 14:41:24,663][__main__][INFO] - ║                    Pipeline Complete!                    ║
[2026-06-21 14:41:24,663][__main__][INFO] - ╚==========================================================╝
[2026-06-21 14:41:24,664][__main__][INFO] - Output directory: /Users/bc/brendanchambers/2026-06-18-iphone-video-to-splat/data/intermediates/teensy/colmap_sfm_linearized/splats
[2026-06-21 14:41:24,664][__main__][INFO] -   - PLY file: *.ply (3D Gaussian Splat)
[2026-06-21 14:41:24,664][__main__][INFO] -   - Loss log: *.jsonl (Training loss per step)
