=========================================================
--> Step 1: Extracting frames using ffmpeg...
ffmpeg version 8.1.2 Copyright (c) 2000-2026 the FFmpeg developers
  built with Apple clang version 17.0.0 (clang-1700.6.4.2)
  configuration: --prefix=/opt/homebrew/Cellar/ffmpeg/8.1.2 --enable-shared --enable-pthreads --enable-version3 --cc=clang --host-cflags= --host-ldflags= --enable-ffplay --enable-gpl --enable-libsvtav1 --enable-libopus --enable-libx264 --enable-libmp3lame --enable-libdav1d --enable-libvmaf --enable-libvpx --enable-libx265 --enable-openssl --enable-videotoolbox --enable-audiotoolbox --enable-neon
  libavutil      60. 26.102 / 60. 26.102
  libavcodec     62. 28.102 / 62. 28.102
  libavformat    62. 12.102 / 62. 12.102
  libavdevice    62.  3.102 / 62.  3.102
  libavfilter    11. 14.102 / 11. 14.102
  libswscale      9.  5.102 /  9.  5.102
  libswresample   6.  3.102 /  6.  3.102
Input #0, mov,mp4,m4a,3gp,3g2,mj2, from './data/incoming/gardenbed_2026-06-17.mov':
  Metadata:
    major_brand     : qt  
    minor_version   : 0
    compatible_brands: qt  
    creation_time   : 2026-06-17T23:07:41.000000Z
    com.apple.quicktime.full-frame-rate-playback-intent: 0
    com.apple.quicktime.make: Apple
    com.apple.quicktime.model: iPhone SE (3rd generation)
    com.apple.quicktime.software: 26.3.1
    com.apple.quicktime.creationdate: 2026-06-17T19:07:41-0400
  Duration: 00:01:01.87, start: 0.000000, bitrate: 10219 kb/s
  Stream #0:0[0x1](und): Video: hevc (Main) (hvc1 / 0x31637668), yuv420p(tv, bt709), 1920x1080, 9983 kb/s, 29.64 fps, 29.67 tbr, 600 tbn (default)
    Metadata:
      creation_time   : 2026-06-17T23:07:41.000000Z
      handler_name    : Core Media Video
      vendor_id       : [0][0][0][0]
      encoder         : HEVC
    Side data:
      Display Matrix: rotation of -90.00 degrees
  Stream #0:1[0x2](und): Audio: aac (LC) (mp4a / 0x6134706D), 48000 Hz, stereo, fltp, 185 kb/s (default)
    Metadata:
      creation_time   : 2026-06-17T23:07:41.000000Z
      handler_name    : Core Media Audio
      vendor_id       : [0][0][0][0]
  Stream #0:2[0x3](und): Data: none (mebx / 0x7862656D), 0 kb/s (default)
    Metadata:
      creation_time   : 2026-06-17T23:07:41.000000Z
      handler_name    : Core Media Metadata
  Stream #0:3[0x4](und): Data: none (mebx / 0x7862656D), 0 kb/s (default)
    Metadata:
      creation_time   : 2026-06-17T23:07:41.000000Z
      handler_name    : Core Media Metadata
  Stream #0:4[0x5](und): Data: none (mebx / 0x7862656D), 34 kb/s (default)
    Metadata:
      creation_time   : 2026-06-17T23:07:41.000000Z
      handler_name    : Core Media Metadata
  Stream #0:5[0x6](und): Data: none (mebx / 0x7862656D), 0 kb/s (default)
    Metadata:
      creation_time   : 2026-06-17T23:07:41.000000Z
      handler_name    : Core Media Metadata
Stream mapping:
  Stream #0:0 -> #0:0 (hevc (native) -> mjpeg (native))
Press [q] to stop, [?] for help
Output #0, image2, to '/Users/bc/brendanchambers/2026-06-18-iphone-video-to-splat/data/intermediates/gardenbed_full_scene_max-num-features-32_type-sift_bruteforce/images/frame_%04d.jpg':
  Metadata:
    major_brand     : qt  
    minor_version   : 0
    compatible_brands: qt  
    com.apple.quicktime.creationdate: 2026-06-17T19:07:41-0400
    com.apple.quicktime.full-frame-rate-playback-intent: 0
    com.apple.quicktime.make: Apple
    com.apple.quicktime.model: iPhone SE (3rd generation)
    com.apple.quicktime.software: 26.3.1
    encoder         : Lavf62.12.102
  Stream #0:0(und): Video: mjpeg, yuv420p(pc, bt709, progressive), 1080x1920, q=2-31, 200 kb/s, 2 fps, 2 tbn (default)
    Metadata:
      encoder         : Lavc62.28.102 mjpeg
      creation_time   : 2026-06-17T23:07:41.000000Z
      handler_name    : Core Media Video
      vendor_id       : [0][0][0][0]
    Side data:
      CPB properties: bitrate max/min/avg: 0/0/200000 buffer size: 0 vbv_delay: N/A
frame=   15 fps=0.0 q=2.0 size=N/A time=00:00:07.50 bitrate=N/A speed=14.9x elapsed=0:00:00.50    frame=   34 fps= 34 q=2.0 size=N/A time=00:00:17.00 bitrate=N/A speed=16.9x elapsed=0:00:01.00    frame=   53 fps= 35 q=2.0 size=N/A time=00:00:26.50 bitrate=N/A speed=17.5x elapsed=0:00:01.51    frame=   73 fps= 36 q=2.0 size=N/A time=00:00:36.50 bitrate=N/A speed=18.1x elapsed=0:00:02.02    frame=   90 fps= 36 q=2.0 size=N/A time=00:00:45.00 bitrate=N/A speed=17.8x elapsed=0:00:02.52    frame=  107 fps= 35 q=2.0 size=N/A time=00:00:53.50 bitrate=N/A speed=17.7x elapsed=0:00:03.02    [out#0/image2 @ 0x1288096c0] video:92965KiB audio:0KiB subtitle:0KiB other streams:0KiB global headers:0KiB muxing overhead: unknown
frame=  124 fps= 36 q=2.0 Lsize=N/A time=00:01:02.00 bitrate=N/A speed=17.8x elapsed=0:00:03.47    
--> Step 2: Extracting image features (max_num_features=32)...
I20260619 21:03:28.171101 0x16bc37000 feature_extraction.cc:504] === Feature extraction ===
I20260619 21:03:28.186947 0x16c23b000 sift.cc:757] Creating SIFT GPU feature extractor
I20260619 21:03:28.324428 0x16c2c7000 feature_extraction.cc:282] Processed file [1/124]
I20260619 21:03:28.324444 0x16c2c7000 feature_extraction.cc:285]   Name:            frame_0001.jpg
I20260619 21:03:28.324446 0x16c2c7000 feature_extraction.cc:294]   Dimensions:      1080 x 1920
I20260619 21:03:28.324448 0x16c2c7000 feature_extraction.cc:297]   Camera:          #1 - RADIAL
I20260619 21:03:28.324450 0x16c2c7000 feature_extraction.cc:300]   Focal Length:    2304.00px
I20260619 21:03:28.324453 0x16c2c7000 feature_extraction.cc:304]   Features:        37 (SIFT)
I20260619 21:03:28.380271 0x16c2c7000 feature_extraction.cc:282] Processed file [2/124]
I20260619 21:03:28.380289 0x16c2c7000 feature_extraction.cc:285]   Name:            frame_0002.jpg
I20260619 21:03:28.380291 0x16c2c7000 feature_extraction.cc:294]   Dimensions:      1080 x 1920
I20260619 21:03:28.380293 0x16c2c7000 feature_extraction.cc:297]   Camera:          #1 - RADIAL
I20260619 21:03:28.380295 0x16c2c7000 feature_extraction.cc:300]   Focal Length:    2304.00px
I20260619 21:03:28.380298 0x16c2c7000 feature_extraction.cc:304]   Features:        37 (SIFT)
I20260619 21:03:28.426318 0x16c2c7000 feature_extraction.cc:282] Processed file [3/124]
I20260619 21:03:28.426344 0x16c2c7000 feature_extraction.cc:285]   Name:            frame_0003.jpg
I20260619 21:03:28.426349 0x16c2c7000 feature_extraction.cc:294]   Dimensions:      1080 x 1920
I20260619 21:03:28.426352 0x16c2c7000 feature_extraction.cc:297]   Camera:          #1 - RADIAL
I20260619 21:03:28.426355 0x16c2c7000 feature_extraction.cc:300]   Focal Length:    2304.00px
I20260619 21:03:28.426360 0x16c2c7000 feature_extraction.cc:304]   Features:        36 (SIFT)
I20260619 21:03:28.474141 0x16c2c7000 feature_extraction.cc:282] Processed file [4/124]
I20260619 21:03:28.474169 0x16c2c7000 feature_extraction.cc:285]   Name:            frame_0004.jpg
I20260619 21:03:28.474172 0x16c2c7000 feature_extraction.cc:294]   Dimensions:      1080 x 1920
I20260619 21:03:28.474173 0x16c2c7000 feature_extraction.cc:297]   Camera:          #1 - RADIAL
I20260619 21:03:28.474176 0x16c2c7000 feature_extraction.cc:300]   Focal Length:    2304.00px
I20260619 21:03:28.474179 0x16c2c7000 feature_extraction.cc:304]   Features:        45 (SIFT)
I20260619 21:03:28.519859 0x16c2c7000 feature_extraction.cc:282] Processed file [5/124]
I20260619 21:03:28.519876 0x16c2c7000 feature_extraction.cc:285]   Name:            frame_0005.jpg
I20260619 21:03:28.519880 0x16c2c7000 feature_extraction.cc:294]   Dimensions:      1080 x 1920
I20260619 21:03:28.519882 0x16c2c7000 feature_extraction.cc:297]   Camera:          #1 - RADIAL
I20260619 21:03:28.519884 0x16c2c7000 feature_extraction.cc:300]   Focal Length:    2304.00px
I20260619 21:03:28.519886 0x16c2c7000 feature_extraction.cc:304]   Features:        35 (SIFT)
I20260619 21:03:28.568412 0x16c2c7000 feature_extraction.cc:282] Processed file [6/124]
I20260619 21:03:28.568429 0x16c2c7000 feature_extraction.cc:285]   Name:            frame_0006.jpg
I20260619 21:03:28.568432 0x16c2c7000 feature_extraction.cc:294]   Dimensions:      1080 x 1920
I20260619 21:03:28.568434 0x16c2c7000 feature_extraction.cc:297]   Camera:          #1 - RADIAL
I20260619 21:03:28.568436 0x16c2c7000 feature_extraction.cc:300]   Focal Length:    2304.00px
I20260619 21:03:28.568438 0x16c2c7000 feature_extraction.cc:304]   Features:        59 (SIFT)
I20260619 21:03:28.613377 0x16c2c7000 feature_extraction.cc:282] Processed file [7/124]
I20260619 21:03:28.613398 0x16c2c7000 feature_extraction.cc:285]   Name:            frame_0007.jpg
I20260619 21:03:28.613400 0x16c2c7000 feature_extraction.cc:294]   Dimensions:      1080 x 1920
I20260619 21:03:28.613402 0x16c2c7000 feature_extraction.cc:297]   Camera:          #1 - RADIAL
I20260619 21:03:28.613404 0x16c2c7000 feature_extraction.cc:300]   Focal Length:    2304.00px
I20260619 21:03:28.613407 0x16c2c7000 feature_extraction.cc:304]   Features:        39 (SIFT)
I20260619 21:03:28.657000 0x16c2c7000 feature_extraction.cc:282] Processed file [8/124]
I20260619 21:03:28.657052 0x16c2c7000 feature_extraction.cc:285]   Name:            frame_0008.jpg
I20260619 21:03:28.657055 0x16c2c7000 feature_extraction.cc:294]   Dimensions:      1080 x 1920
I20260619 21:03:28.657056 0x16c2c7000 feature_extraction.cc:297]   Camera:          #1 - RADIAL
I20260619 21:03:28.657058 0x16c2c7000 feature_extraction.cc:300]   Focal Length:    2304.00px
I20260619 21:03:28.657062 0x16c2c7000 feature_extraction.cc:304]   Features:        35 (SIFT)
I20260619 21:03:28.697493 0x16c2c7000 feature_extraction.cc:282] Processed file [9/124]
I20260619 21:03:28.697511 0x16c2c7000 feature_extraction.cc:285]   Name:            frame_0009.jpg
I20260619 21:03:28.697514 0x16c2c7000 feature_extraction.cc:294]   Dimensions:      1080 x 1920
I20260619 21:03:28.697515 0x16c2c7000 feature_extraction.cc:297]   Camera:          #1 - RADIAL
I20260619 21:03:28.697517 0x16c2c7000 feature_extraction.cc:300]   Focal Length:    2304.00px
I20260619 21:03:28.697520 0x16c2c7000 feature_extraction.cc:304]   Features:        45 (SIFT)
I20260619 21:03:28.739724 0x16c2c7000 feature_extraction.cc:282] Processed file [10/124]
I20260619 21:03:28.739741 0x16c2c7000 feature_extraction.cc:285]   Name:            frame_0010.jpg
I20260619 21:03:28.739743 0x16c2c7000 feature_extraction.cc:294]   Dimensions:      1080 x 1920
I20260619 21:03:28.739745 0x16c2c7000 feature_extraction.cc:297]   Camera:          #1 - RADIAL
I20260619 21:03:28.739747 0x16c2c7000 feature_extraction.cc:300]   Focal Length:    2304.00px
I20260619 21:03:28.739749 0x16c2c7000 feature_extraction.cc:304]   Features:        52 (SIFT)
I20260619 21:03:28.782061 0x16c2c7000 feature_extraction.cc:282] Processed file [11/124]
I20260619 21:03:28.782082 0x16c2c7000 feature_extraction.cc:285]   Name:            frame_0011.jpg
I20260619 21:03:28.782085 0x16c2c7000 feature_extraction.cc:294]   Dimensions:      1080 x 1920
I20260619 21:03:28.782087 0x16c2c7000 feature_extraction.cc:297]   Camera:          #1 - RADIAL
I20260619 21:03:28.782089 0x16c2c7000 feature_extraction.cc:300]   Focal Length:    2304.00px
I20260619 21:03:28.782092 0x16c2c7000 feature_extraction.cc:304]   Features:        46 (SIFT)
I20260619 21:03:28.823759 0x16c2c7000 feature_extraction.cc:282] Processed file [12/124]
I20260619 21:03:28.823777 0x16c2c7000 feature_extraction.cc:285]   Name:            frame_0012.jpg
I20260619 21:03:28.823779 0x16c2c7000 feature_extraction.cc:294]   Dimensions:      1080 x 1920
I20260619 21:03:28.823781 0x16c2c7000 feature_extraction.cc:297]   Camera:          #1 - RADIAL
I20260619 21:03:28.823783 0x16c2c7000 feature_extraction.cc:300]   Focal Length:    2304.00px
I20260619 21:03:28.823787 0x16c2c7000 feature_extraction.cc:304]   Features:        41 (SIFT)
I20260619 21:03:28.866705 0x16c2c7000 feature_extraction.cc:282] Processed file [13/124]
I20260619 21:03:28.866721 0x16c2c7000 feature_extraction.cc:285]   Name:            frame_0013.jpg
I20260619 21:03:28.866724 0x16c2c7000 feature_extraction.cc:294]   Dimensions:      1080 x 1920
I20260619 21:03:28.866725 0x16c2c7000 feature_extraction.cc:297]   Camera:          #1 - RADIAL
I20260619 21:03:28.866727 0x16c2c7000 feature_extraction.cc:300]   Focal Length:    2304.00px
I20260619 21:03:28.866736 0x16c2c7000 feature_extraction.cc:304]   Features:        36 (SIFT)
I20260619 21:03:28.906255 0x16c2c7000 feature_extraction.cc:282] Processed file [14/124]
I20260619 21:03:28.906271 0x16c2c7000 feature_extraction.cc:285]   Name:            frame_0014.jpg
I20260619 21:03:28.906273 0x16c2c7000 feature_extraction.cc:294]   Dimensions:      1080 x 1920
I20260619 21:03:28.906274 0x16c2c7000 feature_extraction.cc:297]   Camera:          #1 - RADIAL
I20260619 21:03:28.906276 0x16c2c7000 feature_extraction.cc:300]   Focal Length:    2304.00px
I20260619 21:03:28.906278 0x16c2c7000 feature_extraction.cc:304]   Features:        41 (SIFT)
I20260619 21:03:28.949167 0x16c2c7000 feature_extraction.cc:282] Processed file [15/124]
I20260619 21:03:28.949201 0x16c2c7000 feature_extraction.cc:285]   Name:            frame_0015.jpg
I20260619 21:03:28.949266 0x16c2c7000 feature_extraction.cc:294]   Dimensions:      1080 x 1920
I20260619 21:03:28.949274 0x16c2c7000 feature_extraction.cc:297]   Camera:          #1 - RADIAL
I20260619 21:03:28.949279 0x16c2c7000 feature_extraction.cc:300]   Focal Length:    2304.00px
I20260619 21:03:28.949284 0x16c2c7000 feature_extraction.cc:304]   Features:        33 (SIFT)
I20260619 21:03:29.000508 0x16c2c7000 feature_extraction.cc:282] Processed file [16/124]
I20260619 21:03:29.000535 0x16c2c7000 feature_extraction.cc:285]   Name:            frame_0016.jpg
I20260619 21:03:29.000539 0x16c2c7000 feature_extraction.cc:294]   Dimensions:      1080 x 1920
I20260619 21:03:29.000541 0x16c2c7000 feature_extraction.cc:297]   Camera:          #1 - RADIAL
I20260619 21:03:29.000543 0x16c2c7000 feature_extraction.cc:300]   Focal Length:    2304.00px
I20260619 21:03:29.000547 0x16c2c7000 feature_extraction.cc:304]   Features:        41 (SIFT)
I20260619 21:03:29.050689 0x16c2c7000 feature_extraction.cc:282] Processed file [17/124]
I20260619 21:03:29.050729 0x16c2c7000 feature_extraction.cc:285]   Name:            frame_0017.jpg
I20260619 21:03:29.050733 0x16c2c7000 feature_extraction.cc:294]   Dimensions:      1080 x 1920
I20260619 21:03:29.050736 0x16c2c7000 feature_extraction.cc:297]   Camera:          #1 - RADIAL
I20260619 21:03:29.050741 0x16c2c7000 feature_extraction.cc:300]   Focal Length:    2304.00px
I20260619 21:03:29.050788 0x16c2c7000 feature_extraction.cc:304]   Features:        35 (SIFT)
I20260619 21:03:29.104121 0x16c2c7000 feature_extraction.cc:282] Processed file [18/124]
I20260619 21:03:29.104146 0x16c2c7000 feature_extraction.cc:285]   Name:            frame_0018.jpg
I20260619 21:03:29.104148 0x16c2c7000 feature_extraction.cc:294]   Dimensions:      1080 x 1920
I20260619 21:03:29.104150 0x16c2c7000 feature_extraction.cc:297]   Camera:          #1 - RADIAL
I20260619 21:03:29.104152 0x16c2c7000 feature_extraction.cc:300]   Focal Length:    2304.00px
I20260619 21:03:29.104155 0x16c2c7000 feature_extraction.cc:304]   Features:        40 (SIFT)
I20260619 21:03:29.181549 0x16c2c7000 feature_extraction.cc:282] Processed file [19/124]
I20260619 21:03:29.181640 0x16c2c7000 feature_extraction.cc:285]   Name:            frame_0019.jpg
I20260619 21:03:29.181651 0x16c2c7000 feature_extraction.cc:294]   Dimensions:      1080 x 1920
I20260619 21:03:29.181655 0x16c2c7000 feature_extraction.cc:297]   Camera:          #1 - RADIAL
I20260619 21:03:29.181659 0x16c2c7000 feature_extraction.cc:300]   Focal Length:    2304.00px
I20260619 21:03:29.181664 0x16c2c7000 feature_extraction.cc:304]   Features:        40 (SIFT)
I20260619 21:03:29.226971 0x16c2c7000 feature_extraction.cc:282] Processed file [20/124]
I20260619 21:03:29.226991 0x16c2c7000 feature_extraction.cc:285]   Name:            frame_0020.jpg
I20260619 21:03:29.226994 0x16c2c7000 feature_extraction.cc:294]   Dimensions:      1080 x 1920
I20260619 21:03:29.226997 0x16c2c7000 feature_extraction.cc:297]   Camera:          #1 - RADIAL
I20260619 21:03:29.226999 0x16c2c7000 feature_extraction.cc:300]   Focal Length:    2304.00px
I20260619 21:03:29.227002 0x16c2c7000 feature_extraction.cc:304]   Features:        64 (SIFT)
I20260619 21:03:29.269780 0x16c2c7000 feature_extraction.cc:282] Processed file [21/124]
I20260619 21:03:29.269795 0x16c2c7000 feature_extraction.cc:285]   Name:            frame_0021.jpg
I20260619 21:03:29.269798 0x16c2c7000 feature_extraction.cc:294]   Dimensions:      1080 x 1920
I20260619 21:03:29.269799 0x16c2c7000 feature_extraction.cc:297]   Camera:          #1 - RADIAL
I20260619 21:03:29.269801 0x16c2c7000 feature_extraction.cc:300]   Focal Length:    2304.00px
I20260619 21:03:29.269804 0x16c2c7000 feature_extraction.cc:304]   Features:        39 (SIFT)
I20260619 21:03:29.314508 0x16c2c7000 feature_extraction.cc:282] Processed file [22/124]
I20260619 21:03:29.314530 0x16c2c7000 feature_extraction.cc:285]   Name:            frame_0022.jpg
I20260619 21:03:29.314532 0x16c2c7000 feature_extraction.cc:294]   Dimensions:      1080 x 1920
I20260619 21:03:29.314554 0x16c2c7000 feature_extraction.cc:297]   Camera:          #1 - RADIAL
I20260619 21:03:29.314557 0x16c2c7000 feature_extraction.cc:300]   Focal Length:    2304.00px
I20260619 21:03:29.314560 0x16c2c7000 feature_extraction.cc:304]   Features:        34 (SIFT)
I20260619 21:03:29.357926 0x16c2c7000 feature_extraction.cc:282] Processed file [23/124]
I20260619 21:03:29.357941 0x16c2c7000 feature_extraction.cc:285]   Name:            frame_0023.jpg
I20260619 21:03:29.357943 0x16c2c7000 feature_extraction.cc:294]   Dimensions:      1080 x 1920
I20260619 21:03:29.357945 0x16c2c7000 feature_extraction.cc:297]   Camera:          #1 - RADIAL
I20260619 21:03:29.357948 0x16c2c7000 feature_extraction.cc:300]   Focal Length:    2304.00px
I20260619 21:03:29.357951 0x16c2c7000 feature_extraction.cc:304]   Features:        39 (SIFT)
I20260619 21:03:29.399349 0x16c2c7000 feature_extraction.cc:282] Processed file [24/124]
I20260619 21:03:29.399370 0x16c2c7000 feature_extraction.cc:285]   Name:            frame_0024.jpg
I20260619 21:03:29.399372 0x16c2c7000 feature_extraction.cc:294]   Dimensions:      1080 x 1920
I20260619 21:03:29.399374 0x16c2c7000 feature_extraction.cc:297]   Camera:          #1 - RADIAL
I20260619 21:03:29.399376 0x16c2c7000 feature_extraction.cc:300]   Focal Length:    2304.00px
I20260619 21:03:29.399379 0x16c2c7000 feature_extraction.cc:304]   Features:        37 (SIFT)
I20260619 21:03:29.445444 0x16c2c7000 feature_extraction.cc:282] Processed file [25/124]
I20260619 21:03:29.445462 0x16c2c7000 feature_extraction.cc:285]   Name:            frame_0025.jpg
I20260619 21:03:29.445464 0x16c2c7000 feature_extraction.cc:294]   Dimensions:      1080 x 1920
I20260619 21:03:29.445466 0x16c2c7000 feature_extraction.cc:297]   Camera:          #1 - RADIAL
I20260619 21:03:29.445468 0x16c2c7000 feature_extraction.cc:300]   Focal Length:    2304.00px
I20260619 21:03:29.445470 0x16c2c7000 feature_extraction.cc:304]   Features:        54 (SIFT)
I20260619 21:03:29.489612 0x16c2c7000 feature_extraction.cc:282] Processed file [26/124]
I20260619 21:03:29.489631 0x16c2c7000 feature_extraction.cc:285]   Name:            frame_0026.jpg
I20260619 21:03:29.489633 0x16c2c7000 feature_extraction.cc:294]   Dimensions:      1080 x 1920
I20260619 21:03:29.489637 0x16c2c7000 feature_extraction.cc:297]   Camera:          #1 - RADIAL
I20260619 21:03:29.489639 0x16c2c7000 feature_extraction.cc:300]   Focal Length:    2304.00px
I20260619 21:03:29.489641 0x16c2c7000 feature_extraction.cc:304]   Features:        39 (SIFT)
I20260619 21:03:29.530686 0x16c2c7000 feature_extraction.cc:282] Processed file [27/124]
I20260619 21:03:29.530705 0x16c2c7000 feature_extraction.cc:285]   Name:            frame_0027.jpg
I20260619 21:03:29.530708 0x16c2c7000 feature_extraction.cc:294]   Dimensions:      1080 x 1920
I20260619 21:03:29.530710 0x16c2c7000 feature_extraction.cc:297]   Camera:          #1 - RADIAL
I20260619 21:03:29.530712 0x16c2c7000 feature_extraction.cc:300]   Focal Length:    2304.00px
I20260619 21:03:29.530714 0x16c2c7000 feature_extraction.cc:304]   Features:        49 (SIFT)
I20260619 21:03:29.572661 0x16c2c7000 feature_extraction.cc:282] Processed file [28/124]
I20260619 21:03:29.572680 0x16c2c7000 feature_extraction.cc:285]   Name:            frame_0028.jpg
I20260619 21:03:29.572683 0x16c2c7000 feature_extraction.cc:294]   Dimensions:      1080 x 1920
I20260619 21:03:29.572685 0x16c2c7000 feature_extraction.cc:297]   Camera:          #1 - RADIAL
I20260619 21:03:29.572687 0x16c2c7000 feature_extraction.cc:300]   Focal Length:    2304.00px
I20260619 21:03:29.572690 0x16c2c7000 feature_extraction.cc:304]   Features:        34 (SIFT)
I20260619 21:03:29.615425 0x16c2c7000 feature_extraction.cc:282] Processed file [29/124]
I20260619 21:03:29.615448 0x16c2c7000 feature_extraction.cc:285]   Name:            frame_0029.jpg
I20260619 21:03:29.615452 0x16c2c7000 feature_extraction.cc:294]   Dimensions:      1080 x 1920
I20260619 21:03:29.615455 0x16c2c7000 feature_extraction.cc:297]   Camera:          #1 - RADIAL
I20260619 21:03:29.615458 0x16c2c7000 feature_extraction.cc:300]   Focal Length:    2304.00px
I20260619 21:03:29.615518 0x16c2c7000 feature_extraction.cc:304]   Features:        45 (SIFT)
I20260619 21:03:29.659769 0x16c2c7000 feature_extraction.cc:282] Processed file [30/124]
I20260619 21:03:29.659787 0x16c2c7000 feature_extraction.cc:285]   Name:            frame_0030.jpg
I20260619 21:03:29.659789 0x16c2c7000 feature_extraction.cc:294]   Dimensions:      1080 x 1920
I20260619 21:03:29.659791 0x16c2c7000 feature_extraction.cc:297]   Camera:          #1 - RADIAL
I20260619 21:03:29.659793 0x16c2c7000 feature_extraction.cc:300]   Focal Length:    2304.00px
I20260619 21:03:29.659796 0x16c2c7000 feature_extraction.cc:304]   Features:        45 (SIFT)
I20260619 21:03:29.703783 0x16c2c7000 feature_extraction.cc:282] Processed file [31/124]
I20260619 21:03:29.703802 0x16c2c7000 feature_extraction.cc:285]   Name:            frame_0031.jpg
I20260619 21:03:29.703804 0x16c2c7000 feature_extraction.cc:294]   Dimensions:      1080 x 1920
I20260619 21:03:29.703806 0x16c2c7000 feature_extraction.cc:297]   Camera:          #1 - RADIAL
I20260619 21:03:29.703809 0x16c2c7000 feature_extraction.cc:300]   Focal Length:    2304.00px
I20260619 21:03:29.703812 0x16c2c7000 feature_extraction.cc:304]   Features:        49 (SIFT)
I20260619 21:03:29.746601 0x16c2c7000 feature_extraction.cc:282] Processed file [32/124]
I20260619 21:03:29.746617 0x16c2c7000 feature_extraction.cc:285]   Name:            frame_0032.jpg
I20260619 21:03:29.746619 0x16c2c7000 feature_extraction.cc:294]   Dimensions:      1080 x 1920
I20260619 21:03:29.746621 0x16c2c7000 feature_extraction.cc:297]   Camera:          #1 - RADIAL
I20260619 21:03:29.746623 0x16c2c7000 feature_extraction.cc:300]   Focal Length:    2304.00px
I20260619 21:03:29.746626 0x16c2c7000 feature_extraction.cc:304]   Features:        48 (SIFT)
I20260619 21:03:29.788155 0x16c2c7000 feature_extraction.cc:282] Processed file [33/124]
I20260619 21:03:29.788174 0x16c2c7000 feature_extraction.cc:285]   Name:            frame_0033.jpg
I20260619 21:03:29.788177 0x16c2c7000 feature_extraction.cc:294]   Dimensions:      1080 x 1920
I20260619 21:03:29.788178 0x16c2c7000 feature_extraction.cc:297]   Camera:          #1 - RADIAL
I20260619 21:03:29.788180 0x16c2c7000 feature_extraction.cc:300]   Focal Length:    2304.00px
I20260619 21:03:29.788183 0x16c2c7000 feature_extraction.cc:304]   Features:        52 (SIFT)
I20260619 21:03:29.832301 0x16c2c7000 feature_extraction.cc:282] Processed file [34/124]
I20260619 21:03:29.832319 0x16c2c7000 feature_extraction.cc:285]   Name:            frame_0034.jpg
I20260619 21:03:29.832321 0x16c2c7000 feature_extraction.cc:294]   Dimensions:      1080 x 1920
I20260619 21:03:29.832322 0x16c2c7000 feature_extraction.cc:297]   Camera:          #1 - RADIAL
I20260619 21:03:29.832324 0x16c2c7000 feature_extraction.cc:300]   Focal Length:    2304.00px
I20260619 21:03:29.832327 0x16c2c7000 feature_extraction.cc:304]   Features:        36 (SIFT)
I20260619 21:03:29.874345 0x16c2c7000 feature_extraction.cc:282] Processed file [35/124]
I20260619 21:03:29.874362 0x16c2c7000 feature_extraction.cc:285]   Name:            frame_0035.jpg
I20260619 21:03:29.874364 0x16c2c7000 feature_extraction.cc:294]   Dimensions:      1080 x 1920
I20260619 21:03:29.874366 0x16c2c7000 feature_extraction.cc:297]   Camera:          #1 - RADIAL
I20260619 21:03:29.874368 0x16c2c7000 feature_extraction.cc:300]   Focal Length:    2304.00px
I20260619 21:03:29.874371 0x16c2c7000 feature_extraction.cc:304]   Features:        59 (SIFT)
I20260619 21:03:29.915909 0x16c2c7000 feature_extraction.cc:282] Processed file [36/124]
I20260619 21:03:29.915927 0x16c2c7000 feature_extraction.cc:285]   Name:            frame_0036.jpg
I20260619 21:03:29.915929 0x16c2c7000 feature_extraction.cc:294]   Dimensions:      1080 x 1920
I20260619 21:03:29.915931 0x16c2c7000 feature_extraction.cc:297]   Camera:          #1 - RADIAL
I20260619 21:03:29.915933 0x16c2c7000 feature_extraction.cc:300]   Focal Length:    2304.00px
I20260619 21:03:29.915935 0x16c2c7000 feature_extraction.cc:304]   Features:        33 (SIFT)
I20260619 21:03:29.958451 0x16c2c7000 feature_extraction.cc:282] Processed file [37/124]
I20260619 21:03:29.958470 0x16c2c7000 feature_extraction.cc:285]   Name:            frame_0037.jpg
I20260619 21:03:29.958474 0x16c2c7000 feature_extraction.cc:294]   Dimensions:      1080 x 1920
I20260619 21:03:29.958476 0x16c2c7000 feature_extraction.cc:297]   Camera:          #1 - RADIAL
I20260619 21:03:29.958478 0x16c2c7000 feature_extraction.cc:300]   Focal Length:    2304.00px
I20260619 21:03:29.958512 0x16c2c7000 feature_extraction.cc:304]   Features:        60 (SIFT)
I20260619 21:03:29.998998 0x16c2c7000 feature_extraction.cc:282] Processed file [38/124]
I20260619 21:03:29.999017 0x16c2c7000 feature_extraction.cc:285]   Name:            frame_0038.jpg
I20260619 21:03:29.999020 0x16c2c7000 feature_extraction.cc:294]   Dimensions:      1080 x 1920
I20260619 21:03:29.999022 0x16c2c7000 feature_extraction.cc:297]   Camera:          #1 - RADIAL
I20260619 21:03:29.999025 0x16c2c7000 feature_extraction.cc:300]   Focal Length:    2304.00px
I20260619 21:03:29.999028 0x16c2c7000 feature_extraction.cc:304]   Features:        39 (SIFT)
I20260619 21:03:30.041660 0x16c2c7000 feature_extraction.cc:282] Processed file [39/124]
I20260619 21:03:30.041677 0x16c2c7000 feature_extraction.cc:285]   Name:            frame_0039.jpg
I20260619 21:03:30.041679 0x16c2c7000 feature_extraction.cc:294]   Dimensions:      1080 x 1920
I20260619 21:03:30.041682 0x16c2c7000 feature_extraction.cc:297]   Camera:          #1 - RADIAL
I20260619 21:03:30.041684 0x16c2c7000 feature_extraction.cc:300]   Focal Length:    2304.00px
I20260619 21:03:30.041686 0x16c2c7000 feature_extraction.cc:304]   Features:        35 (SIFT)
I20260619 21:03:30.095098 0x16c2c7000 feature_extraction.cc:282] Processed file [40/124]
I20260619 21:03:30.095129 0x16c2c7000 feature_extraction.cc:285]   Name:            frame_0040.jpg
I20260619 21:03:30.095133 0x16c2c7000 feature_extraction.cc:294]   Dimensions:      1080 x 1920
I20260619 21:03:30.095136 0x16c2c7000 feature_extraction.cc:297]   Camera:          #1 - RADIAL
I20260619 21:03:30.095140 0x16c2c7000 feature_extraction.cc:300]   Focal Length:    2304.00px
I20260619 21:03:30.095145 0x16c2c7000 feature_extraction.cc:304]   Features:        34 (SIFT)
I20260619 21:03:30.146159 0x16c2c7000 feature_extraction.cc:282] Processed file [41/124]
I20260619 21:03:30.146187 0x16c2c7000 feature_extraction.cc:285]   Name:            frame_0041.jpg
I20260619 21:03:30.146190 0x16c2c7000 feature_extraction.cc:294]   Dimensions:      1080 x 1920
I20260619 21:03:30.146193 0x16c2c7000 feature_extraction.cc:297]   Camera:          #1 - RADIAL
I20260619 21:03:30.146197 0x16c2c7000 feature_extraction.cc:300]   Focal Length:    2304.00px
I20260619 21:03:30.146202 0x16c2c7000 feature_extraction.cc:304]   Features:        35 (SIFT)
I20260619 21:03:30.191731 0x16c2c7000 feature_extraction.cc:282] Processed file [42/124]
I20260619 21:03:30.191757 0x16c2c7000 feature_extraction.cc:285]   Name:            frame_0042.jpg
I20260619 21:03:30.191760 0x16c2c7000 feature_extraction.cc:294]   Dimensions:      1080 x 1920
I20260619 21:03:30.191763 0x16c2c7000 feature_extraction.cc:297]   Camera:          #1 - RADIAL
I20260619 21:03:30.191767 0x16c2c7000 feature_extraction.cc:300]   Focal Length:    2304.00px
I20260619 21:03:30.191772 0x16c2c7000 feature_extraction.cc:304]   Features:        46 (SIFT)
I20260619 21:03:30.236266 0x16c2c7000 feature_extraction.cc:282] Processed file [43/124]
I20260619 21:03:30.236285 0x16c2c7000 feature_extraction.cc:285]   Name:            frame_0043.jpg
I20260619 21:03:30.236288 0x16c2c7000 feature_extraction.cc:294]   Dimensions:      1080 x 1920
I20260619 21:03:30.236289 0x16c2c7000 feature_extraction.cc:297]   Camera:          #1 - RADIAL
I20260619 21:03:30.236295 0x16c2c7000 feature_extraction.cc:300]   Focal Length:    2304.00px
I20260619 21:03:30.236298 0x16c2c7000 feature_extraction.cc:304]   Features:        59 (SIFT)
I20260619 21:03:30.281735 0x16c2c7000 feature_extraction.cc:282] Processed file [44/124]
I20260619 21:03:30.281790 0x16c2c7000 feature_extraction.cc:285]   Name:            frame_0044.jpg
I20260619 21:03:30.281793 0x16c2c7000 feature_extraction.cc:294]   Dimensions:      1080 x 1920
I20260619 21:03:30.281795 0x16c2c7000 feature_extraction.cc:297]   Camera:          #1 - RADIAL
I20260619 21:03:30.281797 0x16c2c7000 feature_extraction.cc:300]   Focal Length:    2304.00px
I20260619 21:03:30.281799 0x16c2c7000 feature_extraction.cc:304]   Features:        39 (SIFT)
I20260619 21:03:30.323895 0x16c2c7000 feature_extraction.cc:282] Processed file [45/124]
I20260619 21:03:30.323921 0x16c2c7000 feature_extraction.cc:285]   Name:            frame_0045.jpg
I20260619 21:03:30.323925 0x16c2c7000 feature_extraction.cc:294]   Dimensions:      1080 x 1920
I20260619 21:03:30.323929 0x16c2c7000 feature_extraction.cc:297]   Camera:          #1 - RADIAL
I20260619 21:03:30.323934 0x16c2c7000 feature_extraction.cc:300]   Focal Length:    2304.00px
I20260619 21:03:30.323951 0x16c2c7000 feature_extraction.cc:304]   Features:        54 (SIFT)
I20260619 21:03:30.368030 0x16c2c7000 feature_extraction.cc:282] Processed file [46/124]
I20260619 21:03:30.368055 0x16c2c7000 feature_extraction.cc:285]   Name:            frame_0046.jpg
I20260619 21:03:30.368059 0x16c2c7000 feature_extraction.cc:294]   Dimensions:      1080 x 1920
I20260619 21:03:30.368062 0x16c2c7000 feature_extraction.cc:297]   Camera:          #1 - RADIAL
I20260619 21:03:30.368066 0x16c2c7000 feature_extraction.cc:300]   Focal Length:    2304.00px
I20260619 21:03:30.368071 0x16c2c7000 feature_extraction.cc:304]   Features:        41 (SIFT)
I20260619 21:03:30.411627 0x16c2c7000 feature_extraction.cc:282] Processed file [47/124]
I20260619 21:03:30.411648 0x16c2c7000 feature_extraction.cc:285]   Name:            frame_0047.jpg
I20260619 21:03:30.411651 0x16c2c7000 feature_extraction.cc:294]   Dimensions:      1080 x 1920
I20260619 21:03:30.411653 0x16c2c7000 feature_extraction.cc:297]   Camera:          #1 - RADIAL
I20260619 21:03:30.411660 0x16c2c7000 feature_extraction.cc:300]   Focal Length:    2304.00px
I20260619 21:03:30.411663 0x16c2c7000 feature_extraction.cc:304]   Features:        51 (SIFT)
I20260619 21:03:30.452399 0x16c2c7000 feature_extraction.cc:282] Processed file [48/124]
I20260619 21:03:30.452418 0x16c2c7000 feature_extraction.cc:285]   Name:            frame_0048.jpg
I20260619 21:03:30.452420 0x16c2c7000 feature_extraction.cc:294]   Dimensions:      1080 x 1920
I20260619 21:03:30.452422 0x16c2c7000 feature_extraction.cc:297]   Camera:          #1 - RADIAL
I20260619 21:03:30.452424 0x16c2c7000 feature_extraction.cc:300]   Focal Length:    2304.00px
I20260619 21:03:30.452427 0x16c2c7000 feature_extraction.cc:304]   Features:        53 (SIFT)
I20260619 21:03:30.495536 0x16c2c7000 feature_extraction.cc:282] Processed file [49/124]
I20260619 21:03:30.495553 0x16c2c7000 feature_extraction.cc:285]   Name:            frame_0049.jpg
I20260619 21:03:30.495555 0x16c2c7000 feature_extraction.cc:294]   Dimensions:      1080 x 1920
I20260619 21:03:30.495557 0x16c2c7000 feature_extraction.cc:297]   Camera:          #1 - RADIAL
I20260619 21:03:30.495559 0x16c2c7000 feature_extraction.cc:300]   Focal Length:    2304.00px
I20260619 21:03:30.495562 0x16c2c7000 feature_extraction.cc:304]   Features:        40 (SIFT)
I20260619 21:03:30.539052 0x16c2c7000 feature_extraction.cc:282] Processed file [50/124]
I20260619 21:03:30.539071 0x16c2c7000 feature_extraction.cc:285]   Name:            frame_0050.jpg
I20260619 21:03:30.539074 0x16c2c7000 feature_extraction.cc:294]   Dimensions:      1080 x 1920
I20260619 21:03:30.539076 0x16c2c7000 feature_extraction.cc:297]   Camera:          #1 - RADIAL
I20260619 21:03:30.539078 0x16c2c7000 feature_extraction.cc:300]   Focal Length:    2304.00px
I20260619 21:03:30.539081 0x16c2c7000 feature_extraction.cc:304]   Features:        34 (SIFT)
I20260619 21:03:30.578937 0x16c2c7000 feature_extraction.cc:282] Processed file [51/124]
I20260619 21:03:30.578956 0x16c2c7000 feature_extraction.cc:285]   Name:            frame_0051.jpg
I20260619 21:03:30.578958 0x16c2c7000 feature_extraction.cc:294]   Dimensions:      1080 x 1920
I20260619 21:03:30.578990 0x16c2c7000 feature_extraction.cc:297]   Camera:          #1 - RADIAL
I20260619 21:03:30.578993 0x16c2c7000 feature_extraction.cc:300]   Focal Length:    2304.00px
I20260619 21:03:30.578996 0x16c2c7000 feature_extraction.cc:304]   Features:        48 (SIFT)
I20260619 21:03:30.621447 0x16c2c7000 feature_extraction.cc:282] Processed file [52/124]
I20260619 21:03:30.621464 0x16c2c7000 feature_extraction.cc:285]   Name:            frame_0052.jpg
I20260619 21:03:30.621467 0x16c2c7000 feature_extraction.cc:294]   Dimensions:      1080 x 1920
I20260619 21:03:30.621468 0x16c2c7000 feature_extraction.cc:297]   Camera:          #1 - RADIAL
I20260619 21:03:30.621470 0x16c2c7000 feature_extraction.cc:300]   Focal Length:    2304.00px
I20260619 21:03:30.621473 0x16c2c7000 feature_extraction.cc:304]   Features:        34 (SIFT)
I20260619 21:03:30.663910 0x16c2c7000 feature_extraction.cc:282] Processed file [53/124]
I20260619 21:03:30.663930 0x16c2c7000 feature_extraction.cc:285]   Name:            frame_0053.jpg
I20260619 21:03:30.663932 0x16c2c7000 feature_extraction.cc:294]   Dimensions:      1080 x 1920
I20260619 21:03:30.663934 0x16c2c7000 feature_extraction.cc:297]   Camera:          #1 - RADIAL
I20260619 21:03:30.663936 0x16c2c7000 feature_extraction.cc:300]   Focal Length:    2304.00px
I20260619 21:03:30.663939 0x16c2c7000 feature_extraction.cc:304]   Features:        56 (SIFT)
I20260619 21:03:30.707450 0x16c2c7000 feature_extraction.cc:282] Processed file [54/124]
I20260619 21:03:30.707467 0x16c2c7000 feature_extraction.cc:285]   Name:            frame_0054.jpg
I20260619 21:03:30.707469 0x16c2c7000 feature_extraction.cc:294]   Dimensions:      1080 x 1920
I20260619 21:03:30.707471 0x16c2c7000 feature_extraction.cc:297]   Camera:          #1 - RADIAL
I20260619 21:03:30.707473 0x16c2c7000 feature_extraction.cc:300]   Focal Length:    2304.00px
I20260619 21:03:30.707476 0x16c2c7000 feature_extraction.cc:304]   Features:        43 (SIFT)
I20260619 21:03:30.750939 0x16c2c7000 feature_extraction.cc:282] Processed file [55/124]
I20260619 21:03:30.750956 0x16c2c7000 feature_extraction.cc:285]   Name:            frame_0055.jpg
I20260619 21:03:30.750958 0x16c2c7000 feature_extraction.cc:294]   Dimensions:      1080 x 1920
I20260619 21:03:30.750959 0x16c2c7000 feature_extraction.cc:297]   Camera:          #1 - RADIAL
I20260619 21:03:30.750961 0x16c2c7000 feature_extraction.cc:300]   Focal Length:    2304.00px
I20260619 21:03:30.750964 0x16c2c7000 feature_extraction.cc:304]   Features:        38 (SIFT)
I20260619 21:03:30.792336 0x16c2c7000 feature_extraction.cc:282] Processed file [56/124]
I20260619 21:03:30.792353 0x16c2c7000 feature_extraction.cc:285]   Name:            frame_0056.jpg
I20260619 21:03:30.792355 0x16c2c7000 feature_extraction.cc:294]   Dimensions:      1080 x 1920
I20260619 21:03:30.792357 0x16c2c7000 feature_extraction.cc:297]   Camera:          #1 - RADIAL
I20260619 21:03:30.792360 0x16c2c7000 feature_extraction.cc:300]   Focal Length:    2304.00px
I20260619 21:03:30.792363 0x16c2c7000 feature_extraction.cc:304]   Features:        33 (SIFT)
I20260619 21:03:30.833426 0x16c2c7000 feature_extraction.cc:282] Processed file [57/124]
I20260619 21:03:30.833445 0x16c2c7000 feature_extraction.cc:285]   Name:            frame_0057.jpg
I20260619 21:03:30.833448 0x16c2c7000 feature_extraction.cc:294]   Dimensions:      1080 x 1920
I20260619 21:03:30.833449 0x16c2c7000 feature_extraction.cc:297]   Camera:          #1 - RADIAL
I20260619 21:03:30.833451 0x16c2c7000 feature_extraction.cc:300]   Focal Length:    2304.00px
I20260619 21:03:30.833454 0x16c2c7000 feature_extraction.cc:304]   Features:        35 (SIFT)
I20260619 21:03:30.875522 0x16c2c7000 feature_extraction.cc:282] Processed file [58/124]
I20260619 21:03:30.875541 0x16c2c7000 feature_extraction.cc:285]   Name:            frame_0058.jpg
I20260619 21:03:30.875544 0x16c2c7000 feature_extraction.cc:294]   Dimensions:      1080 x 1920
I20260619 21:03:30.875545 0x16c2c7000 feature_extraction.cc:297]   Camera:          #1 - RADIAL
I20260619 21:03:30.875566 0x16c2c7000 feature_extraction.cc:300]   Focal Length:    2304.00px
I20260619 21:03:30.875569 0x16c2c7000 feature_extraction.cc:304]   Features:        44 (SIFT)
I20260619 21:03:30.917397 0x16c2c7000 feature_extraction.cc:282] Processed file [59/124]
I20260619 21:03:30.917414 0x16c2c7000 feature_extraction.cc:285]   Name:            frame_0059.jpg
I20260619 21:03:30.917417 0x16c2c7000 feature_extraction.cc:294]   Dimensions:      1080 x 1920
I20260619 21:03:30.917419 0x16c2c7000 feature_extraction.cc:297]   Camera:          #1 - RADIAL
I20260619 21:03:30.917421 0x16c2c7000 feature_extraction.cc:300]   Focal Length:    2304.00px
I20260619 21:03:30.917427 0x16c2c7000 feature_extraction.cc:304]   Features:        39 (SIFT)
I20260619 21:03:30.959587 0x16c2c7000 feature_extraction.cc:282] Processed file [60/124]
I20260619 21:03:30.959608 0x16c2c7000 feature_extraction.cc:285]   Name:            frame_0060.jpg
I20260619 21:03:30.959612 0x16c2c7000 feature_extraction.cc:294]   Dimensions:      1080 x 1920
I20260619 21:03:30.959613 0x16c2c7000 feature_extraction.cc:297]   Camera:          #1 - RADIAL
I20260619 21:03:30.959616 0x16c2c7000 feature_extraction.cc:300]   Focal Length:    2304.00px
I20260619 21:03:30.959619 0x16c2c7000 feature_extraction.cc:304]   Features:        40 (SIFT)
I20260619 21:03:31.002640 0x16c2c7000 feature_extraction.cc:282] Processed file [61/124]
I20260619 21:03:31.002659 0x16c2c7000 feature_extraction.cc:285]   Name:            frame_0061.jpg
I20260619 21:03:31.002662 0x16c2c7000 feature_extraction.cc:294]   Dimensions:      1080 x 1920
I20260619 21:03:31.002663 0x16c2c7000 feature_extraction.cc:297]   Camera:          #1 - RADIAL
I20260619 21:03:31.002665 0x16c2c7000 feature_extraction.cc:300]   Focal Length:    2304.00px
I20260619 21:03:31.002668 0x16c2c7000 feature_extraction.cc:304]   Features:        46 (SIFT)
I20260619 21:03:31.045336 0x16c2c7000 feature_extraction.cc:282] Processed file [62/124]
I20260619 21:03:31.045352 0x16c2c7000 feature_extraction.cc:285]   Name:            frame_0062.jpg
I20260619 21:03:31.045354 0x16c2c7000 feature_extraction.cc:294]   Dimensions:      1080 x 1920
I20260619 21:03:31.045356 0x16c2c7000 feature_extraction.cc:297]   Camera:          #1 - RADIAL
I20260619 21:03:31.045358 0x16c2c7000 feature_extraction.cc:300]   Focal Length:    2304.00px
I20260619 21:03:31.045361 0x16c2c7000 feature_extraction.cc:304]   Features:        41 (SIFT)
I20260619 21:03:31.086156 0x16c2c7000 feature_extraction.cc:282] Processed file [63/124]
I20260619 21:03:31.086174 0x16c2c7000 feature_extraction.cc:285]   Name:            frame_0063.jpg
I20260619 21:03:31.086176 0x16c2c7000 feature_extraction.cc:294]   Dimensions:      1080 x 1920
I20260619 21:03:31.086179 0x16c2c7000 feature_extraction.cc:297]   Camera:          #1 - RADIAL
I20260619 21:03:31.086181 0x16c2c7000 feature_extraction.cc:300]   Focal Length:    2304.00px
I20260619 21:03:31.086184 0x16c2c7000 feature_extraction.cc:304]   Features:        48 (SIFT)
I20260619 21:03:31.132431 0x16c2c7000 feature_extraction.cc:282] Processed file [64/124]
I20260619 21:03:31.132461 0x16c2c7000 feature_extraction.cc:285]   Name:            frame_0064.jpg
I20260619 21:03:31.132465 0x16c2c7000 feature_extraction.cc:294]   Dimensions:      1080 x 1920
I20260619 21:03:31.132468 0x16c2c7000 feature_extraction.cc:297]   Camera:          #1 - RADIAL
I20260619 21:03:31.132471 0x16c2c7000 feature_extraction.cc:300]   Focal Length:    2304.00px
I20260619 21:03:31.132477 0x16c2c7000 feature_extraction.cc:304]   Features:        52 (SIFT)
I20260619 21:03:31.186607 0x16c2c7000 feature_extraction.cc:282] Processed file [65/124]
I20260619 21:03:31.186663 0x16c2c7000 feature_extraction.cc:285]   Name:            frame_0065.jpg
I20260619 21:03:31.186670 0x16c2c7000 feature_extraction.cc:294]   Dimensions:      1080 x 1920
I20260619 21:03:31.186703 0x16c2c7000 feature_extraction.cc:297]   Camera:          #1 - RADIAL
I20260619 21:03:31.186710 0x16c2c7000 feature_extraction.cc:300]   Focal Length:    2304.00px
I20260619 21:03:31.186731 0x16c2c7000 feature_extraction.cc:304]   Features:        34 (SIFT)
I20260619 21:03:31.233217 0x16c2c7000 feature_extraction.cc:282] Processed file [66/124]
I20260619 21:03:31.233251 0x16c2c7000 feature_extraction.cc:285]   Name:            frame_0066.jpg
I20260619 21:03:31.233253 0x16c2c7000 feature_extraction.cc:294]   Dimensions:      1080 x 1920
I20260619 21:03:31.233255 0x16c2c7000 feature_extraction.cc:297]   Camera:          #1 - RADIAL
I20260619 21:03:31.233258 0x16c2c7000 feature_extraction.cc:300]   Focal Length:    2304.00px
I20260619 21:03:31.233261 0x16c2c7000 feature_extraction.cc:304]   Features:        43 (SIFT)
I20260619 21:03:31.275681 0x16c2c7000 feature_extraction.cc:282] Processed file [67/124]
I20260619 21:03:31.275699 0x16c2c7000 feature_extraction.cc:285]   Name:            frame_0067.jpg
I20260619 21:03:31.275702 0x16c2c7000 feature_extraction.cc:294]   Dimensions:      1080 x 1920
I20260619 21:03:31.275703 0x16c2c7000 feature_extraction.cc:297]   Camera:          #1 - RADIAL
I20260619 21:03:31.275705 0x16c2c7000 feature_extraction.cc:300]   Focal Length:    2304.00px
I20260619 21:03:31.275708 0x16c2c7000 feature_extraction.cc:304]   Features:        42 (SIFT)
I20260619 21:03:31.318756 0x16c2c7000 feature_extraction.cc:282] Processed file [68/124]
I20260619 21:03:31.318773 0x16c2c7000 feature_extraction.cc:285]   Name:            frame_0068.jpg
I20260619 21:03:31.318776 0x16c2c7000 feature_extraction.cc:294]   Dimensions:      1080 x 1920
I20260619 21:03:31.318779 0x16c2c7000 feature_extraction.cc:297]   Camera:          #1 - RADIAL
I20260619 21:03:31.318781 0x16c2c7000 feature_extraction.cc:300]   Focal Length:    2304.00px
I20260619 21:03:31.318784 0x16c2c7000 feature_extraction.cc:304]   Features:        40 (SIFT)
I20260619 21:03:31.360416 0x16c2c7000 feature_extraction.cc:282] Processed file [69/124]
I20260619 21:03:31.360433 0x16c2c7000 feature_extraction.cc:285]   Name:            frame_0069.jpg
I20260619 21:03:31.360435 0x16c2c7000 feature_extraction.cc:294]   Dimensions:      1080 x 1920
I20260619 21:03:31.360437 0x16c2c7000 feature_extraction.cc:297]   Camera:          #1 - RADIAL
I20260619 21:03:31.360439 0x16c2c7000 feature_extraction.cc:300]   Focal Length:    2304.00px
I20260619 21:03:31.360441 0x16c2c7000 feature_extraction.cc:304]   Features:        43 (SIFT)
I20260619 21:03:31.404873 0x16c2c7000 feature_extraction.cc:282] Processed file [70/124]
I20260619 21:03:31.404889 0x16c2c7000 feature_extraction.cc:285]   Name:            frame_0070.jpg
I20260619 21:03:31.404891 0x16c2c7000 feature_extraction.cc:294]   Dimensions:      1080 x 1920
I20260619 21:03:31.404894 0x16c2c7000 feature_extraction.cc:297]   Camera:          #1 - RADIAL
I20260619 21:03:31.404896 0x16c2c7000 feature_extraction.cc:300]   Focal Length:    2304.00px
I20260619 21:03:31.404899 0x16c2c7000 feature_extraction.cc:304]   Features:        54 (SIFT)
I20260619 21:03:31.448227 0x16c2c7000 feature_extraction.cc:282] Processed file [71/124]
I20260619 21:03:31.448246 0x16c2c7000 feature_extraction.cc:285]   Name:            frame_0071.jpg
I20260619 21:03:31.448249 0x16c2c7000 feature_extraction.cc:294]   Dimensions:      1080 x 1920
I20260619 21:03:31.448251 0x16c2c7000 feature_extraction.cc:297]   Camera:          #1 - RADIAL
I20260619 21:03:31.448253 0x16c2c7000 feature_extraction.cc:300]   Focal Length:    2304.00px
I20260619 21:03:31.448302 0x16c2c7000 feature_extraction.cc:304]   Features:        43 (SIFT)
I20260619 21:03:31.489691 0x16c2c7000 feature_extraction.cc:282] Processed file [72/124]
I20260619 21:03:31.489708 0x16c2c7000 feature_extraction.cc:285]   Name:            frame_0072.jpg
I20260619 21:03:31.489710 0x16c2c7000 feature_extraction.cc:294]   Dimensions:      1080 x 1920
I20260619 21:03:31.489712 0x16c2c7000 feature_extraction.cc:297]   Camera:          #1 - RADIAL
I20260619 21:03:31.489714 0x16c2c7000 feature_extraction.cc:300]   Focal Length:    2304.00px
I20260619 21:03:31.489717 0x16c2c7000 feature_extraction.cc:304]   Features:        40 (SIFT)
I20260619 21:03:31.531094 0x16c2c7000 feature_extraction.cc:282] Processed file [73/124]
I20260619 21:03:31.531113 0x16c2c7000 feature_extraction.cc:285]   Name:            frame_0073.jpg
I20260619 21:03:31.531116 0x16c2c7000 feature_extraction.cc:294]   Dimensions:      1080 x 1920
I20260619 21:03:31.531118 0x16c2c7000 feature_extraction.cc:297]   Camera:          #1 - RADIAL
I20260619 21:03:31.531120 0x16c2c7000 feature_extraction.cc:300]   Focal Length:    2304.00px
I20260619 21:03:31.531123 0x16c2c7000 feature_extraction.cc:304]   Features:        40 (SIFT)
I20260619 21:03:31.574290 0x16c2c7000 feature_extraction.cc:282] Processed file [74/124]
I20260619 21:03:31.574309 0x16c2c7000 feature_extraction.cc:285]   Name:            frame_0074.jpg
I20260619 21:03:31.574311 0x16c2c7000 feature_extraction.cc:294]   Dimensions:      1080 x 1920
I20260619 21:03:31.574313 0x16c2c7000 feature_extraction.cc:297]   Camera:          #1 - RADIAL
I20260619 21:03:31.574315 0x16c2c7000 feature_extraction.cc:300]   Focal Length:    2304.00px
I20260619 21:03:31.574318 0x16c2c7000 feature_extraction.cc:304]   Features:        44 (SIFT)
I20260619 21:03:31.615062 0x16c2c7000 feature_extraction.cc:282] Processed file [75/124]
I20260619 21:03:31.615081 0x16c2c7000 feature_extraction.cc:285]   Name:            frame_0075.jpg
I20260619 21:03:31.615084 0x16c2c7000 feature_extraction.cc:294]   Dimensions:      1080 x 1920
I20260619 21:03:31.615086 0x16c2c7000 feature_extraction.cc:297]   Camera:          #1 - RADIAL
I20260619 21:03:31.615088 0x16c2c7000 feature_extraction.cc:300]   Focal Length:    2304.00px
I20260619 21:03:31.615090 0x16c2c7000 feature_extraction.cc:304]   Features:        44 (SIFT)
I20260619 21:03:31.658971 0x16c2c7000 feature_extraction.cc:282] Processed file [76/124]
I20260619 21:03:31.658990 0x16c2c7000 feature_extraction.cc:285]   Name:            frame_0076.jpg
I20260619 21:03:31.658993 0x16c2c7000 feature_extraction.cc:294]   Dimensions:      1080 x 1920
I20260619 21:03:31.658995 0x16c2c7000 feature_extraction.cc:297]   Camera:          #1 - RADIAL
I20260619 21:03:31.658998 0x16c2c7000 feature_extraction.cc:300]   Focal Length:    2304.00px
I20260619 21:03:31.659001 0x16c2c7000 feature_extraction.cc:304]   Features:        39 (SIFT)
I20260619 21:03:31.701679 0x16c2c7000 feature_extraction.cc:282] Processed file [77/124]
I20260619 21:03:31.701767 0x16c2c7000 feature_extraction.cc:285]   Name:            frame_0077.jpg
I20260619 21:03:31.701778 0x16c2c7000 feature_extraction.cc:294]   Dimensions:      1080 x 1920
I20260619 21:03:31.701782 0x16c2c7000 feature_extraction.cc:297]   Camera:          #1 - RADIAL
I20260619 21:03:31.701786 0x16c2c7000 feature_extraction.cc:300]   Focal Length:    2304.00px
I20260619 21:03:31.701790 0x16c2c7000 feature_extraction.cc:304]   Features:        34 (SIFT)
I20260619 21:03:31.745970 0x16c2c7000 feature_extraction.cc:282] Processed file [78/124]
I20260619 21:03:31.745990 0x16c2c7000 feature_extraction.cc:285]   Name:            frame_0078.jpg
I20260619 21:03:31.745992 0x16c2c7000 feature_extraction.cc:294]   Dimensions:      1080 x 1920
I20260619 21:03:31.745995 0x16c2c7000 feature_extraction.cc:297]   Camera:          #1 - RADIAL
I20260619 21:03:31.746020 0x16c2c7000 feature_extraction.cc:300]   Focal Length:    2304.00px
I20260619 21:03:31.746050 0x16c2c7000 feature_extraction.cc:304]   Features:        35 (SIFT)
I20260619 21:03:31.791253 0x16c2c7000 feature_extraction.cc:282] Processed file [79/124]
I20260619 21:03:31.791273 0x16c2c7000 feature_extraction.cc:285]   Name:            frame_0079.jpg
I20260619 21:03:31.791276 0x16c2c7000 feature_extraction.cc:294]   Dimensions:      1080 x 1920
I20260619 21:03:31.791278 0x16c2c7000 feature_extraction.cc:297]   Camera:          #1 - RADIAL
I20260619 21:03:31.791280 0x16c2c7000 feature_extraction.cc:300]   Focal Length:    2304.00px
I20260619 21:03:31.791282 0x16c2c7000 feature_extraction.cc:304]   Features:        36 (SIFT)
I20260619 21:03:31.835300 0x16c2c7000 feature_extraction.cc:282] Processed file [80/124]
I20260619 21:03:31.835322 0x16c2c7000 feature_extraction.cc:285]   Name:            frame_0080.jpg
I20260619 21:03:31.835351 0x16c2c7000 feature_extraction.cc:294]   Dimensions:      1080 x 1920
I20260619 21:03:31.835354 0x16c2c7000 feature_extraction.cc:297]   Camera:          #1 - RADIAL
I20260619 21:03:31.835356 0x16c2c7000 feature_extraction.cc:300]   Focal Length:    2304.00px
I20260619 21:03:31.835359 0x16c2c7000 feature_extraction.cc:304]   Features:        46 (SIFT)
I20260619 21:03:31.878842 0x16c2c7000 feature_extraction.cc:282] Processed file [81/124]
I20260619 21:03:31.878860 0x16c2c7000 feature_extraction.cc:285]   Name:            frame_0081.jpg
I20260619 21:03:31.878862 0x16c2c7000 feature_extraction.cc:294]   Dimensions:      1080 x 1920
I20260619 21:03:31.878864 0x16c2c7000 feature_extraction.cc:297]   Camera:          #1 - RADIAL
I20260619 21:03:31.878866 0x16c2c7000 feature_extraction.cc:300]   Focal Length:    2304.00px
I20260619 21:03:31.878869 0x16c2c7000 feature_extraction.cc:304]   Features:        53 (SIFT)
I20260619 21:03:31.920260 0x16c2c7000 feature_extraction.cc:282] Processed file [82/124]
I20260619 21:03:31.920278 0x16c2c7000 feature_extraction.cc:285]   Name:            frame_0082.jpg
I20260619 21:03:31.920281 0x16c2c7000 feature_extraction.cc:294]   Dimensions:      1080 x 1920
I20260619 21:03:31.920283 0x16c2c7000 feature_extraction.cc:297]   Camera:          #1 - RADIAL
I20260619 21:03:31.920285 0x16c2c7000 feature_extraction.cc:300]   Focal Length:    2304.00px
I20260619 21:03:31.920289 0x16c2c7000 feature_extraction.cc:304]   Features:        36 (SIFT)
I20260619 21:03:31.973916 0x16c2c7000 feature_extraction.cc:282] Processed file [83/124]
I20260619 21:03:31.973984 0x16c2c7000 feature_extraction.cc:285]   Name:            frame_0083.jpg
I20260619 21:03:31.973989 0x16c2c7000 feature_extraction.cc:294]   Dimensions:      1080 x 1920
I20260619 21:03:31.973992 0x16c2c7000 feature_extraction.cc:297]   Camera:          #1 - RADIAL
I20260619 21:03:31.973995 0x16c2c7000 feature_extraction.cc:300]   Focal Length:    2304.00px
I20260619 21:03:31.974000 0x16c2c7000 feature_extraction.cc:304]   Features:        49 (SIFT)
I20260619 21:03:32.026430 0x16c2c7000 feature_extraction.cc:282] Processed file [84/124]
I20260619 21:03:32.026450 0x16c2c7000 feature_extraction.cc:285]   Name:            frame_0084.jpg
I20260619 21:03:32.026452 0x16c2c7000 feature_extraction.cc:294]   Dimensions:      1080 x 1920
I20260619 21:03:32.026453 0x16c2c7000 feature_extraction.cc:297]   Camera:          #1 - RADIAL
I20260619 21:03:32.026455 0x16c2c7000 feature_extraction.cc:300]   Focal Length:    2304.00px
I20260619 21:03:32.026458 0x16c2c7000 feature_extraction.cc:304]   Features:        38 (SIFT)
I20260619 21:03:32.067587 0x16c2c7000 feature_extraction.cc:282] Processed file [85/124]
I20260619 21:03:32.067606 0x16c2c7000 feature_extraction.cc:285]   Name:            frame_0085.jpg
I20260619 21:03:32.067609 0x16c2c7000 feature_extraction.cc:294]   Dimensions:      1080 x 1920
I20260619 21:03:32.067611 0x16c2c7000 feature_extraction.cc:297]   Camera:          #1 - RADIAL
I20260619 21:03:32.067613 0x16c2c7000 feature_extraction.cc:300]   Focal Length:    2304.00px
I20260619 21:03:32.067616 0x16c2c7000 feature_extraction.cc:304]   Features:        37 (SIFT)
I20260619 21:03:32.110596 0x16c2c7000 feature_extraction.cc:282] Processed file [86/124]
I20260619 21:03:32.110615 0x16c2c7000 feature_extraction.cc:285]   Name:            frame_0086.jpg
I20260619 21:03:32.110618 0x16c2c7000 feature_extraction.cc:294]   Dimensions:      1080 x 1920
I20260619 21:03:32.110622 0x16c2c7000 feature_extraction.cc:297]   Camera:          #1 - RADIAL
I20260619 21:03:32.110626 0x16c2c7000 feature_extraction.cc:300]   Focal Length:    2304.00px
I20260619 21:03:32.110634 0x16c2c7000 feature_extraction.cc:304]   Features:        46 (SIFT)
I20260619 21:03:32.152930 0x16c2c7000 feature_extraction.cc:282] Processed file [87/124]
I20260619 21:03:32.152948 0x16c2c7000 feature_extraction.cc:285]   Name:            frame_0087.jpg
I20260619 21:03:32.152950 0x16c2c7000 feature_extraction.cc:294]   Dimensions:      1080 x 1920
I20260619 21:03:32.152988 0x16c2c7000 feature_extraction.cc:297]   Camera:          #1 - RADIAL
I20260619 21:03:32.152991 0x16c2c7000 feature_extraction.cc:300]   Focal Length:    2304.00px
I20260619 21:03:32.152994 0x16c2c7000 feature_extraction.cc:304]   Features:        42 (SIFT)
I20260619 21:03:32.196400 0x16c2c7000 feature_extraction.cc:282] Processed file [88/124]
I20260619 21:03:32.196418 0x16c2c7000 feature_extraction.cc:285]   Name:            frame_0088.jpg
I20260619 21:03:32.196421 0x16c2c7000 feature_extraction.cc:294]   Dimensions:      1080 x 1920
I20260619 21:03:32.196422 0x16c2c7000 feature_extraction.cc:297]   Camera:          #1 - RADIAL
I20260619 21:03:32.196424 0x16c2c7000 feature_extraction.cc:300]   Focal Length:    2304.00px
I20260619 21:03:32.196426 0x16c2c7000 feature_extraction.cc:304]   Features:        36 (SIFT)
I20260619 21:03:32.241102 0x16c2c7000 feature_extraction.cc:282] Processed file [89/124]
I20260619 21:03:32.241119 0x16c2c7000 feature_extraction.cc:285]   Name:            frame_0089.jpg
I20260619 21:03:32.241121 0x16c2c7000 feature_extraction.cc:294]   Dimensions:      1080 x 1920
I20260619 21:03:32.241123 0x16c2c7000 feature_extraction.cc:297]   Camera:          #1 - RADIAL
I20260619 21:03:32.241127 0x16c2c7000 feature_extraction.cc:300]   Focal Length:    2304.00px
I20260619 21:03:32.241129 0x16c2c7000 feature_extraction.cc:304]   Features:        47 (SIFT)
I20260619 21:03:32.284142 0x16c2c7000 feature_extraction.cc:282] Processed file [90/124]
I20260619 21:03:32.284174 0x16c2c7000 feature_extraction.cc:285]   Name:            frame_0090.jpg
I20260619 21:03:32.284177 0x16c2c7000 feature_extraction.cc:294]   Dimensions:      1080 x 1920
I20260619 21:03:32.284178 0x16c2c7000 feature_extraction.cc:297]   Camera:          #1 - RADIAL
I20260619 21:03:32.284181 0x16c2c7000 feature_extraction.cc:300]   Focal Length:    2304.00px
I20260619 21:03:32.284186 0x16c2c7000 feature_extraction.cc:304]   Features:        42 (SIFT)
I20260619 21:03:32.327801 0x16c2c7000 feature_extraction.cc:282] Processed file [91/124]
I20260619 21:03:32.327821 0x16c2c7000 feature_extraction.cc:285]   Name:            frame_0091.jpg
I20260619 21:03:32.327824 0x16c2c7000 feature_extraction.cc:294]   Dimensions:      1080 x 1920
I20260619 21:03:32.327826 0x16c2c7000 feature_extraction.cc:297]   Camera:          #1 - RADIAL
I20260619 21:03:32.327832 0x16c2c7000 feature_extraction.cc:300]   Focal Length:    2304.00px
I20260619 21:03:32.327835 0x16c2c7000 feature_extraction.cc:304]   Features:        44 (SIFT)
I20260619 21:03:32.373034 0x16c2c7000 feature_extraction.cc:282] Processed file [92/124]
I20260619 21:03:32.373051 0x16c2c7000 feature_extraction.cc:285]   Name:            frame_0092.jpg
I20260619 21:03:32.373053 0x16c2c7000 feature_extraction.cc:294]   Dimensions:      1080 x 1920
I20260619 21:03:32.373055 0x16c2c7000 feature_extraction.cc:297]   Camera:          #1 - RADIAL
I20260619 21:03:32.373057 0x16c2c7000 feature_extraction.cc:300]   Focal Length:    2304.00px
I20260619 21:03:32.373061 0x16c2c7000 feature_extraction.cc:304]   Features:        52 (SIFT)
I20260619 21:03:32.417037 0x16c2c7000 feature_extraction.cc:282] Processed file [93/124]
I20260619 21:03:32.417056 0x16c2c7000 feature_extraction.cc:285]   Name:            frame_0093.jpg
I20260619 21:03:32.417059 0x16c2c7000 feature_extraction.cc:294]   Dimensions:      1080 x 1920
I20260619 21:03:32.417061 0x16c2c7000 feature_extraction.cc:297]   Camera:          #1 - RADIAL
I20260619 21:03:32.417063 0x16c2c7000 feature_extraction.cc:300]   Focal Length:    2304.00px
I20260619 21:03:32.417066 0x16c2c7000 feature_extraction.cc:304]   Features:        39 (SIFT)
I20260619 21:03:32.460650 0x16c2c7000 feature_extraction.cc:282] Processed file [94/124]
I20260619 21:03:32.460667 0x16c2c7000 feature_extraction.cc:285]   Name:            frame_0094.jpg
I20260619 21:03:32.460669 0x16c2c7000 feature_extraction.cc:294]   Dimensions:      1080 x 1920
I20260619 21:03:32.460671 0x16c2c7000 feature_extraction.cc:297]   Camera:          #1 - RADIAL
I20260619 21:03:32.460713 0x16c2c7000 feature_extraction.cc:300]   Focal Length:    2304.00px
I20260619 21:03:32.460717 0x16c2c7000 feature_extraction.cc:304]   Features:        38 (SIFT)
I20260619 21:03:32.503470 0x16c2c7000 feature_extraction.cc:282] Processed file [95/124]
I20260619 21:03:32.503490 0x16c2c7000 feature_extraction.cc:285]   Name:            frame_0095.jpg
I20260619 21:03:32.503492 0x16c2c7000 feature_extraction.cc:294]   Dimensions:      1080 x 1920
I20260619 21:03:32.503493 0x16c2c7000 feature_extraction.cc:297]   Camera:          #1 - RADIAL
I20260619 21:03:32.503496 0x16c2c7000 feature_extraction.cc:300]   Focal Length:    2304.00px
I20260619 21:03:32.503498 0x16c2c7000 feature_extraction.cc:304]   Features:        42 (SIFT)
I20260619 21:03:32.546816 0x16c2c7000 feature_extraction.cc:282] Processed file [96/124]
I20260619 21:03:32.546833 0x16c2c7000 feature_extraction.cc:285]   Name:            frame_0096.jpg
I20260619 21:03:32.546835 0x16c2c7000 feature_extraction.cc:294]   Dimensions:      1080 x 1920
I20260619 21:03:32.546837 0x16c2c7000 feature_extraction.cc:297]   Camera:          #1 - RADIAL
I20260619 21:03:32.546839 0x16c2c7000 feature_extraction.cc:300]   Focal Length:    2304.00px
I20260619 21:03:32.546842 0x16c2c7000 feature_extraction.cc:304]   Features:        47 (SIFT)
I20260619 21:03:32.589806 0x16c2c7000 feature_extraction.cc:282] Processed file [97/124]
I20260619 21:03:32.589823 0x16c2c7000 feature_extraction.cc:285]   Name:            frame_0097.jpg
I20260619 21:03:32.589825 0x16c2c7000 feature_extraction.cc:294]   Dimensions:      1080 x 1920
I20260619 21:03:32.589826 0x16c2c7000 feature_extraction.cc:297]   Camera:          #1 - RADIAL
I20260619 21:03:32.589829 0x16c2c7000 feature_extraction.cc:300]   Focal Length:    2304.00px
I20260619 21:03:32.589838 0x16c2c7000 feature_extraction.cc:304]   Features:        37 (SIFT)
I20260619 21:03:32.631824 0x16c2c7000 feature_extraction.cc:282] Processed file [98/124]
I20260619 21:03:32.631844 0x16c2c7000 feature_extraction.cc:285]   Name:            frame_0098.jpg
I20260619 21:03:32.631846 0x16c2c7000 feature_extraction.cc:294]   Dimensions:      1080 x 1920
I20260619 21:03:32.631849 0x16c2c7000 feature_extraction.cc:297]   Camera:          #1 - RADIAL
I20260619 21:03:32.631851 0x16c2c7000 feature_extraction.cc:300]   Focal Length:    2304.00px
I20260619 21:03:32.631854 0x16c2c7000 feature_extraction.cc:304]   Features:        52 (SIFT)
I20260619 21:03:32.675185 0x16c2c7000 feature_extraction.cc:282] Processed file [99/124]
I20260619 21:03:32.675202 0x16c2c7000 feature_extraction.cc:285]   Name:            frame_0099.jpg
I20260619 21:03:32.675204 0x16c2c7000 feature_extraction.cc:294]   Dimensions:      1080 x 1920
I20260619 21:03:32.675205 0x16c2c7000 feature_extraction.cc:297]   Camera:          #1 - RADIAL
I20260619 21:03:32.675207 0x16c2c7000 feature_extraction.cc:300]   Focal Length:    2304.00px
I20260619 21:03:32.675211 0x16c2c7000 feature_extraction.cc:304]   Features:        46 (SIFT)
I20260619 21:03:32.718380 0x16c2c7000 feature_extraction.cc:282] Processed file [100/124]
I20260619 21:03:32.718399 0x16c2c7000 feature_extraction.cc:285]   Name:            frame_0100.jpg
I20260619 21:03:32.718402 0x16c2c7000 feature_extraction.cc:294]   Dimensions:      1080 x 1920
I20260619 21:03:32.718404 0x16c2c7000 feature_extraction.cc:297]   Camera:          #1 - RADIAL
I20260619 21:03:32.718405 0x16c2c7000 feature_extraction.cc:300]   Focal Length:    2304.00px
I20260619 21:03:32.718409 0x16c2c7000 feature_extraction.cc:304]   Features:        40 (SIFT)
I20260619 21:03:32.758763 0x16c2c7000 feature_extraction.cc:282] Processed file [101/124]
I20260619 21:03:32.758782 0x16c2c7000 feature_extraction.cc:285]   Name:            frame_0101.jpg
I20260619 21:03:32.758785 0x16c2c7000 feature_extraction.cc:294]   Dimensions:      1080 x 1920
I20260619 21:03:32.758786 0x16c2c7000 feature_extraction.cc:297]   Camera:          #1 - RADIAL
I20260619 21:03:32.758788 0x16c2c7000 feature_extraction.cc:300]   Focal Length:    2304.00px
I20260619 21:03:32.758811 0x16c2c7000 feature_extraction.cc:304]   Features:        38 (SIFT)
I20260619 21:03:32.801811 0x16c2c7000 feature_extraction.cc:282] Processed file [102/124]
I20260619 21:03:32.801850 0x16c2c7000 feature_extraction.cc:285]   Name:            frame_0102.jpg
I20260619 21:03:32.801855 0x16c2c7000 feature_extraction.cc:294]   Dimensions:      1080 x 1920
I20260619 21:03:32.801856 0x16c2c7000 feature_extraction.cc:297]   Camera:          #1 - RADIAL
I20260619 21:03:32.801858 0x16c2c7000 feature_extraction.cc:300]   Focal Length:    2304.00px
I20260619 21:03:32.801861 0x16c2c7000 feature_extraction.cc:304]   Features:        36 (SIFT)
I20260619 21:03:32.846165 0x16c2c7000 feature_extraction.cc:282] Processed file [103/124]
I20260619 21:03:32.846183 0x16c2c7000 feature_extraction.cc:285]   Name:            frame_0103.jpg
I20260619 21:03:32.846185 0x16c2c7000 feature_extraction.cc:294]   Dimensions:      1080 x 1920
I20260619 21:03:32.846188 0x16c2c7000 feature_extraction.cc:297]   Camera:          #1 - RADIAL
I20260619 21:03:32.846190 0x16c2c7000 feature_extraction.cc:300]   Focal Length:    2304.00px
I20260619 21:03:32.846194 0x16c2c7000 feature_extraction.cc:304]   Features:        38 (SIFT)
I20260619 21:03:32.889516 0x16c2c7000 feature_extraction.cc:282] Processed file [104/124]
I20260619 21:03:32.889535 0x16c2c7000 feature_extraction.cc:285]   Name:            frame_0104.jpg
I20260619 21:03:32.889537 0x16c2c7000 feature_extraction.cc:294]   Dimensions:      1080 x 1920
I20260619 21:03:32.889538 0x16c2c7000 feature_extraction.cc:297]   Camera:          #1 - RADIAL
I20260619 21:03:32.889540 0x16c2c7000 feature_extraction.cc:300]   Focal Length:    2304.00px
I20260619 21:03:32.889543 0x16c2c7000 feature_extraction.cc:304]   Features:        37 (SIFT)
I20260619 21:03:32.933978 0x16c2c7000 feature_extraction.cc:282] Processed file [105/124]
I20260619 21:03:32.933996 0x16c2c7000 feature_extraction.cc:285]   Name:            frame_0105.jpg
I20260619 21:03:32.933998 0x16c2c7000 feature_extraction.cc:294]   Dimensions:      1080 x 1920
I20260619 21:03:32.934000 0x16c2c7000 feature_extraction.cc:297]   Camera:          #1 - RADIAL
I20260619 21:03:32.934002 0x16c2c7000 feature_extraction.cc:300]   Focal Length:    2304.00px
I20260619 21:03:32.934004 0x16c2c7000 feature_extraction.cc:304]   Features:        66 (SIFT)
I20260619 21:03:32.981880 0x16c2c7000 feature_extraction.cc:282] Processed file [106/124]
I20260619 21:03:32.981919 0x16c2c7000 feature_extraction.cc:285]   Name:            frame_0106.jpg
I20260619 21:03:32.981921 0x16c2c7000 feature_extraction.cc:294]   Dimensions:      1080 x 1920
I20260619 21:03:32.981933 0x16c2c7000 feature_extraction.cc:297]   Camera:          #1 - RADIAL
I20260619 21:03:32.981936 0x16c2c7000 feature_extraction.cc:300]   Focal Length:    2304.00px
I20260619 21:03:32.981938 0x16c2c7000 feature_extraction.cc:304]   Features:        48 (SIFT)
I20260619 21:03:33.030840 0x16c2c7000 feature_extraction.cc:282] Processed file [107/124]
I20260619 21:03:33.030859 0x16c2c7000 feature_extraction.cc:285]   Name:            frame_0107.jpg
I20260619 21:03:33.030861 0x16c2c7000 feature_extraction.cc:294]   Dimensions:      1080 x 1920
I20260619 21:03:33.030863 0x16c2c7000 feature_extraction.cc:297]   Camera:          #1 - RADIAL
I20260619 21:03:33.030865 0x16c2c7000 feature_extraction.cc:300]   Focal Length:    2304.00px
I20260619 21:03:33.030868 0x16c2c7000 feature_extraction.cc:304]   Features:        41 (SIFT)
I20260619 21:03:33.078981 0x16c2c7000 feature_extraction.cc:282] Processed file [108/124]
I20260619 21:03:33.079001 0x16c2c7000 feature_extraction.cc:285]   Name:            frame_0108.jpg
I20260619 21:03:33.079004 0x16c2c7000 feature_extraction.cc:294]   Dimensions:      1080 x 1920
I20260619 21:03:33.079006 0x16c2c7000 feature_extraction.cc:297]   Camera:          #1 - RADIAL
I20260619 21:03:33.079008 0x16c2c7000 feature_extraction.cc:300]   Focal Length:    2304.00px
I20260619 21:03:33.079011 0x16c2c7000 feature_extraction.cc:304]   Features:        39 (SIFT)
I20260619 21:03:33.120688 0x16c2c7000 feature_extraction.cc:282] Processed file [109/124]
I20260619 21:03:33.120736 0x16c2c7000 feature_extraction.cc:285]   Name:            frame_0109.jpg
I20260619 21:03:33.120739 0x16c2c7000 feature_extraction.cc:294]   Dimensions:      1080 x 1920
I20260619 21:03:33.120740 0x16c2c7000 feature_extraction.cc:297]   Camera:          #1 - RADIAL
I20260619 21:03:33.120742 0x16c2c7000 feature_extraction.cc:300]   Focal Length:    2304.00px
I20260619 21:03:33.120745 0x16c2c7000 feature_extraction.cc:304]   Features:        39 (SIFT)
I20260619 21:03:33.161452 0x16c2c7000 feature_extraction.cc:282] Processed file [110/124]
I20260619 21:03:33.161475 0x16c2c7000 feature_extraction.cc:285]   Name:            frame_0110.jpg
I20260619 21:03:33.161477 0x16c2c7000 feature_extraction.cc:294]   Dimensions:      1080 x 1920
I20260619 21:03:33.161479 0x16c2c7000 feature_extraction.cc:297]   Camera:          #1 - RADIAL
I20260619 21:03:33.161482 0x16c2c7000 feature_extraction.cc:300]   Focal Length:    2304.00px
I20260619 21:03:33.161484 0x16c2c7000 feature_extraction.cc:304]   Features:        50 (SIFT)
I20260619 21:03:33.205713 0x16c2c7000 feature_extraction.cc:282] Processed file [111/124]
I20260619 21:03:33.205731 0x16c2c7000 feature_extraction.cc:285]   Name:            frame_0111.jpg
I20260619 21:03:33.205733 0x16c2c7000 feature_extraction.cc:294]   Dimensions:      1080 x 1920
I20260619 21:03:33.205735 0x16c2c7000 feature_extraction.cc:297]   Camera:          #1 - RADIAL
I20260619 21:03:33.205737 0x16c2c7000 feature_extraction.cc:300]   Focal Length:    2304.00px
I20260619 21:03:33.205739 0x16c2c7000 feature_extraction.cc:304]   Features:        34 (SIFT)
I20260619 21:03:33.247927 0x16c2c7000 feature_extraction.cc:282] Processed file [112/124]
I20260619 21:03:33.247946 0x16c2c7000 feature_extraction.cc:285]   Name:            frame_0112.jpg
I20260619 21:03:33.247948 0x16c2c7000 feature_extraction.cc:294]   Dimensions:      1080 x 1920
I20260619 21:03:33.247950 0x16c2c7000 feature_extraction.cc:297]   Camera:          #1 - RADIAL
I20260619 21:03:33.247952 0x16c2c7000 feature_extraction.cc:300]   Focal Length:    2304.00px
I20260619 21:03:33.247954 0x16c2c7000 feature_extraction.cc:304]   Features:        49 (SIFT)
I20260619 21:03:33.287779 0x16c2c7000 feature_extraction.cc:282] Processed file [113/124]
I20260619 21:03:33.287794 0x16c2c7000 feature_extraction.cc:285]   Name:            frame_0113.jpg
I20260619 21:03:33.287796 0x16c2c7000 feature_extraction.cc:294]   Dimensions:      1080 x 1920
I20260619 21:03:33.287798 0x16c2c7000 feature_extraction.cc:297]   Camera:          #1 - RADIAL
I20260619 21:03:33.287800 0x16c2c7000 feature_extraction.cc:300]   Focal Length:    2304.00px
I20260619 21:03:33.287802 0x16c2c7000 feature_extraction.cc:304]   Features:        44 (SIFT)
I20260619 21:03:33.330352 0x16c2c7000 feature_extraction.cc:282] Processed file [114/124]
I20260619 21:03:33.330372 0x16c2c7000 feature_extraction.cc:285]   Name:            frame_0114.jpg
I20260619 21:03:33.330374 0x16c2c7000 feature_extraction.cc:294]   Dimensions:      1080 x 1920
I20260619 21:03:33.330376 0x16c2c7000 feature_extraction.cc:297]   Camera:          #1 - RADIAL
I20260619 21:03:33.330378 0x16c2c7000 feature_extraction.cc:300]   Focal Length:    2304.00px
I20260619 21:03:33.330380 0x16c2c7000 feature_extraction.cc:304]   Features:        35 (SIFT)
I20260619 21:03:33.373871 0x16c2c7000 feature_extraction.cc:282] Processed file [115/124]
I20260619 21:03:33.373888 0x16c2c7000 feature_extraction.cc:285]   Name:            frame_0115.jpg
I20260619 21:03:33.373890 0x16c2c7000 feature_extraction.cc:294]   Dimensions:      1080 x 1920
I20260619 21:03:33.373891 0x16c2c7000 feature_extraction.cc:297]   Camera:          #1 - RADIAL
I20260619 21:03:33.373894 0x16c2c7000 feature_extraction.cc:300]   Focal Length:    2304.00px
I20260619 21:03:33.373896 0x16c2c7000 feature_extraction.cc:304]   Features:        33 (SIFT)
I20260619 21:03:33.415154 0x16c2c7000 feature_extraction.cc:282] Processed file [116/124]
I20260619 21:03:33.415172 0x16c2c7000 feature_extraction.cc:285]   Name:            frame_0116.jpg
I20260619 21:03:33.415196 0x16c2c7000 feature_extraction.cc:294]   Dimensions:      1080 x 1920
I20260619 21:03:33.415198 0x16c2c7000 feature_extraction.cc:297]   Camera:          #1 - RADIAL
I20260619 21:03:33.415200 0x16c2c7000 feature_extraction.cc:300]   Focal Length:    2304.00px
I20260619 21:03:33.415203 0x16c2c7000 feature_extraction.cc:304]   Features:        35 (SIFT)
I20260619 21:03:33.455996 0x16c2c7000 feature_extraction.cc:282] Processed file [117/124]
I20260619 21:03:33.456012 0x16c2c7000 feature_extraction.cc:285]   Name:            frame_0117.jpg
I20260619 21:03:33.456014 0x16c2c7000 feature_extraction.cc:294]   Dimensions:      1080 x 1920
I20260619 21:03:33.456016 0x16c2c7000 feature_extraction.cc:297]   Camera:          #1 - RADIAL
I20260619 21:03:33.456019 0x16c2c7000 feature_extraction.cc:300]   Focal Length:    2304.00px
I20260619 21:03:33.456021 0x16c2c7000 feature_extraction.cc:304]   Features:        47 (SIFT)
I20260619 21:03:33.497256 0x16c2c7000 feature_extraction.cc:282] Processed file [118/124]
I20260619 21:03:33.497271 0x16c2c7000 feature_extraction.cc:285]   Name:            frame_0118.jpg
I20260619 21:03:33.497273 0x16c2c7000 feature_extraction.cc:294]   Dimensions:      1080 x 1920
I20260619 21:03:33.497274 0x16c2c7000 feature_extraction.cc:297]   Camera:          #1 - RADIAL
I20260619 21:03:33.497276 0x16c2c7000 feature_extraction.cc:300]   Focal Length:    2304.00px
I20260619 21:03:33.497279 0x16c2c7000 feature_extraction.cc:304]   Features:        33 (SIFT)
I20260619 21:03:33.537644 0x16c2c7000 feature_extraction.cc:282] Processed file [119/124]
I20260619 21:03:33.537666 0x16c2c7000 feature_extraction.cc:285]   Name:            frame_0119.jpg
I20260619 21:03:33.537669 0x16c2c7000 feature_extraction.cc:294]   Dimensions:      1080 x 1920
I20260619 21:03:33.537671 0x16c2c7000 feature_extraction.cc:297]   Camera:          #1 - RADIAL
I20260619 21:03:33.537673 0x16c2c7000 feature_extraction.cc:300]   Focal Length:    2304.00px
I20260619 21:03:33.537675 0x16c2c7000 feature_extraction.cc:304]   Features:        43 (SIFT)
I20260619 21:03:33.580419 0x16c2c7000 feature_extraction.cc:282] Processed file [120/124]
I20260619 21:03:33.580439 0x16c2c7000 feature_extraction.cc:285]   Name:            frame_0120.jpg
I20260619 21:03:33.580442 0x16c2c7000 feature_extraction.cc:294]   Dimensions:      1080 x 1920
I20260619 21:03:33.580444 0x16c2c7000 feature_extraction.cc:297]   Camera:          #1 - RADIAL
I20260619 21:03:33.580447 0x16c2c7000 feature_extraction.cc:300]   Focal Length:    2304.00px
I20260619 21:03:33.580450 0x16c2c7000 feature_extraction.cc:304]   Features:        50 (SIFT)
I20260619 21:03:33.624178 0x16c2c7000 feature_extraction.cc:282] Processed file [121/124]
I20260619 21:03:33.624219 0x16c2c7000 feature_extraction.cc:285]   Name:            frame_0121.jpg
I20260619 21:03:33.624222 0x16c2c7000 feature_extraction.cc:294]   Dimensions:      1080 x 1920
I20260619 21:03:33.624224 0x16c2c7000 feature_extraction.cc:297]   Camera:          #1 - RADIAL
I20260619 21:03:33.624226 0x16c2c7000 feature_extraction.cc:300]   Focal Length:    2304.00px
I20260619 21:03:33.624230 0x16c2c7000 feature_extraction.cc:304]   Features:        49 (SIFT)
I20260619 21:03:33.666888 0x16c2c7000 feature_extraction.cc:282] Processed file [122/124]
I20260619 21:03:33.666907 0x16c2c7000 feature_extraction.cc:285]   Name:            frame_0122.jpg
I20260619 21:03:33.666909 0x16c2c7000 feature_extraction.cc:294]   Dimensions:      1080 x 1920
I20260619 21:03:33.666911 0x16c2c7000 feature_extraction.cc:297]   Camera:          #1 - RADIAL
I20260619 21:03:33.666913 0x16c2c7000 feature_extraction.cc:300]   Focal Length:    2304.00px
I20260619 21:03:33.666947 0x16c2c7000 feature_extraction.cc:304]   Features:        58 (SIFT)
I20260619 21:03:33.707465 0x16c2c7000 feature_extraction.cc:282] Processed file [123/124]
I20260619 21:03:33.707486 0x16c2c7000 feature_extraction.cc:285]   Name:            frame_0123.jpg
I20260619 21:03:33.707488 0x16c2c7000 feature_extraction.cc:294]   Dimensions:      1080 x 1920
I20260619 21:03:33.707527 0x16c2c7000 feature_extraction.cc:297]   Camera:          #1 - RADIAL
I20260619 21:03:33.707531 0x16c2c7000 feature_extraction.cc:300]   Focal Length:    2304.00px
I20260619 21:03:33.707534 0x16c2c7000 feature_extraction.cc:304]   Features:        41 (SIFT)
I20260619 21:03:33.752219 0x16c2c7000 feature_extraction.cc:282] Processed file [124/124]
I20260619 21:03:33.752237 0x16c2c7000 feature_extraction.cc:285]   Name:            frame_0124.jpg
I20260619 21:03:33.752240 0x16c2c7000 feature_extraction.cc:294]   Dimensions:      1080 x 1920
I20260619 21:03:33.752245 0x16c2c7000 feature_extraction.cc:297]   Camera:          #1 - RADIAL
I20260619 21:03:33.752248 0x16c2c7000 feature_extraction.cc:300]   Focal Length:    2304.00px
I20260619 21:03:33.752251 0x16c2c7000 feature_extraction.cc:304]   Features:        43 (SIFT)
I20260619 21:03:33.756656 0x16bc37000 timer.cc:90] Elapsed time: 0.093 [minutes]
--> Step 3: Matching features (Exhaustive)...
I20260619 21:03:33.968056 0x16f49f000 feature_matching.cc:195] === Feature matching & geometric verification ===
I20260619 21:03:33.984458 0x16f52b000 sift.cc:1559] Creating SIFT GPU feature matcher
I20260619 21:03:34.022913 0x16f49f000 pairing.cc:180] Generating exhaustive image pairs...
I20260619 21:03:34.022934 0x16f49f000 pairing.cc:213] Processing block [1/3, 1/3]
I20260619 21:03:34.811886 0x16f49f000 feature_matching.cc:217] in 0.789s
I20260619 21:03:34.811903 0x16f49f000 pairing.cc:213] Processing block [1/3, 2/3]
I20260619 21:03:35.711484 0x16f49f000 feature_matching.cc:217] in 0.900s
I20260619 21:03:35.711501 0x16f49f000 pairing.cc:213] Processing block [1/3, 3/3]
I20260619 21:03:35.919920 0x16f49f000 feature_matching.cc:217] in 0.208s
I20260619 21:03:35.919938 0x16f49f000 pairing.cc:213] Processing block [2/3, 1/3]
I20260619 21:03:36.854523 0x16f49f000 feature_matching.cc:217] in 0.935s
I20260619 21:03:36.854546 0x16f49f000 pairing.cc:213] Processing block [2/3, 2/3]
I20260619 21:03:37.753019 0x16f49f000 feature_matching.cc:217] in 0.898s
I20260619 21:03:37.753040 0x16f49f000 pairing.cc:213] Processing block [2/3, 3/3]
I20260619 21:03:37.943988 0x16f49f000 feature_matching.cc:217] in 0.191s
I20260619 21:03:37.944003 0x16f49f000 pairing.cc:213] Processing block [3/3, 1/3]
I20260619 21:03:38.634818 0x16f49f000 feature_matching.cc:217] in 0.691s
I20260619 21:03:38.634836 0x16f49f000 pairing.cc:213] Processing block [3/3, 2/3]
I20260619 21:03:39.311501 0x16f49f000 feature_matching.cc:217] in 0.677s
I20260619 21:03:39.311524 0x16f49f000 pairing.cc:213] Processing block [3/3, 3/3]
I20260619 21:03:39.511936 0x16f49f000 feature_matching.cc:217] in 0.200s
I20260619 21:03:39.511955 0x16f49f000 timer.cc:90] Elapsed time: 0.092 [minutes]
--> Step 4: Generating 3D sparse reconstruction...
I20260619 21:03:39.572176 0x1fde420c0 incremental_pipeline.cc:278] Loading database
I20260619 21:03:39.572573 0x1fde420c0 database_cache.cc:72] Loading rigs...
I20260619 21:03:39.572599 0x1fde420c0 database_cache.cc:82]  1 in 0.000s
I20260619 21:03:39.572603 0x1fde420c0 database_cache.cc:90] Loading cameras...
I20260619 21:03:39.572613 0x1fde420c0 database_cache.cc:108]  1 in 0.000s
I20260619 21:03:39.572615 0x1fde420c0 database_cache.cc:116] Loading frames...
I20260619 21:03:39.572672 0x1fde420c0 database_cache.cc:126]  124 in 0.000s
I20260619 21:03:39.572675 0x1fde420c0 database_cache.cc:134] Loading matches...
I20260619 21:03:39.573148 0x1fde420c0 database_cache.cc:139]  140 in 0.000s
I20260619 21:03:39.573150 0x1fde420c0 database_cache.cc:147] Loading images...
I20260619 21:03:39.573505 0x1fde420c0 database_cache.cc:241]  124 in 0.000s (connected 98, loaded 98)
I20260619 21:03:39.573511 0x1fde420c0 database_cache.cc:255] Loading pose priors...
I20260619 21:03:39.573517 0x1fde420c0 database_cache.cc:263]  0 in 0.000s
I20260619 21:03:39.573519 0x1fde420c0 database_cache.cc:271] Building correspondence graph...
I20260619 21:03:39.573805 0x1fde420c0 database_cache.cc:300]  in 0.000s (ignored 0)
I20260619 21:03:39.573814 0x1fde420c0 timer.cc:90] Elapsed time: 0.000 [minutes]
I20260619 21:03:39.574021 0x1fde420c0 incremental_pipeline.cc:390] Finding good initial image pair
I20260619 21:03:39.574376 0x1fde420c0 incremental_pipeline.cc:394] => No good initial image pair found.
I20260619 21:03:39.574379 0x1fde420c0 incremental_pipeline.cc:697] Discarding reconstruction due to no initial pair
I20260619 21:03:39.574416 0x1fde420c0 incremental_pipeline.cc:354] => Relaxing the initialization constraints.
I20260619 21:03:39.574496 0x1fde420c0 incremental_pipeline.cc:390] Finding good initial image pair
I20260619 21:03:39.574881 0x1fde420c0 incremental_pipeline.cc:394] => No good initial image pair found.
I20260619 21:03:39.574884 0x1fde420c0 incremental_pipeline.cc:697] Discarding reconstruction due to no initial pair
I20260619 21:03:39.574916 0x1fde420c0 incremental_pipeline.cc:367] => Relaxing the initialization constraints.
I20260619 21:03:39.574988 0x1fde420c0 incremental_pipeline.cc:390] Finding good initial image pair
I20260619 21:03:39.575358 0x1fde420c0 incremental_pipeline.cc:394] => No good initial image pair found.
I20260619 21:03:39.575364 0x1fde420c0 incremental_pipeline.cc:697] Discarding reconstruction due to no initial pair
I20260619 21:03:39.575401 0x1fde420c0 incremental_pipeline.cc:354] => Relaxing the initialization constraints.
I20260619 21:03:39.575614 0x1fde420c0 incremental_pipeline.cc:390] Finding good initial image pair
I20260619 21:03:39.577731 0x1fde420c0 incremental_pipeline.cc:394] => No good initial image pair found.
I20260619 21:03:39.577737 0x1fde420c0 incremental_pipeline.cc:697] Discarding reconstruction due to no initial pair
I20260619 21:03:39.577782 0x1fde420c0 incremental_pipeline.cc:367] => Relaxing the initialization constraints.
I20260619 21:03:39.577950 0x1fde420c0 incremental_pipeline.cc:390] Finding good initial image pair
I20260619 21:03:39.579558 0x1fde420c0 incremental_pipeline.cc:414] Registering initial image pair #12 and #13
I20260619 21:03:39.579675 0x1fde420c0 incremental_pipeline.cc:432] Global bundle adjustment
I20260619 21:03:39.580677 0x1fde420c0 incremental_pipeline.cc:688] Discarding reconstruction due to bad initial pair
I20260619 21:03:39.580816 0x1fde420c0 incremental_pipeline.cc:390] Finding good initial image pair
I20260619 21:03:39.581484 0x1fde420c0 incremental_pipeline.cc:394] => No good initial image pair found.
I20260619 21:03:39.581488 0x1fde420c0 incremental_pipeline.cc:697] Discarding reconstruction due to no initial pair
I20260619 21:03:39.581520 0x1fde420c0 timer.cc:90] Elapsed time: 0.000 [minutes]
[0;31mE20260619 21:03:39.581525 0x1fde420c0 sfm.cc:288] Failed to create any sparse model
[m--> Step 5: Correcting camera distortion...
I20260619 21:03:39.636628 0x1fde420c0 image.cc:368] === Reading reconstruction ===
[0;31mE20260619 21:03:39.636921 0x1fde420c0 reconstruction.cc:983] rigs, cameras, frames, images, points3D files do not exist at "/Users/bc/brendanchambers/2026-06-18-iphone-video-to-splat/data/intermediates/gardenbed_full_scene_max-num-features-32_type-sift_bruteforce/sparse/0"
[mlibc++abi: terminating due to uncaught exception of type std::invalid_argument: [reconstruction.cc:983] rigs, cameras, frames, images, points3D files do not exist at "/Users/bc/brendanchambers/2026-06-18-iphone-video-to-splat/data/intermediates/gardenbed_full_scene_max-num-features-32_type-sift_bruteforce/sparse/0"
*** Aborted at 1781917419 (unix time) try "date -d @1781917419" if you are using GNU date ***
PC: @                0x0 (unknown)
*** SIGABRT (@0x18fe76388) received by PID 59665 (TID 0x1fde420c0) stack trace: ***
    @        0x18fdcd3b8 (unknown)
    @        0x105126dcc (unknown)
    @        0x18fee96a4 (unknown)
    @        0x18feaf88c (unknown)
    @        0x18fdb8a3c (unknown)
    @        0x18fe65384 (unknown)
    @        0x18fe53cd8 (unknown)
    @        0x18fad8de4 (unknown)
    @        0x18fe64698 (unknown)
    @        0x18fe67c30 (unknown)
    @        0x18fe67bd8 (unknown)
    @        0x102d44054 (unknown)
    @        0x102e4c3ec (unknown)
    @        0x102d4a6d0 (unknown)
    @        0x102d38b08 (unknown)
    @        0x102d38008 (unknown)
    @        0x18fb0eb98 (unknown)
=========================================================
COLMAP Pipeline complete!
Your OpenSplat-ready dataset is located at:
  /Users/bc/brendanchambers/2026-06-18-iphone-video-to-splat/data/intermediates/gardenbed_full_scene_max-num-features-32_type-sift_bruteforce_distortion_corrected
Elapsed time: 15.24s
Log file: /Users/bc/brendanchambers/2026-06-18-iphone-video-to-splat/logs/colmap_gardenbed_full_scene_max-num-features-32_type-sift_bruteforce.log
=========================================================
