Using MPS
Reading 26574 points
Loading /Users/bc/brendanchambers/2026-06-18-iphone-video-to-splat/data/intermediates/gardenbed_full_scene_max-num-features-2048_type-sift_bruteforce_distortion_corrected/images/frame_0001.jpg
Loading /Users/bc/brendanchambers/2026-06-18-iphone-video-to-splat/data/intermediates/gardenbed_full_scene_max-num-features-2048_type-sift_bruteforce_distortion_corrected/images/frame_0014.jpg
Loading /Users/bc/brendanchambers/2026-06-18-iphone-video-to-splat/data/intermediates/gardenbed_full_scene_max-num-features-2048_type-sift_bruteforce_distortion_corrected/images/frame_0040.jpg
Loading /Users/bc/brendanchambers/2026-06-18-iphone-video-to-splat/data/intermediates/gardenbed_full_scene_max-num-features-2048_type-sift_bruteforce_distortion_corrected/images/frame_0053.jpg
Loading /Users/bc/brendanchambers/2026-06-18-iphone-video-to-splat/data/intermediates/gardenbed_full_scene_max-num-features-2048_type-sift_bruteforce_distortion_corrected/images/frame_0027.jpgLoading /Users/bc/brendanchambers/2026-06-18-iphone-video-to-splat/data/intermediates/gardenbed_full_scene_max-num-features-2048_type-sift_bruteforce_distortion_corrected/images/frame_0079.jpg
Loading 
/Users/bc/brendanchambers/2026-06-18-iphone-video-to-splat/data/intermediates/gardenbed_full_scene_max-num-features-2048_type-sift_bruteforce_distortion_corrected/images/frame_0066.jpg
Loading /Users/bc/brendanchambers/2026-06-18-iphone-video-to-splat/data/intermediates/gardenbed_full_scene_max-num-features-2048_type-sift_bruteforce_distortion_corrected/images/frame_0118.jpg
Loading /Users/bc/brendanchambers/2026-06-18-iphone-video-to-splat/data/intermediates/gardenbed_full_scene_max-num-features-2048_type-sift_bruteforce_distortion_corrected/images/frame_0092.jpg
Loading /Users/bc/brendanchambers/2026-06-18-iphone-video-to-splat/data/intermediates/gardenbed_full_scene_max-num-features-2048_type-sift_bruteforce_distortion_corrected/images/frame_0105.jpg
Loading /Users/bc/brendanchambers/2026-06-18-iphone-video-to-splat/data/intermediates/gardenbed_full_scene_max-num-features-2048_type-sift_bruteforce_distortion_corrected/images/frame_0080.jpg
Loading /Users/bc/brendanchambers/2026-06-18-iphone-video-to-splat/data/intermediates/gardenbed_full_scene_max-num-features-2048_type-sift_bruteforce_distortion_corrected/images/frame_0106.jpg
Loading /Users/bc/brendanchambers/2026-06-18-iphone-video-to-splat/data/intermediates/gardenbed_full_scene_max-num-features-2048_type-sift_bruteforce_distortion_corrected/images/frame_0054.jpg
Loading /Users/bc/brendanchambers/2026-06-18-iphone-video-to-splat/data/intermediates/gardenbed_full_scene_max-num-features-2048_type-sift_bruteforce_distortion_corrected/images/frame_0041.jpg
Loading /Users/bc/brendanchambers/2026-06-18-iphone-video-to-splat/data/intermediates/gardenbed_full_scene_max-num-features-2048_type-sift_bruteforce_distortion_corrected/images/frame_0119.jpg
Loading /Users/bc/brendanchambers/2026-06-18-iphone-video-to-splat/data/intermediates/gardenbed_full_scene_max-num-features-2048_type-sift_bruteforce_distortion_corrected/images/frame_0028.jpg
Loading /Users/bc/brendanchambers/2026-06-18-iphone-video-to-splat/data/intermediates/gardenbed_full_scene_max-num-features-2048_type-sift_bruteforce_distortion_corrected/images/frame_0067.jpg
Loading /Users/bc/brendanchambers/2026-06-18-iphone-video-to-splat/data/intermediates/gardenbed_full_scene_max-num-features-2048_type-sift_bruteforce_distortion_corrected/images/frame_0093.jpg
Loading /Users/bc/brendanchambers/2026-06-18-iphone-video-to-splat/data/intermediates/gardenbed_full_scene_max-num-features-2048_type-sift_bruteforce_distortion_corrected/images/frame_0015.jpg
Loading /Users/bc/brendanchambers/2026-06-18-iphone-video-to-splat/data/intermediates/gardenbed_full_scene_max-num-features-2048_type-sift_bruteforce_distortion_corrected/images/frame_0002.jpg
Loading /Users/bc/brendanchambers/2026-06-18-iphone-video-to-splat/data/intermediates/gardenbed_full_scene_max-num-features-2048_type-sift_bruteforce_distortion_corrected/images/frame_0081.jpg
Loading /Users/bc/brendanchambers/2026-06-18-iphone-video-to-splat/data/intermediates/gardenbed_full_scene_max-num-features-2048_type-sift_bruteforce_distortion_corrected/images/frame_0107.jpg
Loading /Users/bc/brendanchambers/2026-06-18-iphone-video-to-splat/data/intermediates/gardenbed_full_scene_max-num-features-2048_type-sift_bruteforce_distortion_corrected/images/frame_0016.jpg
Loading /Users/bc/brendanchambers/2026-06-18-iphone-video-to-splat/data/intermediates/gardenbed_full_scene_max-num-features-2048_type-sift_bruteforce_distortion_corrected/images/frame_0042.jpg
Loading /Users/bc/brendanchambers/2026-06-18-iphone-video-to-splat/data/intermediates/gardenbed_full_scene_max-num-features-2048_type-sift_bruteforce_distortion_corrected/images/frame_0120.jpg
Loading /Users/bc/brendanchambers/2026-06-18-iphone-video-to-splat/data/intermediates/gardenbed_full_scene_max-num-features-2048_type-sift_bruteforce_distortion_corrected/images/frame_0029.jpg
Loading /Users/bc/brendanchambers/2026-06-18-iphone-video-to-splat/data/intermediates/gardenbed_full_scene_max-num-features-2048_type-sift_bruteforce_distortion_corrected/images/frame_0055.jpg
Loading /Users/bc/brendanchambers/2026-06-18-iphone-video-to-splat/data/intermediates/gardenbed_full_scene_max-num-features-2048_type-sift_bruteforce_distortion_corrected/images/frame_0068.jpg
Loading /Users/bc/brendanchambers/2026-06-18-iphone-video-to-splat/data/intermediates/gardenbed_full_scene_max-num-features-2048_type-sift_bruteforce_distortion_corrected/images/frame_0094.jpg
Loading /Users/bc/brendanchambers/2026-06-18-iphone-video-to-splat/data/intermediates/gardenbed_full_scene_max-num-features-2048_type-sift_bruteforce_distortion_corrected/images/frame_0082.jpg
Loading /Users/bc/brendanchambers/2026-06-18-iphone-video-to-splat/data/intermediates/gardenbed_full_scene_max-num-features-2048_type-sift_bruteforce_distortion_corrected/images/frame_0003.jpg
Loading /Users/bc/brendanchambers/2026-06-18-iphone-video-to-splat/data/intermediates/gardenbed_full_scene_max-num-features-2048_type-sift_bruteforce_distortion_corrected/images/frame_0121.jpg
Loading /Users/bc/brendanchambers/2026-06-18-iphone-video-to-splat/data/intermediates/gardenbed_full_scene_max-num-features-2048_type-sift_bruteforce_distortion_corrected/images/frame_0108.jpg
Loading /Users/bc/brendanchambers/2026-06-18-iphone-video-to-splat/data/intermediates/gardenbed_full_scene_max-num-features-2048_type-sift_bruteforce_distortion_corrected/images/frame_0017.jpg
Loading /Users/bc/brendanchambers/2026-06-18-iphone-video-to-splat/data/intermediates/gardenbed_full_scene_max-num-features-2048_type-sift_bruteforce_distortion_corrected/images/frame_0004.jpg
Loading /Users/bc/brendanchambers/2026-06-18-iphone-video-to-splat/data/intermediates/gardenbed_full_scene_max-num-features-2048_type-sift_bruteforce_distortion_corrected/images/frame_0043.jpg
Loading /Users/bc/brendanchambers/2026-06-18-iphone-video-to-splat/data/intermediates/gardenbed_full_scene_max-num-features-2048_type-sift_bruteforce_distortion_corrected/images/frame_0030.jpg
Loading /Users/bc/brendanchambers/2026-06-18-iphone-video-to-splat/data/intermediates/gardenbed_full_scene_max-num-features-2048_type-sift_bruteforce_distortion_corrected/images/frame_0095.jpg
Loading /Users/bc/brendanchambers/2026-06-18-iphone-video-to-splat/data/intermediates/gardenbed_full_scene_max-num-features-2048_type-sift_bruteforce_distortion_corrected/images/frame_0056.jpg
Loading /Users/bc/brendanchambers/2026-06-18-iphone-video-to-splat/data/intermediates/gardenbed_full_scene_max-num-features-2048_type-sift_bruteforce_distortion_corrected/images/frame_0069.jpg
Loading /Users/bc/brendanchambers/2026-06-18-iphone-video-to-splat/data/intermediates/gardenbed_full_scene_max-num-features-2048_type-sift_bruteforce_distortion_corrected/images/frame_0083.jpg
Loading /Users/bc/brendanchambers/2026-06-18-iphone-video-to-splat/data/intermediates/gardenbed_full_scene_max-num-features-2048_type-sift_bruteforce_distortion_corrected/images/frame_0109.jpg
Loading /Users/bc/brendanchambers/2026-06-18-iphone-video-to-splat/data/intermediates/gardenbed_full_scene_max-num-features-2048_type-sift_bruteforce_distortion_corrected/images/frame_0122.jpg
Loading /Users/bc/brendanchambers/2026-06-18-iphone-video-to-splat/data/intermediates/gardenbed_full_scene_max-num-features-2048_type-sift_bruteforce_distortion_corrected/images/frame_0018.jpg
Loading /Users/bc/brendanchambers/2026-06-18-iphone-video-to-splat/data/intermediates/gardenbed_full_scene_max-num-features-2048_type-sift_bruteforce_distortion_corrected/images/frame_0096.jpg
Loading /Users/bc/brendanchambers/2026-06-18-iphone-video-to-splat/data/intermediates/gardenbed_full_scene_max-num-features-2048_type-sift_bruteforce_distortion_corrected/images/frame_0031.jpg
Loading /Users/bc/brendanchambers/2026-06-18-iphone-video-to-splat/data/intermediates/gardenbed_full_scene_max-num-features-2048_type-sift_bruteforce_distortion_corrected/images/frame_0044.jpg
Loading /Users/bc/brendanchambers/2026-06-18-iphone-video-to-splat/data/intermediates/gardenbed_full_scene_max-num-features-2048_type-sift_bruteforce_distortion_corrected/images/frame_0084.jpg
Loading /Users/bc/brendanchambers/2026-06-18-iphone-video-to-splat/data/intermediates/gardenbed_full_scene_max-num-features-2048_type-sift_bruteforce_distortion_corrected/images/frame_0070.jpg
Loading /Users/bc/brendanchambers/2026-06-18-iphone-video-to-splat/data/intermediates/gardenbed_full_scene_max-num-features-2048_type-sift_bruteforce_distortion_corrected/images/frame_0005.jpg
Loading /Users/bc/brendanchambers/2026-06-18-iphone-video-to-splat/data/intermediates/gardenbed_full_scene_max-num-features-2048_type-sift_bruteforce_distortion_corrected/images/frame_0110.jpg
Loading /Users/bc/brendanchambers/2026-06-18-iphone-video-to-splat/data/intermediates/gardenbed_full_scene_max-num-features-2048_type-sift_bruteforce_distortion_corrected/images/frame_0057.jpg
Loading /Users/bc/brendanchambers/2026-06-18-iphone-video-to-splat/data/intermediates/gardenbed_full_scene_max-num-features-2048_type-sift_bruteforce_distortion_corrected/images/frame_0123.jpg
Loading /Users/bc/brendanchambers/2026-06-18-iphone-video-to-splat/data/intermediates/gardenbed_full_scene_max-num-features-2048_type-sift_bruteforce_distortion_corrected/images/frame_0097.jpg
Loading /Users/bc/brendanchambers/2026-06-18-iphone-video-to-splat/data/intermediates/gardenbed_full_scene_max-num-features-2048_type-sift_bruteforce_distortion_corrected/images/frame_0032.jpg
Loading /Users/bc/brendanchambers/2026-06-18-iphone-video-to-splat/data/intermediates/gardenbed_full_scene_max-num-features-2048_type-sift_bruteforce_distortion_corrected/images/frame_0019.jpg
Loading /Users/bc/brendanchambers/2026-06-18-iphone-video-to-splat/data/intermediates/gardenbed_full_scene_max-num-features-2048_type-sift_bruteforce_distortion_corrected/images/frame_0045.jpg
Loading /Users/bc/brendanchambers/2026-06-18-iphone-video-to-splat/data/intermediates/gardenbed_full_scene_max-num-features-2048_type-sift_bruteforce_distortion_corrected/images/frame_0111.jpg
Loading /Users/bc/brendanchambers/2026-06-18-iphone-video-to-splat/data/intermediates/gardenbed_full_scene_max-num-features-2048_type-sift_bruteforce_distortion_corrected/images/frame_0058.jpg
Loading /Users/bc/brendanchambers/2026-06-18-iphone-video-to-splat/data/intermediates/gardenbed_full_scene_max-num-features-2048_type-sift_bruteforce_distortion_corrected/images/frame_0071.jpg
Loading /Users/bc/brendanchambers/2026-06-18-iphone-video-to-splat/data/intermediates/gardenbed_full_scene_max-num-features-2048_type-sift_bruteforce_distortion_corrected/images/frame_0124.jpg
Loading /Users/bc/brendanchambers/2026-06-18-iphone-video-to-splat/data/intermediates/gardenbed_full_scene_max-num-features-2048_type-sift_bruteforce_distortion_corrected/images/frame_0085.jpg
Loading /Users/bc/brendanchambers/2026-06-18-iphone-video-to-splat/data/intermediates/gardenbed_full_scene_max-num-features-2048_type-sift_bruteforce_distortion_corrected/images/frame_0006.jpg
Loading /Users/bc/brendanchambers/2026-06-18-iphone-video-to-splat/data/intermediates/gardenbed_full_scene_max-num-features-2048_type-sift_bruteforce_distortion_corrected/images/frame_0098.jpg
Loading /Users/bc/brendanchambers/2026-06-18-iphone-video-to-splat/data/intermediates/gardenbed_full_scene_max-num-features-2048_type-sift_bruteforce_distortion_corrected/images/frame_0033.jpg
Loading /Users/bc/brendanchambers/2026-06-18-iphone-video-to-splat/data/intermediates/gardenbed_full_scene_max-num-features-2048_type-sift_bruteforce_distortion_corrected/images/frame_0020.jpg
Loading /Users/bc/brendanchambers/2026-06-18-iphone-video-to-splat/data/intermediates/gardenbed_full_scene_max-num-features-2048_type-sift_bruteforce_distortion_corrected/images/frame_0046.jpg
Loading /Users/bc/brendanchambers/2026-06-18-iphone-video-to-splat/data/intermediates/gardenbed_full_scene_max-num-features-2048_type-sift_bruteforce_distortion_corrected/images/frame_0072.jpg
Loading Loading /Users/bc/brendanchambers/2026-06-18-iphone-video-to-splat/data/intermediates/gardenbed_full_scene_max-num-features-2048_type-sift_bruteforce_distortion_corrected/images/frame_0112.jpg
/Users/bc/brendanchambers/2026-06-18-iphone-video-to-splat/data/intermediates/gardenbed_full_scene_max-num-features-2048_type-sift_bruteforce_distortion_corrected/images/frame_0059.jpg
Loading /Users/bc/brendanchambers/2026-06-18-iphone-video-to-splat/data/intermediates/gardenbed_full_scene_max-num-features-2048_type-sift_bruteforce_distortion_corrected/images/frame_0086.jpg
Loading /Users/bc/brendanchambers/2026-06-18-iphone-video-to-splat/data/intermediates/gardenbed_full_scene_max-num-features-2048_type-sift_bruteforce_distortion_corrected/images/frame_0099.jpg
Loading /Users/bc/brendanchambers/2026-06-18-iphone-video-to-splat/data/intermediates/gardenbed_full_scene_max-num-features-2048_type-sift_bruteforce_distortion_corrected/images/frame_0007.jpg
Loading /Users/bc/brendanchambers/2026-06-18-iphone-video-to-splat/data/intermediates/gardenbed_full_scene_max-num-features-2048_type-sift_bruteforce_distortion_corrected/images/frame_0034.jpg
Loading /Users/bc/brendanchambers/2026-06-18-iphone-video-to-splat/data/intermediates/gardenbed_full_scene_max-num-features-2048_type-sift_bruteforce_distortion_corrected/images/frame_0047.jpg
Loading /Users/bc/brendanchambers/2026-06-18-iphone-video-to-splat/data/intermediates/gardenbed_full_scene_max-num-features-2048_type-sift_bruteforce_distortion_corrected/images/frame_0073.jpg
Loading /Users/bc/brendanchambers/2026-06-18-iphone-video-to-splat/data/intermediates/gardenbed_full_scene_max-num-features-2048_type-sift_bruteforce_distortion_corrected/images/frame_0021.jpg
Loading /Users/bc/brendanchambers/2026-06-18-iphone-video-to-splat/data/intermediates/gardenbed_full_scene_max-num-features-2048_type-sift_bruteforce_distortion_corrected/images/frame_0087.jpg
Loading /Users/bc/brendanchambers/2026-06-18-iphone-video-to-splat/data/intermediates/gardenbed_full_scene_max-num-features-2048_type-sift_bruteforce_distortion_corrected/images/frame_0113.jpg
Loading /Users/bc/brendanchambers/2026-06-18-iphone-video-to-splat/data/intermediates/gardenbed_full_scene_max-num-features-2048_type-sift_bruteforce_distortion_corrected/images/frame_0060.jpg
Loading /Users/bc/brendanchambers/2026-06-18-iphone-video-to-splat/data/intermediates/gardenbed_full_scene_max-num-features-2048_type-sift_bruteforce_distortion_corrected/images/frame_0100.jpg
Loading /Users/bc/brendanchambers/2026-06-18-iphone-video-to-splat/data/intermediates/gardenbed_full_scene_max-num-features-2048_type-sift_bruteforce_distortion_corrected/images/frame_0035.jpg
Loading /Users/bc/brendanchambers/2026-06-18-iphone-video-to-splat/data/intermediates/gardenbed_full_scene_max-num-features-2048_type-sift_bruteforce_distortion_corrected/images/frame_0048.jpg
Loading /Users/bc/brendanchambers/2026-06-18-iphone-video-to-splat/data/intermediates/gardenbed_full_scene_max-num-features-2048_type-sift_bruteforce_distortion_corrected/images/frame_0022.jpg
Loading /Users/bc/brendanchambers/2026-06-18-iphone-video-to-splat/data/intermediates/gardenbed_full_scene_max-num-features-2048_type-sift_bruteforce_distortion_corrected/images/frame_0074.jpg
Loading /Users/bc/brendanchambers/2026-06-18-iphone-video-to-splat/data/intermediates/gardenbed_full_scene_max-num-features-2048_type-sift_bruteforce_distortion_corrected/images/frame_0008.jpg
Loading /Users/bc/brendanchambers/2026-06-18-iphone-video-to-splat/data/intermediates/gardenbed_full_scene_max-num-features-2048_type-sift_bruteforce_distortion_corrected/images/frame_0088.jpg
Loading /Users/bc/brendanchambers/2026-06-18-iphone-video-to-splat/data/intermediates/gardenbed_full_scene_max-num-features-2048_type-sift_bruteforce_distortion_corrected/images/frame_0114.jpg
Loading /Users/bc/brendanchambers/2026-06-18-iphone-video-to-splat/data/intermediates/gardenbed_full_scene_max-num-features-2048_type-sift_bruteforce_distortion_corrected/images/frame_0061.jpg
Loading /Users/bc/brendanchambers/2026-06-18-iphone-video-to-splat/data/intermediates/gardenbed_full_scene_max-num-features-2048_type-sift_bruteforce_distortion_corrected/images/frame_0101.jpg
Loading /Users/bc/brendanchambers/2026-06-18-iphone-video-to-splat/data/intermediates/gardenbed_full_scene_max-num-features-2048_type-sift_bruteforce_distortion_corrected/images/frame_0036.jpg
Loading /Users/bc/brendanchambers/2026-06-18-iphone-video-to-splat/data/intermediates/gardenbed_full_scene_max-num-features-2048_type-sift_bruteforce_distortion_corrected/images/frame_0049.jpg
Loading /Users/bc/brendanchambers/2026-06-18-iphone-video-to-splat/data/intermediates/gardenbed_full_scene_max-num-features-2048_type-sift_bruteforce_distortion_corrected/images/frame_0075.jpg
Loading /Users/bc/brendanchambers/2026-06-18-iphone-video-to-splat/data/intermediates/gardenbed_full_scene_max-num-features-2048_type-sift_bruteforce_distortion_corrected/images/frame_0089.jpg
Loading /Users/bc/brendanchambers/2026-06-18-iphone-video-to-splat/data/intermediates/gardenbed_full_scene_max-num-features-2048_type-sift_bruteforce_distortion_corrected/images/frame_0023.jpg
Loading /Users/bc/brendanchambers/2026-06-18-iphone-video-to-splat/data/intermediates/gardenbed_full_scene_max-num-features-2048_type-sift_bruteforce_distortion_corrected/images/frame_0115.jpg
Loading /Users/bc/brendanchambers/2026-06-18-iphone-video-to-splat/data/intermediates/gardenbed_full_scene_max-num-features-2048_type-sift_bruteforce_distortion_corrected/images/frame_0009.jpg
Loading /Users/bc/brendanchambers/2026-06-18-iphone-video-to-splat/data/intermediates/gardenbed_full_scene_max-num-features-2048_type-sift_bruteforce_distortion_corrected/images/frame_0062.jpg
Loading /Users/bc/brendanchambers/2026-06-18-iphone-video-to-splat/data/intermediates/gardenbed_full_scene_max-num-features-2048_type-sift_bruteforce_distortion_corrected/images/frame_0102.jpg
Loading /Users/bc/brendanchambers/2026-06-18-iphone-video-to-splat/data/intermediates/gardenbed_full_scene_max-num-features-2048_type-sift_bruteforce_distortion_corrected/images/frame_0037.jpg
Loading /Users/bc/brendanchambers/2026-06-18-iphone-video-to-splat/data/intermediates/gardenbed_full_scene_max-num-features-2048_type-sift_bruteforce_distortion_corrected/images/frame_0050.jpg
Loading /Users/bc/brendanchambers/2026-06-18-iphone-video-to-splat/data/intermediates/gardenbed_full_scene_max-num-features-2048_type-sift_bruteforce_distortion_corrected/images/frame_0076.jpg
Loading /Users/bc/brendanchambers/2026-06-18-iphone-video-to-splat/data/intermediates/gardenbed_full_scene_max-num-features-2048_type-sift_bruteforce_distortion_corrected/images/frame_0116.jpg
Loading /Users/bc/brendanchambers/2026-06-18-iphone-video-to-splat/data/intermediates/gardenbed_full_scene_max-num-features-2048_type-sift_bruteforce_distortion_corrected/images/frame_0024.jpg
Loading /Users/bc/brendanchambers/2026-06-18-iphone-video-to-splat/data/intermediates/gardenbed_full_scene_max-num-features-2048_type-sift_bruteforce_distortion_corrected/images/frame_0090.jpg
Loading /Users/bc/brendanchambers/2026-06-18-iphone-video-to-splat/data/intermediates/gardenbed_full_scene_max-num-features-2048_type-sift_bruteforce_distortion_corrected/images/frame_0063.jpg
Loading /Users/bc/brendanchambers/2026-06-18-iphone-video-to-splat/data/intermediates/gardenbed_full_scene_max-num-features-2048_type-sift_bruteforce_distortion_corrected/images/frame_0010.jpg
Loading /Users/bc/brendanchambers/2026-06-18-iphone-video-to-splat/data/intermediates/gardenbed_full_scene_max-num-features-2048_type-sift_bruteforce_distortion_corrected/images/frame_0103.jpg
Loading /Users/bc/brendanchambers/2026-06-18-iphone-video-to-splat/data/intermediates/gardenbed_full_scene_max-num-features-2048_type-sift_bruteforce_distortion_corrected/images/frame_0077.jpg
Loading /Users/bc/brendanchambers/2026-06-18-iphone-video-to-splat/data/intermediates/gardenbed_full_scene_max-num-features-2048_type-sift_bruteforce_distortion_corrected/images/frame_0038.jpg
Loading /Users/bc/brendanchambers/2026-06-18-iphone-video-to-splat/data/intermediates/gardenbed_full_scene_max-num-features-2048_type-sift_bruteforce_distortion_corrected/images/frame_0051.jpg
Loading /Users/bc/brendanchambers/2026-06-18-iphone-video-to-splat/data/intermediates/gardenbed_full_scene_max-num-features-2048_type-sift_bruteforce_distortion_corrected/images/frame_0117.jpg
Loading /Users/bc/brendanchambers/2026-06-18-iphone-video-to-splat/data/intermediates/gardenbed_full_scene_max-num-features-2048_type-sift_bruteforce_distortion_corrected/images/frame_0025.jpg
Loading /Users/bc/brendanchambers/2026-06-18-iphone-video-to-splat/data/intermediates/gardenbed_full_scene_max-num-features-2048_type-sift_bruteforce_distortion_corrected/images/frame_0091.jpg
Loading /Users/bc/brendanchambers/2026-06-18-iphone-video-to-splat/data/intermediates/gardenbed_full_scene_max-num-features-2048_type-sift_bruteforce_distortion_corrected/images/frame_0039.jpg
Loading /Users/bc/brendanchambers/2026-06-18-iphone-video-to-splat/data/intermediates/gardenbed_full_scene_max-num-features-2048_type-sift_bruteforce_distortion_corrected/images/frame_0011.jpg
Loading /Users/bc/brendanchambers/2026-06-18-iphone-video-to-splat/data/intermediates/gardenbed_full_scene_max-num-features-2048_type-sift_bruteforce_distortion_corrected/images/frame_0064.jpg
Loading /Users/bc/brendanchambers/2026-06-18-iphone-video-to-splat/data/intermediates/gardenbed_full_scene_max-num-features-2048_type-sift_bruteforce_distortion_corrected/images/frame_0104.jpg
Loading /Users/bc/brendanchambers/2026-06-18-iphone-video-to-splat/data/intermediates/gardenbed_full_scene_max-num-features-2048_type-sift_bruteforce_distortion_corrected/images/frame_0078.jpg
Loading /Users/bc/brendanchambers/2026-06-18-iphone-video-to-splat/data/intermediates/gardenbed_full_scene_max-num-features-2048_type-sift_bruteforce_distortion_corrected/images/frame_0052.jpg
Loading /Users/bc/brendanchambers/2026-06-18-iphone-video-to-splat/data/intermediates/gardenbed_full_scene_max-num-features-2048_type-sift_bruteforce_distortion_corrected/images/frame_0026.jpg
Loading /Users/bc/brendanchambers/2026-06-18-iphone-video-to-splat/data/intermediates/gardenbed_full_scene_max-num-features-2048_type-sift_bruteforce_distortion_corrected/images/frame_0065.jpg
Loading /Users/bc/brendanchambers/2026-06-18-iphone-video-to-splat/data/intermediates/gardenbed_full_scene_max-num-features-2048_type-sift_bruteforce_distortion_corrected/images/frame_0012.jpg
Loading /Users/bc/brendanchambers/2026-06-18-iphone-video-to-splat/data/intermediates/gardenbed_full_scene_max-num-features-2048_type-sift_bruteforce_distortion_corrected/images/frame_0013.jpg
init_gsplat_metal_context: loading '/Users/bc/brendanchambers/2026-06-18-iphone-video-to-splat/opensplat/build/default.metallib'
init_gsplat_metal_context: loaded '/Users/bc/brendanchambers/2026-06-18-iphone-video-to-splat/opensplat/build/default.metallib', functions: compute_cov2d_bounds_kernel, project_gaussians_backward_kernel, get_tile_bin_edges_kernel, rasterize_backward_kernel, map_gaussian_to_intersects_kernel, nd_rasterize_backward_kernel, project_gaussians_forward_kernel, compute_sh_backward_kernel, compute_sh_forward_kernel, nd_rasterize_forward_kernel
init_gsplat_metal_context: load function nd_rasterize_backward_kernel with label: (null)
init_gsplat_metal_context: load function nd_rasterize_forward_kernel with label: (null)
init_gsplat_metal_context: load function rasterize_backward_kernel with label: (null)
init_gsplat_metal_context: load function project_gaussians_forward_kernel with label: (null)
init_gsplat_metal_context: load function project_gaussians_backward_kernel with label: (null)
init_gsplat_metal_context: load function compute_sh_forward_kernel with label: (null)
init_gsplat_metal_context: load function compute_sh_backward_kernel with label: (null)
init_gsplat_metal_context: load function compute_cov2d_bounds_kernel with label: (null)
init_gsplat_metal_context: load function map_gaussian_to_intersects_kernel with label: (null)
init_gsplat_metal_context: load function get_tile_bin_edges_kernel with label: (null)
Step 10: 0.29217 (0%)
Step 20: 0.312852 (0%)
Step 30: 0.279792 (0%)
Step 40: 0.267015 (0%)
Step 50: 0.281063 (1%)
Step 60: 0.27537 (1%)
Step 70: 0.261396 (1%)
Step 80: 0.265977 (1%)
Step 90: 0.249855 (1%)
Step 100: 0.255955 (2%)
Step 110: 0.243559 (2%)
Step 120: 0.269396 (2%)
Step 130: 0.25239 (2%)
Step 140: 0.22555 (2%)
Step 150: 0.258125 (3%)
Step 160: 0.255825 (3%)
Step 170: 0.243679 (3%)
Step 180: 0.248763 (3%)
Step 190: 0.270004 (3%)
Step 200: 0.247459 (4%)
Step 210: 0.233421 (4%)
Step 220: 0.242443 (4%)
Step 230: 0.237414 (4%)
Step 240: 0.257446 (4%)
Step 250: 0.225532 (5%)
Step 260: 0.229246 (5%)
Step 270: 0.245924 (5%)
Step 280: 0.246508 (5%)
Step 290: 0.226963 (5%)
Step 300: 0.178729 (6%)
Step 310: 0.21511 (6%)
Step 320: 0.262509 (6%)
Step 330: 0.201454 (6%)
Step 340: 0.216187 (6%)
Step 350: 0.210901 (7%)
Step 360: 0.221584 (7%)
Step 370: 0.215387 (7%)
Step 380: 0.206455 (7%)
Step 390: 0.203717 (7%)
Step 400: 0.226015 (8%)
Step 410: 0.220017 (8%)
Step 420: 0.219015 (8%)
Step 430: 0.235968 (8%)
Step 440: 0.215563 (8%)
Step 450: 0.275709 (9%)
Step 460: 0.205003 (9%)
Step 470: 0.205201 (9%)
Step 480: 0.249269 (9%)
Step 490: 0.215718 (9%)
Step 500: 0.212609 (10%)
Step 510: 0.151277 (10%)
Step 520: 0.244261 (10%)
Step 530: 0.225743 (10%)
Step 540: 0.185729 (10%)
Step 550: 0.240319 (11%)
Step 560: 0.200062 (11%)
Step 570: 0.164072 (11%)
Step 580: 0.215623 (11%)
Step 590: 0.189204 (11%)
Step 600: 0.206252 (12%)
Added 17997 gaussians, new count 44571
Culled 12975 gaussians, remaining 31596
Step 610: 0.232393 (12%)
Step 620: 0.220395 (12%)
Step 630: 0.178444 (12%)
Step 640: 0.199749 (12%)
Step 650: 0.224034 (13%)
Step 660: 0.219435 (13%)
Step 670: 0.198734 (13%)
Step 680: 0.195426 (13%)
Step 690: 0.219325 (13%)
Step 700: 0.168717 (14%)
Added 33183 gaussians, new count 64779
Culled 9898 gaussians, remaining 54881
Step 710: 0.211084 (14%)
Step 720: 0.221105 (14%)
Step 730: 0.211168 (14%)
Step 740: 0.239687 (14%)
Step 750: 0.218639 (15%)
Step 760: 0.176943 (15%)
Step 770: 0.209416 (15%)
Step 780: 0.177696 (15%)
Step 790: 0.134746 (15%)
Step 800: 0.197273 (16%)
Added 47433 gaussians, new count 102314
Culled 14509 gaussians, remaining 87805
Step 810: 0.210162 (16%)
Step 820: 0.182948 (16%)
Step 830: 0.229186 (16%)
Step 840: 0.174322 (16%)
Step 850: 0.165961 (17%)
Step 860: 0.212258 (17%)
Step 870: 0.18732 (17%)
Step 880: 0.146723 (17%)
Step 890: 0.180938 (17%)
Step 900: 0.170968 (18%)
Added 62352 gaussians, new count 150157
Culled 19792 gaussians, remaining 130365
Step 910: 0.215376 (18%)
Step 920: 0.18336 (18%)
Step 930: 0.233499 (18%)
Step 940: 0.187824 (18%)
Step 950: 0.186475 (19%)
Step 960: 0.186398 (19%)
Step 970: 0.16711 (19%)
Step 980: 0.164525 (19%)
Step 990: 0.153474 (19%)
Step 1000: 0.111018 (20%)
Added 76788 gaussians, new count 207153
Culled 25733 gaussians, remaining 181420
Step 1010: 0.17557 (20%)
Step 1020: 0.123847 (20%)
Step 1030: 0.200927 (20%)
Step 1040: 0.16543 (20%)
Step 1050: 0.162843 (21%)
Step 1060: 0.156195 (21%)
Step 1070: 0.159875 (21%)
Step 1080: 0.153163 (21%)
Step 1090: 0.186142 (21%)
Step 1100: 0.199543 (22%)
Added 90265 gaussians, new count 271685
Culled 30788 gaussians, remaining 240897
Step 1110: 0.153475 (22%)
Step 1120: 0.138253 (22%)
Step 1130: 0.210075 (22%)
Step 1140: 0.149619 (22%)
Step 1150: 0.14469 (23%)
Step 1160: 0.142769 (23%)
Step 1170: 0.126794 (23%)
Step 1180: 0.102109 (23%)
Step 1190: 0.13969 (23%)
Step 1200: 0.107885 (24%)
Added 99871 gaussians, new count 340768
Culled 35083 gaussians, remaining 305685
Step 1210: 0.16402 (24%)
Step 1220: 0.157162 (24%)
Step 1230: 0.140836 (24%)
Step 1240: 0.149247 (24%)
Step 1250: 0.137671 (25%)
Step 1260: 0.180491 (25%)
Step 1270: 0.142637 (25%)
Step 1280: 0.12271 (25%)
Step 1290: 0.180168 (25%)
Step 1300: 0.165848 (26%)
Added 106314 gaussians, new count 411999
Culled 38311 gaussians, remaining 373688
Step 1310: 0.204529 (26%)
Step 1320: 0.156726 (26%)
Step 1330: 0.168813 (26%)
Step 1340: 0.15841 (26%)
Step 1350: 0.162123 (27%)
Step 1360: 0.112432 (27%)
Step 1370: 0.198592 (27%)
Step 1380: 0.146115 (27%)
Step 1390: 0.130542 (27%)
Step 1400: 0.169791 (28%)
Added 110206 gaussians, new count 483894
Culled 45313 gaussians, remaining 438581
Step 1410: 0.145634 (28%)
Step 1420: 0.159594 (28%)
Step 1430: 0.147713 (28%)
Step 1440: 0.135555 (28%)
Step 1450: 0.129308 (29%)
Step 1460: 0.114456 (29%)
Step 1470: 0.108773 (29%)
Step 1480: 0.0825741 (29%)
Step 1490: 0.142803 (29%)
Step 1500: 0.143813 (30%)
Added 112570 gaussians, new count 551151
Culled 47366 gaussians, remaining 503785
Step 1510: 0.175795 (30%)
Step 1520: 0.116404 (30%)
Step 1530: 0.157165 (30%)
Step 1540: 0.130159 (30%)
Step 1550: 0.140621 (31%)
Step 1560: 0.11843 (31%)
Step 1570: 0.161024 (31%)
Step 1580: 0.118721 (31%)
Step 1590: 0.128481 (31%)
Step 1600: 0.116862 (32%)
Added 120428 gaussians, new count 624213
Culled 51132 gaussians, remaining 573081
Step 1610: 0.133049 (32%)
Step 1620: 0.122426 (32%)
Step 1630: 0.110925 (32%)
Step 1640: 0.122856 (32%)
Step 1650: 0.125234 (33%)
Step 1660: 0.111759 (33%)
Step 1670: 0.128578 (33%)
Step 1680: 0.156491 (33%)
Step 1690: 0.109845 (33%)
Step 1700: 0.153148 (34%)
Added 116493 gaussians, new count 689574
Culled 56706 gaussians, remaining 632868
Step 1710: 0.141263 (34%)
Step 1720: 0.133091 (34%)
Step 1730: 0.144119 (34%)
Step 1740: 0.116139 (34%)
Step 1750: 0.117686 (35%)
Step 1760: 0.108291 (35%)
Step 1770: 0.143985 (35%)
Step 1780: 0.12561 (35%)
Step 1790: 0.145618 (35%)
Step 1800: 0.107694 (36%)
Added 115554 gaussians, new count 748422
Culled 57000 gaussians, remaining 691422
Step 1810: 0.102277 (36%)
Step 1820: 0.133618 (36%)
Step 1830: 0.124455 (36%)
Step 1840: 0.147776 (36%)
Step 1850: 0.111268 (37%)
Step 1860: 0.11651 (37%)
Step 1870: 0.132893 (37%)
Step 1880: 0.130884 (37%)
Step 1890: 0.0968738 (37%)
Step 1900: 0.0890868 (38%)
Added 117486 gaussians, new count 808908
Culled 59603 gaussians, remaining 749305
Step 1910: 0.126251 (38%)
Step 1920: 0.0952192 (38%)
Step 1930: 0.116917 (38%)
Step 1940: 0.138142 (38%)
Step 1950: 0.135025 (39%)
Step 1960: 0.118429 (39%)
Step 1970: 0.158208 (39%)
Step 1980: 0.0917741 (39%)
Step 1990: 0.101868 (39%)
Step 2000: 0.132642 (40%)
Added 117605 gaussians, new count 866910
Culled 62064 gaussians, remaining 804846
Step 2010: 0.141549 (40%)
Step 2020: 0.118591 (40%)
Step 2030: 0.11687 (40%)
Step 2040: 0.135405 (40%)
Step 2050: 0.126683 (41%)
Step 2060: 0.133441 (41%)
Step 2070: 0.101534 (41%)
Step 2080: 0.106517 (41%)
Step 2090: 0.123589 (41%)
Step 2100: 0.112513 (42%)
Added 115521 gaussians, new count 920367
Culled 63600 gaussians, remaining 856767
Step 2110: 0.120096 (42%)
Step 2120: 0.133546 (42%)
Step 2130: 0.123637 (42%)
Step 2140: 0.130267 (42%)
Step 2150: 0.11127 (43%)
Step 2160: 0.110772 (43%)
Step 2170: 0.112047 (43%)
Step 2180: 0.096499 (43%)
Step 2190: 0.0812215 (43%)
Step 2200: 0.109303 (44%)
Added 113836 gaussians, new count 970603
Culled 63578 gaussians, remaining 907025
Step 2210: 0.126185 (44%)
Step 2220: 0.125354 (44%)
Step 2230: 0.087438 (44%)
Step 2240: 0.106951 (44%)
Step 2250: 0.120856 (45%)
Step 2260: 0.0851268 (45%)
Step 2270: 0.10498 (45%)
Step 2280: 0.0830275 (45%)
Step 2290: 0.0940142 (45%)
Step 2300: 0.132612 (46%)
Added 109637 gaussians, new count 1016662
Culled 65905 gaussians, remaining 950757
Step 2310: 0.0925098 (46%)
Step 2320: 0.123685 (46%)
Step 2330: 0.0915828 (46%)
Step 2340: 0.122882 (46%)
Step 2350: 0.122676 (47%)
Step 2360: 0.104382 (47%)
Step 2370: 0.116443 (47%)
Step 2380: 0.0920619 (47%)
Step 2390: 0.0901568 (47%)
Step 2400: 0.113643 (48%)
Added 115480 gaussians, new count 1066237
Culled 65211 gaussians, remaining 1001026
Step 2410: 0.13606 (48%)
Step 2420: 0.118594 (48%)
Step 2430: 0.116814 (48%)
Step 2440: 0.0936664 (48%)
Step 2450: 0.0765628 (49%)
Step 2460: 0.0851595 (49%)
Step 2470: 0.121779 (49%)
Step 2480: 0.0836296 (49%)
Step 2490: 0.0882868 (49%)
Step 2500: 0.0792903 (50%)
Step 2510: 0.101438 (50%)
Step 2520: 0.0752393 (50%)
Step 2530: 0.0968088 (50%)
Step 2540: 0.101639 (50%)
Step 2550: 0.0871002 (51%)
Step 2560: 0.117226 (51%)
Step 2570: 0.0893576 (51%)
Step 2580: 0.0956135 (51%)
Step 2590: 0.104983 (51%)
Step 2600: 0.0932866 (52%)
Step 2610: 0.0875559 (52%)
Step 2620: 0.111671 (52%)
Step 2630: 0.121753 (52%)
Step 2640: 0.114006 (52%)
Step 2650: 0.0891001 (52%)
Step 2660: 0.0958721 (53%)
Step 2670: 0.0977935 (53%)
Step 2680: 0.0973874 (53%)
Step 2690: 0.0974538 (53%)
Step 2700: 0.105022 (54%)
Step 2710: 0.105526 (54%)
Step 2720: 0.109307 (54%)
Step 2730: 0.0803772 (54%)
Step 2740: 0.0898979 (54%)
Step 2750: 0.1167 (55%)
Step 2760: 0.0885171 (55%)
Step 2770: 0.0838157 (55%)
Step 2780: 0.109812 (55%)
Step 2790: 0.0907755 (55%)
Step 2800: 0.118566 (56%)
Step 2810: 0.109909 (56%)
Step 2820: 0.0816058 (56%)
Step 2830: 0.0836433 (56%)
Step 2840: 0.111029 (56%)
Step 2850: 0.0764866 (57%)
Step 2860: 0.0722072 (57%)
Step 2870: 0.0756566 (57%)
Step 2880: 0.084609 (57%)
Step 2890: 0.111864 (57%)
Step 2900: 0.0820505 (58%)
Step 2910: 0.0889935 (58%)
Step 2920: 0.109777 (58%)
Step 2930: 0.0829088 (58%)
Step 2940: 0.0895409 (58%)
Step 2950: 0.0797021 (58%)
Step 2960: 0.10838 (59%)
Step 2970: 0.116195 (59%)
Step 2980: 0.0736795 (59%)
Step 2990: 0.0794702 (59%)
Step 3000: 0.190026 (60%)
Step 3010: 0.167292 (60%)
Step 3020: 0.168927 (60%)
Step 3030: 0.129208 (60%)
Step 3040: 0.155371 (60%)
Step 3050: 0.154861 (61%)
Step 3060: 0.147244 (61%)
Step 3070: 0.13023 (61%)
Step 3080: 0.140474 (61%)
Step 3090: 0.147229 (61%)
Step 3100: 0.117978 (62%)
Step 3110: 0.127369 (62%)
Step 3120: 0.130202 (62%)
Step 3130: 0.128186 (62%)
Step 3140: 0.147368 (62%)
Step 3150: 0.150453 (63%)
Step 3160: 0.138441 (63%)
Step 3170: 0.138723 (63%)
Step 3180: 0.108656 (63%)
Step 3190: 0.151728 (63%)
Step 3200: 0.157753 (64%)
Step 3210: 0.144528 (64%)
Step 3220: 0.13363 (64%)
Step 3230: 0.150272 (64%)
Step 3240: 0.118818 (64%)
Step 3250: 0.150555 (65%)
Step 3260: 0.113754 (65%)
Step 3270: 0.156251 (65%)
Step 3280: 0.121181 (65%)
Step 3290: 0.119752 (65%)
Step 3300: 0.137986 (66%)
Step 3310: 0.103923 (66%)
Step 3320: 0.129143 (66%)
Step 3330: 0.139329 (66%)
Step 3340: 0.142884 (66%)
Step 3350: 0.147204 (67%)
Step 3360: 0.144036 (67%)
Step 3370: 0.117562 (67%)
Step 3380: 0.119835 (67%)
Step 3390: 0.140572 (67%)
Step 3400: 0.100854 (68%)
Step 3410: 0.142751 (68%)
Step 3420: 0.122581 (68%)
Step 3430: 0.137048 (68%)
Step 3440: 0.150682 (68%)
Step 3450: 0.130883 (69%)
Step 3460: 0.124251 (69%)
Step 3470: 0.14222 (69%)
Step 3480: 0.132433 (69%)
Step 3490: 0.163932 (69%)
Step 3500: 0.172811 (70%)
Step 3510: 0.112461 (70%)
Step 3520: 0.102548 (70%)
Step 3530: 0.123948 (70%)
Step 3540: 0.134704 (70%)
Step 3550: 0.150674 (71%)
Step 3560: 0.128683 (71%)
Step 3570: 0.166103 (71%)
Step 3580: 0.139797 (71%)
Step 3590: 0.146979 (71%)
Step 3600: 0.128532 (72%)
Step 3610: 0.118499 (72%)
Step 3620: 0.128182 (72%)
Step 3630: 0.124661 (72%)
Step 3640: 0.137933 (72%)
Step 3650: 0.129343 (73%)
Step 3660: 0.12012 (73%)
Step 3670: 0.0945779 (73%)
Step 3680: 0.148907 (73%)
Step 3690: 0.136588 (73%)
Step 3700: 0.133853 (74%)
Step 3710: 0.134505 (74%)
Step 3720: 0.131453 (74%)
Step 3730: 0.125038 (74%)
Step 3740: 0.102864 (74%)
Step 3750: 0.122957 (75%)
Step 3760: 0.126393 (75%)
Step 3770: 0.122512 (75%)
Step 3780: 0.146657 (75%)
Step 3790: 0.125165 (75%)
Step 3800: 0.145887 (76%)
Step 3810: 0.113494 (76%)
Step 3820: 0.099723 (76%)
Step 3830: 0.12283 (76%)
Step 3840: 0.0917021 (76%)
Step 3850: 0.0948592 (77%)
Step 3860: 0.0961546 (77%)
Step 3870: 0.103413 (77%)
Step 3880: 0.111603 (77%)
Step 3890: 0.11796 (77%)
Step 3900: 0.127658 (78%)
Step 3910: 0.164851 (78%)
Step 3920: 0.132784 (78%)
Step 3930: 0.101451 (78%)
Step 3940: 0.0837953 (78%)
Step 3950: 0.132634 (79%)
Step 3960: 0.100355 (79%)
Step 3970: 0.133834 (79%)
Step 3980: 0.0992617 (79%)
Step 3990: 0.0982043 (79%)
Step 4000: 0.124543 (80%)
Step 4010: 0.141727 (80%)
Step 4020: 0.103923 (80%)
Step 4030: 0.1427 (80%)
Step 4040: 0.109088 (80%)
Step 4050: 0.135992 (81%)
Step 4060: 0.11061 (81%)
Step 4070: 0.121578 (81%)
Step 4080: 0.1258 (81%)
Step 4090: 0.117191 (81%)
Step 4100: 0.122019 (82%)
Step 4110: 0.0856902 (82%)
Step 4120: 0.131981 (82%)
Step 4130: 0.141161 (82%)
Step 4140: 0.119027 (82%)
Step 4150: 0.0970614 (83%)
Step 4160: 0.136305 (83%)
Step 4170: 0.0937811 (83%)
Step 4180: 0.103316 (83%)
Step 4190: 0.123366 (83%)
Step 4200: 0.0929186 (84%)
Step 4210: 0.124965 (84%)
Step 4220: 0.120394 (84%)
Step 4230: 0.117966 (84%)
Step 4240: 0.121663 (84%)
Step 4250: 0.113906 (85%)
Step 4260: 0.132906 (85%)
Step 4270: 0.109625 (85%)
Step 4280: 0.118621 (85%)
Step 4290: 0.12273 (85%)
Step 4300: 0.130128 (86%)
Step 4310: 0.104195 (86%)
Step 4320: 0.120216 (86%)
Step 4330: 0.0992066 (86%)
Step 4340: 0.0853858 (86%)
Step 4350: 0.108149 (87%)
Step 4360: 0.123838 (87%)
Step 4370: 0.122598 (87%)
Step 4380: 0.129248 (87%)
Step 4390: 0.1287 (87%)
Step 4400: 0.0886044 (88%)
Step 4410: 0.108028 (88%)
Step 4420: 0.117683 (88%)
Step 4430: 0.0931328 (88%)
Step 4440: 0.127423 (88%)
Step 4450: 0.109971 (89%)
Step 4460: 0.0982584 (89%)
Step 4470: 0.103359 (89%)
Step 4480: 0.120051 (89%)
Step 4490: 0.111743 (89%)
Step 4500: 0.130471 (90%)
Step 4510: 0.112479 (90%)
Step 4520: 0.115893 (90%)
Step 4530: 0.108581 (90%)
Step 4540: 0.0815706 (90%)
Step 4550: 0.110264 (91%)
Step 4560: 0.112874 (91%)
Step 4570: 0.134599 (91%)
Step 4580: 0.123295 (91%)
Step 4590: 0.118313 (91%)
Step 4600: 0.117851 (92%)
Step 4610: 0.125659 (92%)
Step 4620: 0.10645 (92%)
Step 4630: 0.110079 (92%)
Step 4640: 0.124717 (92%)
Step 4650: 0.102916 (93%)
Step 4660: 0.0965229 (93%)
Step 4670: 0.0929803 (93%)
Step 4680: 0.124531 (93%)
Step 4690: 0.113603 (93%)
Step 4700: 0.106493 (94%)
Step 4710: 0.122759 (94%)
Step 4720: 0.121725 (94%)
Step 4730: 0.108786 (94%)
Step 4740: 0.092894 (94%)
Step 4750: 0.110428 (95%)
Step 4760: 0.0882223 (95%)
Step 4770: 0.104037 (95%)
Step 4780: 0.12339 (95%)
Step 4790: 0.100403 (95%)
Step 4800: 0.0949449 (96%)
Step 4810: 0.104242 (96%)
Step 4820: 0.10589 (96%)
Step 4830: 0.136553 (96%)
Step 4840: 0.0908522 (96%)
Step 4850: 0.0941987 (97%)
Step 4860: 0.124996 (97%)
Step 4870: 0.0931017 (97%)
Step 4880: 0.0949782 (97%)
Step 4890: 0.127221 (97%)
Step 4900: 0.115611 (98%)
Step 4910: 0.113909 (98%)
Step 4920: 0.126388 (98%)
Step 4930: 0.0901687 (98%)
Step 4940: 0.103864 (98%)
Step 4950: 0.109305 (99%)
Step 4960: 0.123414 (99%)
Step 4970: 0.107729 (99%)
Step 4980: 0.0964983 (99%)
Step 4990: 0.0871478 (99%)
Step 5000: 0.101445 (100%)
Wrote /Users/bc/brendanchambers/2026-06-18-iphone-video-to-splat/data/intermediates/gardenbed_full_scene_max-num-features-2048_type-sift_bruteforce_distortion_corrected/splats/5000steps_20260619_2153/cameras.json
Wrote /Users/bc/brendanchambers/2026-06-18-iphone-video-to-splat/data/intermediates/gardenbed_full_scene_max-num-features-2048_type-sift_bruteforce_distortion_corrected/splats/5000steps_20260619_2153/opensplat_output_numiters5000_20260619_2153.ply
/Users/bc/brendanchambers/2026-06-18-iphone-video-to-splat/data/intermediates/gardenbed_full_scene_max-num-features-2048_type-sift_bruteforce_distortion_corrected/images/frame_0032.jpg validation loss: 0.133575
