Using MPS
Reading 2070 points
Loading /Users/bc/brendanchambers/2026-06-18-iphone-video-to-splat/data/intermediates/gardenbed_full_scene_max-num-features-256_type-sift_bruteforce_distortion_corrected/images/frame_0001.jpg
Loading /Users/bc/brendanchambers/2026-06-18-iphone-video-to-splat/data/intermediates/gardenbed_full_scene_max-num-features-256_type-sift_bruteforce_distortion_corrected/images/frame_0009.jpg
Loading /Users/bc/brendanchambers/2026-06-18-iphone-video-to-splat/data/intermediates/gardenbed_full_scene_max-num-features-256_type-sift_bruteforce_distortion_corrected/images/frame_0017.jpg
Loading Loading /Users/bc/brendanchambers/2026-06-18-iphone-video-to-splat/data/intermediates/gardenbed_full_scene_max-num-features-256_type-sift_bruteforce_distortion_corrected/images/frame_0033.jpg
Loading /Users/bc/brendanchambers/2026-06-18-iphone-video-to-splat/data/intermediates/gardenbed_full_scene_max-num-features-256_type-sift_bruteforce_distortion_corrected/images/frame_0025.jpg
Loading /Users/bc/brendanchambers/2026-06-18-iphone-video-to-splat/data/intermediates/gardenbed_full_scene_max-num-features-256_type-sift_bruteforce_distortion_corrected/images/frame_0049.jpg
/Users/bc/brendanchambers/2026-06-18-iphone-video-to-splat/data/intermediates/gardenbed_full_scene_max-num-features-256_type-sift_bruteforce_distortion_corrected/images/frame_0057.jpgLoading /Users/bc/brendanchambers/2026-06-18-iphone-video-to-splat/data/intermediates/gardenbed_full_scene_max-num-features-256_type-sift_bruteforce_distortion_corrected/images/frame_0114.jpg
Loading Loading /Users/bc/brendanchambers/2026-06-18-iphone-video-to-splat/data/intermediates/gardenbed_full_scene_max-num-features-256_type-sift_bruteforce_distortion_corrected/images/frame_0041.jpg/Users/bc/brendanchambers/2026-06-18-iphone-video-to-splat/data/intermediates/gardenbed_full_scene_max-num-features-256_type-sift_bruteforce_distortion_corrected/images/frame_0122.jpg


Loading /Users/bc/brendanchambers/2026-06-18-iphone-video-to-splat/data/intermediates/gardenbed_full_scene_max-num-features-256_type-sift_bruteforce_distortion_corrected/images/frame_0042.jpg
Loading /Users/bc/brendanchambers/2026-06-18-iphone-video-to-splat/data/intermediates/gardenbed_full_scene_max-num-features-256_type-sift_bruteforce_distortion_corrected/images/frame_0018.jpg
Loading /Users/bc/brendanchambers/2026-06-18-iphone-video-to-splat/data/intermediates/gardenbed_full_scene_max-num-features-256_type-sift_bruteforce_distortion_corrected/images/frame_0050.jpg
Loading /Users/bc/brendanchambers/2026-06-18-iphone-video-to-splat/data/intermediates/gardenbed_full_scene_max-num-features-256_type-sift_bruteforce_distortion_corrected/images/frame_0010.jpg
Loading /Users/bc/brendanchambers/2026-06-18-iphone-video-to-splat/data/intermediates/gardenbed_full_scene_max-num-features-256_type-sift_bruteforce_distortion_corrected/images/frame_0026.jpg
Loading /Users/bc/brendanchambers/2026-06-18-iphone-video-to-splat/data/intermediates/gardenbed_full_scene_max-num-features-256_type-sift_bruteforce_distortion_corrected/images/frame_0123.jpg
Loading /Users/bc/brendanchambers/2026-06-18-iphone-video-to-splat/data/intermediates/gardenbed_full_scene_max-num-features-256_type-sift_bruteforce_distortion_corrected/images/frame_0058.jpg
Loading /Users/bc/brendanchambers/2026-06-18-iphone-video-to-splat/data/intermediates/gardenbed_full_scene_max-num-features-256_type-sift_bruteforce_distortion_corrected/images/frame_0034.jpg
Loading /Users/bc/brendanchambers/2026-06-18-iphone-video-to-splat/data/intermediates/gardenbed_full_scene_max-num-features-256_type-sift_bruteforce_distortion_corrected/images/frame_0002.jpg
Loading /Users/bc/brendanchambers/2026-06-18-iphone-video-to-splat/data/intermediates/gardenbed_full_scene_max-num-features-256_type-sift_bruteforce_distortion_corrected/images/frame_0115.jpg
Loading /Users/bc/brendanchambers/2026-06-18-iphone-video-to-splat/data/intermediates/gardenbed_full_scene_max-num-features-256_type-sift_bruteforce_distortion_corrected/images/frame_0019.jpg
Loading /Users/bc/brendanchambers/2026-06-18-iphone-video-to-splat/data/intermediates/gardenbed_full_scene_max-num-features-256_type-sift_bruteforce_distortion_corrected/images/frame_0011.jpg
Loading /Users/bc/brendanchambers/2026-06-18-iphone-video-to-splat/data/intermediates/gardenbed_full_scene_max-num-features-256_type-sift_bruteforce_distortion_corrected/images/frame_0035.jpg
Loading /Users/bc/brendanchambers/2026-06-18-iphone-video-to-splat/data/intermediates/gardenbed_full_scene_max-num-features-256_type-sift_bruteforce_distortion_corrected/images/frame_0051.jpg
Loading /Users/bc/brendanchambers/2026-06-18-iphone-video-to-splat/data/intermediates/gardenbed_full_scene_max-num-features-256_type-sift_bruteforce_distortion_corrected/images/frame_0059.jpg
Loading /Users/bc/brendanchambers/2026-06-18-iphone-video-to-splat/data/intermediates/gardenbed_full_scene_max-num-features-256_type-sift_bruteforce_distortion_corrected/images/frame_0027.jpg
Loading /Users/bc/brendanchambers/2026-06-18-iphone-video-to-splat/data/intermediates/gardenbed_full_scene_max-num-features-256_type-sift_bruteforce_distortion_corrected/images/frame_0124.jpg
Loading /Users/bc/brendanchambers/2026-06-18-iphone-video-to-splat/data/intermediates/gardenbed_full_scene_max-num-features-256_type-sift_bruteforce_distortion_corrected/images/frame_0043.jpg
Loading /Users/bc/brendanchambers/2026-06-18-iphone-video-to-splat/data/intermediates/gardenbed_full_scene_max-num-features-256_type-sift_bruteforce_distortion_corrected/images/frame_0116.jpg
Loading /Users/bc/brendanchambers/2026-06-18-iphone-video-to-splat/data/intermediates/gardenbed_full_scene_max-num-features-256_type-sift_bruteforce_distortion_corrected/images/frame_0003.jpg
Loading /Users/bc/brendanchambers/2026-06-18-iphone-video-to-splat/data/intermediates/gardenbed_full_scene_max-num-features-256_type-sift_bruteforce_distortion_corrected/images/frame_0028.jpg
Loading /Users/bc/brendanchambers/2026-06-18-iphone-video-to-splat/data/intermediates/gardenbed_full_scene_max-num-features-256_type-sift_bruteforce_distortion_corrected/images/frame_0109.jpg
Loading /Users/bc/brendanchambers/2026-06-18-iphone-video-to-splat/data/intermediates/gardenbed_full_scene_max-num-features-256_type-sift_bruteforce_distortion_corrected/images/frame_0020.jpg
Loading /Users/bc/brendanchambers/2026-06-18-iphone-video-to-splat/data/intermediates/gardenbed_full_scene_max-num-features-256_type-sift_bruteforce_distortion_corrected/images/frame_0012.jpg
Loading /Users/bc/brendanchambers/2026-06-18-iphone-video-to-splat/data/intermediates/gardenbed_full_scene_max-num-features-256_type-sift_bruteforce_distortion_corrected/images/frame_0036.jpg
Loading /Users/bc/brendanchambers/2026-06-18-iphone-video-to-splat/data/intermediates/gardenbed_full_scene_max-num-features-256_type-sift_bruteforce_distortion_corrected/images/frame_0117.jpg
Loading /Users/bc/brendanchambers/2026-06-18-iphone-video-to-splat/data/intermediates/gardenbed_full_scene_max-num-features-256_type-sift_bruteforce_distortion_corrected/images/frame_0004.jpg
Loading /Users/bc/brendanchambers/2026-06-18-iphone-video-to-splat/data/intermediates/gardenbed_full_scene_max-num-features-256_type-sift_bruteforce_distortion_corrected/images/frame_0044.jpg
Loading /Users/bc/brendanchambers/2026-06-18-iphone-video-to-splat/data/intermediates/gardenbed_full_scene_max-num-features-256_type-sift_bruteforce_distortion_corrected/images/frame_0052.jpg
Loading /Users/bc/brendanchambers/2026-06-18-iphone-video-to-splat/data/intermediates/gardenbed_full_scene_max-num-features-256_type-sift_bruteforce_distortion_corrected/images/frame_0110.jpg
Loading /Users/bc/brendanchambers/2026-06-18-iphone-video-to-splat/data/intermediates/gardenbed_full_scene_max-num-features-256_type-sift_bruteforce_distortion_corrected/images/frame_0037.jpg
Loading /Users/bc/brendanchambers/2026-06-18-iphone-video-to-splat/data/intermediates/gardenbed_full_scene_max-num-features-256_type-sift_bruteforce_distortion_corrected/images/frame_0013.jpg
Loading /Users/bc/brendanchambers/2026-06-18-iphone-video-to-splat/data/intermediates/gardenbed_full_scene_max-num-features-256_type-sift_bruteforce_distortion_corrected/images/frame_0021.jpg
Loading /Users/bc/brendanchambers/2026-06-18-iphone-video-to-splat/data/intermediates/gardenbed_full_scene_max-num-features-256_type-sift_bruteforce_distortion_corrected/images/frame_0005.jpg
Loading /Users/bc/brendanchambers/2026-06-18-iphone-video-to-splat/data/intermediates/gardenbed_full_scene_max-num-features-256_type-sift_bruteforce_distortion_corrected/images/frame_0029.jpg
Loading /Users/bc/brendanchambers/2026-06-18-iphone-video-to-splat/data/intermediates/gardenbed_full_scene_max-num-features-256_type-sift_bruteforce_distortion_corrected/images/frame_0118.jpg
Loading /Users/bc/brendanchambers/2026-06-18-iphone-video-to-splat/data/intermediates/gardenbed_full_scene_max-num-features-256_type-sift_bruteforce_distortion_corrected/images/frame_0053.jpg
Loading /Users/bc/brendanchambers/2026-06-18-iphone-video-to-splat/data/intermediates/gardenbed_full_scene_max-num-features-256_type-sift_bruteforce_distortion_corrected/images/frame_0045.jpg
Loading /Users/bc/brendanchambers/2026-06-18-iphone-video-to-splat/data/intermediates/gardenbed_full_scene_max-num-features-256_type-sift_bruteforce_distortion_corrected/images/frame_0111.jpg
Loading /Users/bc/brendanchambers/2026-06-18-iphone-video-to-splat/data/intermediates/gardenbed_full_scene_max-num-features-256_type-sift_bruteforce_distortion_corrected/images/frame_0038.jpg
Loading /Users/bc/brendanchambers/2026-06-18-iphone-video-to-splat/data/intermediates/gardenbed_full_scene_max-num-features-256_type-sift_bruteforce_distortion_corrected/images/frame_0046.jpg
Loading /Users/bc/brendanchambers/2026-06-18-iphone-video-to-splat/data/intermediates/gardenbed_full_scene_max-num-features-256_type-sift_bruteforce_distortion_corrected/images/frame_0014.jpg
Loading /Users/bc/brendanchambers/2026-06-18-iphone-video-to-splat/data/intermediates/gardenbed_full_scene_max-num-features-256_type-sift_bruteforce_distortion_corrected/images/frame_0054.jpg
Loading /Users/bc/brendanchambers/2026-06-18-iphone-video-to-splat/data/intermediates/gardenbed_full_scene_max-num-features-256_type-sift_bruteforce_distortion_corrected/images/frame_0119.jpg
Loading /Users/bc/brendanchambers/2026-06-18-iphone-video-to-splat/data/intermediates/gardenbed_full_scene_max-num-features-256_type-sift_bruteforce_distortion_corrected/images/frame_0022.jpg
Loading /Users/bc/brendanchambers/2026-06-18-iphone-video-to-splat/data/intermediates/gardenbed_full_scene_max-num-features-256_type-sift_bruteforce_distortion_corrected/images/frame_0006.jpg
Loading /Users/bc/brendanchambers/2026-06-18-iphone-video-to-splat/data/intermediates/gardenbed_full_scene_max-num-features-256_type-sift_bruteforce_distortion_corrected/images/frame_0030.jpg
Loading /Users/bc/brendanchambers/2026-06-18-iphone-video-to-splat/data/intermediates/gardenbed_full_scene_max-num-features-256_type-sift_bruteforce_distortion_corrected/images/frame_0112.jpg
Loading /Users/bc/brendanchambers/2026-06-18-iphone-video-to-splat/data/intermediates/gardenbed_full_scene_max-num-features-256_type-sift_bruteforce_distortion_corrected/images/frame_0039.jpg
Loading /Users/bc/brendanchambers/2026-06-18-iphone-video-to-splat/data/intermediates/gardenbed_full_scene_max-num-features-256_type-sift_bruteforce_distortion_corrected/images/frame_0007.jpg
Loading /Users/bc/brendanchambers/2026-06-18-iphone-video-to-splat/data/intermediates/gardenbed_full_scene_max-num-features-256_type-sift_bruteforce_distortion_corrected/images/frame_0047.jpg
Loading /Users/bc/brendanchambers/2026-06-18-iphone-video-to-splat/data/intermediates/gardenbed_full_scene_max-num-features-256_type-sift_bruteforce_distortion_corrected/images/frame_0120.jpg
Loading /Users/bc/brendanchambers/2026-06-18-iphone-video-to-splat/data/intermediates/gardenbed_full_scene_max-num-features-256_type-sift_bruteforce_distortion_corrected/images/frame_0015.jpg
Loading /Users/bc/brendanchambers/2026-06-18-iphone-video-to-splat/data/intermediates/gardenbed_full_scene_max-num-features-256_type-sift_bruteforce_distortion_corrected/images/frame_0023.jpg
Loading /Users/bc/brendanchambers/2026-06-18-iphone-video-to-splat/data/intermediates/gardenbed_full_scene_max-num-features-256_type-sift_bruteforce_distortion_corrected/images/frame_0113.jpg
Loading /Users/bc/brendanchambers/2026-06-18-iphone-video-to-splat/data/intermediates/gardenbed_full_scene_max-num-features-256_type-sift_bruteforce_distortion_corrected/images/frame_0055.jpg
Loading /Users/bc/brendanchambers/2026-06-18-iphone-video-to-splat/data/intermediates/gardenbed_full_scene_max-num-features-256_type-sift_bruteforce_distortion_corrected/images/frame_0040.jpg
Loading /Users/bc/brendanchambers/2026-06-18-iphone-video-to-splat/data/intermediates/gardenbed_full_scene_max-num-features-256_type-sift_bruteforce_distortion_corrected/images/frame_0031.jpg
Loading /Users/bc/brendanchambers/2026-06-18-iphone-video-to-splat/data/intermediates/gardenbed_full_scene_max-num-features-256_type-sift_bruteforce_distortion_corrected/images/frame_0121.jpg
Loading /Users/bc/brendanchambers/2026-06-18-iphone-video-to-splat/data/intermediates/gardenbed_full_scene_max-num-features-256_type-sift_bruteforce_distortion_corrected/images/frame_0008.jpg
Loading /Users/bc/brendanchambers/2026-06-18-iphone-video-to-splat/data/intermediates/gardenbed_full_scene_max-num-features-256_type-sift_bruteforce_distortion_corrected/images/frame_0048.jpg
Loading /Users/bc/brendanchambers/2026-06-18-iphone-video-to-splat/data/intermediates/gardenbed_full_scene_max-num-features-256_type-sift_bruteforce_distortion_corrected/images/frame_0024.jpg
Loading /Users/bc/brendanchambers/2026-06-18-iphone-video-to-splat/data/intermediates/gardenbed_full_scene_max-num-features-256_type-sift_bruteforce_distortion_corrected/images/frame_0056.jpg
Loading /Users/bc/brendanchambers/2026-06-18-iphone-video-to-splat/data/intermediates/gardenbed_full_scene_max-num-features-256_type-sift_bruteforce_distortion_corrected/images/frame_0016.jpg
Loading /Users/bc/brendanchambers/2026-06-18-iphone-video-to-splat/data/intermediates/gardenbed_full_scene_max-num-features-256_type-sift_bruteforce_distortion_corrected/images/frame_0032.jpg
init_gsplat_metal_context: loading '/Users/bc/brendanchambers/2026-06-18-iphone-video-to-splat/opensplat/build/default.metallib'
init_gsplat_metal_context: loaded '/Users/bc/brendanchambers/2026-06-18-iphone-video-to-splat/opensplat/build/default.metallib', functions: compute_cov2d_bounds_kernel, project_gaussians_backward_kernel, get_tile_bin_edges_kernel, rasterize_backward_kernel, map_gaussian_to_intersects_kernel, nd_rasterize_backward_kernel, project_gaussians_forward_kernel, compute_sh_backward_kernel, compute_sh_forward_kernel, nd_rasterize_forward_kernel
init_gsplat_metal_context: load function nd_rasterize_backward_kernel with label: (null)
init_gsplat_metal_context: load function nd_rasterize_forward_kernel with label: (null)
init_gsplat_metal_context: load function rasterize_backward_kernel with label: (null)
init_gsplat_metal_context: load function project_gaussians_forward_kernel with label: (null)
init_gsplat_metal_context: load function project_gaussians_backward_kernel with label: (null)
init_gsplat_metal_context: load function compute_sh_forward_kernel with label: (null)
init_gsplat_metal_context: load function compute_sh_backward_kernel with label: (null)
init_gsplat_metal_context: load function compute_cov2d_bounds_kernel with label: (null)
init_gsplat_metal_context: load function map_gaussian_to_intersects_kernel with label: (null)
init_gsplat_metal_context: load function get_tile_bin_edges_kernel with label: (null)
Step 10: 0.299703 (0%)
Step 20: 0.302232 (0%)
Step 30: 0.293394 (0%)
Step 40: 0.293906 (0%)
Step 50: 0.286421 (1%)
Step 60: 0.27276 (1%)
Step 70: 0.292039 (1%)
Step 80: 0.283763 (1%)
Step 90: 0.284156 (1%)
Step 100: 0.288307 (2%)
Step 110: 0.288366 (2%)
Step 120: 0.287099 (2%)
Step 130: 0.274343 (2%)
Step 140: 0.282439 (2%)
Step 150: 0.278608 (3%)
Step 160: 0.290283 (3%)
Step 170: 0.282283 (3%)
Step 180: 0.282868 (3%)
Step 190: 0.286148 (3%)
Step 200: 0.283677 (4%)
Step 210: 0.281982 (4%)
Step 220: 0.283635 (4%)
Step 230: 0.285326 (4%)
Step 240: 0.268897 (4%)
Step 250: 0.282661 (5%)
Step 260: 0.286021 (5%)
Step 270: 0.260749 (5%)
Step 280: 0.281808 (5%)
Step 290: 0.275661 (5%)
Step 300: 0.282333 (6%)
Step 310: 0.282388 (6%)
Step 320: 0.276435 (6%)
Step 330: 0.276806 (6%)
Step 340: 0.267826 (6%)
Step 350: 0.275647 (7%)
Step 360: 0.28034 (7%)
Step 370: 0.277695 (7%)
Step 380: 0.265093 (7%)
Step 390: 0.262894 (7%)
Step 400: 0.26025 (8%)
Step 410: 0.274903 (8%)
Step 420: 0.275852 (8%)
Step 430: 0.277696 (8%)
Step 440: 0.274981 (8%)
Step 450: 0.280125 (9%)
Step 460: 0.275165 (9%)
Step 470: 0.27646 (9%)
Step 480: 0.270756 (9%)
Step 490: 0.269528 (9%)
Step 500: 0.271258 (10%)
Step 510: 0.25905 (10%)
Step 520: 0.272489 (10%)
Step 530: 0.26985 (10%)
Step 540: 0.271693 (10%)
Step 550: 0.273209 (11%)
Step 560: 0.275713 (11%)
Step 570: 0.274404 (11%)
Step 580: 0.261823 (11%)
Step 590: 0.267892 (11%)
Step 600: 0.27121 (12%)
Added 1763 gaussians, new count 3833
Culled 1403 gaussians, remaining 2430
Step 610: 0.274042 (12%)
Step 620: 0.27371 (12%)
Step 630: 0.27759 (12%)
Step 640: 0.27602 (12%)
Step 650: 0.275002 (13%)
Step 660: 0.246601 (13%)
Step 670: 0.267237 (13%)
Step 680: 0.269866 (13%)
Step 690: 0.266592 (13%)
Step 700: 0.263912 (14%)
Added 3455 gaussians, new count 5885
Culled 1770 gaussians, remaining 4115
Step 710: 0.280635 (14%)
Step 720: 0.289566 (14%)
Step 730: 0.271232 (14%)
Step 740: 0.276239 (14%)
Step 750: 0.249363 (15%)
Step 760: 0.268129 (15%)
Step 770: 0.247297 (15%)
Step 780: 0.255891 (15%)
Step 790: 0.257164 (15%)
Step 800: 0.256279 (16%)
Added 5795 gaussians, new count 9910
Culled 2679 gaussians, remaining 7231
Step 810: 0.27088 (16%)
Step 820: 0.27843 (16%)
Step 830: 0.240579 (16%)
Step 840: 0.24016 (16%)
Step 850: 0.211015 (17%)
Step 860: 0.257846 (17%)
Step 870: 0.254323 (17%)
Step 880: 0.247837 (17%)
Step 890: 0.23555 (17%)
Step 900: 0.219447 (18%)
Added 9531 gaussians, new count 16762
Culled 3985 gaussians, remaining 12777
Step 910: 0.237996 (18%)
Step 920: 0.268445 (18%)
Step 930: 0.27357 (18%)
Step 940: 0.253847 (18%)
Step 950: 0.230378 (19%)
Step 960: 0.231369 (19%)
Step 970: 0.231029 (19%)
Step 980: 0.235205 (19%)
Step 990: 0.190175 (19%)
Step 1000: 0.251409 (20%)
Added 15038 gaussians, new count 27815
Culled 5636 gaussians, remaining 22179
Step 1010: 0.251444 (20%)
Step 1020: 0.261877 (20%)
Step 1030: 0.227584 (20%)
Step 1040: 0.243561 (20%)
Step 1050: 0.251957 (21%)
Step 1060: 0.197507 (21%)
Step 1070: 0.211431 (21%)
Step 1080: 0.223553 (21%)
Step 1090: 0.224845 (21%)
Step 1100: 0.238496 (22%)
Added 22698 gaussians, new count 44877
Culled 7701 gaussians, remaining 37176
Step 1110: 0.247516 (22%)
Step 1120: 0.243992 (22%)
Step 1130: 0.246243 (22%)
Step 1140: 0.231048 (22%)
Step 1150: 0.168181 (23%)
Step 1160: 0.22325 (23%)
Step 1170: 0.231948 (23%)
Step 1180: 0.209225 (23%)
Step 1190: 0.185065 (23%)
Step 1200: 0.173006 (24%)
Added 32328 gaussians, new count 69504
Culled 10296 gaussians, remaining 59208
Step 1210: 0.194607 (24%)
Step 1220: 0.213842 (24%)
Step 1230: 0.186597 (24%)
Step 1240: 0.235899 (24%)
Step 1250: 0.183381 (25%)
Step 1260: 0.165177 (25%)
Step 1270: 0.225465 (25%)
Step 1280: 0.221384 (25%)
Step 1290: 0.20243 (25%)
Step 1300: 0.207369 (26%)
Added 43534 gaussians, new count 102742
Culled 13301 gaussians, remaining 89441
Step 1310: 0.182667 (26%)
Step 1320: 0.189514 (26%)
Step 1330: 0.17877 (26%)
Step 1340: 0.163506 (26%)
Step 1350: 0.185264 (27%)
Step 1360: 0.168265 (27%)
Step 1370: 0.21057 (27%)
Step 1380: 0.21535 (27%)
Step 1390: 0.187705 (27%)
Step 1400: 0.160198 (28%)
Added 55435 gaussians, new count 144876
Culled 16170 gaussians, remaining 128706
Step 1410: 0.17667 (28%)
Step 1420: 0.161756 (28%)
Step 1430: 0.181469 (28%)
Step 1440: 0.186253 (28%)
Step 1450: 0.168833 (29%)
Step 1460: 0.130867 (29%)
Step 1470: 0.179187 (29%)
Step 1480: 0.20517 (29%)
Step 1490: 0.194555 (29%)
Step 1500: 0.190296 (30%)
Added 66073 gaussians, new count 194779
Culled 19261 gaussians, remaining 175518
Step 1510: 0.22601 (30%)
Step 1520: 0.156288 (30%)
Step 1530: 0.174648 (30%)
Step 1540: 0.17802 (30%)
Step 1550: 0.176397 (31%)
Step 1560: 0.137087 (31%)
Step 1570: 0.155234 (31%)
Step 1580: 0.207758 (31%)
Step 1590: 0.195287 (31%)
Step 1600: 0.150869 (32%)
Added 75103 gaussians, new count 250621
Culled 21369 gaussians, remaining 229252
Step 1610: 0.223403 (32%)
Step 1620: 0.171252 (32%)
Step 1630: 0.155687 (32%)
Step 1640: 0.140151 (32%)
Step 1650: 0.158708 (33%)
Step 1660: 0.118184 (33%)
Step 1670: 0.137872 (33%)
Step 1680: 0.154186 (33%)
Step 1690: 0.108158 (33%)
Step 1700: 0.187822 (34%)
Added 84375 gaussians, new count 313627
Culled 24302 gaussians, remaining 289325
Step 1710: 0.197403 (34%)
Step 1720: 0.14162 (34%)
Step 1730: 0.126642 (34%)
Step 1740: 0.161677 (34%)
Step 1750: 0.158909 (35%)
Step 1760: 0.126186 (35%)
Step 1770: 0.170854 (35%)
Step 1780: 0.105028 (35%)
Step 1790: 0.12167 (35%)
Step 1800: 0.156625 (36%)
Added 87631 gaussians, new count 376956
Culled 26834 gaussians, remaining 350122
Step 1810: 0.18765 (36%)
Step 1820: 0.137433 (36%)
Step 1830: 0.144106 (36%)
Step 1840: 0.124103 (36%)
Step 1850: 0.16199 (37%)
Step 1860: 0.154991 (37%)
Step 1870: 0.144596 (37%)
Step 1880: 0.124834 (37%)
Step 1890: 0.16356 (37%)
Step 1900: 0.125301 (38%)
Added 91881 gaussians, new count 442003
Culled 27785 gaussians, remaining 414218
Step 1910: 0.135345 (38%)
Step 1920: 0.14258 (38%)
Step 1930: 0.145314 (38%)
Step 1940: 0.160906 (38%)
Step 1950: 0.136431 (39%)
Step 1960: 0.146796 (39%)
Step 1970: 0.16579 (39%)
Step 1980: 0.106777 (39%)
Step 1990: 0.0978895 (39%)
Step 2000: 0.159657 (40%)
Added 95391 gaussians, new count 509609
Culled 30315 gaussians, remaining 479294
Step 2010: 0.131143 (40%)
Step 2020: 0.137839 (40%)
Step 2030: 0.100113 (40%)
Step 2040: 0.148957 (40%)
Step 2050: 0.118263 (41%)
Step 2060: 0.1233 (41%)
Step 2070: 0.0981431 (41%)
Step 2080: 0.127252 (41%)
Step 2090: 0.0952322 (41%)
Step 2100: 0.131163 (42%)
Added 93704 gaussians, new count 572998
Culled 32228 gaussians, remaining 540770
Step 2110: 0.109223 (42%)
Step 2120: 0.126624 (42%)
Step 2130: 0.118564 (42%)
Step 2140: 0.167772 (42%)
Step 2150: 0.123176 (43%)
Step 2160: 0.123081 (43%)
Step 2170: 0.115016 (43%)
Step 2180: 0.124202 (43%)
Step 2190: 0.113703 (43%)
Step 2200: 0.127633 (44%)
Added 95851 gaussians, new count 636621
Culled 31903 gaussians, remaining 604718
Step 2210: 0.124169 (44%)
Step 2220: 0.119489 (44%)
Step 2230: 0.128118 (44%)
Step 2240: 0.150741 (44%)
Step 2250: 0.148751 (45%)
Step 2260: 0.174802 (45%)
Step 2270: 0.135238 (45%)
Step 2280: 0.0892179 (45%)
Step 2290: 0.110695 (45%)
Step 2300: 0.086647 (46%)
Added 97096 gaussians, new count 701814
Culled 33905 gaussians, remaining 667909
Step 2310: 0.104375 (46%)
Step 2320: 0.0982301 (46%)
Step 2330: 0.154613 (46%)
Step 2340: 0.124364 (46%)
Step 2350: 0.153122 (47%)
Step 2360: 0.121571 (47%)
Step 2370: 0.14857 (47%)
Step 2380: 0.160649 (47%)
Step 2390: 0.122946 (47%)
Step 2400: 0.104453 (48%)
Added 92548 gaussians, new count 760457
Culled 36050 gaussians, remaining 724407
Step 2410: 0.156412 (48%)
Step 2420: 0.109531 (48%)
Step 2430: 0.114833 (48%)
Step 2440: 0.168518 (48%)
Step 2450: 0.0872329 (49%)
Step 2460: 0.106439 (49%)
Step 2470: 0.115222 (49%)
Step 2480: 0.0948583 (49%)
Step 2490: 0.148989 (49%)
Step 2500: 0.14091 (50%)
Step 2510: 0.108076 (50%)
Step 2520: 0.146994 (50%)
Step 2530: 0.135092 (50%)
Step 2540: 0.143978 (50%)
Step 2550: 0.109768 (51%)
Step 2560: 0.0801754 (51%)
Step 2570: 0.101882 (51%)
Step 2580: 0.143343 (51%)
Step 2590: 0.114972 (51%)
Step 2600: 0.0812865 (52%)
Step 2610: 0.100663 (52%)
Step 2620: 0.102666 (52%)
Step 2630: 0.121814 (52%)
Step 2640: 0.141344 (52%)
Step 2650: 0.0949086 (52%)
Step 2660: 0.133937 (53%)
Step 2670: 0.135269 (53%)
Step 2680: 0.134293 (53%)
Step 2690: 0.0813107 (53%)
Step 2700: 0.102086 (54%)
Step 2710: 0.11148 (54%)
Step 2720: 0.0970997 (54%)
Step 2730: 0.1385 (54%)
Step 2740: 0.106245 (54%)
Step 2750: 0.104243 (55%)
Step 2760: 0.10607 (55%)
Step 2770: 0.104732 (55%)
Step 2780: 0.131816 (55%)
Step 2790: 0.106238 (55%)
Step 2800: 0.13031 (56%)
Step 2810: 0.082156 (56%)
Step 2820: 0.0955355 (56%)
Step 2830: 0.113782 (56%)
Step 2840: 0.102782 (56%)
Step 2850: 0.112554 (57%)
Step 2860: 0.105236 (57%)
Step 2870: 0.135351 (57%)
Step 2880: 0.13427 (57%)
Step 2890: 0.09104 (57%)
Step 2900: 0.104069 (58%)
Step 2910: 0.081177 (58%)
Step 2920: 0.107017 (58%)
Step 2930: 0.105155 (58%)
Step 2940: 0.0820284 (58%)
Step 2950: 0.123762 (58%)
Step 2960: 0.0799618 (59%)
Step 2970: 0.124493 (59%)
Step 2980: 0.0943017 (59%)
Step 2990: 0.0891665 (59%)
Step 3000: 0.210512 (60%)
Step 3010: 0.190093 (60%)
Step 3020: 0.179377 (60%)
Step 3030: 0.123861 (60%)
Step 3040: 0.164517 (60%)
Step 3050: 0.160128 (61%)
Step 3060: 0.154762 (61%)
Step 3070: 0.150064 (61%)
Step 3080: 0.127172 (61%)
Step 3090: 0.144656 (61%)
Step 3100: 0.146571 (62%)
Step 3110: 0.128308 (62%)
Step 3120: 0.150147 (62%)
Step 3130: 0.147624 (62%)
Step 3140: 0.118998 (62%)
Step 3150: 0.177652 (63%)
Step 3160: 0.129106 (63%)
Step 3170: 0.127032 (63%)
Step 3180: 0.139864 (63%)
Step 3190: 0.128252 (63%)
Step 3200: 0.140448 (64%)
Step 3210: 0.149483 (64%)
Step 3220: 0.144917 (64%)
Step 3230: 0.122162 (64%)
Step 3240: 0.124743 (64%)
Step 3250: 0.10925 (65%)
Step 3260: 0.117062 (65%)
Step 3270: 0.151931 (65%)
Step 3280: 0.128071 (65%)
Step 3290: 0.179471 (65%)
Step 3300: 0.147301 (66%)
Step 3310: 0.115008 (66%)
Step 3320: 0.123236 (66%)
Step 3330: 0.151752 (66%)
Step 3340: 0.120845 (66%)
Step 3350: 0.125909 (67%)
Step 3360: 0.134705 (67%)
Step 3370: 0.143361 (67%)
Step 3380: 0.140037 (67%)
Step 3390: 0.103679 (67%)
Step 3400: 0.109655 (68%)
Step 3410: 0.148145 (68%)
Step 3420: 0.129625 (68%)
Step 3430: 0.135775 (68%)
Step 3440: 0.129092 (68%)
Step 3450: 0.128417 (69%)
Step 3460: 0.147186 (69%)
Step 3470: 0.171622 (69%)
Step 3480: 0.114709 (69%)
Step 3490: 0.14058 (69%)
Step 3500: 0.143062 (70%)
Step 3510: 0.167014 (70%)
Step 3520: 0.129961 (70%)
Step 3530: 0.134487 (70%)
Step 3540: 0.179557 (70%)
Step 3550: 0.137148 (71%)
Step 3560: 0.116714 (71%)
Step 3570: 0.14642 (71%)
Step 3580: 0.16713 (71%)
Step 3590: 0.130281 (71%)
Step 3600: 0.11018 (72%)
Step 3610: 0.119981 (72%)
Step 3620: 0.164141 (72%)
Step 3630: 0.163088 (72%)
Step 3640: 0.145805 (72%)
Step 3650: 0.164513 (73%)
Step 3660: 0.137014 (73%)
Step 3670: 0.126268 (73%)
Step 3680: 0.12203 (73%)
Step 3690: 0.157652 (73%)
Step 3700: 0.168802 (74%)
Step 3710: 0.145691 (74%)
Step 3720: 0.122826 (74%)
Step 3730: 0.147489 (74%)
Step 3740: 0.128553 (74%)
Step 3750: 0.128665 (75%)
Step 3760: 0.139973 (75%)
Step 3770: 0.109951 (75%)
Step 3780: 0.124215 (75%)
Step 3790: 0.12803 (75%)
Step 3800: 0.172078 (76%)
Step 3810: 0.109528 (76%)
Step 3820: 0.101864 (76%)
Step 3830: 0.132004 (76%)
Step 3840: 0.130153 (76%)
Step 3850: 0.115461 (77%)
Step 3860: 0.124525 (77%)
Step 3870: 0.124831 (77%)
Step 3880: 0.133655 (77%)
Step 3890: 0.112878 (77%)
Step 3900: 0.122015 (78%)
Step 3910: 0.157069 (78%)
Step 3920: 0.137962 (78%)
Step 3930: 0.138009 (78%)
Step 3940: 0.100814 (78%)
Step 3950: 0.105289 (79%)
Step 3960: 0.134883 (79%)
Step 3970: 0.133196 (79%)
Step 3980: 0.147887 (79%)
Step 3990: 0.128117 (79%)
Step 4000: 0.132379 (80%)
Step 4010: 0.133744 (80%)
Step 4020: 0.137926 (80%)
Step 4030: 0.15929 (80%)
Step 4040: 0.155449 (80%)
Step 4050: 0.103911 (81%)
Step 4060: 0.129704 (81%)
Step 4070: 0.137654 (81%)
Step 4080: 0.0869199 (81%)
Step 4090: 0.141827 (81%)
Step 4100: 0.120296 (82%)
Step 4110: 0.137461 (82%)
Step 4120: 0.134353 (82%)
Step 4130: 0.121713 (82%)
Step 4140: 0.111337 (82%)
Step 4150: 0.138031 (83%)
Step 4160: 0.134454 (83%)
Step 4170: 0.153394 (83%)
Step 4180: 0.137538 (83%)
Step 4190: 0.112656 (83%)
Step 4200: 0.137853 (84%)
Step 4210: 0.114865 (84%)
Step 4220: 0.156121 (84%)
Step 4230: 0.103866 (84%)
Step 4240: 0.100197 (84%)
Step 4250: 0.140779 (85%)
Step 4260: 0.10981 (85%)
Step 4270: 0.106236 (85%)
Step 4280: 0.159734 (85%)
Step 4290: 0.160627 (85%)
Step 4300: 0.167197 (86%)
Step 4310: 0.12119 (86%)
Step 4320: 0.137078 (86%)
Step 4330: 0.11189 (86%)
Step 4340: 0.135977 (86%)
Step 4350: 0.129406 (87%)
Step 4360: 0.11789 (87%)
Step 4370: 0.105962 (87%)
Step 4380: 0.118254 (87%)
Step 4390: 0.160314 (87%)
Step 4400: 0.0999631 (88%)
Step 4410: 0.161936 (88%)
Step 4420: 0.132769 (88%)
Step 4430: 0.138087 (88%)
Step 4440: 0.130949 (88%)
Step 4450: 0.153347 (89%)
Step 4460: 0.108412 (89%)
Step 4470: 0.135152 (89%)
Step 4480: 0.103332 (89%)
Step 4490: 0.159219 (89%)
Step 4500: 0.131462 (90%)
Step 4510: 0.117749 (90%)
Step 4520: 0.164096 (90%)
Step 4530: 0.0867183 (90%)
Step 4540: 0.147096 (90%)
Step 4550: 0.105201 (91%)
Step 4560: 0.169634 (91%)
Step 4570: 0.125219 (91%)
Step 4580: 0.129434 (91%)
Step 4590: 0.118463 (91%)
Step 4600: 0.0977313 (92%)
Step 4610: 0.125258 (92%)
Step 4620: 0.125058 (92%)
Step 4630: 0.169319 (92%)
Step 4640: 0.150742 (92%)
Step 4650: 0.129872 (93%)
Step 4660: 0.137018 (93%)
Step 4670: 0.130746 (93%)
Step 4680: 0.1291 (93%)
Step 4690: 0.0969654 (93%)
Step 4700: 0.116828 (94%)
Step 4710: 0.151699 (94%)
Step 4720: 0.129953 (94%)
Step 4730: 0.107814 (94%)
Step 4740: 0.132459 (94%)
Step 4750: 0.132085 (95%)
Step 4760: 0.152361 (95%)
Step 4770: 0.106066 (95%)
Step 4780: 0.132626 (95%)
Step 4790: 0.157898 (95%)
Step 4800: 0.157106 (96%)
Step 4810: 0.14914 (96%)
Step 4820: 0.136054 (96%)
Step 4830: 0.16669 (96%)
Step 4840: 0.127169 (96%)
Step 4850: 0.14336 (97%)
Step 4860: 0.104749 (97%)
Step 4870: 0.127148 (97%)
Step 4880: 0.156288 (97%)
Step 4890: 0.130787 (97%)
Step 4900: 0.11854 (98%)
Step 4910: 0.123711 (98%)
Step 4920: 0.144744 (98%)
Step 4930: 0.141903 (98%)
Step 4940: 0.110416 (98%)
Step 4950: 0.0852553 (99%)
Step 4960: 0.131978 (99%)
Step 4970: 0.149813 (99%)
Step 4980: 0.108565 (99%)
Step 4990: 0.119302 (99%)
Step 5000: 0.161243 (100%)
Wrote /Users/bc/brendanchambers/2026-06-18-iphone-video-to-splat/data/intermediates/gardenbed_full_scene_max-num-features-256_type-sift_bruteforce_distortion_corrected/splats/5000steps_20260619_2143/cameras.json
Wrote /Users/bc/brendanchambers/2026-06-18-iphone-video-to-splat/data/intermediates/gardenbed_full_scene_max-num-features-256_type-sift_bruteforce_distortion_corrected/splats/5000steps_20260619_2143/opensplat_output_numiters5000_20260619_2143.ply
/Users/bc/brendanchambers/2026-06-18-iphone-video-to-splat/data/intermediates/gardenbed_full_scene_max-num-features-256_type-sift_bruteforce_distortion_corrected/images/frame_0032.jpg validation loss: 0.171467
