[2026-06-21 15:52:35,575][__main__][INFO] - 
[2026-06-21 15:52:35,575][__main__][INFO] - ╔==========================================================╗
[2026-06-21 15:52:35,575][__main__][INFO] - ║          3D Gaussian Splat Training Pipeline              ║
[2026-06-21 15:52:35,575][__main__][INFO] - ╚==========================================================╝
[2026-06-21 15:52:35,575][__main__][INFO] - Experiment: densify_sz0.0025_gr0.0002
[2026-06-21 15:52:35,575][__main__][INFO] - Project dir: /Users/bc/brendanchambers/2026-06-18-iphone-video-to-splat
[2026-06-21 15:52:35,575][__main__][INFO] - 
[2026-06-21 15:52:35,575][src.timing_recorder][INFO] - [TIMING] Starting: frame_extraction
[2026-06-21 15:52:35,575][__main__][INFO] - ============================================================
[2026-06-21 15:52:35,575][__main__][INFO] - STEP 1: Frame Extraction
[2026-06-21 15:52:35,575][__main__][INFO] - ============================================================
[2026-06-21 15:52:35,576][src.frame_extractor][INFO] - Extracting frames from: /Users/bc/brendanchambers/2026-06-18-iphone-video-to-splat/data/incoming/movies/teensy.mov
[2026-06-21 15:52:35,576][src.frame_extractor][INFO] - Output directory: /Users/bc/brendanchambers/2026-06-18-iphone-video-to-splat/data/intermediates/densify_sz0.0025_gr0.0002/colmap_sfm_camera_model/images
[2026-06-21 15:52:35,576][src.frame_extractor][INFO] - Extracting frames at 2 fps
[2026-06-21 15:52:35,576][src.frame_extractor][INFO] - Running command: ffmpeg -i /Users/bc/brendanchambers/2026-06-18-iphone-video-to-splat/data/incoming/movies/teensy.mov -vf fps=2 -q:v 5 /Users/bc/brendanchambers/2026-06-18-iphone-video-to-splat/data/intermediates/densify_sz0.0025_gr0.0002/colmap_sfm_camera_model/images/frame_%04d.jpg
[2026-06-21 15:52:35,592][src.frame_extractor][INFO] - ffmpeg version 8.1.2 Copyright (c) 2000-2026 the FFmpeg developers
[2026-06-21 15:52:35,592][src.frame_extractor][INFO] -   built with Apple clang version 17.0.0 (clang-1700.6.4.2)
[2026-06-21 15:52:35,592][src.frame_extractor][INFO] -   configuration: --prefix=/opt/homebrew/Cellar/ffmpeg/8.1.2 --enable-shared --enable-pthreads --enable-version3 --cc=clang --host-cflags= --host-ldflags= --enable-ffplay --enable-gpl --enable-libsvtav1 --enable-libopus --enable-libx264 --enable-libmp3lame --enable-libdav1d --enable-libvmaf --enable-libvpx --enable-libx265 --enable-openssl --enable-videotoolbox --enable-audiotoolbox --enable-neon
[2026-06-21 15:52:35,592][src.frame_extractor][INFO] -   libavutil      60. 26.102 / 60. 26.102
[2026-06-21 15:52:35,592][src.frame_extractor][INFO] -   libavcodec     62. 28.102 / 62. 28.102
[2026-06-21 15:52:35,592][src.frame_extractor][INFO] -   libavformat    62. 12.102 / 62. 12.102
[2026-06-21 15:52:35,592][src.frame_extractor][INFO] -   libavdevice    62.  3.102 / 62.  3.102
[2026-06-21 15:52:35,592][src.frame_extractor][INFO] -   libavfilter    11. 14.102 / 11. 14.102
[2026-06-21 15:52:35,592][src.frame_extractor][INFO] -   libswscale      9.  5.102 /  9.  5.102
[2026-06-21 15:52:35,592][src.frame_extractor][INFO] -   libswresample   6.  3.102 /  6.  3.102
[2026-06-21 15:52:35,607][src.frame_extractor][INFO] - Input #0, mov,mp4,m4a,3gp,3g2,mj2, from '/Users/bc/brendanchambers/2026-06-18-iphone-video-to-splat/data/incoming/movies/teensy.mov':
[2026-06-21 15:52:35,607][src.frame_extractor][INFO] -   Metadata:
[2026-06-21 15:52:35,607][src.frame_extractor][INFO] -     major_brand     : qt
[2026-06-21 15:52:35,607][src.frame_extractor][INFO] -     minor_version   : 512
[2026-06-21 15:52:35,607][src.frame_extractor][INFO] -     compatible_brands: qt
[2026-06-21 15:52:35,607][src.frame_extractor][INFO] -     encoder         : Lavf62.12.102
[2026-06-21 15:52:35,607][src.frame_extractor][INFO] -   Duration: 00:00:04.01, start: 0.000000, bitrate: 19786 kb/s
[2026-06-21 15:52:35,607][src.frame_extractor][INFO] -   Stream #0:0[0x1]: Video: h264 (High) (avc1 / 0x31637661), yuv420p(tv, bt709, progressive), 1080x1920, 19646 kb/s, 29.67 fps, 29.67 tbr, 11392 tbn (default)
[2026-06-21 15:52:35,607][src.frame_extractor][INFO] -     Metadata:
[2026-06-21 15:52:35,607][src.frame_extractor][INFO] -       handler_name    : Core Media Video
[2026-06-21 15:52:35,608][src.frame_extractor][INFO] -       vendor_id       : FFMP
[2026-06-21 15:52:35,608][src.frame_extractor][INFO] -       encoder         : Lavc62.28.102 libx264
[2026-06-21 15:52:35,608][src.frame_extractor][INFO] -   Stream #0:1[0x2]: Audio: aac (LC) (mp4a / 0x6134706D), 48000 Hz, stereo, fltp, 128 kb/s (default)
[2026-06-21 15:52:35,608][src.frame_extractor][INFO] -     Metadata:
[2026-06-21 15:52:35,608][src.frame_extractor][INFO] -       handler_name    : Core Media Audio
[2026-06-21 15:52:35,608][src.frame_extractor][INFO] -       vendor_id       : [0][0][0][0]
[2026-06-21 15:52:35,608][src.frame_extractor][INFO] - Stream mapping:
[2026-06-21 15:52:35,608][src.frame_extractor][INFO] -   Stream #0:0 -> #0:0 (h264 (native) -> mjpeg (native))
[2026-06-21 15:52:35,608][src.frame_extractor][INFO] - Press [q] to stop, [?] for help
[2026-06-21 15:52:35,658][src.frame_extractor][INFO] - Output #0, image2, to '/Users/bc/brendanchambers/2026-06-18-iphone-video-to-splat/data/intermediates/densify_sz0.0025_gr0.0002/colmap_sfm_camera_model/images/frame_%04d.jpg':
[2026-06-21 15:52:35,658][src.frame_extractor][INFO] -   Metadata:
[2026-06-21 15:52:35,658][src.frame_extractor][INFO] -     major_brand     : qt
[2026-06-21 15:52:35,658][src.frame_extractor][INFO] -     minor_version   : 512
[2026-06-21 15:52:35,658][src.frame_extractor][INFO] -     compatible_brands: qt
[2026-06-21 15:52:35,658][src.frame_extractor][INFO] -     encoder         : Lavf62.12.102
[2026-06-21 15:52:35,658][src.frame_extractor][INFO] -   Stream #0:0: Video: mjpeg, yuv420p(pc, bt709, progressive), 1080x1920, q=2-31, 200 kb/s, 2 fps, 2 tbn (default)
[2026-06-21 15:52:35,658][src.frame_extractor][INFO] -     Metadata:
[2026-06-21 15:52:35,658][src.frame_extractor][INFO] -       encoder         : Lavc62.28.102 mjpeg
[2026-06-21 15:52:35,658][src.frame_extractor][INFO] -       handler_name    : Core Media Video
[2026-06-21 15:52:35,658][src.frame_extractor][INFO] -       vendor_id       : FFMP
[2026-06-21 15:52:35,658][src.frame_extractor][INFO] -     Side data:
[2026-06-21 15:52:35,658][src.frame_extractor][INFO] -       CPB properties: bitrate max/min/avg: 0/0/200000 buffer size: 0 vbv_delay: N/A
[2026-06-21 15:52:35,798][src.frame_extractor][INFO] - [out#0/image2 @ 0x6000039886c0] video:3120KiB audio:0KiB subtitle:0KiB other streams:0KiB global headers:0KiB muxing overhead: unknown
[2026-06-21 15:52:35,798][src.frame_extractor][INFO] - frame=    8 fps=0.0 q=5.0 Lsize=N/A time=00:00:04.00 bitrate=N/A speed=21.1x elapsed=0:00:00.18
[2026-06-21 15:52:35,800][src.frame_extractor][INFO] - Successfully extracted 8 frames
[2026-06-21 15:52:35,800][__main__][INFO] - ✓ Frame extraction completed
[2026-06-21 15:52:35,800][src.timing_recorder][INFO] - [TIMING] ✓ Completed: frame_extraction (0.22s)
[2026-06-21 15:52:35,800][src.timing_recorder][INFO] - [TIMING] Starting: feature_extraction
[2026-06-21 15:52:35,800][__main__][INFO] - ============================================================
[2026-06-21 15:52:35,800][__main__][INFO] - STEP 2: Feature Extraction
[2026-06-21 15:52:35,800][__main__][INFO] - ============================================================
[2026-06-21 15:52:35,802][src.colmap_feature_extractor][INFO] - Extracting features from images: /Users/bc/brendanchambers/2026-06-18-iphone-video-to-splat/data/intermediates/densify_sz0.0025_gr0.0002/colmap_sfm_camera_model/images
[2026-06-21 15:52:35,802][src.colmap_feature_extractor][INFO] - Database: /Users/bc/brendanchambers/2026-06-18-iphone-video-to-splat/data/intermediates/densify_sz0.0025_gr0.0002/colmap_sfm_camera_model/database.db
[2026-06-21 15:52:35,802][src.colmap_feature_extractor][INFO] - Running: colmap feature_extractor
[2026-06-21 15:52:35,965][src.colmap_feature_extractor][INFO] - I20260621 15:52:35.965241 0x16f613000 feature_extraction.cc:504] === Feature extraction ===
[2026-06-21 15:52:35,979][src.colmap_feature_extractor][INFO] - I20260621 15:52:35.979055 0x16fc17000 sift.cc:757] Creating SIFT GPU feature extractor
[2026-06-21 15:52:36,106][src.colmap_feature_extractor][INFO] - I20260621 15:52:36.106259 0x16fca3000 feature_extraction.cc:282] Processed file [1/8]
[2026-06-21 15:52:36,106][src.colmap_feature_extractor][INFO] - I20260621 15:52:36.106276 0x16fca3000 feature_extraction.cc:285]   Name:            frame_0001.jpg
[2026-06-21 15:52:36,106][src.colmap_feature_extractor][INFO] - I20260621 15:52:36.106279 0x16fca3000 feature_extraction.cc:294]   Dimensions:      1080 x 1920
[2026-06-21 15:52:36,106][src.colmap_feature_extractor][INFO] - I20260621 15:52:36.106280 0x16fca3000 feature_extraction.cc:297]   Camera:          #1 - RADIAL
[2026-06-21 15:52:36,106][src.colmap_feature_extractor][INFO] - I20260621 15:52:36.106282 0x16fca3000 feature_extraction.cc:300]   Focal Length:    2304.00px
[2026-06-21 15:52:36,106][src.colmap_feature_extractor][INFO] - I20260621 15:52:36.106295 0x16fca3000 feature_extraction.cc:304]   Features:        4449 (SIFT)
[2026-06-21 15:52:36,162][src.colmap_feature_extractor][INFO] - I20260621 15:52:36.162453 0x16fca3000 feature_extraction.cc:282] Processed file [2/8]
[2026-06-21 15:52:36,162][src.colmap_feature_extractor][INFO] - I20260621 15:52:36.162471 0x16fca3000 feature_extraction.cc:285]   Name:            frame_0002.jpg
[2026-06-21 15:52:36,162][src.colmap_feature_extractor][INFO] - I20260621 15:52:36.162474 0x16fca3000 feature_extraction.cc:294]   Dimensions:      1080 x 1920
[2026-06-21 15:52:36,162][src.colmap_feature_extractor][INFO] - I20260621 15:52:36.162476 0x16fca3000 feature_extraction.cc:297]   Camera:          #1 - RADIAL
[2026-06-21 15:52:36,162][src.colmap_feature_extractor][INFO] - I20260621 15:52:36.162478 0x16fca3000 feature_extraction.cc:300]   Focal Length:    2304.00px
[2026-06-21 15:52:36,162][src.colmap_feature_extractor][INFO] - I20260621 15:52:36.162481 0x16fca3000 feature_extraction.cc:304]   Features:        4766 (SIFT)
[2026-06-21 15:52:36,217][src.colmap_feature_extractor][INFO] - I20260621 15:52:36.217893 0x16fca3000 feature_extraction.cc:282] Processed file [3/8]
[2026-06-21 15:52:36,218][src.colmap_feature_extractor][INFO] - I20260621 15:52:36.217907 0x16fca3000 feature_extraction.cc:285]   Name:            frame_0003.jpg
[2026-06-21 15:52:36,218][src.colmap_feature_extractor][INFO] - I20260621 15:52:36.217910 0x16fca3000 feature_extraction.cc:294]   Dimensions:      1080 x 1920
[2026-06-21 15:52:36,218][src.colmap_feature_extractor][INFO] - I20260621 15:52:36.217919 0x16fca3000 feature_extraction.cc:297]   Camera:          #1 - RADIAL
[2026-06-21 15:52:36,218][src.colmap_feature_extractor][INFO] - I20260621 15:52:36.217924 0x16fca3000 feature_extraction.cc:300]   Focal Length:    2304.00px
[2026-06-21 15:52:36,218][src.colmap_feature_extractor][INFO] - I20260621 15:52:36.217928 0x16fca3000 feature_extraction.cc:304]   Features:        5561 (SIFT)
[2026-06-21 15:52:36,273][src.colmap_feature_extractor][INFO] - I20260621 15:52:36.273074 0x16fca3000 feature_extraction.cc:282] Processed file [4/8]
[2026-06-21 15:52:36,273][src.colmap_feature_extractor][INFO] - I20260621 15:52:36.273088 0x16fca3000 feature_extraction.cc:285]   Name:            frame_0004.jpg
[2026-06-21 15:52:36,273][src.colmap_feature_extractor][INFO] - I20260621 15:52:36.273090 0x16fca3000 feature_extraction.cc:294]   Dimensions:      1080 x 1920
[2026-06-21 15:52:36,273][src.colmap_feature_extractor][INFO] - I20260621 15:52:36.273092 0x16fca3000 feature_extraction.cc:297]   Camera:          #1 - RADIAL
[2026-06-21 15:52:36,273][src.colmap_feature_extractor][INFO] - I20260621 15:52:36.273094 0x16fca3000 feature_extraction.cc:300]   Focal Length:    2304.00px
[2026-06-21 15:52:36,273][src.colmap_feature_extractor][INFO] - I20260621 15:52:36.273097 0x16fca3000 feature_extraction.cc:304]   Features:        6351 (SIFT)
[2026-06-21 15:52:36,327][src.colmap_feature_extractor][INFO] - I20260621 15:52:36.327305 0x16fca3000 feature_extraction.cc:282] Processed file [5/8]
[2026-06-21 15:52:36,327][src.colmap_feature_extractor][INFO] - I20260621 15:52:36.327318 0x16fca3000 feature_extraction.cc:285]   Name:            frame_0005.jpg
[2026-06-21 15:52:36,327][src.colmap_feature_extractor][INFO] - I20260621 15:52:36.327320 0x16fca3000 feature_extraction.cc:294]   Dimensions:      1080 x 1920
[2026-06-21 15:52:36,327][src.colmap_feature_extractor][INFO] - I20260621 15:52:36.327322 0x16fca3000 feature_extraction.cc:297]   Camera:          #1 - RADIAL
[2026-06-21 15:52:36,327][src.colmap_feature_extractor][INFO] - I20260621 15:52:36.327332 0x16fca3000 feature_extraction.cc:300]   Focal Length:    2304.00px
[2026-06-21 15:52:36,327][src.colmap_feature_extractor][INFO] - I20260621 15:52:36.327339 0x16fca3000 feature_extraction.cc:304]   Features:        4609 (SIFT)
[2026-06-21 15:52:36,381][src.colmap_feature_extractor][INFO] - I20260621 15:52:36.381864 0x16fca3000 feature_extraction.cc:282] Processed file [6/8]
[2026-06-21 15:52:36,382][src.colmap_feature_extractor][INFO] - I20260621 15:52:36.381877 0x16fca3000 feature_extraction.cc:285]   Name:            frame_0006.jpg
[2026-06-21 15:52:36,382][src.colmap_feature_extractor][INFO] - I20260621 15:52:36.381879 0x16fca3000 feature_extraction.cc:294]   Dimensions:      1080 x 1920
[2026-06-21 15:52:36,382][src.colmap_feature_extractor][INFO] - I20260621 15:52:36.381881 0x16fca3000 feature_extraction.cc:297]   Camera:          #1 - RADIAL
[2026-06-21 15:52:36,382][src.colmap_feature_extractor][INFO] - I20260621 15:52:36.381883 0x16fca3000 feature_extraction.cc:300]   Focal Length:    2304.00px
[2026-06-21 15:52:36,382][src.colmap_feature_extractor][INFO] - I20260621 15:52:36.381886 0x16fca3000 feature_extraction.cc:304]   Features:        4916 (SIFT)
[2026-06-21 15:52:36,435][src.colmap_feature_extractor][INFO] - I20260621 15:52:36.435456 0x16fca3000 feature_extraction.cc:282] Processed file [7/8]
[2026-06-21 15:52:36,435][src.colmap_feature_extractor][INFO] - I20260621 15:52:36.435475 0x16fca3000 feature_extraction.cc:285]   Name:            frame_0007.jpg
[2026-06-21 15:52:36,435][src.colmap_feature_extractor][INFO] - I20260621 15:52:36.435477 0x16fca3000 feature_extraction.cc:294]   Dimensions:      1080 x 1920
[2026-06-21 15:52:36,435][src.colmap_feature_extractor][INFO] - I20260621 15:52:36.435479 0x16fca3000 feature_extraction.cc:297]   Camera:          #1 - RADIAL
[2026-06-21 15:52:36,435][src.colmap_feature_extractor][INFO] - I20260621 15:52:36.435482 0x16fca3000 feature_extraction.cc:300]   Focal Length:    2304.00px
[2026-06-21 15:52:36,435][src.colmap_feature_extractor][INFO] - I20260621 15:52:36.435485 0x16fca3000 feature_extraction.cc:304]   Features:        4134 (SIFT)
[2026-06-21 15:52:36,492][src.colmap_feature_extractor][INFO] - I20260621 15:52:36.492727 0x16fca3000 feature_extraction.cc:282] Processed file [8/8]
[2026-06-21 15:52:36,492][src.colmap_feature_extractor][INFO] - I20260621 15:52:36.492768 0x16fca3000 feature_extraction.cc:285]   Name:            frame_0008.jpg
[2026-06-21 15:52:36,492][src.colmap_feature_extractor][INFO] - I20260621 15:52:36.492771 0x16fca3000 feature_extraction.cc:294]   Dimensions:      1080 x 1920
[2026-06-21 15:52:36,492][src.colmap_feature_extractor][INFO] - I20260621 15:52:36.492773 0x16fca3000 feature_extraction.cc:297]   Camera:          #1 - RADIAL
[2026-06-21 15:52:36,493][src.colmap_feature_extractor][INFO] - I20260621 15:52:36.492775 0x16fca3000 feature_extraction.cc:300]   Focal Length:    2304.00px
[2026-06-21 15:52:36,493][src.colmap_feature_extractor][INFO] - I20260621 15:52:36.492778 0x16fca3000 feature_extraction.cc:304]   Features:        6773 (SIFT)
[2026-06-21 15:52:36,497][src.colmap_feature_extractor][INFO] - I20260621 15:52:36.497740 0x16f613000 timer.cc:90] Elapsed time: 0.009 [minutes]
[2026-06-21 15:52:36,515][src.colmap_feature_extractor][INFO] - Feature extraction completed successfully
[2026-06-21 15:52:36,515][__main__][INFO] - ✓ Feature extraction completed
[2026-06-21 15:52:36,515][src.timing_recorder][INFO] - [TIMING] ✓ Completed: feature_extraction (0.71s)
[2026-06-21 15:52:36,515][src.timing_recorder][INFO] - [TIMING] Starting: feature_matching
[2026-06-21 15:52:36,515][__main__][INFO] - ============================================================
[2026-06-21 15:52:36,515][__main__][INFO] - STEP 3: Feature Matching
[2026-06-21 15:52:36,515][__main__][INFO] - ============================================================
[2026-06-21 15:52:36,516][src.colmap_feature_matcher][INFO] - Matching features in database: /Users/bc/brendanchambers/2026-06-18-iphone-video-to-splat/data/intermediates/densify_sz0.0025_gr0.0002/colmap_sfm_camera_model/database.db
[2026-06-21 15:52:36,517][src.colmap_feature_matcher][INFO] - Running: colmap sequential_matcher
[2026-06-21 15:52:36,674][src.colmap_feature_matcher][INFO] - I20260621 15:52:36.674049 0x16f36b000 feature_matching.cc:195] === Feature matching & geometric verification ===
[2026-06-21 15:52:36,688][src.colmap_feature_matcher][INFO] - I20260621 15:52:36.688225 0x16f3f7000 sift.cc:1559] Creating SIFT GPU feature matcher
[2026-06-21 15:52:36,711][src.colmap_feature_matcher][INFO] - I20260621 15:52:36.711815 0x16f36b000 pairing.cc:415] Generating sequential image pairs...
[2026-06-21 15:52:36,711][src.colmap_feature_matcher][INFO] - I20260621 15:52:36.711903 0x16f36b000 pairing.cc:473] Processing image [1/8]
[2026-06-21 15:52:36,771][src.colmap_feature_matcher][INFO] - I20260621 15:52:36.771663 0x16f36b000 feature_matching.cc:217] in 0.060s
[2026-06-21 15:52:36,771][src.colmap_feature_matcher][INFO] - I20260621 15:52:36.771677 0x16f36b000 pairing.cc:473] Processing image [2/8]
[2026-06-21 15:52:36,830][src.colmap_feature_matcher][INFO] - I20260621 15:52:36.830224 0x16f36b000 feature_matching.cc:217] in 0.059s
[2026-06-21 15:52:36,830][src.colmap_feature_matcher][INFO] - I20260621 15:52:36.830231 0x16f36b000 pairing.cc:473] Processing image [3/8]
[2026-06-21 15:52:36,891][src.colmap_feature_matcher][INFO] - I20260621 15:52:36.891691 0x16f36b000 feature_matching.cc:217] in 0.061s
[2026-06-21 15:52:36,891][src.colmap_feature_matcher][INFO] - I20260621 15:52:36.891698 0x16f36b000 pairing.cc:473] Processing image [4/8]
[2026-06-21 15:52:36,964][src.colmap_feature_matcher][INFO] - I20260621 15:52:36.964834 0x16f36b000 feature_matching.cc:217] in 0.073s
[2026-06-21 15:52:36,964][src.colmap_feature_matcher][INFO] - I20260621 15:52:36.964840 0x16f36b000 pairing.cc:473] Processing image [5/8]
[2026-06-21 15:52:36,995][src.colmap_feature_matcher][INFO] - I20260621 15:52:36.995889 0x16f36b000 feature_matching.cc:217] in 0.031s
[2026-06-21 15:52:36,995][src.colmap_feature_matcher][INFO] - I20260621 15:52:36.995895 0x16f36b000 pairing.cc:473] Processing image [6/8]
[2026-06-21 15:52:37,036][src.colmap_feature_matcher][INFO] - I20260621 15:52:37.036454 0x16f36b000 feature_matching.cc:217] in 0.041s
[2026-06-21 15:52:37,036][src.colmap_feature_matcher][INFO] - I20260621 15:52:37.036460 0x16f36b000 pairing.cc:473] Processing image [7/8]
[2026-06-21 15:52:37,058][src.colmap_feature_matcher][INFO] - I20260621 15:52:37.058471 0x16f36b000 feature_matching.cc:217] in 0.022s
[2026-06-21 15:52:37,058][src.colmap_feature_matcher][INFO] - I20260621 15:52:37.058474 0x16f36b000 pairing.cc:473] Processing image [8/8]
[2026-06-21 15:52:37,058][src.colmap_feature_matcher][INFO] - I20260621 15:52:37.058476 0x16f36b000 feature_matching.cc:217] in 0.000s
[2026-06-21 15:52:37,058][src.colmap_feature_matcher][INFO] - I20260621 15:52:37.058479 0x16f36b000 timer.cc:90] Elapsed time: 0.006 [minutes]
[2026-06-21 15:52:37,066][src.colmap_feature_matcher][INFO] - Feature matching completed successfully
[2026-06-21 15:52:37,066][__main__][INFO] - ✓ Feature matching completed
[2026-06-21 15:52:37,066][src.timing_recorder][INFO] - [TIMING] ✓ Completed: feature_matching (0.55s)
[2026-06-21 15:52:37,066][src.timing_recorder][INFO] - [TIMING] Starting: sparse_reconstruction
[2026-06-21 15:52:37,066][__main__][INFO] - ============================================================
[2026-06-21 15:52:37,066][__main__][INFO] - STEP 4: Sparse Reconstruction
[2026-06-21 15:52:37,066][__main__][INFO] - ============================================================
[2026-06-21 15:52:37,068][src.colmap_mapper][INFO] - Performing sparse reconstruction
[2026-06-21 15:52:37,068][src.colmap_mapper][INFO] - Database: /Users/bc/brendanchambers/2026-06-18-iphone-video-to-splat/data/intermediates/densify_sz0.0025_gr0.0002/colmap_sfm_camera_model/database.db
[2026-06-21 15:52:37,068][src.colmap_mapper][INFO] - Images: /Users/bc/brendanchambers/2026-06-18-iphone-video-to-splat/data/intermediates/densify_sz0.0025_gr0.0002/colmap_sfm_camera_model/images
[2026-06-21 15:52:37,068][src.colmap_mapper][INFO] - Output: /Users/bc/brendanchambers/2026-06-18-iphone-video-to-splat/data/intermediates/densify_sz0.0025_gr0.0002/colmap_sfm_camera_model/sparse
[2026-06-21 15:52:37,068][src.colmap_mapper][INFO] - Running: colmap mapper
[2026-06-21 15:52:37,115][src.colmap_mapper][INFO] - I20260621 15:52:37.115187 0x1fde420c0 incremental_pipeline.cc:278] Loading database
[2026-06-21 15:52:37,115][src.colmap_mapper][INFO] - I20260621 15:52:37.115477 0x1fde420c0 database_cache.cc:72] Loading rigs...
[2026-06-21 15:52:37,115][src.colmap_mapper][INFO] - I20260621 15:52:37.115499 0x1fde420c0 database_cache.cc:82]  1 in 0.000s
[2026-06-21 15:52:37,115][src.colmap_mapper][INFO] - I20260621 15:52:37.115502 0x1fde420c0 database_cache.cc:90] Loading cameras...
[2026-06-21 15:52:37,115][src.colmap_mapper][INFO] - I20260621 15:52:37.115511 0x1fde420c0 database_cache.cc:108]  1 in 0.000s
[2026-06-21 15:52:37,115][src.colmap_mapper][INFO] - I20260621 15:52:37.115513 0x1fde420c0 database_cache.cc:116] Loading frames...
[2026-06-21 15:52:37,115][src.colmap_mapper][INFO] - I20260621 15:52:37.115532 0x1fde420c0 database_cache.cc:126]  8 in 0.000s
[2026-06-21 15:52:37,115][src.colmap_mapper][INFO] - I20260621 15:52:37.115534 0x1fde420c0 database_cache.cc:134] Loading matches...
[2026-06-21 15:52:37,115][src.colmap_mapper][INFO] - I20260621 15:52:37.115597 0x1fde420c0 database_cache.cc:139]  17 in 0.000s
[2026-06-21 15:52:37,115][src.colmap_mapper][INFO] - I20260621 15:52:37.115599 0x1fde420c0 database_cache.cc:147] Loading images...
[2026-06-21 15:52:37,116][src.colmap_mapper][INFO] - I20260621 15:52:37.116134 0x1fde420c0 database_cache.cc:241]  8 in 0.001s (connected 8, loaded 8)
[2026-06-21 15:52:37,116][src.colmap_mapper][INFO] - I20260621 15:52:37.116139 0x1fde420c0 database_cache.cc:255] Loading pose priors...
[2026-06-21 15:52:37,116][src.colmap_mapper][INFO] - I20260621 15:52:37.116145 0x1fde420c0 database_cache.cc:263]  0 in 0.000s
[2026-06-21 15:52:37,116][src.colmap_mapper][INFO] - I20260621 15:52:37.116147 0x1fde420c0 database_cache.cc:271] Building correspondence graph...
[2026-06-21 15:52:37,116][src.colmap_mapper][INFO] - I20260621 15:52:37.116937 0x1fde420c0 database_cache.cc:300]  in 0.001s (ignored 0)
[2026-06-21 15:52:37,116][src.colmap_mapper][INFO] - I20260621 15:52:37.116939 0x1fde420c0 timer.cc:90] Elapsed time: 0.000 [minutes]
[2026-06-21 15:52:37,117][src.colmap_mapper][INFO] - I20260621 15:52:37.117028 0x1fde420c0 incremental_pipeline.cc:390] Finding good initial image pair
[2026-06-21 15:52:37,127][src.colmap_mapper][INFO] - I20260621 15:52:37.127777 0x1fde420c0 incremental_pipeline.cc:414] Registering initial image pair #2 and #4
[2026-06-21 15:52:37,128][src.colmap_mapper][INFO] - I20260621 15:52:37.128390 0x1fde420c0 incremental_pipeline.cc:432] Global bundle adjustment
[2026-06-21 15:52:37,150][src.colmap_mapper][INFO] - I20260621 15:52:37.150779 0x1fde420c0 incremental_pipeline.cc:537] Registering image #3 (num_reg_frames=2)
[2026-06-21 15:52:37,150][src.colmap_mapper][INFO] - I20260621 15:52:37.150785 0x1fde420c0 incremental_pipeline.cc:540] => Image sees 149 / 1892 points
[2026-06-21 15:52:37,199][src.colmap_mapper][INFO] - I20260621 15:52:37.199019 0x1fde420c0 incremental_pipeline.cc:79] Retriangulation and Global bundle adjustment
[2026-06-21 15:52:37,214][src.colmap_mapper][INFO] - I20260621 15:52:37.214000 0x1fde420c0 incremental_pipeline.cc:537] Registering image #6 (num_reg_frames=3)
[2026-06-21 15:52:37,214][src.colmap_mapper][INFO] - I20260621 15:52:37.214005 0x1fde420c0 incremental_pipeline.cc:540] => Image sees 496 / 2128 points
[2026-06-21 15:52:37,268][src.colmap_mapper][INFO] - I20260621 15:52:37.268820 0x1fde420c0 incremental_pipeline.cc:79] Retriangulation and Global bundle adjustment
[2026-06-21 15:52:37,291][src.colmap_mapper][INFO] - I20260621 15:52:37.291308 0x1fde420c0 incremental_pipeline.cc:537] Registering image #5 (num_reg_frames=4)
[2026-06-21 15:52:37,291][src.colmap_mapper][INFO] - I20260621 15:52:37.291318 0x1fde420c0 incremental_pipeline.cc:540] => Image sees 1052 / 2461 points
[2026-06-21 15:52:37,333][src.colmap_mapper][INFO] - I20260621 15:52:37.333821 0x1fde420c0 incremental_pipeline.cc:79] Retriangulation and Global bundle adjustment
[2026-06-21 15:52:37,366][src.colmap_mapper][INFO] - I20260621 15:52:37.366084 0x1fde420c0 incremental_pipeline.cc:537] Registering image #1 (num_reg_frames=5)
[2026-06-21 15:52:37,366][src.colmap_mapper][INFO] - I20260621 15:52:37.366090 0x1fde420c0 incremental_pipeline.cc:540] => Image sees 536 / 1825 points
[2026-06-21 15:52:37,412][src.colmap_mapper][INFO] - I20260621 15:52:37.412225 0x1fde420c0 incremental_pipeline.cc:79] Retriangulation and Global bundle adjustment
[2026-06-21 15:52:37,441][src.colmap_mapper][INFO] - I20260621 15:52:37.441313 0x1fde420c0 incremental_pipeline.cc:537] Registering image #7 (num_reg_frames=6)
[2026-06-21 15:52:37,441][src.colmap_mapper][INFO] - I20260621 15:52:37.441321 0x1fde420c0 incremental_pipeline.cc:540] => Image sees 436 / 1676 points
[2026-06-21 15:52:37,477][src.colmap_mapper][INFO] - I20260621 15:52:37.477622 0x1fde420c0 incremental_pipeline.cc:79] Retriangulation and Global bundle adjustment
[2026-06-21 15:52:37,514][src.colmap_mapper][INFO] - I20260621 15:52:37.514438 0x1fde420c0 incremental_pipeline.cc:537] Registering image #8 (num_reg_frames=7)
[2026-06-21 15:52:37,514][src.colmap_mapper][INFO] - I20260621 15:52:37.514445 0x1fde420c0 incremental_pipeline.cc:540] => Image sees 480 / 1376 points
[2026-06-21 15:52:37,546][src.colmap_mapper][INFO] - I20260621 15:52:37.546111 0x1fde420c0 incremental_pipeline.cc:79] Retriangulation and Global bundle adjustment
[2026-06-21 15:52:37,582][src.colmap_mapper][INFO] - I20260621 15:52:37.582589 0x1fde420c0 incremental_pipeline.cc:79] Retriangulation and Global bundle adjustment
[2026-06-21 15:52:37,591][src.colmap_mapper][INFO] - I20260621 15:52:37.591520 0x1fde420c0 incremental_pipeline.cc:723] Keeping successful reconstruction
[2026-06-21 15:52:37,593][src.colmap_mapper][INFO] - I20260621 15:52:37.593821 0x1fde420c0 timer.cc:90] Elapsed time: 0.008 [minutes]
[2026-06-21 15:52:37,597][src.colmap_mapper][INFO] - Sparse reconstruction completed successfully
[2026-06-21 15:52:37,597][__main__][INFO] - ✓ Sparse reconstruction completed
[2026-06-21 15:52:37,597][src.timing_recorder][INFO] - [TIMING] ✓ Completed: sparse_reconstruction (0.53s)
[2026-06-21 15:52:37,597][src.timing_recorder][INFO] - [TIMING] Starting: undistortion
[2026-06-21 15:52:37,597][__main__][INFO] - ============================================================
[2026-06-21 15:52:37,597][__main__][INFO] - STEP 5: Image Undistortion
[2026-06-21 15:52:37,597][__main__][INFO] - ============================================================
[2026-06-21 15:52:37,599][src.colmap_undistorter][INFO] - Undistorting images
[2026-06-21 15:52:37,599][src.colmap_undistorter][INFO] - Input model: /Users/bc/brendanchambers/2026-06-18-iphone-video-to-splat/data/intermediates/densify_sz0.0025_gr0.0002/colmap_sfm_camera_model/sparse/0
[2026-06-21 15:52:37,599][src.colmap_undistorter][INFO] - Images: /Users/bc/brendanchambers/2026-06-18-iphone-video-to-splat/data/intermediates/densify_sz0.0025_gr0.0002/colmap_sfm_camera_model/images
[2026-06-21 15:52:37,599][src.colmap_undistorter][INFO] - Output: /Users/bc/brendanchambers/2026-06-18-iphone-video-to-splat/data/intermediates/densify_sz0.0025_gr0.0002/colmap_sfm_linearized
[2026-06-21 15:52:37,599][src.colmap_undistorter][INFO] - Running: colmap image_undistorter
[2026-06-21 15:52:37,645][src.colmap_undistorter][INFO] - I20260621 15:52:37.645323 0x1fde420c0 image.cc:368] === Reading reconstruction ===
[2026-06-21 15:52:37,647][src.colmap_undistorter][INFO] - I20260621 15:52:37.647549 0x1fde420c0 image.cc:371] => Reconstruction with 8 images and 2190 points
[2026-06-21 15:52:37,647][src.colmap_undistorter][INFO] - I20260621 15:52:37.647558 0x1fde420c0 undistorters.cc:166] === Image undistortion ===
[2026-06-21 15:52:37,647][src.colmap_undistorter][INFO] - I20260621 15:52:37.647840 0x1fde420c0 undistorters.cc:205] Undistorting image [1/8]
[2026-06-21 15:52:38,246][src.colmap_undistorter][INFO] - I20260621 15:52:38.246893 0x1fde420c0 undistorters.cc:205] Undistorting image [2/8]
[2026-06-21 15:52:38,249][src.colmap_undistorter][INFO] - I20260621 15:52:38.249965 0x1fde420c0 undistorters.cc:205] Undistorting image [3/8]
[2026-06-21 15:52:38,250][src.colmap_undistorter][INFO] - I20260621 15:52:38.249974 0x1fde420c0 undistorters.cc:205] Undistorting image [4/8]
[2026-06-21 15:52:38,251][src.colmap_undistorter][INFO] - I20260621 15:52:38.251859 0x1fde420c0 undistorters.cc:205] Undistorting image [5/8]
[2026-06-21 15:52:38,251][src.colmap_undistorter][INFO] - I20260621 15:52:38.251865 0x1fde420c0 undistorters.cc:205] Undistorting image [6/8]
[2026-06-21 15:52:38,251][src.colmap_undistorter][INFO] - I20260621 15:52:38.251867 0x1fde420c0 undistorters.cc:205] Undistorting image [7/8]
[2026-06-21 15:52:38,258][src.colmap_undistorter][INFO] - I20260621 15:52:38.258627 0x1fde420c0 undistorters.cc:205] Undistorting image [8/8]
[2026-06-21 15:52:38,258][src.colmap_undistorter][INFO] - I20260621 15:52:38.258631 0x1fde420c0 undistorters.cc:213] Writing reconstruction...
[2026-06-21 15:52:38,263][src.colmap_undistorter][INFO] - I20260621 15:52:38.263239 0x1fde420c0 undistorters.cc:218] Writing configuration...
[2026-06-21 15:52:38,263][src.colmap_undistorter][INFO] - I20260621 15:52:38.263365 0x1fde420c0 undistorters.cc:222] Writing scripts...
[2026-06-21 15:52:38,263][src.colmap_undistorter][INFO] - I20260621 15:52:38.263461 0x1fde420c0 timer.cc:90] Elapsed time: 0.010 [minutes]
[2026-06-21 15:52:38,267][src.colmap_undistorter][INFO] - Image undistortion completed successfully
[2026-06-21 15:52:38,267][__main__][INFO] - ✓ Image undistortion completed
[2026-06-21 15:52:38,267][src.timing_recorder][INFO] - [TIMING] ✓ Completed: undistortion (0.67s)
[2026-06-21 15:52:38,267][src.timing_recorder][INFO] - [TIMING] Starting: splat_training
[2026-06-21 15:52:38,267][__main__][INFO] - ============================================================
[2026-06-21 15:52:38,267][__main__][INFO] - STEP 6: OpenSplat Training
[2026-06-21 15:52:38,267][__main__][INFO] - ============================================================
[2026-06-21 15:52:38,269][src.opensplat_trainer][INFO] - Training 3D Gaussian Splat
[2026-06-21 15:52:38,269][src.opensplat_trainer][INFO] - Sparse model: /Users/bc/brendanchambers/2026-06-18-iphone-video-to-splat/data/intermediates/densify_sz0.0025_gr0.0002/colmap_sfm_linearized/sparse
[2026-06-21 15:52:38,269][src.opensplat_trainer][INFO] - Images: /Users/bc/brendanchambers/2026-06-18-iphone-video-to-splat/data/intermediates/densify_sz0.0025_gr0.0002/colmap_sfm_linearized/images
[2026-06-21 15:52:38,269][src.opensplat_trainer][INFO] - Output PLY: /Users/bc/brendanchambers/2026-06-18-iphone-video-to-splat/data/intermediates/densify_sz0.0025_gr0.0002/colmap_sfm_linearized/splats/densify_sz0.0025_gr0.0002_20260621_1552.ply
[2026-06-21 15:52:38,269][src.opensplat_trainer][INFO] - Training loss log: /Users/bc/brendanchambers/2026-06-18-iphone-video-to-splat/data/intermediates/densify_sz0.0025_gr0.0002/colmap_sfm_linearized/splats/train_20260621_1552.jsonl
[2026-06-21 15:52:38,269][src.opensplat_trainer][INFO] - Validation loss log: /Users/bc/brendanchambers/2026-06-18-iphone-video-to-splat/data/intermediates/densify_sz0.0025_gr0.0002/colmap_sfm_linearized/splats/val_20260621_1552.jsonl
[2026-06-21 15:52:38,269][src.opensplat_trainer][INFO] - Running: opensplat
[2026-06-21 15:52:38,409][src.opensplat_trainer][INFO] - Using MPS
[2026-06-21 15:52:38,411][src.opensplat_trainer][INFO] - Reading 2190 points
[2026-06-21 15:52:38,411][src.opensplat_trainer][INFO] - Loading /Users/bc/brendanchambers/2026-06-18-iphone-video-to-splat/data/intermediates/densify_sz0.0025_gr0.0002/colmap_sfm_linearized/images/frame_0001.jpg
[2026-06-21 15:52:38,411][src.opensplat_trainer][INFO] - Loading /Users/bc/brendanchambers/2026-06-18-iphone-video-to-splat/data/intermediates/densify_sz0.0025_gr0.0002/colmap_sfm_linearized/images/frame_0002.jpgLoading /Users/bc/brendanchambers/2026-06-18-iphone-video-to-splat/data/intermediates/densify_sz0.0025_gr0.0002/colmap_sfm_linearized/images/frame_0004.jpg
[2026-06-21 15:52:38,411][src.opensplat_trainer][INFO] - Loading Loading /Users/bc/brendanchambers/2026-06-18-iphone-video-to-splat/data/intermediates/densify_sz0.0025_gr0.0002/colmap_sfm_linearized/images/frame_0006.jpg
[2026-06-21 15:52:38,411][src.opensplat_trainer][INFO] - Loading /Users/bc/brendanchambers/2026-06-18-iphone-video-to-splat/data/intermediates/densify_sz0.0025_gr0.0002/colmap_sfm_linearized/images/frame_0007.jpg
[2026-06-21 15:52:38,411][src.opensplat_trainer][INFO] - 
[2026-06-21 15:52:38,411][src.opensplat_trainer][INFO] - Loading /Users/bc/brendanchambers/2026-06-18-iphone-video-to-splat/data/intermediates/densify_sz0.0025_gr0.0002/colmap_sfm_linearized/images/frame_0005.jpg
[2026-06-21 15:52:38,411][src.opensplat_trainer][INFO] - Loading /Users/bc/brendanchambers/2026-06-18-iphone-video-to-splat/data/intermediates/densify_sz0.0025_gr0.0002/colmap_sfm_linearized/images/frame_0008.jpg
[2026-06-21 15:52:38,411][src.opensplat_trainer][INFO] - /Users/bc/brendanchambers/2026-06-18-iphone-video-to-splat/data/intermediates/densify_sz0.0025_gr0.0002/colmap_sfm_linearized/images/frame_0003.jpg
[2026-06-21 15:52:38,796][src.opensplat_trainer][INFO] - init_gsplat_metal_context: loading '/Users/bc/brendanchambers/2026-06-18-iphone-video-to-splat/opensplat/build/default.metallib'
[2026-06-21 15:52:38,796][src.opensplat_trainer][INFO] - init_gsplat_metal_context: loaded '/Users/bc/brendanchambers/2026-06-18-iphone-video-to-splat/opensplat/build/default.metallib', functions: compute_cov2d_bounds_kernel, project_gaussians_backward_kernel, get_tile_bin_edges_kernel, rasterize_backward_kernel, map_gaussian_to_intersects_kernel, nd_rasterize_backward_kernel, project_gaussians_forward_kernel, compute_sh_backward_kernel, compute_sh_forward_kernel, nd_rasterize_forward_kernel
[2026-06-21 15:52:38,796][src.opensplat_trainer][INFO] - init_gsplat_metal_context: load function nd_rasterize_backward_kernel with label: (null)
[2026-06-21 15:52:38,796][src.opensplat_trainer][INFO] - init_gsplat_metal_context: load function nd_rasterize_forward_kernel with label: (null)
[2026-06-21 15:52:38,796][src.opensplat_trainer][INFO] - init_gsplat_metal_context: load function rasterize_backward_kernel with label: (null)
[2026-06-21 15:52:38,796][src.opensplat_trainer][INFO] - init_gsplat_metal_context: load function project_gaussians_forward_kernel with label: (null)
[2026-06-21 15:52:38,796][src.opensplat_trainer][INFO] - init_gsplat_metal_context: load function project_gaussians_backward_kernel with label: (null)
[2026-06-21 15:52:38,796][src.opensplat_trainer][INFO] - init_gsplat_metal_context: load function compute_sh_forward_kernel with label: (null)
[2026-06-21 15:52:38,796][src.opensplat_trainer][INFO] - init_gsplat_metal_context: load function compute_sh_backward_kernel with label: (null)
[2026-06-21 15:52:38,796][src.opensplat_trainer][INFO] - init_gsplat_metal_context: load function compute_cov2d_bounds_kernel with label: (null)
[2026-06-21 15:52:38,796][src.opensplat_trainer][INFO] - init_gsplat_metal_context: load function map_gaussian_to_intersects_kernel with label: (null)
[2026-06-21 15:52:38,796][src.opensplat_trainer][INFO] - init_gsplat_metal_context: load function get_tile_bin_edges_kernel with label: (null)
[2026-06-21 15:52:38,796][src.opensplat_trainer][INFO] - Step 10: 0.335803 (20%)
[2026-06-21 15:52:39,016][src.opensplat_trainer][INFO] - Step 20: 0.316211 (40%)
[2026-06-21 15:52:39,217][src.opensplat_trainer][INFO] - Step 30: 0.283803 (60%)
[2026-06-21 15:52:39,405][src.opensplat_trainer][INFO] - Step 40: 0.301185 (80%)
[2026-06-21 15:52:39,635][src.opensplat_trainer][INFO] - Step 50: 0.302681 (100%)
[2026-06-21 15:52:39,648][src.opensplat_trainer][INFO] - Wrote /Users/bc/brendanchambers/2026-06-18-iphone-video-to-splat/data/intermediates/densify_sz0.0025_gr0.0002/colmap_sfm_linearized/splats/cameras.json
[2026-06-21 15:52:39,657][src.opensplat_trainer][INFO] - Wrote /Users/bc/brendanchambers/2026-06-18-iphone-video-to-splat/data/intermediates/densify_sz0.0025_gr0.0002/colmap_sfm_linearized/splats/densify_sz0.0025_gr0.0002_20260621_1552.ply
[2026-06-21 15:52:39,673][src.opensplat_trainer][INFO] - /Users/bc/brendanchambers/2026-06-18-iphone-video-to-splat/data/intermediates/densify_sz0.0025_gr0.0002/colmap_sfm_linearized/images/frame_0001.jpg validation loss: 0.344928
[2026-06-21 15:52:39,725][src.opensplat_trainer][INFO] - Parsed 5 training loss values to /Users/bc/brendanchambers/2026-06-18-iphone-video-to-splat/data/intermediates/densify_sz0.0025_gr0.0002/colmap_sfm_linearized/splats/train_20260621_1552.jsonl
[2026-06-21 15:52:39,726][src.opensplat_trainer][INFO] - Captured validation loss: 0.344928 to /Users/bc/brendanchambers/2026-06-18-iphone-video-to-splat/data/intermediates/densify_sz0.0025_gr0.0002/colmap_sfm_linearized/splats/val_20260621_1552.jsonl
[2026-06-21 15:52:39,726][src.opensplat_trainer][INFO] - Training completed successfully
[2026-06-21 15:52:39,726][src.opensplat_trainer][INFO] - Output saved to: /Users/bc/brendanchambers/2026-06-18-iphone-video-to-splat/data/intermediates/densify_sz0.0025_gr0.0002/colmap_sfm_linearized/splats/densify_sz0.0025_gr0.0002_20260621_1552.ply
[2026-06-21 15:52:39,726][__main__][INFO] - ✓ Splat training completed
[2026-06-21 15:52:39,726][__main__][INFO] - ============================================================
[2026-06-21 15:52:39,726][__main__][INFO] - Analyzing Training Loss
[2026-06-21 15:52:39,726][__main__][INFO] - ============================================================
[2026-06-21 15:52:39,785][src.timing_recorder][INFO] - [TIMING] ✓ Completed: splat_training (1.52s)
[2026-06-21 15:52:39,785][__main__][INFO] - 
[2026-06-21 15:52:39,785][__main__][INFO] - ╔==========================================================╗
[2026-06-21 15:52:39,785][__main__][INFO] - ║                    Pipeline Complete!                    ║
[2026-06-21 15:52:39,785][__main__][INFO] - ╚==========================================================╝
[2026-06-21 15:52:39,786][__main__][INFO] - Output directory: /Users/bc/brendanchambers/2026-06-18-iphone-video-to-splat/data/intermediates/densify_sz0.0025_gr0.0002/colmap_sfm_linearized/splats
[2026-06-21 15:52:39,786][__main__][INFO] -   - PLY file: *.ply (3D Gaussian Splat)
[2026-06-21 15:52:39,786][__main__][INFO] -   - Loss log: *.jsonl (Training loss per step)
[2026-06-21 15:52:39,786][__main__][INFO] -   - Timing log: running-time_*.jsonl (Step execution times)
[2026-06-21 15:52:39,786][src.timing_recorder][INFO] - 
[2026-06-21 15:52:39,786][src.timing_recorder][INFO] - ======================================================================
[2026-06-21 15:52:39,786][src.timing_recorder][INFO] - PIPELINE EXECUTION TIMING SUMMARY
[2026-06-21 15:52:39,786][src.timing_recorder][INFO] - ======================================================================
[2026-06-21 15:52:39,786][src.timing_recorder][INFO] - ✓ frame_extraction              0.22s  (  5.3%)
[2026-06-21 15:52:39,786][src.timing_recorder][INFO] - ✓ feature_extraction            0.71s  ( 17.0%)
[2026-06-21 15:52:39,786][src.timing_recorder][INFO] - ✓ feature_matching              0.55s  ( 13.1%)
[2026-06-21 15:52:39,786][src.timing_recorder][INFO] - ✓ sparse_reconstruction         0.53s  ( 12.6%)
[2026-06-21 15:52:39,786][src.timing_recorder][INFO] - ✓ undistortion                  0.67s  ( 15.9%)
[2026-06-21 15:52:39,786][src.timing_recorder][INFO] - ✓ splat_training                1.52s  ( 36.1%)
[2026-06-21 15:52:39,786][src.timing_recorder][INFO] - ----------------------------------------------------------------------
[2026-06-21 15:52:39,786][src.timing_recorder][INFO] - TOTAL                           4.21s  (100.0%)
[2026-06-21 15:52:39,786][src.timing_recorder][INFO] - ======================================================================
[2026-06-21 15:52:39,786][src.timing_recorder][INFO] - 
[2026-06-21 15:52:39,787][src.timing_recorder][INFO] - [TIMING] Saved timing report to: /Users/bc/brendanchambers/2026-06-18-iphone-video-to-splat/data/intermediates/densify_sz0.0025_gr0.0002/colmap_sfm_linearized/splats/running-time_20260621_1552.jsonl
