Using MPS
Reading 54093 points
Loading /Users/bc/brendanchambers/2026-06-18-iphone-video-to-splat/data/intermediates/gardenbed__e_distortion_corrected/images/frame_0001.jpg
Loading /Users/bc/brendanchambers/2026-06-18-iphone-video-to-splat/data/intermediates/gardenbed__e_distortion_corrected/images/frame_0014.jpg
Loading /Users/bc/brendanchambers/2026-06-18-iphone-video-to-splat/data/intermediates/gardenbed__e_distortion_corrected/images/frame_0066.jpg
Loading /Users/bc/brendanchambers/2026-06-18-iphone-video-to-splat/data/intermediates/gardenbed__e_distortion_corrected/images/frame_0027.jpgLoading /Users/bc/brendanchambers/2026-06-18-iphone-video-to-splat/data/intermediates/gardenbed__e_distortion_corrected/images/frame_0040.jpg
Loading Loading /Users/bc/brendanchambers/2026-06-18-iphone-video-to-splat/data/intermediates/gardenbed__e_distortion_corrected/images/frame_0053.jpg
Loading /Users/bc/brendanchambers/2026-06-18-iphone-video-to-splat/data/intermediates/gardenbed__e_distortion_corrected/images/frame_0079.jpg
Loading /Users/bc/brendanchambers/2026-06-18-iphone-video-to-splat/data/intermediates/gardenbed__e_distortion_corrected/images/frame_0092.jpg
Loading /Users/bc/brendanchambers/2026-06-18-iphone-video-to-splat/data/intermediates/gardenbed__e_distortion_corrected/images/frame_0118.jpg
/Users/bc/brendanchambers/2026-06-18-iphone-video-to-splat/data/intermediates/gardenbed__e_distortion_corrected/images/frame_0105.jpg

Loading /Users/bc/brendanchambers/2026-06-18-iphone-video-to-splat/data/intermediates/gardenbed__e_distortion_corrected/images/frame_0080.jpg
Loading /Users/bc/brendanchambers/2026-06-18-iphone-video-to-splat/data/intermediates/gardenbed__e_distortion_corrected/images/frame_0106.jpg
Loading /Users/bc/brendanchambers/2026-06-18-iphone-video-to-splat/data/intermediates/gardenbed__e_distortion_corrected/images/frame_0119.jpg
Loading /Users/bc/brendanchambers/2026-06-18-iphone-video-to-splat/data/intermediates/gardenbed__e_distortion_corrected/images/frame_0041.jpg
Loading /Users/bc/brendanchambers/2026-06-18-iphone-video-to-splat/data/intermediates/gardenbed__e_distortion_corrected/images/frame_0028.jpg
Loading /Users/bc/brendanchambers/2026-06-18-iphone-video-to-splat/data/intermediates/gardenbed__e_distortion_corrected/images/frame_0093.jpg
Loading /Users/bc/brendanchambers/2026-06-18-iphone-video-to-splat/data/intermediates/gardenbed__e_distortion_corrected/images/frame_0002.jpg
Loading /Users/bc/brendanchambers/2026-06-18-iphone-video-to-splat/data/intermediates/gardenbed__e_distortion_corrected/images/frame_0067.jpg
Loading /Users/bc/brendanchambers/2026-06-18-iphone-video-to-splat/data/intermediates/gardenbed__e_distortion_corrected/images/frame_0015.jpg
Loading /Users/bc/brendanchambers/2026-06-18-iphone-video-to-splat/data/intermediates/gardenbed__e_distortion_corrected/images/frame_0054.jpg
Loading /Users/bc/brendanchambers/2026-06-18-iphone-video-to-splat/data/intermediates/gardenbed__e_distortion_corrected/images/frame_0081.jpg
Loading /Users/bc/brendanchambers/2026-06-18-iphone-video-to-splat/data/intermediates/gardenbed__e_distortion_corrected/images/frame_0107.jpg
Loading /Users/bc/brendanchambers/2026-06-18-iphone-video-to-splat/data/intermediates/gardenbed__e_distortion_corrected/images/frame_0120.jpg
Loading /Users/bc/brendanchambers/2026-06-18-iphone-video-to-splat/data/intermediates/gardenbed__e_distortion_corrected/images/frame_0094.jpg
Loading /Users/bc/brendanchambers/2026-06-18-iphone-video-to-splat/data/intermediates/gardenbed__e_distortion_corrected/images/frame_0042.jpg
Loading /Users/bc/brendanchambers/2026-06-18-iphone-video-to-splat/data/intermediates/gardenbed__e_distortion_corrected/images/frame_0029.jpg
Loading /Users/bc/brendanchambers/2026-06-18-iphone-video-to-splat/data/intermediates/gardenbed__e_distortion_corrected/images/frame_0068.jpg
Loading /Users/bc/brendanchambers/2026-06-18-iphone-video-to-splat/data/intermediates/gardenbed__e_distortion_corrected/images/frame_0016.jpg
Loading /Users/bc/brendanchambers/2026-06-18-iphone-video-to-splat/data/intermediates/gardenbed__e_distortion_corrected/images/frame_0003.jpg
Loading /Users/bc/brendanchambers/2026-06-18-iphone-video-to-splat/data/intermediates/gardenbed__e_distortion_corrected/images/frame_0055.jpg
Loading /Users/bc/brendanchambers/2026-06-18-iphone-video-to-splat/data/intermediates/gardenbed__e_distortion_corrected/images/frame_0082.jpg
Loading /Users/bc/brendanchambers/2026-06-18-iphone-video-to-splat/data/intermediates/gardenbed__e_distortion_corrected/images/frame_0108.jpg
Loading /Users/bc/brendanchambers/2026-06-18-iphone-video-to-splat/data/intermediates/gardenbed__e_distortion_corrected/images/frame_0121.jpg
Loading /Users/bc/brendanchambers/2026-06-18-iphone-video-to-splat/data/intermediates/gardenbed__e_distortion_corrected/images/frame_0095.jpg
Loading /Users/bc/brendanchambers/2026-06-18-iphone-video-to-splat/data/intermediates/gardenbed__e_distortion_corrected/images/frame_0043.jpg
Loading /Users/bc/brendanchambers/2026-06-18-iphone-video-to-splat/data/intermediates/gardenbed__e_distortion_corrected/images/frame_0069.jpg
Loading /Users/bc/brendanchambers/2026-06-18-iphone-video-to-splat/data/intermediates/gardenbed__e_distortion_corrected/images/frame_0017.jpg
Loading /Users/bc/brendanchambers/2026-06-18-iphone-video-to-splat/data/intermediates/gardenbed__e_distortion_corrected/images/frame_0004.jpg
Loading /Users/bc/brendanchambers/2026-06-18-iphone-video-to-splat/data/intermediates/gardenbed__e_distortion_corrected/images/frame_0056.jpg
Loading /Users/bc/brendanchambers/2026-06-18-iphone-video-to-splat/data/intermediates/gardenbed__e_distortion_corrected/images/frame_0109.jpg
Loading /Users/bc/brendanchambers/2026-06-18-iphone-video-to-splat/data/intermediates/gardenbed__e_distortion_corrected/images/frame_0122.jpg
Loading /Users/bc/brendanchambers/2026-06-18-iphone-video-to-splat/data/intermediates/gardenbed__e_distortion_corrected/images/frame_0030.jpg
Loading /Users/bc/brendanchambers/2026-06-18-iphone-video-to-splat/data/intermediates/gardenbed__e_distortion_corrected/images/frame_0083.jpg
Loading /Users/bc/brendanchambers/2026-06-18-iphone-video-to-splat/data/intermediates/gardenbed__e_distortion_corrected/images/frame_0044.jpg
Loading /Users/bc/brendanchambers/2026-06-18-iphone-video-to-splat/data/intermediates/gardenbed__e_distortion_corrected/images/frame_0070.jpg
Loading /Users/bc/brendanchambers/2026-06-18-iphone-video-to-splat/data/intermediates/gardenbed__e_distortion_corrected/images/frame_0096.jpg
Loading /Users/bc/brendanchambers/2026-06-18-iphone-video-to-splat/data/intermediates/gardenbed__e_distortion_corrected/images/frame_0005.jpg
Loading /Users/bc/brendanchambers/2026-06-18-iphone-video-to-splat/data/intermediates/gardenbed__e_distortion_corrected/images/frame_0110.jpg
Loading /Users/bc/brendanchambers/2026-06-18-iphone-video-to-splat/data/intermediates/gardenbed__e_distortion_corrected/images/frame_0057.jpg
Loading /Users/bc/brendanchambers/2026-06-18-iphone-video-to-splat/data/intermediates/gardenbed__e_distortion_corrected/images/frame_0018.jpg
Loading /Users/bc/brendanchambers/2026-06-18-iphone-video-to-splat/data/intermediates/gardenbed__e_distortion_corrected/images/frame_0071.jpg
Loading /Users/bc/brendanchambers/2026-06-18-iphone-video-to-splat/data/intermediates/gardenbed__e_distortion_corrected/images/frame_0031.jpg
Loading /Users/bc/brendanchambers/2026-06-18-iphone-video-to-splat/data/intermediates/gardenbed__e_distortion_corrected/images/frame_0006.jpg
Loading /Users/bc/brendanchambers/2026-06-18-iphone-video-to-splat/data/intermediates/gardenbed__e_distortion_corrected/images/frame_0097.jpg
Loading /Users/bc/brendanchambers/2026-06-18-iphone-video-to-splat/data/intermediates/gardenbed__e_distortion_corrected/images/frame_0084.jpg
Loading /Users/bc/brendanchambers/2026-06-18-iphone-video-to-splat/data/intermediates/gardenbed__e_distortion_corrected/images/frame_0111.jpg
Loading /Users/bc/brendanchambers/2026-06-18-iphone-video-to-splat/data/intermediates/gardenbed__e_distortion_corrected/images/frame_0123.jpg
Loading /Users/bc/brendanchambers/2026-06-18-iphone-video-to-splat/data/intermediates/gardenbed__e_distortion_corrected/images/frame_0045.jpg
Loading /Users/bc/brendanchambers/2026-06-18-iphone-video-to-splat/data/intermediates/gardenbed__e_distortion_corrected/images/frame_0072.jpg
Loading /Users/bc/brendanchambers/2026-06-18-iphone-video-to-splat/data/intermediates/gardenbed__e_distortion_corrected/images/frame_0058.jpg
Loading /Users/bc/brendanchambers/2026-06-18-iphone-video-to-splat/data/intermediates/gardenbed__e_distortion_corrected/images/frame_0019.jpg
Loading /Users/bc/brendanchambers/2026-06-18-iphone-video-to-splat/data/intermediates/gardenbed__e_distortion_corrected/images/frame_0032.jpg
Loading /Users/bc/brendanchambers/2026-06-18-iphone-video-to-splat/data/intermediates/gardenbed__e_distortion_corrected/images/frame_0098.jpg
Loading /Users/bc/brendanchambers/2026-06-18-iphone-video-to-splat/data/intermediates/gardenbed__e_distortion_corrected/images/frame_0085.jpg
Loading /Users/bc/brendanchambers/2026-06-18-iphone-video-to-splat/data/intermediates/gardenbed__e_distortion_corrected/images/frame_0112.jpg
Loading /Users/bc/brendanchambers/2026-06-18-iphone-video-to-splat/data/intermediates/gardenbed__e_distortion_corrected/images/frame_0059.jpg
Loading /Users/bc/brendanchambers/2026-06-18-iphone-video-to-splat/data/intermediates/gardenbed__e_distortion_corrected/images/frame_0046.jpg
Loading /Users/bc/brendanchambers/2026-06-18-iphone-video-to-splat/data/intermediates/gardenbed__e_distortion_corrected/images/frame_0124.jpg
Loading /Users/bc/brendanchambers/2026-06-18-iphone-video-to-splat/data/intermediates/gardenbed__e_distortion_corrected/images/frame_0020.jpg
Loading /Users/bc/brendanchambers/2026-06-18-iphone-video-to-splat/data/intermediates/gardenbed__e_distortion_corrected/images/frame_0099.jpg
Loading /Users/bc/brendanchambers/2026-06-18-iphone-video-to-splat/data/intermediates/gardenbed__e_distortion_corrected/images/frame_0007.jpg
Loading /Users/bc/brendanchambers/2026-06-18-iphone-video-to-splat/data/intermediates/gardenbed__e_distortion_corrected/images/frame_0047.jpg
Loading /Users/bc/brendanchambers/2026-06-18-iphone-video-to-splat/data/intermediates/gardenbed__e_distortion_corrected/images/frame_0113.jpg
Loading /Users/bc/brendanchambers/2026-06-18-iphone-video-to-splat/data/intermediates/gardenbed__e_distortion_corrected/images/frame_0060.jpg
Loading /Users/bc/brendanchambers/2026-06-18-iphone-video-to-splat/data/intermediates/gardenbed__e_distortion_corrected/images/frame_0073.jpg
Loading /Users/bc/brendanchambers/2026-06-18-iphone-video-to-splat/data/intermediates/gardenbed__e_distortion_corrected/images/frame_0033.jpg
Loading /Users/bc/brendanchambers/2026-06-18-iphone-video-to-splat/data/intermediates/gardenbed__e_distortion_corrected/images/frame_0086.jpg
Loading /Users/bc/brendanchambers/2026-06-18-iphone-video-to-splat/data/intermediates/gardenbed__e_distortion_corrected/images/frame_0100.jpg
Loading /Users/bc/brendanchambers/2026-06-18-iphone-video-to-splat/data/intermediates/gardenbed__e_distortion_corrected/images/frame_0008.jpg
Loading /Users/bc/brendanchambers/2026-06-18-iphone-video-to-splat/data/intermediates/gardenbed__e_distortion_corrected/images/frame_0021.jpg
Loading /Users/bc/brendanchambers/2026-06-18-iphone-video-to-splat/data/intermediates/gardenbed__e_distortion_corrected/images/frame_0048.jpg
Loading /Users/bc/brendanchambers/2026-06-18-iphone-video-to-splat/data/intermediates/gardenbed__e_distortion_corrected/images/frame_0114.jpg
Loading /Users/bc/brendanchambers/2026-06-18-iphone-video-to-splat/data/intermediates/gardenbed__e_distortion_corrected/images/frame_0061.jpg
Loading /Users/bc/brendanchambers/2026-06-18-iphone-video-to-splat/data/intermediates/gardenbed__e_distortion_corrected/images/frame_0074.jpg
Loading /Users/bc/brendanchambers/2026-06-18-iphone-video-to-splat/data/intermediates/gardenbed__e_distortion_corrected/images/frame_0087.jpg
Loading /Users/bc/brendanchambers/2026-06-18-iphone-video-to-splat/data/intermediates/gardenbed__e_distortion_corrected/images/frame_0034.jpg
Loading /Users/bc/brendanchambers/2026-06-18-iphone-video-to-splat/data/intermediates/gardenbed__e_distortion_corrected/images/frame_0022.jpg
Loading /Users/bc/brendanchambers/2026-06-18-iphone-video-to-splat/data/intermediates/gardenbed__e_distortion_corrected/images/frame_0009.jpg
Loading /Users/bc/brendanchambers/2026-06-18-iphone-video-to-splat/data/intermediates/gardenbed__e_distortion_corrected/images/frame_0101.jpg
Loading /Users/bc/brendanchambers/2026-06-18-iphone-video-to-splat/data/intermediates/gardenbed__e_distortion_corrected/images/frame_0062.jpg
Loading /Users/bc/brendanchambers/2026-06-18-iphone-video-to-splat/data/intermediates/gardenbed__e_distortion_corrected/images/frame_0049.jpg
Loading /Users/bc/brendanchambers/2026-06-18-iphone-video-to-splat/data/intermediates/gardenbed__e_distortion_corrected/images/frame_0035.jpg
Loading /Users/bc/brendanchambers/2026-06-18-iphone-video-to-splat/data/intermediates/gardenbed__e_distortion_corrected/images/frame_0088.jpg
Loading /Users/bc/brendanchambers/2026-06-18-iphone-video-to-splat/data/intermediates/gardenbed__e_distortion_corrected/images/frame_0115.jpg
Loading /Users/bc/brendanchambers/2026-06-18-iphone-video-to-splat/data/intermediates/gardenbed__e_distortion_corrected/images/frame_0075.jpg
Loading /Users/bc/brendanchambers/2026-06-18-iphone-video-to-splat/data/intermediates/gardenbed__e_distortion_corrected/images/frame_0010.jpg
Loading /Users/bc/brendanchambers/2026-06-18-iphone-video-to-splat/data/intermediates/gardenbed__e_distortion_corrected/images/frame_0023.jpg
Loading /Users/bc/brendanchambers/2026-06-18-iphone-video-to-splat/data/intermediates/gardenbed__e_distortion_corrected/images/frame_0102.jpg
Loading /Users/bc/brendanchambers/2026-06-18-iphone-video-to-splat/data/intermediates/gardenbed__e_distortion_corrected/images/frame_0063.jpg
Loading /Users/bc/brendanchambers/2026-06-18-iphone-video-to-splat/data/intermediates/gardenbed__e_distortion_corrected/images/frame_0036.jpg
Loading /Users/bc/brendanchambers/2026-06-18-iphone-video-to-splat/data/intermediates/gardenbed__e_distortion_corrected/images/frame_0089.jpg
Loading /Users/bc/brendanchambers/2026-06-18-iphone-video-to-splat/data/intermediates/gardenbed__e_distortion_corrected/images/frame_0050.jpg
Loading /Users/bc/brendanchambers/2026-06-18-iphone-video-to-splat/data/intermediates/gardenbed__e_distortion_corrected/images/frame_0116.jpg
Loading /Users/bc/brendanchambers/2026-06-18-iphone-video-to-splat/data/intermediates/gardenbed__e_distortion_corrected/images/frame_0076.jpg
Loading /Users/bc/brendanchambers/2026-06-18-iphone-video-to-splat/data/intermediates/gardenbed__e_distortion_corrected/images/frame_0103.jpg
Loading /Users/bc/brendanchambers/2026-06-18-iphone-video-to-splat/data/intermediates/gardenbed__e_distortion_corrected/images/frame_0024.jpg
Loading /Users/bc/brendanchambers/2026-06-18-iphone-video-to-splat/data/intermediates/gardenbed__e_distortion_corrected/images/frame_0011.jpg
Loading /Users/bc/brendanchambers/2026-06-18-iphone-video-to-splat/data/intermediates/gardenbed__e_distortion_corrected/images/frame_0064.jpg
Loading /Users/bc/brendanchambers/2026-06-18-iphone-video-to-splat/data/intermediates/gardenbed__e_distortion_corrected/images/frame_0117.jpg
Loading /Users/bc/brendanchambers/2026-06-18-iphone-video-to-splat/data/intermediates/gardenbed__e_distortion_corrected/images/frame_0051.jpg
Loading /Users/bc/brendanchambers/2026-06-18-iphone-video-to-splat/data/intermediates/gardenbed__e_distortion_corrected/images/frame_0037.jpg
Loading /Users/bc/brendanchambers/2026-06-18-iphone-video-to-splat/data/intermediates/gardenbed__e_distortion_corrected/images/frame_0077.jpg
Loading /Users/bc/brendanchambers/2026-06-18-iphone-video-to-splat/data/intermediates/gardenbed__e_distortion_corrected/images/frame_0090.jpg
Loading /Users/bc/brendanchambers/2026-06-18-iphone-video-to-splat/data/intermediates/gardenbed__e_distortion_corrected/images/frame_0012.jpg
Loading /Users/bc/brendanchambers/2026-06-18-iphone-video-to-splat/data/intermediates/gardenbed__e_distortion_corrected/images/frame_0078.jpg
Loading /Users/bc/brendanchambers/2026-06-18-iphone-video-to-splat/data/intermediates/gardenbed__e_distortion_corrected/images/frame_0104.jpg
Loading /Users/bc/brendanchambers/2026-06-18-iphone-video-to-splat/data/intermediates/gardenbed__e_distortion_corrected/images/frame_0091.jpg
Loading /Users/bc/brendanchambers/2026-06-18-iphone-video-to-splat/data/intermediates/gardenbed__e_distortion_corrected/images/frame_0025.jpg
Loading /Users/bc/brendanchambers/2026-06-18-iphone-video-to-splat/data/intermediates/gardenbed__e_distortion_corrected/images/frame_0038.jpg
Loading /Users/bc/brendanchambers/2026-06-18-iphone-video-to-splat/data/intermediates/gardenbed__e_distortion_corrected/images/frame_0065.jpg
Loading /Users/bc/brendanchambers/2026-06-18-iphone-video-to-splat/data/intermediates/gardenbed__e_distortion_corrected/images/frame_0013.jpg
Loading /Users/bc/brendanchambers/2026-06-18-iphone-video-to-splat/data/intermediates/gardenbed__e_distortion_corrected/images/frame_0039.jpg
Loading /Users/bc/brendanchambers/2026-06-18-iphone-video-to-splat/data/intermediates/gardenbed__e_distortion_corrected/images/frame_0052.jpg
Loading /Users/bc/brendanchambers/2026-06-18-iphone-video-to-splat/data/intermediates/gardenbed__e_distortion_corrected/images/frame_0026.jpg
init_gsplat_metal_context: loading '/Users/bc/brendanchambers/2026-06-18-iphone-video-to-splat/opensplat/build/default.metallib'
init_gsplat_metal_context: loaded '/Users/bc/brendanchambers/2026-06-18-iphone-video-to-splat/opensplat/build/default.metallib', functions: compute_cov2d_bounds_kernel, project_gaussians_backward_kernel, get_tile_bin_edges_kernel, rasterize_backward_kernel, map_gaussian_to_intersects_kernel, nd_rasterize_backward_kernel, project_gaussians_forward_kernel, compute_sh_backward_kernel, compute_sh_forward_kernel, nd_rasterize_forward_kernel
init_gsplat_metal_context: load function nd_rasterize_backward_kernel with label: (null)
init_gsplat_metal_context: load function nd_rasterize_forward_kernel with label: (null)
init_gsplat_metal_context: load function rasterize_backward_kernel with label: (null)
init_gsplat_metal_context: load function project_gaussians_forward_kernel with label: (null)
init_gsplat_metal_context: load function project_gaussians_backward_kernel with label: (null)
init_gsplat_metal_context: load function compute_sh_forward_kernel with label: (null)
init_gsplat_metal_context: load function compute_sh_backward_kernel with label: (null)
init_gsplat_metal_context: load function compute_cov2d_bounds_kernel with label: (null)
init_gsplat_metal_context: load function map_gaussian_to_intersects_kernel with label: (null)
init_gsplat_metal_context: load function get_tile_bin_edges_kernel with label: (null)
Step 10: 0.277916 (0%)
Step 20: 0.307138 (1%)
Step 30: 0.270427 (2%)
Step 40: 0.259745 (2%)
Step 50: 0.270748 (3%)
Step 60: 0.261433 (4%)
Step 70: 0.249761 (4%)
Step 80: 0.241979 (5%)
Step 90: 0.225341 (6%)
Step 100: 0.230516 (6%)
Step 110: 0.214632 (7%)
Step 120: 0.250978 (8%)
Step 130: 0.230366 (8%)
Step 140: 0.208059 (9%)
Step 150: 0.243562 (10%)
Step 160: 0.240356 (10%)
Step 170: 0.215938 (11%)
Step 180: 0.224301 (12%)
Step 190: 0.25336 (12%)
Step 200: 0.228487 (13%)
Step 210: 0.212485 (14%)
Step 220: 0.226467 (14%)
Step 230: 0.210413 (15%)
Step 240: 0.242811 (16%)
Step 250: 0.197678 (16%)
Step 260: 0.208351 (17%)
Step 270: 0.223094 (18%)
Step 280: 0.222923 (18%)
Step 290: 0.202568 (19%)
Step 300: 0.144494 (20%)
Step 310: 0.192075 (20%)
Step 320: 0.243501 (21%)
Step 330: 0.17108 (22%)
Step 340: 0.196787 (22%)
Step 350: 0.184909 (23%)
Step 360: 0.190555 (24%)
Step 370: 0.193268 (24%)
Step 380: 0.186236 (25%)
Step 390: 0.177328 (26%)
Step 400: 0.196294 (26%)
Step 410: 0.188745 (27%)
Step 420: 0.186807 (28%)
Step 430: 0.215189 (28%)
Step 440: 0.184546 (29%)
Step 450: 0.258976 (30%)
Step 460: 0.172799 (30%)
Step 470: 0.172351 (31%)
Step 480: 0.227804 (32%)
Step 490: 0.192944 (32%)
Step 500: 0.181494 (33%)
Step 510: 0.129208 (34%)
Step 520: 0.228122 (34%)
Step 530: 0.203614 (35%)
Step 540: 0.15461 (36%)
Step 550: 0.220347 (36%)
Step 560: 0.171642 (37%)
Step 570: 0.144516 (38%)
Step 580: 0.194201 (38%)
Step 590: 0.16233 (39%)
Step 600: 0.176974 (40%)
Added 29042 gaussians, new count 83135
Culled 23013 gaussians, remaining 60122
Step 610: 0.203359 (40%)
Step 620: 0.189657 (41%)
Step 630: 0.167169 (42%)
Step 640: 0.172941 (42%)
Step 650: 0.200083 (43%)
Step 660: 0.197867 (44%)
Step 670: 0.169592 (44%)
Step 680: 0.164491 (45%)
Step 690: 0.196452 (46%)
Step 700: 0.142599 (46%)
Added 52892 gaussians, new count 113014
Culled 13848 gaussians, remaining 99166
Step 710: 0.19072 (47%)
Step 720: 0.201052 (48%)
Step 730: 0.194129 (48%)
Step 740: 0.219087 (49%)
Step 750: 0.194867 (50%)
Step 760: 0.149476 (50%)
Step 770: 0.191581 (51%)
Step 780: 0.166453 (52%)
Step 790: 0.126487 (52%)
Step 800: 0.178206 (53%)
Step 810: 0.162156 (54%)
Step 820: 0.152496 (54%)
Step 830: 0.195609 (55%)
Step 840: 0.153176 (56%)
Step 850: 0.156625 (56%)
Step 860: 0.186979 (57%)
Step 870: 0.177862 (58%)
Step 880: 0.135358 (58%)
Step 890: 0.160033 (59%)
Step 900: 0.15204 (60%)
Step 910: 0.174496 (60%)
Step 920: 0.153086 (61%)
Step 930: 0.202865 (62%)
Step 940: 0.163289 (62%)
Step 950: 0.173918 (63%)
Step 960: 0.1677 (64%)
Step 970: 0.153014 (64%)
Step 980: 0.147194 (65%)
Step 990: 0.143357 (66%)
Step 1000: 0.104565 (66%)
Step 1010: 0.135742 (67%)
Step 1020: 0.11088 (68%)
Step 1030: 0.185431 (68%)
Step 1040: 0.150465 (69%)
Step 1050: 0.146116 (70%)
Step 1060: 0.145987 (70%)
Step 1070: 0.146482 (71%)
Step 1080: 0.14679 (72%)
Step 1090: 0.17235 (72%)
Step 1100: 0.19764 (73%)
Step 1110: 0.130699 (74%)
Step 1120: 0.132601 (74%)
Step 1130: 0.204936 (75%)
Step 1140: 0.15 (76%)
Step 1150: 0.135326 (76%)
Step 1160: 0.125432 (77%)
Step 1170: 0.121993 (78%)
Step 1180: 0.10044 (78%)
Step 1190: 0.139488 (79%)
Step 1200: 0.110431 (80%)
Step 1210: 0.153778 (80%)
Step 1220: 0.141603 (81%)
Step 1230: 0.136036 (82%)
Step 1240: 0.136331 (82%)
Step 1250: 0.130992 (83%)
Step 1260: 0.178776 (84%)
Step 1270: 0.142624 (84%)
Step 1280: 0.128089 (85%)
Step 1290: 0.184659 (86%)
Step 1300: 0.170521 (86%)
Step 1310: 0.199928 (87%)
Step 1320: 0.150976 (88%)
Step 1330: 0.159951 (88%)
Step 1340: 0.154011 (89%)
Step 1350: 0.156053 (90%)
Step 1360: 0.12816 (90%)
Step 1370: 0.207809 (91%)
Step 1380: 0.157503 (92%)
Step 1390: 0.13467 (92%)
Step 1400: 0.18587 (93%)
Step 1410: 0.138796 (94%)
Step 1420: 0.154945 (94%)
Step 1430: 0.147668 (95%)
Step 1440: 0.133933 (96%)
Step 1450: 0.138821 (96%)
Step 1460: 0.116328 (97%)
Step 1470: 0.11538 (98%)
Step 1480: 0.0892666 (98%)
Step 1490: 0.158689 (99%)
Step 1500: 0.157728 (100%)
Wrote /Users/bc/brendanchambers/2026-06-18-iphone-video-to-splat/data/intermediates/gardenbed__e_distortion_corrected/splats/1500steps_20260620_1947/cameras.json
Wrote /Users/bc/brendanchambers/2026-06-18-iphone-video-to-splat/data/intermediates/gardenbed__e_distortion_corrected/splats/1500steps_20260620_1947/gardenbed__e.ply
/Users/bc/brendanchambers/2026-06-18-iphone-video-to-splat/data/intermediates/gardenbed__e_distortion_corrected/images/frame_0032.jpg validation loss: 0.143945
