[2026-06-21 14:48:31,360][__main__][INFO] - 
[2026-06-21 14:48:31,360][__main__][INFO] - ╔==========================================================╗
[2026-06-21 14:48:31,360][__main__][INFO] - ║          3D Gaussian Splat Training Pipeline              ║
[2026-06-21 14:48:31,360][__main__][INFO] - ╚==========================================================╝
[2026-06-21 14:48:31,360][__main__][INFO] - Experiment: teensy
[2026-06-21 14:48:31,360][__main__][INFO] - Project dir: /Users/bc/brendanchambers/2026-06-18-iphone-video-to-splat
[2026-06-21 14:48:31,360][__main__][INFO] - 
[2026-06-21 14:48:31,360][__main__][INFO] - ============================================================
[2026-06-21 14:48:31,360][__main__][INFO] - STEP 1: Frame Extraction
[2026-06-21 14:48:31,360][__main__][INFO] - ============================================================
[2026-06-21 14:48:31,360][src.frame_extractor][INFO] - Extracting frames from: /Users/bc/brendanchambers/2026-06-18-iphone-video-to-splat/data/incoming/movies/teensy.mov
[2026-06-21 14:48:31,360][src.frame_extractor][INFO] - Output directory: /Users/bc/brendanchambers/2026-06-18-iphone-video-to-splat/data/intermediates/teensy/colmap_sfm_camera_model/images
[2026-06-21 14:48:31,360][src.frame_extractor][INFO] - Extracting frames at 2 fps
[2026-06-21 14:48:31,360][src.frame_extractor][INFO] - Running command: ffmpeg -i /Users/bc/brendanchambers/2026-06-18-iphone-video-to-splat/data/incoming/movies/teensy.mov -vf fps=2 -q:v 5 /Users/bc/brendanchambers/2026-06-18-iphone-video-to-splat/data/intermediates/teensy/colmap_sfm_camera_model/images/frame_%04d.jpg
[2026-06-21 14:48:31,374][src.frame_extractor][INFO] - ffmpeg version 8.1.2 Copyright (c) 2000-2026 the FFmpeg developers
[2026-06-21 14:48:31,375][src.frame_extractor][INFO] -   built with Apple clang version 17.0.0 (clang-1700.6.4.2)
[2026-06-21 14:48:31,375][src.frame_extractor][INFO] -   configuration: --prefix=/opt/homebrew/Cellar/ffmpeg/8.1.2 --enable-shared --enable-pthreads --enable-version3 --cc=clang --host-cflags= --host-ldflags= --enable-ffplay --enable-gpl --enable-libsvtav1 --enable-libopus --enable-libx264 --enable-libmp3lame --enable-libdav1d --enable-libvmaf --enable-libvpx --enable-libx265 --enable-openssl --enable-videotoolbox --enable-audiotoolbox --enable-neon
[2026-06-21 14:48:31,375][src.frame_extractor][INFO] -   libavutil      60. 26.102 / 60. 26.102
[2026-06-21 14:48:31,375][src.frame_extractor][INFO] -   libavcodec     62. 28.102 / 62. 28.102
[2026-06-21 14:48:31,375][src.frame_extractor][INFO] -   libavformat    62. 12.102 / 62. 12.102
[2026-06-21 14:48:31,375][src.frame_extractor][INFO] -   libavdevice    62.  3.102 / 62.  3.102
[2026-06-21 14:48:31,375][src.frame_extractor][INFO] -   libavfilter    11. 14.102 / 11. 14.102
[2026-06-21 14:48:31,375][src.frame_extractor][INFO] -   libswscale      9.  5.102 /  9.  5.102
[2026-06-21 14:48:31,375][src.frame_extractor][INFO] -   libswresample   6.  3.102 /  6.  3.102
[2026-06-21 14:48:31,389][src.frame_extractor][INFO] - Input #0, mov,mp4,m4a,3gp,3g2,mj2, from '/Users/bc/brendanchambers/2026-06-18-iphone-video-to-splat/data/incoming/movies/teensy.mov':
[2026-06-21 14:48:31,389][src.frame_extractor][INFO] -   Metadata:
[2026-06-21 14:48:31,389][src.frame_extractor][INFO] -     major_brand     : qt
[2026-06-21 14:48:31,389][src.frame_extractor][INFO] -     minor_version   : 512
[2026-06-21 14:48:31,389][src.frame_extractor][INFO] -     compatible_brands: qt
[2026-06-21 14:48:31,389][src.frame_extractor][INFO] -     encoder         : Lavf62.12.102
[2026-06-21 14:48:31,389][src.frame_extractor][INFO] -   Duration: 00:00:04.01, start: 0.000000, bitrate: 19786 kb/s
[2026-06-21 14:48:31,389][src.frame_extractor][INFO] -   Stream #0:0[0x1]: Video: h264 (High) (avc1 / 0x31637661), yuv420p(tv, bt709, progressive), 1080x1920, 19646 kb/s, 29.67 fps, 29.67 tbr, 11392 tbn (default)
[2026-06-21 14:48:31,389][src.frame_extractor][INFO] -     Metadata:
[2026-06-21 14:48:31,389][src.frame_extractor][INFO] -       handler_name    : Core Media Video
[2026-06-21 14:48:31,389][src.frame_extractor][INFO] -       vendor_id       : FFMP
[2026-06-21 14:48:31,389][src.frame_extractor][INFO] -       encoder         : Lavc62.28.102 libx264
[2026-06-21 14:48:31,389][src.frame_extractor][INFO] -   Stream #0:1[0x2]: Audio: aac (LC) (mp4a / 0x6134706D), 48000 Hz, stereo, fltp, 128 kb/s (default)
[2026-06-21 14:48:31,389][src.frame_extractor][INFO] -     Metadata:
[2026-06-21 14:48:31,389][src.frame_extractor][INFO] -       handler_name    : Core Media Audio
[2026-06-21 14:48:31,389][src.frame_extractor][INFO] -       vendor_id       : [0][0][0][0]
[2026-06-21 14:48:31,389][src.frame_extractor][INFO] - Stream mapping:
[2026-06-21 14:48:31,389][src.frame_extractor][INFO] -   Stream #0:0 -> #0:0 (h264 (native) -> mjpeg (native))
[2026-06-21 14:48:31,389][src.frame_extractor][INFO] - Press [q] to stop, [?] for help
[2026-06-21 14:48:31,436][src.frame_extractor][INFO] - Output #0, image2, to '/Users/bc/brendanchambers/2026-06-18-iphone-video-to-splat/data/intermediates/teensy/colmap_sfm_camera_model/images/frame_%04d.jpg':
[2026-06-21 14:48:31,436][src.frame_extractor][INFO] -   Metadata:
[2026-06-21 14:48:31,436][src.frame_extractor][INFO] -     major_brand     : qt
[2026-06-21 14:48:31,437][src.frame_extractor][INFO] -     minor_version   : 512
[2026-06-21 14:48:31,437][src.frame_extractor][INFO] -     compatible_brands: qt
[2026-06-21 14:48:31,438][src.frame_extractor][INFO] -     encoder         : Lavf62.12.102
[2026-06-21 14:48:31,438][src.frame_extractor][INFO] -   Stream #0:0: Video: mjpeg, yuv420p(pc, bt709, progressive), 1080x1920, q=2-31, 200 kb/s, 2 fps, 2 tbn (default)
[2026-06-21 14:48:31,438][src.frame_extractor][INFO] -     Metadata:
[2026-06-21 14:48:31,438][src.frame_extractor][INFO] -       encoder         : Lavc62.28.102 mjpeg
[2026-06-21 14:48:31,438][src.frame_extractor][INFO] -       handler_name    : Core Media Video
[2026-06-21 14:48:31,440][src.frame_extractor][INFO] -       vendor_id       : FFMP
[2026-06-21 14:48:31,440][src.frame_extractor][INFO] -     Side data:
[2026-06-21 14:48:31,440][src.frame_extractor][INFO] -       CPB properties: bitrate max/min/avg: 0/0/200000 buffer size: 0 vbv_delay: N/A
[2026-06-21 14:48:31,577][src.frame_extractor][INFO] - [out#0/image2 @ 0x600002738600] video:3120KiB audio:0KiB subtitle:0KiB other streams:0KiB global headers:0KiB muxing overhead: unknown
[2026-06-21 14:48:31,577][src.frame_extractor][INFO] - frame=    8 fps=0.0 q=5.0 Lsize=N/A time=00:00:04.00 bitrate=N/A speed=21.3x elapsed=0:00:00.18
[2026-06-21 14:48:31,581][src.frame_extractor][INFO] - Successfully extracted 8 frames
[2026-06-21 14:48:31,581][__main__][INFO] - ✓ Frame extraction completed
[2026-06-21 14:48:31,581][__main__][INFO] - ============================================================
[2026-06-21 14:48:31,581][__main__][INFO] - STEP 2: Feature Extraction
[2026-06-21 14:48:31,581][__main__][INFO] - ============================================================
[2026-06-21 14:48:31,582][src.colmap_feature_extractor][INFO] - Extracting features from images: /Users/bc/brendanchambers/2026-06-18-iphone-video-to-splat/data/intermediates/teensy/colmap_sfm_camera_model/images
[2026-06-21 14:48:31,582][src.colmap_feature_extractor][INFO] - Database: /Users/bc/brendanchambers/2026-06-18-iphone-video-to-splat/data/intermediates/teensy/colmap_sfm_camera_model/database.db
[2026-06-21 14:48:31,582][src.colmap_feature_extractor][INFO] - Running: colmap feature_extractor
[2026-06-21 14:48:31,741][src.colmap_feature_extractor][INFO] - I20260621 14:48:31.740826 0x16b2f3000 feature_extraction.cc:504] === Feature extraction ===
[2026-06-21 14:48:31,758][src.colmap_feature_extractor][INFO] - I20260621 14:48:31.758181 0x16b8f7000 sift.cc:757] Creating SIFT GPU feature extractor
[2026-06-21 14:48:31,899][src.colmap_feature_extractor][INFO] - I20260621 14:48:31.899321 0x16b983000 feature_extraction.cc:282] Processed file [1/8]
[2026-06-21 14:48:31,899][src.colmap_feature_extractor][INFO] - I20260621 14:48:31.899339 0x16b983000 feature_extraction.cc:285]   Name:            frame_0001.jpg
[2026-06-21 14:48:31,899][src.colmap_feature_extractor][INFO] - I20260621 14:48:31.899341 0x16b983000 feature_extraction.cc:294]   Dimensions:      1080 x 1920
[2026-06-21 14:48:31,899][src.colmap_feature_extractor][INFO] - I20260621 14:48:31.899343 0x16b983000 feature_extraction.cc:297]   Camera:          #1 - RADIAL
[2026-06-21 14:48:31,899][src.colmap_feature_extractor][INFO] - I20260621 14:48:31.899345 0x16b983000 feature_extraction.cc:300]   Focal Length:    2304.00px
[2026-06-21 14:48:31,899][src.colmap_feature_extractor][INFO] - I20260621 14:48:31.899348 0x16b983000 feature_extraction.cc:304]   Features:        4449 (SIFT)
[2026-06-21 14:48:31,966][src.colmap_feature_extractor][INFO] - I20260621 14:48:31.966056 0x16b983000 feature_extraction.cc:282] Processed file [2/8]
[2026-06-21 14:48:31,966][src.colmap_feature_extractor][INFO] - I20260621 14:48:31.966073 0x16b983000 feature_extraction.cc:285]   Name:            frame_0002.jpg
[2026-06-21 14:48:31,966][src.colmap_feature_extractor][INFO] - I20260621 14:48:31.966075 0x16b983000 feature_extraction.cc:294]   Dimensions:      1080 x 1920
[2026-06-21 14:48:31,966][src.colmap_feature_extractor][INFO] - I20260621 14:48:31.966137 0x16b983000 feature_extraction.cc:297]   Camera:          #1 - RADIAL
[2026-06-21 14:48:31,966][src.colmap_feature_extractor][INFO] - I20260621 14:48:31.966156 0x16b983000 feature_extraction.cc:300]   Focal Length:    2304.00px
[2026-06-21 14:48:31,966][src.colmap_feature_extractor][INFO] - I20260621 14:48:31.966162 0x16b983000 feature_extraction.cc:304]   Features:        4766 (SIFT)
[2026-06-21 14:48:32,050][src.colmap_feature_extractor][INFO] - I20260621 14:48:32.050404 0x16b983000 feature_extraction.cc:282] Processed file [3/8]
[2026-06-21 14:48:32,051][src.colmap_feature_extractor][INFO] - I20260621 14:48:32.050431 0x16b983000 feature_extraction.cc:285]   Name:            frame_0003.jpg
[2026-06-21 14:48:32,051][src.colmap_feature_extractor][INFO] - I20260621 14:48:32.050435 0x16b983000 feature_extraction.cc:294]   Dimensions:      1080 x 1920
[2026-06-21 14:48:32,051][src.colmap_feature_extractor][INFO] - I20260621 14:48:32.050438 0x16b983000 feature_extraction.cc:297]   Camera:          #1 - RADIAL
[2026-06-21 14:48:32,051][src.colmap_feature_extractor][INFO] - I20260621 14:48:32.050442 0x16b983000 feature_extraction.cc:300]   Focal Length:    2304.00px
[2026-06-21 14:48:32,051][src.colmap_feature_extractor][INFO] - I20260621 14:48:32.050446 0x16b983000 feature_extraction.cc:304]   Features:        5561 (SIFT)
[2026-06-21 14:48:32,118][src.colmap_feature_extractor][INFO] - I20260621 14:48:32.118427 0x16b983000 feature_extraction.cc:282] Processed file [4/8]
[2026-06-21 14:48:32,118][src.colmap_feature_extractor][INFO] - I20260621 14:48:32.118449 0x16b983000 feature_extraction.cc:285]   Name:            frame_0004.jpg
[2026-06-21 14:48:32,118][src.colmap_feature_extractor][INFO] - I20260621 14:48:32.118452 0x16b983000 feature_extraction.cc:294]   Dimensions:      1080 x 1920
[2026-06-21 14:48:32,118][src.colmap_feature_extractor][INFO] - I20260621 14:48:32.118453 0x16b983000 feature_extraction.cc:297]   Camera:          #1 - RADIAL
[2026-06-21 14:48:32,118][src.colmap_feature_extractor][INFO] - I20260621 14:48:32.118455 0x16b983000 feature_extraction.cc:300]   Focal Length:    2304.00px
[2026-06-21 14:48:32,118][src.colmap_feature_extractor][INFO] - I20260621 14:48:32.118460 0x16b983000 feature_extraction.cc:304]   Features:        6351 (SIFT)
[2026-06-21 14:48:32,180][src.colmap_feature_extractor][INFO] - I20260621 14:48:32.180861 0x16b983000 feature_extraction.cc:282] Processed file [5/8]
[2026-06-21 14:48:32,181][src.colmap_feature_extractor][INFO] - I20260621 14:48:32.180876 0x16b983000 feature_extraction.cc:285]   Name:            frame_0005.jpg
[2026-06-21 14:48:32,181][src.colmap_feature_extractor][INFO] - I20260621 14:48:32.180878 0x16b983000 feature_extraction.cc:294]   Dimensions:      1080 x 1920
[2026-06-21 14:48:32,181][src.colmap_feature_extractor][INFO] - I20260621 14:48:32.180879 0x16b983000 feature_extraction.cc:297]   Camera:          #1 - RADIAL
[2026-06-21 14:48:32,181][src.colmap_feature_extractor][INFO] - I20260621 14:48:32.180882 0x16b983000 feature_extraction.cc:300]   Focal Length:    2304.00px
[2026-06-21 14:48:32,181][src.colmap_feature_extractor][INFO] - I20260621 14:48:32.180885 0x16b983000 feature_extraction.cc:304]   Features:        4609 (SIFT)
[2026-06-21 14:48:32,243][src.colmap_feature_extractor][INFO] - I20260621 14:48:32.243557 0x16b983000 feature_extraction.cc:282] Processed file [6/8]
[2026-06-21 14:48:32,243][src.colmap_feature_extractor][INFO] - I20260621 14:48:32.243577 0x16b983000 feature_extraction.cc:285]   Name:            frame_0006.jpg
[2026-06-21 14:48:32,243][src.colmap_feature_extractor][INFO] - I20260621 14:48:32.243580 0x16b983000 feature_extraction.cc:294]   Dimensions:      1080 x 1920
[2026-06-21 14:48:32,243][src.colmap_feature_extractor][INFO] - I20260621 14:48:32.243582 0x16b983000 feature_extraction.cc:297]   Camera:          #1 - RADIAL
[2026-06-21 14:48:32,243][src.colmap_feature_extractor][INFO] - I20260621 14:48:32.243584 0x16b983000 feature_extraction.cc:300]   Focal Length:    2304.00px
[2026-06-21 14:48:32,243][src.colmap_feature_extractor][INFO] - I20260621 14:48:32.243587 0x16b983000 feature_extraction.cc:304]   Features:        4916 (SIFT)
[2026-06-21 14:48:32,297][src.colmap_feature_extractor][INFO] - I20260621 14:48:32.297539 0x16b983000 feature_extraction.cc:282] Processed file [7/8]
[2026-06-21 14:48:32,297][src.colmap_feature_extractor][INFO] - I20260621 14:48:32.297555 0x16b983000 feature_extraction.cc:285]   Name:            frame_0007.jpg
[2026-06-21 14:48:32,297][src.colmap_feature_extractor][INFO] - I20260621 14:48:32.297558 0x16b983000 feature_extraction.cc:294]   Dimensions:      1080 x 1920
[2026-06-21 14:48:32,297][src.colmap_feature_extractor][INFO] - I20260621 14:48:32.297559 0x16b983000 feature_extraction.cc:297]   Camera:          #1 - RADIAL
[2026-06-21 14:48:32,297][src.colmap_feature_extractor][INFO] - I20260621 14:48:32.297562 0x16b983000 feature_extraction.cc:300]   Focal Length:    2304.00px
[2026-06-21 14:48:32,297][src.colmap_feature_extractor][INFO] - I20260621 14:48:32.297564 0x16b983000 feature_extraction.cc:304]   Features:        4134 (SIFT)
[2026-06-21 14:48:32,354][src.colmap_feature_extractor][INFO] - I20260621 14:48:32.354405 0x16b983000 feature_extraction.cc:282] Processed file [8/8]
[2026-06-21 14:48:32,354][src.colmap_feature_extractor][INFO] - I20260621 14:48:32.354445 0x16b983000 feature_extraction.cc:285]   Name:            frame_0008.jpg
[2026-06-21 14:48:32,354][src.colmap_feature_extractor][INFO] - I20260621 14:48:32.354447 0x16b983000 feature_extraction.cc:294]   Dimensions:      1080 x 1920
[2026-06-21 14:48:32,354][src.colmap_feature_extractor][INFO] - I20260621 14:48:32.354449 0x16b983000 feature_extraction.cc:297]   Camera:          #1 - RADIAL
[2026-06-21 14:48:32,354][src.colmap_feature_extractor][INFO] - I20260621 14:48:32.354451 0x16b983000 feature_extraction.cc:300]   Focal Length:    2304.00px
[2026-06-21 14:48:32,354][src.colmap_feature_extractor][INFO] - I20260621 14:48:32.354453 0x16b983000 feature_extraction.cc:304]   Features:        6773 (SIFT)
[2026-06-21 14:48:32,358][src.colmap_feature_extractor][INFO] - I20260621 14:48:32.358618 0x16b2f3000 timer.cc:90] Elapsed time: 0.010 [minutes]
[2026-06-21 14:48:32,376][src.colmap_feature_extractor][INFO] - Feature extraction completed successfully
[2026-06-21 14:48:32,376][__main__][INFO] - ✓ Feature extraction completed
[2026-06-21 14:48:32,376][__main__][INFO] - ============================================================
[2026-06-21 14:48:32,376][__main__][INFO] - STEP 3: Feature Matching
[2026-06-21 14:48:32,376][__main__][INFO] - ============================================================
[2026-06-21 14:48:32,376][src.colmap_feature_matcher][INFO] - Matching features in database: /Users/bc/brendanchambers/2026-06-18-iphone-video-to-splat/data/intermediates/teensy/colmap_sfm_camera_model/database.db
[2026-06-21 14:48:32,377][src.colmap_feature_matcher][INFO] - Running: colmap sequential_matcher
[2026-06-21 14:48:32,546][src.colmap_feature_matcher][INFO] - I20260621 14:48:32.545907 0x16b39b000 feature_matching.cc:195] === Feature matching & geometric verification ===
[2026-06-21 14:48:32,560][src.colmap_feature_matcher][INFO] - I20260621 14:48:32.560815 0x16b427000 sift.cc:1559] Creating SIFT GPU feature matcher
[2026-06-21 14:48:32,584][src.colmap_feature_matcher][INFO] - I20260621 14:48:32.584283 0x16b39b000 pairing.cc:415] Generating sequential image pairs...
[2026-06-21 14:48:32,584][src.colmap_feature_matcher][INFO] - I20260621 14:48:32.584363 0x16b39b000 pairing.cc:473] Processing image [1/8]
[2026-06-21 14:48:32,643][src.colmap_feature_matcher][INFO] - I20260621 14:48:32.643085 0x16b39b000 feature_matching.cc:217] in 0.059s
[2026-06-21 14:48:32,643][src.colmap_feature_matcher][INFO] - I20260621 14:48:32.643099 0x16b39b000 pairing.cc:473] Processing image [2/8]
[2026-06-21 14:48:32,700][src.colmap_feature_matcher][INFO] - I20260621 14:48:32.700919 0x16b39b000 feature_matching.cc:217] in 0.058s
[2026-06-21 14:48:32,701][src.colmap_feature_matcher][INFO] - I20260621 14:48:32.700930 0x16b39b000 pairing.cc:473] Processing image [3/8]
[2026-06-21 14:48:32,763][src.colmap_feature_matcher][INFO] - I20260621 14:48:32.763732 0x16b39b000 feature_matching.cc:217] in 0.063s
[2026-06-21 14:48:32,763][src.colmap_feature_matcher][INFO] - I20260621 14:48:32.763747 0x16b39b000 pairing.cc:473] Processing image [4/8]
[2026-06-21 14:48:32,837][src.colmap_feature_matcher][INFO] - I20260621 14:48:32.837682 0x16b39b000 feature_matching.cc:217] in 0.074s
[2026-06-21 14:48:32,837][src.colmap_feature_matcher][INFO] - I20260621 14:48:32.837694 0x16b39b000 pairing.cc:473] Processing image [5/8]
[2026-06-21 14:48:32,869][src.colmap_feature_matcher][INFO] - I20260621 14:48:32.869320 0x16b39b000 feature_matching.cc:217] in 0.032s
[2026-06-21 14:48:32,869][src.colmap_feature_matcher][INFO] - I20260621 14:48:32.869330 0x16b39b000 pairing.cc:473] Processing image [6/8]
[2026-06-21 14:48:32,909][src.colmap_feature_matcher][INFO] - I20260621 14:48:32.909827 0x16b39b000 feature_matching.cc:217] in 0.041s
[2026-06-21 14:48:32,909][src.colmap_feature_matcher][INFO] - I20260621 14:48:32.909843 0x16b39b000 pairing.cc:473] Processing image [7/8]
[2026-06-21 14:48:32,931][src.colmap_feature_matcher][INFO] - I20260621 14:48:32.931433 0x16b39b000 feature_matching.cc:217] in 0.022s
[2026-06-21 14:48:32,931][src.colmap_feature_matcher][INFO] - I20260621 14:48:32.931438 0x16b39b000 pairing.cc:473] Processing image [8/8]
[2026-06-21 14:48:32,931][src.colmap_feature_matcher][INFO] - I20260621 14:48:32.931440 0x16b39b000 feature_matching.cc:217] in 0.000s
[2026-06-21 14:48:32,931][src.colmap_feature_matcher][INFO] - I20260621 14:48:32.931442 0x16b39b000 timer.cc:90] Elapsed time: 0.006 [minutes]
[2026-06-21 14:48:32,940][src.colmap_feature_matcher][INFO] - Feature matching completed successfully
[2026-06-21 14:48:32,940][__main__][INFO] - ✓ Feature matching completed
[2026-06-21 14:48:32,940][__main__][INFO] - ============================================================
[2026-06-21 14:48:32,940][__main__][INFO] - STEP 4: Sparse Reconstruction
[2026-06-21 14:48:32,940][__main__][INFO] - ============================================================
[2026-06-21 14:48:32,941][src.colmap_mapper][INFO] - Performing sparse reconstruction
[2026-06-21 14:48:32,941][src.colmap_mapper][INFO] - Database: /Users/bc/brendanchambers/2026-06-18-iphone-video-to-splat/data/intermediates/teensy/colmap_sfm_camera_model/database.db
[2026-06-21 14:48:32,941][src.colmap_mapper][INFO] - Images: /Users/bc/brendanchambers/2026-06-18-iphone-video-to-splat/data/intermediates/teensy/colmap_sfm_camera_model/images
[2026-06-21 14:48:32,941][src.colmap_mapper][INFO] - Output: /Users/bc/brendanchambers/2026-06-18-iphone-video-to-splat/data/intermediates/teensy/colmap_sfm_camera_model/sparse
[2026-06-21 14:48:32,941][src.colmap_mapper][INFO] - Running: colmap mapper
[2026-06-21 14:48:32,987][src.colmap_mapper][INFO] - I20260621 14:48:32.987419 0x1fde420c0 incremental_pipeline.cc:278] Loading database
[2026-06-21 14:48:32,987][src.colmap_mapper][INFO] - I20260621 14:48:32.987705 0x1fde420c0 database_cache.cc:72] Loading rigs...
[2026-06-21 14:48:32,987][src.colmap_mapper][INFO] - I20260621 14:48:32.987724 0x1fde420c0 database_cache.cc:82]  1 in 0.000s
[2026-06-21 14:48:32,987][src.colmap_mapper][INFO] - I20260621 14:48:32.987727 0x1fde420c0 database_cache.cc:90] Loading cameras...
[2026-06-21 14:48:32,987][src.colmap_mapper][INFO] - I20260621 14:48:32.987736 0x1fde420c0 database_cache.cc:108]  1 in 0.000s
[2026-06-21 14:48:32,987][src.colmap_mapper][INFO] - I20260621 14:48:32.987737 0x1fde420c0 database_cache.cc:116] Loading frames...
[2026-06-21 14:48:32,988][src.colmap_mapper][INFO] - I20260621 14:48:32.987753 0x1fde420c0 database_cache.cc:126]  8 in 0.000s
[2026-06-21 14:48:32,988][src.colmap_mapper][INFO] - I20260621 14:48:32.987755 0x1fde420c0 database_cache.cc:134] Loading matches...
[2026-06-21 14:48:32,988][src.colmap_mapper][INFO] - I20260621 14:48:32.987817 0x1fde420c0 database_cache.cc:139]  17 in 0.000s
[2026-06-21 14:48:32,988][src.colmap_mapper][INFO] - I20260621 14:48:32.987819 0x1fde420c0 database_cache.cc:147] Loading images...
[2026-06-21 14:48:32,988][src.colmap_mapper][INFO] - I20260621 14:48:32.988393 0x1fde420c0 database_cache.cc:241]  8 in 0.001s (connected 8, loaded 8)
[2026-06-21 14:48:32,988][src.colmap_mapper][INFO] - I20260621 14:48:32.988397 0x1fde420c0 database_cache.cc:255] Loading pose priors...
[2026-06-21 14:48:32,988][src.colmap_mapper][INFO] - I20260621 14:48:32.988403 0x1fde420c0 database_cache.cc:263]  0 in 0.000s
[2026-06-21 14:48:32,988][src.colmap_mapper][INFO] - I20260621 14:48:32.988405 0x1fde420c0 database_cache.cc:271] Building correspondence graph...
[2026-06-21 14:48:32,989][src.colmap_mapper][INFO] - I20260621 14:48:32.989187 0x1fde420c0 database_cache.cc:300]  in 0.001s (ignored 0)
[2026-06-21 14:48:32,989][src.colmap_mapper][INFO] - I20260621 14:48:32.989190 0x1fde420c0 timer.cc:90] Elapsed time: 0.000 [minutes]
[2026-06-21 14:48:32,989][src.colmap_mapper][INFO] - I20260621 14:48:32.989281 0x1fde420c0 incremental_pipeline.cc:390] Finding good initial image pair
[2026-06-21 14:48:32,998][src.colmap_mapper][INFO] - I20260621 14:48:32.998766 0x1fde420c0 incremental_pipeline.cc:414] Registering initial image pair #4 and #2
[2026-06-21 14:48:32,999][src.colmap_mapper][INFO] - I20260621 14:48:32.999376 0x1fde420c0 incremental_pipeline.cc:432] Global bundle adjustment
[2026-06-21 14:48:33,022][src.colmap_mapper][INFO] - I20260621 14:48:33.022907 0x1fde420c0 incremental_pipeline.cc:537] Registering image #3 (num_reg_frames=2)
[2026-06-21 14:48:33,022][src.colmap_mapper][INFO] - I20260621 14:48:33.022913 0x1fde420c0 incremental_pipeline.cc:540] => Image sees 168 / 1892 points
[2026-06-21 14:48:33,071][src.colmap_mapper][INFO] - I20260621 14:48:33.071294 0x1fde420c0 incremental_pipeline.cc:79] Retriangulation and Global bundle adjustment
[2026-06-21 14:48:33,090][src.colmap_mapper][INFO] - I20260621 14:48:33.090479 0x1fde420c0 incremental_pipeline.cc:537] Registering image #6 (num_reg_frames=3)
[2026-06-21 14:48:33,090][src.colmap_mapper][INFO] - I20260621 14:48:33.090484 0x1fde420c0 incremental_pipeline.cc:540] => Image sees 499 / 2128 points
[2026-06-21 14:48:33,148][src.colmap_mapper][INFO] - I20260621 14:48:33.148134 0x1fde420c0 incremental_pipeline.cc:79] Retriangulation and Global bundle adjustment
[2026-06-21 14:48:33,170][src.colmap_mapper][INFO] - I20260621 14:48:33.170863 0x1fde420c0 incremental_pipeline.cc:537] Registering image #5 (num_reg_frames=4)
[2026-06-21 14:48:33,170][src.colmap_mapper][INFO] - I20260621 14:48:33.170873 0x1fde420c0 incremental_pipeline.cc:540] => Image sees 1052 / 2461 points
[2026-06-21 14:48:33,218][src.colmap_mapper][INFO] - I20260621 14:48:33.218401 0x1fde420c0 incremental_pipeline.cc:79] Retriangulation and Global bundle adjustment
[2026-06-21 14:48:33,235][src.colmap_mapper][INFO] - I20260621 14:48:33.235137 0x1fde420c0 incremental_pipeline.cc:537] Registering image #1 (num_reg_frames=5)
[2026-06-21 14:48:33,235][src.colmap_mapper][INFO] - I20260621 14:48:33.235145 0x1fde420c0 incremental_pipeline.cc:540] => Image sees 536 / 1825 points
[2026-06-21 14:48:33,287][src.colmap_mapper][INFO] - I20260621 14:48:33.287770 0x1fde420c0 incremental_pipeline.cc:79] Retriangulation and Global bundle adjustment
[2026-06-21 14:48:33,313][src.colmap_mapper][INFO] - I20260621 14:48:33.313557 0x1fde420c0 incremental_pipeline.cc:537] Registering image #7 (num_reg_frames=6)
[2026-06-21 14:48:33,313][src.colmap_mapper][INFO] - I20260621 14:48:33.313561 0x1fde420c0 incremental_pipeline.cc:540] => Image sees 436 / 1676 points
[2026-06-21 14:48:33,349][src.colmap_mapper][INFO] - I20260621 14:48:33.349430 0x1fde420c0 incremental_pipeline.cc:79] Retriangulation and Global bundle adjustment
[2026-06-21 14:48:33,385][src.colmap_mapper][INFO] - I20260621 14:48:33.385453 0x1fde420c0 incremental_pipeline.cc:537] Registering image #8 (num_reg_frames=7)
[2026-06-21 14:48:33,385][src.colmap_mapper][INFO] - I20260621 14:48:33.385458 0x1fde420c0 incremental_pipeline.cc:540] => Image sees 481 / 1376 points
[2026-06-21 14:48:33,419][src.colmap_mapper][INFO] - I20260621 14:48:33.419182 0x1fde420c0 incremental_pipeline.cc:79] Retriangulation and Global bundle adjustment
[2026-06-21 14:48:33,457][src.colmap_mapper][INFO] - I20260621 14:48:33.457790 0x1fde420c0 incremental_pipeline.cc:79] Retriangulation and Global bundle adjustment
[2026-06-21 14:48:33,466][src.colmap_mapper][INFO] - I20260621 14:48:33.466420 0x1fde420c0 incremental_pipeline.cc:723] Keeping successful reconstruction
[2026-06-21 14:48:33,468][src.colmap_mapper][INFO] - I20260621 14:48:33.468698 0x1fde420c0 timer.cc:90] Elapsed time: 0.008 [minutes]
[2026-06-21 14:48:33,471][src.colmap_mapper][INFO] - Sparse reconstruction completed successfully
[2026-06-21 14:48:33,471][__main__][INFO] - ✓ Sparse reconstruction completed
[2026-06-21 14:48:33,471][__main__][INFO] - ============================================================
[2026-06-21 14:48:33,471][__main__][INFO] - STEP 5: Image Undistortion
[2026-06-21 14:48:33,471][__main__][INFO] - ============================================================
[2026-06-21 14:48:33,472][src.colmap_undistorter][INFO] - Undistorting images
[2026-06-21 14:48:33,472][src.colmap_undistorter][INFO] - Input model: /Users/bc/brendanchambers/2026-06-18-iphone-video-to-splat/data/intermediates/teensy/colmap_sfm_camera_model/sparse/0
[2026-06-21 14:48:33,472][src.colmap_undistorter][INFO] - Images: /Users/bc/brendanchambers/2026-06-18-iphone-video-to-splat/data/intermediates/teensy/colmap_sfm_camera_model/images
[2026-06-21 14:48:33,473][src.colmap_undistorter][INFO] - Output: /Users/bc/brendanchambers/2026-06-18-iphone-video-to-splat/data/intermediates/teensy/colmap_sfm_linearized
[2026-06-21 14:48:33,473][src.colmap_undistorter][INFO] - Running: colmap image_undistorter
[2026-06-21 14:48:33,518][src.colmap_undistorter][INFO] - I20260621 14:48:33.517646 0x1fde420c0 image.cc:368] === Reading reconstruction ===
[2026-06-21 14:48:33,519][src.colmap_undistorter][INFO] - I20260621 14:48:33.519580 0x1fde420c0 image.cc:371] => Reconstruction with 8 images and 2190 points
[2026-06-21 14:48:33,519][src.colmap_undistorter][INFO] - I20260621 14:48:33.519590 0x1fde420c0 undistorters.cc:166] === Image undistortion ===
[2026-06-21 14:48:33,519][src.colmap_undistorter][INFO] - I20260621 14:48:33.519850 0x1fde420c0 undistorters.cc:205] Undistorting image [1/8]
[2026-06-21 14:48:34,103][src.colmap_undistorter][INFO] - I20260621 14:48:34.103569 0x1fde420c0 undistorters.cc:205] Undistorting image [2/8]
[2026-06-21 14:48:34,132][src.colmap_undistorter][INFO] - I20260621 14:48:34.132384 0x1fde420c0 undistorters.cc:205] Undistorting image [3/8]
[2026-06-21 14:48:34,132][src.colmap_undistorter][INFO] - I20260621 14:48:34.132397 0x1fde420c0 undistorters.cc:205] Undistorting image [4/8]
[2026-06-21 14:48:34,132][src.colmap_undistorter][INFO] - I20260621 14:48:34.132399 0x1fde420c0 undistorters.cc:205] Undistorting image [5/8]
[2026-06-21 14:48:34,132][src.colmap_undistorter][INFO] - I20260621 14:48:34.132400 0x1fde420c0 undistorters.cc:205] Undistorting image [6/8]
[2026-06-21 14:48:34,132][src.colmap_undistorter][INFO] - I20260621 14:48:34.132402 0x1fde420c0 undistorters.cc:205] Undistorting image [7/8]
[2026-06-21 14:48:34,132][src.colmap_undistorter][INFO] - I20260621 14:48:34.132403 0x1fde420c0 undistorters.cc:205] Undistorting image [8/8]
[2026-06-21 14:48:34,132][src.colmap_undistorter][INFO] - I20260621 14:48:34.132404 0x1fde420c0 undistorters.cc:213] Writing reconstruction...
[2026-06-21 14:48:34,136][src.colmap_undistorter][INFO] - I20260621 14:48:34.136948 0x1fde420c0 undistorters.cc:218] Writing configuration...
[2026-06-21 14:48:34,137][src.colmap_undistorter][INFO] - I20260621 14:48:34.137060 0x1fde420c0 undistorters.cc:222] Writing scripts...
[2026-06-21 14:48:34,137][src.colmap_undistorter][INFO] - I20260621 14:48:34.137155 0x1fde420c0 timer.cc:90] Elapsed time: 0.010 [minutes]
[2026-06-21 14:48:34,141][src.colmap_undistorter][INFO] - Image undistortion completed successfully
[2026-06-21 14:48:34,141][__main__][INFO] - ✓ Image undistortion completed
[2026-06-21 14:48:34,141][__main__][INFO] - ============================================================
[2026-06-21 14:48:34,141][__main__][INFO] - STEP 6: OpenSplat Training
[2026-06-21 14:48:34,141][__main__][INFO] - ============================================================
[2026-06-21 14:48:34,142][src.opensplat_trainer][INFO] - Training 3D Gaussian Splat
[2026-06-21 14:48:34,142][src.opensplat_trainer][INFO] - Sparse model: /Users/bc/brendanchambers/2026-06-18-iphone-video-to-splat/data/intermediates/teensy/colmap_sfm_linearized/sparse
[2026-06-21 14:48:34,142][src.opensplat_trainer][INFO] - Images: /Users/bc/brendanchambers/2026-06-18-iphone-video-to-splat/data/intermediates/teensy/colmap_sfm_linearized/images
[2026-06-21 14:48:34,142][src.opensplat_trainer][INFO] - Output PLY: /Users/bc/brendanchambers/2026-06-18-iphone-video-to-splat/data/intermediates/teensy/colmap_sfm_linearized/splats/teensy_20260621_1448.ply
[2026-06-21 14:48:34,142][src.opensplat_trainer][INFO] - Training loss log: /Users/bc/brendanchambers/2026-06-18-iphone-video-to-splat/data/intermediates/teensy/colmap_sfm_linearized/splats/training-metrics_20260621_1448.jsonl
[2026-06-21 14:48:34,142][src.opensplat_trainer][INFO] - Validation loss log: /Users/bc/brendanchambers/2026-06-18-iphone-video-to-splat/data/intermediates/teensy/colmap_sfm_linearized/splats/val_20260621_1448.jsonl
[2026-06-21 14:48:34,142][src.opensplat_trainer][INFO] - Running: opensplat
[2026-06-21 14:48:34,289][src.opensplat_trainer][INFO] - Using MPS
[2026-06-21 14:48:34,291][src.opensplat_trainer][INFO] - Reading 2190 points
[2026-06-21 14:48:34,291][src.opensplat_trainer][INFO] - Loading /Users/bc/brendanchambers/2026-06-18-iphone-video-to-splat/data/intermediates/teensy/colmap_sfm_linearized/images/frame_0001.jpgLoading
[2026-06-21 14:48:34,291][src.opensplat_trainer][INFO] - /Users/bc/brendanchambers/2026-06-18-iphone-video-to-splat/data/intermediates/teensy/colmap_sfm_linearized/images/frame_0002.jpg
[2026-06-21 14:48:34,291][src.opensplat_trainer][INFO] - Loading /Users/bc/brendanchambers/2026-06-18-iphone-video-to-splat/data/intermediates/teensy/colmap_sfm_linearized/images/frame_0003.jpg
[2026-06-21 14:48:34,291][src.opensplat_trainer][INFO] - Loading /Users/bc/brendanchambers/2026-06-18-iphone-video-to-splat/data/intermediates/teensy/colmap_sfm_linearized/images/frame_0004.jpgLoading /Users/bc/brendanchambers/2026-06-18-iphone-video-to-splat/data/intermediates/teensy/colmap_sfm_linearized/images/frame_0005.jpg
[2026-06-21 14:48:34,291][src.opensplat_trainer][INFO] - Loading /Users/bc/brendanchambers/2026-06-18-iphone-video-to-splat/data/intermediates/teensy/colmap_sfm_linearized/images/frame_0006.jpg
[2026-06-21 14:48:34,291][src.opensplat_trainer][INFO] - Loading /Users/bc/brendanchambers/2026-06-18-iphone-video-to-splat/data/intermediates/teensy/colmap_sfm_linearized/images/frame_0007.jpg
[2026-06-21 14:48:34,291][src.opensplat_trainer][INFO] - Loading /Users/bc/brendanchambers/2026-06-18-iphone-video-to-splat/data/intermediates/teensy/colmap_sfm_linearized/images/frame_0008.jpg
[2026-06-21 14:48:34,291][src.opensplat_trainer][INFO] - 
[2026-06-21 14:48:34,669][src.opensplat_trainer][INFO] - init_gsplat_metal_context: loading '/Users/bc/brendanchambers/2026-06-18-iphone-video-to-splat/opensplat/build/default.metallib'
[2026-06-21 14:48:34,669][src.opensplat_trainer][INFO] - init_gsplat_metal_context: loaded '/Users/bc/brendanchambers/2026-06-18-iphone-video-to-splat/opensplat/build/default.metallib', functions: compute_cov2d_bounds_kernel, project_gaussians_backward_kernel, get_tile_bin_edges_kernel, rasterize_backward_kernel, map_gaussian_to_intersects_kernel, nd_rasterize_backward_kernel, project_gaussians_forward_kernel, compute_sh_backward_kernel, compute_sh_forward_kernel, nd_rasterize_forward_kernel
[2026-06-21 14:48:34,669][src.opensplat_trainer][INFO] - init_gsplat_metal_context: load function nd_rasterize_backward_kernel with label: (null)
[2026-06-21 14:48:34,669][src.opensplat_trainer][INFO] - init_gsplat_metal_context: load function nd_rasterize_forward_kernel with label: (null)
[2026-06-21 14:48:34,669][src.opensplat_trainer][INFO] - init_gsplat_metal_context: load function rasterize_backward_kernel with label: (null)
[2026-06-21 14:48:34,669][src.opensplat_trainer][INFO] - init_gsplat_metal_context: load function project_gaussians_forward_kernel with label: (null)
[2026-06-21 14:48:34,669][src.opensplat_trainer][INFO] - init_gsplat_metal_context: load function project_gaussians_backward_kernel with label: (null)
[2026-06-21 14:48:34,669][src.opensplat_trainer][INFO] - init_gsplat_metal_context: load function compute_sh_forward_kernel with label: (null)
[2026-06-21 14:48:34,669][src.opensplat_trainer][INFO] - init_gsplat_metal_context: load function compute_sh_backward_kernel with label: (null)
[2026-06-21 14:48:34,669][src.opensplat_trainer][INFO] - init_gsplat_metal_context: load function compute_cov2d_bounds_kernel with label: (null)
[2026-06-21 14:48:34,669][src.opensplat_trainer][INFO] - init_gsplat_metal_context: load function map_gaussian_to_intersects_kernel with label: (null)
[2026-06-21 14:48:34,669][src.opensplat_trainer][INFO] - init_gsplat_metal_context: load function get_tile_bin_edges_kernel with label: (null)
[2026-06-21 14:48:34,669][src.opensplat_trainer][INFO] - Step 10: 0.335643 (20%)
[2026-06-21 14:48:34,882][src.opensplat_trainer][INFO] - Step 20: 0.316053 (40%)
[2026-06-21 14:48:35,077][src.opensplat_trainer][INFO] - Step 30: 0.28368 (60%)
[2026-06-21 14:48:35,268][src.opensplat_trainer][INFO] - Step 40: 0.301104 (80%)
[2026-06-21 14:48:35,479][src.opensplat_trainer][INFO] - Step 50: 0.302611 (100%)
[2026-06-21 14:48:35,492][src.opensplat_trainer][INFO] - Wrote /Users/bc/brendanchambers/2026-06-18-iphone-video-to-splat/data/intermediates/teensy/colmap_sfm_linearized/splats/cameras.json
[2026-06-21 14:48:35,499][src.opensplat_trainer][INFO] - Wrote /Users/bc/brendanchambers/2026-06-18-iphone-video-to-splat/data/intermediates/teensy/colmap_sfm_linearized/splats/teensy_20260621_1448.ply
[2026-06-21 14:48:35,513][src.opensplat_trainer][INFO] - /Users/bc/brendanchambers/2026-06-18-iphone-video-to-splat/data/intermediates/teensy/colmap_sfm_linearized/images/frame_0001.jpg validation loss: 0.344775
[2026-06-21 14:48:35,565][src.opensplat_trainer][INFO] - Parsed 5 training loss values to /Users/bc/brendanchambers/2026-06-18-iphone-video-to-splat/data/intermediates/teensy/colmap_sfm_linearized/splats/training-metrics_20260621_1448.jsonl
[2026-06-21 14:48:35,565][src.opensplat_trainer][INFO] - Captured validation loss: 0.344775 to /Users/bc/brendanchambers/2026-06-18-iphone-video-to-splat/data/intermediates/teensy/colmap_sfm_linearized/splats/val_20260621_1448.jsonl
[2026-06-21 14:48:35,565][src.opensplat_trainer][INFO] - Training completed successfully
[2026-06-21 14:48:35,565][src.opensplat_trainer][INFO] - Output saved to: /Users/bc/brendanchambers/2026-06-18-iphone-video-to-splat/data/intermediates/teensy/colmap_sfm_linearized/splats/teensy_20260621_1448.ply
[2026-06-21 14:48:35,566][__main__][INFO] - ✓ Splat training completed
[2026-06-21 14:48:35,566][__main__][INFO] - ============================================================
[2026-06-21 14:48:35,566][__main__][INFO] - Analyzing Training Loss
[2026-06-21 14:48:35,566][__main__][INFO] - ============================================================
[2026-06-21 14:48:35,566][__main__][ERROR] - Exception in splat_training: 'loss'
Traceback (most recent call last):
  File "/Users/bc/brendanchambers/2026-06-18-iphone-video-to-splat/pipeline.py", line 293, in run_full_pipeline
    success = step_func()
              ^^^^^^^^^^^
  File "/Users/bc/brendanchambers/2026-06-18-iphone-video-to-splat/pipeline.py", line 218, in run_splat_training
    self.analyze_training_loss(output_dir)
  File "/Users/bc/brendanchambers/2026-06-18-iphone-video-to-splat/pipeline.py", line 249, in analyze_training_loss
    print_analysis(jsonl_file, records)
  File "/Users/bc/brendanchambers/2026-06-18-iphone-video-to-splat/scripts/analyze_training_loss.py", line 68, in print_analysis
    stats = analyze_loss(records)
            ^^^^^^^^^^^^^^^^^^^^^
  File "/Users/bc/brendanchambers/2026-06-18-iphone-video-to-splat/scripts/analyze_training_loss.py", line 48, in analyze_loss
    losses = [r["loss"] for r in records]
              ~^^^^^^^^
KeyError: 'loss'
