[2026-06-21 15:52:52,707][__main__][INFO] - 
[2026-06-21 15:52:52,707][__main__][INFO] - ╔==========================================================╗
[2026-06-21 15:52:52,707][__main__][INFO] - ║          3D Gaussian Splat Training Pipeline              ║
[2026-06-21 15:52:52,707][__main__][INFO] - ╚==========================================================╝
[2026-06-21 15:52:52,708][__main__][INFO] - Experiment: densify_sz0.005_gr0.0004
[2026-06-21 15:52:52,708][__main__][INFO] - Project dir: /Users/bc/brendanchambers/2026-06-18-iphone-video-to-splat
[2026-06-21 15:52:52,708][__main__][INFO] - 
[2026-06-21 15:52:52,708][src.timing_recorder][INFO] - [TIMING] Starting: frame_extraction
[2026-06-21 15:52:52,708][__main__][INFO] - ============================================================
[2026-06-21 15:52:52,708][__main__][INFO] - STEP 1: Frame Extraction
[2026-06-21 15:52:52,708][__main__][INFO] - ============================================================
[2026-06-21 15:52:52,708][src.frame_extractor][INFO] - Extracting frames from: /Users/bc/brendanchambers/2026-06-18-iphone-video-to-splat/data/incoming/movies/teensy.mov
[2026-06-21 15:52:52,708][src.frame_extractor][INFO] - Output directory: /Users/bc/brendanchambers/2026-06-18-iphone-video-to-splat/data/intermediates/densify_sz0.005_gr0.0004/colmap_sfm_camera_model/images
[2026-06-21 15:52:52,708][src.frame_extractor][INFO] - Extracting frames at 2 fps
[2026-06-21 15:52:52,708][src.frame_extractor][INFO] - Running command: ffmpeg -i /Users/bc/brendanchambers/2026-06-18-iphone-video-to-splat/data/incoming/movies/teensy.mov -vf fps=2 -q:v 5 /Users/bc/brendanchambers/2026-06-18-iphone-video-to-splat/data/intermediates/densify_sz0.005_gr0.0004/colmap_sfm_camera_model/images/frame_%04d.jpg
[2026-06-21 15:52:52,723][src.frame_extractor][INFO] - ffmpeg version 8.1.2 Copyright (c) 2000-2026 the FFmpeg developers
[2026-06-21 15:52:52,724][src.frame_extractor][INFO] -   built with Apple clang version 17.0.0 (clang-1700.6.4.2)
[2026-06-21 15:52:52,724][src.frame_extractor][INFO] -   configuration: --prefix=/opt/homebrew/Cellar/ffmpeg/8.1.2 --enable-shared --enable-pthreads --enable-version3 --cc=clang --host-cflags= --host-ldflags= --enable-ffplay --enable-gpl --enable-libsvtav1 --enable-libopus --enable-libx264 --enable-libmp3lame --enable-libdav1d --enable-libvmaf --enable-libvpx --enable-libx265 --enable-openssl --enable-videotoolbox --enable-audiotoolbox --enable-neon
[2026-06-21 15:52:52,724][src.frame_extractor][INFO] -   libavutil      60. 26.102 / 60. 26.102
[2026-06-21 15:52:52,724][src.frame_extractor][INFO] -   libavcodec     62. 28.102 / 62. 28.102
[2026-06-21 15:52:52,724][src.frame_extractor][INFO] -   libavformat    62. 12.102 / 62. 12.102
[2026-06-21 15:52:52,724][src.frame_extractor][INFO] -   libavdevice    62.  3.102 / 62.  3.102
[2026-06-21 15:52:52,724][src.frame_extractor][INFO] -   libavfilter    11. 14.102 / 11. 14.102
[2026-06-21 15:52:52,724][src.frame_extractor][INFO] -   libswscale      9.  5.102 /  9.  5.102
[2026-06-21 15:52:52,724][src.frame_extractor][INFO] -   libswresample   6.  3.102 /  6.  3.102
[2026-06-21 15:52:52,739][src.frame_extractor][INFO] - Input #0, mov,mp4,m4a,3gp,3g2,mj2, from '/Users/bc/brendanchambers/2026-06-18-iphone-video-to-splat/data/incoming/movies/teensy.mov':
[2026-06-21 15:52:52,739][src.frame_extractor][INFO] -   Metadata:
[2026-06-21 15:52:52,739][src.frame_extractor][INFO] -     major_brand     : qt
[2026-06-21 15:52:52,739][src.frame_extractor][INFO] -     minor_version   : 512
[2026-06-21 15:52:52,739][src.frame_extractor][INFO] -     compatible_brands: qt
[2026-06-21 15:52:52,739][src.frame_extractor][INFO] -     encoder         : Lavf62.12.102
[2026-06-21 15:52:52,739][src.frame_extractor][INFO] -   Duration: 00:00:04.01, start: 0.000000, bitrate: 19786 kb/s
[2026-06-21 15:52:52,739][src.frame_extractor][INFO] -   Stream #0:0[0x1]: Video: h264 (High) (avc1 / 0x31637661), yuv420p(tv, bt709, progressive), 1080x1920, 19646 kb/s, 29.67 fps, 29.67 tbr, 11392 tbn (default)
[2026-06-21 15:52:52,739][src.frame_extractor][INFO] -     Metadata:
[2026-06-21 15:52:52,739][src.frame_extractor][INFO] -       handler_name    : Core Media Video
[2026-06-21 15:52:52,739][src.frame_extractor][INFO] -       vendor_id       : FFMP
[2026-06-21 15:52:52,739][src.frame_extractor][INFO] -       encoder         : Lavc62.28.102 libx264
[2026-06-21 15:52:52,739][src.frame_extractor][INFO] -   Stream #0:1[0x2]: Audio: aac (LC) (mp4a / 0x6134706D), 48000 Hz, stereo, fltp, 128 kb/s (default)
[2026-06-21 15:52:52,739][src.frame_extractor][INFO] -     Metadata:
[2026-06-21 15:52:52,739][src.frame_extractor][INFO] -       handler_name    : Core Media Audio
[2026-06-21 15:52:52,739][src.frame_extractor][INFO] -       vendor_id       : [0][0][0][0]
[2026-06-21 15:52:52,739][src.frame_extractor][INFO] - Stream mapping:
[2026-06-21 15:52:52,739][src.frame_extractor][INFO] -   Stream #0:0 -> #0:0 (h264 (native) -> mjpeg (native))
[2026-06-21 15:52:52,739][src.frame_extractor][INFO] - Press [q] to stop, [?] for help
[2026-06-21 15:52:52,787][src.frame_extractor][INFO] - Output #0, image2, to '/Users/bc/brendanchambers/2026-06-18-iphone-video-to-splat/data/intermediates/densify_sz0.005_gr0.0004/colmap_sfm_camera_model/images/frame_%04d.jpg':
[2026-06-21 15:52:52,788][src.frame_extractor][INFO] -   Metadata:
[2026-06-21 15:52:52,788][src.frame_extractor][INFO] -     major_brand     : qt
[2026-06-21 15:52:52,788][src.frame_extractor][INFO] -     minor_version   : 512
[2026-06-21 15:52:52,788][src.frame_extractor][INFO] -     compatible_brands: qt
[2026-06-21 15:52:52,788][src.frame_extractor][INFO] -     encoder         : Lavf62.12.102
[2026-06-21 15:52:52,788][src.frame_extractor][INFO] -   Stream #0:0: Video: mjpeg, yuv420p(pc, bt709, progressive), 1080x1920, q=2-31, 200 kb/s, 2 fps, 2 tbn (default)
[2026-06-21 15:52:52,788][src.frame_extractor][INFO] -     Metadata:
[2026-06-21 15:52:52,788][src.frame_extractor][INFO] -       encoder         : Lavc62.28.102 mjpeg
[2026-06-21 15:52:52,788][src.frame_extractor][INFO] -       handler_name    : Core Media Video
[2026-06-21 15:52:52,788][src.frame_extractor][INFO] -       vendor_id       : FFMP
[2026-06-21 15:52:52,788][src.frame_extractor][INFO] -     Side data:
[2026-06-21 15:52:52,788][src.frame_extractor][INFO] -       CPB properties: bitrate max/min/avg: 0/0/200000 buffer size: 0 vbv_delay: N/A
[2026-06-21 15:52:52,925][src.frame_extractor][INFO] - [out#0/image2 @ 0x6000028ac6c0] video:3120KiB audio:0KiB subtitle:0KiB other streams:0KiB global headers:0KiB muxing overhead: unknown
[2026-06-21 15:52:52,925][src.frame_extractor][INFO] - frame=    8 fps=0.0 q=5.0 Lsize=N/A time=00:00:04.00 bitrate=N/A speed=21.5x elapsed=0:00:00.18
[2026-06-21 15:52:52,928][src.frame_extractor][INFO] - Successfully extracted 8 frames
[2026-06-21 15:52:52,929][__main__][INFO] - ✓ Frame extraction completed
[2026-06-21 15:52:52,929][src.timing_recorder][INFO] - [TIMING] ✓ Completed: frame_extraction (0.22s)
[2026-06-21 15:52:52,929][src.timing_recorder][INFO] - [TIMING] Starting: feature_extraction
[2026-06-21 15:52:52,929][__main__][INFO] - ============================================================
[2026-06-21 15:52:52,929][__main__][INFO] - STEP 2: Feature Extraction
[2026-06-21 15:52:52,929][__main__][INFO] - ============================================================
[2026-06-21 15:52:52,930][src.colmap_feature_extractor][INFO] - Extracting features from images: /Users/bc/brendanchambers/2026-06-18-iphone-video-to-splat/data/intermediates/densify_sz0.005_gr0.0004/colmap_sfm_camera_model/images
[2026-06-21 15:52:52,930][src.colmap_feature_extractor][INFO] - Database: /Users/bc/brendanchambers/2026-06-18-iphone-video-to-splat/data/intermediates/densify_sz0.005_gr0.0004/colmap_sfm_camera_model/database.db
[2026-06-21 15:52:52,930][src.colmap_feature_extractor][INFO] - Running: colmap feature_extractor
[2026-06-21 15:52:53,093][src.colmap_feature_extractor][INFO] - I20260621 15:52:53.093342 0x16b723000 feature_extraction.cc:504] === Feature extraction ===
[2026-06-21 15:52:53,108][src.colmap_feature_extractor][INFO] - I20260621 15:52:53.108547 0x16bd27000 sift.cc:757] Creating SIFT GPU feature extractor
[2026-06-21 15:52:53,241][src.colmap_feature_extractor][INFO] - I20260621 15:52:53.241924 0x16bdb3000 feature_extraction.cc:282] Processed file [1/8]
[2026-06-21 15:52:53,242][src.colmap_feature_extractor][INFO] - I20260621 15:52:53.241948 0x16bdb3000 feature_extraction.cc:285]   Name:            frame_0001.jpg
[2026-06-21 15:52:53,242][src.colmap_feature_extractor][INFO] - I20260621 15:52:53.241953 0x16bdb3000 feature_extraction.cc:294]   Dimensions:      1080 x 1920
[2026-06-21 15:52:53,242][src.colmap_feature_extractor][INFO] - I20260621 15:52:53.241955 0x16bdb3000 feature_extraction.cc:297]   Camera:          #1 - RADIAL
[2026-06-21 15:52:53,242][src.colmap_feature_extractor][INFO] - I20260621 15:52:53.241957 0x16bdb3000 feature_extraction.cc:300]   Focal Length:    2304.00px
[2026-06-21 15:52:53,242][src.colmap_feature_extractor][INFO] - I20260621 15:52:53.241960 0x16bdb3000 feature_extraction.cc:304]   Features:        4449 (SIFT)
[2026-06-21 15:52:53,295][src.colmap_feature_extractor][INFO] - I20260621 15:52:53.295311 0x16bdb3000 feature_extraction.cc:282] Processed file [2/8]
[2026-06-21 15:52:53,295][src.colmap_feature_extractor][INFO] - I20260621 15:52:53.295329 0x16bdb3000 feature_extraction.cc:285]   Name:            frame_0002.jpg
[2026-06-21 15:52:53,295][src.colmap_feature_extractor][INFO] - I20260621 15:52:53.295342 0x16bdb3000 feature_extraction.cc:294]   Dimensions:      1080 x 1920
[2026-06-21 15:52:53,295][src.colmap_feature_extractor][INFO] - I20260621 15:52:53.295345 0x16bdb3000 feature_extraction.cc:297]   Camera:          #1 - RADIAL
[2026-06-21 15:52:53,295][src.colmap_feature_extractor][INFO] - I20260621 15:52:53.295348 0x16bdb3000 feature_extraction.cc:300]   Focal Length:    2304.00px
[2026-06-21 15:52:53,295][src.colmap_feature_extractor][INFO] - I20260621 15:52:53.295351 0x16bdb3000 feature_extraction.cc:304]   Features:        4766 (SIFT)
[2026-06-21 15:52:53,351][src.colmap_feature_extractor][INFO] - I20260621 15:52:53.351160 0x16bdb3000 feature_extraction.cc:282] Processed file [3/8]
[2026-06-21 15:52:53,351][src.colmap_feature_extractor][INFO] - I20260621 15:52:53.351177 0x16bdb3000 feature_extraction.cc:285]   Name:            frame_0003.jpg
[2026-06-21 15:52:53,351][src.colmap_feature_extractor][INFO] - I20260621 15:52:53.351179 0x16bdb3000 feature_extraction.cc:294]   Dimensions:      1080 x 1920
[2026-06-21 15:52:53,351][src.colmap_feature_extractor][INFO] - I20260621 15:52:53.351184 0x16bdb3000 feature_extraction.cc:297]   Camera:          #1 - RADIAL
[2026-06-21 15:52:53,351][src.colmap_feature_extractor][INFO] - I20260621 15:52:53.351186 0x16bdb3000 feature_extraction.cc:300]   Focal Length:    2304.00px
[2026-06-21 15:52:53,351][src.colmap_feature_extractor][INFO] - I20260621 15:52:53.351189 0x16bdb3000 feature_extraction.cc:304]   Features:        5561 (SIFT)
[2026-06-21 15:52:53,407][src.colmap_feature_extractor][INFO] - I20260621 15:52:53.406993 0x16bdb3000 feature_extraction.cc:282] Processed file [4/8]
[2026-06-21 15:52:53,407][src.colmap_feature_extractor][INFO] - I20260621 15:52:53.407012 0x16bdb3000 feature_extraction.cc:285]   Name:            frame_0004.jpg
[2026-06-21 15:52:53,407][src.colmap_feature_extractor][INFO] - I20260621 15:52:53.407015 0x16bdb3000 feature_extraction.cc:294]   Dimensions:      1080 x 1920
[2026-06-21 15:52:53,407][src.colmap_feature_extractor][INFO] - I20260621 15:52:53.407027 0x16bdb3000 feature_extraction.cc:297]   Camera:          #1 - RADIAL
[2026-06-21 15:52:53,407][src.colmap_feature_extractor][INFO] - I20260621 15:52:53.407031 0x16bdb3000 feature_extraction.cc:300]   Focal Length:    2304.00px
[2026-06-21 15:52:53,407][src.colmap_feature_extractor][INFO] - I20260621 15:52:53.407033 0x16bdb3000 feature_extraction.cc:304]   Features:        6351 (SIFT)
[2026-06-21 15:52:53,460][src.colmap_feature_extractor][INFO] - I20260621 15:52:53.460566 0x16bdb3000 feature_extraction.cc:282] Processed file [5/8]
[2026-06-21 15:52:53,460][src.colmap_feature_extractor][INFO] - I20260621 15:52:53.460586 0x16bdb3000 feature_extraction.cc:285]   Name:            frame_0005.jpg
[2026-06-21 15:52:53,460][src.colmap_feature_extractor][INFO] - I20260621 15:52:53.460592 0x16bdb3000 feature_extraction.cc:294]   Dimensions:      1080 x 1920
[2026-06-21 15:52:53,460][src.colmap_feature_extractor][INFO] - I20260621 15:52:53.460594 0x16bdb3000 feature_extraction.cc:297]   Camera:          #1 - RADIAL
[2026-06-21 15:52:53,460][src.colmap_feature_extractor][INFO] - I20260621 15:52:53.460596 0x16bdb3000 feature_extraction.cc:300]   Focal Length:    2304.00px
[2026-06-21 15:52:53,460][src.colmap_feature_extractor][INFO] - I20260621 15:52:53.460599 0x16bdb3000 feature_extraction.cc:304]   Features:        4609 (SIFT)
[2026-06-21 15:52:53,514][src.colmap_feature_extractor][INFO] - I20260621 15:52:53.514287 0x16bdb3000 feature_extraction.cc:282] Processed file [6/8]
[2026-06-21 15:52:53,514][src.colmap_feature_extractor][INFO] - I20260621 15:52:53.514305 0x16bdb3000 feature_extraction.cc:285]   Name:            frame_0006.jpg
[2026-06-21 15:52:53,514][src.colmap_feature_extractor][INFO] - I20260621 15:52:53.514307 0x16bdb3000 feature_extraction.cc:294]   Dimensions:      1080 x 1920
[2026-06-21 15:52:53,514][src.colmap_feature_extractor][INFO] - I20260621 15:52:53.514313 0x16bdb3000 feature_extraction.cc:297]   Camera:          #1 - RADIAL
[2026-06-21 15:52:53,514][src.colmap_feature_extractor][INFO] - I20260621 15:52:53.514315 0x16bdb3000 feature_extraction.cc:300]   Focal Length:    2304.00px
[2026-06-21 15:52:53,514][src.colmap_feature_extractor][INFO] - I20260621 15:52:53.514318 0x16bdb3000 feature_extraction.cc:304]   Features:        4916 (SIFT)
[2026-06-21 15:52:53,566][src.colmap_feature_extractor][INFO] - I20260621 15:52:53.566813 0x16bdb3000 feature_extraction.cc:282] Processed file [7/8]
[2026-06-21 15:52:53,566][src.colmap_feature_extractor][INFO] - I20260621 15:52:53.566826 0x16bdb3000 feature_extraction.cc:285]   Name:            frame_0007.jpg
[2026-06-21 15:52:53,566][src.colmap_feature_extractor][INFO] - I20260621 15:52:53.566837 0x16bdb3000 feature_extraction.cc:294]   Dimensions:      1080 x 1920
[2026-06-21 15:52:53,567][src.colmap_feature_extractor][INFO] - I20260621 15:52:53.566841 0x16bdb3000 feature_extraction.cc:297]   Camera:          #1 - RADIAL
[2026-06-21 15:52:53,567][src.colmap_feature_extractor][INFO] - I20260621 15:52:53.566843 0x16bdb3000 feature_extraction.cc:300]   Focal Length:    2304.00px
[2026-06-21 15:52:53,567][src.colmap_feature_extractor][INFO] - I20260621 15:52:53.566846 0x16bdb3000 feature_extraction.cc:304]   Features:        4134 (SIFT)
[2026-06-21 15:52:53,623][src.colmap_feature_extractor][INFO] - I20260621 15:52:53.623227 0x16bdb3000 feature_extraction.cc:282] Processed file [8/8]
[2026-06-21 15:52:53,623][src.colmap_feature_extractor][INFO] - I20260621 15:52:53.623273 0x16bdb3000 feature_extraction.cc:285]   Name:            frame_0008.jpg
[2026-06-21 15:52:53,623][src.colmap_feature_extractor][INFO] - I20260621 15:52:53.623275 0x16bdb3000 feature_extraction.cc:294]   Dimensions:      1080 x 1920
[2026-06-21 15:52:53,623][src.colmap_feature_extractor][INFO] - I20260621 15:52:53.623277 0x16bdb3000 feature_extraction.cc:297]   Camera:          #1 - RADIAL
[2026-06-21 15:52:53,623][src.colmap_feature_extractor][INFO] - I20260621 15:52:53.623280 0x16bdb3000 feature_extraction.cc:300]   Focal Length:    2304.00px
[2026-06-21 15:52:53,623][src.colmap_feature_extractor][INFO] - I20260621 15:52:53.623282 0x16bdb3000 feature_extraction.cc:304]   Features:        6773 (SIFT)
[2026-06-21 15:52:53,628][src.colmap_feature_extractor][INFO] - I20260621 15:52:53.628732 0x16b723000 timer.cc:90] Elapsed time: 0.009 [minutes]
[2026-06-21 15:52:53,646][src.colmap_feature_extractor][INFO] - Feature extraction completed successfully
[2026-06-21 15:52:53,646][__main__][INFO] - ✓ Feature extraction completed
[2026-06-21 15:52:53,646][src.timing_recorder][INFO] - [TIMING] ✓ Completed: feature_extraction (0.72s)
[2026-06-21 15:52:53,646][src.timing_recorder][INFO] - [TIMING] Starting: feature_matching
[2026-06-21 15:52:53,646][__main__][INFO] - ============================================================
[2026-06-21 15:52:53,646][__main__][INFO] - STEP 3: Feature Matching
[2026-06-21 15:52:53,646][__main__][INFO] - ============================================================
[2026-06-21 15:52:53,647][src.colmap_feature_matcher][INFO] - Matching features in database: /Users/bc/brendanchambers/2026-06-18-iphone-video-to-splat/data/intermediates/densify_sz0.005_gr0.0004/colmap_sfm_camera_model/database.db
[2026-06-21 15:52:53,647][src.colmap_feature_matcher][INFO] - Running: colmap sequential_matcher
[2026-06-21 15:52:53,816][src.colmap_feature_matcher][INFO] - I20260621 15:52:53.816279 0x16d89f000 feature_matching.cc:195] === Feature matching & geometric verification ===
[2026-06-21 15:52:53,831][src.colmap_feature_matcher][INFO] - I20260621 15:52:53.831278 0x16d92b000 sift.cc:1559] Creating SIFT GPU feature matcher
[2026-06-21 15:52:53,855][src.colmap_feature_matcher][INFO] - I20260621 15:52:53.855692 0x16d89f000 pairing.cc:415] Generating sequential image pairs...
[2026-06-21 15:52:53,855][src.colmap_feature_matcher][INFO] - I20260621 15:52:53.855782 0x16d89f000 pairing.cc:473] Processing image [1/8]
[2026-06-21 15:52:53,915][src.colmap_feature_matcher][INFO] - I20260621 15:52:53.915005 0x16d89f000 feature_matching.cc:217] in 0.059s
[2026-06-21 15:52:53,915][src.colmap_feature_matcher][INFO] - I20260621 15:52:53.915019 0x16d89f000 pairing.cc:473] Processing image [2/8]
[2026-06-21 15:52:53,973][src.colmap_feature_matcher][INFO] - I20260621 15:52:53.973001 0x16d89f000 feature_matching.cc:217] in 0.058s
[2026-06-21 15:52:53,973][src.colmap_feature_matcher][INFO] - I20260621 15:52:53.973008 0x16d89f000 pairing.cc:473] Processing image [3/8]
[2026-06-21 15:52:54,033][src.colmap_feature_matcher][INFO] - I20260621 15:52:54.033689 0x16d89f000 feature_matching.cc:217] in 0.061s
[2026-06-21 15:52:54,033][src.colmap_feature_matcher][INFO] - I20260621 15:52:54.033694 0x16d89f000 pairing.cc:473] Processing image [4/8]
[2026-06-21 15:52:54,106][src.colmap_feature_matcher][INFO] - I20260621 15:52:54.106063 0x16d89f000 feature_matching.cc:217] in 0.072s
[2026-06-21 15:52:54,106][src.colmap_feature_matcher][INFO] - I20260621 15:52:54.106069 0x16d89f000 pairing.cc:473] Processing image [5/8]
[2026-06-21 15:52:54,136][src.colmap_feature_matcher][INFO] - I20260621 15:52:54.136920 0x16d89f000 feature_matching.cc:217] in 0.031s
[2026-06-21 15:52:54,136][src.colmap_feature_matcher][INFO] - I20260621 15:52:54.136925 0x16d89f000 pairing.cc:473] Processing image [6/8]
[2026-06-21 15:52:54,176][src.colmap_feature_matcher][INFO] - I20260621 15:52:54.176728 0x16d89f000 feature_matching.cc:217] in 0.040s
[2026-06-21 15:52:54,176][src.colmap_feature_matcher][INFO] - I20260621 15:52:54.176731 0x16d89f000 pairing.cc:473] Processing image [7/8]
[2026-06-21 15:52:54,198][src.colmap_feature_matcher][INFO] - I20260621 15:52:54.198343 0x16d89f000 feature_matching.cc:217] in 0.022s
[2026-06-21 15:52:54,198][src.colmap_feature_matcher][INFO] - I20260621 15:52:54.198346 0x16d89f000 pairing.cc:473] Processing image [8/8]
[2026-06-21 15:52:54,198][src.colmap_feature_matcher][INFO] - I20260621 15:52:54.198348 0x16d89f000 feature_matching.cc:217] in 0.000s
[2026-06-21 15:52:54,198][src.colmap_feature_matcher][INFO] - I20260621 15:52:54.198350 0x16d89f000 timer.cc:90] Elapsed time: 0.006 [minutes]
[2026-06-21 15:52:54,206][src.colmap_feature_matcher][INFO] - Feature matching completed successfully
[2026-06-21 15:52:54,206][__main__][INFO] - ✓ Feature matching completed
[2026-06-21 15:52:54,206][src.timing_recorder][INFO] - [TIMING] ✓ Completed: feature_matching (0.56s)
[2026-06-21 15:52:54,206][src.timing_recorder][INFO] - [TIMING] Starting: sparse_reconstruction
[2026-06-21 15:52:54,206][__main__][INFO] - ============================================================
[2026-06-21 15:52:54,206][__main__][INFO] - STEP 4: Sparse Reconstruction
[2026-06-21 15:52:54,206][__main__][INFO] - ============================================================
[2026-06-21 15:52:54,208][src.colmap_mapper][INFO] - Performing sparse reconstruction
[2026-06-21 15:52:54,208][src.colmap_mapper][INFO] - Database: /Users/bc/brendanchambers/2026-06-18-iphone-video-to-splat/data/intermediates/densify_sz0.005_gr0.0004/colmap_sfm_camera_model/database.db
[2026-06-21 15:52:54,208][src.colmap_mapper][INFO] - Images: /Users/bc/brendanchambers/2026-06-18-iphone-video-to-splat/data/intermediates/densify_sz0.005_gr0.0004/colmap_sfm_camera_model/images
[2026-06-21 15:52:54,208][src.colmap_mapper][INFO] - Output: /Users/bc/brendanchambers/2026-06-18-iphone-video-to-splat/data/intermediates/densify_sz0.005_gr0.0004/colmap_sfm_camera_model/sparse
[2026-06-21 15:52:54,208][src.colmap_mapper][INFO] - Running: colmap mapper
[2026-06-21 15:52:54,257][src.colmap_mapper][INFO] - I20260621 15:52:54.257125 0x1fde420c0 incremental_pipeline.cc:278] Loading database
[2026-06-21 15:52:54,257][src.colmap_mapper][INFO] - I20260621 15:52:54.257615 0x1fde420c0 database_cache.cc:72] Loading rigs...
[2026-06-21 15:52:54,257][src.colmap_mapper][INFO] - I20260621 15:52:54.257635 0x1fde420c0 database_cache.cc:82]  1 in 0.000s
[2026-06-21 15:52:54,257][src.colmap_mapper][INFO] - I20260621 15:52:54.257638 0x1fde420c0 database_cache.cc:90] Loading cameras...
[2026-06-21 15:52:54,257][src.colmap_mapper][INFO] - I20260621 15:52:54.257648 0x1fde420c0 database_cache.cc:108]  1 in 0.000s
[2026-06-21 15:52:54,257][src.colmap_mapper][INFO] - I20260621 15:52:54.257650 0x1fde420c0 database_cache.cc:116] Loading frames...
[2026-06-21 15:52:54,257][src.colmap_mapper][INFO] - I20260621 15:52:54.257668 0x1fde420c0 database_cache.cc:126]  8 in 0.000s
[2026-06-21 15:52:54,257][src.colmap_mapper][INFO] - I20260621 15:52:54.257670 0x1fde420c0 database_cache.cc:134] Loading matches...
[2026-06-21 15:52:54,258][src.colmap_mapper][INFO] - I20260621 15:52:54.257733 0x1fde420c0 database_cache.cc:139]  17 in 0.000s
[2026-06-21 15:52:54,258][src.colmap_mapper][INFO] - I20260621 15:52:54.257735 0x1fde420c0 database_cache.cc:147] Loading images...
[2026-06-21 15:52:54,258][src.colmap_mapper][INFO] - I20260621 15:52:54.258276 0x1fde420c0 database_cache.cc:241]  8 in 0.001s (connected 8, loaded 8)
[2026-06-21 15:52:54,258][src.colmap_mapper][INFO] - I20260621 15:52:54.258280 0x1fde420c0 database_cache.cc:255] Loading pose priors...
[2026-06-21 15:52:54,258][src.colmap_mapper][INFO] - I20260621 15:52:54.258286 0x1fde420c0 database_cache.cc:263]  0 in 0.000s
[2026-06-21 15:52:54,258][src.colmap_mapper][INFO] - I20260621 15:52:54.258287 0x1fde420c0 database_cache.cc:271] Building correspondence graph...
[2026-06-21 15:52:54,259][src.colmap_mapper][INFO] - I20260621 15:52:54.259105 0x1fde420c0 database_cache.cc:300]  in 0.001s (ignored 0)
[2026-06-21 15:52:54,259][src.colmap_mapper][INFO] - I20260621 15:52:54.259108 0x1fde420c0 timer.cc:90] Elapsed time: 0.000 [minutes]
[2026-06-21 15:52:54,259][src.colmap_mapper][INFO] - I20260621 15:52:54.259193 0x1fde420c0 incremental_pipeline.cc:390] Finding good initial image pair
[2026-06-21 15:52:54,268][src.colmap_mapper][INFO] - I20260621 15:52:54.268525 0x1fde420c0 incremental_pipeline.cc:414] Registering initial image pair #4 and #2
[2026-06-21 15:52:54,269][src.colmap_mapper][INFO] - I20260621 15:52:54.269128 0x1fde420c0 incremental_pipeline.cc:432] Global bundle adjustment
[2026-06-21 15:52:54,292][src.colmap_mapper][INFO] - I20260621 15:52:54.292937 0x1fde420c0 incremental_pipeline.cc:537] Registering image #3 (num_reg_frames=2)
[2026-06-21 15:52:54,292][src.colmap_mapper][INFO] - I20260621 15:52:54.292943 0x1fde420c0 incremental_pipeline.cc:540] => Image sees 168 / 1892 points
[2026-06-21 15:52:54,341][src.colmap_mapper][INFO] - I20260621 15:52:54.341046 0x1fde420c0 incremental_pipeline.cc:79] Retriangulation and Global bundle adjustment
[2026-06-21 15:52:54,360][src.colmap_mapper][INFO] - I20260621 15:52:54.360080 0x1fde420c0 incremental_pipeline.cc:537] Registering image #6 (num_reg_frames=3)
[2026-06-21 15:52:54,360][src.colmap_mapper][INFO] - I20260621 15:52:54.360084 0x1fde420c0 incremental_pipeline.cc:540] => Image sees 499 / 2128 points
[2026-06-21 15:52:54,416][src.colmap_mapper][INFO] - I20260621 15:52:54.416823 0x1fde420c0 incremental_pipeline.cc:79] Retriangulation and Global bundle adjustment
[2026-06-21 15:52:54,439][src.colmap_mapper][INFO] - I20260621 15:52:54.439114 0x1fde420c0 incremental_pipeline.cc:537] Registering image #5 (num_reg_frames=4)
[2026-06-21 15:52:54,439][src.colmap_mapper][INFO] - I20260621 15:52:54.439118 0x1fde420c0 incremental_pipeline.cc:540] => Image sees 1052 / 2461 points
[2026-06-21 15:52:54,487][src.colmap_mapper][INFO] - I20260621 15:52:54.487403 0x1fde420c0 incremental_pipeline.cc:79] Retriangulation and Global bundle adjustment
[2026-06-21 15:52:54,504][src.colmap_mapper][INFO] - I20260621 15:52:54.504025 0x1fde420c0 incremental_pipeline.cc:537] Registering image #1 (num_reg_frames=5)
[2026-06-21 15:52:54,504][src.colmap_mapper][INFO] - I20260621 15:52:54.504029 0x1fde420c0 incremental_pipeline.cc:540] => Image sees 536 / 1825 points
[2026-06-21 15:52:54,557][src.colmap_mapper][INFO] - I20260621 15:52:54.557727 0x1fde420c0 incremental_pipeline.cc:79] Retriangulation and Global bundle adjustment
[2026-06-21 15:52:54,583][src.colmap_mapper][INFO] - I20260621 15:52:54.583512 0x1fde420c0 incremental_pipeline.cc:537] Registering image #7 (num_reg_frames=6)
[2026-06-21 15:52:54,583][src.colmap_mapper][INFO] - I20260621 15:52:54.583516 0x1fde420c0 incremental_pipeline.cc:540] => Image sees 436 / 1676 points
[2026-06-21 15:52:54,619][src.colmap_mapper][INFO] - I20260621 15:52:54.619433 0x1fde420c0 incremental_pipeline.cc:79] Retriangulation and Global bundle adjustment
[2026-06-21 15:52:54,655][src.colmap_mapper][INFO] - I20260621 15:52:54.655927 0x1fde420c0 incremental_pipeline.cc:537] Registering image #8 (num_reg_frames=7)
[2026-06-21 15:52:54,655][src.colmap_mapper][INFO] - I20260621 15:52:54.655932 0x1fde420c0 incremental_pipeline.cc:540] => Image sees 481 / 1376 points
[2026-06-21 15:52:54,689][src.colmap_mapper][INFO] - I20260621 15:52:54.689858 0x1fde420c0 incremental_pipeline.cc:79] Retriangulation and Global bundle adjustment
[2026-06-21 15:52:54,729][src.colmap_mapper][INFO] - I20260621 15:52:54.729033 0x1fde420c0 incremental_pipeline.cc:79] Retriangulation and Global bundle adjustment
[2026-06-21 15:52:54,737][src.colmap_mapper][INFO] - I20260621 15:52:54.737767 0x1fde420c0 incremental_pipeline.cc:723] Keeping successful reconstruction
[2026-06-21 15:52:54,740][src.colmap_mapper][INFO] - I20260621 15:52:54.740305 0x1fde420c0 timer.cc:90] Elapsed time: 0.008 [minutes]
[2026-06-21 15:52:54,743][src.colmap_mapper][INFO] - Sparse reconstruction completed successfully
[2026-06-21 15:52:54,743][__main__][INFO] - ✓ Sparse reconstruction completed
[2026-06-21 15:52:54,743][src.timing_recorder][INFO] - [TIMING] ✓ Completed: sparse_reconstruction (0.54s)
[2026-06-21 15:52:54,743][src.timing_recorder][INFO] - [TIMING] Starting: undistortion
[2026-06-21 15:52:54,743][__main__][INFO] - ============================================================
[2026-06-21 15:52:54,743][__main__][INFO] - STEP 5: Image Undistortion
[2026-06-21 15:52:54,743][__main__][INFO] - ============================================================
[2026-06-21 15:52:54,745][src.colmap_undistorter][INFO] - Undistorting images
[2026-06-21 15:52:54,745][src.colmap_undistorter][INFO] - Input model: /Users/bc/brendanchambers/2026-06-18-iphone-video-to-splat/data/intermediates/densify_sz0.005_gr0.0004/colmap_sfm_camera_model/sparse/0
[2026-06-21 15:52:54,745][src.colmap_undistorter][INFO] - Images: /Users/bc/brendanchambers/2026-06-18-iphone-video-to-splat/data/intermediates/densify_sz0.005_gr0.0004/colmap_sfm_camera_model/images
[2026-06-21 15:52:54,745][src.colmap_undistorter][INFO] - Output: /Users/bc/brendanchambers/2026-06-18-iphone-video-to-splat/data/intermediates/densify_sz0.005_gr0.0004/colmap_sfm_linearized
[2026-06-21 15:52:54,745][src.colmap_undistorter][INFO] - Running: colmap image_undistorter
[2026-06-21 15:52:54,793][src.colmap_undistorter][INFO] - I20260621 15:52:54.792791 0x1fde420c0 image.cc:368] === Reading reconstruction ===
[2026-06-21 15:52:54,794][src.colmap_undistorter][INFO] - I20260621 15:52:54.794748 0x1fde420c0 image.cc:371] => Reconstruction with 8 images and 2190 points
[2026-06-21 15:52:54,794][src.colmap_undistorter][INFO] - I20260621 15:52:54.794759 0x1fde420c0 undistorters.cc:166] === Image undistortion ===
[2026-06-21 15:52:54,795][src.colmap_undistorter][INFO] - I20260621 15:52:54.795027 0x1fde420c0 undistorters.cc:205] Undistorting image [1/8]
[2026-06-21 15:52:55,381][src.colmap_undistorter][INFO] - I20260621 15:52:55.381825 0x1fde420c0 undistorters.cc:205] Undistorting image [2/8]
[2026-06-21 15:52:55,381][src.colmap_undistorter][INFO] - I20260621 15:52:55.381845 0x1fde420c0 undistorters.cc:205] Undistorting image [3/8]
[2026-06-21 15:52:55,392][src.colmap_undistorter][INFO] - I20260621 15:52:55.392123 0x1fde420c0 undistorters.cc:205] Undistorting image [4/8]
[2026-06-21 15:52:55,394][src.colmap_undistorter][INFO] - I20260621 15:52:55.394603 0x1fde420c0 undistorters.cc:205] Undistorting image [5/8]
[2026-06-21 15:52:55,394][src.colmap_undistorter][INFO] - I20260621 15:52:55.394609 0x1fde420c0 undistorters.cc:205] Undistorting image [6/8]
[2026-06-21 15:52:55,398][src.colmap_undistorter][INFO] - I20260621 15:52:55.398779 0x1fde420c0 undistorters.cc:205] Undistorting image [7/8]
[2026-06-21 15:52:55,400][src.colmap_undistorter][INFO] - I20260621 15:52:55.400459 0x1fde420c0 undistorters.cc:205] Undistorting image [8/8]
[2026-06-21 15:52:55,400][src.colmap_undistorter][INFO] - I20260621 15:52:55.400462 0x1fde420c0 undistorters.cc:213] Writing reconstruction...
[2026-06-21 15:52:55,405][src.colmap_undistorter][INFO] - I20260621 15:52:55.405081 0x1fde420c0 undistorters.cc:218] Writing configuration...
[2026-06-21 15:52:55,405][src.colmap_undistorter][INFO] - I20260621 15:52:55.405186 0x1fde420c0 undistorters.cc:222] Writing scripts...
[2026-06-21 15:52:55,405][src.colmap_undistorter][INFO] - I20260621 15:52:55.405282 0x1fde420c0 timer.cc:90] Elapsed time: 0.010 [minutes]
[2026-06-21 15:52:55,408][src.colmap_undistorter][INFO] - Image undistortion completed successfully
[2026-06-21 15:52:55,408][__main__][INFO] - ✓ Image undistortion completed
[2026-06-21 15:52:55,408][src.timing_recorder][INFO] - [TIMING] ✓ Completed: undistortion (0.67s)
[2026-06-21 15:52:55,408][src.timing_recorder][INFO] - [TIMING] Starting: splat_training
[2026-06-21 15:52:55,408][__main__][INFO] - ============================================================
[2026-06-21 15:52:55,408][__main__][INFO] - STEP 6: OpenSplat Training
[2026-06-21 15:52:55,408][__main__][INFO] - ============================================================
[2026-06-21 15:52:55,410][src.opensplat_trainer][INFO] - Training 3D Gaussian Splat
[2026-06-21 15:52:55,410][src.opensplat_trainer][INFO] - Sparse model: /Users/bc/brendanchambers/2026-06-18-iphone-video-to-splat/data/intermediates/densify_sz0.005_gr0.0004/colmap_sfm_linearized/sparse
[2026-06-21 15:52:55,410][src.opensplat_trainer][INFO] - Images: /Users/bc/brendanchambers/2026-06-18-iphone-video-to-splat/data/intermediates/densify_sz0.005_gr0.0004/colmap_sfm_linearized/images
[2026-06-21 15:52:55,410][src.opensplat_trainer][INFO] - Output PLY: /Users/bc/brendanchambers/2026-06-18-iphone-video-to-splat/data/intermediates/densify_sz0.005_gr0.0004/colmap_sfm_linearized/splats/densify_sz0.005_gr0.0004_20260621_1552.ply
[2026-06-21 15:52:55,410][src.opensplat_trainer][INFO] - Training loss log: /Users/bc/brendanchambers/2026-06-18-iphone-video-to-splat/data/intermediates/densify_sz0.005_gr0.0004/colmap_sfm_linearized/splats/train_20260621_1552.jsonl
[2026-06-21 15:52:55,410][src.opensplat_trainer][INFO] - Validation loss log: /Users/bc/brendanchambers/2026-06-18-iphone-video-to-splat/data/intermediates/densify_sz0.005_gr0.0004/colmap_sfm_linearized/splats/val_20260621_1552.jsonl
[2026-06-21 15:52:55,410][src.opensplat_trainer][INFO] - Running: opensplat
[2026-06-21 15:52:55,546][src.opensplat_trainer][INFO] - Using MPS
[2026-06-21 15:52:55,548][src.opensplat_trainer][INFO] - Reading 2190 points
[2026-06-21 15:52:55,548][src.opensplat_trainer][INFO] - Loading /Users/bc/brendanchambers/2026-06-18-iphone-video-to-splat/data/intermediates/densify_sz0.005_gr0.0004/colmap_sfm_linearized/images/frame_0001.jpg
[2026-06-21 15:52:55,548][src.opensplat_trainer][INFO] - Loading /Users/bc/brendanchambers/2026-06-18-iphone-video-to-splat/data/intermediates/densify_sz0.005_gr0.0004/colmap_sfm_linearized/images/frame_0002.jpg
[2026-06-21 15:52:55,548][src.opensplat_trainer][INFO] - Loading /Users/bc/brendanchambers/2026-06-18-iphone-video-to-splat/data/intermediates/densify_sz0.005_gr0.0004/colmap_sfm_linearized/images/frame_0003.jpgLoading /Users/bc/brendanchambers/2026-06-18-iphone-video-to-splat/data/intermediates/densify_sz0.005_gr0.0004/colmap_sfm_linearized/images/frame_0005.jpg
[2026-06-21 15:52:55,548][src.opensplat_trainer][INFO] - 
[2026-06-21 15:52:55,548][src.opensplat_trainer][INFO] - Loading /Users/bc/brendanchambers/2026-06-18-iphone-video-to-splat/data/intermediates/densify_sz0.005_gr0.0004/colmap_sfm_linearized/images/frame_0004.jpg
[2026-06-21 15:52:55,548][src.opensplat_trainer][INFO] - Loading Loading /Users/bc/brendanchambers/2026-06-18-iphone-video-to-splat/data/intermediates/densify_sz0.005_gr0.0004/colmap_sfm_linearized/images/frame_0006.jpg
[2026-06-21 15:52:55,548][src.opensplat_trainer][INFO] - Loading /Users/bc/brendanchambers/2026-06-18-iphone-video-to-splat/data/intermediates/densify_sz0.005_gr0.0004/colmap_sfm_linearized/images/frame_0008.jpg
[2026-06-21 15:52:55,548][src.opensplat_trainer][INFO] - /Users/bc/brendanchambers/2026-06-18-iphone-video-to-splat/data/intermediates/densify_sz0.005_gr0.0004/colmap_sfm_linearized/images/frame_0007.jpg
[2026-06-21 15:52:55,920][src.opensplat_trainer][INFO] - init_gsplat_metal_context: loading '/Users/bc/brendanchambers/2026-06-18-iphone-video-to-splat/opensplat/build/default.metallib'
[2026-06-21 15:52:55,920][src.opensplat_trainer][INFO] - init_gsplat_metal_context: loaded '/Users/bc/brendanchambers/2026-06-18-iphone-video-to-splat/opensplat/build/default.metallib', functions: compute_cov2d_bounds_kernel, project_gaussians_backward_kernel, get_tile_bin_edges_kernel, rasterize_backward_kernel, map_gaussian_to_intersects_kernel, nd_rasterize_backward_kernel, project_gaussians_forward_kernel, compute_sh_backward_kernel, compute_sh_forward_kernel, nd_rasterize_forward_kernel
[2026-06-21 15:52:55,920][src.opensplat_trainer][INFO] - init_gsplat_metal_context: load function nd_rasterize_backward_kernel with label: (null)
[2026-06-21 15:52:55,920][src.opensplat_trainer][INFO] - init_gsplat_metal_context: load function nd_rasterize_forward_kernel with label: (null)
[2026-06-21 15:52:55,920][src.opensplat_trainer][INFO] - init_gsplat_metal_context: load function rasterize_backward_kernel with label: (null)
[2026-06-21 15:52:55,920][src.opensplat_trainer][INFO] - init_gsplat_metal_context: load function project_gaussians_forward_kernel with label: (null)
[2026-06-21 15:52:55,920][src.opensplat_trainer][INFO] - init_gsplat_metal_context: load function project_gaussians_backward_kernel with label: (null)
[2026-06-21 15:52:55,920][src.opensplat_trainer][INFO] - init_gsplat_metal_context: load function compute_sh_forward_kernel with label: (null)
[2026-06-21 15:52:55,920][src.opensplat_trainer][INFO] - init_gsplat_metal_context: load function compute_sh_backward_kernel with label: (null)
[2026-06-21 15:52:55,920][src.opensplat_trainer][INFO] - init_gsplat_metal_context: load function compute_cov2d_bounds_kernel with label: (null)
[2026-06-21 15:52:55,920][src.opensplat_trainer][INFO] - init_gsplat_metal_context: load function map_gaussian_to_intersects_kernel with label: (null)
[2026-06-21 15:52:55,920][src.opensplat_trainer][INFO] - init_gsplat_metal_context: load function get_tile_bin_edges_kernel with label: (null)
[2026-06-21 15:52:55,920][src.opensplat_trainer][INFO] - Step 10: 0.335643 (20%)
[2026-06-21 15:52:56,134][src.opensplat_trainer][INFO] - Step 20: 0.316053 (40%)
[2026-06-21 15:52:56,327][src.opensplat_trainer][INFO] - Step 30: 0.28368 (60%)
[2026-06-21 15:52:56,518][src.opensplat_trainer][INFO] - Step 40: 0.301104 (80%)
[2026-06-21 15:52:56,729][src.opensplat_trainer][INFO] - Step 50: 0.302611 (100%)
[2026-06-21 15:52:56,742][src.opensplat_trainer][INFO] - Wrote /Users/bc/brendanchambers/2026-06-18-iphone-video-to-splat/data/intermediates/densify_sz0.005_gr0.0004/colmap_sfm_linearized/splats/cameras.json
[2026-06-21 15:52:56,749][src.opensplat_trainer][INFO] - Wrote /Users/bc/brendanchambers/2026-06-18-iphone-video-to-splat/data/intermediates/densify_sz0.005_gr0.0004/colmap_sfm_linearized/splats/densify_sz0.005_gr0.0004_20260621_1552.ply
[2026-06-21 15:52:56,762][src.opensplat_trainer][INFO] - /Users/bc/brendanchambers/2026-06-18-iphone-video-to-splat/data/intermediates/densify_sz0.005_gr0.0004/colmap_sfm_linearized/images/frame_0001.jpg validation loss: 0.344775
[2026-06-21 15:52:56,814][src.opensplat_trainer][INFO] - Parsed 5 training loss values to /Users/bc/brendanchambers/2026-06-18-iphone-video-to-splat/data/intermediates/densify_sz0.005_gr0.0004/colmap_sfm_linearized/splats/train_20260621_1552.jsonl
[2026-06-21 15:52:56,814][src.opensplat_trainer][INFO] - Captured validation loss: 0.344775 to /Users/bc/brendanchambers/2026-06-18-iphone-video-to-splat/data/intermediates/densify_sz0.005_gr0.0004/colmap_sfm_linearized/splats/val_20260621_1552.jsonl
[2026-06-21 15:52:56,814][src.opensplat_trainer][INFO] - Training completed successfully
[2026-06-21 15:52:56,814][src.opensplat_trainer][INFO] - Output saved to: /Users/bc/brendanchambers/2026-06-18-iphone-video-to-splat/data/intermediates/densify_sz0.005_gr0.0004/colmap_sfm_linearized/splats/densify_sz0.005_gr0.0004_20260621_1552.ply
[2026-06-21 15:52:56,815][__main__][INFO] - ✓ Splat training completed
[2026-06-21 15:52:56,815][__main__][INFO] - ============================================================
[2026-06-21 15:52:56,815][__main__][INFO] - Analyzing Training Loss
[2026-06-21 15:52:56,815][__main__][INFO] - ============================================================
[2026-06-21 15:52:56,875][src.timing_recorder][INFO] - [TIMING] ✓ Completed: splat_training (1.47s)
[2026-06-21 15:52:56,875][__main__][INFO] - 
[2026-06-21 15:52:56,875][__main__][INFO] - ╔==========================================================╗
[2026-06-21 15:52:56,875][__main__][INFO] - ║                    Pipeline Complete!                    ║
[2026-06-21 15:52:56,875][__main__][INFO] - ╚==========================================================╝
[2026-06-21 15:52:56,876][__main__][INFO] - Output directory: /Users/bc/brendanchambers/2026-06-18-iphone-video-to-splat/data/intermediates/densify_sz0.005_gr0.0004/colmap_sfm_linearized/splats
[2026-06-21 15:52:56,876][__main__][INFO] -   - PLY file: *.ply (3D Gaussian Splat)
[2026-06-21 15:52:56,876][__main__][INFO] -   - Loss log: *.jsonl (Training loss per step)
[2026-06-21 15:52:56,876][__main__][INFO] -   - Timing log: running-time_*.jsonl (Step execution times)
[2026-06-21 15:52:56,876][src.timing_recorder][INFO] - 
[2026-06-21 15:52:56,876][src.timing_recorder][INFO] - ======================================================================
[2026-06-21 15:52:56,876][src.timing_recorder][INFO] - PIPELINE EXECUTION TIMING SUMMARY
[2026-06-21 15:52:56,876][src.timing_recorder][INFO] - ======================================================================
[2026-06-21 15:52:56,876][src.timing_recorder][INFO] - ✓ frame_extraction              0.22s  (  5.3%)
[2026-06-21 15:52:56,876][src.timing_recorder][INFO] - ✓ feature_extraction            0.72s  ( 17.2%)
[2026-06-21 15:52:56,876][src.timing_recorder][INFO] - ✓ feature_matching              0.56s  ( 13.4%)
[2026-06-21 15:52:56,876][src.timing_recorder][INFO] - ✓ sparse_reconstruction         0.54s  ( 12.9%)
[2026-06-21 15:52:56,876][src.timing_recorder][INFO] - ✓ undistortion                  0.67s  ( 16.0%)
[2026-06-21 15:52:56,876][src.timing_recorder][INFO] - ✓ splat_training                1.47s  ( 35.2%)
[2026-06-21 15:52:56,876][src.timing_recorder][INFO] - ----------------------------------------------------------------------
[2026-06-21 15:52:56,876][src.timing_recorder][INFO] - TOTAL                           4.17s  (100.0%)
[2026-06-21 15:52:56,876][src.timing_recorder][INFO] - ======================================================================
[2026-06-21 15:52:56,876][src.timing_recorder][INFO] - 
[2026-06-21 15:52:56,877][src.timing_recorder][INFO] - [TIMING] Saved timing report to: /Users/bc/brendanchambers/2026-06-18-iphone-video-to-splat/data/intermediates/densify_sz0.005_gr0.0004/colmap_sfm_linearized/splats/running-time_20260621_1552.jsonl
