[2026-06-21 12:19:25,365][__main__][INFO] - 
[2026-06-21 12:19:25,365][__main__][INFO] - ╔==========================================================╗
[2026-06-21 12:19:25,365][__main__][INFO] - ║          3D Gaussian Splat Training Pipeline              ║
[2026-06-21 12:19:25,365][__main__][INFO] - ╚==========================================================╝
[2026-06-21 12:19:25,365][__main__][INFO] - Experiment: teensy
[2026-06-21 12:19:25,365][__main__][INFO] - Project dir: /Users/bc/brendanchambers/2026-06-18-iphone-video-to-splat
[2026-06-21 12:19:25,365][__main__][INFO] - 
[2026-06-21 12:19:25,365][__main__][INFO] - ============================================================
[2026-06-21 12:19:25,365][__main__][INFO] - STEP 1: Frame Extraction
[2026-06-21 12:19:25,365][__main__][INFO] - ============================================================
[2026-06-21 12:19:25,365][src.frame_extractor][INFO] - Extracting frames from: /Users/bc/brendanchambers/2026-06-18-iphone-video-to-splat/data/incoming/movies/teensy.mov
[2026-06-21 12:19:25,365][src.frame_extractor][INFO] - Output directory: /Users/bc/brendanchambers/2026-06-18-iphone-video-to-splat/data/intermediates/teensy/images
[2026-06-21 12:19:25,365][src.frame_extractor][INFO] - Extracting frames at 2 fps
[2026-06-21 12:19:25,365][src.frame_extractor][INFO] - Running command: ffmpeg -i /Users/bc/brendanchambers/2026-06-18-iphone-video-to-splat/data/incoming/movies/teensy.mov -vf fps=2 -q:v 2 /Users/bc/brendanchambers/2026-06-18-iphone-video-to-splat/data/intermediates/teensy/images/frame_%04d.jpg
[2026-06-21 12:19:25,379][src.frame_extractor][INFO] - ffmpeg version 8.1.2 Copyright (c) 2000-2026 the FFmpeg developers
[2026-06-21 12:19:25,379][src.frame_extractor][INFO] -   built with Apple clang version 17.0.0 (clang-1700.6.4.2)
[2026-06-21 12:19:25,380][src.frame_extractor][INFO] -   configuration: --prefix=/opt/homebrew/Cellar/ffmpeg/8.1.2 --enable-shared --enable-pthreads --enable-version3 --cc=clang --host-cflags= --host-ldflags= --enable-ffplay --enable-gpl --enable-libsvtav1 --enable-libopus --enable-libx264 --enable-libmp3lame --enable-libdav1d --enable-libvmaf --enable-libvpx --enable-libx265 --enable-openssl --enable-videotoolbox --enable-audiotoolbox --enable-neon
[2026-06-21 12:19:25,380][src.frame_extractor][INFO] -   libavutil      60. 26.102 / 60. 26.102
[2026-06-21 12:19:25,380][src.frame_extractor][INFO] -   libavcodec     62. 28.102 / 62. 28.102
[2026-06-21 12:19:25,380][src.frame_extractor][INFO] -   libavformat    62. 12.102 / 62. 12.102
[2026-06-21 12:19:25,380][src.frame_extractor][INFO] -   libavdevice    62.  3.102 / 62.  3.102
[2026-06-21 12:19:25,380][src.frame_extractor][INFO] -   libavfilter    11. 14.102 / 11. 14.102
[2026-06-21 12:19:25,380][src.frame_extractor][INFO] -   libswscale      9.  5.102 /  9.  5.102
[2026-06-21 12:19:25,380][src.frame_extractor][INFO] -   libswresample   6.  3.102 /  6.  3.102
[2026-06-21 12:19:25,394][src.frame_extractor][INFO] - Input #0, mov,mp4,m4a,3gp,3g2,mj2, from '/Users/bc/brendanchambers/2026-06-18-iphone-video-to-splat/data/incoming/movies/teensy.mov':
[2026-06-21 12:19:25,394][src.frame_extractor][INFO] -   Metadata:
[2026-06-21 12:19:25,394][src.frame_extractor][INFO] -     major_brand     : qt
[2026-06-21 12:19:25,394][src.frame_extractor][INFO] -     minor_version   : 512
[2026-06-21 12:19:25,394][src.frame_extractor][INFO] -     compatible_brands: qt
[2026-06-21 12:19:25,394][src.frame_extractor][INFO] -     encoder         : Lavf62.12.102
[2026-06-21 12:19:25,394][src.frame_extractor][INFO] -   Duration: 00:00:04.01, start: 0.000000, bitrate: 19786 kb/s
[2026-06-21 12:19:25,394][src.frame_extractor][INFO] -   Stream #0:0[0x1]: Video: h264 (High) (avc1 / 0x31637661), yuv420p(tv, bt709, progressive), 1080x1920, 19646 kb/s, 29.67 fps, 29.67 tbr, 11392 tbn (default)
[2026-06-21 12:19:25,394][src.frame_extractor][INFO] -     Metadata:
[2026-06-21 12:19:25,394][src.frame_extractor][INFO] -       handler_name    : Core Media Video
[2026-06-21 12:19:25,394][src.frame_extractor][INFO] -       vendor_id       : FFMP
[2026-06-21 12:19:25,394][src.frame_extractor][INFO] -       encoder         : Lavc62.28.102 libx264
[2026-06-21 12:19:25,394][src.frame_extractor][INFO] -   Stream #0:1[0x2]: Audio: aac (LC) (mp4a / 0x6134706D), 48000 Hz, stereo, fltp, 128 kb/s (default)
[2026-06-21 12:19:25,394][src.frame_extractor][INFO] -     Metadata:
[2026-06-21 12:19:25,394][src.frame_extractor][INFO] -       handler_name    : Core Media Audio
[2026-06-21 12:19:25,394][src.frame_extractor][INFO] -       vendor_id       : [0][0][0][0]
[2026-06-21 12:19:25,394][src.frame_extractor][INFO] - Stream mapping:
[2026-06-21 12:19:25,394][src.frame_extractor][INFO] -   Stream #0:0 -> #0:0 (h264 (native) -> mjpeg (native))
[2026-06-21 12:19:25,394][src.frame_extractor][INFO] - Press [q] to stop, [?] for help
[2026-06-21 12:19:25,443][src.frame_extractor][INFO] - Output #0, image2, to '/Users/bc/brendanchambers/2026-06-18-iphone-video-to-splat/data/intermediates/teensy/images/frame_%04d.jpg':
[2026-06-21 12:19:25,443][src.frame_extractor][INFO] -   Metadata:
[2026-06-21 12:19:25,443][src.frame_extractor][INFO] -     major_brand     : qt
[2026-06-21 12:19:25,443][src.frame_extractor][INFO] -     minor_version   : 512
[2026-06-21 12:19:25,444][src.frame_extractor][INFO] -     compatible_brands: qt
[2026-06-21 12:19:25,444][src.frame_extractor][INFO] -     encoder         : Lavf62.12.102
[2026-06-21 12:19:25,444][src.frame_extractor][INFO] -   Stream #0:0: Video: mjpeg, yuv420p(pc, bt709, progressive), 1080x1920, q=2-31, 200 kb/s, 2 fps, 2 tbn (default)
[2026-06-21 12:19:25,444][src.frame_extractor][INFO] -     Metadata:
[2026-06-21 12:19:25,444][src.frame_extractor][INFO] -       encoder         : Lavc62.28.102 mjpeg
[2026-06-21 12:19:25,444][src.frame_extractor][INFO] -       handler_name    : Core Media Video
[2026-06-21 12:19:25,444][src.frame_extractor][INFO] -       vendor_id       : FFMP
[2026-06-21 12:19:25,444][src.frame_extractor][INFO] -     Side data:
[2026-06-21 12:19:25,444][src.frame_extractor][INFO] -       CPB properties: bitrate max/min/avg: 0/0/200000 buffer size: 0 vbv_delay: N/A
[2026-06-21 12:19:25,588][src.frame_extractor][INFO] - [out#0/image2 @ 0x600002cd0600] video:5173KiB audio:0KiB subtitle:0KiB other streams:0KiB global headers:0KiB muxing overhead: unknown
[2026-06-21 12:19:25,589][src.frame_extractor][INFO] - frame=    8 fps=0.0 q=2.0 Lsize=N/A time=00:00:04.00 bitrate=N/A speed=20.6x elapsed=0:00:00.19
[2026-06-21 12:19:25,592][src.frame_extractor][INFO] - Successfully extracted 8 frames
[2026-06-21 12:19:25,593][__main__][INFO] - ✓ Frame extraction completed
[2026-06-21 12:19:25,593][__main__][INFO] - ============================================================
[2026-06-21 12:19:25,593][__main__][INFO] - STEP 2: Feature Extraction
[2026-06-21 12:19:25,593][__main__][INFO] - ============================================================
[2026-06-21 12:19:25,593][src.colmap_feature_extractor][INFO] - Extracting features from images: /Users/bc/brendanchambers/2026-06-18-iphone-video-to-splat/data/intermediates/teensy/images
[2026-06-21 12:19:25,593][src.colmap_feature_extractor][INFO] - Database: /Users/bc/brendanchambers/2026-06-18-iphone-video-to-splat/data/intermediates/teensy/database.db
[2026-06-21 12:19:25,593][src.colmap_feature_extractor][INFO] - Running: colmap feature_extractor
[2026-06-21 12:19:25,754][src.colmap_feature_extractor][INFO] - I20260621 12:19:25.753674 0x16b4cf000 feature_extraction.cc:504] === Feature extraction ===
[2026-06-21 12:19:25,769][src.colmap_feature_extractor][INFO] - I20260621 12:19:25.769289 0x16bad3000 sift.cc:757] Creating SIFT GPU feature extractor
[2026-06-21 12:19:25,806][src.colmap_feature_extractor][INFO] - I20260621 12:19:25.806323 0x16bb5f000 feature_extraction.cc:282] Processed file [1/8]
[2026-06-21 12:19:25,806][src.colmap_feature_extractor][INFO] - I20260621 12:19:25.806333 0x16bb5f000 feature_extraction.cc:285]   Name:            frame_0001.jpg
[2026-06-21 12:19:25,806][src.colmap_feature_extractor][INFO] - W20260621 12:19:25.806335 0x16bb5f000 feature_extraction.cc:289] frame_0001.jpg IMAGE_EXISTS: Features for image were already extracted.
[2026-06-21 12:19:25,806][src.colmap_feature_extractor][INFO] - I20260621 12:19:25.806606 0x16bb5f000 feature_extraction.cc:282] Processed file [2/8]
[2026-06-21 12:19:25,806][src.colmap_feature_extractor][INFO] - I20260621 12:19:25.806609 0x16bb5f000 feature_extraction.cc:285]   Name:            frame_0002.jpg
[2026-06-21 12:19:25,806][src.colmap_feature_extractor][INFO] - W20260621 12:19:25.806610 0x16bb5f000 feature_extraction.cc:289] frame_0002.jpg IMAGE_EXISTS: Features for image were already extracted.
[2026-06-21 12:19:25,806][src.colmap_feature_extractor][INFO] - I20260621 12:19:25.806619 0x16bb5f000 feature_extraction.cc:282] Processed file [3/8]
[2026-06-21 12:19:25,806][src.colmap_feature_extractor][INFO] - I20260621 12:19:25.806621 0x16bb5f000 feature_extraction.cc:285]   Name:            frame_0003.jpg
[2026-06-21 12:19:25,806][src.colmap_feature_extractor][INFO] - W20260621 12:19:25.806624 0x16bb5f000 feature_extraction.cc:289] frame_0003.jpg IMAGE_EXISTS: Features for image were already extracted.
[2026-06-21 12:19:25,806][src.colmap_feature_extractor][INFO] - I20260621 12:19:25.806631 0x16bb5f000 feature_extraction.cc:282] Processed file [4/8]
[2026-06-21 12:19:25,806][src.colmap_feature_extractor][INFO] - I20260621 12:19:25.806633 0x16bb5f000 feature_extraction.cc:285]   Name:            frame_0004.jpg
[2026-06-21 12:19:25,806][src.colmap_feature_extractor][INFO] - W20260621 12:19:25.806634 0x16bb5f000 feature_extraction.cc:289] frame_0004.jpg IMAGE_EXISTS: Features for image were already extracted.
[2026-06-21 12:19:25,806][src.colmap_feature_extractor][INFO] - I20260621 12:19:25.806652 0x16bb5f000 feature_extraction.cc:282] Processed file [5/8]
[2026-06-21 12:19:25,806][src.colmap_feature_extractor][INFO] - I20260621 12:19:25.806657 0x16bb5f000 feature_extraction.cc:285]   Name:            frame_0005.jpg
[2026-06-21 12:19:25,806][src.colmap_feature_extractor][INFO] - W20260621 12:19:25.806659 0x16bb5f000 feature_extraction.cc:289] frame_0005.jpg IMAGE_EXISTS: Features for image were already extracted.
[2026-06-21 12:19:25,806][src.colmap_feature_extractor][INFO] - I20260621 12:19:25.806667 0x16bb5f000 feature_extraction.cc:282] Processed file [6/8]
[2026-06-21 12:19:25,806][src.colmap_feature_extractor][INFO] - I20260621 12:19:25.806669 0x16bb5f000 feature_extraction.cc:285]   Name:            frame_0006.jpg
[2026-06-21 12:19:25,806][src.colmap_feature_extractor][INFO] - W20260621 12:19:25.806671 0x16bb5f000 feature_extraction.cc:289] frame_0006.jpg IMAGE_EXISTS: Features for image were already extracted.
[2026-06-21 12:19:25,806][src.colmap_feature_extractor][INFO] - I20260621 12:19:25.806676 0x16bb5f000 feature_extraction.cc:282] Processed file [7/8]
[2026-06-21 12:19:25,807][src.colmap_feature_extractor][INFO] - I20260621 12:19:25.806677 0x16bb5f000 feature_extraction.cc:285]   Name:            frame_0007.jpg
[2026-06-21 12:19:25,807][src.colmap_feature_extractor][INFO] - W20260621 12:19:25.806679 0x16bb5f000 feature_extraction.cc:289] frame_0007.jpg IMAGE_EXISTS: Features for image were already extracted.
[2026-06-21 12:19:25,807][src.colmap_feature_extractor][INFO] - I20260621 12:19:25.806685 0x16bb5f000 feature_extraction.cc:282] Processed file [8/8]
[2026-06-21 12:19:25,807][src.colmap_feature_extractor][INFO] - I20260621 12:19:25.806687 0x16bb5f000 feature_extraction.cc:285]   Name:            frame_0008.jpg
[2026-06-21 12:19:25,807][src.colmap_feature_extractor][INFO] - W20260621 12:19:25.806688 0x16bb5f000 feature_extraction.cc:289] frame_0008.jpg IMAGE_EXISTS: Features for image were already extracted.
[2026-06-21 12:19:25,807][src.colmap_feature_extractor][INFO] - I20260621 12:19:25.806803 0x16b4cf000 timer.cc:90] Elapsed time: 0.001 [minutes]
[2026-06-21 12:19:25,811][src.colmap_feature_extractor][INFO] - Feature extraction completed successfully
[2026-06-21 12:19:25,811][__main__][INFO] - ✓ Feature extraction completed
[2026-06-21 12:19:25,811][__main__][INFO] - ============================================================
[2026-06-21 12:19:25,811][__main__][INFO] - STEP 3: Feature Matching
[2026-06-21 12:19:25,811][__main__][INFO] - ============================================================
[2026-06-21 12:19:25,812][src.colmap_feature_matcher][INFO] - Matching features in database: /Users/bc/brendanchambers/2026-06-18-iphone-video-to-splat/data/intermediates/teensy/database.db
[2026-06-21 12:19:25,812][src.colmap_feature_matcher][INFO] - Running: colmap sequential_matcher
[2026-06-21 12:19:25,966][src.colmap_feature_matcher][INFO] - I20260621 12:19:25.965707 0x16fcbf000 feature_matching.cc:195] === Feature matching & geometric verification ===
[2026-06-21 12:19:25,979][src.colmap_feature_matcher][INFO] - I20260621 12:19:25.979311 0x16fd4b000 sift.cc:1559] Creating SIFT GPU feature matcher
[2026-06-21 12:19:26,002][src.colmap_feature_matcher][INFO] - I20260621 12:19:26.002222 0x16fcbf000 pairing.cc:415] Generating sequential image pairs...
[2026-06-21 12:19:26,002][src.colmap_feature_matcher][INFO] - I20260621 12:19:26.002299 0x16fcbf000 pairing.cc:473] Processing image [1/8]
[2026-06-21 12:19:26,002][src.colmap_feature_matcher][INFO] - I20260621 12:19:26.002321 0x16fcbf000 feature_matching.cc:217] in 0.000s
[2026-06-21 12:19:26,002][src.colmap_feature_matcher][INFO] - I20260621 12:19:26.002324 0x16fcbf000 pairing.cc:473] Processing image [2/8]
[2026-06-21 12:19:26,002][src.colmap_feature_matcher][INFO] - I20260621 12:19:26.002339 0x16fcbf000 feature_matching.cc:217] in 0.000s
[2026-06-21 12:19:26,002][src.colmap_feature_matcher][INFO] - I20260621 12:19:26.002341 0x16fcbf000 pairing.cc:473] Processing image [3/8]
[2026-06-21 12:19:26,002][src.colmap_feature_matcher][INFO] - I20260621 12:19:26.002354 0x16fcbf000 feature_matching.cc:217] in 0.000s
[2026-06-21 12:19:26,002][src.colmap_feature_matcher][INFO] - I20260621 12:19:26.002356 0x16fcbf000 pairing.cc:473] Processing image [4/8]
[2026-06-21 12:19:26,002][src.colmap_feature_matcher][INFO] - I20260621 12:19:26.002372 0x16fcbf000 feature_matching.cc:217] in 0.000s
[2026-06-21 12:19:26,002][src.colmap_feature_matcher][INFO] - I20260621 12:19:26.002374 0x16fcbf000 pairing.cc:473] Processing image [5/8]
[2026-06-21 12:19:26,002][src.colmap_feature_matcher][INFO] - I20260621 12:19:26.002386 0x16fcbf000 feature_matching.cc:217] in 0.000s
[2026-06-21 12:19:26,002][src.colmap_feature_matcher][INFO] - I20260621 12:19:26.002388 0x16fcbf000 pairing.cc:473] Processing image [6/8]
[2026-06-21 12:19:26,002][src.colmap_feature_matcher][INFO] - I20260621 12:19:26.002400 0x16fcbf000 feature_matching.cc:217] in 0.000s
[2026-06-21 12:19:26,002][src.colmap_feature_matcher][INFO] - I20260621 12:19:26.002402 0x16fcbf000 pairing.cc:473] Processing image [7/8]
[2026-06-21 12:19:26,002][src.colmap_feature_matcher][INFO] - I20260621 12:19:26.002409 0x16fcbf000 feature_matching.cc:217] in 0.000s
[2026-06-21 12:19:26,002][src.colmap_feature_matcher][INFO] - I20260621 12:19:26.002411 0x16fcbf000 pairing.cc:473] Processing image [8/8]
[2026-06-21 12:19:26,002][src.colmap_feature_matcher][INFO] - I20260621 12:19:26.002412 0x16fcbf000 feature_matching.cc:217] in 0.000s
[2026-06-21 12:19:26,002][src.colmap_feature_matcher][INFO] - I20260621 12:19:26.002414 0x16fcbf000 timer.cc:90] Elapsed time: 0.001 [minutes]
[2026-06-21 12:19:26,007][src.colmap_feature_matcher][INFO] - Feature matching completed successfully
[2026-06-21 12:19:26,007][__main__][INFO] - ✓ Feature matching completed
[2026-06-21 12:19:26,007][__main__][INFO] - ============================================================
[2026-06-21 12:19:26,007][__main__][INFO] - STEP 4: Sparse Reconstruction
[2026-06-21 12:19:26,007][__main__][INFO] - ============================================================
[2026-06-21 12:19:26,008][src.colmap_mapper][INFO] - Performing sparse reconstruction
[2026-06-21 12:19:26,008][src.colmap_mapper][INFO] - Database: /Users/bc/brendanchambers/2026-06-18-iphone-video-to-splat/data/intermediates/teensy/database.db
[2026-06-21 12:19:26,008][src.colmap_mapper][INFO] - Images: /Users/bc/brendanchambers/2026-06-18-iphone-video-to-splat/data/intermediates/teensy/images
[2026-06-21 12:19:26,008][src.colmap_mapper][INFO] - Output: /Users/bc/brendanchambers/2026-06-18-iphone-video-to-splat/data/intermediates/teensy/sparse
[2026-06-21 12:19:26,008][src.colmap_mapper][INFO] - Running: colmap mapper
[2026-06-21 12:19:26,053][src.colmap_mapper][INFO] - I20260621 12:19:26.053544 0x1fde420c0 incremental_pipeline.cc:278] Loading database
[2026-06-21 12:19:26,054][src.colmap_mapper][INFO] - I20260621 12:19:26.053841 0x1fde420c0 database_cache.cc:72] Loading rigs...
[2026-06-21 12:19:26,054][src.colmap_mapper][INFO] - I20260621 12:19:26.053861 0x1fde420c0 database_cache.cc:82]  1 in 0.000s
[2026-06-21 12:19:26,054][src.colmap_mapper][INFO] - I20260621 12:19:26.053863 0x1fde420c0 database_cache.cc:90] Loading cameras...
[2026-06-21 12:19:26,054][src.colmap_mapper][INFO] - I20260621 12:19:26.053872 0x1fde420c0 database_cache.cc:108]  1 in 0.000s
[2026-06-21 12:19:26,054][src.colmap_mapper][INFO] - I20260621 12:19:26.053874 0x1fde420c0 database_cache.cc:116] Loading frames...
[2026-06-21 12:19:26,054][src.colmap_mapper][INFO] - I20260621 12:19:26.053891 0x1fde420c0 database_cache.cc:126]  8 in 0.000s
[2026-06-21 12:19:26,054][src.colmap_mapper][INFO] - I20260621 12:19:26.053893 0x1fde420c0 database_cache.cc:134] Loading matches...
[2026-06-21 12:19:26,054][src.colmap_mapper][INFO] - I20260621 12:19:26.053952 0x1fde420c0 database_cache.cc:139]  17 in 0.000s
[2026-06-21 12:19:26,054][src.colmap_mapper][INFO] - I20260621 12:19:26.053954 0x1fde420c0 database_cache.cc:147] Loading images...
[2026-06-21 12:19:26,054][src.colmap_mapper][INFO] - I20260621 12:19:26.054510 0x1fde420c0 database_cache.cc:241]  8 in 0.001s (connected 8, loaded 8)
[2026-06-21 12:19:26,054][src.colmap_mapper][INFO] - I20260621 12:19:26.054513 0x1fde420c0 database_cache.cc:255] Loading pose priors...
[2026-06-21 12:19:26,054][src.colmap_mapper][INFO] - I20260621 12:19:26.054520 0x1fde420c0 database_cache.cc:263]  0 in 0.000s
[2026-06-21 12:19:26,054][src.colmap_mapper][INFO] - I20260621 12:19:26.054522 0x1fde420c0 database_cache.cc:271] Building correspondence graph...
[2026-06-21 12:19:26,055][src.colmap_mapper][INFO] - I20260621 12:19:26.055344 0x1fde420c0 database_cache.cc:300]  in 0.001s (ignored 0)
[2026-06-21 12:19:26,055][src.colmap_mapper][INFO] - I20260621 12:19:26.055348 0x1fde420c0 timer.cc:90] Elapsed time: 0.000 [minutes]
[2026-06-21 12:19:26,055][src.colmap_mapper][INFO] - I20260621 12:19:26.055452 0x1fde420c0 incremental_pipeline.cc:390] Finding good initial image pair
[2026-06-21 12:19:26,066][src.colmap_mapper][INFO] - I20260621 12:19:26.066858 0x1fde420c0 incremental_pipeline.cc:414] Registering initial image pair #4 and #2
[2026-06-21 12:19:26,067][src.colmap_mapper][INFO] - I20260621 12:19:26.067473 0x1fde420c0 incremental_pipeline.cc:432] Global bundle adjustment
[2026-06-21 12:19:26,092][src.colmap_mapper][INFO] - I20260621 12:19:26.092231 0x1fde420c0 incremental_pipeline.cc:537] Registering image #3 (num_reg_frames=2)
[2026-06-21 12:19:26,092][src.colmap_mapper][INFO] - I20260621 12:19:26.092237 0x1fde420c0 incremental_pipeline.cc:540] => Image sees 153 / 2020 points
[2026-06-21 12:19:26,134][src.colmap_mapper][INFO] - I20260621 12:19:26.133999 0x1fde420c0 incremental_pipeline.cc:79] Retriangulation and Global bundle adjustment
[2026-06-21 12:19:26,148][src.colmap_mapper][INFO] - I20260621 12:19:26.148531 0x1fde420c0 incremental_pipeline.cc:537] Registering image #6 (num_reg_frames=3)
[2026-06-21 12:19:26,148][src.colmap_mapper][INFO] - I20260621 12:19:26.148536 0x1fde420c0 incremental_pipeline.cc:540] => Image sees 534 / 2233 points
[2026-06-21 12:19:26,199][src.colmap_mapper][INFO] - I20260621 12:19:26.199299 0x1fde420c0 incremental_pipeline.cc:79] Retriangulation and Global bundle adjustment
[2026-06-21 12:19:26,223][src.colmap_mapper][INFO] - I20260621 12:19:26.223847 0x1fde420c0 incremental_pipeline.cc:537] Registering image #5 (num_reg_frames=4)
[2026-06-21 12:19:26,223][src.colmap_mapper][INFO] - I20260621 12:19:26.223852 0x1fde420c0 incremental_pipeline.cc:540] => Image sees 1114 / 2586 points
[2026-06-21 12:19:26,286][src.colmap_mapper][INFO] - I20260621 12:19:26.286666 0x1fde420c0 incremental_pipeline.cc:79] Retriangulation and Global bundle adjustment
[2026-06-21 12:19:26,302][src.colmap_mapper][INFO] - I20260621 12:19:26.301989 0x1fde420c0 incremental_pipeline.cc:537] Registering image #1 (num_reg_frames=5)
[2026-06-21 12:19:26,302][src.colmap_mapper][INFO] - I20260621 12:19:26.301994 0x1fde420c0 incremental_pipeline.cc:540] => Image sees 581 / 1931 points
[2026-06-21 12:19:26,359][src.colmap_mapper][INFO] - I20260621 12:19:26.359214 0x1fde420c0 incremental_pipeline.cc:79] Retriangulation and Global bundle adjustment
[2026-06-21 12:19:26,393][src.colmap_mapper][INFO] - I20260621 12:19:26.393697 0x1fde420c0 incremental_pipeline.cc:537] Registering image #7 (num_reg_frames=6)
[2026-06-21 12:19:26,393][src.colmap_mapper][INFO] - I20260621 12:19:26.393703 0x1fde420c0 incremental_pipeline.cc:540] => Image sees 453 / 1755 points
[2026-06-21 12:19:26,432][src.colmap_mapper][INFO] - I20260621 12:19:26.432417 0x1fde420c0 incremental_pipeline.cc:79] Retriangulation and Global bundle adjustment
[2026-06-21 12:19:26,472][src.colmap_mapper][INFO] - I20260621 12:19:26.472291 0x1fde420c0 incremental_pipeline.cc:537] Registering image #8 (num_reg_frames=7)
[2026-06-21 12:19:26,472][src.colmap_mapper][INFO] - I20260621 12:19:26.472300 0x1fde420c0 incremental_pipeline.cc:540] => Image sees 502 / 1452 points
[2026-06-21 12:19:26,509][src.colmap_mapper][INFO] - I20260621 12:19:26.509921 0x1fde420c0 incremental_pipeline.cc:79] Retriangulation and Global bundle adjustment
[2026-06-21 12:19:26,549][src.colmap_mapper][INFO] - I20260621 12:19:26.549137 0x1fde420c0 incremental_pipeline.cc:79] Retriangulation and Global bundle adjustment
[2026-06-21 12:19:26,558][src.colmap_mapper][INFO] - I20260621 12:19:26.558055 0x1fde420c0 incremental_pipeline.cc:723] Keeping successful reconstruction
[2026-06-21 12:19:26,559][src.colmap_mapper][INFO] - I20260621 12:19:26.559819 0x1fde420c0 timer.cc:90] Elapsed time: 0.008 [minutes]
[2026-06-21 12:19:26,563][src.colmap_mapper][INFO] - Sparse reconstruction completed successfully
[2026-06-21 12:19:26,563][__main__][INFO] - ✓ Sparse reconstruction completed
[2026-06-21 12:19:26,563][__main__][INFO] - ============================================================
[2026-06-21 12:19:26,563][__main__][INFO] - STEP 5: Image Undistortion
[2026-06-21 12:19:26,563][__main__][INFO] - ============================================================
[2026-06-21 12:19:26,564][src.colmap_undistorter][INFO] - Undistorting images
[2026-06-21 12:19:26,564][src.colmap_undistorter][INFO] - Input model: /Users/bc/brendanchambers/2026-06-18-iphone-video-to-splat/data/intermediates/teensy/sparse/0
[2026-06-21 12:19:26,564][src.colmap_undistorter][INFO] - Images: /Users/bc/brendanchambers/2026-06-18-iphone-video-to-splat/data/intermediates/teensy/images
[2026-06-21 12:19:26,564][src.colmap_undistorter][INFO] - Output: /Users/bc/brendanchambers/2026-06-18-iphone-video-to-splat/data/intermediates/teensy_distortion_corrected
[2026-06-21 12:19:26,564][src.colmap_undistorter][INFO] - Running: colmap image_undistorter
[2026-06-21 12:19:26,608][src.colmap_undistorter][INFO] - I20260621 12:19:26.608081 0x1fde420c0 image.cc:368] === Reading reconstruction ===
[2026-06-21 12:19:26,610][src.colmap_undistorter][INFO] - I20260621 12:19:26.610132 0x1fde420c0 image.cc:371] => Reconstruction with 8 images and 2328 points
[2026-06-21 12:19:26,610][src.colmap_undistorter][INFO] - I20260621 12:19:26.610143 0x1fde420c0 undistorters.cc:166] === Image undistortion ===
[2026-06-21 12:19:26,610][src.colmap_undistorter][INFO] - I20260621 12:19:26.610299 0x1fde420c0 undistorters.cc:205] Undistorting image [1/8]
[2026-06-21 12:19:27,204][src.colmap_undistorter][INFO] - I20260621 12:19:27.204260 0x1fde420c0 undistorters.cc:205] Undistorting image [2/8]
[2026-06-21 12:19:27,210][src.colmap_undistorter][INFO] - I20260621 12:19:27.210073 0x1fde420c0 undistorters.cc:205] Undistorting image [3/8]
[2026-06-21 12:19:27,210][src.colmap_undistorter][INFO] - I20260621 12:19:27.210081 0x1fde420c0 undistorters.cc:205] Undistorting image [4/8]
[2026-06-21 12:19:27,218][src.colmap_undistorter][INFO] - I20260621 12:19:27.218295 0x1fde420c0 undistorters.cc:205] Undistorting image [5/8]
[2026-06-21 12:19:27,218][src.colmap_undistorter][INFO] - I20260621 12:19:27.218300 0x1fde420c0 undistorters.cc:205] Undistorting image [6/8]
[2026-06-21 12:19:27,218][src.colmap_undistorter][INFO] - I20260621 12:19:27.218303 0x1fde420c0 undistorters.cc:205] Undistorting image [7/8]
[2026-06-21 12:19:27,218][src.colmap_undistorter][INFO] - I20260621 12:19:27.218304 0x1fde420c0 undistorters.cc:205] Undistorting image [8/8]
[2026-06-21 12:19:27,218][src.colmap_undistorter][INFO] - I20260621 12:19:27.218306 0x1fde420c0 undistorters.cc:213] Writing reconstruction...
[2026-06-21 12:19:27,222][src.colmap_undistorter][INFO] - I20260621 12:19:27.222462 0x1fde420c0 undistorters.cc:218] Writing configuration...
[2026-06-21 12:19:27,222][src.colmap_undistorter][INFO] - I20260621 12:19:27.222581 0x1fde420c0 undistorters.cc:222] Writing scripts...
[2026-06-21 12:19:27,222][src.colmap_undistorter][INFO] - I20260621 12:19:27.222675 0x1fde420c0 timer.cc:90] Elapsed time: 0.010 [minutes]
[2026-06-21 12:19:27,226][src.colmap_undistorter][INFO] - Image undistortion completed successfully
[2026-06-21 12:19:27,226][__main__][INFO] - ✓ Image undistortion completed
[2026-06-21 12:19:27,226][__main__][INFO] - ============================================================
[2026-06-21 12:19:27,226][__main__][INFO] - STEP 6: OpenSplat Training
[2026-06-21 12:19:27,226][__main__][INFO] - ============================================================
[2026-06-21 12:19:27,228][src.opensplat_trainer][INFO] - Training 3D Gaussian Splat
[2026-06-21 12:19:27,228][src.opensplat_trainer][INFO] - Sparse model: /Users/bc/brendanchambers/2026-06-18-iphone-video-to-splat/data/intermediates/teensy_distortion_corrected/sparse
[2026-06-21 12:19:27,228][src.opensplat_trainer][INFO] - Images: /Users/bc/brendanchambers/2026-06-18-iphone-video-to-splat/data/intermediates/teensy_distortion_corrected/images
[2026-06-21 12:19:27,228][src.opensplat_trainer][INFO] - Output: /Users/bc/brendanchambers/2026-06-18-iphone-video-to-splat/data/intermediates/teensy_distortion_corrected/splats/teensy_20260621_1219.ply
[2026-06-21 12:19:27,228][src.opensplat_trainer][INFO] - Running: opensplat
[2026-06-21 12:19:27,366][src.opensplat_trainer][INFO] - Using MPS
[2026-06-21 12:19:27,367][src.opensplat_trainer][INFO] - Reading 2328 points
[2026-06-21 12:19:27,368][src.opensplat_trainer][INFO] - Loading /Users/bc/brendanchambers/2026-06-18-iphone-video-to-splat/data/intermediates/teensy_distortion_corrected/images/frame_0002.jpg
[2026-06-21 12:19:27,368][src.opensplat_trainer][INFO] - Loading /Users/bc/brendanchambers/2026-06-18-iphone-video-to-splat/data/intermediates/teensy_distortion_corrected/images/frame_0004.jpg
[2026-06-21 12:19:27,368][src.opensplat_trainer][INFO] - Loading /Users/bc/brendanchambers/2026-06-18-iphone-video-to-splat/data/intermediates/teensy_distortion_corrected/images/frame_0001.jpg
[2026-06-21 12:19:27,368][src.opensplat_trainer][INFO] - Loading /Users/bc/brendanchambers/2026-06-18-iphone-video-to-splat/data/intermediates/teensy_distortion_corrected/images/frame_0005.jpg
[2026-06-21 12:19:27,368][src.opensplat_trainer][INFO] - Loading /Users/bc/brendanchambers/2026-06-18-iphone-video-to-splat/data/intermediates/teensy_distortion_corrected/images/frame_0003.jpg
[2026-06-21 12:19:27,368][src.opensplat_trainer][INFO] - Loading Loading /Users/bc/brendanchambers/2026-06-18-iphone-video-to-splat/data/intermediates/teensy_distortion_corrected/images/frame_0007.jpg
[2026-06-21 12:19:27,368][src.opensplat_trainer][INFO] - Loading /Users/bc/brendanchambers/2026-06-18-iphone-video-to-splat/data/intermediates/teensy_distortion_corrected/images/frame_0006.jpg
[2026-06-21 12:19:27,368][src.opensplat_trainer][INFO] - /Users/bc/brendanchambers/2026-06-18-iphone-video-to-splat/data/intermediates/teensy_distortion_corrected/images/frame_0008.jpg
[2026-06-21 12:19:28,154][src.opensplat_trainer][INFO] - init_gsplat_metal_context: loading '/Users/bc/brendanchambers/2026-06-18-iphone-video-to-splat/opensplat/build/default.metallib'
[2026-06-21 12:19:28,154][src.opensplat_trainer][INFO] - init_gsplat_metal_context: loaded '/Users/bc/brendanchambers/2026-06-18-iphone-video-to-splat/opensplat/build/default.metallib', functions: compute_cov2d_bounds_kernel, project_gaussians_backward_kernel, get_tile_bin_edges_kernel, rasterize_backward_kernel, map_gaussian_to_intersects_kernel, nd_rasterize_backward_kernel, project_gaussians_forward_kernel, compute_sh_backward_kernel, compute_sh_forward_kernel, nd_rasterize_forward_kernel
[2026-06-21 12:19:28,154][src.opensplat_trainer][INFO] - init_gsplat_metal_context: load function nd_rasterize_backward_kernel with label: (null)
[2026-06-21 12:19:28,154][src.opensplat_trainer][INFO] - init_gsplat_metal_context: load function nd_rasterize_forward_kernel with label: (null)
[2026-06-21 12:19:28,154][src.opensplat_trainer][INFO] - init_gsplat_metal_context: load function rasterize_backward_kernel with label: (null)
[2026-06-21 12:19:28,154][src.opensplat_trainer][INFO] - init_gsplat_metal_context: load function project_gaussians_forward_kernel with label: (null)
[2026-06-21 12:19:28,154][src.opensplat_trainer][INFO] - init_gsplat_metal_context: load function project_gaussians_backward_kernel with label: (null)
[2026-06-21 12:19:28,154][src.opensplat_trainer][INFO] - init_gsplat_metal_context: load function compute_sh_forward_kernel with label: (null)
[2026-06-21 12:19:28,154][src.opensplat_trainer][INFO] - init_gsplat_metal_context: load function compute_sh_backward_kernel with label: (null)
[2026-06-21 12:19:28,154][src.opensplat_trainer][INFO] - init_gsplat_metal_context: load function compute_cov2d_bounds_kernel with label: (null)
[2026-06-21 12:19:28,154][src.opensplat_trainer][INFO] - init_gsplat_metal_context: load function map_gaussian_to_intersects_kernel with label: (null)
[2026-06-21 12:19:28,154][src.opensplat_trainer][INFO] - init_gsplat_metal_context: load function get_tile_bin_edges_kernel with label: (null)
[2026-06-21 12:19:28,154][src.opensplat_trainer][INFO] - Step 10: 0.331474 (20%)
[2026-06-21 12:19:28,583][src.opensplat_trainer][INFO] - Step 20: 0.314323 (40%)
[2026-06-21 12:19:29,016][src.opensplat_trainer][INFO] - Step 30: 0.280196 (60%)
[2026-06-21 12:19:29,422][src.opensplat_trainer][INFO] - Step 40: 0.296923 (80%)
[2026-06-21 12:19:29,861][src.opensplat_trainer][INFO] - Step 50: 0.301814 (100%)
[2026-06-21 12:19:29,891][src.opensplat_trainer][INFO] - Wrote /Users/bc/brendanchambers/2026-06-18-iphone-video-to-splat/data/intermediates/teensy_distortion_corrected/splats/cameras.json
[2026-06-21 12:19:29,906][src.opensplat_trainer][INFO] - Wrote /Users/bc/brendanchambers/2026-06-18-iphone-video-to-splat/data/intermediates/teensy_distortion_corrected/splats/teensy_20260621_1219.ply
[2026-06-21 12:19:29,939][src.opensplat_trainer][INFO] - /Users/bc/brendanchambers/2026-06-18-iphone-video-to-splat/data/intermediates/teensy_distortion_corrected/images/frame_0001.jpg validation loss: 0.345241
[2026-06-21 12:19:30,007][src.opensplat_trainer][INFO] - Training completed successfully
[2026-06-21 12:19:30,007][src.opensplat_trainer][INFO] - Output saved to: /Users/bc/brendanchambers/2026-06-18-iphone-video-to-splat/data/intermediates/teensy_distortion_corrected/splats/teensy_20260621_1219.ply
[2026-06-21 12:19:30,007][__main__][INFO] - ✓ Splat training completed
[2026-06-21 12:19:30,007][__main__][INFO] - 
[2026-06-21 12:19:30,007][__main__][INFO] - ╔==========================================================╗
[2026-06-21 12:19:30,007][__main__][INFO] - ║                    Pipeline Complete!                    ║
[2026-06-21 12:19:30,007][__main__][INFO] - ╚==========================================================╝
[2026-06-21 12:19:30,007][__main__][INFO] - Output PLY: /Users/bc/brendanchambers/2026-06-18-iphone-video-to-splat/data/intermediates/teensy_distortion_corrected/splats
