[2026-06-21 16:30:24,603][__main__][INFO] - 
[2026-06-21 16:30:24,603][__main__][INFO] - ╔==========================================================╗
[2026-06-21 16:30:24,603][__main__][INFO] - ║          3D Gaussian Splat Training Pipeline              ║
[2026-06-21 16:30:24,603][__main__][INFO] - ╚==========================================================╝
[2026-06-21 16:30:24,603][__main__][INFO] - Experiment: densify_sz0.0025_gr0.0001
[2026-06-21 16:30:24,603][__main__][INFO] - Project dir: /Users/bc/brendanchambers/2026-06-18-iphone-video-to-splat
[2026-06-21 16:30:24,603][__main__][INFO] - 
[2026-06-21 16:30:24,603][src.timing_recorder][INFO] - [TIMING] Starting: frame_extraction
[2026-06-21 16:30:24,603][__main__][INFO] - ============================================================
[2026-06-21 16:30:24,603][__main__][INFO] - STEP 1: Frame Extraction
[2026-06-21 16:30:24,603][__main__][INFO] - ============================================================
[2026-06-21 16:30:24,604][src.frame_extractor][INFO] - Extracting frames from: /Users/bc/brendanchambers/2026-06-18-iphone-video-to-splat/data/incoming/movies/teensy.mov
[2026-06-21 16:30:24,604][src.frame_extractor][INFO] - Output directory: /Users/bc/brendanchambers/2026-06-18-iphone-video-to-splat/data/intermediates/densify_sz0.0025_gr0.0001/colmap_sfm_camera_model/images
[2026-06-21 16:30:24,604][src.frame_extractor][INFO] - Extracting frames at 2 fps
[2026-06-21 16:30:24,604][src.frame_extractor][INFO] - Running command: ffmpeg -i /Users/bc/brendanchambers/2026-06-18-iphone-video-to-splat/data/incoming/movies/teensy.mov -vf fps=2 -q:v 5 /Users/bc/brendanchambers/2026-06-18-iphone-video-to-splat/data/intermediates/densify_sz0.0025_gr0.0001/colmap_sfm_camera_model/images/frame_%04d.jpg
[2026-06-21 16:30:24,623][src.frame_extractor][INFO] - ffmpeg version 8.1.2 Copyright (c) 2000-2026 the FFmpeg developers
[2026-06-21 16:30:24,623][src.frame_extractor][INFO] -   built with Apple clang version 17.0.0 (clang-1700.6.4.2)
[2026-06-21 16:30:24,623][src.frame_extractor][INFO] -   configuration: --prefix=/opt/homebrew/Cellar/ffmpeg/8.1.2 --enable-shared --enable-pthreads --enable-version3 --cc=clang --host-cflags= --host-ldflags= --enable-ffplay --enable-gpl --enable-libsvtav1 --enable-libopus --enable-libx264 --enable-libmp3lame --enable-libdav1d --enable-libvmaf --enable-libvpx --enable-libx265 --enable-openssl --enable-videotoolbox --enable-audiotoolbox --enable-neon
[2026-06-21 16:30:24,623][src.frame_extractor][INFO] -   libavutil      60. 26.102 / 60. 26.102
[2026-06-21 16:30:24,623][src.frame_extractor][INFO] -   libavcodec     62. 28.102 / 62. 28.102
[2026-06-21 16:30:24,623][src.frame_extractor][INFO] -   libavformat    62. 12.102 / 62. 12.102
[2026-06-21 16:30:24,623][src.frame_extractor][INFO] -   libavdevice    62.  3.102 / 62.  3.102
[2026-06-21 16:30:24,623][src.frame_extractor][INFO] -   libavfilter    11. 14.102 / 11. 14.102
[2026-06-21 16:30:24,623][src.frame_extractor][INFO] -   libswscale      9.  5.102 /  9.  5.102
[2026-06-21 16:30:24,623][src.frame_extractor][INFO] -   libswresample   6.  3.102 /  6.  3.102
[2026-06-21 16:30:24,640][src.frame_extractor][INFO] - Input #0, mov,mp4,m4a,3gp,3g2,mj2, from '/Users/bc/brendanchambers/2026-06-18-iphone-video-to-splat/data/incoming/movies/teensy.mov':
[2026-06-21 16:30:24,640][src.frame_extractor][INFO] -   Metadata:
[2026-06-21 16:30:24,640][src.frame_extractor][INFO] -     major_brand     : qt
[2026-06-21 16:30:24,640][src.frame_extractor][INFO] -     minor_version   : 512
[2026-06-21 16:30:24,640][src.frame_extractor][INFO] -     compatible_brands: qt
[2026-06-21 16:30:24,640][src.frame_extractor][INFO] -     encoder         : Lavf62.12.102
[2026-06-21 16:30:24,640][src.frame_extractor][INFO] -   Duration: 00:00:04.01, start: 0.000000, bitrate: 19786 kb/s
[2026-06-21 16:30:24,640][src.frame_extractor][INFO] -   Stream #0:0[0x1]: Video: h264 (High) (avc1 / 0x31637661), yuv420p(tv, bt709, progressive), 1080x1920, 19646 kb/s, 29.67 fps, 29.67 tbr, 11392 tbn (default)
[2026-06-21 16:30:24,640][src.frame_extractor][INFO] -     Metadata:
[2026-06-21 16:30:24,640][src.frame_extractor][INFO] -       handler_name    : Core Media Video
[2026-06-21 16:30:24,640][src.frame_extractor][INFO] -       vendor_id       : FFMP
[2026-06-21 16:30:24,640][src.frame_extractor][INFO] -       encoder         : Lavc62.28.102 libx264
[2026-06-21 16:30:24,640][src.frame_extractor][INFO] -   Stream #0:1[0x2]: Audio: aac (LC) (mp4a / 0x6134706D), 48000 Hz, stereo, fltp, 128 kb/s (default)
[2026-06-21 16:30:24,640][src.frame_extractor][INFO] -     Metadata:
[2026-06-21 16:30:24,640][src.frame_extractor][INFO] -       handler_name    : Core Media Audio
[2026-06-21 16:30:24,640][src.frame_extractor][INFO] -       vendor_id       : [0][0][0][0]
[2026-06-21 16:30:24,642][src.frame_extractor][INFO] - Stream mapping:
[2026-06-21 16:30:24,642][src.frame_extractor][INFO] -   Stream #0:0 -> #0:0 (h264 (native) -> mjpeg (native))
[2026-06-21 16:30:24,642][src.frame_extractor][INFO] - Press [q] to stop, [?] for help
[2026-06-21 16:30:24,690][src.frame_extractor][INFO] - Output #0, image2, to '/Users/bc/brendanchambers/2026-06-18-iphone-video-to-splat/data/intermediates/densify_sz0.0025_gr0.0001/colmap_sfm_camera_model/images/frame_%04d.jpg':
[2026-06-21 16:30:24,690][src.frame_extractor][INFO] -   Metadata:
[2026-06-21 16:30:24,690][src.frame_extractor][INFO] -     major_brand     : qt
[2026-06-21 16:30:24,690][src.frame_extractor][INFO] -     minor_version   : 512
[2026-06-21 16:30:24,690][src.frame_extractor][INFO] -     compatible_brands: qt
[2026-06-21 16:30:24,690][src.frame_extractor][INFO] -     encoder         : Lavf62.12.102
[2026-06-21 16:30:24,690][src.frame_extractor][INFO] -   Stream #0:0: Video: mjpeg, yuv420p(pc, bt709, progressive), 1080x1920, q=2-31, 200 kb/s, 2 fps, 2 tbn (default)
[2026-06-21 16:30:24,690][src.frame_extractor][INFO] -     Metadata:
[2026-06-21 16:30:24,690][src.frame_extractor][INFO] -       encoder         : Lavc62.28.102 mjpeg
[2026-06-21 16:30:24,690][src.frame_extractor][INFO] -       handler_name    : Core Media Video
[2026-06-21 16:30:24,690][src.frame_extractor][INFO] -       vendor_id       : FFMP
[2026-06-21 16:30:24,691][src.frame_extractor][INFO] -     Side data:
[2026-06-21 16:30:24,691][src.frame_extractor][INFO] -       CPB properties: bitrate max/min/avg: 0/0/200000 buffer size: 0 vbv_delay: N/A
[2026-06-21 16:30:24,830][src.frame_extractor][INFO] - [out#0/image2 @ 0x6000025b43c0] video:3120KiB audio:0KiB subtitle:0KiB other streams:0KiB global headers:0KiB muxing overhead: unknown
[2026-06-21 16:30:24,830][src.frame_extractor][INFO] - frame=    8 fps=0.0 q=5.0 Lsize=N/A time=00:00:04.00 bitrate=N/A speed=21.2x elapsed=0:00:00.18
[2026-06-21 16:30:24,833][src.frame_extractor][INFO] - Successfully extracted 8 frames
[2026-06-21 16:30:24,833][__main__][INFO] - ✓ Frame extraction completed
[2026-06-21 16:30:24,833][src.timing_recorder][INFO] - [TIMING] ✓ Completed: frame_extraction (0.23s)
[2026-06-21 16:30:24,833][src.timing_recorder][INFO] - [TIMING] Starting: feature_extraction
[2026-06-21 16:30:24,833][__main__][INFO] - ============================================================
[2026-06-21 16:30:24,833][__main__][INFO] - STEP 2: Feature Extraction
[2026-06-21 16:30:24,833][__main__][INFO] - ============================================================
[2026-06-21 16:30:24,834][src.colmap_feature_extractor][INFO] - Extracting features from images: /Users/bc/brendanchambers/2026-06-18-iphone-video-to-splat/data/intermediates/densify_sz0.0025_gr0.0001/colmap_sfm_camera_model/images
[2026-06-21 16:30:24,834][src.colmap_feature_extractor][INFO] - Database: /Users/bc/brendanchambers/2026-06-18-iphone-video-to-splat/data/intermediates/densify_sz0.0025_gr0.0001/colmap_sfm_camera_model/database.db
[2026-06-21 16:30:24,835][src.colmap_feature_extractor][INFO] - Running: colmap feature_extractor
[2026-06-21 16:30:25,078][src.colmap_feature_extractor][INFO] - I20260621 16:30:25.077510 0x16d50f000 feature_extraction.cc:504] === Feature extraction ===
[2026-06-21 16:30:25,091][src.colmap_feature_extractor][INFO] - I20260621 16:30:25.091731 0x16db13000 sift.cc:757] Creating SIFT GPU feature extractor
[2026-06-21 16:30:25,238][src.colmap_feature_extractor][INFO] - I20260621 16:30:25.238215 0x16db9f000 feature_extraction.cc:282] Processed file [1/8]
[2026-06-21 16:30:25,238][src.colmap_feature_extractor][INFO] - I20260621 16:30:25.238233 0x16db9f000 feature_extraction.cc:285]   Name:            frame_0001.jpg
[2026-06-21 16:30:25,238][src.colmap_feature_extractor][INFO] - I20260621 16:30:25.238241 0x16db9f000 feature_extraction.cc:294]   Dimensions:      1080 x 1920
[2026-06-21 16:30:25,238][src.colmap_feature_extractor][INFO] - I20260621 16:30:25.238243 0x16db9f000 feature_extraction.cc:297]   Camera:          #1 - RADIAL
[2026-06-21 16:30:25,238][src.colmap_feature_extractor][INFO] - I20260621 16:30:25.238245 0x16db9f000 feature_extraction.cc:300]   Focal Length:    2304.00px
[2026-06-21 16:30:25,238][src.colmap_feature_extractor][INFO] - I20260621 16:30:25.238248 0x16db9f000 feature_extraction.cc:304]   Features:        4449 (SIFT)
[2026-06-21 16:30:25,295][src.colmap_feature_extractor][INFO] - I20260621 16:30:25.295038 0x16db9f000 feature_extraction.cc:282] Processed file [2/8]
[2026-06-21 16:30:25,295][src.colmap_feature_extractor][INFO] - I20260621 16:30:25.295054 0x16db9f000 feature_extraction.cc:285]   Name:            frame_0002.jpg
[2026-06-21 16:30:25,295][src.colmap_feature_extractor][INFO] - I20260621 16:30:25.295057 0x16db9f000 feature_extraction.cc:294]   Dimensions:      1080 x 1920
[2026-06-21 16:30:25,295][src.colmap_feature_extractor][INFO] - I20260621 16:30:25.295059 0x16db9f000 feature_extraction.cc:297]   Camera:          #1 - RADIAL
[2026-06-21 16:30:25,295][src.colmap_feature_extractor][INFO] - I20260621 16:30:25.295061 0x16db9f000 feature_extraction.cc:300]   Focal Length:    2304.00px
[2026-06-21 16:30:25,295][src.colmap_feature_extractor][INFO] - I20260621 16:30:25.295069 0x16db9f000 feature_extraction.cc:304]   Features:        4766 (SIFT)
[2026-06-21 16:30:25,349][src.colmap_feature_extractor][INFO] - I20260621 16:30:25.349744 0x16db9f000 feature_extraction.cc:282] Processed file [3/8]
[2026-06-21 16:30:25,349][src.colmap_feature_extractor][INFO] - I20260621 16:30:25.349762 0x16db9f000 feature_extraction.cc:285]   Name:            frame_0003.jpg
[2026-06-21 16:30:25,349][src.colmap_feature_extractor][INFO] - I20260621 16:30:25.349765 0x16db9f000 feature_extraction.cc:294]   Dimensions:      1080 x 1920
[2026-06-21 16:30:25,349][src.colmap_feature_extractor][INFO] - I20260621 16:30:25.349767 0x16db9f000 feature_extraction.cc:297]   Camera:          #1 - RADIAL
[2026-06-21 16:30:25,349][src.colmap_feature_extractor][INFO] - I20260621 16:30:25.349769 0x16db9f000 feature_extraction.cc:300]   Focal Length:    2304.00px
[2026-06-21 16:30:25,350][src.colmap_feature_extractor][INFO] - I20260621 16:30:25.349772 0x16db9f000 feature_extraction.cc:304]   Features:        5561 (SIFT)
[2026-06-21 16:30:25,405][src.colmap_feature_extractor][INFO] - I20260621 16:30:25.405076 0x16db9f000 feature_extraction.cc:282] Processed file [4/8]
[2026-06-21 16:30:25,405][src.colmap_feature_extractor][INFO] - I20260621 16:30:25.405091 0x16db9f000 feature_extraction.cc:285]   Name:            frame_0004.jpg
[2026-06-21 16:30:25,405][src.colmap_feature_extractor][INFO] - I20260621 16:30:25.405093 0x16db9f000 feature_extraction.cc:294]   Dimensions:      1080 x 1920
[2026-06-21 16:30:25,405][src.colmap_feature_extractor][INFO] - I20260621 16:30:25.405095 0x16db9f000 feature_extraction.cc:297]   Camera:          #1 - RADIAL
[2026-06-21 16:30:25,405][src.colmap_feature_extractor][INFO] - I20260621 16:30:25.405097 0x16db9f000 feature_extraction.cc:300]   Focal Length:    2304.00px
[2026-06-21 16:30:25,405][src.colmap_feature_extractor][INFO] - I20260621 16:30:25.405100 0x16db9f000 feature_extraction.cc:304]   Features:        6351 (SIFT)
[2026-06-21 16:30:25,458][src.colmap_feature_extractor][INFO] - I20260621 16:30:25.458171 0x16db9f000 feature_extraction.cc:282] Processed file [5/8]
[2026-06-21 16:30:25,458][src.colmap_feature_extractor][INFO] - I20260621 16:30:25.458185 0x16db9f000 feature_extraction.cc:285]   Name:            frame_0005.jpg
[2026-06-21 16:30:25,458][src.colmap_feature_extractor][INFO] - I20260621 16:30:25.458187 0x16db9f000 feature_extraction.cc:294]   Dimensions:      1080 x 1920
[2026-06-21 16:30:25,458][src.colmap_feature_extractor][INFO] - I20260621 16:30:25.458189 0x16db9f000 feature_extraction.cc:297]   Camera:          #1 - RADIAL
[2026-06-21 16:30:25,458][src.colmap_feature_extractor][INFO] - I20260621 16:30:25.458191 0x16db9f000 feature_extraction.cc:300]   Focal Length:    2304.00px
[2026-06-21 16:30:25,458][src.colmap_feature_extractor][INFO] - I20260621 16:30:25.458194 0x16db9f000 feature_extraction.cc:304]   Features:        4609 (SIFT)
[2026-06-21 16:30:25,512][src.colmap_feature_extractor][INFO] - I20260621 16:30:25.512021 0x16db9f000 feature_extraction.cc:282] Processed file [6/8]
[2026-06-21 16:30:25,512][src.colmap_feature_extractor][INFO] - I20260621 16:30:25.512041 0x16db9f000 feature_extraction.cc:285]   Name:            frame_0006.jpg
[2026-06-21 16:30:25,512][src.colmap_feature_extractor][INFO] - I20260621 16:30:25.512044 0x16db9f000 feature_extraction.cc:294]   Dimensions:      1080 x 1920
[2026-06-21 16:30:25,512][src.colmap_feature_extractor][INFO] - I20260621 16:30:25.512046 0x16db9f000 feature_extraction.cc:297]   Camera:          #1 - RADIAL
[2026-06-21 16:30:25,512][src.colmap_feature_extractor][INFO] - I20260621 16:30:25.512048 0x16db9f000 feature_extraction.cc:300]   Focal Length:    2304.00px
[2026-06-21 16:30:25,512][src.colmap_feature_extractor][INFO] - I20260621 16:30:25.512051 0x16db9f000 feature_extraction.cc:304]   Features:        4916 (SIFT)
[2026-06-21 16:30:25,566][src.colmap_feature_extractor][INFO] - I20260621 16:30:25.566608 0x16db9f000 feature_extraction.cc:282] Processed file [7/8]
[2026-06-21 16:30:25,566][src.colmap_feature_extractor][INFO] - I20260621 16:30:25.566624 0x16db9f000 feature_extraction.cc:285]   Name:            frame_0007.jpg
[2026-06-21 16:30:25,566][src.colmap_feature_extractor][INFO] - I20260621 16:30:25.566627 0x16db9f000 feature_extraction.cc:294]   Dimensions:      1080 x 1920
[2026-06-21 16:30:25,566][src.colmap_feature_extractor][INFO] - I20260621 16:30:25.566629 0x16db9f000 feature_extraction.cc:297]   Camera:          #1 - RADIAL
[2026-06-21 16:30:25,566][src.colmap_feature_extractor][INFO] - I20260621 16:30:25.566685 0x16db9f000 feature_extraction.cc:300]   Focal Length:    2304.00px
[2026-06-21 16:30:25,566][src.colmap_feature_extractor][INFO] - I20260621 16:30:25.566720 0x16db9f000 feature_extraction.cc:304]   Features:        4134 (SIFT)
[2026-06-21 16:30:25,623][src.colmap_feature_extractor][INFO] - I20260621 16:30:25.623380 0x16db9f000 feature_extraction.cc:282] Processed file [8/8]
[2026-06-21 16:30:25,623][src.colmap_feature_extractor][INFO] - I20260621 16:30:25.623425 0x16db9f000 feature_extraction.cc:285]   Name:            frame_0008.jpg
[2026-06-21 16:30:25,623][src.colmap_feature_extractor][INFO] - I20260621 16:30:25.623428 0x16db9f000 feature_extraction.cc:294]   Dimensions:      1080 x 1920
[2026-06-21 16:30:25,623][src.colmap_feature_extractor][INFO] - I20260621 16:30:25.623430 0x16db9f000 feature_extraction.cc:297]   Camera:          #1 - RADIAL
[2026-06-21 16:30:25,623][src.colmap_feature_extractor][INFO] - I20260621 16:30:25.623432 0x16db9f000 feature_extraction.cc:300]   Focal Length:    2304.00px
[2026-06-21 16:30:25,623][src.colmap_feature_extractor][INFO] - I20260621 16:30:25.623435 0x16db9f000 feature_extraction.cc:304]   Features:        6773 (SIFT)
[2026-06-21 16:30:25,627][src.colmap_feature_extractor][INFO] - I20260621 16:30:25.627088 0x16d50f000 timer.cc:90] Elapsed time: 0.009 [minutes]
[2026-06-21 16:30:25,646][src.colmap_feature_extractor][INFO] - Feature extraction completed successfully
[2026-06-21 16:30:25,646][__main__][INFO] - ✓ Feature extraction completed
[2026-06-21 16:30:25,646][src.timing_recorder][INFO] - [TIMING] ✓ Completed: feature_extraction (0.81s)
[2026-06-21 16:30:25,646][src.timing_recorder][INFO] - [TIMING] Starting: feature_matching
[2026-06-21 16:30:25,646][__main__][INFO] - ============================================================
[2026-06-21 16:30:25,646][__main__][INFO] - STEP 3: Feature Matching
[2026-06-21 16:30:25,646][__main__][INFO] - ============================================================
[2026-06-21 16:30:25,648][src.colmap_feature_matcher][INFO] - Matching features in database: /Users/bc/brendanchambers/2026-06-18-iphone-video-to-splat/data/intermediates/densify_sz0.0025_gr0.0001/colmap_sfm_camera_model/database.db
[2026-06-21 16:30:25,648][src.colmap_feature_matcher][INFO] - Running: colmap sequential_matcher
[2026-06-21 16:30:25,805][src.colmap_feature_matcher][INFO] - I20260621 16:30:25.804842 0x16d77b000 feature_matching.cc:195] === Feature matching & geometric verification ===
[2026-06-21 16:30:25,821][src.colmap_feature_matcher][INFO] - I20260621 16:30:25.821561 0x16d807000 sift.cc:1559] Creating SIFT GPU feature matcher
[2026-06-21 16:30:25,844][src.colmap_feature_matcher][INFO] - I20260621 16:30:25.844358 0x16d77b000 pairing.cc:415] Generating sequential image pairs...
[2026-06-21 16:30:25,844][src.colmap_feature_matcher][INFO] - I20260621 16:30:25.844451 0x16d77b000 pairing.cc:473] Processing image [1/8]
[2026-06-21 16:30:25,917][src.colmap_feature_matcher][INFO] - I20260621 16:30:25.917481 0x16d77b000 feature_matching.cc:217] in 0.073s
[2026-06-21 16:30:25,917][src.colmap_feature_matcher][INFO] - I20260621 16:30:25.917492 0x16d77b000 pairing.cc:473] Processing image [2/8]
[2026-06-21 16:30:25,976][src.colmap_feature_matcher][INFO] - I20260621 16:30:25.976632 0x16d77b000 feature_matching.cc:217] in 0.059s
[2026-06-21 16:30:25,976][src.colmap_feature_matcher][INFO] - I20260621 16:30:25.976641 0x16d77b000 pairing.cc:473] Processing image [3/8]
[2026-06-21 16:30:26,038][src.colmap_feature_matcher][INFO] - I20260621 16:30:26.038214 0x16d77b000 feature_matching.cc:217] in 0.062s
[2026-06-21 16:30:26,038][src.colmap_feature_matcher][INFO] - I20260621 16:30:26.038223 0x16d77b000 pairing.cc:473] Processing image [4/8]
[2026-06-21 16:30:26,111][src.colmap_feature_matcher][INFO] - I20260621 16:30:26.111905 0x16d77b000 feature_matching.cc:217] in 0.074s
[2026-06-21 16:30:26,111][src.colmap_feature_matcher][INFO] - I20260621 16:30:26.111911 0x16d77b000 pairing.cc:473] Processing image [5/8]
[2026-06-21 16:30:26,143][src.colmap_feature_matcher][INFO] - I20260621 16:30:26.143457 0x16d77b000 feature_matching.cc:217] in 0.032s
[2026-06-21 16:30:26,143][src.colmap_feature_matcher][INFO] - I20260621 16:30:26.143461 0x16d77b000 pairing.cc:473] Processing image [6/8]
[2026-06-21 16:30:26,184][src.colmap_feature_matcher][INFO] - I20260621 16:30:26.184032 0x16d77b000 feature_matching.cc:217] in 0.041s
[2026-06-21 16:30:26,184][src.colmap_feature_matcher][INFO] - I20260621 16:30:26.184037 0x16d77b000 pairing.cc:473] Processing image [7/8]
[2026-06-21 16:30:26,206][src.colmap_feature_matcher][INFO] - I20260621 16:30:26.206775 0x16d77b000 feature_matching.cc:217] in 0.023s
[2026-06-21 16:30:26,206][src.colmap_feature_matcher][INFO] - I20260621 16:30:26.206778 0x16d77b000 pairing.cc:473] Processing image [8/8]
[2026-06-21 16:30:26,206][src.colmap_feature_matcher][INFO] - I20260621 16:30:26.206780 0x16d77b000 feature_matching.cc:217] in 0.000s
[2026-06-21 16:30:26,206][src.colmap_feature_matcher][INFO] - I20260621 16:30:26.206782 0x16d77b000 timer.cc:90] Elapsed time: 0.007 [minutes]
[2026-06-21 16:30:26,213][src.colmap_feature_matcher][INFO] - Feature matching completed successfully
[2026-06-21 16:30:26,213][__main__][INFO] - ✓ Feature matching completed
[2026-06-21 16:30:26,214][src.timing_recorder][INFO] - [TIMING] ✓ Completed: feature_matching (0.57s)
[2026-06-21 16:30:26,214][src.timing_recorder][INFO] - [TIMING] Starting: sparse_reconstruction
[2026-06-21 16:30:26,214][__main__][INFO] - ============================================================
[2026-06-21 16:30:26,214][__main__][INFO] - STEP 4: Sparse Reconstruction
[2026-06-21 16:30:26,214][__main__][INFO] - ============================================================
[2026-06-21 16:30:26,215][src.colmap_mapper][INFO] - Performing sparse reconstruction
[2026-06-21 16:30:26,215][src.colmap_mapper][INFO] - Database: /Users/bc/brendanchambers/2026-06-18-iphone-video-to-splat/data/intermediates/densify_sz0.0025_gr0.0001/colmap_sfm_camera_model/database.db
[2026-06-21 16:30:26,215][src.colmap_mapper][INFO] - Images: /Users/bc/brendanchambers/2026-06-18-iphone-video-to-splat/data/intermediates/densify_sz0.0025_gr0.0001/colmap_sfm_camera_model/images
[2026-06-21 16:30:26,215][src.colmap_mapper][INFO] - Output: /Users/bc/brendanchambers/2026-06-18-iphone-video-to-splat/data/intermediates/densify_sz0.0025_gr0.0001/colmap_sfm_camera_model/sparse
[2026-06-21 16:30:26,215][src.colmap_mapper][INFO] - Running: colmap mapper
[2026-06-21 16:30:26,265][src.colmap_mapper][INFO] - I20260621 16:30:26.264407 0x1fde420c0 incremental_pipeline.cc:278] Loading database
[2026-06-21 16:30:26,265][src.colmap_mapper][INFO] - I20260621 16:30:26.264967 0x1fde420c0 database_cache.cc:72] Loading rigs...
[2026-06-21 16:30:26,265][src.colmap_mapper][INFO] - I20260621 16:30:26.264990 0x1fde420c0 database_cache.cc:82]  1 in 0.000s
[2026-06-21 16:30:26,265][src.colmap_mapper][INFO] - I20260621 16:30:26.264994 0x1fde420c0 database_cache.cc:90] Loading cameras...
[2026-06-21 16:30:26,265][src.colmap_mapper][INFO] - I20260621 16:30:26.265006 0x1fde420c0 database_cache.cc:108]  1 in 0.000s
[2026-06-21 16:30:26,265][src.colmap_mapper][INFO] - I20260621 16:30:26.265008 0x1fde420c0 database_cache.cc:116] Loading frames...
[2026-06-21 16:30:26,265][src.colmap_mapper][INFO] - I20260621 16:30:26.265027 0x1fde420c0 database_cache.cc:126]  8 in 0.000s
[2026-06-21 16:30:26,265][src.colmap_mapper][INFO] - I20260621 16:30:26.265029 0x1fde420c0 database_cache.cc:134] Loading matches...
[2026-06-21 16:30:26,265][src.colmap_mapper][INFO] - I20260621 16:30:26.265099 0x1fde420c0 database_cache.cc:139]  17 in 0.000s
[2026-06-21 16:30:26,265][src.colmap_mapper][INFO] - I20260621 16:30:26.265101 0x1fde420c0 database_cache.cc:147] Loading images...
[2026-06-21 16:30:26,265][src.colmap_mapper][INFO] - I20260621 16:30:26.265660 0x1fde420c0 database_cache.cc:241]  8 in 0.001s (connected 8, loaded 8)
[2026-06-21 16:30:26,265][src.colmap_mapper][INFO] - I20260621 16:30:26.265663 0x1fde420c0 database_cache.cc:255] Loading pose priors...
[2026-06-21 16:30:26,265][src.colmap_mapper][INFO] - I20260621 16:30:26.265670 0x1fde420c0 database_cache.cc:263]  0 in 0.000s
[2026-06-21 16:30:26,265][src.colmap_mapper][INFO] - I20260621 16:30:26.265671 0x1fde420c0 database_cache.cc:271] Building correspondence graph...
[2026-06-21 16:30:26,266][src.colmap_mapper][INFO] - I20260621 16:30:26.266467 0x1fde420c0 database_cache.cc:300]  in 0.001s (ignored 0)
[2026-06-21 16:30:26,266][src.colmap_mapper][INFO] - I20260621 16:30:26.266470 0x1fde420c0 timer.cc:90] Elapsed time: 0.000 [minutes]
[2026-06-21 16:30:26,266][src.colmap_mapper][INFO] - I20260621 16:30:26.266959 0x1fde420c0 incremental_pipeline.cc:390] Finding good initial image pair
[2026-06-21 16:30:26,278][src.colmap_mapper][INFO] - I20260621 16:30:26.278215 0x1fde420c0 incremental_pipeline.cc:414] Registering initial image pair #4 and #2
[2026-06-21 16:30:26,279][src.colmap_mapper][INFO] - I20260621 16:30:26.279244 0x1fde420c0 incremental_pipeline.cc:432] Global bundle adjustment
[2026-06-21 16:30:26,306][src.colmap_mapper][INFO] - I20260621 16:30:26.306856 0x1fde420c0 incremental_pipeline.cc:537] Registering image #3 (num_reg_frames=2)
[2026-06-21 16:30:26,306][src.colmap_mapper][INFO] - I20260621 16:30:26.306862 0x1fde420c0 incremental_pipeline.cc:540] => Image sees 168 / 1892 points
[2026-06-21 16:30:26,355][src.colmap_mapper][INFO] - I20260621 16:30:26.355806 0x1fde420c0 incremental_pipeline.cc:79] Retriangulation and Global bundle adjustment
[2026-06-21 16:30:26,374][src.colmap_mapper][INFO] - I20260621 16:30:26.374739 0x1fde420c0 incremental_pipeline.cc:537] Registering image #6 (num_reg_frames=3)
[2026-06-21 16:30:26,374][src.colmap_mapper][INFO] - I20260621 16:30:26.374746 0x1fde420c0 incremental_pipeline.cc:540] => Image sees 499 / 2128 points
[2026-06-21 16:30:26,431][src.colmap_mapper][INFO] - I20260621 16:30:26.431854 0x1fde420c0 incremental_pipeline.cc:79] Retriangulation and Global bundle adjustment
[2026-06-21 16:30:26,454][src.colmap_mapper][INFO] - I20260621 16:30:26.454073 0x1fde420c0 incremental_pipeline.cc:537] Registering image #5 (num_reg_frames=4)
[2026-06-21 16:30:26,454][src.colmap_mapper][INFO] - I20260621 16:30:26.454079 0x1fde420c0 incremental_pipeline.cc:540] => Image sees 1052 / 2461 points
[2026-06-21 16:30:26,502][src.colmap_mapper][INFO] - I20260621 16:30:26.502286 0x1fde420c0 incremental_pipeline.cc:79] Retriangulation and Global bundle adjustment
[2026-06-21 16:30:26,518][src.colmap_mapper][INFO] - I20260621 16:30:26.518784 0x1fde420c0 incremental_pipeline.cc:537] Registering image #1 (num_reg_frames=5)
[2026-06-21 16:30:26,518][src.colmap_mapper][INFO] - I20260621 16:30:26.518788 0x1fde420c0 incremental_pipeline.cc:540] => Image sees 536 / 1825 points
[2026-06-21 16:30:26,571][src.colmap_mapper][INFO] - I20260621 16:30:26.571194 0x1fde420c0 incremental_pipeline.cc:79] Retriangulation and Global bundle adjustment
[2026-06-21 16:30:26,597][src.colmap_mapper][INFO] - I20260621 16:30:26.597350 0x1fde420c0 incremental_pipeline.cc:537] Registering image #7 (num_reg_frames=6)
[2026-06-21 16:30:26,597][src.colmap_mapper][INFO] - I20260621 16:30:26.597359 0x1fde420c0 incremental_pipeline.cc:540] => Image sees 436 / 1676 points
[2026-06-21 16:30:26,634][src.colmap_mapper][INFO] - I20260621 16:30:26.634474 0x1fde420c0 incremental_pipeline.cc:79] Retriangulation and Global bundle adjustment
[2026-06-21 16:30:26,671][src.colmap_mapper][INFO] - I20260621 16:30:26.671123 0x1fde420c0 incremental_pipeline.cc:537] Registering image #8 (num_reg_frames=7)
[2026-06-21 16:30:26,671][src.colmap_mapper][INFO] - I20260621 16:30:26.671130 0x1fde420c0 incremental_pipeline.cc:540] => Image sees 481 / 1376 points
[2026-06-21 16:30:26,705][src.colmap_mapper][INFO] - I20260621 16:30:26.705075 0x1fde420c0 incremental_pipeline.cc:79] Retriangulation and Global bundle adjustment
[2026-06-21 16:30:26,744][src.colmap_mapper][INFO] - I20260621 16:30:26.744430 0x1fde420c0 incremental_pipeline.cc:79] Retriangulation and Global bundle adjustment
[2026-06-21 16:30:26,753][src.colmap_mapper][INFO] - I20260621 16:30:26.753373 0x1fde420c0 incremental_pipeline.cc:723] Keeping successful reconstruction
[2026-06-21 16:30:26,755][src.colmap_mapper][INFO] - I20260621 16:30:26.755606 0x1fde420c0 timer.cc:90] Elapsed time: 0.008 [minutes]
[2026-06-21 16:30:26,758][src.colmap_mapper][INFO] - Sparse reconstruction completed successfully
[2026-06-21 16:30:26,758][__main__][INFO] - ✓ Sparse reconstruction completed
[2026-06-21 16:30:26,758][src.timing_recorder][INFO] - [TIMING] ✓ Completed: sparse_reconstruction (0.54s)
[2026-06-21 16:30:26,758][src.timing_recorder][INFO] - [TIMING] Starting: undistortion
[2026-06-21 16:30:26,758][__main__][INFO] - ============================================================
[2026-06-21 16:30:26,758][__main__][INFO] - STEP 5: Image Undistortion
[2026-06-21 16:30:26,758][__main__][INFO] - ============================================================
[2026-06-21 16:30:26,760][src.colmap_undistorter][INFO] - Undistorting images
[2026-06-21 16:30:26,760][src.colmap_undistorter][INFO] - Input model: /Users/bc/brendanchambers/2026-06-18-iphone-video-to-splat/data/intermediates/densify_sz0.0025_gr0.0001/colmap_sfm_camera_model/sparse/0
[2026-06-21 16:30:26,760][src.colmap_undistorter][INFO] - Images: /Users/bc/brendanchambers/2026-06-18-iphone-video-to-splat/data/intermediates/densify_sz0.0025_gr0.0001/colmap_sfm_camera_model/images
[2026-06-21 16:30:26,760][src.colmap_undistorter][INFO] - Output: /Users/bc/brendanchambers/2026-06-18-iphone-video-to-splat/data/intermediates/densify_sz0.0025_gr0.0001/colmap_sfm_linearized
[2026-06-21 16:30:26,760][src.colmap_undistorter][INFO] - Running: colmap image_undistorter
[2026-06-21 16:30:26,807][src.colmap_undistorter][INFO] - I20260621 16:30:26.806839 0x1fde420c0 image.cc:368] === Reading reconstruction ===
[2026-06-21 16:30:26,808][src.colmap_undistorter][INFO] - I20260621 16:30:26.808787 0x1fde420c0 image.cc:371] => Reconstruction with 8 images and 2190 points
[2026-06-21 16:30:26,808][src.colmap_undistorter][INFO] - I20260621 16:30:26.808804 0x1fde420c0 undistorters.cc:166] === Image undistortion ===
[2026-06-21 16:30:26,809][src.colmap_undistorter][INFO] - I20260621 16:30:26.809060 0x1fde420c0 undistorters.cc:205] Undistorting image [1/8]
[2026-06-21 16:30:27,429][src.colmap_undistorter][INFO] - I20260621 16:30:27.429038 0x1fde420c0 undistorters.cc:205] Undistorting image [2/8]
[2026-06-21 16:30:27,429][src.colmap_undistorter][INFO] - I20260621 16:30:27.429052 0x1fde420c0 undistorters.cc:205] Undistorting image [3/8]
[2026-06-21 16:30:27,429][src.colmap_undistorter][INFO] - I20260621 16:30:27.429055 0x1fde420c0 undistorters.cc:205] Undistorting image [4/8]
[2026-06-21 16:30:27,429][src.colmap_undistorter][INFO] - I20260621 16:30:27.429056 0x1fde420c0 undistorters.cc:205] Undistorting image [5/8]
[2026-06-21 16:30:27,434][src.colmap_undistorter][INFO] - I20260621 16:30:27.434918 0x1fde420c0 undistorters.cc:205] Undistorting image [6/8]
[2026-06-21 16:30:27,434][src.colmap_undistorter][INFO] - I20260621 16:30:27.434926 0x1fde420c0 undistorters.cc:205] Undistorting image [7/8]
[2026-06-21 16:30:27,434][src.colmap_undistorter][INFO] - I20260621 16:30:27.434928 0x1fde420c0 undistorters.cc:205] Undistorting image [8/8]
[2026-06-21 16:30:27,435][src.colmap_undistorter][INFO] - I20260621 16:30:27.434929 0x1fde420c0 undistorters.cc:213] Writing reconstruction...
[2026-06-21 16:30:27,439][src.colmap_undistorter][INFO] - I20260621 16:30:27.439625 0x1fde420c0 undistorters.cc:218] Writing configuration...
[2026-06-21 16:30:27,439][src.colmap_undistorter][INFO] - I20260621 16:30:27.439730 0x1fde420c0 undistorters.cc:222] Writing scripts...
[2026-06-21 16:30:27,439][src.colmap_undistorter][INFO] - I20260621 16:30:27.439824 0x1fde420c0 timer.cc:90] Elapsed time: 0.011 [minutes]
[2026-06-21 16:30:27,443][src.colmap_undistorter][INFO] - Image undistortion completed successfully
[2026-06-21 16:30:27,443][__main__][INFO] - ✓ Image undistortion completed
[2026-06-21 16:30:27,443][src.timing_recorder][INFO] - [TIMING] ✓ Completed: undistortion (0.68s)
[2026-06-21 16:30:27,443][src.timing_recorder][INFO] - [TIMING] Starting: splat_training
[2026-06-21 16:30:27,443][__main__][INFO] - ============================================================
[2026-06-21 16:30:27,443][__main__][INFO] - STEP 6: OpenSplat Training
[2026-06-21 16:30:27,443][__main__][INFO] - ============================================================
[2026-06-21 16:30:27,445][src.opensplat_trainer][INFO] - Training 3D Gaussian Splat
[2026-06-21 16:30:27,445][src.opensplat_trainer][INFO] - Sparse model: /Users/bc/brendanchambers/2026-06-18-iphone-video-to-splat/data/intermediates/densify_sz0.0025_gr0.0001/colmap_sfm_linearized/sparse
[2026-06-21 16:30:27,445][src.opensplat_trainer][INFO] - Images: /Users/bc/brendanchambers/2026-06-18-iphone-video-to-splat/data/intermediates/densify_sz0.0025_gr0.0001/colmap_sfm_linearized/images
[2026-06-21 16:30:27,445][src.opensplat_trainer][INFO] - Output PLY: /Users/bc/brendanchambers/2026-06-18-iphone-video-to-splat/data/intermediates/densify_sz0.0025_gr0.0001/colmap_sfm_linearized/splats/densify_sz0.0025_gr0.0001_20260621_1630.ply
[2026-06-21 16:30:27,445][src.opensplat_trainer][INFO] - Training loss log: /Users/bc/brendanchambers/2026-06-18-iphone-video-to-splat/data/intermediates/densify_sz0.0025_gr0.0001/colmap_sfm_linearized/splats/train_20260621_1630.jsonl
[2026-06-21 16:30:27,445][src.opensplat_trainer][INFO] - Validation loss log: /Users/bc/brendanchambers/2026-06-18-iphone-video-to-splat/data/intermediates/densify_sz0.0025_gr0.0001/colmap_sfm_linearized/splats/val_20260621_1630.jsonl
[2026-06-21 16:30:27,445][src.opensplat_trainer][INFO] - Running: opensplat
[2026-06-21 16:30:27,594][src.opensplat_trainer][INFO] - Using MPS
[2026-06-21 16:30:27,596][src.opensplat_trainer][INFO] - Reading 2190 points
[2026-06-21 16:30:27,596][src.opensplat_trainer][INFO] - Loading /Users/bc/brendanchambers/2026-06-18-iphone-video-to-splat/data/intermediates/densify_sz0.0025_gr0.0001/colmap_sfm_linearized/images/frame_0002.jpg
[2026-06-21 16:30:27,597][src.opensplat_trainer][INFO] - Loading /Users/bc/brendanchambers/2026-06-18-iphone-video-to-splat/data/intermediates/densify_sz0.0025_gr0.0001/colmap_sfm_linearized/images/frame_0003.jpg
[2026-06-21 16:30:27,597][src.opensplat_trainer][INFO] - Loading /Users/bc/brendanchambers/2026-06-18-iphone-video-to-splat/data/intermediates/densify_sz0.0025_gr0.0001/colmap_sfm_linearized/images/frame_0001.jpg
[2026-06-21 16:30:27,597][src.opensplat_trainer][INFO] - Loading /Users/bc/brendanchambers/2026-06-18-iphone-video-to-splat/data/intermediates/densify_sz0.0025_gr0.0001/colmap_sfm_linearized/images/frame_0008.jpg
[2026-06-21 16:30:27,597][src.opensplat_trainer][INFO] - Loading /Users/bc/brendanchambers/2026-06-18-iphone-video-to-splat/data/intermediates/densify_sz0.0025_gr0.0001/colmap_sfm_linearized/images/frame_0005.jpg
[2026-06-21 16:30:27,597][src.opensplat_trainer][INFO] - Loading /Users/bc/brendanchambers/2026-06-18-iphone-video-to-splat/data/intermediates/densify_sz0.0025_gr0.0001/colmap_sfm_linearized/images/frame_0004.jpg
[2026-06-21 16:30:27,597][src.opensplat_trainer][INFO] - Loading /Users/bc/brendanchambers/2026-06-18-iphone-video-to-splat/data/intermediates/densify_sz0.0025_gr0.0001/colmap_sfm_linearized/images/frame_0007.jpg
[2026-06-21 16:30:27,597][src.opensplat_trainer][INFO] - Loading /Users/bc/brendanchambers/2026-06-18-iphone-video-to-splat/data/intermediates/densify_sz0.0025_gr0.0001/colmap_sfm_linearized/images/frame_0006.jpg
[2026-06-21 16:30:27,972][src.opensplat_trainer][INFO] - init_gsplat_metal_context: loading '/Users/bc/brendanchambers/2026-06-18-iphone-video-to-splat/opensplat/build/default.metallib'
[2026-06-21 16:30:27,972][src.opensplat_trainer][INFO] - init_gsplat_metal_context: loaded '/Users/bc/brendanchambers/2026-06-18-iphone-video-to-splat/opensplat/build/default.metallib', functions: compute_cov2d_bounds_kernel, project_gaussians_backward_kernel, get_tile_bin_edges_kernel, rasterize_backward_kernel, map_gaussian_to_intersects_kernel, nd_rasterize_backward_kernel, project_gaussians_forward_kernel, compute_sh_backward_kernel, compute_sh_forward_kernel, nd_rasterize_forward_kernel
[2026-06-21 16:30:27,972][src.opensplat_trainer][INFO] - init_gsplat_metal_context: load function nd_rasterize_backward_kernel with label: (null)
[2026-06-21 16:30:27,972][src.opensplat_trainer][INFO] - init_gsplat_metal_context: load function nd_rasterize_forward_kernel with label: (null)
[2026-06-21 16:30:27,972][src.opensplat_trainer][INFO] - init_gsplat_metal_context: load function rasterize_backward_kernel with label: (null)
[2026-06-21 16:30:27,972][src.opensplat_trainer][INFO] - init_gsplat_metal_context: load function project_gaussians_forward_kernel with label: (null)
[2026-06-21 16:30:27,972][src.opensplat_trainer][INFO] - init_gsplat_metal_context: load function project_gaussians_backward_kernel with label: (null)
[2026-06-21 16:30:27,972][src.opensplat_trainer][INFO] - init_gsplat_metal_context: load function compute_sh_forward_kernel with label: (null)
[2026-06-21 16:30:27,972][src.opensplat_trainer][INFO] - init_gsplat_metal_context: load function compute_sh_backward_kernel with label: (null)
[2026-06-21 16:30:27,972][src.opensplat_trainer][INFO] - init_gsplat_metal_context: load function compute_cov2d_bounds_kernel with label: (null)
[2026-06-21 16:30:27,972][src.opensplat_trainer][INFO] - init_gsplat_metal_context: load function map_gaussian_to_intersects_kernel with label: (null)
[2026-06-21 16:30:27,972][src.opensplat_trainer][INFO] - init_gsplat_metal_context: load function get_tile_bin_edges_kernel with label: (null)
[2026-06-21 16:30:27,972][src.opensplat_trainer][INFO] - Step 10: 0.335643 (20%)
[2026-06-21 16:30:28,186][src.opensplat_trainer][INFO] - Step 20: 0.316053 (40%)
[2026-06-21 16:30:28,382][src.opensplat_trainer][INFO] - Step 30: 0.28368 (60%)
[2026-06-21 16:30:28,570][src.opensplat_trainer][INFO] - Step 40: 0.301104 (80%)
[2026-06-21 16:30:28,782][src.opensplat_trainer][INFO] - Step 50: 0.302611 (100%)
[2026-06-21 16:30:28,795][src.opensplat_trainer][INFO] - Wrote /Users/bc/brendanchambers/2026-06-18-iphone-video-to-splat/data/intermediates/densify_sz0.0025_gr0.0001/colmap_sfm_linearized/splats/cameras.json
[2026-06-21 16:30:28,802][src.opensplat_trainer][INFO] - Wrote /Users/bc/brendanchambers/2026-06-18-iphone-video-to-splat/data/intermediates/densify_sz0.0025_gr0.0001/colmap_sfm_linearized/splats/densify_sz0.0025_gr0.0001_20260621_1630.ply
[2026-06-21 16:30:28,815][src.opensplat_trainer][INFO] - /Users/bc/brendanchambers/2026-06-18-iphone-video-to-splat/data/intermediates/densify_sz0.0025_gr0.0001/colmap_sfm_linearized/images/frame_0001.jpg validation loss: 0.344775
[2026-06-21 16:30:28,867][src.opensplat_trainer][INFO] - Parsed 5 training loss values to /Users/bc/brendanchambers/2026-06-18-iphone-video-to-splat/data/intermediates/densify_sz0.0025_gr0.0001/colmap_sfm_linearized/splats/train_20260621_1630.jsonl
[2026-06-21 16:30:28,867][src.opensplat_trainer][INFO] - Captured validation loss: 0.344775 to /Users/bc/brendanchambers/2026-06-18-iphone-video-to-splat/data/intermediates/densify_sz0.0025_gr0.0001/colmap_sfm_linearized/splats/val_20260621_1630.jsonl
[2026-06-21 16:30:28,867][src.opensplat_trainer][INFO] - Training completed successfully
[2026-06-21 16:30:28,867][src.opensplat_trainer][INFO] - Output saved to: /Users/bc/brendanchambers/2026-06-18-iphone-video-to-splat/data/intermediates/densify_sz0.0025_gr0.0001/colmap_sfm_linearized/splats/densify_sz0.0025_gr0.0001_20260621_1630.ply
[2026-06-21 16:30:28,868][__main__][INFO] - ✓ Splat training completed
[2026-06-21 16:30:28,868][__main__][INFO] - ============================================================
[2026-06-21 16:30:28,868][__main__][INFO] - Analyzing Training Loss
[2026-06-21 16:30:28,868][__main__][INFO] - ============================================================
[2026-06-21 16:30:29,183][src.timing_recorder][INFO] - [TIMING] ✓ Completed: splat_training (1.74s)
[2026-06-21 16:30:29,183][__main__][INFO] - 
[2026-06-21 16:30:29,183][__main__][INFO] - ╔==========================================================╗
[2026-06-21 16:30:29,183][__main__][INFO] - ║                    Pipeline Complete!                    ║
[2026-06-21 16:30:29,183][__main__][INFO] - ╚==========================================================╝
[2026-06-21 16:30:29,183][__main__][INFO] - Output directory: /Users/bc/brendanchambers/2026-06-18-iphone-video-to-splat/data/intermediates/densify_sz0.0025_gr0.0001/colmap_sfm_linearized/splats
[2026-06-21 16:30:29,184][__main__][INFO] -   - PLY file: *.ply (3D Gaussian Splat)
[2026-06-21 16:30:29,184][__main__][INFO] -   - Loss log: *.jsonl (Training loss per step)
[2026-06-21 16:30:29,184][__main__][INFO] -   - Timing log: running-time_*.jsonl (Step execution times)
[2026-06-21 16:30:29,184][src.timing_recorder][INFO] - 
[2026-06-21 16:30:29,184][src.timing_recorder][INFO] - ======================================================================
[2026-06-21 16:30:29,184][src.timing_recorder][INFO] - PIPELINE EXECUTION TIMING SUMMARY
[2026-06-21 16:30:29,184][src.timing_recorder][INFO] - ======================================================================
[2026-06-21 16:30:29,184][src.timing_recorder][INFO] - ✓ frame_extraction              0.23s  (  5.0%)
[2026-06-21 16:30:29,184][src.timing_recorder][INFO] - ✓ feature_extraction            0.81s  ( 17.8%)
[2026-06-21 16:30:29,184][src.timing_recorder][INFO] - ✓ feature_matching              0.57s  ( 12.4%)
[2026-06-21 16:30:29,184][src.timing_recorder][INFO] - ✓ sparse_reconstruction         0.54s  ( 11.9%)
[2026-06-21 16:30:29,184][src.timing_recorder][INFO] - ✓ undistortion                  0.68s  ( 15.0%)
[2026-06-21 16:30:29,184][src.timing_recorder][INFO] - ✓ splat_training                1.74s  ( 38.0%)
[2026-06-21 16:30:29,184][src.timing_recorder][INFO] - ----------------------------------------------------------------------
[2026-06-21 16:30:29,184][src.timing_recorder][INFO] - TOTAL                           4.58s  (100.0%)
[2026-06-21 16:30:29,184][src.timing_recorder][INFO] - ======================================================================
[2026-06-21 16:30:29,184][src.timing_recorder][INFO] - 
[2026-06-21 16:30:29,184][src.timing_recorder][INFO] - [TIMING] Saved timing report to: /Users/bc/brendanchambers/2026-06-18-iphone-video-to-splat/data/intermediates/densify_sz0.0025_gr0.0001/colmap_sfm_linearized/splats/running-time_20260621_1630.jsonl
[2026-06-21 16:30:29,185][__main__][INFO] - ============================================================
[2026-06-21 16:30:29,185][__main__][INFO] - Logging Experiment Results
[2026-06-21 16:30:29,185][__main__][INFO] - ============================================================
[2026-06-21 16:30:29,186][src.experiment_tracker][INFO] - Logged experiment to: /Users/bc/brendanchambers/2026-06-18-iphone-video-to-splat/reports/experiments/baseline.jsonl
[2026-06-21 16:30:29,186][__main__][INFO] - Experiment results logged to: /Users/bc/brendanchambers/2026-06-18-iphone-video-to-splat/reports/experiments/baseline.jsonl
[2026-06-21 16:30:29,186][__main__][INFO] -   Experiment: densify_sz0.0025_gr0.0001
[2026-06-21 16:30:29,186][__main__][INFO] -   Group: baseline
[2026-06-21 16:30:29,186][__main__][INFO] -   Train loss: 0.302611
[2026-06-21 16:30:29,186][__main__][INFO] -   Total time: 4.58s (0.08m)
