[2026-06-21 15:52:48,393][__main__][INFO] - 
[2026-06-21 15:52:48,393][__main__][INFO] - ╔==========================================================╗
[2026-06-21 15:52:48,393][__main__][INFO] - ║          3D Gaussian Splat Training Pipeline              ║
[2026-06-21 15:52:48,393][__main__][INFO] - ╚==========================================================╝
[2026-06-21 15:52:48,393][__main__][INFO] - Experiment: densify_sz0.005_gr0.0002
[2026-06-21 15:52:48,393][__main__][INFO] - Project dir: /Users/bc/brendanchambers/2026-06-18-iphone-video-to-splat
[2026-06-21 15:52:48,393][__main__][INFO] - 
[2026-06-21 15:52:48,393][src.timing_recorder][INFO] - [TIMING] Starting: frame_extraction
[2026-06-21 15:52:48,393][__main__][INFO] - ============================================================
[2026-06-21 15:52:48,393][__main__][INFO] - STEP 1: Frame Extraction
[2026-06-21 15:52:48,393][__main__][INFO] - ============================================================
[2026-06-21 15:52:48,394][src.frame_extractor][INFO] - Extracting frames from: /Users/bc/brendanchambers/2026-06-18-iphone-video-to-splat/data/incoming/movies/teensy.mov
[2026-06-21 15:52:48,394][src.frame_extractor][INFO] - Output directory: /Users/bc/brendanchambers/2026-06-18-iphone-video-to-splat/data/intermediates/densify_sz0.005_gr0.0002/colmap_sfm_camera_model/images
[2026-06-21 15:52:48,394][src.frame_extractor][INFO] - Extracting frames at 2 fps
[2026-06-21 15:52:48,394][src.frame_extractor][INFO] - Running command: ffmpeg -i /Users/bc/brendanchambers/2026-06-18-iphone-video-to-splat/data/incoming/movies/teensy.mov -vf fps=2 -q:v 5 /Users/bc/brendanchambers/2026-06-18-iphone-video-to-splat/data/intermediates/densify_sz0.005_gr0.0002/colmap_sfm_camera_model/images/frame_%04d.jpg
[2026-06-21 15:52:48,409][src.frame_extractor][INFO] - ffmpeg version 8.1.2 Copyright (c) 2000-2026 the FFmpeg developers
[2026-06-21 15:52:48,409][src.frame_extractor][INFO] -   built with Apple clang version 17.0.0 (clang-1700.6.4.2)
[2026-06-21 15:52:48,409][src.frame_extractor][INFO] -   configuration: --prefix=/opt/homebrew/Cellar/ffmpeg/8.1.2 --enable-shared --enable-pthreads --enable-version3 --cc=clang --host-cflags= --host-ldflags= --enable-ffplay --enable-gpl --enable-libsvtav1 --enable-libopus --enable-libx264 --enable-libmp3lame --enable-libdav1d --enable-libvmaf --enable-libvpx --enable-libx265 --enable-openssl --enable-videotoolbox --enable-audiotoolbox --enable-neon
[2026-06-21 15:52:48,409][src.frame_extractor][INFO] -   libavutil      60. 26.102 / 60. 26.102
[2026-06-21 15:52:48,409][src.frame_extractor][INFO] -   libavcodec     62. 28.102 / 62. 28.102
[2026-06-21 15:52:48,409][src.frame_extractor][INFO] -   libavformat    62. 12.102 / 62. 12.102
[2026-06-21 15:52:48,409][src.frame_extractor][INFO] -   libavdevice    62.  3.102 / 62.  3.102
[2026-06-21 15:52:48,409][src.frame_extractor][INFO] -   libavfilter    11. 14.102 / 11. 14.102
[2026-06-21 15:52:48,409][src.frame_extractor][INFO] -   libswscale      9.  5.102 /  9.  5.102
[2026-06-21 15:52:48,409][src.frame_extractor][INFO] -   libswresample   6.  3.102 /  6.  3.102
[2026-06-21 15:52:48,424][src.frame_extractor][INFO] - Input #0, mov,mp4,m4a,3gp,3g2,mj2, from '/Users/bc/brendanchambers/2026-06-18-iphone-video-to-splat/data/incoming/movies/teensy.mov':
[2026-06-21 15:52:48,425][src.frame_extractor][INFO] -   Metadata:
[2026-06-21 15:52:48,425][src.frame_extractor][INFO] -     major_brand     : qt
[2026-06-21 15:52:48,425][src.frame_extractor][INFO] -     minor_version   : 512
[2026-06-21 15:52:48,425][src.frame_extractor][INFO] -     compatible_brands: qt
[2026-06-21 15:52:48,425][src.frame_extractor][INFO] -     encoder         : Lavf62.12.102
[2026-06-21 15:52:48,425][src.frame_extractor][INFO] -   Duration: 00:00:04.01, start: 0.000000, bitrate: 19786 kb/s
[2026-06-21 15:52:48,425][src.frame_extractor][INFO] -   Stream #0:0[0x1]: Video: h264 (High) (avc1 / 0x31637661), yuv420p(tv, bt709, progressive), 1080x1920, 19646 kb/s, 29.67 fps, 29.67 tbr, 11392 tbn (default)
[2026-06-21 15:52:48,425][src.frame_extractor][INFO] -     Metadata:
[2026-06-21 15:52:48,425][src.frame_extractor][INFO] -       handler_name    : Core Media Video
[2026-06-21 15:52:48,425][src.frame_extractor][INFO] -       vendor_id       : FFMP
[2026-06-21 15:52:48,425][src.frame_extractor][INFO] -       encoder         : Lavc62.28.102 libx264
[2026-06-21 15:52:48,425][src.frame_extractor][INFO] -   Stream #0:1[0x2]: Audio: aac (LC) (mp4a / 0x6134706D), 48000 Hz, stereo, fltp, 128 kb/s (default)
[2026-06-21 15:52:48,425][src.frame_extractor][INFO] -     Metadata:
[2026-06-21 15:52:48,425][src.frame_extractor][INFO] -       handler_name    : Core Media Audio
[2026-06-21 15:52:48,425][src.frame_extractor][INFO] -       vendor_id       : [0][0][0][0]
[2026-06-21 15:52:48,425][src.frame_extractor][INFO] - Stream mapping:
[2026-06-21 15:52:48,425][src.frame_extractor][INFO] -   Stream #0:0 -> #0:0 (h264 (native) -> mjpeg (native))
[2026-06-21 15:52:48,425][src.frame_extractor][INFO] - Press [q] to stop, [?] for help
[2026-06-21 15:52:48,474][src.frame_extractor][INFO] - Output #0, image2, to '/Users/bc/brendanchambers/2026-06-18-iphone-video-to-splat/data/intermediates/densify_sz0.005_gr0.0002/colmap_sfm_camera_model/images/frame_%04d.jpg':
[2026-06-21 15:52:48,474][src.frame_extractor][INFO] -   Metadata:
[2026-06-21 15:52:48,474][src.frame_extractor][INFO] -     major_brand     : qt
[2026-06-21 15:52:48,474][src.frame_extractor][INFO] -     minor_version   : 512
[2026-06-21 15:52:48,474][src.frame_extractor][INFO] -     compatible_brands: qt
[2026-06-21 15:52:48,474][src.frame_extractor][INFO] -     encoder         : Lavf62.12.102
[2026-06-21 15:52:48,474][src.frame_extractor][INFO] -   Stream #0:0: Video: mjpeg, yuv420p(pc, bt709, progressive), 1080x1920, q=2-31, 200 kb/s, 2 fps, 2 tbn (default)
[2026-06-21 15:52:48,474][src.frame_extractor][INFO] -     Metadata:
[2026-06-21 15:52:48,474][src.frame_extractor][INFO] -       encoder         : Lavc62.28.102 mjpeg
[2026-06-21 15:52:48,474][src.frame_extractor][INFO] -       handler_name    : Core Media Video
[2026-06-21 15:52:48,474][src.frame_extractor][INFO] -       vendor_id       : FFMP
[2026-06-21 15:52:48,474][src.frame_extractor][INFO] -     Side data:
[2026-06-21 15:52:48,474][src.frame_extractor][INFO] -       CPB properties: bitrate max/min/avg: 0/0/200000 buffer size: 0 vbv_delay: N/A
[2026-06-21 15:52:48,621][src.frame_extractor][INFO] - [out#0/image2 @ 0x6000008a86c0] video:3120KiB audio:0KiB subtitle:0KiB other streams:0KiB global headers:0KiB muxing overhead: unknown
[2026-06-21 15:52:48,621][src.frame_extractor][INFO] - frame=    8 fps=0.0 q=5.0 Lsize=N/A time=00:00:04.00 bitrate=N/A speed=20.4x elapsed=0:00:00.19
[2026-06-21 15:52:48,624][src.frame_extractor][INFO] - Successfully extracted 8 frames
[2026-06-21 15:52:48,624][__main__][INFO] - ✓ Frame extraction completed
[2026-06-21 15:52:48,624][src.timing_recorder][INFO] - [TIMING] ✓ Completed: frame_extraction (0.23s)
[2026-06-21 15:52:48,624][src.timing_recorder][INFO] - [TIMING] Starting: feature_extraction
[2026-06-21 15:52:48,624][__main__][INFO] - ============================================================
[2026-06-21 15:52:48,624][__main__][INFO] - STEP 2: Feature Extraction
[2026-06-21 15:52:48,624][__main__][INFO] - ============================================================
[2026-06-21 15:52:48,625][src.colmap_feature_extractor][INFO] - Extracting features from images: /Users/bc/brendanchambers/2026-06-18-iphone-video-to-splat/data/intermediates/densify_sz0.005_gr0.0002/colmap_sfm_camera_model/images
[2026-06-21 15:52:48,625][src.colmap_feature_extractor][INFO] - Database: /Users/bc/brendanchambers/2026-06-18-iphone-video-to-splat/data/intermediates/densify_sz0.005_gr0.0002/colmap_sfm_camera_model/database.db
[2026-06-21 15:52:48,625][src.colmap_feature_extractor][INFO] - Running: colmap feature_extractor
[2026-06-21 15:52:48,797][src.colmap_feature_extractor][INFO] - I20260621 15:52:48.797103 0x16b1bb000 feature_extraction.cc:504] === Feature extraction ===
[2026-06-21 15:52:48,812][src.colmap_feature_extractor][INFO] - I20260621 15:52:48.812109 0x16b7bf000 sift.cc:757] Creating SIFT GPU feature extractor
[2026-06-21 15:52:48,958][src.colmap_feature_extractor][INFO] - I20260621 15:52:48.958178 0x16b84b000 feature_extraction.cc:282] Processed file [1/8]
[2026-06-21 15:52:48,958][src.colmap_feature_extractor][INFO] - I20260621 15:52:48.958195 0x16b84b000 feature_extraction.cc:285]   Name:            frame_0001.jpg
[2026-06-21 15:52:48,958][src.colmap_feature_extractor][INFO] - I20260621 15:52:48.958197 0x16b84b000 feature_extraction.cc:294]   Dimensions:      1080 x 1920
[2026-06-21 15:52:48,958][src.colmap_feature_extractor][INFO] - I20260621 15:52:48.958198 0x16b84b000 feature_extraction.cc:297]   Camera:          #1 - RADIAL
[2026-06-21 15:52:48,958][src.colmap_feature_extractor][INFO] - I20260621 15:52:48.958200 0x16b84b000 feature_extraction.cc:300]   Focal Length:    2304.00px
[2026-06-21 15:52:48,958][src.colmap_feature_extractor][INFO] - I20260621 15:52:48.958203 0x16b84b000 feature_extraction.cc:304]   Features:        4449 (SIFT)
[2026-06-21 15:52:49,013][src.colmap_feature_extractor][INFO] - I20260621 15:52:49.013745 0x16b84b000 feature_extraction.cc:282] Processed file [2/8]
[2026-06-21 15:52:49,013][src.colmap_feature_extractor][INFO] - I20260621 15:52:49.013759 0x16b84b000 feature_extraction.cc:285]   Name:            frame_0002.jpg
[2026-06-21 15:52:49,013][src.colmap_feature_extractor][INFO] - I20260621 15:52:49.013762 0x16b84b000 feature_extraction.cc:294]   Dimensions:      1080 x 1920
[2026-06-21 15:52:49,013][src.colmap_feature_extractor][INFO] - I20260621 15:52:49.013763 0x16b84b000 feature_extraction.cc:297]   Camera:          #1 - RADIAL
[2026-06-21 15:52:49,013][src.colmap_feature_extractor][INFO] - I20260621 15:52:49.013766 0x16b84b000 feature_extraction.cc:300]   Focal Length:    2304.00px
[2026-06-21 15:52:49,013][src.colmap_feature_extractor][INFO] - I20260621 15:52:49.013768 0x16b84b000 feature_extraction.cc:304]   Features:        4766 (SIFT)
[2026-06-21 15:52:49,068][src.colmap_feature_extractor][INFO] - I20260621 15:52:49.068097 0x16b84b000 feature_extraction.cc:282] Processed file [3/8]
[2026-06-21 15:52:49,068][src.colmap_feature_extractor][INFO] - I20260621 15:52:49.068119 0x16b84b000 feature_extraction.cc:285]   Name:            frame_0003.jpg
[2026-06-21 15:52:49,068][src.colmap_feature_extractor][INFO] - I20260621 15:52:49.068130 0x16b84b000 feature_extraction.cc:294]   Dimensions:      1080 x 1920
[2026-06-21 15:52:49,068][src.colmap_feature_extractor][INFO] - I20260621 15:52:49.068135 0x16b84b000 feature_extraction.cc:297]   Camera:          #1 - RADIAL
[2026-06-21 15:52:49,068][src.colmap_feature_extractor][INFO] - I20260621 15:52:49.068137 0x16b84b000 feature_extraction.cc:300]   Focal Length:    2304.00px
[2026-06-21 15:52:49,068][src.colmap_feature_extractor][INFO] - I20260621 15:52:49.068140 0x16b84b000 feature_extraction.cc:304]   Features:        5561 (SIFT)
[2026-06-21 15:52:49,124][src.colmap_feature_extractor][INFO] - I20260621 15:52:49.124022 0x16b84b000 feature_extraction.cc:282] Processed file [4/8]
[2026-06-21 15:52:49,124][src.colmap_feature_extractor][INFO] - I20260621 15:52:49.124038 0x16b84b000 feature_extraction.cc:285]   Name:            frame_0004.jpg
[2026-06-21 15:52:49,124][src.colmap_feature_extractor][INFO] - I20260621 15:52:49.124040 0x16b84b000 feature_extraction.cc:294]   Dimensions:      1080 x 1920
[2026-06-21 15:52:49,124][src.colmap_feature_extractor][INFO] - I20260621 15:52:49.124052 0x16b84b000 feature_extraction.cc:297]   Camera:          #1 - RADIAL
[2026-06-21 15:52:49,124][src.colmap_feature_extractor][INFO] - I20260621 15:52:49.124054 0x16b84b000 feature_extraction.cc:300]   Focal Length:    2304.00px
[2026-06-21 15:52:49,124][src.colmap_feature_extractor][INFO] - I20260621 15:52:49.124058 0x16b84b000 feature_extraction.cc:304]   Features:        6351 (SIFT)
[2026-06-21 15:52:49,176][src.colmap_feature_extractor][INFO] - I20260621 15:52:49.176763 0x16b84b000 feature_extraction.cc:282] Processed file [5/8]
[2026-06-21 15:52:49,176][src.colmap_feature_extractor][INFO] - I20260621 15:52:49.176776 0x16b84b000 feature_extraction.cc:285]   Name:            frame_0005.jpg
[2026-06-21 15:52:49,176][src.colmap_feature_extractor][INFO] - I20260621 15:52:49.176778 0x16b84b000 feature_extraction.cc:294]   Dimensions:      1080 x 1920
[2026-06-21 15:52:49,176][src.colmap_feature_extractor][INFO] - I20260621 15:52:49.176780 0x16b84b000 feature_extraction.cc:297]   Camera:          #1 - RADIAL
[2026-06-21 15:52:49,176][src.colmap_feature_extractor][INFO] - I20260621 15:52:49.176782 0x16b84b000 feature_extraction.cc:300]   Focal Length:    2304.00px
[2026-06-21 15:52:49,177][src.colmap_feature_extractor][INFO] - I20260621 15:52:49.176785 0x16b84b000 feature_extraction.cc:304]   Features:        4609 (SIFT)
[2026-06-21 15:52:49,230][src.colmap_feature_extractor][INFO] - I20260621 15:52:49.230536 0x16b84b000 feature_extraction.cc:282] Processed file [6/8]
[2026-06-21 15:52:49,230][src.colmap_feature_extractor][INFO] - I20260621 15:52:49.230556 0x16b84b000 feature_extraction.cc:285]   Name:            frame_0006.jpg
[2026-06-21 15:52:49,230][src.colmap_feature_extractor][INFO] - I20260621 15:52:49.230588 0x16b84b000 feature_extraction.cc:294]   Dimensions:      1080 x 1920
[2026-06-21 15:52:49,230][src.colmap_feature_extractor][INFO] - I20260621 15:52:49.230618 0x16b84b000 feature_extraction.cc:297]   Camera:          #1 - RADIAL
[2026-06-21 15:52:49,230][src.colmap_feature_extractor][INFO] - I20260621 15:52:49.230623 0x16b84b000 feature_extraction.cc:300]   Focal Length:    2304.00px
[2026-06-21 15:52:49,230][src.colmap_feature_extractor][INFO] - I20260621 15:52:49.230629 0x16b84b000 feature_extraction.cc:304]   Features:        4916 (SIFT)
[2026-06-21 15:52:49,282][src.colmap_feature_extractor][INFO] - I20260621 15:52:49.282892 0x16b84b000 feature_extraction.cc:282] Processed file [7/8]
[2026-06-21 15:52:49,283][src.colmap_feature_extractor][INFO] - I20260621 15:52:49.282910 0x16b84b000 feature_extraction.cc:285]   Name:            frame_0007.jpg
[2026-06-21 15:52:49,283][src.colmap_feature_extractor][INFO] - I20260621 15:52:49.282913 0x16b84b000 feature_extraction.cc:294]   Dimensions:      1080 x 1920
[2026-06-21 15:52:49,283][src.colmap_feature_extractor][INFO] - I20260621 15:52:49.282915 0x16b84b000 feature_extraction.cc:297]   Camera:          #1 - RADIAL
[2026-06-21 15:52:49,283][src.colmap_feature_extractor][INFO] - I20260621 15:52:49.282917 0x16b84b000 feature_extraction.cc:300]   Focal Length:    2304.00px
[2026-06-21 15:52:49,283][src.colmap_feature_extractor][INFO] - I20260621 15:52:49.282920 0x16b84b000 feature_extraction.cc:304]   Features:        4134 (SIFT)
[2026-06-21 15:52:49,337][src.colmap_feature_extractor][INFO] - I20260621 15:52:49.337773 0x16b84b000 feature_extraction.cc:282] Processed file [8/8]
[2026-06-21 15:52:49,337][src.colmap_feature_extractor][INFO] - I20260621 15:52:49.337815 0x16b84b000 feature_extraction.cc:285]   Name:            frame_0008.jpg
[2026-06-21 15:52:49,337][src.colmap_feature_extractor][INFO] - I20260621 15:52:49.337818 0x16b84b000 feature_extraction.cc:294]   Dimensions:      1080 x 1920
[2026-06-21 15:52:49,337][src.colmap_feature_extractor][INFO] - I20260621 15:52:49.337819 0x16b84b000 feature_extraction.cc:297]   Camera:          #1 - RADIAL
[2026-06-21 15:52:49,337][src.colmap_feature_extractor][INFO] - I20260621 15:52:49.337822 0x16b84b000 feature_extraction.cc:300]   Focal Length:    2304.00px
[2026-06-21 15:52:49,337][src.colmap_feature_extractor][INFO] - I20260621 15:52:49.337824 0x16b84b000 feature_extraction.cc:304]   Features:        6773 (SIFT)
[2026-06-21 15:52:49,343][src.colmap_feature_extractor][INFO] - I20260621 15:52:49.343149 0x16b1bb000 timer.cc:90] Elapsed time: 0.009 [minutes]
[2026-06-21 15:52:49,360][src.colmap_feature_extractor][INFO] - Feature extraction completed successfully
[2026-06-21 15:52:49,360][__main__][INFO] - ✓ Feature extraction completed
[2026-06-21 15:52:49,360][src.timing_recorder][INFO] - [TIMING] ✓ Completed: feature_extraction (0.74s)
[2026-06-21 15:52:49,360][src.timing_recorder][INFO] - [TIMING] Starting: feature_matching
[2026-06-21 15:52:49,360][__main__][INFO] - ============================================================
[2026-06-21 15:52:49,360][__main__][INFO] - STEP 3: Feature Matching
[2026-06-21 15:52:49,360][__main__][INFO] - ============================================================
[2026-06-21 15:52:49,361][src.colmap_feature_matcher][INFO] - Matching features in database: /Users/bc/brendanchambers/2026-06-18-iphone-video-to-splat/data/intermediates/densify_sz0.005_gr0.0002/colmap_sfm_camera_model/database.db
[2026-06-21 15:52:49,361][src.colmap_feature_matcher][INFO] - Running: colmap sequential_matcher
[2026-06-21 15:52:49,526][src.colmap_feature_matcher][INFO] - I20260621 15:52:49.526311 0x16dd3b000 feature_matching.cc:195] === Feature matching & geometric verification ===
[2026-06-21 15:52:49,540][src.colmap_feature_matcher][INFO] - I20260621 15:52:49.540810 0x16ddc7000 sift.cc:1559] Creating SIFT GPU feature matcher
[2026-06-21 15:52:49,565][src.colmap_feature_matcher][INFO] - I20260621 15:52:49.565753 0x16dd3b000 pairing.cc:415] Generating sequential image pairs...
[2026-06-21 15:52:49,565][src.colmap_feature_matcher][INFO] - I20260621 15:52:49.565854 0x16dd3b000 pairing.cc:473] Processing image [1/8]
[2026-06-21 15:52:49,639][src.colmap_feature_matcher][INFO] - I20260621 15:52:49.639334 0x16dd3b000 feature_matching.cc:217] in 0.073s
[2026-06-21 15:52:49,639][src.colmap_feature_matcher][INFO] - I20260621 15:52:49.639347 0x16dd3b000 pairing.cc:473] Processing image [2/8]
[2026-06-21 15:52:49,696][src.colmap_feature_matcher][INFO] - I20260621 15:52:49.696947 0x16dd3b000 feature_matching.cc:217] in 0.058s
[2026-06-21 15:52:49,697][src.colmap_feature_matcher][INFO] - I20260621 15:52:49.696955 0x16dd3b000 pairing.cc:473] Processing image [3/8]
[2026-06-21 15:52:49,758][src.colmap_feature_matcher][INFO] - I20260621 15:52:49.758282 0x16dd3b000 feature_matching.cc:217] in 0.061s
[2026-06-21 15:52:49,758][src.colmap_feature_matcher][INFO] - I20260621 15:52:49.758293 0x16dd3b000 pairing.cc:473] Processing image [4/8]
[2026-06-21 15:52:49,836][src.colmap_feature_matcher][INFO] - I20260621 15:52:49.836028 0x16dd3b000 feature_matching.cc:217] in 0.078s
[2026-06-21 15:52:49,836][src.colmap_feature_matcher][INFO] - I20260621 15:52:49.836042 0x16dd3b000 pairing.cc:473] Processing image [5/8]
[2026-06-21 15:52:49,868][src.colmap_feature_matcher][INFO] - I20260621 15:52:49.868909 0x16dd3b000 feature_matching.cc:217] in 0.033s
[2026-06-21 15:52:49,869][src.colmap_feature_matcher][INFO] - I20260621 15:52:49.868921 0x16dd3b000 pairing.cc:473] Processing image [6/8]
[2026-06-21 15:52:49,910][src.colmap_feature_matcher][INFO] - I20260621 15:52:49.910799 0x16dd3b000 feature_matching.cc:217] in 0.042s
[2026-06-21 15:52:49,910][src.colmap_feature_matcher][INFO] - I20260621 15:52:49.910812 0x16dd3b000 pairing.cc:473] Processing image [7/8]
[2026-06-21 15:52:49,933][src.colmap_feature_matcher][INFO] - I20260621 15:52:49.933132 0x16dd3b000 feature_matching.cc:217] in 0.022s
[2026-06-21 15:52:49,933][src.colmap_feature_matcher][INFO] - I20260621 15:52:49.933145 0x16dd3b000 pairing.cc:473] Processing image [8/8]
[2026-06-21 15:52:49,933][src.colmap_feature_matcher][INFO] - I20260621 15:52:49.933147 0x16dd3b000 feature_matching.cc:217] in 0.000s
[2026-06-21 15:52:49,933][src.colmap_feature_matcher][INFO] - I20260621 15:52:49.933153 0x16dd3b000 timer.cc:90] Elapsed time: 0.007 [minutes]
[2026-06-21 15:52:49,940][src.colmap_feature_matcher][INFO] - Feature matching completed successfully
[2026-06-21 15:52:49,940][__main__][INFO] - ✓ Feature matching completed
[2026-06-21 15:52:49,941][src.timing_recorder][INFO] - [TIMING] ✓ Completed: feature_matching (0.58s)
[2026-06-21 15:52:49,941][src.timing_recorder][INFO] - [TIMING] Starting: sparse_reconstruction
[2026-06-21 15:52:49,941][__main__][INFO] - ============================================================
[2026-06-21 15:52:49,941][__main__][INFO] - STEP 4: Sparse Reconstruction
[2026-06-21 15:52:49,941][__main__][INFO] - ============================================================
[2026-06-21 15:52:49,942][src.colmap_mapper][INFO] - Performing sparse reconstruction
[2026-06-21 15:52:49,942][src.colmap_mapper][INFO] - Database: /Users/bc/brendanchambers/2026-06-18-iphone-video-to-splat/data/intermediates/densify_sz0.005_gr0.0002/colmap_sfm_camera_model/database.db
[2026-06-21 15:52:49,942][src.colmap_mapper][INFO] - Images: /Users/bc/brendanchambers/2026-06-18-iphone-video-to-splat/data/intermediates/densify_sz0.005_gr0.0002/colmap_sfm_camera_model/images
[2026-06-21 15:52:49,942][src.colmap_mapper][INFO] - Output: /Users/bc/brendanchambers/2026-06-18-iphone-video-to-splat/data/intermediates/densify_sz0.005_gr0.0002/colmap_sfm_camera_model/sparse
[2026-06-21 15:52:49,943][src.colmap_mapper][INFO] - Running: colmap mapper
[2026-06-21 15:52:49,994][src.colmap_mapper][INFO] - I20260621 15:52:49.993804 0x1fde420c0 incremental_pipeline.cc:278] Loading database
[2026-06-21 15:52:49,994][src.colmap_mapper][INFO] - I20260621 15:52:49.994101 0x1fde420c0 database_cache.cc:72] Loading rigs...
[2026-06-21 15:52:49,994][src.colmap_mapper][INFO] - I20260621 15:52:49.994124 0x1fde420c0 database_cache.cc:82]  1 in 0.000s
[2026-06-21 15:52:49,994][src.colmap_mapper][INFO] - I20260621 15:52:49.994127 0x1fde420c0 database_cache.cc:90] Loading cameras...
[2026-06-21 15:52:49,994][src.colmap_mapper][INFO] - I20260621 15:52:49.994137 0x1fde420c0 database_cache.cc:108]  1 in 0.000s
[2026-06-21 15:52:49,994][src.colmap_mapper][INFO] - I20260621 15:52:49.994139 0x1fde420c0 database_cache.cc:116] Loading frames...
[2026-06-21 15:52:49,994][src.colmap_mapper][INFO] - I20260621 15:52:49.994157 0x1fde420c0 database_cache.cc:126]  8 in 0.000s
[2026-06-21 15:52:49,994][src.colmap_mapper][INFO] - I20260621 15:52:49.994159 0x1fde420c0 database_cache.cc:134] Loading matches...
[2026-06-21 15:52:49,994][src.colmap_mapper][INFO] - I20260621 15:52:49.994224 0x1fde420c0 database_cache.cc:139]  17 in 0.000s
[2026-06-21 15:52:49,994][src.colmap_mapper][INFO] - I20260621 15:52:49.994227 0x1fde420c0 database_cache.cc:147] Loading images...
[2026-06-21 15:52:49,994][src.colmap_mapper][INFO] - I20260621 15:52:49.994777 0x1fde420c0 database_cache.cc:241]  8 in 0.001s (connected 8, loaded 8)
[2026-06-21 15:52:49,994][src.colmap_mapper][INFO] - I20260621 15:52:49.994780 0x1fde420c0 database_cache.cc:255] Loading pose priors...
[2026-06-21 15:52:49,994][src.colmap_mapper][INFO] - I20260621 15:52:49.994786 0x1fde420c0 database_cache.cc:263]  0 in 0.000s
[2026-06-21 15:52:49,994][src.colmap_mapper][INFO] - I20260621 15:52:49.994788 0x1fde420c0 database_cache.cc:271] Building correspondence graph...
[2026-06-21 15:52:49,995][src.colmap_mapper][INFO] - I20260621 15:52:49.995566 0x1fde420c0 database_cache.cc:300]  in 0.001s (ignored 0)
[2026-06-21 15:52:49,995][src.colmap_mapper][INFO] - I20260621 15:52:49.995570 0x1fde420c0 timer.cc:90] Elapsed time: 0.000 [minutes]
[2026-06-21 15:52:49,995][src.colmap_mapper][INFO] - I20260621 15:52:49.995661 0x1fde420c0 incremental_pipeline.cc:390] Finding good initial image pair
[2026-06-21 15:52:50,004][src.colmap_mapper][INFO] - I20260621 15:52:50.004736 0x1fde420c0 incremental_pipeline.cc:414] Registering initial image pair #4 and #2
[2026-06-21 15:52:50,005][src.colmap_mapper][INFO] - I20260621 15:52:50.005329 0x1fde420c0 incremental_pipeline.cc:432] Global bundle adjustment
[2026-06-21 15:52:50,029][src.colmap_mapper][INFO] - I20260621 15:52:50.029592 0x1fde420c0 incremental_pipeline.cc:537] Registering image #3 (num_reg_frames=2)
[2026-06-21 15:52:50,029][src.colmap_mapper][INFO] - I20260621 15:52:50.029605 0x1fde420c0 incremental_pipeline.cc:540] => Image sees 168 / 1892 points
[2026-06-21 15:52:50,078][src.colmap_mapper][INFO] - I20260621 15:52:50.078326 0x1fde420c0 incremental_pipeline.cc:79] Retriangulation and Global bundle adjustment
[2026-06-21 15:52:50,097][src.colmap_mapper][INFO] - I20260621 15:52:50.097508 0x1fde420c0 incremental_pipeline.cc:537] Registering image #6 (num_reg_frames=3)
[2026-06-21 15:52:50,097][src.colmap_mapper][INFO] - I20260621 15:52:50.097512 0x1fde420c0 incremental_pipeline.cc:540] => Image sees 499 / 2128 points
[2026-06-21 15:52:50,154][src.colmap_mapper][INFO] - I20260621 15:52:50.154919 0x1fde420c0 incremental_pipeline.cc:79] Retriangulation and Global bundle adjustment
[2026-06-21 15:52:50,177][src.colmap_mapper][INFO] - I20260621 15:52:50.177347 0x1fde420c0 incremental_pipeline.cc:537] Registering image #5 (num_reg_frames=4)
[2026-06-21 15:52:50,177][src.colmap_mapper][INFO] - I20260621 15:52:50.177350 0x1fde420c0 incremental_pipeline.cc:540] => Image sees 1052 / 2461 points
[2026-06-21 15:52:50,225][src.colmap_mapper][INFO] - I20260621 15:52:50.225796 0x1fde420c0 incremental_pipeline.cc:79] Retriangulation and Global bundle adjustment
[2026-06-21 15:52:50,242][src.colmap_mapper][INFO] - I20260621 15:52:50.242439 0x1fde420c0 incremental_pipeline.cc:537] Registering image #1 (num_reg_frames=5)
[2026-06-21 15:52:50,242][src.colmap_mapper][INFO] - I20260621 15:52:50.242443 0x1fde420c0 incremental_pipeline.cc:540] => Image sees 536 / 1825 points
[2026-06-21 15:52:50,320][src.colmap_mapper][INFO] - I20260621 15:52:50.320692 0x1fde420c0 incremental_pipeline.cc:79] Retriangulation and Global bundle adjustment
[2026-06-21 15:52:50,355][src.colmap_mapper][INFO] - I20260621 15:52:50.355332 0x1fde420c0 incremental_pipeline.cc:537] Registering image #7 (num_reg_frames=6)
[2026-06-21 15:52:50,355][src.colmap_mapper][INFO] - I20260621 15:52:50.355344 0x1fde420c0 incremental_pipeline.cc:540] => Image sees 436 / 1676 points
[2026-06-21 15:52:50,392][src.colmap_mapper][INFO] - I20260621 15:52:50.392419 0x1fde420c0 incremental_pipeline.cc:79] Retriangulation and Global bundle adjustment
[2026-06-21 15:52:50,430][src.colmap_mapper][INFO] - I20260621 15:52:50.429955 0x1fde420c0 incremental_pipeline.cc:537] Registering image #8 (num_reg_frames=7)
[2026-06-21 15:52:50,430][src.colmap_mapper][INFO] - I20260621 15:52:50.429966 0x1fde420c0 incremental_pipeline.cc:540] => Image sees 481 / 1376 points
[2026-06-21 15:52:50,464][src.colmap_mapper][INFO] - I20260621 15:52:50.464330 0x1fde420c0 incremental_pipeline.cc:79] Retriangulation and Global bundle adjustment
[2026-06-21 15:52:50,504][src.colmap_mapper][INFO] - I20260621 15:52:50.504287 0x1fde420c0 incremental_pipeline.cc:79] Retriangulation and Global bundle adjustment
[2026-06-21 15:52:50,513][src.colmap_mapper][INFO] - I20260621 15:52:50.513298 0x1fde420c0 incremental_pipeline.cc:723] Keeping successful reconstruction
[2026-06-21 15:52:50,515][src.colmap_mapper][INFO] - I20260621 15:52:50.515610 0x1fde420c0 timer.cc:90] Elapsed time: 0.009 [minutes]
[2026-06-21 15:52:50,519][src.colmap_mapper][INFO] - Sparse reconstruction completed successfully
[2026-06-21 15:52:50,519][__main__][INFO] - ✓ Sparse reconstruction completed
[2026-06-21 15:52:50,519][src.timing_recorder][INFO] - [TIMING] ✓ Completed: sparse_reconstruction (0.58s)
[2026-06-21 15:52:50,519][src.timing_recorder][INFO] - [TIMING] Starting: undistortion
[2026-06-21 15:52:50,519][__main__][INFO] - ============================================================
[2026-06-21 15:52:50,519][__main__][INFO] - STEP 5: Image Undistortion
[2026-06-21 15:52:50,519][__main__][INFO] - ============================================================
[2026-06-21 15:52:50,520][src.colmap_undistorter][INFO] - Undistorting images
[2026-06-21 15:52:50,520][src.colmap_undistorter][INFO] - Input model: /Users/bc/brendanchambers/2026-06-18-iphone-video-to-splat/data/intermediates/densify_sz0.005_gr0.0002/colmap_sfm_camera_model/sparse/0
[2026-06-21 15:52:50,520][src.colmap_undistorter][INFO] - Images: /Users/bc/brendanchambers/2026-06-18-iphone-video-to-splat/data/intermediates/densify_sz0.005_gr0.0002/colmap_sfm_camera_model/images
[2026-06-21 15:52:50,520][src.colmap_undistorter][INFO] - Output: /Users/bc/brendanchambers/2026-06-18-iphone-video-to-splat/data/intermediates/densify_sz0.005_gr0.0002/colmap_sfm_linearized
[2026-06-21 15:52:50,520][src.colmap_undistorter][INFO] - Running: colmap image_undistorter
[2026-06-21 15:52:50,568][src.colmap_undistorter][INFO] - I20260621 15:52:50.568376 0x1fde420c0 image.cc:368] === Reading reconstruction ===
[2026-06-21 15:52:50,570][src.colmap_undistorter][INFO] - I20260621 15:52:50.570322 0x1fde420c0 image.cc:371] => Reconstruction with 8 images and 2190 points
[2026-06-21 15:52:50,570][src.colmap_undistorter][INFO] - I20260621 15:52:50.570330 0x1fde420c0 undistorters.cc:166] === Image undistortion ===
[2026-06-21 15:52:50,570][src.colmap_undistorter][INFO] - I20260621 15:52:50.570581 0x1fde420c0 undistorters.cc:205] Undistorting image [1/8]
[2026-06-21 15:52:51,167][src.colmap_undistorter][INFO] - I20260621 15:52:51.167101 0x1fde420c0 undistorters.cc:205] Undistorting image [2/8]
[2026-06-21 15:52:51,167][src.colmap_undistorter][INFO] - I20260621 15:52:51.167133 0x1fde420c0 undistorters.cc:205] Undistorting image [3/8]
[2026-06-21 15:52:51,178][src.colmap_undistorter][INFO] - I20260621 15:52:51.178101 0x1fde420c0 undistorters.cc:205] Undistorting image [4/8]
[2026-06-21 15:52:51,178][src.colmap_undistorter][INFO] - I20260621 15:52:51.178114 0x1fde420c0 undistorters.cc:205] Undistorting image [5/8]
[2026-06-21 15:52:51,178][src.colmap_undistorter][INFO] - I20260621 15:52:51.178116 0x1fde420c0 undistorters.cc:205] Undistorting image [6/8]
[2026-06-21 15:52:51,178][src.colmap_undistorter][INFO] - I20260621 15:52:51.178117 0x1fde420c0 undistorters.cc:205] Undistorting image [7/8]
[2026-06-21 15:52:51,178][src.colmap_undistorter][INFO] - I20260621 15:52:51.178119 0x1fde420c0 undistorters.cc:205] Undistorting image [8/8]
[2026-06-21 15:52:51,178][src.colmap_undistorter][INFO] - I20260621 15:52:51.178426 0x1fde420c0 undistorters.cc:213] Writing reconstruction...
[2026-06-21 15:52:51,182][src.colmap_undistorter][INFO] - I20260621 15:52:51.182972 0x1fde420c0 undistorters.cc:218] Writing configuration...
[2026-06-21 15:52:51,183][src.colmap_undistorter][INFO] - I20260621 15:52:51.183073 0x1fde420c0 undistorters.cc:222] Writing scripts...
[2026-06-21 15:52:51,183][src.colmap_undistorter][INFO] - I20260621 15:52:51.183170 0x1fde420c0 timer.cc:90] Elapsed time: 0.010 [minutes]
[2026-06-21 15:52:51,186][src.colmap_undistorter][INFO] - Image undistortion completed successfully
[2026-06-21 15:52:51,186][__main__][INFO] - ✓ Image undistortion completed
[2026-06-21 15:52:51,186][src.timing_recorder][INFO] - [TIMING] ✓ Completed: undistortion (0.67s)
[2026-06-21 15:52:51,186][src.timing_recorder][INFO] - [TIMING] Starting: splat_training
[2026-06-21 15:52:51,186][__main__][INFO] - ============================================================
[2026-06-21 15:52:51,186][__main__][INFO] - STEP 6: OpenSplat Training
[2026-06-21 15:52:51,186][__main__][INFO] - ============================================================
[2026-06-21 15:52:51,188][src.opensplat_trainer][INFO] - Training 3D Gaussian Splat
[2026-06-21 15:52:51,188][src.opensplat_trainer][INFO] - Sparse model: /Users/bc/brendanchambers/2026-06-18-iphone-video-to-splat/data/intermediates/densify_sz0.005_gr0.0002/colmap_sfm_linearized/sparse
[2026-06-21 15:52:51,188][src.opensplat_trainer][INFO] - Images: /Users/bc/brendanchambers/2026-06-18-iphone-video-to-splat/data/intermediates/densify_sz0.005_gr0.0002/colmap_sfm_linearized/images
[2026-06-21 15:52:51,188][src.opensplat_trainer][INFO] - Output PLY: /Users/bc/brendanchambers/2026-06-18-iphone-video-to-splat/data/intermediates/densify_sz0.005_gr0.0002/colmap_sfm_linearized/splats/densify_sz0.005_gr0.0002_20260621_1552.ply
[2026-06-21 15:52:51,188][src.opensplat_trainer][INFO] - Training loss log: /Users/bc/brendanchambers/2026-06-18-iphone-video-to-splat/data/intermediates/densify_sz0.005_gr0.0002/colmap_sfm_linearized/splats/train_20260621_1552.jsonl
[2026-06-21 15:52:51,188][src.opensplat_trainer][INFO] - Validation loss log: /Users/bc/brendanchambers/2026-06-18-iphone-video-to-splat/data/intermediates/densify_sz0.005_gr0.0002/colmap_sfm_linearized/splats/val_20260621_1552.jsonl
[2026-06-21 15:52:51,188][src.opensplat_trainer][INFO] - Running: opensplat
[2026-06-21 15:52:51,329][src.opensplat_trainer][INFO] - Using MPS
[2026-06-21 15:52:51,330][src.opensplat_trainer][INFO] - Reading 2190 points
[2026-06-21 15:52:51,331][src.opensplat_trainer][INFO] - Loading Loading /Users/bc/brendanchambers/2026-06-18-iphone-video-to-splat/data/intermediates/densify_sz0.005_gr0.0002/colmap_sfm_linearized/images/frame_0001.jpg
[2026-06-21 15:52:51,331][src.opensplat_trainer][INFO] - Loading /Users/bc/brendanchambers/2026-06-18-iphone-video-to-splat/data/intermediates/densify_sz0.005_gr0.0002/colmap_sfm_linearized/images/frame_0003.jpgLoading
[2026-06-21 15:52:51,331][src.opensplat_trainer][INFO] - /Users/bc/brendanchambers/2026-06-18-iphone-video-to-splat/data/intermediates/densify_sz0.005_gr0.0002/colmap_sfm_linearized/images/frame_0008.jpgLoading Loading /Users/bc/brendanchambers/2026-06-18-iphone-video-to-splat/data/intermediates/densify_sz0.005_gr0.0002/colmap_sfm_linearized/images/frame_0005.jpg
[2026-06-21 15:52:51,331][src.opensplat_trainer][INFO] - 
[2026-06-21 15:52:51,331][src.opensplat_trainer][INFO] - Loading /Users/bc/brendanchambers/2026-06-18-iphone-video-to-splat/data/intermediates/densify_sz0.005_gr0.0002/colmap_sfm_linearized/images/frame_0004.jpg/Users/bc/brendanchambers/2026-06-18-iphone-video-to-splat/data/intermediates/densify_sz0.005_gr0.0002/colmap_sfm_linearized/images/frame_0007.jpg
[2026-06-21 15:52:51,331][src.opensplat_trainer][INFO] - Loading /Users/bc/brendanchambers/2026-06-18-iphone-video-to-splat/data/intermediates/densify_sz0.005_gr0.0002/colmap_sfm_linearized/images/frame_0002.jpg
[2026-06-21 15:52:51,331][src.opensplat_trainer][INFO] - 
[2026-06-21 15:52:51,331][src.opensplat_trainer][INFO] - /Users/bc/brendanchambers/2026-06-18-iphone-video-to-splat/data/intermediates/densify_sz0.005_gr0.0002/colmap_sfm_linearized/images/frame_0006.jpg
[2026-06-21 15:52:51,705][src.opensplat_trainer][INFO] - init_gsplat_metal_context: loading '/Users/bc/brendanchambers/2026-06-18-iphone-video-to-splat/opensplat/build/default.metallib'
[2026-06-21 15:52:51,705][src.opensplat_trainer][INFO] - init_gsplat_metal_context: loaded '/Users/bc/brendanchambers/2026-06-18-iphone-video-to-splat/opensplat/build/default.metallib', functions: compute_cov2d_bounds_kernel, project_gaussians_backward_kernel, get_tile_bin_edges_kernel, rasterize_backward_kernel, map_gaussian_to_intersects_kernel, nd_rasterize_backward_kernel, project_gaussians_forward_kernel, compute_sh_backward_kernel, compute_sh_forward_kernel, nd_rasterize_forward_kernel
[2026-06-21 15:52:51,705][src.opensplat_trainer][INFO] - init_gsplat_metal_context: load function nd_rasterize_backward_kernel with label: (null)
[2026-06-21 15:52:51,705][src.opensplat_trainer][INFO] - init_gsplat_metal_context: load function nd_rasterize_forward_kernel with label: (null)
[2026-06-21 15:52:51,705][src.opensplat_trainer][INFO] - init_gsplat_metal_context: load function rasterize_backward_kernel with label: (null)
[2026-06-21 15:52:51,705][src.opensplat_trainer][INFO] - init_gsplat_metal_context: load function project_gaussians_forward_kernel with label: (null)
[2026-06-21 15:52:51,705][src.opensplat_trainer][INFO] - init_gsplat_metal_context: load function project_gaussians_backward_kernel with label: (null)
[2026-06-21 15:52:51,705][src.opensplat_trainer][INFO] - init_gsplat_metal_context: load function compute_sh_forward_kernel with label: (null)
[2026-06-21 15:52:51,705][src.opensplat_trainer][INFO] - init_gsplat_metal_context: load function compute_sh_backward_kernel with label: (null)
[2026-06-21 15:52:51,705][src.opensplat_trainer][INFO] - init_gsplat_metal_context: load function compute_cov2d_bounds_kernel with label: (null)
[2026-06-21 15:52:51,705][src.opensplat_trainer][INFO] - init_gsplat_metal_context: load function map_gaussian_to_intersects_kernel with label: (null)
[2026-06-21 15:52:51,705][src.opensplat_trainer][INFO] - init_gsplat_metal_context: load function get_tile_bin_edges_kernel with label: (null)
[2026-06-21 15:52:51,705][src.opensplat_trainer][INFO] - Step 10: 0.335643 (20%)
[2026-06-21 15:52:51,918][src.opensplat_trainer][INFO] - Step 20: 0.316053 (40%)
[2026-06-21 15:52:52,115][src.opensplat_trainer][INFO] - Step 30: 0.28368 (60%)
[2026-06-21 15:52:52,308][src.opensplat_trainer][INFO] - Step 40: 0.301104 (80%)
[2026-06-21 15:52:52,520][src.opensplat_trainer][INFO] - Step 50: 0.302611 (100%)
[2026-06-21 15:52:52,534][src.opensplat_trainer][INFO] - Wrote /Users/bc/brendanchambers/2026-06-18-iphone-video-to-splat/data/intermediates/densify_sz0.005_gr0.0002/colmap_sfm_linearized/splats/cameras.json
[2026-06-21 15:52:52,542][src.opensplat_trainer][INFO] - Wrote /Users/bc/brendanchambers/2026-06-18-iphone-video-to-splat/data/intermediates/densify_sz0.005_gr0.0002/colmap_sfm_linearized/splats/densify_sz0.005_gr0.0002_20260621_1552.ply
[2026-06-21 15:52:52,554][src.opensplat_trainer][INFO] - /Users/bc/brendanchambers/2026-06-18-iphone-video-to-splat/data/intermediates/densify_sz0.005_gr0.0002/colmap_sfm_linearized/images/frame_0001.jpg validation loss: 0.344775
[2026-06-21 15:52:52,606][src.opensplat_trainer][INFO] - Parsed 5 training loss values to /Users/bc/brendanchambers/2026-06-18-iphone-video-to-splat/data/intermediates/densify_sz0.005_gr0.0002/colmap_sfm_linearized/splats/train_20260621_1552.jsonl
[2026-06-21 15:52:52,606][src.opensplat_trainer][INFO] - Captured validation loss: 0.344775 to /Users/bc/brendanchambers/2026-06-18-iphone-video-to-splat/data/intermediates/densify_sz0.005_gr0.0002/colmap_sfm_linearized/splats/val_20260621_1552.jsonl
[2026-06-21 15:52:52,606][src.opensplat_trainer][INFO] - Training completed successfully
[2026-06-21 15:52:52,606][src.opensplat_trainer][INFO] - Output saved to: /Users/bc/brendanchambers/2026-06-18-iphone-video-to-splat/data/intermediates/densify_sz0.005_gr0.0002/colmap_sfm_linearized/splats/densify_sz0.005_gr0.0002_20260621_1552.ply
[2026-06-21 15:52:52,607][__main__][INFO] - ✓ Splat training completed
[2026-06-21 15:52:52,607][__main__][INFO] - ============================================================
[2026-06-21 15:52:52,607][__main__][INFO] - Analyzing Training Loss
[2026-06-21 15:52:52,607][__main__][INFO] - ============================================================
[2026-06-21 15:52:52,665][src.timing_recorder][INFO] - [TIMING] ✓ Completed: splat_training (1.48s)
[2026-06-21 15:52:52,665][__main__][INFO] - 
[2026-06-21 15:52:52,665][__main__][INFO] - ╔==========================================================╗
[2026-06-21 15:52:52,665][__main__][INFO] - ║                    Pipeline Complete!                    ║
[2026-06-21 15:52:52,665][__main__][INFO] - ╚==========================================================╝
[2026-06-21 15:52:52,666][__main__][INFO] - Output directory: /Users/bc/brendanchambers/2026-06-18-iphone-video-to-splat/data/intermediates/densify_sz0.005_gr0.0002/colmap_sfm_linearized/splats
[2026-06-21 15:52:52,666][__main__][INFO] -   - PLY file: *.ply (3D Gaussian Splat)
[2026-06-21 15:52:52,666][__main__][INFO] -   - Loss log: *.jsonl (Training loss per step)
[2026-06-21 15:52:52,666][__main__][INFO] -   - Timing log: running-time_*.jsonl (Step execution times)
[2026-06-21 15:52:52,666][src.timing_recorder][INFO] - 
[2026-06-21 15:52:52,666][src.timing_recorder][INFO] - ======================================================================
[2026-06-21 15:52:52,666][src.timing_recorder][INFO] - PIPELINE EXECUTION TIMING SUMMARY
[2026-06-21 15:52:52,666][src.timing_recorder][INFO] - ======================================================================
[2026-06-21 15:52:52,666][src.timing_recorder][INFO] - ✓ frame_extraction              0.23s  (  5.4%)
[2026-06-21 15:52:52,666][src.timing_recorder][INFO] - ✓ feature_extraction            0.74s  ( 17.2%)
[2026-06-21 15:52:52,666][src.timing_recorder][INFO] - ✓ feature_matching              0.58s  ( 13.6%)
[2026-06-21 15:52:52,666][src.timing_recorder][INFO] - ✓ sparse_reconstruction         0.58s  ( 13.5%)
[2026-06-21 15:52:52,666][src.timing_recorder][INFO] - ✓ undistortion                  0.67s  ( 15.6%)
[2026-06-21 15:52:52,666][src.timing_recorder][INFO] - ✓ splat_training                1.48s  ( 34.6%)
[2026-06-21 15:52:52,666][src.timing_recorder][INFO] - ----------------------------------------------------------------------
[2026-06-21 15:52:52,666][src.timing_recorder][INFO] - TOTAL                           4.27s  (100.0%)
[2026-06-21 15:52:52,666][src.timing_recorder][INFO] - ======================================================================
[2026-06-21 15:52:52,666][src.timing_recorder][INFO] - 
[2026-06-21 15:52:52,667][src.timing_recorder][INFO] - [TIMING] Saved timing report to: /Users/bc/brendanchambers/2026-06-18-iphone-video-to-splat/data/intermediates/densify_sz0.005_gr0.0002/colmap_sfm_linearized/splats/running-time_20260621_1552.jsonl
