[2026-06-21 16:30:33,551][__main__][INFO] - 
[2026-06-21 16:30:33,551][__main__][INFO] - ╔==========================================================╗
[2026-06-21 16:30:33,551][__main__][INFO] - ║          3D Gaussian Splat Training Pipeline              ║
[2026-06-21 16:30:33,551][__main__][INFO] - ╚==========================================================╝
[2026-06-21 16:30:33,551][__main__][INFO] - Experiment: densify_sz0.0025_gr0.0004
[2026-06-21 16:30:33,551][__main__][INFO] - Project dir: /Users/bc/brendanchambers/2026-06-18-iphone-video-to-splat
[2026-06-21 16:30:33,551][__main__][INFO] - 
[2026-06-21 16:30:33,551][src.timing_recorder][INFO] - [TIMING] Starting: frame_extraction
[2026-06-21 16:30:33,551][__main__][INFO] - ============================================================
[2026-06-21 16:30:33,551][__main__][INFO] - STEP 1: Frame Extraction
[2026-06-21 16:30:33,551][__main__][INFO] - ============================================================
[2026-06-21 16:30:33,552][src.frame_extractor][INFO] - Extracting frames from: /Users/bc/brendanchambers/2026-06-18-iphone-video-to-splat/data/incoming/movies/teensy.mov
[2026-06-21 16:30:33,552][src.frame_extractor][INFO] - Output directory: /Users/bc/brendanchambers/2026-06-18-iphone-video-to-splat/data/intermediates/densify_sz0.0025_gr0.0004/colmap_sfm_camera_model/images
[2026-06-21 16:30:33,552][src.frame_extractor][INFO] - Extracting frames at 2 fps
[2026-06-21 16:30:33,552][src.frame_extractor][INFO] - Running command: ffmpeg -i /Users/bc/brendanchambers/2026-06-18-iphone-video-to-splat/data/incoming/movies/teensy.mov -vf fps=2 -q:v 5 /Users/bc/brendanchambers/2026-06-18-iphone-video-to-splat/data/intermediates/densify_sz0.0025_gr0.0004/colmap_sfm_camera_model/images/frame_%04d.jpg
[2026-06-21 16:30:33,568][src.frame_extractor][INFO] - ffmpeg version 8.1.2 Copyright (c) 2000-2026 the FFmpeg developers
[2026-06-21 16:30:33,568][src.frame_extractor][INFO] -   built with Apple clang version 17.0.0 (clang-1700.6.4.2)
[2026-06-21 16:30:33,568][src.frame_extractor][INFO] -   configuration: --prefix=/opt/homebrew/Cellar/ffmpeg/8.1.2 --enable-shared --enable-pthreads --enable-version3 --cc=clang --host-cflags= --host-ldflags= --enable-ffplay --enable-gpl --enable-libsvtav1 --enable-libopus --enable-libx264 --enable-libmp3lame --enable-libdav1d --enable-libvmaf --enable-libvpx --enable-libx265 --enable-openssl --enable-videotoolbox --enable-audiotoolbox --enable-neon
[2026-06-21 16:30:33,568][src.frame_extractor][INFO] -   libavutil      60. 26.102 / 60. 26.102
[2026-06-21 16:30:33,568][src.frame_extractor][INFO] -   libavcodec     62. 28.102 / 62. 28.102
[2026-06-21 16:30:33,568][src.frame_extractor][INFO] -   libavformat    62. 12.102 / 62. 12.102
[2026-06-21 16:30:33,568][src.frame_extractor][INFO] -   libavdevice    62.  3.102 / 62.  3.102
[2026-06-21 16:30:33,568][src.frame_extractor][INFO] -   libavfilter    11. 14.102 / 11. 14.102
[2026-06-21 16:30:33,568][src.frame_extractor][INFO] -   libswscale      9.  5.102 /  9.  5.102
[2026-06-21 16:30:33,568][src.frame_extractor][INFO] -   libswresample   6.  3.102 /  6.  3.102
[2026-06-21 16:30:33,583][src.frame_extractor][INFO] - Input #0, mov,mp4,m4a,3gp,3g2,mj2, from '/Users/bc/brendanchambers/2026-06-18-iphone-video-to-splat/data/incoming/movies/teensy.mov':
[2026-06-21 16:30:33,583][src.frame_extractor][INFO] -   Metadata:
[2026-06-21 16:30:33,583][src.frame_extractor][INFO] -     major_brand     : qt
[2026-06-21 16:30:33,584][src.frame_extractor][INFO] -     minor_version   : 512
[2026-06-21 16:30:33,584][src.frame_extractor][INFO] -     compatible_brands: qt
[2026-06-21 16:30:33,584][src.frame_extractor][INFO] -     encoder         : Lavf62.12.102
[2026-06-21 16:30:33,584][src.frame_extractor][INFO] -   Duration: 00:00:04.01, start: 0.000000, bitrate: 19786 kb/s
[2026-06-21 16:30:33,584][src.frame_extractor][INFO] -   Stream #0:0[0x1]: Video: h264 (High) (avc1 / 0x31637661), yuv420p(tv, bt709, progressive), 1080x1920, 19646 kb/s, 29.67 fps, 29.67 tbr, 11392 tbn (default)
[2026-06-21 16:30:33,584][src.frame_extractor][INFO] -     Metadata:
[2026-06-21 16:30:33,584][src.frame_extractor][INFO] -       handler_name    : Core Media Video
[2026-06-21 16:30:33,584][src.frame_extractor][INFO] -       vendor_id       : FFMP
[2026-06-21 16:30:33,584][src.frame_extractor][INFO] -       encoder         : Lavc62.28.102 libx264
[2026-06-21 16:30:33,584][src.frame_extractor][INFO] -   Stream #0:1[0x2]: Audio: aac (LC) (mp4a / 0x6134706D), 48000 Hz, stereo, fltp, 128 kb/s (default)
[2026-06-21 16:30:33,584][src.frame_extractor][INFO] -     Metadata:
[2026-06-21 16:30:33,584][src.frame_extractor][INFO] -       handler_name    : Core Media Audio
[2026-06-21 16:30:33,584][src.frame_extractor][INFO] -       vendor_id       : [0][0][0][0]
[2026-06-21 16:30:33,584][src.frame_extractor][INFO] - Stream mapping:
[2026-06-21 16:30:33,584][src.frame_extractor][INFO] -   Stream #0:0 -> #0:0 (h264 (native) -> mjpeg (native))
[2026-06-21 16:30:33,584][src.frame_extractor][INFO] - Press [q] to stop, [?] for help
[2026-06-21 16:30:33,634][src.frame_extractor][INFO] - Output #0, image2, to '/Users/bc/brendanchambers/2026-06-18-iphone-video-to-splat/data/intermediates/densify_sz0.0025_gr0.0004/colmap_sfm_camera_model/images/frame_%04d.jpg':
[2026-06-21 16:30:33,634][src.frame_extractor][INFO] -   Metadata:
[2026-06-21 16:30:33,634][src.frame_extractor][INFO] -     major_brand     : qt
[2026-06-21 16:30:33,634][src.frame_extractor][INFO] -     minor_version   : 512
[2026-06-21 16:30:33,634][src.frame_extractor][INFO] -     compatible_brands: qt
[2026-06-21 16:30:33,634][src.frame_extractor][INFO] -     encoder         : Lavf62.12.102
[2026-06-21 16:30:33,634][src.frame_extractor][INFO] -   Stream #0:0: Video: mjpeg, yuv420p(pc, bt709, progressive), 1080x1920, q=2-31, 200 kb/s, 2 fps, 2 tbn (default)
[2026-06-21 16:30:33,634][src.frame_extractor][INFO] -     Metadata:
[2026-06-21 16:30:33,634][src.frame_extractor][INFO] -       encoder         : Lavc62.28.102 mjpeg
[2026-06-21 16:30:33,634][src.frame_extractor][INFO] -       handler_name    : Core Media Video
[2026-06-21 16:30:33,634][src.frame_extractor][INFO] -       vendor_id       : FFMP
[2026-06-21 16:30:33,634][src.frame_extractor][INFO] -     Side data:
[2026-06-21 16:30:33,634][src.frame_extractor][INFO] -       CPB properties: bitrate max/min/avg: 0/0/200000 buffer size: 0 vbv_delay: N/A
[2026-06-21 16:30:33,777][src.frame_extractor][INFO] - [out#0/image2 @ 0x600003328180] video:3120KiB audio:0KiB subtitle:0KiB other streams:0KiB global headers:0KiB muxing overhead: unknown
[2026-06-21 16:30:33,777][src.frame_extractor][INFO] - frame=    8 fps=0.0 q=5.0 Lsize=N/A time=00:00:04.00 bitrate=N/A speed=20.7x elapsed=0:00:00.19
[2026-06-21 16:30:33,780][src.frame_extractor][INFO] - Successfully extracted 8 frames
[2026-06-21 16:30:33,780][__main__][INFO] - ✓ Frame extraction completed
[2026-06-21 16:30:33,780][src.timing_recorder][INFO] - [TIMING] ✓ Completed: frame_extraction (0.23s)
[2026-06-21 16:30:33,780][src.timing_recorder][INFO] - [TIMING] Starting: feature_extraction
[2026-06-21 16:30:33,780][__main__][INFO] - ============================================================
[2026-06-21 16:30:33,780][__main__][INFO] - STEP 2: Feature Extraction
[2026-06-21 16:30:33,780][__main__][INFO] - ============================================================
[2026-06-21 16:30:33,781][src.colmap_feature_extractor][INFO] - Extracting features from images: /Users/bc/brendanchambers/2026-06-18-iphone-video-to-splat/data/intermediates/densify_sz0.0025_gr0.0004/colmap_sfm_camera_model/images
[2026-06-21 16:30:33,781][src.colmap_feature_extractor][INFO] - Database: /Users/bc/brendanchambers/2026-06-18-iphone-video-to-splat/data/intermediates/densify_sz0.0025_gr0.0004/colmap_sfm_camera_model/database.db
[2026-06-21 16:30:33,781][src.colmap_feature_extractor][INFO] - Running: colmap feature_extractor
[2026-06-21 16:30:33,946][src.colmap_feature_extractor][INFO] - I20260621 16:30:33.946320 0x16b377000 feature_extraction.cc:504] === Feature extraction ===
[2026-06-21 16:30:33,961][src.colmap_feature_extractor][INFO] - I20260621 16:30:33.961361 0x16b97b000 sift.cc:757] Creating SIFT GPU feature extractor
[2026-06-21 16:30:34,102][src.colmap_feature_extractor][INFO] - I20260621 16:30:34.102410 0x16ba07000 feature_extraction.cc:282] Processed file [1/8]
[2026-06-21 16:30:34,102][src.colmap_feature_extractor][INFO] - I20260621 16:30:34.102428 0x16ba07000 feature_extraction.cc:285]   Name:            frame_0001.jpg
[2026-06-21 16:30:34,102][src.colmap_feature_extractor][INFO] - I20260621 16:30:34.102436 0x16ba07000 feature_extraction.cc:294]   Dimensions:      1080 x 1920
[2026-06-21 16:30:34,102][src.colmap_feature_extractor][INFO] - I20260621 16:30:34.102438 0x16ba07000 feature_extraction.cc:297]   Camera:          #1 - RADIAL
[2026-06-21 16:30:34,102][src.colmap_feature_extractor][INFO] - I20260621 16:30:34.102441 0x16ba07000 feature_extraction.cc:300]   Focal Length:    2304.00px
[2026-06-21 16:30:34,102][src.colmap_feature_extractor][INFO] - I20260621 16:30:34.102444 0x16ba07000 feature_extraction.cc:304]   Features:        4449 (SIFT)
[2026-06-21 16:30:34,157][src.colmap_feature_extractor][INFO] - I20260621 16:30:34.157424 0x16ba07000 feature_extraction.cc:282] Processed file [2/8]
[2026-06-21 16:30:34,157][src.colmap_feature_extractor][INFO] - I20260621 16:30:34.157440 0x16ba07000 feature_extraction.cc:285]   Name:            frame_0002.jpg
[2026-06-21 16:30:34,157][src.colmap_feature_extractor][INFO] - I20260621 16:30:34.157471 0x16ba07000 feature_extraction.cc:294]   Dimensions:      1080 x 1920
[2026-06-21 16:30:34,157][src.colmap_feature_extractor][INFO] - I20260621 16:30:34.157499 0x16ba07000 feature_extraction.cc:297]   Camera:          #1 - RADIAL
[2026-06-21 16:30:34,157][src.colmap_feature_extractor][INFO] - I20260621 16:30:34.157505 0x16ba07000 feature_extraction.cc:300]   Focal Length:    2304.00px
[2026-06-21 16:30:34,157][src.colmap_feature_extractor][INFO] - I20260621 16:30:34.157524 0x16ba07000 feature_extraction.cc:304]   Features:        4766 (SIFT)
[2026-06-21 16:30:34,210][src.colmap_feature_extractor][INFO] - I20260621 16:30:34.210605 0x16ba07000 feature_extraction.cc:282] Processed file [3/8]
[2026-06-21 16:30:34,210][src.colmap_feature_extractor][INFO] - I20260621 16:30:34.210624 0x16ba07000 feature_extraction.cc:285]   Name:            frame_0003.jpg
[2026-06-21 16:30:34,210][src.colmap_feature_extractor][INFO] - I20260621 16:30:34.210627 0x16ba07000 feature_extraction.cc:294]   Dimensions:      1080 x 1920
[2026-06-21 16:30:34,210][src.colmap_feature_extractor][INFO] - I20260621 16:30:34.210628 0x16ba07000 feature_extraction.cc:297]   Camera:          #1 - RADIAL
[2026-06-21 16:30:34,210][src.colmap_feature_extractor][INFO] - I20260621 16:30:34.210630 0x16ba07000 feature_extraction.cc:300]   Focal Length:    2304.00px
[2026-06-21 16:30:34,210][src.colmap_feature_extractor][INFO] - I20260621 16:30:34.210633 0x16ba07000 feature_extraction.cc:304]   Features:        5561 (SIFT)
[2026-06-21 16:30:34,264][src.colmap_feature_extractor][INFO] - I20260621 16:30:34.264710 0x16ba07000 feature_extraction.cc:282] Processed file [4/8]
[2026-06-21 16:30:34,264][src.colmap_feature_extractor][INFO] - I20260621 16:30:34.264724 0x16ba07000 feature_extraction.cc:285]   Name:            frame_0004.jpg
[2026-06-21 16:30:34,264][src.colmap_feature_extractor][INFO] - I20260621 16:30:34.264727 0x16ba07000 feature_extraction.cc:294]   Dimensions:      1080 x 1920
[2026-06-21 16:30:34,264][src.colmap_feature_extractor][INFO] - I20260621 16:30:34.264729 0x16ba07000 feature_extraction.cc:297]   Camera:          #1 - RADIAL
[2026-06-21 16:30:34,264][src.colmap_feature_extractor][INFO] - I20260621 16:30:34.264731 0x16ba07000 feature_extraction.cc:300]   Focal Length:    2304.00px
[2026-06-21 16:30:34,264][src.colmap_feature_extractor][INFO] - I20260621 16:30:34.264733 0x16ba07000 feature_extraction.cc:304]   Features:        6351 (SIFT)
[2026-06-21 16:30:34,317][src.colmap_feature_extractor][INFO] - I20260621 16:30:34.317031 0x16ba07000 feature_extraction.cc:282] Processed file [5/8]
[2026-06-21 16:30:34,317][src.colmap_feature_extractor][INFO] - I20260621 16:30:34.317046 0x16ba07000 feature_extraction.cc:285]   Name:            frame_0005.jpg
[2026-06-21 16:30:34,317][src.colmap_feature_extractor][INFO] - I20260621 16:30:34.317048 0x16ba07000 feature_extraction.cc:294]   Dimensions:      1080 x 1920
[2026-06-21 16:30:34,317][src.colmap_feature_extractor][INFO] - I20260621 16:30:34.317050 0x16ba07000 feature_extraction.cc:297]   Camera:          #1 - RADIAL
[2026-06-21 16:30:34,317][src.colmap_feature_extractor][INFO] - I20260621 16:30:34.317052 0x16ba07000 feature_extraction.cc:300]   Focal Length:    2304.00px
[2026-06-21 16:30:34,317][src.colmap_feature_extractor][INFO] - I20260621 16:30:34.317054 0x16ba07000 feature_extraction.cc:304]   Features:        4609 (SIFT)
[2026-06-21 16:30:34,371][src.colmap_feature_extractor][INFO] - I20260621 16:30:34.371072 0x16ba07000 feature_extraction.cc:282] Processed file [6/8]
[2026-06-21 16:30:34,371][src.colmap_feature_extractor][INFO] - I20260621 16:30:34.371086 0x16ba07000 feature_extraction.cc:285]   Name:            frame_0006.jpg
[2026-06-21 16:30:34,371][src.colmap_feature_extractor][INFO] - I20260621 16:30:34.371088 0x16ba07000 feature_extraction.cc:294]   Dimensions:      1080 x 1920
[2026-06-21 16:30:34,371][src.colmap_feature_extractor][INFO] - I20260621 16:30:34.371090 0x16ba07000 feature_extraction.cc:297]   Camera:          #1 - RADIAL
[2026-06-21 16:30:34,371][src.colmap_feature_extractor][INFO] - I20260621 16:30:34.371093 0x16ba07000 feature_extraction.cc:300]   Focal Length:    2304.00px
[2026-06-21 16:30:34,371][src.colmap_feature_extractor][INFO] - I20260621 16:30:34.371095 0x16ba07000 feature_extraction.cc:304]   Features:        4916 (SIFT)
[2026-06-21 16:30:34,423][src.colmap_feature_extractor][INFO] - I20260621 16:30:34.423896 0x16ba07000 feature_extraction.cc:282] Processed file [7/8]
[2026-06-21 16:30:34,424][src.colmap_feature_extractor][INFO] - I20260621 16:30:34.423917 0x16ba07000 feature_extraction.cc:285]   Name:            frame_0007.jpg
[2026-06-21 16:30:34,424][src.colmap_feature_extractor][INFO] - I20260621 16:30:34.423920 0x16ba07000 feature_extraction.cc:294]   Dimensions:      1080 x 1920
[2026-06-21 16:30:34,424][src.colmap_feature_extractor][INFO] - I20260621 16:30:34.423922 0x16ba07000 feature_extraction.cc:297]   Camera:          #1 - RADIAL
[2026-06-21 16:30:34,424][src.colmap_feature_extractor][INFO] - I20260621 16:30:34.423924 0x16ba07000 feature_extraction.cc:300]   Focal Length:    2304.00px
[2026-06-21 16:30:34,424][src.colmap_feature_extractor][INFO] - I20260621 16:30:34.423926 0x16ba07000 feature_extraction.cc:304]   Features:        4134 (SIFT)
[2026-06-21 16:30:34,478][src.colmap_feature_extractor][INFO] - I20260621 16:30:34.478358 0x16ba07000 feature_extraction.cc:282] Processed file [8/8]
[2026-06-21 16:30:34,478][src.colmap_feature_extractor][INFO] - I20260621 16:30:34.478401 0x16ba07000 feature_extraction.cc:285]   Name:            frame_0008.jpg
[2026-06-21 16:30:34,478][src.colmap_feature_extractor][INFO] - I20260621 16:30:34.478403 0x16ba07000 feature_extraction.cc:294]   Dimensions:      1080 x 1920
[2026-06-21 16:30:34,478][src.colmap_feature_extractor][INFO] - I20260621 16:30:34.478404 0x16ba07000 feature_extraction.cc:297]   Camera:          #1 - RADIAL
[2026-06-21 16:30:34,478][src.colmap_feature_extractor][INFO] - I20260621 16:30:34.478406 0x16ba07000 feature_extraction.cc:300]   Focal Length:    2304.00px
[2026-06-21 16:30:34,478][src.colmap_feature_extractor][INFO] - I20260621 16:30:34.478409 0x16ba07000 feature_extraction.cc:304]   Features:        6773 (SIFT)
[2026-06-21 16:30:34,484][src.colmap_feature_extractor][INFO] - I20260621 16:30:34.484406 0x16b377000 timer.cc:90] Elapsed time: 0.009 [minutes]
[2026-06-21 16:30:34,501][src.colmap_feature_extractor][INFO] - Feature extraction completed successfully
[2026-06-21 16:30:34,502][__main__][INFO] - ✓ Feature extraction completed
[2026-06-21 16:30:34,502][src.timing_recorder][INFO] - [TIMING] ✓ Completed: feature_extraction (0.72s)
[2026-06-21 16:30:34,502][src.timing_recorder][INFO] - [TIMING] Starting: feature_matching
[2026-06-21 16:30:34,502][__main__][INFO] - ============================================================
[2026-06-21 16:30:34,502][__main__][INFO] - STEP 3: Feature Matching
[2026-06-21 16:30:34,502][__main__][INFO] - ============================================================
[2026-06-21 16:30:34,503][src.colmap_feature_matcher][INFO] - Matching features in database: /Users/bc/brendanchambers/2026-06-18-iphone-video-to-splat/data/intermediates/densify_sz0.0025_gr0.0004/colmap_sfm_camera_model/database.db
[2026-06-21 16:30:34,503][src.colmap_feature_matcher][INFO] - Running: colmap sequential_matcher
[2026-06-21 16:30:34,682][src.colmap_feature_matcher][INFO] - I20260621 16:30:34.681656 0x16f4a7000 feature_matching.cc:195] === Feature matching & geometric verification ===
[2026-06-21 16:30:34,696][src.colmap_feature_matcher][INFO] - I20260621 16:30:34.696850 0x16f533000 sift.cc:1559] Creating SIFT GPU feature matcher
[2026-06-21 16:30:34,721][src.colmap_feature_matcher][INFO] - I20260621 16:30:34.721442 0x16f4a7000 pairing.cc:415] Generating sequential image pairs...
[2026-06-21 16:30:34,721][src.colmap_feature_matcher][INFO] - I20260621 16:30:34.721529 0x16f4a7000 pairing.cc:473] Processing image [1/8]
[2026-06-21 16:30:34,781][src.colmap_feature_matcher][INFO] - I20260621 16:30:34.781849 0x16f4a7000 feature_matching.cc:217] in 0.060s
[2026-06-21 16:30:34,782][src.colmap_feature_matcher][INFO] - I20260621 16:30:34.781862 0x16f4a7000 pairing.cc:473] Processing image [2/8]
[2026-06-21 16:30:34,839][src.colmap_feature_matcher][INFO] - I20260621 16:30:34.839621 0x16f4a7000 feature_matching.cc:217] in 0.058s
[2026-06-21 16:30:34,839][src.colmap_feature_matcher][INFO] - I20260621 16:30:34.839634 0x16f4a7000 pairing.cc:473] Processing image [3/8]
[2026-06-21 16:30:34,900][src.colmap_feature_matcher][INFO] - I20260621 16:30:34.900167 0x16f4a7000 feature_matching.cc:217] in 0.061s
[2026-06-21 16:30:34,900][src.colmap_feature_matcher][INFO] - I20260621 16:30:34.900175 0x16f4a7000 pairing.cc:473] Processing image [4/8]
[2026-06-21 16:30:34,972][src.colmap_feature_matcher][INFO] - I20260621 16:30:34.972605 0x16f4a7000 feature_matching.cc:217] in 0.072s
[2026-06-21 16:30:34,972][src.colmap_feature_matcher][INFO] - I20260621 16:30:34.972610 0x16f4a7000 pairing.cc:473] Processing image [5/8]
[2026-06-21 16:30:35,007][src.colmap_feature_matcher][INFO] - I20260621 16:30:35.007352 0x16f4a7000 feature_matching.cc:217] in 0.035s
[2026-06-21 16:30:35,007][src.colmap_feature_matcher][INFO] - I20260621 16:30:35.007357 0x16f4a7000 pairing.cc:473] Processing image [6/8]
[2026-06-21 16:30:35,051][src.colmap_feature_matcher][INFO] - I20260621 16:30:35.051519 0x16f4a7000 feature_matching.cc:217] in 0.044s
[2026-06-21 16:30:35,051][src.colmap_feature_matcher][INFO] - I20260621 16:30:35.051522 0x16f4a7000 pairing.cc:473] Processing image [7/8]
[2026-06-21 16:30:35,073][src.colmap_feature_matcher][INFO] - I20260621 16:30:35.073391 0x16f4a7000 feature_matching.cc:217] in 0.022s
[2026-06-21 16:30:35,073][src.colmap_feature_matcher][INFO] - I20260621 16:30:35.073394 0x16f4a7000 pairing.cc:473] Processing image [8/8]
[2026-06-21 16:30:35,073][src.colmap_feature_matcher][INFO] - I20260621 16:30:35.073396 0x16f4a7000 feature_matching.cc:217] in 0.000s
[2026-06-21 16:30:35,073][src.colmap_feature_matcher][INFO] - I20260621 16:30:35.073398 0x16f4a7000 timer.cc:90] Elapsed time: 0.007 [minutes]
[2026-06-21 16:30:35,080][src.colmap_feature_matcher][INFO] - Feature matching completed successfully
[2026-06-21 16:30:35,080][__main__][INFO] - ✓ Feature matching completed
[2026-06-21 16:30:35,080][src.timing_recorder][INFO] - [TIMING] ✓ Completed: feature_matching (0.58s)
[2026-06-21 16:30:35,080][src.timing_recorder][INFO] - [TIMING] Starting: sparse_reconstruction
[2026-06-21 16:30:35,080][__main__][INFO] - ============================================================
[2026-06-21 16:30:35,080][__main__][INFO] - STEP 4: Sparse Reconstruction
[2026-06-21 16:30:35,080][__main__][INFO] - ============================================================
[2026-06-21 16:30:35,083][src.colmap_mapper][INFO] - Performing sparse reconstruction
[2026-06-21 16:30:35,083][src.colmap_mapper][INFO] - Database: /Users/bc/brendanchambers/2026-06-18-iphone-video-to-splat/data/intermediates/densify_sz0.0025_gr0.0004/colmap_sfm_camera_model/database.db
[2026-06-21 16:30:35,083][src.colmap_mapper][INFO] - Images: /Users/bc/brendanchambers/2026-06-18-iphone-video-to-splat/data/intermediates/densify_sz0.0025_gr0.0004/colmap_sfm_camera_model/images
[2026-06-21 16:30:35,083][src.colmap_mapper][INFO] - Output: /Users/bc/brendanchambers/2026-06-18-iphone-video-to-splat/data/intermediates/densify_sz0.0025_gr0.0004/colmap_sfm_camera_model/sparse
[2026-06-21 16:30:35,083][src.colmap_mapper][INFO] - Running: colmap mapper
[2026-06-21 16:30:35,134][src.colmap_mapper][INFO] - I20260621 16:30:35.133758 0x1fde420c0 incremental_pipeline.cc:278] Loading database
[2026-06-21 16:30:35,134][src.colmap_mapper][INFO] - I20260621 16:30:35.134107 0x1fde420c0 database_cache.cc:72] Loading rigs...
[2026-06-21 16:30:35,134][src.colmap_mapper][INFO] - I20260621 16:30:35.134132 0x1fde420c0 database_cache.cc:82]  1 in 0.000s
[2026-06-21 16:30:35,134][src.colmap_mapper][INFO] - I20260621 16:30:35.134136 0x1fde420c0 database_cache.cc:90] Loading cameras...
[2026-06-21 16:30:35,134][src.colmap_mapper][INFO] - I20260621 16:30:35.134145 0x1fde420c0 database_cache.cc:108]  1 in 0.000s
[2026-06-21 16:30:35,134][src.colmap_mapper][INFO] - I20260621 16:30:35.134148 0x1fde420c0 database_cache.cc:116] Loading frames...
[2026-06-21 16:30:35,134][src.colmap_mapper][INFO] - I20260621 16:30:35.134166 0x1fde420c0 database_cache.cc:126]  8 in 0.000s
[2026-06-21 16:30:35,134][src.colmap_mapper][INFO] - I20260621 16:30:35.134169 0x1fde420c0 database_cache.cc:134] Loading matches...
[2026-06-21 16:30:35,134][src.colmap_mapper][INFO] - I20260621 16:30:35.134248 0x1fde420c0 database_cache.cc:139]  17 in 0.000s
[2026-06-21 16:30:35,134][src.colmap_mapper][INFO] - I20260621 16:30:35.134250 0x1fde420c0 database_cache.cc:147] Loading images...
[2026-06-21 16:30:35,134][src.colmap_mapper][INFO] - I20260621 16:30:35.134801 0x1fde420c0 database_cache.cc:241]  8 in 0.001s (connected 8, loaded 8)
[2026-06-21 16:30:35,134][src.colmap_mapper][INFO] - I20260621 16:30:35.134805 0x1fde420c0 database_cache.cc:255] Loading pose priors...
[2026-06-21 16:30:35,134][src.colmap_mapper][INFO] - I20260621 16:30:35.134811 0x1fde420c0 database_cache.cc:263]  0 in 0.000s
[2026-06-21 16:30:35,134][src.colmap_mapper][INFO] - I20260621 16:30:35.134813 0x1fde420c0 database_cache.cc:271] Building correspondence graph...
[2026-06-21 16:30:35,135][src.colmap_mapper][INFO] - I20260621 16:30:35.135642 0x1fde420c0 database_cache.cc:300]  in 0.001s (ignored 0)
[2026-06-21 16:30:35,135][src.colmap_mapper][INFO] - I20260621 16:30:35.135645 0x1fde420c0 timer.cc:90] Elapsed time: 0.000 [minutes]
[2026-06-21 16:30:35,135][src.colmap_mapper][INFO] - I20260621 16:30:35.135749 0x1fde420c0 incremental_pipeline.cc:390] Finding good initial image pair
[2026-06-21 16:30:35,146][src.colmap_mapper][INFO] - I20260621 16:30:35.146685 0x1fde420c0 incremental_pipeline.cc:414] Registering initial image pair #4 and #2
[2026-06-21 16:30:35,147][src.colmap_mapper][INFO] - I20260621 16:30:35.147295 0x1fde420c0 incremental_pipeline.cc:432] Global bundle adjustment
[2026-06-21 16:30:35,171][src.colmap_mapper][INFO] - I20260621 16:30:35.171908 0x1fde420c0 incremental_pipeline.cc:537] Registering image #3 (num_reg_frames=2)
[2026-06-21 16:30:35,172][src.colmap_mapper][INFO] - I20260621 16:30:35.171919 0x1fde420c0 incremental_pipeline.cc:540] => Image sees 168 / 1892 points
[2026-06-21 16:30:35,222][src.colmap_mapper][INFO] - I20260621 16:30:35.222713 0x1fde420c0 incremental_pipeline.cc:79] Retriangulation and Global bundle adjustment
[2026-06-21 16:30:35,242][src.colmap_mapper][INFO] - I20260621 16:30:35.242662 0x1fde420c0 incremental_pipeline.cc:537] Registering image #6 (num_reg_frames=3)
[2026-06-21 16:30:35,242][src.colmap_mapper][INFO] - I20260621 16:30:35.242675 0x1fde420c0 incremental_pipeline.cc:540] => Image sees 499 / 2128 points
[2026-06-21 16:30:35,300][src.colmap_mapper][INFO] - I20260621 16:30:35.300009 0x1fde420c0 incremental_pipeline.cc:79] Retriangulation and Global bundle adjustment
[2026-06-21 16:30:35,322][src.colmap_mapper][INFO] - I20260621 16:30:35.322473 0x1fde420c0 incremental_pipeline.cc:537] Registering image #5 (num_reg_frames=4)
[2026-06-21 16:30:35,322][src.colmap_mapper][INFO] - I20260621 16:30:35.322478 0x1fde420c0 incremental_pipeline.cc:540] => Image sees 1052 / 2461 points
[2026-06-21 16:30:35,371][src.colmap_mapper][INFO] - I20260621 16:30:35.371084 0x1fde420c0 incremental_pipeline.cc:79] Retriangulation and Global bundle adjustment
[2026-06-21 16:30:35,388][src.colmap_mapper][INFO] - I20260621 16:30:35.388133 0x1fde420c0 incremental_pipeline.cc:537] Registering image #1 (num_reg_frames=5)
[2026-06-21 16:30:35,388][src.colmap_mapper][INFO] - I20260621 16:30:35.388140 0x1fde420c0 incremental_pipeline.cc:540] => Image sees 536 / 1825 points
[2026-06-21 16:30:35,441][src.colmap_mapper][INFO] - I20260621 16:30:35.441007 0x1fde420c0 incremental_pipeline.cc:79] Retriangulation and Global bundle adjustment
[2026-06-21 16:30:35,467][src.colmap_mapper][INFO] - I20260621 16:30:35.467016 0x1fde420c0 incremental_pipeline.cc:537] Registering image #7 (num_reg_frames=6)
[2026-06-21 16:30:35,467][src.colmap_mapper][INFO] - I20260621 16:30:35.467021 0x1fde420c0 incremental_pipeline.cc:540] => Image sees 436 / 1676 points
[2026-06-21 16:30:35,503][src.colmap_mapper][INFO] - I20260621 16:30:35.503176 0x1fde420c0 incremental_pipeline.cc:79] Retriangulation and Global bundle adjustment
[2026-06-21 16:30:35,539][src.colmap_mapper][INFO] - I20260621 16:30:35.539639 0x1fde420c0 incremental_pipeline.cc:537] Registering image #8 (num_reg_frames=7)
[2026-06-21 16:30:35,539][src.colmap_mapper][INFO] - I20260621 16:30:35.539643 0x1fde420c0 incremental_pipeline.cc:540] => Image sees 481 / 1376 points
[2026-06-21 16:30:35,573][src.colmap_mapper][INFO] - I20260621 16:30:35.573697 0x1fde420c0 incremental_pipeline.cc:79] Retriangulation and Global bundle adjustment
[2026-06-21 16:30:35,613][src.colmap_mapper][INFO] - I20260621 16:30:35.613102 0x1fde420c0 incremental_pipeline.cc:79] Retriangulation and Global bundle adjustment
[2026-06-21 16:30:35,621][src.colmap_mapper][INFO] - I20260621 16:30:35.621978 0x1fde420c0 incremental_pipeline.cc:723] Keeping successful reconstruction
[2026-06-21 16:30:35,624][src.colmap_mapper][INFO] - I20260621 16:30:35.624316 0x1fde420c0 timer.cc:90] Elapsed time: 0.008 [minutes]
[2026-06-21 16:30:35,627][src.colmap_mapper][INFO] - Sparse reconstruction completed successfully
[2026-06-21 16:30:35,627][__main__][INFO] - ✓ Sparse reconstruction completed
[2026-06-21 16:30:35,627][src.timing_recorder][INFO] - [TIMING] ✓ Completed: sparse_reconstruction (0.55s)
[2026-06-21 16:30:35,627][src.timing_recorder][INFO] - [TIMING] Starting: undistortion
[2026-06-21 16:30:35,627][__main__][INFO] - ============================================================
[2026-06-21 16:30:35,627][__main__][INFO] - STEP 5: Image Undistortion
[2026-06-21 16:30:35,627][__main__][INFO] - ============================================================
[2026-06-21 16:30:35,629][src.colmap_undistorter][INFO] - Undistorting images
[2026-06-21 16:30:35,629][src.colmap_undistorter][INFO] - Input model: /Users/bc/brendanchambers/2026-06-18-iphone-video-to-splat/data/intermediates/densify_sz0.0025_gr0.0004/colmap_sfm_camera_model/sparse/0
[2026-06-21 16:30:35,629][src.colmap_undistorter][INFO] - Images: /Users/bc/brendanchambers/2026-06-18-iphone-video-to-splat/data/intermediates/densify_sz0.0025_gr0.0004/colmap_sfm_camera_model/images
[2026-06-21 16:30:35,629][src.colmap_undistorter][INFO] - Output: /Users/bc/brendanchambers/2026-06-18-iphone-video-to-splat/data/intermediates/densify_sz0.0025_gr0.0004/colmap_sfm_linearized
[2026-06-21 16:30:35,629][src.colmap_undistorter][INFO] - Running: colmap image_undistorter
[2026-06-21 16:30:35,677][src.colmap_undistorter][INFO] - I20260621 16:30:35.676694 0x1fde420c0 image.cc:368] === Reading reconstruction ===
[2026-06-21 16:30:35,678][src.colmap_undistorter][INFO] - I20260621 16:30:35.678659 0x1fde420c0 image.cc:371] => Reconstruction with 8 images and 2190 points
[2026-06-21 16:30:35,678][src.colmap_undistorter][INFO] - I20260621 16:30:35.678667 0x1fde420c0 undistorters.cc:166] === Image undistortion ===
[2026-06-21 16:30:35,678][src.colmap_undistorter][INFO] - I20260621 16:30:35.678948 0x1fde420c0 undistorters.cc:205] Undistorting image [1/8]
[2026-06-21 16:30:36,287][src.colmap_undistorter][INFO] - I20260621 16:30:36.287752 0x1fde420c0 undistorters.cc:205] Undistorting image [2/8]
[2026-06-21 16:30:36,287][src.colmap_undistorter][INFO] - I20260621 16:30:36.287767 0x1fde420c0 undistorters.cc:205] Undistorting image [3/8]
[2026-06-21 16:30:36,287][src.colmap_undistorter][INFO] - I20260621 16:30:36.287769 0x1fde420c0 undistorters.cc:205] Undistorting image [4/8]
[2026-06-21 16:30:36,287][src.colmap_undistorter][INFO] - I20260621 16:30:36.287770 0x1fde420c0 undistorters.cc:205] Undistorting image [5/8]
[2026-06-21 16:30:36,287][src.colmap_undistorter][INFO] - I20260621 16:30:36.287772 0x1fde420c0 undistorters.cc:205] Undistorting image [6/8]
[2026-06-21 16:30:36,287][src.colmap_undistorter][INFO] - I20260621 16:30:36.287773 0x1fde420c0 undistorters.cc:205] Undistorting image [7/8]
[2026-06-21 16:30:36,291][src.colmap_undistorter][INFO] - I20260621 16:30:36.291199 0x1fde420c0 undistorters.cc:205] Undistorting image [8/8]
[2026-06-21 16:30:36,304][src.colmap_undistorter][INFO] - I20260621 16:30:36.304704 0x1fde420c0 undistorters.cc:213] Writing reconstruction...
[2026-06-21 16:30:36,309][src.colmap_undistorter][INFO] - I20260621 16:30:36.309318 0x1fde420c0 undistorters.cc:218] Writing configuration...
[2026-06-21 16:30:36,309][src.colmap_undistorter][INFO] - I20260621 16:30:36.309490 0x1fde420c0 undistorters.cc:222] Writing scripts...
[2026-06-21 16:30:36,309][src.colmap_undistorter][INFO] - I20260621 16:30:36.309586 0x1fde420c0 timer.cc:90] Elapsed time: 0.011 [minutes]
[2026-06-21 16:30:36,312][src.colmap_undistorter][INFO] - Image undistortion completed successfully
[2026-06-21 16:30:36,312][__main__][INFO] - ✓ Image undistortion completed
[2026-06-21 16:30:36,313][src.timing_recorder][INFO] - [TIMING] ✓ Completed: undistortion (0.69s)
[2026-06-21 16:30:36,313][src.timing_recorder][INFO] - [TIMING] Starting: splat_training
[2026-06-21 16:30:36,313][__main__][INFO] - ============================================================
[2026-06-21 16:30:36,313][__main__][INFO] - STEP 6: OpenSplat Training
[2026-06-21 16:30:36,313][__main__][INFO] - ============================================================
[2026-06-21 16:30:36,314][src.opensplat_trainer][INFO] - Training 3D Gaussian Splat
[2026-06-21 16:30:36,314][src.opensplat_trainer][INFO] - Sparse model: /Users/bc/brendanchambers/2026-06-18-iphone-video-to-splat/data/intermediates/densify_sz0.0025_gr0.0004/colmap_sfm_linearized/sparse
[2026-06-21 16:30:36,314][src.opensplat_trainer][INFO] - Images: /Users/bc/brendanchambers/2026-06-18-iphone-video-to-splat/data/intermediates/densify_sz0.0025_gr0.0004/colmap_sfm_linearized/images
[2026-06-21 16:30:36,314][src.opensplat_trainer][INFO] - Output PLY: /Users/bc/brendanchambers/2026-06-18-iphone-video-to-splat/data/intermediates/densify_sz0.0025_gr0.0004/colmap_sfm_linearized/splats/densify_sz0.0025_gr0.0004_20260621_1630.ply
[2026-06-21 16:30:36,315][src.opensplat_trainer][INFO] - Training loss log: /Users/bc/brendanchambers/2026-06-18-iphone-video-to-splat/data/intermediates/densify_sz0.0025_gr0.0004/colmap_sfm_linearized/splats/train_20260621_1630.jsonl
[2026-06-21 16:30:36,315][src.opensplat_trainer][INFO] - Validation loss log: /Users/bc/brendanchambers/2026-06-18-iphone-video-to-splat/data/intermediates/densify_sz0.0025_gr0.0004/colmap_sfm_linearized/splats/val_20260621_1630.jsonl
[2026-06-21 16:30:36,315][src.opensplat_trainer][INFO] - Running: opensplat
[2026-06-21 16:30:36,454][src.opensplat_trainer][INFO] - Using MPS
[2026-06-21 16:30:36,455][src.opensplat_trainer][INFO] - Reading 2190 points
[2026-06-21 16:30:36,456][src.opensplat_trainer][INFO] - Loading /Users/bc/brendanchambers/2026-06-18-iphone-video-to-splat/data/intermediates/densify_sz0.0025_gr0.0004/colmap_sfm_linearized/images/frame_0001.jpgLoading
[2026-06-21 16:30:36,456][src.opensplat_trainer][INFO] - /Users/bc/brendanchambers/2026-06-18-iphone-video-to-splat/data/intermediates/densify_sz0.0025_gr0.0004/colmap_sfm_linearized/images/frame_0002.jpgLoading /Users/bc/brendanchambers/2026-06-18-iphone-video-to-splat/data/intermediates/densify_sz0.0025_gr0.0004/colmap_sfm_linearized/images/frame_0003.jpg
[2026-06-21 16:30:36,456][src.opensplat_trainer][INFO] - 
[2026-06-21 16:30:36,456][src.opensplat_trainer][INFO] - Loading Loading /Users/bc/brendanchambers/2026-06-18-iphone-video-to-splat/data/intermediates/densify_sz0.0025_gr0.0004/colmap_sfm_linearized/images/frame_0004.jpg/Users/bc/brendanchambers/2026-06-18-iphone-video-to-splat/data/intermediates/densify_sz0.0025_gr0.0004/colmap_sfm_linearized/images/frame_0008.jpg
[2026-06-21 16:30:36,456][src.opensplat_trainer][INFO] - Loading /Users/bc/brendanchambers/2026-06-18-iphone-video-to-splat/data/intermediates/densify_sz0.0025_gr0.0004/colmap_sfm_linearized/images/frame_0007.jpg
[2026-06-21 16:30:36,456][src.opensplat_trainer][INFO] - 
[2026-06-21 16:30:36,456][src.opensplat_trainer][INFO] - Loading /Users/bc/brendanchambers/2026-06-18-iphone-video-to-splat/data/intermediates/densify_sz0.0025_gr0.0004/colmap_sfm_linearized/images/frame_0006.jpg
[2026-06-21 16:30:36,456][src.opensplat_trainer][INFO] - Loading /Users/bc/brendanchambers/2026-06-18-iphone-video-to-splat/data/intermediates/densify_sz0.0025_gr0.0004/colmap_sfm_linearized/images/frame_0005.jpg
[2026-06-21 16:30:36,830][src.opensplat_trainer][INFO] - init_gsplat_metal_context: loading '/Users/bc/brendanchambers/2026-06-18-iphone-video-to-splat/opensplat/build/default.metallib'
[2026-06-21 16:30:36,830][src.opensplat_trainer][INFO] - init_gsplat_metal_context: loaded '/Users/bc/brendanchambers/2026-06-18-iphone-video-to-splat/opensplat/build/default.metallib', functions: compute_cov2d_bounds_kernel, project_gaussians_backward_kernel, get_tile_bin_edges_kernel, rasterize_backward_kernel, map_gaussian_to_intersects_kernel, nd_rasterize_backward_kernel, project_gaussians_forward_kernel, compute_sh_backward_kernel, compute_sh_forward_kernel, nd_rasterize_forward_kernel
[2026-06-21 16:30:36,830][src.opensplat_trainer][INFO] - init_gsplat_metal_context: load function nd_rasterize_backward_kernel with label: (null)
[2026-06-21 16:30:36,830][src.opensplat_trainer][INFO] - init_gsplat_metal_context: load function nd_rasterize_forward_kernel with label: (null)
[2026-06-21 16:30:36,830][src.opensplat_trainer][INFO] - init_gsplat_metal_context: load function rasterize_backward_kernel with label: (null)
[2026-06-21 16:30:36,830][src.opensplat_trainer][INFO] - init_gsplat_metal_context: load function project_gaussians_forward_kernel with label: (null)
[2026-06-21 16:30:36,830][src.opensplat_trainer][INFO] - init_gsplat_metal_context: load function project_gaussians_backward_kernel with label: (null)
[2026-06-21 16:30:36,830][src.opensplat_trainer][INFO] - init_gsplat_metal_context: load function compute_sh_forward_kernel with label: (null)
[2026-06-21 16:30:36,830][src.opensplat_trainer][INFO] - init_gsplat_metal_context: load function compute_sh_backward_kernel with label: (null)
[2026-06-21 16:30:36,830][src.opensplat_trainer][INFO] - init_gsplat_metal_context: load function compute_cov2d_bounds_kernel with label: (null)
[2026-06-21 16:30:36,830][src.opensplat_trainer][INFO] - init_gsplat_metal_context: load function map_gaussian_to_intersects_kernel with label: (null)
[2026-06-21 16:30:36,830][src.opensplat_trainer][INFO] - init_gsplat_metal_context: load function get_tile_bin_edges_kernel with label: (null)
[2026-06-21 16:30:36,830][src.opensplat_trainer][INFO] - Step 10: 0.335643 (20%)
[2026-06-21 16:30:37,043][src.opensplat_trainer][INFO] - Step 20: 0.316053 (40%)
[2026-06-21 16:30:37,238][src.opensplat_trainer][INFO] - Step 30: 0.28368 (60%)
[2026-06-21 16:30:37,426][src.opensplat_trainer][INFO] - Step 40: 0.301104 (80%)
[2026-06-21 16:30:37,638][src.opensplat_trainer][INFO] - Step 50: 0.302611 (100%)
[2026-06-21 16:30:37,653][src.opensplat_trainer][INFO] - Wrote /Users/bc/brendanchambers/2026-06-18-iphone-video-to-splat/data/intermediates/densify_sz0.0025_gr0.0004/colmap_sfm_linearized/splats/cameras.json
[2026-06-21 16:30:37,661][src.opensplat_trainer][INFO] - Wrote /Users/bc/brendanchambers/2026-06-18-iphone-video-to-splat/data/intermediates/densify_sz0.0025_gr0.0004/colmap_sfm_linearized/splats/densify_sz0.0025_gr0.0004_20260621_1630.ply
[2026-06-21 16:30:37,674][src.opensplat_trainer][INFO] - /Users/bc/brendanchambers/2026-06-18-iphone-video-to-splat/data/intermediates/densify_sz0.0025_gr0.0004/colmap_sfm_linearized/images/frame_0001.jpg validation loss: 0.344775
[2026-06-21 16:30:37,724][src.opensplat_trainer][INFO] - Parsed 5 training loss values to /Users/bc/brendanchambers/2026-06-18-iphone-video-to-splat/data/intermediates/densify_sz0.0025_gr0.0004/colmap_sfm_linearized/splats/train_20260621_1630.jsonl
[2026-06-21 16:30:37,724][src.opensplat_trainer][INFO] - Captured validation loss: 0.344775 to /Users/bc/brendanchambers/2026-06-18-iphone-video-to-splat/data/intermediates/densify_sz0.0025_gr0.0004/colmap_sfm_linearized/splats/val_20260621_1630.jsonl
[2026-06-21 16:30:37,724][src.opensplat_trainer][INFO] - Training completed successfully
[2026-06-21 16:30:37,725][src.opensplat_trainer][INFO] - Output saved to: /Users/bc/brendanchambers/2026-06-18-iphone-video-to-splat/data/intermediates/densify_sz0.0025_gr0.0004/colmap_sfm_linearized/splats/densify_sz0.0025_gr0.0004_20260621_1630.ply
[2026-06-21 16:30:37,725][__main__][INFO] - ✓ Splat training completed
[2026-06-21 16:30:37,725][__main__][INFO] - ============================================================
[2026-06-21 16:30:37,725][__main__][INFO] - Analyzing Training Loss
[2026-06-21 16:30:37,725][__main__][INFO] - ============================================================
[2026-06-21 16:30:37,787][src.timing_recorder][INFO] - [TIMING] ✓ Completed: splat_training (1.47s)
[2026-06-21 16:30:37,787][__main__][INFO] - 
[2026-06-21 16:30:37,787][__main__][INFO] - ╔==========================================================╗
[2026-06-21 16:30:37,787][__main__][INFO] - ║                    Pipeline Complete!                    ║
[2026-06-21 16:30:37,787][__main__][INFO] - ╚==========================================================╝
[2026-06-21 16:30:37,788][__main__][INFO] - Output directory: /Users/bc/brendanchambers/2026-06-18-iphone-video-to-splat/data/intermediates/densify_sz0.0025_gr0.0004/colmap_sfm_linearized/splats
[2026-06-21 16:30:37,788][__main__][INFO] -   - PLY file: *.ply (3D Gaussian Splat)
[2026-06-21 16:30:37,788][__main__][INFO] -   - Loss log: *.jsonl (Training loss per step)
[2026-06-21 16:30:37,788][__main__][INFO] -   - Timing log: running-time_*.jsonl (Step execution times)
[2026-06-21 16:30:37,788][src.timing_recorder][INFO] - 
[2026-06-21 16:30:37,788][src.timing_recorder][INFO] - ======================================================================
[2026-06-21 16:30:37,788][src.timing_recorder][INFO] - PIPELINE EXECUTION TIMING SUMMARY
[2026-06-21 16:30:37,788][src.timing_recorder][INFO] - ======================================================================
[2026-06-21 16:30:37,788][src.timing_recorder][INFO] - ✓ frame_extraction              0.23s  (  5.4%)
[2026-06-21 16:30:37,788][src.timing_recorder][INFO] - ✓ feature_extraction            0.72s  ( 17.0%)
[2026-06-21 16:30:37,788][src.timing_recorder][INFO] - ✓ feature_matching              0.58s  ( 13.7%)
[2026-06-21 16:30:37,788][src.timing_recorder][INFO] - ✓ sparse_reconstruction         0.55s  ( 12.9%)
[2026-06-21 16:30:37,788][src.timing_recorder][INFO] - ✓ undistortion                  0.69s  ( 16.2%)
[2026-06-21 16:30:37,788][src.timing_recorder][INFO] - ✓ splat_training                1.47s  ( 34.8%)
[2026-06-21 16:30:37,788][src.timing_recorder][INFO] - ----------------------------------------------------------------------
[2026-06-21 16:30:37,788][src.timing_recorder][INFO] - TOTAL                           4.24s  (100.0%)
[2026-06-21 16:30:37,788][src.timing_recorder][INFO] - ======================================================================
[2026-06-21 16:30:37,788][src.timing_recorder][INFO] - 
[2026-06-21 16:30:37,789][src.timing_recorder][INFO] - [TIMING] Saved timing report to: /Users/bc/brendanchambers/2026-06-18-iphone-video-to-splat/data/intermediates/densify_sz0.0025_gr0.0004/colmap_sfm_linearized/splats/running-time_20260621_1630.jsonl
[2026-06-21 16:30:37,789][__main__][INFO] - ============================================================
[2026-06-21 16:30:37,789][__main__][INFO] - Logging Experiment Results
[2026-06-21 16:30:37,789][__main__][INFO] - ============================================================
[2026-06-21 16:30:37,790][src.experiment_tracker][INFO] - Logged experiment to: /Users/bc/brendanchambers/2026-06-18-iphone-video-to-splat/reports/experiments/baseline.jsonl
[2026-06-21 16:30:37,790][__main__][INFO] - Experiment results logged to: /Users/bc/brendanchambers/2026-06-18-iphone-video-to-splat/reports/experiments/baseline.jsonl
[2026-06-21 16:30:37,790][__main__][INFO] -   Experiment: densify_sz0.0025_gr0.0004
[2026-06-21 16:30:37,790][__main__][INFO] -   Group: baseline
[2026-06-21 16:30:37,790][__main__][INFO] -   Train loss: 0.302611
[2026-06-21 16:30:37,790][__main__][INFO] -   Total time: 4.24s (0.07m)
