[2026-06-21 17:28:10,912][__main__][INFO] - 
[2026-06-21 17:28:10,912][__main__][INFO] - ╔==========================================================╗
[2026-06-21 17:28:10,912][__main__][INFO] - ║          3D Gaussian Splat Training Pipeline              ║
[2026-06-21 17:28:10,912][__main__][INFO] - ╚==========================================================╝
[2026-06-21 17:28:10,912][__main__][INFO] - Experiment: densify_sz0.0025_gr1e-05
[2026-06-21 17:28:10,912][__main__][INFO] - Project dir: /Users/bc/brendanchambers/2026-06-18-iphone-video-to-splat
[2026-06-21 17:28:10,912][__main__][INFO] - 
[2026-06-21 17:28:10,912][src.timing_recorder][INFO] - [TIMING] Starting: frame_extraction
[2026-06-21 17:28:10,912][__main__][INFO] - ============================================================
[2026-06-21 17:28:10,912][__main__][INFO] - STEP 1: Frame Extraction
[2026-06-21 17:28:10,912][__main__][INFO] - ============================================================
[2026-06-21 17:28:10,913][src.frame_extractor][INFO] - Extracting frames from: /Users/bc/brendanchambers/2026-06-18-iphone-video-to-splat/data/incoming/movies/teensy.mov
[2026-06-21 17:28:10,913][src.frame_extractor][INFO] - Output directory: /Users/bc/brendanchambers/2026-06-18-iphone-video-to-splat/data/intermediates/densify_sz0.0025_gr1e-05/colmap_sfm_camera_model/images
[2026-06-21 17:28:10,913][src.frame_extractor][INFO] - Extracting frames at 2 fps
[2026-06-21 17:28:10,913][src.frame_extractor][INFO] - Running command: ffmpeg -i /Users/bc/brendanchambers/2026-06-18-iphone-video-to-splat/data/incoming/movies/teensy.mov -vf fps=2 -q:v 5 /Users/bc/brendanchambers/2026-06-18-iphone-video-to-splat/data/intermediates/densify_sz0.0025_gr1e-05/colmap_sfm_camera_model/images/frame_%04d.jpg
[2026-06-21 17:28:10,929][src.frame_extractor][INFO] - ffmpeg version 8.1.2 Copyright (c) 2000-2026 the FFmpeg developers
[2026-06-21 17:28:10,929][src.frame_extractor][INFO] -   built with Apple clang version 17.0.0 (clang-1700.6.4.2)
[2026-06-21 17:28:10,929][src.frame_extractor][INFO] -   configuration: --prefix=/opt/homebrew/Cellar/ffmpeg/8.1.2 --enable-shared --enable-pthreads --enable-version3 --cc=clang --host-cflags= --host-ldflags= --enable-ffplay --enable-gpl --enable-libsvtav1 --enable-libopus --enable-libx264 --enable-libmp3lame --enable-libdav1d --enable-libvmaf --enable-libvpx --enable-libx265 --enable-openssl --enable-videotoolbox --enable-audiotoolbox --enable-neon
[2026-06-21 17:28:10,929][src.frame_extractor][INFO] -   libavutil      60. 26.102 / 60. 26.102
[2026-06-21 17:28:10,929][src.frame_extractor][INFO] -   libavcodec     62. 28.102 / 62. 28.102
[2026-06-21 17:28:10,929][src.frame_extractor][INFO] -   libavformat    62. 12.102 / 62. 12.102
[2026-06-21 17:28:10,929][src.frame_extractor][INFO] -   libavdevice    62.  3.102 / 62.  3.102
[2026-06-21 17:28:10,929][src.frame_extractor][INFO] -   libavfilter    11. 14.102 / 11. 14.102
[2026-06-21 17:28:10,929][src.frame_extractor][INFO] -   libswscale      9.  5.102 /  9.  5.102
[2026-06-21 17:28:10,929][src.frame_extractor][INFO] -   libswresample   6.  3.102 /  6.  3.102
[2026-06-21 17:28:10,944][src.frame_extractor][INFO] - Input #0, mov,mp4,m4a,3gp,3g2,mj2, from '/Users/bc/brendanchambers/2026-06-18-iphone-video-to-splat/data/incoming/movies/teensy.mov':
[2026-06-21 17:28:10,944][src.frame_extractor][INFO] -   Metadata:
[2026-06-21 17:28:10,944][src.frame_extractor][INFO] -     major_brand     : qt
[2026-06-21 17:28:10,944][src.frame_extractor][INFO] -     minor_version   : 512
[2026-06-21 17:28:10,944][src.frame_extractor][INFO] -     compatible_brands: qt
[2026-06-21 17:28:10,944][src.frame_extractor][INFO] -     encoder         : Lavf62.12.102
[2026-06-21 17:28:10,944][src.frame_extractor][INFO] -   Duration: 00:00:04.01, start: 0.000000, bitrate: 19786 kb/s
[2026-06-21 17:28:10,944][src.frame_extractor][INFO] -   Stream #0:0[0x1]: Video: h264 (High) (avc1 / 0x31637661), yuv420p(tv, bt709, progressive), 1080x1920, 19646 kb/s, 29.67 fps, 29.67 tbr, 11392 tbn (default)
[2026-06-21 17:28:10,944][src.frame_extractor][INFO] -     Metadata:
[2026-06-21 17:28:10,944][src.frame_extractor][INFO] -       handler_name    : Core Media Video
[2026-06-21 17:28:10,944][src.frame_extractor][INFO] -       vendor_id       : FFMP
[2026-06-21 17:28:10,944][src.frame_extractor][INFO] -       encoder         : Lavc62.28.102 libx264
[2026-06-21 17:28:10,944][src.frame_extractor][INFO] -   Stream #0:1[0x2]: Audio: aac (LC) (mp4a / 0x6134706D), 48000 Hz, stereo, fltp, 128 kb/s (default)
[2026-06-21 17:28:10,944][src.frame_extractor][INFO] -     Metadata:
[2026-06-21 17:28:10,944][src.frame_extractor][INFO] -       handler_name    : Core Media Audio
[2026-06-21 17:28:10,944][src.frame_extractor][INFO] -       vendor_id       : [0][0][0][0]
[2026-06-21 17:28:10,944][src.frame_extractor][INFO] - Stream mapping:
[2026-06-21 17:28:10,944][src.frame_extractor][INFO] -   Stream #0:0 -> #0:0 (h264 (native) -> mjpeg (native))
[2026-06-21 17:28:10,944][src.frame_extractor][INFO] - Press [q] to stop, [?] for help
[2026-06-21 17:28:10,994][src.frame_extractor][INFO] - Output #0, image2, to '/Users/bc/brendanchambers/2026-06-18-iphone-video-to-splat/data/intermediates/densify_sz0.0025_gr1e-05/colmap_sfm_camera_model/images/frame_%04d.jpg':
[2026-06-21 17:28:10,994][src.frame_extractor][INFO] -   Metadata:
[2026-06-21 17:28:10,994][src.frame_extractor][INFO] -     major_brand     : qt
[2026-06-21 17:28:10,994][src.frame_extractor][INFO] -     minor_version   : 512
[2026-06-21 17:28:10,994][src.frame_extractor][INFO] -     compatible_brands: qt
[2026-06-21 17:28:10,994][src.frame_extractor][INFO] -     encoder         : Lavf62.12.102
[2026-06-21 17:28:10,994][src.frame_extractor][INFO] -   Stream #0:0: Video: mjpeg, yuv420p(pc, bt709, progressive), 1080x1920, q=2-31, 200 kb/s, 2 fps, 2 tbn (default)
[2026-06-21 17:28:10,994][src.frame_extractor][INFO] -     Metadata:
[2026-06-21 17:28:10,994][src.frame_extractor][INFO] -       encoder         : Lavc62.28.102 mjpeg
[2026-06-21 17:28:10,994][src.frame_extractor][INFO] -       handler_name    : Core Media Video
[2026-06-21 17:28:10,994][src.frame_extractor][INFO] -       vendor_id       : FFMP
[2026-06-21 17:28:10,994][src.frame_extractor][INFO] -     Side data:
[2026-06-21 17:28:10,994][src.frame_extractor][INFO] -       CPB properties: bitrate max/min/avg: 0/0/200000 buffer size: 0 vbv_delay: N/A
[2026-06-21 17:28:11,136][src.frame_extractor][INFO] - [out#0/image2 @ 0x6000038186c0] video:3120KiB audio:0KiB subtitle:0KiB other streams:0KiB global headers:0KiB muxing overhead: unknown
[2026-06-21 17:28:11,136][src.frame_extractor][INFO] - frame=    8 fps=0.0 q=5.0 Lsize=N/A time=00:00:04.00 bitrate=N/A speed=20.9x elapsed=0:00:00.19
[2026-06-21 17:28:11,139][src.frame_extractor][INFO] - Successfully extracted 8 frames
[2026-06-21 17:28:11,139][__main__][INFO] - ✓ Frame extraction completed
[2026-06-21 17:28:11,139][src.timing_recorder][INFO] - [TIMING] ✓ Completed: frame_extraction (0.23s)
[2026-06-21 17:28:11,139][src.timing_recorder][INFO] - [TIMING] Starting: feature_extraction
[2026-06-21 17:28:11,139][__main__][INFO] - ============================================================
[2026-06-21 17:28:11,139][__main__][INFO] - STEP 2: Feature Extraction
[2026-06-21 17:28:11,139][__main__][INFO] - ============================================================
[2026-06-21 17:28:11,140][src.colmap_feature_extractor][INFO] - Extracting features from images: /Users/bc/brendanchambers/2026-06-18-iphone-video-to-splat/data/intermediates/densify_sz0.0025_gr1e-05/colmap_sfm_camera_model/images
[2026-06-21 17:28:11,140][src.colmap_feature_extractor][INFO] - Database: /Users/bc/brendanchambers/2026-06-18-iphone-video-to-splat/data/intermediates/densify_sz0.0025_gr1e-05/colmap_sfm_camera_model/database.db
[2026-06-21 17:28:11,140][src.colmap_feature_extractor][INFO] - Running: colmap feature_extractor
[2026-06-21 17:28:11,307][src.colmap_feature_extractor][INFO] - I20260621 17:28:11.306020 0x16dae3000 feature_extraction.cc:504] === Feature extraction ===
[2026-06-21 17:28:11,320][src.colmap_feature_extractor][INFO] - I20260621 17:28:11.320296 0x16e0e7000 sift.cc:757] Creating SIFT GPU feature extractor
[2026-06-21 17:28:11,466][src.colmap_feature_extractor][INFO] - I20260621 17:28:11.466742 0x16e173000 feature_extraction.cc:282] Processed file [1/8]
[2026-06-21 17:28:11,466][src.colmap_feature_extractor][INFO] - I20260621 17:28:11.466759 0x16e173000 feature_extraction.cc:285]   Name:            frame_0001.jpg
[2026-06-21 17:28:11,466][src.colmap_feature_extractor][INFO] - I20260621 17:28:11.466767 0x16e173000 feature_extraction.cc:294]   Dimensions:      1080 x 1920
[2026-06-21 17:28:11,466][src.colmap_feature_extractor][INFO] - I20260621 17:28:11.466769 0x16e173000 feature_extraction.cc:297]   Camera:          #1 - RADIAL
[2026-06-21 17:28:11,467][src.colmap_feature_extractor][INFO] - I20260621 17:28:11.466771 0x16e173000 feature_extraction.cc:300]   Focal Length:    2304.00px
[2026-06-21 17:28:11,467][src.colmap_feature_extractor][INFO] - I20260621 17:28:11.466774 0x16e173000 feature_extraction.cc:304]   Features:        4449 (SIFT)
[2026-06-21 17:28:11,525][src.colmap_feature_extractor][INFO] - I20260621 17:28:11.525735 0x16e173000 feature_extraction.cc:282] Processed file [2/8]
[2026-06-21 17:28:11,525][src.colmap_feature_extractor][INFO] - I20260621 17:28:11.525749 0x16e173000 feature_extraction.cc:285]   Name:            frame_0002.jpg
[2026-06-21 17:28:11,525][src.colmap_feature_extractor][INFO] - I20260621 17:28:11.525751 0x16e173000 feature_extraction.cc:294]   Dimensions:      1080 x 1920
[2026-06-21 17:28:11,525][src.colmap_feature_extractor][INFO] - I20260621 17:28:11.525753 0x16e173000 feature_extraction.cc:297]   Camera:          #1 - RADIAL
[2026-06-21 17:28:11,525][src.colmap_feature_extractor][INFO] - I20260621 17:28:11.525755 0x16e173000 feature_extraction.cc:300]   Focal Length:    2304.00px
[2026-06-21 17:28:11,525][src.colmap_feature_extractor][INFO] - I20260621 17:28:11.525758 0x16e173000 feature_extraction.cc:304]   Features:        4766 (SIFT)
[2026-06-21 17:28:11,579][src.colmap_feature_extractor][INFO] - I20260621 17:28:11.579164 0x16e173000 feature_extraction.cc:282] Processed file [3/8]
[2026-06-21 17:28:11,579][src.colmap_feature_extractor][INFO] - I20260621 17:28:11.579181 0x16e173000 feature_extraction.cc:285]   Name:            frame_0003.jpg
[2026-06-21 17:28:11,579][src.colmap_feature_extractor][INFO] - I20260621 17:28:11.579183 0x16e173000 feature_extraction.cc:294]   Dimensions:      1080 x 1920
[2026-06-21 17:28:11,579][src.colmap_feature_extractor][INFO] - I20260621 17:28:11.579185 0x16e173000 feature_extraction.cc:297]   Camera:          #1 - RADIAL
[2026-06-21 17:28:11,579][src.colmap_feature_extractor][INFO] - I20260621 17:28:11.579187 0x16e173000 feature_extraction.cc:300]   Focal Length:    2304.00px
[2026-06-21 17:28:11,579][src.colmap_feature_extractor][INFO] - I20260621 17:28:11.579190 0x16e173000 feature_extraction.cc:304]   Features:        5561 (SIFT)
[2026-06-21 17:28:11,634][src.colmap_feature_extractor][INFO] - I20260621 17:28:11.634170 0x16e173000 feature_extraction.cc:282] Processed file [4/8]
[2026-06-21 17:28:11,634][src.colmap_feature_extractor][INFO] - I20260621 17:28:11.634187 0x16e173000 feature_extraction.cc:285]   Name:            frame_0004.jpg
[2026-06-21 17:28:11,634][src.colmap_feature_extractor][INFO] - I20260621 17:28:11.634190 0x16e173000 feature_extraction.cc:294]   Dimensions:      1080 x 1920
[2026-06-21 17:28:11,634][src.colmap_feature_extractor][INFO] - I20260621 17:28:11.634191 0x16e173000 feature_extraction.cc:297]   Camera:          #1 - RADIAL
[2026-06-21 17:28:11,634][src.colmap_feature_extractor][INFO] - I20260621 17:28:11.634193 0x16e173000 feature_extraction.cc:300]   Focal Length:    2304.00px
[2026-06-21 17:28:11,634][src.colmap_feature_extractor][INFO] - I20260621 17:28:11.634196 0x16e173000 feature_extraction.cc:304]   Features:        6351 (SIFT)
[2026-06-21 17:28:11,687][src.colmap_feature_extractor][INFO] - I20260621 17:28:11.687824 0x16e173000 feature_extraction.cc:282] Processed file [5/8]
[2026-06-21 17:28:11,687][src.colmap_feature_extractor][INFO] - I20260621 17:28:11.687842 0x16e173000 feature_extraction.cc:285]   Name:            frame_0005.jpg
[2026-06-21 17:28:11,687][src.colmap_feature_extractor][INFO] - I20260621 17:28:11.687844 0x16e173000 feature_extraction.cc:294]   Dimensions:      1080 x 1920
[2026-06-21 17:28:11,688][src.colmap_feature_extractor][INFO] - I20260621 17:28:11.687846 0x16e173000 feature_extraction.cc:297]   Camera:          #1 - RADIAL
[2026-06-21 17:28:11,688][src.colmap_feature_extractor][INFO] - I20260621 17:28:11.687848 0x16e173000 feature_extraction.cc:300]   Focal Length:    2304.00px
[2026-06-21 17:28:11,688][src.colmap_feature_extractor][INFO] - I20260621 17:28:11.687850 0x16e173000 feature_extraction.cc:304]   Features:        4609 (SIFT)
[2026-06-21 17:28:11,743][src.colmap_feature_extractor][INFO] - I20260621 17:28:11.742997 0x16e173000 feature_extraction.cc:282] Processed file [6/8]
[2026-06-21 17:28:11,743][src.colmap_feature_extractor][INFO] - I20260621 17:28:11.743016 0x16e173000 feature_extraction.cc:285]   Name:            frame_0006.jpg
[2026-06-21 17:28:11,743][src.colmap_feature_extractor][INFO] - I20260621 17:28:11.743018 0x16e173000 feature_extraction.cc:294]   Dimensions:      1080 x 1920
[2026-06-21 17:28:11,743][src.colmap_feature_extractor][INFO] - I20260621 17:28:11.743059 0x16e173000 feature_extraction.cc:297]   Camera:          #1 - RADIAL
[2026-06-21 17:28:11,743][src.colmap_feature_extractor][INFO] - I20260621 17:28:11.743096 0x16e173000 feature_extraction.cc:300]   Focal Length:    2304.00px
[2026-06-21 17:28:11,743][src.colmap_feature_extractor][INFO] - I20260621 17:28:11.743106 0x16e173000 feature_extraction.cc:304]   Features:        4916 (SIFT)
[2026-06-21 17:28:11,797][src.colmap_feature_extractor][INFO] - I20260621 17:28:11.797562 0x16e173000 feature_extraction.cc:282] Processed file [7/8]
[2026-06-21 17:28:11,797][src.colmap_feature_extractor][INFO] - I20260621 17:28:11.797579 0x16e173000 feature_extraction.cc:285]   Name:            frame_0007.jpg
[2026-06-21 17:28:11,797][src.colmap_feature_extractor][INFO] - I20260621 17:28:11.797581 0x16e173000 feature_extraction.cc:294]   Dimensions:      1080 x 1920
[2026-06-21 17:28:11,797][src.colmap_feature_extractor][INFO] - I20260621 17:28:11.797592 0x16e173000 feature_extraction.cc:297]   Camera:          #1 - RADIAL
[2026-06-21 17:28:11,797][src.colmap_feature_extractor][INFO] - I20260621 17:28:11.797595 0x16e173000 feature_extraction.cc:300]   Focal Length:    2304.00px
[2026-06-21 17:28:11,797][src.colmap_feature_extractor][INFO] - I20260621 17:28:11.797598 0x16e173000 feature_extraction.cc:304]   Features:        4134 (SIFT)
[2026-06-21 17:28:11,854][src.colmap_feature_extractor][INFO] - I20260621 17:28:11.854465 0x16e173000 feature_extraction.cc:282] Processed file [8/8]
[2026-06-21 17:28:11,854][src.colmap_feature_extractor][INFO] - I20260621 17:28:11.854517 0x16e173000 feature_extraction.cc:285]   Name:            frame_0008.jpg
[2026-06-21 17:28:11,854][src.colmap_feature_extractor][INFO] - I20260621 17:28:11.854520 0x16e173000 feature_extraction.cc:294]   Dimensions:      1080 x 1920
[2026-06-21 17:28:11,854][src.colmap_feature_extractor][INFO] - I20260621 17:28:11.854522 0x16e173000 feature_extraction.cc:297]   Camera:          #1 - RADIAL
[2026-06-21 17:28:11,854][src.colmap_feature_extractor][INFO] - I20260621 17:28:11.854524 0x16e173000 feature_extraction.cc:300]   Focal Length:    2304.00px
[2026-06-21 17:28:11,854][src.colmap_feature_extractor][INFO] - I20260621 17:28:11.854527 0x16e173000 feature_extraction.cc:304]   Features:        6773 (SIFT)
[2026-06-21 17:28:11,858][src.colmap_feature_extractor][INFO] - I20260621 17:28:11.858083 0x16dae3000 timer.cc:90] Elapsed time: 0.009 [minutes]
[2026-06-21 17:28:11,878][src.colmap_feature_extractor][INFO] - Feature extraction completed successfully
[2026-06-21 17:28:11,878][__main__][INFO] - ✓ Feature extraction completed
[2026-06-21 17:28:11,878][src.timing_recorder][INFO] - [TIMING] ✓ Completed: feature_extraction (0.74s)
[2026-06-21 17:28:11,878][src.timing_recorder][INFO] - [TIMING] Starting: feature_matching
[2026-06-21 17:28:11,878][__main__][INFO] - ============================================================
[2026-06-21 17:28:11,878][__main__][INFO] - STEP 3: Feature Matching
[2026-06-21 17:28:11,878][__main__][INFO] - ============================================================
[2026-06-21 17:28:11,879][src.colmap_feature_matcher][INFO] - Matching features in database: /Users/bc/brendanchambers/2026-06-18-iphone-video-to-splat/data/intermediates/densify_sz0.0025_gr1e-05/colmap_sfm_camera_model/database.db
[2026-06-21 17:28:11,879][src.colmap_feature_matcher][INFO] - Running: colmap sequential_matcher
[2026-06-21 17:28:12,047][src.colmap_feature_matcher][INFO] - I20260621 17:28:12.046463 0x16d6b7000 feature_matching.cc:195] === Feature matching & geometric verification ===
[2026-06-21 17:28:12,063][src.colmap_feature_matcher][INFO] - I20260621 17:28:12.063103 0x16d743000 sift.cc:1559] Creating SIFT GPU feature matcher
[2026-06-21 17:28:12,088][src.colmap_feature_matcher][INFO] - I20260621 17:28:12.088067 0x16d6b7000 pairing.cc:415] Generating sequential image pairs...
[2026-06-21 17:28:12,088][src.colmap_feature_matcher][INFO] - I20260621 17:28:12.088149 0x16d6b7000 pairing.cc:473] Processing image [1/8]
[2026-06-21 17:28:12,166][src.colmap_feature_matcher][INFO] - I20260621 17:28:12.166927 0x16d6b7000 feature_matching.cc:217] in 0.079s
[2026-06-21 17:28:12,167][src.colmap_feature_matcher][INFO] - I20260621 17:28:12.166938 0x16d6b7000 pairing.cc:473] Processing image [2/8]
[2026-06-21 17:28:12,225][src.colmap_feature_matcher][INFO] - I20260621 17:28:12.225880 0x16d6b7000 feature_matching.cc:217] in 0.059s
[2026-06-21 17:28:12,225][src.colmap_feature_matcher][INFO] - I20260621 17:28:12.225891 0x16d6b7000 pairing.cc:473] Processing image [3/8]
[2026-06-21 17:28:12,288][src.colmap_feature_matcher][INFO] - I20260621 17:28:12.288482 0x16d6b7000 feature_matching.cc:217] in 0.063s
[2026-06-21 17:28:12,288][src.colmap_feature_matcher][INFO] - I20260621 17:28:12.288491 0x16d6b7000 pairing.cc:473] Processing image [4/8]
[2026-06-21 17:28:12,361][src.colmap_feature_matcher][INFO] - I20260621 17:28:12.361594 0x16d6b7000 feature_matching.cc:217] in 0.073s
[2026-06-21 17:28:12,361][src.colmap_feature_matcher][INFO] - I20260621 17:28:12.361602 0x16d6b7000 pairing.cc:473] Processing image [5/8]
[2026-06-21 17:28:12,393][src.colmap_feature_matcher][INFO] - I20260621 17:28:12.393379 0x16d6b7000 feature_matching.cc:217] in 0.032s
[2026-06-21 17:28:12,393][src.colmap_feature_matcher][INFO] - I20260621 17:28:12.393384 0x16d6b7000 pairing.cc:473] Processing image [6/8]
[2026-06-21 17:28:12,434][src.colmap_feature_matcher][INFO] - I20260621 17:28:12.434193 0x16d6b7000 feature_matching.cc:217] in 0.041s
[2026-06-21 17:28:12,434][src.colmap_feature_matcher][INFO] - I20260621 17:28:12.434201 0x16d6b7000 pairing.cc:473] Processing image [7/8]
[2026-06-21 17:28:12,456][src.colmap_feature_matcher][INFO] - I20260621 17:28:12.456544 0x16d6b7000 feature_matching.cc:217] in 0.022s
[2026-06-21 17:28:12,456][src.colmap_feature_matcher][INFO] - I20260621 17:28:12.456549 0x16d6b7000 pairing.cc:473] Processing image [8/8]
[2026-06-21 17:28:12,456][src.colmap_feature_matcher][INFO] - I20260621 17:28:12.456551 0x16d6b7000 feature_matching.cc:217] in 0.000s
[2026-06-21 17:28:12,456][src.colmap_feature_matcher][INFO] - I20260621 17:28:12.456557 0x16d6b7000 timer.cc:90] Elapsed time: 0.007 [minutes]
[2026-06-21 17:28:12,465][src.colmap_feature_matcher][INFO] - Feature matching completed successfully
[2026-06-21 17:28:12,465][__main__][INFO] - ✓ Feature matching completed
[2026-06-21 17:28:12,465][src.timing_recorder][INFO] - [TIMING] ✓ Completed: feature_matching (0.59s)
[2026-06-21 17:28:12,465][src.timing_recorder][INFO] - [TIMING] Starting: sparse_reconstruction
[2026-06-21 17:28:12,465][__main__][INFO] - ============================================================
[2026-06-21 17:28:12,465][__main__][INFO] - STEP 4: Sparse Reconstruction
[2026-06-21 17:28:12,465][__main__][INFO] - ============================================================
[2026-06-21 17:28:12,467][src.colmap_mapper][INFO] - Performing sparse reconstruction
[2026-06-21 17:28:12,467][src.colmap_mapper][INFO] - Database: /Users/bc/brendanchambers/2026-06-18-iphone-video-to-splat/data/intermediates/densify_sz0.0025_gr1e-05/colmap_sfm_camera_model/database.db
[2026-06-21 17:28:12,467][src.colmap_mapper][INFO] - Images: /Users/bc/brendanchambers/2026-06-18-iphone-video-to-splat/data/intermediates/densify_sz0.0025_gr1e-05/colmap_sfm_camera_model/images
[2026-06-21 17:28:12,467][src.colmap_mapper][INFO] - Output: /Users/bc/brendanchambers/2026-06-18-iphone-video-to-splat/data/intermediates/densify_sz0.0025_gr1e-05/colmap_sfm_camera_model/sparse
[2026-06-21 17:28:12,467][src.colmap_mapper][INFO] - Running: colmap mapper
[2026-06-21 17:28:12,518][src.colmap_mapper][INFO] - I20260621 17:28:12.517467 0x1fde420c0 incremental_pipeline.cc:278] Loading database
[2026-06-21 17:28:12,518][src.colmap_mapper][INFO] - I20260621 17:28:12.517968 0x1fde420c0 database_cache.cc:72] Loading rigs...
[2026-06-21 17:28:12,518][src.colmap_mapper][INFO] - I20260621 17:28:12.517990 0x1fde420c0 database_cache.cc:82]  1 in 0.000s
[2026-06-21 17:28:12,518][src.colmap_mapper][INFO] - I20260621 17:28:12.517994 0x1fde420c0 database_cache.cc:90] Loading cameras...
[2026-06-21 17:28:12,518][src.colmap_mapper][INFO] - I20260621 17:28:12.518003 0x1fde420c0 database_cache.cc:108]  1 in 0.000s
[2026-06-21 17:28:12,518][src.colmap_mapper][INFO] - I20260621 17:28:12.518005 0x1fde420c0 database_cache.cc:116] Loading frames...
[2026-06-21 17:28:12,518][src.colmap_mapper][INFO] - I20260621 17:28:12.518023 0x1fde420c0 database_cache.cc:126]  8 in 0.000s
[2026-06-21 17:28:12,518][src.colmap_mapper][INFO] - I20260621 17:28:12.518025 0x1fde420c0 database_cache.cc:134] Loading matches...
[2026-06-21 17:28:12,518][src.colmap_mapper][INFO] - I20260621 17:28:12.518085 0x1fde420c0 database_cache.cc:139]  17 in 0.000s
[2026-06-21 17:28:12,518][src.colmap_mapper][INFO] - I20260621 17:28:12.518087 0x1fde420c0 database_cache.cc:147] Loading images...
[2026-06-21 17:28:12,518][src.colmap_mapper][INFO] - I20260621 17:28:12.518616 0x1fde420c0 database_cache.cc:241]  8 in 0.001s (connected 8, loaded 8)
[2026-06-21 17:28:12,518][src.colmap_mapper][INFO] - I20260621 17:28:12.518619 0x1fde420c0 database_cache.cc:255] Loading pose priors...
[2026-06-21 17:28:12,518][src.colmap_mapper][INFO] - I20260621 17:28:12.518625 0x1fde420c0 database_cache.cc:263]  0 in 0.000s
[2026-06-21 17:28:12,518][src.colmap_mapper][INFO] - I20260621 17:28:12.518627 0x1fde420c0 database_cache.cc:271] Building correspondence graph...
[2026-06-21 17:28:12,519][src.colmap_mapper][INFO] - I20260621 17:28:12.519454 0x1fde420c0 database_cache.cc:300]  in 0.001s (ignored 0)
[2026-06-21 17:28:12,519][src.colmap_mapper][INFO] - I20260621 17:28:12.519457 0x1fde420c0 timer.cc:90] Elapsed time: 0.000 [minutes]
[2026-06-21 17:28:12,519][src.colmap_mapper][INFO] - I20260621 17:28:12.519558 0x1fde420c0 incremental_pipeline.cc:390] Finding good initial image pair
[2026-06-21 17:28:12,529][src.colmap_mapper][INFO] - I20260621 17:28:12.529288 0x1fde420c0 incremental_pipeline.cc:414] Registering initial image pair #6 and #2
[2026-06-21 17:28:12,529][src.colmap_mapper][INFO] - I20260621 17:28:12.529723 0x1fde420c0 incremental_pipeline.cc:432] Global bundle adjustment
[2026-06-21 17:28:12,551][src.colmap_mapper][INFO] - I20260621 17:28:12.551228 0x1fde420c0 incremental_pipeline.cc:537] Registering image #3 (num_reg_frames=2)
[2026-06-21 17:28:12,551][src.colmap_mapper][INFO] - I20260621 17:28:12.551234 0x1fde420c0 incremental_pipeline.cc:540] => Image sees 85 / 1892 points
[2026-06-21 17:28:12,564][src.colmap_mapper][INFO] - I20260621 17:28:12.564264 0x1fde420c0 incremental_pipeline.cc:79] Retriangulation and Global bundle adjustment
[2026-06-21 17:28:12,575][src.colmap_mapper][INFO] - I20260621 17:28:12.575323 0x1fde420c0 incremental_pipeline.cc:537] Registering image #1 (num_reg_frames=3)
[2026-06-21 17:28:12,575][src.colmap_mapper][INFO] - I20260621 17:28:12.575327 0x1fde420c0 incremental_pipeline.cc:540] => Image sees 465 / 1825 points
[2026-06-21 17:28:12,594][src.colmap_mapper][INFO] - I20260621 17:28:12.594762 0x1fde420c0 incremental_pipeline.cc:79] Retriangulation and Global bundle adjustment
[2026-06-21 17:28:12,606][src.colmap_mapper][INFO] - I20260621 17:28:12.606503 0x1fde420c0 incremental_pipeline.cc:537] Registering image #4 (num_reg_frames=4)
[2026-06-21 17:28:12,606][src.colmap_mapper][INFO] - I20260621 17:28:12.606509 0x1fde420c0 incremental_pipeline.cc:540] => Image sees 362 / 3027 points
[2026-06-21 17:28:12,669][src.colmap_mapper][INFO] - I20260621 17:28:12.669581 0x1fde420c0 incremental_pipeline.cc:79] Retriangulation and Global bundle adjustment
[2026-06-21 17:28:12,693][src.colmap_mapper][INFO] - I20260621 17:28:12.693703 0x1fde420c0 incremental_pipeline.cc:537] Registering image #5 (num_reg_frames=5)
[2026-06-21 17:28:12,693][src.colmap_mapper][INFO] - I20260621 17:28:12.693710 0x1fde420c0 incremental_pipeline.cc:540] => Image sees 1063 / 2461 points
[2026-06-21 17:28:12,752][src.colmap_mapper][INFO] - I20260621 17:28:12.752761 0x1fde420c0 incremental_pipeline.cc:79] Retriangulation and Global bundle adjustment
[2026-06-21 17:28:12,770][src.colmap_mapper][INFO] - I20260621 17:28:12.770653 0x1fde420c0 incremental_pipeline.cc:537] Registering image #7 (num_reg_frames=6)
[2026-06-21 17:28:12,770][src.colmap_mapper][INFO] - I20260621 17:28:12.770660 0x1fde420c0 incremental_pipeline.cc:540] => Image sees 435 / 1676 points
[2026-06-21 17:28:12,806][src.colmap_mapper][INFO] - I20260621 17:28:12.806552 0x1fde420c0 incremental_pipeline.cc:79] Retriangulation and Global bundle adjustment
[2026-06-21 17:28:12,842][src.colmap_mapper][INFO] - I20260621 17:28:12.842897 0x1fde420c0 incremental_pipeline.cc:537] Registering image #8 (num_reg_frames=7)
[2026-06-21 17:28:12,843][src.colmap_mapper][INFO] - I20260621 17:28:12.842905 0x1fde420c0 incremental_pipeline.cc:540] => Image sees 482 / 1376 points
[2026-06-21 17:28:12,876][src.colmap_mapper][INFO] - I20260621 17:28:12.876712 0x1fde420c0 incremental_pipeline.cc:79] Retriangulation and Global bundle adjustment
[2026-06-21 17:28:12,915][src.colmap_mapper][INFO] - I20260621 17:28:12.915650 0x1fde420c0 incremental_pipeline.cc:79] Retriangulation and Global bundle adjustment
[2026-06-21 17:28:12,924][src.colmap_mapper][INFO] - I20260621 17:28:12.924473 0x1fde420c0 incremental_pipeline.cc:723] Keeping successful reconstruction
[2026-06-21 17:28:12,926][src.colmap_mapper][INFO] - I20260621 17:28:12.926761 0x1fde420c0 timer.cc:90] Elapsed time: 0.007 [minutes]
[2026-06-21 17:28:12,930][src.colmap_mapper][INFO] - Sparse reconstruction completed successfully
[2026-06-21 17:28:12,930][__main__][INFO] - ✓ Sparse reconstruction completed
[2026-06-21 17:28:12,930][src.timing_recorder][INFO] - [TIMING] ✓ Completed: sparse_reconstruction (0.46s)
[2026-06-21 17:28:12,930][src.timing_recorder][INFO] - [TIMING] Starting: undistortion
[2026-06-21 17:28:12,930][__main__][INFO] - ============================================================
[2026-06-21 17:28:12,930][__main__][INFO] - STEP 5: Image Undistortion
[2026-06-21 17:28:12,930][__main__][INFO] - ============================================================
[2026-06-21 17:28:12,932][src.colmap_undistorter][INFO] - Undistorting images
[2026-06-21 17:28:12,932][src.colmap_undistorter][INFO] - Input model: /Users/bc/brendanchambers/2026-06-18-iphone-video-to-splat/data/intermediates/densify_sz0.0025_gr1e-05/colmap_sfm_camera_model/sparse/0
[2026-06-21 17:28:12,932][src.colmap_undistorter][INFO] - Images: /Users/bc/brendanchambers/2026-06-18-iphone-video-to-splat/data/intermediates/densify_sz0.0025_gr1e-05/colmap_sfm_camera_model/images
[2026-06-21 17:28:12,932][src.colmap_undistorter][INFO] - Output: /Users/bc/brendanchambers/2026-06-18-iphone-video-to-splat/data/intermediates/densify_sz0.0025_gr1e-05/colmap_sfm_linearized
[2026-06-21 17:28:12,932][src.colmap_undistorter][INFO] - Running: colmap image_undistorter
[2026-06-21 17:28:12,981][src.colmap_undistorter][INFO] - I20260621 17:28:12.980729 0x1fde420c0 image.cc:368] === Reading reconstruction ===
[2026-06-21 17:28:12,983][src.colmap_undistorter][INFO] - I20260621 17:28:12.983016 0x1fde420c0 image.cc:371] => Reconstruction with 8 images and 2190 points
[2026-06-21 17:28:12,983][src.colmap_undistorter][INFO] - I20260621 17:28:12.983025 0x1fde420c0 undistorters.cc:166] === Image undistortion ===
[2026-06-21 17:28:12,983][src.colmap_undistorter][INFO] - I20260621 17:28:12.983420 0x1fde420c0 undistorters.cc:205] Undistorting image [1/8]
[2026-06-21 17:28:13,578][src.colmap_undistorter][INFO] - I20260621 17:28:13.578311 0x1fde420c0 undistorters.cc:205] Undistorting image [2/8]
[2026-06-21 17:28:13,592][src.colmap_undistorter][INFO] - I20260621 17:28:13.592617 0x1fde420c0 undistorters.cc:205] Undistorting image [3/8]
[2026-06-21 17:28:13,592][src.colmap_undistorter][INFO] - I20260621 17:28:13.592632 0x1fde420c0 undistorters.cc:205] Undistorting image [4/8]
[2026-06-21 17:28:13,605][src.colmap_undistorter][INFO] - I20260621 17:28:13.605611 0x1fde420c0 undistorters.cc:205] Undistorting image [5/8]
[2026-06-21 17:28:13,605][src.colmap_undistorter][INFO] - I20260621 17:28:13.605620 0x1fde420c0 undistorters.cc:205] Undistorting image [6/8]
[2026-06-21 17:28:13,605][src.colmap_undistorter][INFO] - I20260621 17:28:13.605622 0x1fde420c0 undistorters.cc:205] Undistorting image [7/8]
[2026-06-21 17:28:13,605][src.colmap_undistorter][INFO] - I20260621 17:28:13.605623 0x1fde420c0 undistorters.cc:205] Undistorting image [8/8]
[2026-06-21 17:28:13,611][src.colmap_undistorter][INFO] - I20260621 17:28:13.611082 0x1fde420c0 undistorters.cc:213] Writing reconstruction...
[2026-06-21 17:28:13,615][src.colmap_undistorter][INFO] - I20260621 17:28:13.615798 0x1fde420c0 undistorters.cc:218] Writing configuration...
[2026-06-21 17:28:13,616][src.colmap_undistorter][INFO] - I20260621 17:28:13.616551 0x1fde420c0 undistorters.cc:222] Writing scripts...
[2026-06-21 17:28:13,616][src.colmap_undistorter][INFO] - I20260621 17:28:13.616653 0x1fde420c0 timer.cc:90] Elapsed time: 0.011 [minutes]
[2026-06-21 17:28:13,620][src.colmap_undistorter][INFO] - Image undistortion completed successfully
[2026-06-21 17:28:13,620][__main__][INFO] - ✓ Image undistortion completed
[2026-06-21 17:28:13,620][src.timing_recorder][INFO] - [TIMING] ✓ Completed: undistortion (0.69s)
[2026-06-21 17:28:13,620][src.timing_recorder][INFO] - [TIMING] Starting: splat_training
[2026-06-21 17:28:13,620][__main__][INFO] - ============================================================
[2026-06-21 17:28:13,620][__main__][INFO] - STEP 6: OpenSplat Training
[2026-06-21 17:28:13,620][__main__][INFO] - ============================================================
[2026-06-21 17:28:13,622][src.opensplat_trainer][INFO] - Training 3D Gaussian Splat
[2026-06-21 17:28:13,622][src.opensplat_trainer][INFO] - Sparse model: /Users/bc/brendanchambers/2026-06-18-iphone-video-to-splat/data/intermediates/densify_sz0.0025_gr1e-05/colmap_sfm_linearized/sparse
[2026-06-21 17:28:13,622][src.opensplat_trainer][INFO] - Images: /Users/bc/brendanchambers/2026-06-18-iphone-video-to-splat/data/intermediates/densify_sz0.0025_gr1e-05/colmap_sfm_linearized/images
[2026-06-21 17:28:13,622][src.opensplat_trainer][INFO] - Output PLY: /Users/bc/brendanchambers/2026-06-18-iphone-video-to-splat/data/intermediates/densify_sz0.0025_gr1e-05/colmap_sfm_linearized/splats/densify_sz0.0025_gr1e-05_20260621_1728.ply
[2026-06-21 17:28:13,622][src.opensplat_trainer][INFO] - Training loss log: /Users/bc/brendanchambers/2026-06-18-iphone-video-to-splat/data/intermediates/densify_sz0.0025_gr1e-05/colmap_sfm_linearized/splats/train_20260621_1728.jsonl
[2026-06-21 17:28:13,622][src.opensplat_trainer][INFO] - Validation loss log: /Users/bc/brendanchambers/2026-06-18-iphone-video-to-splat/data/intermediates/densify_sz0.0025_gr1e-05/colmap_sfm_linearized/splats/val_20260621_1728.jsonl
[2026-06-21 17:28:13,622][src.opensplat_trainer][INFO] - Running: opensplat
[2026-06-21 17:28:13,761][src.opensplat_trainer][INFO] - Using MPS
[2026-06-21 17:28:13,763][src.opensplat_trainer][INFO] - Reading 2190 points
[2026-06-21 17:28:13,763][src.opensplat_trainer][INFO] - Loading /Users/bc/brendanchambers/2026-06-18-iphone-video-to-splat/data/intermediates/densify_sz0.0025_gr1e-05/colmap_sfm_linearized/images/frame_0001.jpg
[2026-06-21 17:28:13,763][src.opensplat_trainer][INFO] - Loading /Users/bc/brendanchambers/2026-06-18-iphone-video-to-splat/data/intermediates/densify_sz0.0025_gr1e-05/colmap_sfm_linearized/images/frame_0004.jpg
[2026-06-21 17:28:13,763][src.opensplat_trainer][INFO] - Loading /Users/bc/brendanchambers/2026-06-18-iphone-video-to-splat/data/intermediates/densify_sz0.0025_gr1e-05/colmap_sfm_linearized/images/frame_0005.jpg
[2026-06-21 17:28:13,763][src.opensplat_trainer][INFO] - Loading /Users/bc/brendanchambers/2026-06-18-iphone-video-to-splat/data/intermediates/densify_sz0.0025_gr1e-05/colmap_sfm_linearized/images/frame_0003.jpg
[2026-06-21 17:28:13,763][src.opensplat_trainer][INFO] - Loading /Users/bc/brendanchambers/2026-06-18-iphone-video-to-splat/data/intermediates/densify_sz0.0025_gr1e-05/colmap_sfm_linearized/images/frame_0008.jpg
[2026-06-21 17:28:13,763][src.opensplat_trainer][INFO] - Loading /Users/bc/brendanchambers/2026-06-18-iphone-video-to-splat/data/intermediates/densify_sz0.0025_gr1e-05/colmap_sfm_linearized/images/frame_0006.jpg
[2026-06-21 17:28:13,763][src.opensplat_trainer][INFO] - Loading /Users/bc/brendanchambers/2026-06-18-iphone-video-to-splat/data/intermediates/densify_sz0.0025_gr1e-05/colmap_sfm_linearized/images/frame_0002.jpg
[2026-06-21 17:28:13,763][src.opensplat_trainer][INFO] - Loading /Users/bc/brendanchambers/2026-06-18-iphone-video-to-splat/data/intermediates/densify_sz0.0025_gr1e-05/colmap_sfm_linearized/images/frame_0007.jpg
[2026-06-21 17:28:14,230][src.opensplat_trainer][INFO] - init_gsplat_metal_context: loading '/Users/bc/brendanchambers/2026-06-18-iphone-video-to-splat/opensplat/build/default.metallib'
[2026-06-21 17:28:14,230][src.opensplat_trainer][INFO] - init_gsplat_metal_context: loaded '/Users/bc/brendanchambers/2026-06-18-iphone-video-to-splat/opensplat/build/default.metallib', functions: compute_cov2d_bounds_kernel, project_gaussians_backward_kernel, get_tile_bin_edges_kernel, rasterize_backward_kernel, map_gaussian_to_intersects_kernel, nd_rasterize_backward_kernel, project_gaussians_forward_kernel, compute_sh_backward_kernel, compute_sh_forward_kernel, nd_rasterize_forward_kernel
[2026-06-21 17:28:14,230][src.opensplat_trainer][INFO] - init_gsplat_metal_context: load function nd_rasterize_backward_kernel with label: (null)
[2026-06-21 17:28:14,230][src.opensplat_trainer][INFO] - init_gsplat_metal_context: load function nd_rasterize_forward_kernel with label: (null)
[2026-06-21 17:28:14,230][src.opensplat_trainer][INFO] - init_gsplat_metal_context: load function rasterize_backward_kernel with label: (null)
[2026-06-21 17:28:14,230][src.opensplat_trainer][INFO] - init_gsplat_metal_context: load function project_gaussians_forward_kernel with label: (null)
[2026-06-21 17:28:14,230][src.opensplat_trainer][INFO] - init_gsplat_metal_context: load function project_gaussians_backward_kernel with label: (null)
[2026-06-21 17:28:14,230][src.opensplat_trainer][INFO] - init_gsplat_metal_context: load function compute_sh_forward_kernel with label: (null)
[2026-06-21 17:28:14,230][src.opensplat_trainer][INFO] - init_gsplat_metal_context: load function compute_sh_backward_kernel with label: (null)
[2026-06-21 17:28:14,230][src.opensplat_trainer][INFO] - init_gsplat_metal_context: load function compute_cov2d_bounds_kernel with label: (null)
[2026-06-21 17:28:14,230][src.opensplat_trainer][INFO] - init_gsplat_metal_context: load function map_gaussian_to_intersects_kernel with label: (null)
[2026-06-21 17:28:14,230][src.opensplat_trainer][INFO] - init_gsplat_metal_context: load function get_tile_bin_edges_kernel with label: (null)
[2026-06-21 17:28:14,230][src.opensplat_trainer][INFO] - Step 10: 0.334294 (20%)
[2026-06-21 17:28:14,447][src.opensplat_trainer][INFO] - Step 20: 0.315683 (40%)
[2026-06-21 17:28:14,647][src.opensplat_trainer][INFO] - Step 30: 0.283404 (60%)
[2026-06-21 17:28:14,847][src.opensplat_trainer][INFO] - Step 40: 0.300565 (80%)
[2026-06-21 17:28:15,061][src.opensplat_trainer][INFO] - Step 50: 0.302381 (100%)
[2026-06-21 17:28:15,077][src.opensplat_trainer][INFO] - Wrote /Users/bc/brendanchambers/2026-06-18-iphone-video-to-splat/data/intermediates/densify_sz0.0025_gr1e-05/colmap_sfm_linearized/splats/cameras.json
[2026-06-21 17:28:15,084][src.opensplat_trainer][INFO] - Wrote /Users/bc/brendanchambers/2026-06-18-iphone-video-to-splat/data/intermediates/densify_sz0.0025_gr1e-05/colmap_sfm_linearized/splats/densify_sz0.0025_gr1e-05_20260621_1728.ply
[2026-06-21 17:28:15,097][src.opensplat_trainer][INFO] - /Users/bc/brendanchambers/2026-06-18-iphone-video-to-splat/data/intermediates/densify_sz0.0025_gr1e-05/colmap_sfm_linearized/images/frame_0001.jpg validation loss: 0.344967
[2026-06-21 17:28:15,149][src.opensplat_trainer][INFO] - Parsed 5 training loss values to /Users/bc/brendanchambers/2026-06-18-iphone-video-to-splat/data/intermediates/densify_sz0.0025_gr1e-05/colmap_sfm_linearized/splats/train_20260621_1728.jsonl
[2026-06-21 17:28:15,149][src.opensplat_trainer][INFO] - Captured validation loss: 0.344967 to /Users/bc/brendanchambers/2026-06-18-iphone-video-to-splat/data/intermediates/densify_sz0.0025_gr1e-05/colmap_sfm_linearized/splats/val_20260621_1728.jsonl
[2026-06-21 17:28:15,149][src.opensplat_trainer][INFO] - Training completed successfully
[2026-06-21 17:28:15,150][src.opensplat_trainer][INFO] - Output saved to: /Users/bc/brendanchambers/2026-06-18-iphone-video-to-splat/data/intermediates/densify_sz0.0025_gr1e-05/colmap_sfm_linearized/splats/densify_sz0.0025_gr1e-05_20260621_1728.ply
[2026-06-21 17:28:15,150][__main__][INFO] - ✓ Splat training completed
[2026-06-21 17:28:15,150][__main__][INFO] - ============================================================
[2026-06-21 17:28:15,150][__main__][INFO] - Analyzing Training Loss
[2026-06-21 17:28:15,150][__main__][INFO] - ============================================================
[2026-06-21 17:28:15,210][src.timing_recorder][INFO] - [TIMING] ✓ Completed: splat_training (1.59s)
[2026-06-21 17:28:15,211][__main__][INFO] - 
[2026-06-21 17:28:15,211][__main__][INFO] - ╔==========================================================╗
[2026-06-21 17:28:15,211][__main__][INFO] - ║                    Pipeline Complete!                    ║
[2026-06-21 17:28:15,211][__main__][INFO] - ╚==========================================================╝
[2026-06-21 17:28:15,211][__main__][INFO] - Output directory: /Users/bc/brendanchambers/2026-06-18-iphone-video-to-splat/data/intermediates/densify_sz0.0025_gr1e-05/colmap_sfm_linearized/splats
[2026-06-21 17:28:15,211][__main__][INFO] -   - PLY file: *.ply (3D Gaussian Splat)
[2026-06-21 17:28:15,211][__main__][INFO] -   - Loss log: *.jsonl (Training loss per step)
[2026-06-21 17:28:15,211][__main__][INFO] -   - Timing log: running-time_*.jsonl (Step execution times)
[2026-06-21 17:28:15,211][src.timing_recorder][INFO] - 
[2026-06-21 17:28:15,211][src.timing_recorder][INFO] - ======================================================================
[2026-06-21 17:28:15,211][src.timing_recorder][INFO] - PIPELINE EXECUTION TIMING SUMMARY
[2026-06-21 17:28:15,211][src.timing_recorder][INFO] - ======================================================================
[2026-06-21 17:28:15,211][src.timing_recorder][INFO] - ✓ frame_extraction              0.23s  (  5.3%)
[2026-06-21 17:28:15,211][src.timing_recorder][INFO] - ✓ feature_extraction            0.74s  ( 17.2%)
[2026-06-21 17:28:15,211][src.timing_recorder][INFO] - ✓ feature_matching              0.59s  ( 13.6%)
[2026-06-21 17:28:15,211][src.timing_recorder][INFO] - ✓ sparse_reconstruction         0.46s  ( 10.8%)
[2026-06-21 17:28:15,211][src.timing_recorder][INFO] - ✓ undistortion                  0.69s  ( 16.1%)
[2026-06-21 17:28:15,211][src.timing_recorder][INFO] - ✓ splat_training                1.59s  ( 37.0%)
[2026-06-21 17:28:15,212][src.timing_recorder][INFO] - ----------------------------------------------------------------------
[2026-06-21 17:28:15,212][src.timing_recorder][INFO] - TOTAL                           4.30s  (100.0%)
[2026-06-21 17:28:15,212][src.timing_recorder][INFO] - ======================================================================
[2026-06-21 17:28:15,212][src.timing_recorder][INFO] - 
[2026-06-21 17:28:15,212][src.timing_recorder][INFO] - [TIMING] Saved timing report to: /Users/bc/brendanchambers/2026-06-18-iphone-video-to-splat/data/intermediates/densify_sz0.0025_gr1e-05/colmap_sfm_linearized/splats/running-time_20260621_1728.jsonl
[2026-06-21 17:28:15,213][__main__][INFO] - ============================================================
[2026-06-21 17:28:15,213][__main__][INFO] - Logging Experiment Results
[2026-06-21 17:28:15,213][__main__][INFO] - ============================================================
[2026-06-21 17:28:15,213][src.experiment_tracker][INFO] - Logged experiment to: /Users/bc/brendanchambers/2026-06-18-iphone-video-to-splat/reports/experiments/sweep_densify_size_and_gradient_threshold.jsonl
[2026-06-21 17:28:15,213][__main__][INFO] - Experiment results logged to: /Users/bc/brendanchambers/2026-06-18-iphone-video-to-splat/reports/experiments/sweep_densify_size_and_gradient_threshold.jsonl
[2026-06-21 17:28:15,213][__main__][INFO] -   Experiment: densify_sz0.0025_gr1e-05
[2026-06-21 17:28:15,213][__main__][INFO] -   Group: sweep_densify_size_and_gradient_threshold
[2026-06-21 17:28:15,213][__main__][INFO] -   Train loss: 0.302381
[2026-06-21 17:28:15,213][__main__][INFO] -   Total time: 4.30s (0.07m)
