[2026-06-21 14:52:18,466][__main__][INFO] - 
[2026-06-21 14:52:18,466][__main__][INFO] - ╔==========================================================╗
[2026-06-21 14:52:18,466][__main__][INFO] - ║          3D Gaussian Splat Training Pipeline              ║
[2026-06-21 14:52:18,466][__main__][INFO] - ╚==========================================================╝
[2026-06-21 14:52:18,466][__main__][INFO] - Experiment: teensy
[2026-06-21 14:52:18,466][__main__][INFO] - Project dir: /Users/bc/brendanchambers/2026-06-18-iphone-video-to-splat
[2026-06-21 14:52:18,466][__main__][INFO] - 
[2026-06-21 14:52:18,466][__main__][INFO] - ============================================================
[2026-06-21 14:52:18,466][__main__][INFO] - STEP 1: Frame Extraction
[2026-06-21 14:52:18,466][__main__][INFO] - ============================================================
[2026-06-21 14:52:18,466][src.frame_extractor][INFO] - Extracting frames from: /Users/bc/brendanchambers/2026-06-18-iphone-video-to-splat/data/incoming/movies/teensy.mov
[2026-06-21 14:52:18,466][src.frame_extractor][INFO] - Output directory: /Users/bc/brendanchambers/2026-06-18-iphone-video-to-splat/data/intermediates/teensy/colmap_sfm_camera_model/images
[2026-06-21 14:52:18,466][src.frame_extractor][INFO] - Extracting frames at 2 fps
[2026-06-21 14:52:18,466][src.frame_extractor][INFO] - Running command: ffmpeg -i /Users/bc/brendanchambers/2026-06-18-iphone-video-to-splat/data/incoming/movies/teensy.mov -vf fps=2 -q:v 5 /Users/bc/brendanchambers/2026-06-18-iphone-video-to-splat/data/intermediates/teensy/colmap_sfm_camera_model/images/frame_%04d.jpg
[2026-06-21 14:52:18,480][src.frame_extractor][INFO] - ffmpeg version 8.1.2 Copyright (c) 2000-2026 the FFmpeg developers
[2026-06-21 14:52:18,480][src.frame_extractor][INFO] -   built with Apple clang version 17.0.0 (clang-1700.6.4.2)
[2026-06-21 14:52:18,480][src.frame_extractor][INFO] -   configuration: --prefix=/opt/homebrew/Cellar/ffmpeg/8.1.2 --enable-shared --enable-pthreads --enable-version3 --cc=clang --host-cflags= --host-ldflags= --enable-ffplay --enable-gpl --enable-libsvtav1 --enable-libopus --enable-libx264 --enable-libmp3lame --enable-libdav1d --enable-libvmaf --enable-libvpx --enable-libx265 --enable-openssl --enable-videotoolbox --enable-audiotoolbox --enable-neon
[2026-06-21 14:52:18,480][src.frame_extractor][INFO] -   libavutil      60. 26.102 / 60. 26.102
[2026-06-21 14:52:18,480][src.frame_extractor][INFO] -   libavcodec     62. 28.102 / 62. 28.102
[2026-06-21 14:52:18,480][src.frame_extractor][INFO] -   libavformat    62. 12.102 / 62. 12.102
[2026-06-21 14:52:18,480][src.frame_extractor][INFO] -   libavdevice    62.  3.102 / 62.  3.102
[2026-06-21 14:52:18,480][src.frame_extractor][INFO] -   libavfilter    11. 14.102 / 11. 14.102
[2026-06-21 14:52:18,480][src.frame_extractor][INFO] -   libswscale      9.  5.102 /  9.  5.102
[2026-06-21 14:52:18,480][src.frame_extractor][INFO] -   libswresample   6.  3.102 /  6.  3.102
[2026-06-21 14:52:18,494][src.frame_extractor][INFO] - Input #0, mov,mp4,m4a,3gp,3g2,mj2, from '/Users/bc/brendanchambers/2026-06-18-iphone-video-to-splat/data/incoming/movies/teensy.mov':
[2026-06-21 14:52:18,494][src.frame_extractor][INFO] -   Metadata:
[2026-06-21 14:52:18,494][src.frame_extractor][INFO] -     major_brand     : qt
[2026-06-21 14:52:18,494][src.frame_extractor][INFO] -     minor_version   : 512
[2026-06-21 14:52:18,494][src.frame_extractor][INFO] -     compatible_brands: qt
[2026-06-21 14:52:18,494][src.frame_extractor][INFO] -     encoder         : Lavf62.12.102
[2026-06-21 14:52:18,494][src.frame_extractor][INFO] -   Duration: 00:00:04.01, start: 0.000000, bitrate: 19786 kb/s
[2026-06-21 14:52:18,494][src.frame_extractor][INFO] -   Stream #0:0[0x1]: Video: h264 (High) (avc1 / 0x31637661), yuv420p(tv, bt709, progressive), 1080x1920, 19646 kb/s, 29.67 fps, 29.67 tbr, 11392 tbn (default)
[2026-06-21 14:52:18,494][src.frame_extractor][INFO] -     Metadata:
[2026-06-21 14:52:18,494][src.frame_extractor][INFO] -       handler_name    : Core Media Video
[2026-06-21 14:52:18,494][src.frame_extractor][INFO] -       vendor_id       : FFMP
[2026-06-21 14:52:18,494][src.frame_extractor][INFO] -       encoder         : Lavc62.28.102 libx264
[2026-06-21 14:52:18,494][src.frame_extractor][INFO] -   Stream #0:1[0x2]: Audio: aac (LC) (mp4a / 0x6134706D), 48000 Hz, stereo, fltp, 128 kb/s (default)
[2026-06-21 14:52:18,494][src.frame_extractor][INFO] -     Metadata:
[2026-06-21 14:52:18,494][src.frame_extractor][INFO] -       handler_name    : Core Media Audio
[2026-06-21 14:52:18,495][src.frame_extractor][INFO] -       vendor_id       : [0][0][0][0]
[2026-06-21 14:52:18,495][src.frame_extractor][INFO] - Stream mapping:
[2026-06-21 14:52:18,495][src.frame_extractor][INFO] -   Stream #0:0 -> #0:0 (h264 (native) -> mjpeg (native))
[2026-06-21 14:52:18,495][src.frame_extractor][INFO] - Press [q] to stop, [?] for help
[2026-06-21 14:52:18,543][src.frame_extractor][INFO] - Output #0, image2, to '/Users/bc/brendanchambers/2026-06-18-iphone-video-to-splat/data/intermediates/teensy/colmap_sfm_camera_model/images/frame_%04d.jpg':
[2026-06-21 14:52:18,543][src.frame_extractor][INFO] -   Metadata:
[2026-06-21 14:52:18,543][src.frame_extractor][INFO] -     major_brand     : qt
[2026-06-21 14:52:18,543][src.frame_extractor][INFO] -     minor_version   : 512
[2026-06-21 14:52:18,543][src.frame_extractor][INFO] -     compatible_brands: qt
[2026-06-21 14:52:18,543][src.frame_extractor][INFO] -     encoder         : Lavf62.12.102
[2026-06-21 14:52:18,544][src.frame_extractor][INFO] -   Stream #0:0: Video: mjpeg, yuv420p(pc, bt709, progressive), 1080x1920, q=2-31, 200 kb/s, 2 fps, 2 tbn (default)
[2026-06-21 14:52:18,544][src.frame_extractor][INFO] -     Metadata:
[2026-06-21 14:52:18,544][src.frame_extractor][INFO] -       encoder         : Lavc62.28.102 mjpeg
[2026-06-21 14:52:18,544][src.frame_extractor][INFO] -       handler_name    : Core Media Video
[2026-06-21 14:52:18,545][src.frame_extractor][INFO] -       vendor_id       : FFMP
[2026-06-21 14:52:18,546][src.frame_extractor][INFO] -     Side data:
[2026-06-21 14:52:18,546][src.frame_extractor][INFO] -       CPB properties: bitrate max/min/avg: 0/0/200000 buffer size: 0 vbv_delay: N/A
[2026-06-21 14:52:18,682][src.frame_extractor][INFO] - [out#0/image2 @ 0x600003d98600] video:3120KiB audio:0KiB subtitle:0KiB other streams:0KiB global headers:0KiB muxing overhead: unknown
[2026-06-21 14:52:18,682][src.frame_extractor][INFO] - frame=    8 fps=0.0 q=5.0 Lsize=N/A time=00:00:04.00 bitrate=N/A speed=21.3x elapsed=0:00:00.18
[2026-06-21 14:52:18,685][src.frame_extractor][INFO] - Successfully extracted 8 frames
[2026-06-21 14:52:18,685][__main__][INFO] - ✓ Frame extraction completed
[2026-06-21 14:52:18,685][__main__][INFO] - ============================================================
[2026-06-21 14:52:18,685][__main__][INFO] - STEP 2: Feature Extraction
[2026-06-21 14:52:18,685][__main__][INFO] - ============================================================
[2026-06-21 14:52:18,686][src.colmap_feature_extractor][INFO] - Extracting features from images: /Users/bc/brendanchambers/2026-06-18-iphone-video-to-splat/data/intermediates/teensy/colmap_sfm_camera_model/images
[2026-06-21 14:52:18,686][src.colmap_feature_extractor][INFO] - Database: /Users/bc/brendanchambers/2026-06-18-iphone-video-to-splat/data/intermediates/teensy/colmap_sfm_camera_model/database.db
[2026-06-21 14:52:18,686][src.colmap_feature_extractor][INFO] - Running: colmap feature_extractor
[2026-06-21 14:52:18,842][src.colmap_feature_extractor][INFO] - I20260621 14:52:18.842081 0x16f7ef000 feature_extraction.cc:504] === Feature extraction ===
[2026-06-21 14:52:18,857][src.colmap_feature_extractor][INFO] - I20260621 14:52:18.857814 0x16fdf3000 sift.cc:757] Creating SIFT GPU feature extractor
[2026-06-21 14:52:18,990][src.colmap_feature_extractor][INFO] - I20260621 14:52:18.990275 0x16fe7f000 feature_extraction.cc:282] Processed file [1/8]
[2026-06-21 14:52:18,990][src.colmap_feature_extractor][INFO] - I20260621 14:52:18.990292 0x16fe7f000 feature_extraction.cc:285]   Name:            frame_0001.jpg
[2026-06-21 14:52:18,990][src.colmap_feature_extractor][INFO] - I20260621 14:52:18.990295 0x16fe7f000 feature_extraction.cc:294]   Dimensions:      1080 x 1920
[2026-06-21 14:52:18,990][src.colmap_feature_extractor][INFO] - I20260621 14:52:18.990297 0x16fe7f000 feature_extraction.cc:297]   Camera:          #1 - RADIAL
[2026-06-21 14:52:18,991][src.colmap_feature_extractor][INFO] - I20260621 14:52:18.990303 0x16fe7f000 feature_extraction.cc:300]   Focal Length:    2304.00px
[2026-06-21 14:52:18,991][src.colmap_feature_extractor][INFO] - I20260621 14:52:18.990307 0x16fe7f000 feature_extraction.cc:304]   Features:        4449 (SIFT)
[2026-06-21 14:52:19,048][src.colmap_feature_extractor][INFO] - I20260621 14:52:19.048631 0x16fe7f000 feature_extraction.cc:282] Processed file [2/8]
[2026-06-21 14:52:19,048][src.colmap_feature_extractor][INFO] - I20260621 14:52:19.048647 0x16fe7f000 feature_extraction.cc:285]   Name:            frame_0002.jpg
[2026-06-21 14:52:19,048][src.colmap_feature_extractor][INFO] - I20260621 14:52:19.048650 0x16fe7f000 feature_extraction.cc:294]   Dimensions:      1080 x 1920
[2026-06-21 14:52:19,048][src.colmap_feature_extractor][INFO] - I20260621 14:52:19.048656 0x16fe7f000 feature_extraction.cc:297]   Camera:          #1 - RADIAL
[2026-06-21 14:52:19,049][src.colmap_feature_extractor][INFO] - I20260621 14:52:19.048658 0x16fe7f000 feature_extraction.cc:300]   Focal Length:    2304.00px
[2026-06-21 14:52:19,049][src.colmap_feature_extractor][INFO] - I20260621 14:52:19.048661 0x16fe7f000 feature_extraction.cc:304]   Features:        4766 (SIFT)
[2026-06-21 14:52:19,103][src.colmap_feature_extractor][INFO] - I20260621 14:52:19.103551 0x16fe7f000 feature_extraction.cc:282] Processed file [3/8]
[2026-06-21 14:52:19,103][src.colmap_feature_extractor][INFO] - I20260621 14:52:19.103567 0x16fe7f000 feature_extraction.cc:285]   Name:            frame_0003.jpg
[2026-06-21 14:52:19,103][src.colmap_feature_extractor][INFO] - I20260621 14:52:19.103569 0x16fe7f000 feature_extraction.cc:294]   Dimensions:      1080 x 1920
[2026-06-21 14:52:19,103][src.colmap_feature_extractor][INFO] - I20260621 14:52:19.103571 0x16fe7f000 feature_extraction.cc:297]   Camera:          #1 - RADIAL
[2026-06-21 14:52:19,103][src.colmap_feature_extractor][INFO] - I20260621 14:52:19.103573 0x16fe7f000 feature_extraction.cc:300]   Focal Length:    2304.00px
[2026-06-21 14:52:19,103][src.colmap_feature_extractor][INFO] - I20260621 14:52:19.103576 0x16fe7f000 feature_extraction.cc:304]   Features:        5561 (SIFT)
[2026-06-21 14:52:19,158][src.colmap_feature_extractor][INFO] - I20260621 14:52:19.158457 0x16fe7f000 feature_extraction.cc:282] Processed file [4/8]
[2026-06-21 14:52:19,158][src.colmap_feature_extractor][INFO] - I20260621 14:52:19.158476 0x16fe7f000 feature_extraction.cc:285]   Name:            frame_0004.jpg
[2026-06-21 14:52:19,158][src.colmap_feature_extractor][INFO] - I20260621 14:52:19.158478 0x16fe7f000 feature_extraction.cc:294]   Dimensions:      1080 x 1920
[2026-06-21 14:52:19,158][src.colmap_feature_extractor][INFO] - I20260621 14:52:19.158480 0x16fe7f000 feature_extraction.cc:297]   Camera:          #1 - RADIAL
[2026-06-21 14:52:19,158][src.colmap_feature_extractor][INFO] - I20260621 14:52:19.158482 0x16fe7f000 feature_extraction.cc:300]   Focal Length:    2304.00px
[2026-06-21 14:52:19,158][src.colmap_feature_extractor][INFO] - I20260621 14:52:19.158484 0x16fe7f000 feature_extraction.cc:304]   Features:        6351 (SIFT)
[2026-06-21 14:52:19,212][src.colmap_feature_extractor][INFO] - I20260621 14:52:19.212424 0x16fe7f000 feature_extraction.cc:282] Processed file [5/8]
[2026-06-21 14:52:19,212][src.colmap_feature_extractor][INFO] - I20260621 14:52:19.212444 0x16fe7f000 feature_extraction.cc:285]   Name:            frame_0005.jpg
[2026-06-21 14:52:19,212][src.colmap_feature_extractor][INFO] - I20260621 14:52:19.212447 0x16fe7f000 feature_extraction.cc:294]   Dimensions:      1080 x 1920
[2026-06-21 14:52:19,212][src.colmap_feature_extractor][INFO] - I20260621 14:52:19.212448 0x16fe7f000 feature_extraction.cc:297]   Camera:          #1 - RADIAL
[2026-06-21 14:52:19,213][src.colmap_feature_extractor][INFO] - I20260621 14:52:19.212450 0x16fe7f000 feature_extraction.cc:300]   Focal Length:    2304.00px
[2026-06-21 14:52:19,213][src.colmap_feature_extractor][INFO] - I20260621 14:52:19.212454 0x16fe7f000 feature_extraction.cc:304]   Features:        4609 (SIFT)
[2026-06-21 14:52:19,267][src.colmap_feature_extractor][INFO] - I20260621 14:52:19.267211 0x16fe7f000 feature_extraction.cc:282] Processed file [6/8]
[2026-06-21 14:52:19,267][src.colmap_feature_extractor][INFO] - I20260621 14:52:19.267228 0x16fe7f000 feature_extraction.cc:285]   Name:            frame_0006.jpg
[2026-06-21 14:52:19,267][src.colmap_feature_extractor][INFO] - I20260621 14:52:19.267230 0x16fe7f000 feature_extraction.cc:294]   Dimensions:      1080 x 1920
[2026-06-21 14:52:19,267][src.colmap_feature_extractor][INFO] - I20260621 14:52:19.267232 0x16fe7f000 feature_extraction.cc:297]   Camera:          #1 - RADIAL
[2026-06-21 14:52:19,267][src.colmap_feature_extractor][INFO] - I20260621 14:52:19.267234 0x16fe7f000 feature_extraction.cc:300]   Focal Length:    2304.00px
[2026-06-21 14:52:19,267][src.colmap_feature_extractor][INFO] - I20260621 14:52:19.267237 0x16fe7f000 feature_extraction.cc:304]   Features:        4916 (SIFT)
[2026-06-21 14:52:19,321][src.colmap_feature_extractor][INFO] - I20260621 14:52:19.321139 0x16fe7f000 feature_extraction.cc:282] Processed file [7/8]
[2026-06-21 14:52:19,321][src.colmap_feature_extractor][INFO] - I20260621 14:52:19.321153 0x16fe7f000 feature_extraction.cc:285]   Name:            frame_0007.jpg
[2026-06-21 14:52:19,321][src.colmap_feature_extractor][INFO] - I20260621 14:52:19.321155 0x16fe7f000 feature_extraction.cc:294]   Dimensions:      1080 x 1920
[2026-06-21 14:52:19,321][src.colmap_feature_extractor][INFO] - I20260621 14:52:19.321157 0x16fe7f000 feature_extraction.cc:297]   Camera:          #1 - RADIAL
[2026-06-21 14:52:19,321][src.colmap_feature_extractor][INFO] - I20260621 14:52:19.321159 0x16fe7f000 feature_extraction.cc:300]   Focal Length:    2304.00px
[2026-06-21 14:52:19,321][src.colmap_feature_extractor][INFO] - I20260621 14:52:19.321162 0x16fe7f000 feature_extraction.cc:304]   Features:        4134 (SIFT)
[2026-06-21 14:52:19,377][src.colmap_feature_extractor][INFO] - I20260621 14:52:19.376932 0x16fe7f000 feature_extraction.cc:282] Processed file [8/8]
[2026-06-21 14:52:19,377][src.colmap_feature_extractor][INFO] - I20260621 14:52:19.376977 0x16fe7f000 feature_extraction.cc:285]   Name:            frame_0008.jpg
[2026-06-21 14:52:19,377][src.colmap_feature_extractor][INFO] - I20260621 14:52:19.376979 0x16fe7f000 feature_extraction.cc:294]   Dimensions:      1080 x 1920
[2026-06-21 14:52:19,377][src.colmap_feature_extractor][INFO] - I20260621 14:52:19.376981 0x16fe7f000 feature_extraction.cc:297]   Camera:          #1 - RADIAL
[2026-06-21 14:52:19,377][src.colmap_feature_extractor][INFO] - I20260621 14:52:19.376983 0x16fe7f000 feature_extraction.cc:300]   Focal Length:    2304.00px
[2026-06-21 14:52:19,377][src.colmap_feature_extractor][INFO] - I20260621 14:52:19.376986 0x16fe7f000 feature_extraction.cc:304]   Features:        6773 (SIFT)
[2026-06-21 14:52:19,381][src.colmap_feature_extractor][INFO] - I20260621 14:52:19.381496 0x16f7ef000 timer.cc:90] Elapsed time: 0.009 [minutes]
[2026-06-21 14:52:19,404][src.colmap_feature_extractor][INFO] - Feature extraction completed successfully
[2026-06-21 14:52:19,404][__main__][INFO] - ✓ Feature extraction completed
[2026-06-21 14:52:19,404][__main__][INFO] - ============================================================
[2026-06-21 14:52:19,404][__main__][INFO] - STEP 3: Feature Matching
[2026-06-21 14:52:19,404][__main__][INFO] - ============================================================
[2026-06-21 14:52:19,404][src.colmap_feature_matcher][INFO] - Matching features in database: /Users/bc/brendanchambers/2026-06-18-iphone-video-to-splat/data/intermediates/teensy/colmap_sfm_camera_model/database.db
[2026-06-21 14:52:19,404][src.colmap_feature_matcher][INFO] - Running: colmap sequential_matcher
[2026-06-21 14:52:19,573][src.colmap_feature_matcher][INFO] - I20260621 14:52:19.573519 0x16f863000 feature_matching.cc:195] === Feature matching & geometric verification ===
[2026-06-21 14:52:19,590][src.colmap_feature_matcher][INFO] - I20260621 14:52:19.590379 0x16f8ef000 sift.cc:1559] Creating SIFT GPU feature matcher
[2026-06-21 14:52:19,613][src.colmap_feature_matcher][INFO] - I20260621 14:52:19.613531 0x16f863000 pairing.cc:415] Generating sequential image pairs...
[2026-06-21 14:52:19,613][src.colmap_feature_matcher][INFO] - I20260621 14:52:19.613622 0x16f863000 pairing.cc:473] Processing image [1/8]
[2026-06-21 14:52:19,672][src.colmap_feature_matcher][INFO] - I20260621 14:52:19.672068 0x16f863000 feature_matching.cc:217] in 0.058s
[2026-06-21 14:52:19,672][src.colmap_feature_matcher][INFO] - I20260621 14:52:19.672079 0x16f863000 pairing.cc:473] Processing image [2/8]
[2026-06-21 14:52:19,730][src.colmap_feature_matcher][INFO] - I20260621 14:52:19.730372 0x16f863000 feature_matching.cc:217] in 0.058s
[2026-06-21 14:52:19,730][src.colmap_feature_matcher][INFO] - I20260621 14:52:19.730383 0x16f863000 pairing.cc:473] Processing image [3/8]
[2026-06-21 14:52:19,791][src.colmap_feature_matcher][INFO] - I20260621 14:52:19.791368 0x16f863000 feature_matching.cc:217] in 0.061s
[2026-06-21 14:52:19,791][src.colmap_feature_matcher][INFO] - I20260621 14:52:19.791376 0x16f863000 pairing.cc:473] Processing image [4/8]
[2026-06-21 14:52:19,864][src.colmap_feature_matcher][INFO] - I20260621 14:52:19.864311 0x16f863000 feature_matching.cc:217] in 0.073s
[2026-06-21 14:52:19,864][src.colmap_feature_matcher][INFO] - I20260621 14:52:19.864320 0x16f863000 pairing.cc:473] Processing image [5/8]
[2026-06-21 14:52:19,896][src.colmap_feature_matcher][INFO] - I20260621 14:52:19.895995 0x16f863000 feature_matching.cc:217] in 0.032s
[2026-06-21 14:52:19,896][src.colmap_feature_matcher][INFO] - I20260621 14:52:19.896001 0x16f863000 pairing.cc:473] Processing image [6/8]
[2026-06-21 14:52:19,936][src.colmap_feature_matcher][INFO] - I20260621 14:52:19.936139 0x16f863000 feature_matching.cc:217] in 0.040s
[2026-06-21 14:52:19,936][src.colmap_feature_matcher][INFO] - I20260621 14:52:19.936144 0x16f863000 pairing.cc:473] Processing image [7/8]
[2026-06-21 14:52:19,958][src.colmap_feature_matcher][INFO] - I20260621 14:52:19.958808 0x16f863000 feature_matching.cc:217] in 0.023s
[2026-06-21 14:52:19,958][src.colmap_feature_matcher][INFO] - I20260621 14:52:19.958812 0x16f863000 pairing.cc:473] Processing image [8/8]
[2026-06-21 14:52:19,958][src.colmap_feature_matcher][INFO] - I20260621 14:52:19.958814 0x16f863000 feature_matching.cc:217] in 0.000s
[2026-06-21 14:52:19,958][src.colmap_feature_matcher][INFO] - I20260621 14:52:19.958816 0x16f863000 timer.cc:90] Elapsed time: 0.006 [minutes]
[2026-06-21 14:52:19,966][src.colmap_feature_matcher][INFO] - Feature matching completed successfully
[2026-06-21 14:52:19,966][__main__][INFO] - ✓ Feature matching completed
[2026-06-21 14:52:19,967][__main__][INFO] - ============================================================
[2026-06-21 14:52:19,967][__main__][INFO] - STEP 4: Sparse Reconstruction
[2026-06-21 14:52:19,967][__main__][INFO] - ============================================================
[2026-06-21 14:52:19,968][src.colmap_mapper][INFO] - Performing sparse reconstruction
[2026-06-21 14:52:19,968][src.colmap_mapper][INFO] - Database: /Users/bc/brendanchambers/2026-06-18-iphone-video-to-splat/data/intermediates/teensy/colmap_sfm_camera_model/database.db
[2026-06-21 14:52:19,968][src.colmap_mapper][INFO] - Images: /Users/bc/brendanchambers/2026-06-18-iphone-video-to-splat/data/intermediates/teensy/colmap_sfm_camera_model/images
[2026-06-21 14:52:19,968][src.colmap_mapper][INFO] - Output: /Users/bc/brendanchambers/2026-06-18-iphone-video-to-splat/data/intermediates/teensy/colmap_sfm_camera_model/sparse
[2026-06-21 14:52:19,968][src.colmap_mapper][INFO] - Running: colmap mapper
[2026-06-21 14:52:20,015][src.colmap_mapper][INFO] - I20260621 14:52:20.014780 0x1fde420c0 incremental_pipeline.cc:278] Loading database
[2026-06-21 14:52:20,015][src.colmap_mapper][INFO] - I20260621 14:52:20.015058 0x1fde420c0 database_cache.cc:72] Loading rigs...
[2026-06-21 14:52:20,015][src.colmap_mapper][INFO] - I20260621 14:52:20.015088 0x1fde420c0 database_cache.cc:82]  1 in 0.000s
[2026-06-21 14:52:20,015][src.colmap_mapper][INFO] - I20260621 14:52:20.015092 0x1fde420c0 database_cache.cc:90] Loading cameras...
[2026-06-21 14:52:20,015][src.colmap_mapper][INFO] - I20260621 14:52:20.015101 0x1fde420c0 database_cache.cc:108]  1 in 0.000s
[2026-06-21 14:52:20,015][src.colmap_mapper][INFO] - I20260621 14:52:20.015103 0x1fde420c0 database_cache.cc:116] Loading frames...
[2026-06-21 14:52:20,015][src.colmap_mapper][INFO] - I20260621 14:52:20.015120 0x1fde420c0 database_cache.cc:126]  8 in 0.000s
[2026-06-21 14:52:20,015][src.colmap_mapper][INFO] - I20260621 14:52:20.015122 0x1fde420c0 database_cache.cc:134] Loading matches...
[2026-06-21 14:52:20,015][src.colmap_mapper][INFO] - I20260621 14:52:20.015187 0x1fde420c0 database_cache.cc:139]  17 in 0.000s
[2026-06-21 14:52:20,015][src.colmap_mapper][INFO] - I20260621 14:52:20.015190 0x1fde420c0 database_cache.cc:147] Loading images...
[2026-06-21 14:52:20,015][src.colmap_mapper][INFO] - I20260621 14:52:20.015741 0x1fde420c0 database_cache.cc:241]  8 in 0.001s (connected 8, loaded 8)
[2026-06-21 14:52:20,015][src.colmap_mapper][INFO] - I20260621 14:52:20.015745 0x1fde420c0 database_cache.cc:255] Loading pose priors...
[2026-06-21 14:52:20,015][src.colmap_mapper][INFO] - I20260621 14:52:20.015751 0x1fde420c0 database_cache.cc:263]  0 in 0.000s
[2026-06-21 14:52:20,015][src.colmap_mapper][INFO] - I20260621 14:52:20.015753 0x1fde420c0 database_cache.cc:271] Building correspondence graph...
[2026-06-21 14:52:20,016][src.colmap_mapper][INFO] - I20260621 14:52:20.016547 0x1fde420c0 database_cache.cc:300]  in 0.001s (ignored 0)
[2026-06-21 14:52:20,016][src.colmap_mapper][INFO] - I20260621 14:52:20.016550 0x1fde420c0 timer.cc:90] Elapsed time: 0.000 [minutes]
[2026-06-21 14:52:20,016][src.colmap_mapper][INFO] - I20260621 14:52:20.016644 0x1fde420c0 incremental_pipeline.cc:390] Finding good initial image pair
[2026-06-21 14:52:20,025][src.colmap_mapper][INFO] - I20260621 14:52:20.025857 0x1fde420c0 incremental_pipeline.cc:414] Registering initial image pair #4 and #2
[2026-06-21 14:52:20,026][src.colmap_mapper][INFO] - I20260621 14:52:20.026486 0x1fde420c0 incremental_pipeline.cc:432] Global bundle adjustment
[2026-06-21 14:52:20,047][src.colmap_mapper][INFO] - I20260621 14:52:20.047802 0x1fde420c0 incremental_pipeline.cc:537] Registering image #3 (num_reg_frames=2)
[2026-06-21 14:52:20,047][src.colmap_mapper][INFO] - I20260621 14:52:20.047808 0x1fde420c0 incremental_pipeline.cc:540] => Image sees 121 / 1892 points
[2026-06-21 14:52:20,094][src.colmap_mapper][INFO] - I20260621 14:52:20.094934 0x1fde420c0 incremental_pipeline.cc:79] Retriangulation and Global bundle adjustment
[2026-06-21 14:52:20,109][src.colmap_mapper][INFO] - I20260621 14:52:20.109576 0x1fde420c0 incremental_pipeline.cc:537] Registering image #6 (num_reg_frames=3)
[2026-06-21 14:52:20,109][src.colmap_mapper][INFO] - I20260621 14:52:20.109580 0x1fde420c0 incremental_pipeline.cc:540] => Image sees 495 / 2128 points
[2026-06-21 14:52:20,164][src.colmap_mapper][INFO] - I20260621 14:52:20.164632 0x1fde420c0 incremental_pipeline.cc:79] Retriangulation and Global bundle adjustment
[2026-06-21 14:52:20,186][src.colmap_mapper][INFO] - I20260621 14:52:20.186357 0x1fde420c0 incremental_pipeline.cc:537] Registering image #5 (num_reg_frames=4)
[2026-06-21 14:52:20,186][src.colmap_mapper][INFO] - I20260621 14:52:20.186366 0x1fde420c0 incremental_pipeline.cc:540] => Image sees 1052 / 2461 points
[2026-06-21 14:52:20,234][src.colmap_mapper][INFO] - I20260621 14:52:20.234898 0x1fde420c0 incremental_pipeline.cc:79] Retriangulation and Global bundle adjustment
[2026-06-21 14:52:20,251][src.colmap_mapper][INFO] - I20260621 14:52:20.251592 0x1fde420c0 incremental_pipeline.cc:537] Registering image #1 (num_reg_frames=5)
[2026-06-21 14:52:20,251][src.colmap_mapper][INFO] - I20260621 14:52:20.251598 0x1fde420c0 incremental_pipeline.cc:540] => Image sees 536 / 1825 points
[2026-06-21 14:52:20,298][src.colmap_mapper][INFO] - I20260621 14:52:20.298365 0x1fde420c0 incremental_pipeline.cc:79] Retriangulation and Global bundle adjustment
[2026-06-21 14:52:20,327][src.colmap_mapper][INFO] - I20260621 14:52:20.327627 0x1fde420c0 incremental_pipeline.cc:537] Registering image #7 (num_reg_frames=6)
[2026-06-21 14:52:20,327][src.colmap_mapper][INFO] - I20260621 14:52:20.327633 0x1fde420c0 incremental_pipeline.cc:540] => Image sees 436 / 1676 points
[2026-06-21 14:52:20,363][src.colmap_mapper][INFO] - I20260621 14:52:20.363860 0x1fde420c0 incremental_pipeline.cc:79] Retriangulation and Global bundle adjustment
[2026-06-21 14:52:20,399][src.colmap_mapper][INFO] - I20260621 14:52:20.399820 0x1fde420c0 incremental_pipeline.cc:537] Registering image #8 (num_reg_frames=7)
[2026-06-21 14:52:20,399][src.colmap_mapper][INFO] - I20260621 14:52:20.399828 0x1fde420c0 incremental_pipeline.cc:540] => Image sees 480 / 1376 points
[2026-06-21 14:52:20,432][src.colmap_mapper][INFO] - I20260621 14:52:20.432768 0x1fde420c0 incremental_pipeline.cc:79] Retriangulation and Global bundle adjustment
[2026-06-21 14:52:20,467][src.colmap_mapper][INFO] - I20260621 14:52:20.467865 0x1fde420c0 incremental_pipeline.cc:79] Retriangulation and Global bundle adjustment
[2026-06-21 14:52:20,476][src.colmap_mapper][INFO] - I20260621 14:52:20.476504 0x1fde420c0 incremental_pipeline.cc:723] Keeping successful reconstruction
[2026-06-21 14:52:20,478][src.colmap_mapper][INFO] - I20260621 14:52:20.478809 0x1fde420c0 timer.cc:90] Elapsed time: 0.008 [minutes]
[2026-06-21 14:52:20,482][src.colmap_mapper][INFO] - Sparse reconstruction completed successfully
[2026-06-21 14:52:20,482][__main__][INFO] - ✓ Sparse reconstruction completed
[2026-06-21 14:52:20,482][__main__][INFO] - ============================================================
[2026-06-21 14:52:20,482][__main__][INFO] - STEP 5: Image Undistortion
[2026-06-21 14:52:20,482][__main__][INFO] - ============================================================
[2026-06-21 14:52:20,483][src.colmap_undistorter][INFO] - Undistorting images
[2026-06-21 14:52:20,483][src.colmap_undistorter][INFO] - Input model: /Users/bc/brendanchambers/2026-06-18-iphone-video-to-splat/data/intermediates/teensy/colmap_sfm_camera_model/sparse/0
[2026-06-21 14:52:20,483][src.colmap_undistorter][INFO] - Images: /Users/bc/brendanchambers/2026-06-18-iphone-video-to-splat/data/intermediates/teensy/colmap_sfm_camera_model/images
[2026-06-21 14:52:20,483][src.colmap_undistorter][INFO] - Output: /Users/bc/brendanchambers/2026-06-18-iphone-video-to-splat/data/intermediates/teensy/colmap_sfm_linearized
[2026-06-21 14:52:20,483][src.colmap_undistorter][INFO] - Running: colmap image_undistorter
[2026-06-21 14:52:20,529][src.colmap_undistorter][INFO] - I20260621 14:52:20.529294 0x1fde420c0 image.cc:368] === Reading reconstruction ===
[2026-06-21 14:52:20,531][src.colmap_undistorter][INFO] - I20260621 14:52:20.531296 0x1fde420c0 image.cc:371] => Reconstruction with 8 images and 2190 points
[2026-06-21 14:52:20,531][src.colmap_undistorter][INFO] - I20260621 14:52:20.531304 0x1fde420c0 undistorters.cc:166] === Image undistortion ===
[2026-06-21 14:52:20,531][src.colmap_undistorter][INFO] - I20260621 14:52:20.531579 0x1fde420c0 undistorters.cc:205] Undistorting image [1/8]
[2026-06-21 14:52:21,112][src.colmap_undistorter][INFO] - I20260621 14:52:21.112448 0x1fde420c0 undistorters.cc:205] Undistorting image [2/8]
[2026-06-21 14:52:21,139][src.colmap_undistorter][INFO] - I20260621 14:52:21.139438 0x1fde420c0 undistorters.cc:205] Undistorting image [3/8]
[2026-06-21 14:52:21,140][src.colmap_undistorter][INFO] - I20260621 14:52:21.140799 0x1fde420c0 undistorters.cc:205] Undistorting image [4/8]
[2026-06-21 14:52:21,140][src.colmap_undistorter][INFO] - I20260621 14:52:21.140805 0x1fde420c0 undistorters.cc:205] Undistorting image [5/8]
[2026-06-21 14:52:21,152][src.colmap_undistorter][INFO] - I20260621 14:52:21.152183 0x1fde420c0 undistorters.cc:205] Undistorting image [6/8]
[2026-06-21 14:52:21,152][src.colmap_undistorter][INFO] - I20260621 14:52:21.152190 0x1fde420c0 undistorters.cc:205] Undistorting image [7/8]
[2026-06-21 14:52:21,152][src.colmap_undistorter][INFO] - I20260621 14:52:21.152192 0x1fde420c0 undistorters.cc:205] Undistorting image [8/8]
[2026-06-21 14:52:21,152][src.colmap_undistorter][INFO] - I20260621 14:52:21.152197 0x1fde420c0 undistorters.cc:213] Writing reconstruction...
[2026-06-21 14:52:21,156][src.colmap_undistorter][INFO] - I20260621 14:52:21.156656 0x1fde420c0 undistorters.cc:218] Writing configuration...
[2026-06-21 14:52:21,156][src.colmap_undistorter][INFO] - I20260621 14:52:21.156754 0x1fde420c0 undistorters.cc:222] Writing scripts...
[2026-06-21 14:52:21,156][src.colmap_undistorter][INFO] - I20260621 14:52:21.156849 0x1fde420c0 timer.cc:90] Elapsed time: 0.010 [minutes]
[2026-06-21 14:52:21,160][src.colmap_undistorter][INFO] - Image undistortion completed successfully
[2026-06-21 14:52:21,160][__main__][INFO] - ✓ Image undistortion completed
[2026-06-21 14:52:21,160][__main__][INFO] - ============================================================
[2026-06-21 14:52:21,160][__main__][INFO] - STEP 6: OpenSplat Training
[2026-06-21 14:52:21,160][__main__][INFO] - ============================================================
[2026-06-21 14:52:21,162][src.opensplat_trainer][INFO] - Training 3D Gaussian Splat
[2026-06-21 14:52:21,162][src.opensplat_trainer][INFO] - Sparse model: /Users/bc/brendanchambers/2026-06-18-iphone-video-to-splat/data/intermediates/teensy/colmap_sfm_linearized/sparse
[2026-06-21 14:52:21,162][src.opensplat_trainer][INFO] - Images: /Users/bc/brendanchambers/2026-06-18-iphone-video-to-splat/data/intermediates/teensy/colmap_sfm_linearized/images
[2026-06-21 14:52:21,162][src.opensplat_trainer][INFO] - Output PLY: /Users/bc/brendanchambers/2026-06-18-iphone-video-to-splat/data/intermediates/teensy/colmap_sfm_linearized/splats/teensy_20260621_1452.ply
[2026-06-21 14:52:21,162][src.opensplat_trainer][INFO] - Training loss log: /Users/bc/brendanchambers/2026-06-18-iphone-video-to-splat/data/intermediates/teensy/colmap_sfm_linearized/splats/train_20260621_1452.jsonl
[2026-06-21 14:52:21,162][src.opensplat_trainer][INFO] - Validation loss log: /Users/bc/brendanchambers/2026-06-18-iphone-video-to-splat/data/intermediates/teensy/colmap_sfm_linearized/splats/val_20260621_1452.jsonl
[2026-06-21 14:52:21,162][src.opensplat_trainer][INFO] - Running: opensplat
[2026-06-21 14:52:21,309][src.opensplat_trainer][INFO] - Using MPS
[2026-06-21 14:52:21,311][src.opensplat_trainer][INFO] - Reading 2190 points
[2026-06-21 14:52:21,311][src.opensplat_trainer][INFO] - Loading /Users/bc/brendanchambers/2026-06-18-iphone-video-to-splat/data/intermediates/teensy/colmap_sfm_linearized/images/frame_0001.jpg
[2026-06-21 14:52:21,311][src.opensplat_trainer][INFO] - Loading /Users/bc/brendanchambers/2026-06-18-iphone-video-to-splat/data/intermediates/teensy/colmap_sfm_linearized/images/frame_0002.jpgLoading /Users/bc/brendanchambers/2026-06-18-iphone-video-to-splat/data/intermediates/teensy/colmap_sfm_linearized/images/frame_0003.jpg
[2026-06-21 14:52:21,311][src.opensplat_trainer][INFO] - 
[2026-06-21 14:52:21,311][src.opensplat_trainer][INFO] - Loading /Users/bc/brendanchambers/2026-06-18-iphone-video-to-splat/data/intermediates/teensy/colmap_sfm_linearized/images/frame_0004.jpg
[2026-06-21 14:52:21,311][src.opensplat_trainer][INFO] - Loading /Users/bc/brendanchambers/2026-06-18-iphone-video-to-splat/data/intermediates/teensy/colmap_sfm_linearized/images/frame_0005.jpg
[2026-06-21 14:52:21,311][src.opensplat_trainer][INFO] - Loading /Users/bc/brendanchambers/2026-06-18-iphone-video-to-splat/data/intermediates/teensy/colmap_sfm_linearized/images/frame_0006.jpg
[2026-06-21 14:52:21,311][src.opensplat_trainer][INFO] - Loading /Users/bc/brendanchambers/2026-06-18-iphone-video-to-splat/data/intermediates/teensy/colmap_sfm_linearized/images/frame_0007.jpg
[2026-06-21 14:52:21,312][src.opensplat_trainer][INFO] - Loading /Users/bc/brendanchambers/2026-06-18-iphone-video-to-splat/data/intermediates/teensy/colmap_sfm_linearized/images/frame_0008.jpg
[2026-06-21 14:52:21,682][src.opensplat_trainer][INFO] - init_gsplat_metal_context: loading '/Users/bc/brendanchambers/2026-06-18-iphone-video-to-splat/opensplat/build/default.metallib'
[2026-06-21 14:52:21,682][src.opensplat_trainer][INFO] - init_gsplat_metal_context: loaded '/Users/bc/brendanchambers/2026-06-18-iphone-video-to-splat/opensplat/build/default.metallib', functions: compute_cov2d_bounds_kernel, project_gaussians_backward_kernel, get_tile_bin_edges_kernel, rasterize_backward_kernel, map_gaussian_to_intersects_kernel, nd_rasterize_backward_kernel, project_gaussians_forward_kernel, compute_sh_backward_kernel, compute_sh_forward_kernel, nd_rasterize_forward_kernel
[2026-06-21 14:52:21,682][src.opensplat_trainer][INFO] - init_gsplat_metal_context: load function nd_rasterize_backward_kernel with label: (null)
[2026-06-21 14:52:21,682][src.opensplat_trainer][INFO] - init_gsplat_metal_context: load function nd_rasterize_forward_kernel with label: (null)
[2026-06-21 14:52:21,682][src.opensplat_trainer][INFO] - init_gsplat_metal_context: load function rasterize_backward_kernel with label: (null)
[2026-06-21 14:52:21,682][src.opensplat_trainer][INFO] - init_gsplat_metal_context: load function project_gaussians_forward_kernel with label: (null)
[2026-06-21 14:52:21,682][src.opensplat_trainer][INFO] - init_gsplat_metal_context: load function project_gaussians_backward_kernel with label: (null)
[2026-06-21 14:52:21,682][src.opensplat_trainer][INFO] - init_gsplat_metal_context: load function compute_sh_forward_kernel with label: (null)
[2026-06-21 14:52:21,682][src.opensplat_trainer][INFO] - init_gsplat_metal_context: load function compute_sh_backward_kernel with label: (null)
[2026-06-21 14:52:21,682][src.opensplat_trainer][INFO] - init_gsplat_metal_context: load function compute_cov2d_bounds_kernel with label: (null)
[2026-06-21 14:52:21,682][src.opensplat_trainer][INFO] - init_gsplat_metal_context: load function map_gaussian_to_intersects_kernel with label: (null)
[2026-06-21 14:52:21,682][src.opensplat_trainer][INFO] - init_gsplat_metal_context: load function get_tile_bin_edges_kernel with label: (null)
[2026-06-21 14:52:21,683][src.opensplat_trainer][INFO] - Step 10: 0.335674 (20%)
[2026-06-21 14:52:21,897][src.opensplat_trainer][INFO] - Step 20: 0.3161 (40%)
[2026-06-21 14:52:22,094][src.opensplat_trainer][INFO] - Step 30: 0.283759 (60%)
[2026-06-21 14:52:22,278][src.opensplat_trainer][INFO] - Step 40: 0.301167 (80%)
[2026-06-21 14:52:22,491][src.opensplat_trainer][INFO] - Step 50: 0.302727 (100%)
[2026-06-21 14:52:22,506][src.opensplat_trainer][INFO] - Wrote /Users/bc/brendanchambers/2026-06-18-iphone-video-to-splat/data/intermediates/teensy/colmap_sfm_linearized/splats/cameras.json
[2026-06-21 14:52:22,513][src.opensplat_trainer][INFO] - Wrote /Users/bc/brendanchambers/2026-06-18-iphone-video-to-splat/data/intermediates/teensy/colmap_sfm_linearized/splats/teensy_20260621_1452.ply
[2026-06-21 14:52:22,525][src.opensplat_trainer][INFO] - /Users/bc/brendanchambers/2026-06-18-iphone-video-to-splat/data/intermediates/teensy/colmap_sfm_linearized/images/frame_0001.jpg validation loss: 0.344882
[2026-06-21 14:52:22,577][src.opensplat_trainer][INFO] - Parsed 5 training loss values to /Users/bc/brendanchambers/2026-06-18-iphone-video-to-splat/data/intermediates/teensy/colmap_sfm_linearized/splats/train_20260621_1452.jsonl
[2026-06-21 14:52:22,577][src.opensplat_trainer][INFO] - Captured validation loss: 0.344882 to /Users/bc/brendanchambers/2026-06-18-iphone-video-to-splat/data/intermediates/teensy/colmap_sfm_linearized/splats/val_20260621_1452.jsonl
[2026-06-21 14:52:22,577][src.opensplat_trainer][INFO] - Training completed successfully
[2026-06-21 14:52:22,577][src.opensplat_trainer][INFO] - Output saved to: /Users/bc/brendanchambers/2026-06-18-iphone-video-to-splat/data/intermediates/teensy/colmap_sfm_linearized/splats/teensy_20260621_1452.ply
[2026-06-21 14:52:22,577][__main__][INFO] - ✓ Splat training completed
[2026-06-21 14:52:22,577][__main__][INFO] - ============================================================
[2026-06-21 14:52:22,577][__main__][INFO] - Analyzing Training Loss
[2026-06-21 14:52:22,577][__main__][INFO] - ============================================================
[2026-06-21 14:52:22,827][__main__][INFO] - 
[2026-06-21 14:52:22,827][__main__][INFO] - ╔==========================================================╗
[2026-06-21 14:52:22,827][__main__][INFO] - ║                    Pipeline Complete!                    ║
[2026-06-21 14:52:22,827][__main__][INFO] - ╚==========================================================╝
[2026-06-21 14:52:22,828][__main__][INFO] - Output directory: /Users/bc/brendanchambers/2026-06-18-iphone-video-to-splat/data/intermediates/teensy/colmap_sfm_linearized/splats
[2026-06-21 14:52:22,828][__main__][INFO] -   - PLY file: *.ply (3D Gaussian Splat)
[2026-06-21 14:52:22,828][__main__][INFO] -   - Loss log: *.jsonl (Training loss per step)
