[2026-06-21 16:32:25,590][__main__][INFO] - 
[2026-06-21 16:32:25,590][__main__][INFO] - ╔==========================================================╗
[2026-06-21 16:32:25,590][__main__][INFO] - ║          3D Gaussian Splat Training Pipeline              ║
[2026-06-21 16:32:25,590][__main__][INFO] - ╚==========================================================╝
[2026-06-21 16:32:25,591][__main__][INFO] - Experiment: densify_sz0.0025_gr0.0004
[2026-06-21 16:32:25,591][__main__][INFO] - Project dir: /Users/bc/brendanchambers/2026-06-18-iphone-video-to-splat
[2026-06-21 16:32:25,591][__main__][INFO] - 
[2026-06-21 16:32:25,591][src.timing_recorder][INFO] - [TIMING] Starting: frame_extraction
[2026-06-21 16:32:25,591][__main__][INFO] - ============================================================
[2026-06-21 16:32:25,591][__main__][INFO] - STEP 1: Frame Extraction
[2026-06-21 16:32:25,591][__main__][INFO] - ============================================================
[2026-06-21 16:32:25,591][src.frame_extractor][INFO] - Extracting frames from: /Users/bc/brendanchambers/2026-06-18-iphone-video-to-splat/data/incoming/movies/teensy.mov
[2026-06-21 16:32:25,591][src.frame_extractor][INFO] - Output directory: /Users/bc/brendanchambers/2026-06-18-iphone-video-to-splat/data/intermediates/densify_sz0.0025_gr0.0004/colmap_sfm_camera_model/images
[2026-06-21 16:32:25,591][src.frame_extractor][INFO] - Extracting frames at 2 fps
[2026-06-21 16:32:25,591][src.frame_extractor][INFO] - Running command: ffmpeg -i /Users/bc/brendanchambers/2026-06-18-iphone-video-to-splat/data/incoming/movies/teensy.mov -vf fps=2 -q:v 5 /Users/bc/brendanchambers/2026-06-18-iphone-video-to-splat/data/intermediates/densify_sz0.0025_gr0.0004/colmap_sfm_camera_model/images/frame_%04d.jpg
[2026-06-21 16:32:25,607][src.frame_extractor][INFO] - ffmpeg version 8.1.2 Copyright (c) 2000-2026 the FFmpeg developers
[2026-06-21 16:32:25,607][src.frame_extractor][INFO] -   built with Apple clang version 17.0.0 (clang-1700.6.4.2)
[2026-06-21 16:32:25,607][src.frame_extractor][INFO] -   configuration: --prefix=/opt/homebrew/Cellar/ffmpeg/8.1.2 --enable-shared --enable-pthreads --enable-version3 --cc=clang --host-cflags= --host-ldflags= --enable-ffplay --enable-gpl --enable-libsvtav1 --enable-libopus --enable-libx264 --enable-libmp3lame --enable-libdav1d --enable-libvmaf --enable-libvpx --enable-libx265 --enable-openssl --enable-videotoolbox --enable-audiotoolbox --enable-neon
[2026-06-21 16:32:25,607][src.frame_extractor][INFO] -   libavutil      60. 26.102 / 60. 26.102
[2026-06-21 16:32:25,607][src.frame_extractor][INFO] -   libavcodec     62. 28.102 / 62. 28.102
[2026-06-21 16:32:25,607][src.frame_extractor][INFO] -   libavformat    62. 12.102 / 62. 12.102
[2026-06-21 16:32:25,607][src.frame_extractor][INFO] -   libavdevice    62.  3.102 / 62.  3.102
[2026-06-21 16:32:25,607][src.frame_extractor][INFO] -   libavfilter    11. 14.102 / 11. 14.102
[2026-06-21 16:32:25,607][src.frame_extractor][INFO] -   libswscale      9.  5.102 /  9.  5.102
[2026-06-21 16:32:25,607][src.frame_extractor][INFO] -   libswresample   6.  3.102 /  6.  3.102
[2026-06-21 16:32:25,622][src.frame_extractor][INFO] - Input #0, mov,mp4,m4a,3gp,3g2,mj2, from '/Users/bc/brendanchambers/2026-06-18-iphone-video-to-splat/data/incoming/movies/teensy.mov':
[2026-06-21 16:32:25,622][src.frame_extractor][INFO] -   Metadata:
[2026-06-21 16:32:25,622][src.frame_extractor][INFO] -     major_brand     : qt
[2026-06-21 16:32:25,622][src.frame_extractor][INFO] -     minor_version   : 512
[2026-06-21 16:32:25,622][src.frame_extractor][INFO] -     compatible_brands: qt
[2026-06-21 16:32:25,622][src.frame_extractor][INFO] -     encoder         : Lavf62.12.102
[2026-06-21 16:32:25,622][src.frame_extractor][INFO] -   Duration: 00:00:04.01, start: 0.000000, bitrate: 19786 kb/s
[2026-06-21 16:32:25,622][src.frame_extractor][INFO] -   Stream #0:0[0x1]: Video: h264 (High) (avc1 / 0x31637661), yuv420p(tv, bt709, progressive), 1080x1920, 19646 kb/s, 29.67 fps, 29.67 tbr, 11392 tbn (default)
[2026-06-21 16:32:25,622][src.frame_extractor][INFO] -     Metadata:
[2026-06-21 16:32:25,622][src.frame_extractor][INFO] -       handler_name    : Core Media Video
[2026-06-21 16:32:25,622][src.frame_extractor][INFO] -       vendor_id       : FFMP
[2026-06-21 16:32:25,622][src.frame_extractor][INFO] -       encoder         : Lavc62.28.102 libx264
[2026-06-21 16:32:25,622][src.frame_extractor][INFO] -   Stream #0:1[0x2]: Audio: aac (LC) (mp4a / 0x6134706D), 48000 Hz, stereo, fltp, 128 kb/s (default)
[2026-06-21 16:32:25,622][src.frame_extractor][INFO] -     Metadata:
[2026-06-21 16:32:25,622][src.frame_extractor][INFO] -       handler_name    : Core Media Audio
[2026-06-21 16:32:25,622][src.frame_extractor][INFO] -       vendor_id       : [0][0][0][0]
[2026-06-21 16:32:25,623][src.frame_extractor][INFO] - Stream mapping:
[2026-06-21 16:32:25,623][src.frame_extractor][INFO] -   Stream #0:0 -> #0:0 (h264 (native) -> mjpeg (native))
[2026-06-21 16:32:25,623][src.frame_extractor][INFO] - Press [q] to stop, [?] for help
[2026-06-21 16:32:25,672][src.frame_extractor][INFO] - Output #0, image2, to '/Users/bc/brendanchambers/2026-06-18-iphone-video-to-splat/data/intermediates/densify_sz0.0025_gr0.0004/colmap_sfm_camera_model/images/frame_%04d.jpg':
[2026-06-21 16:32:25,672][src.frame_extractor][INFO] -   Metadata:
[2026-06-21 16:32:25,672][src.frame_extractor][INFO] -     major_brand     : qt
[2026-06-21 16:32:25,672][src.frame_extractor][INFO] -     minor_version   : 512
[2026-06-21 16:32:25,672][src.frame_extractor][INFO] -     compatible_brands: qt
[2026-06-21 16:32:25,673][src.frame_extractor][INFO] -     encoder         : Lavf62.12.102
[2026-06-21 16:32:25,673][src.frame_extractor][INFO] -   Stream #0:0: Video: mjpeg, yuv420p(pc, bt709, progressive), 1080x1920, q=2-31, 200 kb/s, 2 fps, 2 tbn (default)
[2026-06-21 16:32:25,673][src.frame_extractor][INFO] -     Metadata:
[2026-06-21 16:32:25,673][src.frame_extractor][INFO] -       encoder         : Lavc62.28.102 mjpeg
[2026-06-21 16:32:25,673][src.frame_extractor][INFO] -       handler_name    : Core Media Video
[2026-06-21 16:32:25,673][src.frame_extractor][INFO] -       vendor_id       : FFMP
[2026-06-21 16:32:25,673][src.frame_extractor][INFO] -     Side data:
[2026-06-21 16:32:25,673][src.frame_extractor][INFO] -       CPB properties: bitrate max/min/avg: 0/0/200000 buffer size: 0 vbv_delay: N/A
[2026-06-21 16:32:25,815][src.frame_extractor][INFO] - [out#0/image2 @ 0x60000034c6c0] video:3120KiB audio:0KiB subtitle:0KiB other streams:0KiB global headers:0KiB muxing overhead: unknown
[2026-06-21 16:32:25,815][src.frame_extractor][INFO] - frame=    8 fps=0.0 q=5.0 Lsize=N/A time=00:00:04.00 bitrate=N/A speed=20.8x elapsed=0:00:00.19
[2026-06-21 16:32:25,818][src.frame_extractor][INFO] - Successfully extracted 8 frames
[2026-06-21 16:32:25,818][__main__][INFO] - ✓ Frame extraction completed
[2026-06-21 16:32:25,818][src.timing_recorder][INFO] - [TIMING] ✓ Completed: frame_extraction (0.23s)
[2026-06-21 16:32:25,818][src.timing_recorder][INFO] - [TIMING] Starting: feature_extraction
[2026-06-21 16:32:25,818][__main__][INFO] - ============================================================
[2026-06-21 16:32:25,818][__main__][INFO] - STEP 2: Feature Extraction
[2026-06-21 16:32:25,819][__main__][INFO] - ============================================================
[2026-06-21 16:32:25,820][src.colmap_feature_extractor][INFO] - Extracting features from images: /Users/bc/brendanchambers/2026-06-18-iphone-video-to-splat/data/intermediates/densify_sz0.0025_gr0.0004/colmap_sfm_camera_model/images
[2026-06-21 16:32:25,820][src.colmap_feature_extractor][INFO] - Database: /Users/bc/brendanchambers/2026-06-18-iphone-video-to-splat/data/intermediates/densify_sz0.0025_gr0.0004/colmap_sfm_camera_model/database.db
[2026-06-21 16:32:25,820][src.colmap_feature_extractor][INFO] - Running: colmap feature_extractor
[2026-06-21 16:32:25,989][src.colmap_feature_extractor][INFO] - I20260621 16:32:25.988864 0x16b463000 feature_extraction.cc:504] === Feature extraction ===
[2026-06-21 16:32:26,003][src.colmap_feature_extractor][INFO] - I20260621 16:32:26.003290 0x16ba67000 sift.cc:757] Creating SIFT GPU feature extractor
[2026-06-21 16:32:26,043][src.colmap_feature_extractor][INFO] - I20260621 16:32:26.043601 0x16baf3000 feature_extraction.cc:282] Processed file [1/8]
[2026-06-21 16:32:26,043][src.colmap_feature_extractor][INFO] - I20260621 16:32:26.043611 0x16baf3000 feature_extraction.cc:285]   Name:            frame_0001.jpg
[2026-06-21 16:32:26,043][src.colmap_feature_extractor][INFO] - W20260621 16:32:26.043613 0x16baf3000 feature_extraction.cc:289] frame_0001.jpg IMAGE_EXISTS: Features for image were already extracted.
[2026-06-21 16:32:26,043][src.colmap_feature_extractor][INFO] - I20260621 16:32:26.043874 0x16baf3000 feature_extraction.cc:282] Processed file [2/8]
[2026-06-21 16:32:26,043][src.colmap_feature_extractor][INFO] - I20260621 16:32:26.043877 0x16baf3000 feature_extraction.cc:285]   Name:            frame_0002.jpg
[2026-06-21 16:32:26,043][src.colmap_feature_extractor][INFO] - W20260621 16:32:26.043878 0x16baf3000 feature_extraction.cc:289] frame_0002.jpg IMAGE_EXISTS: Features for image were already extracted.
[2026-06-21 16:32:26,043][src.colmap_feature_extractor][INFO] - I20260621 16:32:26.043886 0x16baf3000 feature_extraction.cc:282] Processed file [3/8]
[2026-06-21 16:32:26,044][src.colmap_feature_extractor][INFO] - I20260621 16:32:26.043887 0x16baf3000 feature_extraction.cc:285]   Name:            frame_0003.jpg
[2026-06-21 16:32:26,044][src.colmap_feature_extractor][INFO] - W20260621 16:32:26.043889 0x16baf3000 feature_extraction.cc:289] frame_0003.jpg IMAGE_EXISTS: Features for image were already extracted.
[2026-06-21 16:32:26,044][src.colmap_feature_extractor][INFO] - I20260621 16:32:26.043895 0x16baf3000 feature_extraction.cc:282] Processed file [4/8]
[2026-06-21 16:32:26,044][src.colmap_feature_extractor][INFO] - I20260621 16:32:26.043896 0x16baf3000 feature_extraction.cc:285]   Name:            frame_0004.jpg
[2026-06-21 16:32:26,044][src.colmap_feature_extractor][INFO] - W20260621 16:32:26.043897 0x16baf3000 feature_extraction.cc:289] frame_0004.jpg IMAGE_EXISTS: Features for image were already extracted.
[2026-06-21 16:32:26,044][src.colmap_feature_extractor][INFO] - I20260621 16:32:26.043903 0x16baf3000 feature_extraction.cc:282] Processed file [5/8]
[2026-06-21 16:32:26,044][src.colmap_feature_extractor][INFO] - I20260621 16:32:26.043904 0x16baf3000 feature_extraction.cc:285]   Name:            frame_0005.jpg
[2026-06-21 16:32:26,044][src.colmap_feature_extractor][INFO] - W20260621 16:32:26.043906 0x16baf3000 feature_extraction.cc:289] frame_0005.jpg IMAGE_EXISTS: Features for image were already extracted.
[2026-06-21 16:32:26,044][src.colmap_feature_extractor][INFO] - I20260621 16:32:26.043911 0x16baf3000 feature_extraction.cc:282] Processed file [6/8]
[2026-06-21 16:32:26,044][src.colmap_feature_extractor][INFO] - I20260621 16:32:26.043912 0x16baf3000 feature_extraction.cc:285]   Name:            frame_0006.jpg
[2026-06-21 16:32:26,044][src.colmap_feature_extractor][INFO] - W20260621 16:32:26.043914 0x16baf3000 feature_extraction.cc:289] frame_0006.jpg IMAGE_EXISTS: Features for image were already extracted.
[2026-06-21 16:32:26,044][src.colmap_feature_extractor][INFO] - I20260621 16:32:26.043925 0x16baf3000 feature_extraction.cc:282] Processed file [7/8]
[2026-06-21 16:32:26,044][src.colmap_feature_extractor][INFO] - I20260621 16:32:26.043930 0x16baf3000 feature_extraction.cc:285]   Name:            frame_0007.jpg
[2026-06-21 16:32:26,044][src.colmap_feature_extractor][INFO] - W20260621 16:32:26.043932 0x16baf3000 feature_extraction.cc:289] frame_0007.jpg IMAGE_EXISTS: Features for image were already extracted.
[2026-06-21 16:32:26,044][src.colmap_feature_extractor][INFO] - I20260621 16:32:26.043940 0x16baf3000 feature_extraction.cc:282] Processed file [8/8]
[2026-06-21 16:32:26,044][src.colmap_feature_extractor][INFO] - I20260621 16:32:26.043941 0x16baf3000 feature_extraction.cc:285]   Name:            frame_0008.jpg
[2026-06-21 16:32:26,044][src.colmap_feature_extractor][INFO] - W20260621 16:32:26.043943 0x16baf3000 feature_extraction.cc:289] frame_0008.jpg IMAGE_EXISTS: Features for image were already extracted.
[2026-06-21 16:32:26,044][src.colmap_feature_extractor][INFO] - I20260621 16:32:26.044040 0x16b463000 timer.cc:90] Elapsed time: 0.001 [minutes]
[2026-06-21 16:32:26,048][src.colmap_feature_extractor][INFO] - Feature extraction completed successfully
[2026-06-21 16:32:26,048][__main__][INFO] - ✓ Feature extraction completed
[2026-06-21 16:32:26,049][src.timing_recorder][INFO] - [TIMING] ✓ Completed: feature_extraction (0.23s)
[2026-06-21 16:32:26,049][src.timing_recorder][INFO] - [TIMING] Starting: feature_matching
[2026-06-21 16:32:26,049][__main__][INFO] - ============================================================
[2026-06-21 16:32:26,049][__main__][INFO] - STEP 3: Feature Matching
[2026-06-21 16:32:26,049][__main__][INFO] - ============================================================
[2026-06-21 16:32:26,049][src.colmap_feature_matcher][INFO] - Matching features in database: /Users/bc/brendanchambers/2026-06-18-iphone-video-to-splat/data/intermediates/densify_sz0.0025_gr0.0004/colmap_sfm_camera_model/database.db
[2026-06-21 16:32:26,049][src.colmap_feature_matcher][INFO] - Running: colmap sequential_matcher
[2026-06-21 16:32:26,213][src.colmap_feature_matcher][INFO] - I20260621 16:32:26.213139 0x16bd27000 feature_matching.cc:195] === Feature matching & geometric verification ===
[2026-06-21 16:32:26,228][src.colmap_feature_matcher][INFO] - I20260621 16:32:26.228424 0x16bdb3000 sift.cc:1559] Creating SIFT GPU feature matcher
[2026-06-21 16:32:26,253][src.colmap_feature_matcher][INFO] - I20260621 16:32:26.253061 0x16bd27000 pairing.cc:415] Generating sequential image pairs...
[2026-06-21 16:32:26,253][src.colmap_feature_matcher][INFO] - I20260621 16:32:26.253136 0x16bd27000 pairing.cc:473] Processing image [1/8]
[2026-06-21 16:32:26,253][src.colmap_feature_matcher][INFO] - I20260621 16:32:26.253157 0x16bd27000 feature_matching.cc:217] in 0.000s
[2026-06-21 16:32:26,253][src.colmap_feature_matcher][INFO] - I20260621 16:32:26.253161 0x16bd27000 pairing.cc:473] Processing image [2/8]
[2026-06-21 16:32:26,253][src.colmap_feature_matcher][INFO] - I20260621 16:32:26.253175 0x16bd27000 feature_matching.cc:217] in 0.000s
[2026-06-21 16:32:26,253][src.colmap_feature_matcher][INFO] - I20260621 16:32:26.253178 0x16bd27000 pairing.cc:473] Processing image [3/8]
[2026-06-21 16:32:26,253][src.colmap_feature_matcher][INFO] - I20260621 16:32:26.253190 0x16bd27000 feature_matching.cc:217] in 0.000s
[2026-06-21 16:32:26,253][src.colmap_feature_matcher][INFO] - I20260621 16:32:26.253192 0x16bd27000 pairing.cc:473] Processing image [4/8]
[2026-06-21 16:32:26,253][src.colmap_feature_matcher][INFO] - I20260621 16:32:26.253206 0x16bd27000 feature_matching.cc:217] in 0.000s
[2026-06-21 16:32:26,253][src.colmap_feature_matcher][INFO] - I20260621 16:32:26.253208 0x16bd27000 pairing.cc:473] Processing image [5/8]
[2026-06-21 16:32:26,253][src.colmap_feature_matcher][INFO] - I20260621 16:32:26.253218 0x16bd27000 feature_matching.cc:217] in 0.000s
[2026-06-21 16:32:26,253][src.colmap_feature_matcher][INFO] - I20260621 16:32:26.253220 0x16bd27000 pairing.cc:473] Processing image [6/8]
[2026-06-21 16:32:26,253][src.colmap_feature_matcher][INFO] - I20260621 16:32:26.253233 0x16bd27000 feature_matching.cc:217] in 0.000s
[2026-06-21 16:32:26,253][src.colmap_feature_matcher][INFO] - I20260621 16:32:26.253234 0x16bd27000 pairing.cc:473] Processing image [7/8]
[2026-06-21 16:32:26,253][src.colmap_feature_matcher][INFO] - I20260621 16:32:26.253241 0x16bd27000 feature_matching.cc:217] in 0.000s
[2026-06-21 16:32:26,253][src.colmap_feature_matcher][INFO] - I20260621 16:32:26.253243 0x16bd27000 pairing.cc:473] Processing image [8/8]
[2026-06-21 16:32:26,253][src.colmap_feature_matcher][INFO] - I20260621 16:32:26.253244 0x16bd27000 feature_matching.cc:217] in 0.000s
[2026-06-21 16:32:26,253][src.colmap_feature_matcher][INFO] - I20260621 16:32:26.253246 0x16bd27000 timer.cc:90] Elapsed time: 0.001 [minutes]
[2026-06-21 16:32:26,258][src.colmap_feature_matcher][INFO] - Feature matching completed successfully
[2026-06-21 16:32:26,258][__main__][INFO] - ✓ Feature matching completed
[2026-06-21 16:32:26,258][src.timing_recorder][INFO] - [TIMING] ✓ Completed: feature_matching (0.21s)
[2026-06-21 16:32:26,258][src.timing_recorder][INFO] - [TIMING] Starting: sparse_reconstruction
[2026-06-21 16:32:26,258][__main__][INFO] - ============================================================
[2026-06-21 16:32:26,258][__main__][INFO] - STEP 4: Sparse Reconstruction
[2026-06-21 16:32:26,258][__main__][INFO] - ============================================================
[2026-06-21 16:32:26,260][src.colmap_mapper][INFO] - Performing sparse reconstruction
[2026-06-21 16:32:26,260][src.colmap_mapper][INFO] - Database: /Users/bc/brendanchambers/2026-06-18-iphone-video-to-splat/data/intermediates/densify_sz0.0025_gr0.0004/colmap_sfm_camera_model/database.db
[2026-06-21 16:32:26,260][src.colmap_mapper][INFO] - Images: /Users/bc/brendanchambers/2026-06-18-iphone-video-to-splat/data/intermediates/densify_sz0.0025_gr0.0004/colmap_sfm_camera_model/images
[2026-06-21 16:32:26,260][src.colmap_mapper][INFO] - Output: /Users/bc/brendanchambers/2026-06-18-iphone-video-to-splat/data/intermediates/densify_sz0.0025_gr0.0004/colmap_sfm_camera_model/sparse
[2026-06-21 16:32:26,260][src.colmap_mapper][INFO] - Running: colmap mapper
[2026-06-21 16:32:26,310][src.colmap_mapper][INFO] - I20260621 16:32:26.310505 0x1fde420c0 incremental_pipeline.cc:278] Loading database
[2026-06-21 16:32:26,311][src.colmap_mapper][INFO] - I20260621 16:32:26.310831 0x1fde420c0 database_cache.cc:72] Loading rigs...
[2026-06-21 16:32:26,311][src.colmap_mapper][INFO] - I20260621 16:32:26.310853 0x1fde420c0 database_cache.cc:82]  1 in 0.000s
[2026-06-21 16:32:26,311][src.colmap_mapper][INFO] - I20260621 16:32:26.310857 0x1fde420c0 database_cache.cc:90] Loading cameras...
[2026-06-21 16:32:26,311][src.colmap_mapper][INFO] - I20260621 16:32:26.310866 0x1fde420c0 database_cache.cc:108]  1 in 0.000s
[2026-06-21 16:32:26,311][src.colmap_mapper][INFO] - I20260621 16:32:26.310868 0x1fde420c0 database_cache.cc:116] Loading frames...
[2026-06-21 16:32:26,311][src.colmap_mapper][INFO] - I20260621 16:32:26.310886 0x1fde420c0 database_cache.cc:126]  8 in 0.000s
[2026-06-21 16:32:26,311][src.colmap_mapper][INFO] - I20260621 16:32:26.310888 0x1fde420c0 database_cache.cc:134] Loading matches...
[2026-06-21 16:32:26,311][src.colmap_mapper][INFO] - I20260621 16:32:26.310952 0x1fde420c0 database_cache.cc:139]  17 in 0.000s
[2026-06-21 16:32:26,311][src.colmap_mapper][INFO] - I20260621 16:32:26.310954 0x1fde420c0 database_cache.cc:147] Loading images...
[2026-06-21 16:32:26,311][src.colmap_mapper][INFO] - I20260621 16:32:26.311499 0x1fde420c0 database_cache.cc:241]  8 in 0.001s (connected 8, loaded 8)
[2026-06-21 16:32:26,311][src.colmap_mapper][INFO] - I20260621 16:32:26.311503 0x1fde420c0 database_cache.cc:255] Loading pose priors...
[2026-06-21 16:32:26,311][src.colmap_mapper][INFO] - I20260621 16:32:26.311511 0x1fde420c0 database_cache.cc:263]  0 in 0.000s
[2026-06-21 16:32:26,311][src.colmap_mapper][INFO] - I20260621 16:32:26.311513 0x1fde420c0 database_cache.cc:271] Building correspondence graph...
[2026-06-21 16:32:26,312][src.colmap_mapper][INFO] - I20260621 16:32:26.312332 0x1fde420c0 database_cache.cc:300]  in 0.001s (ignored 0)
[2026-06-21 16:32:26,312][src.colmap_mapper][INFO] - I20260621 16:32:26.312335 0x1fde420c0 timer.cc:90] Elapsed time: 0.000 [minutes]
[2026-06-21 16:32:26,312][src.colmap_mapper][INFO] - I20260621 16:32:26.312428 0x1fde420c0 incremental_pipeline.cc:390] Finding good initial image pair
[2026-06-21 16:32:26,321][src.colmap_mapper][INFO] - I20260621 16:32:26.321766 0x1fde420c0 incremental_pipeline.cc:414] Registering initial image pair #2 and #4
[2026-06-21 16:32:26,322][src.colmap_mapper][INFO] - I20260621 16:32:26.322357 0x1fde420c0 incremental_pipeline.cc:432] Global bundle adjustment
[2026-06-21 16:32:26,345][src.colmap_mapper][INFO] - I20260621 16:32:26.345086 0x1fde420c0 incremental_pipeline.cc:537] Registering image #3 (num_reg_frames=2)
[2026-06-21 16:32:26,345][src.colmap_mapper][INFO] - I20260621 16:32:26.345090 0x1fde420c0 incremental_pipeline.cc:540] => Image sees 149 / 1892 points
[2026-06-21 16:32:26,393][src.colmap_mapper][INFO] - I20260621 16:32:26.393554 0x1fde420c0 incremental_pipeline.cc:79] Retriangulation and Global bundle adjustment
[2026-06-21 16:32:26,408][src.colmap_mapper][INFO] - I20260621 16:32:26.408493 0x1fde420c0 incremental_pipeline.cc:537] Registering image #6 (num_reg_frames=3)
[2026-06-21 16:32:26,408][src.colmap_mapper][INFO] - I20260621 16:32:26.408496 0x1fde420c0 incremental_pipeline.cc:540] => Image sees 496 / 2128 points
[2026-06-21 16:32:26,463][src.colmap_mapper][INFO] - I20260621 16:32:26.462988 0x1fde420c0 incremental_pipeline.cc:79] Retriangulation and Global bundle adjustment
[2026-06-21 16:32:26,485][src.colmap_mapper][INFO] - I20260621 16:32:26.485110 0x1fde420c0 incremental_pipeline.cc:537] Registering image #5 (num_reg_frames=4)
[2026-06-21 16:32:26,485][src.colmap_mapper][INFO] - I20260621 16:32:26.485114 0x1fde420c0 incremental_pipeline.cc:540] => Image sees 1052 / 2461 points
[2026-06-21 16:32:26,527][src.colmap_mapper][INFO] - I20260621 16:32:26.527067 0x1fde420c0 incremental_pipeline.cc:79] Retriangulation and Global bundle adjustment
[2026-06-21 16:32:26,558][src.colmap_mapper][INFO] - I20260621 16:32:26.558626 0x1fde420c0 incremental_pipeline.cc:537] Registering image #1 (num_reg_frames=5)
[2026-06-21 16:32:26,558][src.colmap_mapper][INFO] - I20260621 16:32:26.558630 0x1fde420c0 incremental_pipeline.cc:540] => Image sees 536 / 1825 points
[2026-06-21 16:32:26,604][src.colmap_mapper][INFO] - I20260621 16:32:26.604463 0x1fde420c0 incremental_pipeline.cc:79] Retriangulation and Global bundle adjustment
[2026-06-21 16:32:26,633][src.colmap_mapper][INFO] - I20260621 16:32:26.632998 0x1fde420c0 incremental_pipeline.cc:537] Registering image #7 (num_reg_frames=6)
[2026-06-21 16:32:26,633][src.colmap_mapper][INFO] - I20260621 16:32:26.633002 0x1fde420c0 incremental_pipeline.cc:540] => Image sees 436 / 1676 points
[2026-06-21 16:32:26,668][src.colmap_mapper][INFO] - I20260621 16:32:26.668755 0x1fde420c0 incremental_pipeline.cc:79] Retriangulation and Global bundle adjustment
[2026-06-21 16:32:26,705][src.colmap_mapper][INFO] - I20260621 16:32:26.705048 0x1fde420c0 incremental_pipeline.cc:537] Registering image #8 (num_reg_frames=7)
[2026-06-21 16:32:26,705][src.colmap_mapper][INFO] - I20260621 16:32:26.705052 0x1fde420c0 incremental_pipeline.cc:540] => Image sees 480 / 1376 points
[2026-06-21 16:32:26,736][src.colmap_mapper][INFO] - I20260621 16:32:26.736191 0x1fde420c0 incremental_pipeline.cc:79] Retriangulation and Global bundle adjustment
[2026-06-21 16:32:26,771][src.colmap_mapper][INFO] - I20260621 16:32:26.771554 0x1fde420c0 incremental_pipeline.cc:79] Retriangulation and Global bundle adjustment
[2026-06-21 16:32:26,780][src.colmap_mapper][INFO] - I20260621 16:32:26.780272 0x1fde420c0 incremental_pipeline.cc:723] Keeping successful reconstruction
[2026-06-21 16:32:26,782][src.colmap_mapper][INFO] - I20260621 16:32:26.782080 0x1fde420c0 timer.cc:90] Elapsed time: 0.008 [minutes]
[2026-06-21 16:32:26,785][src.colmap_mapper][INFO] - Sparse reconstruction completed successfully
[2026-06-21 16:32:26,785][__main__][INFO] - ✓ Sparse reconstruction completed
[2026-06-21 16:32:26,785][src.timing_recorder][INFO] - [TIMING] ✓ Completed: sparse_reconstruction (0.53s)
[2026-06-21 16:32:26,785][src.timing_recorder][INFO] - [TIMING] Starting: undistortion
[2026-06-21 16:32:26,785][__main__][INFO] - ============================================================
[2026-06-21 16:32:26,785][__main__][INFO] - STEP 5: Image Undistortion
[2026-06-21 16:32:26,785][__main__][INFO] - ============================================================
[2026-06-21 16:32:26,786][src.colmap_undistorter][INFO] - Undistorting images
[2026-06-21 16:32:26,787][src.colmap_undistorter][INFO] - Input model: /Users/bc/brendanchambers/2026-06-18-iphone-video-to-splat/data/intermediates/densify_sz0.0025_gr0.0004/colmap_sfm_camera_model/sparse/0
[2026-06-21 16:32:26,787][src.colmap_undistorter][INFO] - Images: /Users/bc/brendanchambers/2026-06-18-iphone-video-to-splat/data/intermediates/densify_sz0.0025_gr0.0004/colmap_sfm_camera_model/images
[2026-06-21 16:32:26,787][src.colmap_undistorter][INFO] - Output: /Users/bc/brendanchambers/2026-06-18-iphone-video-to-splat/data/intermediates/densify_sz0.0025_gr0.0004/colmap_sfm_linearized
[2026-06-21 16:32:26,787][src.colmap_undistorter][INFO] - Running: colmap image_undistorter
[2026-06-21 16:32:26,834][src.colmap_undistorter][INFO] - I20260621 16:32:26.834480 0x1fde420c0 image.cc:368] === Reading reconstruction ===
[2026-06-21 16:32:26,836][src.colmap_undistorter][INFO] - I20260621 16:32:26.836456 0x1fde420c0 image.cc:371] => Reconstruction with 8 images and 2190 points
[2026-06-21 16:32:26,836][src.colmap_undistorter][INFO] - I20260621 16:32:26.836465 0x1fde420c0 undistorters.cc:166] === Image undistortion ===
[2026-06-21 16:32:26,836][src.colmap_undistorter][INFO] - I20260621 16:32:26.836617 0x1fde420c0 undistorters.cc:205] Undistorting image [1/8]
[2026-06-21 16:32:27,443][src.colmap_undistorter][INFO] - I20260621 16:32:27.442935 0x1fde420c0 undistorters.cc:205] Undistorting image [2/8]
[2026-06-21 16:32:27,443][src.colmap_undistorter][INFO] - I20260621 16:32:27.442948 0x1fde420c0 undistorters.cc:205] Undistorting image [3/8]
[2026-06-21 16:32:27,443][src.colmap_undistorter][INFO] - I20260621 16:32:27.442950 0x1fde420c0 undistorters.cc:205] Undistorting image [4/8]
[2026-06-21 16:32:27,443][src.colmap_undistorter][INFO] - I20260621 16:32:27.442952 0x1fde420c0 undistorters.cc:205] Undistorting image [5/8]
[2026-06-21 16:32:27,443][src.colmap_undistorter][INFO] - I20260621 16:32:27.442953 0x1fde420c0 undistorters.cc:205] Undistorting image [6/8]
[2026-06-21 16:32:27,443][src.colmap_undistorter][INFO] - I20260621 16:32:27.442955 0x1fde420c0 undistorters.cc:205] Undistorting image [7/8]
[2026-06-21 16:32:27,443][src.colmap_undistorter][INFO] - I20260621 16:32:27.442956 0x1fde420c0 undistorters.cc:205] Undistorting image [8/8]
[2026-06-21 16:32:27,443][src.colmap_undistorter][INFO] - I20260621 16:32:27.442957 0x1fde420c0 undistorters.cc:213] Writing reconstruction...
[2026-06-21 16:32:27,446][src.colmap_undistorter][INFO] - I20260621 16:32:27.446976 0x1fde420c0 undistorters.cc:218] Writing configuration...
[2026-06-21 16:32:27,447][src.colmap_undistorter][INFO] - I20260621 16:32:27.447066 0x1fde420c0 undistorters.cc:222] Writing scripts...
[2026-06-21 16:32:27,447][src.colmap_undistorter][INFO] - I20260621 16:32:27.447160 0x1fde420c0 timer.cc:90] Elapsed time: 0.010 [minutes]
[2026-06-21 16:32:27,450][src.colmap_undistorter][INFO] - Image undistortion completed successfully
[2026-06-21 16:32:27,450][__main__][INFO] - ✓ Image undistortion completed
[2026-06-21 16:32:27,450][src.timing_recorder][INFO] - [TIMING] ✓ Completed: undistortion (0.67s)
[2026-06-21 16:32:27,450][src.timing_recorder][INFO] - [TIMING] Starting: splat_training
[2026-06-21 16:32:27,450][__main__][INFO] - ============================================================
[2026-06-21 16:32:27,450][__main__][INFO] - STEP 6: OpenSplat Training
[2026-06-21 16:32:27,450][__main__][INFO] - ============================================================
[2026-06-21 16:32:27,452][src.opensplat_trainer][INFO] - Training 3D Gaussian Splat
[2026-06-21 16:32:27,452][src.opensplat_trainer][INFO] - Sparse model: /Users/bc/brendanchambers/2026-06-18-iphone-video-to-splat/data/intermediates/densify_sz0.0025_gr0.0004/colmap_sfm_linearized/sparse
[2026-06-21 16:32:27,452][src.opensplat_trainer][INFO] - Images: /Users/bc/brendanchambers/2026-06-18-iphone-video-to-splat/data/intermediates/densify_sz0.0025_gr0.0004/colmap_sfm_linearized/images
[2026-06-21 16:32:27,452][src.opensplat_trainer][INFO] - Output PLY: /Users/bc/brendanchambers/2026-06-18-iphone-video-to-splat/data/intermediates/densify_sz0.0025_gr0.0004/colmap_sfm_linearized/splats/densify_sz0.0025_gr0.0004_20260621_1632.ply
[2026-06-21 16:32:27,452][src.opensplat_trainer][INFO] - Training loss log: /Users/bc/brendanchambers/2026-06-18-iphone-video-to-splat/data/intermediates/densify_sz0.0025_gr0.0004/colmap_sfm_linearized/splats/train_20260621_1632.jsonl
[2026-06-21 16:32:27,452][src.opensplat_trainer][INFO] - Validation loss log: /Users/bc/brendanchambers/2026-06-18-iphone-video-to-splat/data/intermediates/densify_sz0.0025_gr0.0004/colmap_sfm_linearized/splats/val_20260621_1632.jsonl
[2026-06-21 16:32:27,453][src.opensplat_trainer][INFO] - Running: opensplat
[2026-06-21 16:32:27,592][src.opensplat_trainer][INFO] - Using MPS
[2026-06-21 16:32:27,594][src.opensplat_trainer][INFO] - Reading 2190 points
[2026-06-21 16:32:27,594][src.opensplat_trainer][INFO] - Loading /Users/bc/brendanchambers/2026-06-18-iphone-video-to-splat/data/intermediates/densify_sz0.0025_gr0.0004/colmap_sfm_linearized/images/frame_0001.jpg
[2026-06-21 16:32:27,594][src.opensplat_trainer][INFO] - Loading /Users/bc/brendanchambers/2026-06-18-iphone-video-to-splat/data/intermediates/densify_sz0.0025_gr0.0004/colmap_sfm_linearized/images/frame_0003.jpg
[2026-06-21 16:32:27,595][src.opensplat_trainer][INFO] - Loading /Users/bc/brendanchambers/2026-06-18-iphone-video-to-splat/data/intermediates/densify_sz0.0025_gr0.0004/colmap_sfm_linearized/images/frame_0002.jpgLoading /Users/bc/brendanchambers/2026-06-18-iphone-video-to-splat/data/intermediates/densify_sz0.0025_gr0.0004/colmap_sfm_linearized/images/frame_0005.jpg
[2026-06-21 16:32:27,595][src.opensplat_trainer][INFO] - 
[2026-06-21 16:32:27,595][src.opensplat_trainer][INFO] - Loading /Users/bc/brendanchambers/2026-06-18-iphone-video-to-splat/data/intermediates/densify_sz0.0025_gr0.0004/colmap_sfm_linearized/images/frame_0006.jpg
[2026-06-21 16:32:27,595][src.opensplat_trainer][INFO] - Loading /Users/bc/brendanchambers/2026-06-18-iphone-video-to-splat/data/intermediates/densify_sz0.0025_gr0.0004/colmap_sfm_linearized/images/frame_0007.jpg
[2026-06-21 16:32:27,595][src.opensplat_trainer][INFO] - Loading /Users/bc/brendanchambers/2026-06-18-iphone-video-to-splat/data/intermediates/densify_sz0.0025_gr0.0004/colmap_sfm_linearized/images/frame_0008.jpg
[2026-06-21 16:32:27,595][src.opensplat_trainer][INFO] - Loading /Users/bc/brendanchambers/2026-06-18-iphone-video-to-splat/data/intermediates/densify_sz0.0025_gr0.0004/colmap_sfm_linearized/images/frame_0004.jpg
[2026-06-21 16:32:27,969][src.opensplat_trainer][INFO] - init_gsplat_metal_context: loading '/Users/bc/brendanchambers/2026-06-18-iphone-video-to-splat/opensplat/build/default.metallib'
[2026-06-21 16:32:27,969][src.opensplat_trainer][INFO] - init_gsplat_metal_context: loaded '/Users/bc/brendanchambers/2026-06-18-iphone-video-to-splat/opensplat/build/default.metallib', functions: compute_cov2d_bounds_kernel, project_gaussians_backward_kernel, get_tile_bin_edges_kernel, rasterize_backward_kernel, map_gaussian_to_intersects_kernel, nd_rasterize_backward_kernel, project_gaussians_forward_kernel, compute_sh_backward_kernel, compute_sh_forward_kernel, nd_rasterize_forward_kernel
[2026-06-21 16:32:27,969][src.opensplat_trainer][INFO] - init_gsplat_metal_context: load function nd_rasterize_backward_kernel with label: (null)
[2026-06-21 16:32:27,970][src.opensplat_trainer][INFO] - init_gsplat_metal_context: load function nd_rasterize_forward_kernel with label: (null)
[2026-06-21 16:32:27,970][src.opensplat_trainer][INFO] - init_gsplat_metal_context: load function rasterize_backward_kernel with label: (null)
[2026-06-21 16:32:27,970][src.opensplat_trainer][INFO] - init_gsplat_metal_context: load function project_gaussians_forward_kernel with label: (null)
[2026-06-21 16:32:27,970][src.opensplat_trainer][INFO] - init_gsplat_metal_context: load function project_gaussians_backward_kernel with label: (null)
[2026-06-21 16:32:27,970][src.opensplat_trainer][INFO] - init_gsplat_metal_context: load function compute_sh_forward_kernel with label: (null)
[2026-06-21 16:32:27,970][src.opensplat_trainer][INFO] - init_gsplat_metal_context: load function compute_sh_backward_kernel with label: (null)
[2026-06-21 16:32:27,970][src.opensplat_trainer][INFO] - init_gsplat_metal_context: load function compute_cov2d_bounds_kernel with label: (null)
[2026-06-21 16:32:27,970][src.opensplat_trainer][INFO] - init_gsplat_metal_context: load function map_gaussian_to_intersects_kernel with label: (null)
[2026-06-21 16:32:27,970][src.opensplat_trainer][INFO] - init_gsplat_metal_context: load function get_tile_bin_edges_kernel with label: (null)
[2026-06-21 16:32:27,970][src.opensplat_trainer][INFO] - Step 10: 0.335803 (20%)
[2026-06-21 16:32:28,203][src.opensplat_trainer][INFO] - Step 20: 0.31621 (40%)
[2026-06-21 16:32:28,412][src.opensplat_trainer][INFO] - Step 30: 0.283804 (60%)
[2026-06-21 16:32:28,602][src.opensplat_trainer][INFO] - Step 40: 0.301186 (80%)
[2026-06-21 16:32:28,833][src.opensplat_trainer][INFO] - Step 50: 0.302681 (100%)
[2026-06-21 16:32:28,847][src.opensplat_trainer][INFO] - Wrote /Users/bc/brendanchambers/2026-06-18-iphone-video-to-splat/data/intermediates/densify_sz0.0025_gr0.0004/colmap_sfm_linearized/splats/cameras.json
[2026-06-21 16:32:28,857][src.opensplat_trainer][INFO] - Wrote /Users/bc/brendanchambers/2026-06-18-iphone-video-to-splat/data/intermediates/densify_sz0.0025_gr0.0004/colmap_sfm_linearized/splats/densify_sz0.0025_gr0.0004_20260621_1632.ply
[2026-06-21 16:32:28,870][src.opensplat_trainer][INFO] - /Users/bc/brendanchambers/2026-06-18-iphone-video-to-splat/data/intermediates/densify_sz0.0025_gr0.0004/colmap_sfm_linearized/images/frame_0001.jpg validation loss: 0.344928
[2026-06-21 16:32:28,921][src.opensplat_trainer][INFO] - Parsed 5 training loss values to /Users/bc/brendanchambers/2026-06-18-iphone-video-to-splat/data/intermediates/densify_sz0.0025_gr0.0004/colmap_sfm_linearized/splats/train_20260621_1632.jsonl
[2026-06-21 16:32:28,921][src.opensplat_trainer][INFO] - Captured validation loss: 0.344928 to /Users/bc/brendanchambers/2026-06-18-iphone-video-to-splat/data/intermediates/densify_sz0.0025_gr0.0004/colmap_sfm_linearized/splats/val_20260621_1632.jsonl
[2026-06-21 16:32:28,921][src.opensplat_trainer][INFO] - Training completed successfully
[2026-06-21 16:32:28,921][src.opensplat_trainer][INFO] - Output saved to: /Users/bc/brendanchambers/2026-06-18-iphone-video-to-splat/data/intermediates/densify_sz0.0025_gr0.0004/colmap_sfm_linearized/splats/densify_sz0.0025_gr0.0004_20260621_1632.ply
[2026-06-21 16:32:28,922][__main__][INFO] - ✓ Splat training completed
[2026-06-21 16:32:28,922][__main__][INFO] - ============================================================
[2026-06-21 16:32:28,922][__main__][INFO] - Analyzing Training Loss
[2026-06-21 16:32:28,922][__main__][INFO] - ============================================================
[2026-06-21 16:32:28,980][src.timing_recorder][INFO] - [TIMING] ✓ Completed: splat_training (1.53s)
[2026-06-21 16:32:28,980][__main__][INFO] - 
[2026-06-21 16:32:28,980][__main__][INFO] - ╔==========================================================╗
[2026-06-21 16:32:28,980][__main__][INFO] - ║                    Pipeline Complete!                    ║
[2026-06-21 16:32:28,980][__main__][INFO] - ╚==========================================================╝
[2026-06-21 16:32:28,981][__main__][INFO] - Output directory: /Users/bc/brendanchambers/2026-06-18-iphone-video-to-splat/data/intermediates/densify_sz0.0025_gr0.0004/colmap_sfm_linearized/splats
[2026-06-21 16:32:28,981][__main__][INFO] -   - PLY file: *.ply (3D Gaussian Splat)
[2026-06-21 16:32:28,981][__main__][INFO] -   - Loss log: *.jsonl (Training loss per step)
[2026-06-21 16:32:28,981][__main__][INFO] -   - Timing log: running-time_*.jsonl (Step execution times)
[2026-06-21 16:32:28,981][src.timing_recorder][INFO] - 
[2026-06-21 16:32:28,981][src.timing_recorder][INFO] - ======================================================================
[2026-06-21 16:32:28,981][src.timing_recorder][INFO] - PIPELINE EXECUTION TIMING SUMMARY
[2026-06-21 16:32:28,981][src.timing_recorder][INFO] - ======================================================================
[2026-06-21 16:32:28,981][src.timing_recorder][INFO] - ✓ frame_extraction              0.23s  (  6.7%)
[2026-06-21 16:32:28,981][src.timing_recorder][INFO] - ✓ feature_extraction            0.23s  (  6.8%)
[2026-06-21 16:32:28,981][src.timing_recorder][INFO] - ✓ feature_matching              0.21s  (  6.2%)
[2026-06-21 16:32:28,981][src.timing_recorder][INFO] - ✓ sparse_reconstruction         0.53s  ( 15.5%)
[2026-06-21 16:32:28,981][src.timing_recorder][INFO] - ✓ undistortion                  0.67s  ( 19.6%)
[2026-06-21 16:32:28,981][src.timing_recorder][INFO] - ✓ splat_training                1.53s  ( 45.1%)
[2026-06-21 16:32:28,981][src.timing_recorder][INFO] - ----------------------------------------------------------------------
[2026-06-21 16:32:28,981][src.timing_recorder][INFO] - TOTAL                           3.39s  (100.0%)
[2026-06-21 16:32:28,981][src.timing_recorder][INFO] - ======================================================================
[2026-06-21 16:32:28,981][src.timing_recorder][INFO] - 
[2026-06-21 16:32:28,982][src.timing_recorder][INFO] - [TIMING] Saved timing report to: /Users/bc/brendanchambers/2026-06-18-iphone-video-to-splat/data/intermediates/densify_sz0.0025_gr0.0004/colmap_sfm_linearized/splats/running-time_20260621_1632.jsonl
[2026-06-21 16:32:28,982][__main__][INFO] - ============================================================
[2026-06-21 16:32:28,982][__main__][INFO] - Logging Experiment Results
[2026-06-21 16:32:28,982][__main__][INFO] - ============================================================
[2026-06-21 16:32:28,983][src.experiment_tracker][INFO] - Logged experiment to: /Users/bc/brendanchambers/2026-06-18-iphone-video-to-splat/reports/experiments/sweep_densify_size_and_gradient_threshold.jsonl
[2026-06-21 16:32:28,983][__main__][INFO] - Experiment results logged to: /Users/bc/brendanchambers/2026-06-18-iphone-video-to-splat/reports/experiments/sweep_densify_size_and_gradient_threshold.jsonl
[2026-06-21 16:32:28,983][__main__][INFO] -   Experiment: densify_sz0.0025_gr0.0004
[2026-06-21 16:32:28,983][__main__][INFO] -   Group: sweep_densify_size_and_gradient_threshold
[2026-06-21 16:32:28,983][__main__][INFO] -   Train loss: 0.302681
[2026-06-21 16:32:28,983][__main__][INFO] -   Total time: 3.39s (0.06m)
