[2026-06-21 14:16:52,717][__main__][INFO] - 
[2026-06-21 14:16:52,717][__main__][INFO] - ╔==========================================================╗
[2026-06-21 14:16:52,717][__main__][INFO] - ║          3D Gaussian Splat Training Pipeline              ║
[2026-06-21 14:16:52,717][__main__][INFO] - ╚==========================================================╝
[2026-06-21 14:16:52,717][__main__][INFO] - Experiment: teensy
[2026-06-21 14:16:52,717][__main__][INFO] - Project dir: /Users/bc/brendanchambers/2026-06-18-iphone-video-to-splat
[2026-06-21 14:16:52,718][__main__][INFO] - 
[2026-06-21 14:16:52,718][__main__][INFO] - ============================================================
[2026-06-21 14:16:52,718][__main__][INFO] - STEP 1: Frame Extraction
[2026-06-21 14:16:52,718][__main__][INFO] - ============================================================
[2026-06-21 14:16:52,718][src.frame_extractor][INFO] - Extracting frames from: /Users/bc/brendanchambers/2026-06-18-iphone-video-to-splat/data/incoming/movies/teensy.mov
[2026-06-21 14:16:52,718][src.frame_extractor][INFO] - Output directory: /Users/bc/brendanchambers/2026-06-18-iphone-video-to-splat/data/intermediates/teensy/colmap_sfm_camera_model/images
[2026-06-21 14:16:52,718][src.frame_extractor][INFO] - Extracting frames at 2 fps
[2026-06-21 14:16:52,718][src.frame_extractor][INFO] - Running command: ffmpeg -i /Users/bc/brendanchambers/2026-06-18-iphone-video-to-splat/data/incoming/movies/teensy.mov -vf fps=2 -q:v 5 /Users/bc/brendanchambers/2026-06-18-iphone-video-to-splat/data/intermediates/teensy/colmap_sfm_camera_model/images/frame_%04d.jpg
[2026-06-21 14:16:52,738][src.frame_extractor][INFO] - ffmpeg version 8.1.2 Copyright (c) 2000-2026 the FFmpeg developers
[2026-06-21 14:16:52,738][src.frame_extractor][INFO] -   built with Apple clang version 17.0.0 (clang-1700.6.4.2)
[2026-06-21 14:16:52,738][src.frame_extractor][INFO] -   configuration: --prefix=/opt/homebrew/Cellar/ffmpeg/8.1.2 --enable-shared --enable-pthreads --enable-version3 --cc=clang --host-cflags= --host-ldflags= --enable-ffplay --enable-gpl --enable-libsvtav1 --enable-libopus --enable-libx264 --enable-libmp3lame --enable-libdav1d --enable-libvmaf --enable-libvpx --enable-libx265 --enable-openssl --enable-videotoolbox --enable-audiotoolbox --enable-neon
[2026-06-21 14:16:52,738][src.frame_extractor][INFO] -   libavutil      60. 26.102 / 60. 26.102
[2026-06-21 14:16:52,738][src.frame_extractor][INFO] -   libavcodec     62. 28.102 / 62. 28.102
[2026-06-21 14:16:52,738][src.frame_extractor][INFO] -   libavformat    62. 12.102 / 62. 12.102
[2026-06-21 14:16:52,738][src.frame_extractor][INFO] -   libavdevice    62.  3.102 / 62.  3.102
[2026-06-21 14:16:52,738][src.frame_extractor][INFO] -   libavfilter    11. 14.102 / 11. 14.102
[2026-06-21 14:16:52,738][src.frame_extractor][INFO] -   libswscale      9.  5.102 /  9.  5.102
[2026-06-21 14:16:52,738][src.frame_extractor][INFO] -   libswresample   6.  3.102 /  6.  3.102
[2026-06-21 14:16:52,755][src.frame_extractor][INFO] - Input #0, mov,mp4,m4a,3gp,3g2,mj2, from '/Users/bc/brendanchambers/2026-06-18-iphone-video-to-splat/data/incoming/movies/teensy.mov':
[2026-06-21 14:16:52,755][src.frame_extractor][INFO] -   Metadata:
[2026-06-21 14:16:52,755][src.frame_extractor][INFO] -     major_brand     : qt
[2026-06-21 14:16:52,755][src.frame_extractor][INFO] -     minor_version   : 512
[2026-06-21 14:16:52,755][src.frame_extractor][INFO] -     compatible_brands: qt
[2026-06-21 14:16:52,755][src.frame_extractor][INFO] -     encoder         : Lavf62.12.102
[2026-06-21 14:16:52,755][src.frame_extractor][INFO] -   Duration: 00:00:04.01, start: 0.000000, bitrate: 19786 kb/s
[2026-06-21 14:16:52,755][src.frame_extractor][INFO] -   Stream #0:0[0x1]: Video: h264 (High) (avc1 / 0x31637661), yuv420p(tv, bt709, progressive), 1080x1920, 19646 kb/s, 29.67 fps, 29.67 tbr, 11392 tbn (default)
[2026-06-21 14:16:52,755][src.frame_extractor][INFO] -     Metadata:
[2026-06-21 14:16:52,755][src.frame_extractor][INFO] -       handler_name    : Core Media Video
[2026-06-21 14:16:52,755][src.frame_extractor][INFO] -       vendor_id       : FFMP
[2026-06-21 14:16:52,755][src.frame_extractor][INFO] -       encoder         : Lavc62.28.102 libx264
[2026-06-21 14:16:52,755][src.frame_extractor][INFO] -   Stream #0:1[0x2]: Audio: aac (LC) (mp4a / 0x6134706D), 48000 Hz, stereo, fltp, 128 kb/s (default)
[2026-06-21 14:16:52,755][src.frame_extractor][INFO] -     Metadata:
[2026-06-21 14:16:52,755][src.frame_extractor][INFO] -       handler_name    : Core Media Audio
[2026-06-21 14:16:52,755][src.frame_extractor][INFO] -       vendor_id       : [0][0][0][0]
[2026-06-21 14:16:52,756][src.frame_extractor][INFO] - Stream mapping:
[2026-06-21 14:16:52,756][src.frame_extractor][INFO] -   Stream #0:0 -> #0:0 (h264 (native) -> mjpeg (native))
[2026-06-21 14:16:52,756][src.frame_extractor][INFO] - Press [q] to stop, [?] for help
[2026-06-21 14:16:52,804][src.frame_extractor][INFO] - Output #0, image2, to '/Users/bc/brendanchambers/2026-06-18-iphone-video-to-splat/data/intermediates/teensy/colmap_sfm_camera_model/images/frame_%04d.jpg':
[2026-06-21 14:16:52,804][src.frame_extractor][INFO] -   Metadata:
[2026-06-21 14:16:52,805][src.frame_extractor][INFO] -     major_brand     : qt
[2026-06-21 14:16:52,805][src.frame_extractor][INFO] -     minor_version   : 512
[2026-06-21 14:16:52,805][src.frame_extractor][INFO] -     compatible_brands: qt
[2026-06-21 14:16:52,805][src.frame_extractor][INFO] -     encoder         : Lavf62.12.102
[2026-06-21 14:16:52,805][src.frame_extractor][INFO] -   Stream #0:0: Video: mjpeg, yuv420p(pc, bt709, progressive), 1080x1920, q=2-31, 200 kb/s, 2 fps, 2 tbn (default)
[2026-06-21 14:16:52,805][src.frame_extractor][INFO] -     Metadata:
[2026-06-21 14:16:52,805][src.frame_extractor][INFO] -       encoder         : Lavc62.28.102 mjpeg
[2026-06-21 14:16:52,805][src.frame_extractor][INFO] -       handler_name    : Core Media Video
[2026-06-21 14:16:52,805][src.frame_extractor][INFO] -       vendor_id       : FFMP
[2026-06-21 14:16:52,805][src.frame_extractor][INFO] -     Side data:
[2026-06-21 14:16:52,806][src.frame_extractor][INFO] -       CPB properties: bitrate max/min/avg: 0/0/200000 buffer size: 0 vbv_delay: N/A
[2026-06-21 14:16:52,945][src.frame_extractor][INFO] - [out#0/image2 @ 0x600003878300] video:3120KiB audio:0KiB subtitle:0KiB other streams:0KiB global headers:0KiB muxing overhead: unknown
[2026-06-21 14:16:52,945][src.frame_extractor][INFO] - frame=    8 fps=0.0 q=5.0 Lsize=N/A time=00:00:04.00 bitrate=N/A speed=21.2x elapsed=0:00:00.18
[2026-06-21 14:16:52,948][src.frame_extractor][INFO] - Successfully extracted 8 frames
[2026-06-21 14:16:52,948][__main__][INFO] - ✓ Frame extraction completed
[2026-06-21 14:16:52,948][__main__][INFO] - ============================================================
[2026-06-21 14:16:52,948][__main__][INFO] - STEP 2: Feature Extraction
[2026-06-21 14:16:52,948][__main__][INFO] - ============================================================
[2026-06-21 14:16:52,949][src.colmap_feature_extractor][INFO] - Extracting features from images: /Users/bc/brendanchambers/2026-06-18-iphone-video-to-splat/data/intermediates/teensy/colmap_sfm_camera_model/images
[2026-06-21 14:16:52,949][src.colmap_feature_extractor][INFO] - Database: /Users/bc/brendanchambers/2026-06-18-iphone-video-to-splat/data/intermediates/teensy/colmap_sfm_camera_model/database.db
[2026-06-21 14:16:52,949][src.colmap_feature_extractor][INFO] - Running: colmap feature_extractor
[2026-06-21 14:16:53,195][src.colmap_feature_extractor][INFO] - I20260621 14:16:53.195413 0x16d3df000 feature_extraction.cc:504] === Feature extraction ===
[2026-06-21 14:16:53,209][src.colmap_feature_extractor][INFO] - I20260621 14:16:53.209354 0x16d9e3000 sift.cc:757] Creating SIFT GPU feature extractor
[2026-06-21 14:16:53,352][src.colmap_feature_extractor][INFO] - I20260621 14:16:53.352602 0x16da6f000 feature_extraction.cc:282] Processed file [1/8]
[2026-06-21 14:16:53,353][src.colmap_feature_extractor][INFO] - I20260621 14:16:53.352625 0x16da6f000 feature_extraction.cc:285]   Name:            frame_0001.jpg
[2026-06-21 14:16:53,353][src.colmap_feature_extractor][INFO] - I20260621 14:16:53.352627 0x16da6f000 feature_extraction.cc:294]   Dimensions:      1080 x 1920
[2026-06-21 14:16:53,353][src.colmap_feature_extractor][INFO] - I20260621 14:16:53.352629 0x16da6f000 feature_extraction.cc:297]   Camera:          #1 - RADIAL
[2026-06-21 14:16:53,353][src.colmap_feature_extractor][INFO] - I20260621 14:16:53.352630 0x16da6f000 feature_extraction.cc:300]   Focal Length:    2304.00px
[2026-06-21 14:16:53,353][src.colmap_feature_extractor][INFO] - I20260621 14:16:53.352633 0x16da6f000 feature_extraction.cc:304]   Features:        4449 (SIFT)
[2026-06-21 14:16:53,409][src.colmap_feature_extractor][INFO] - I20260621 14:16:53.409662 0x16da6f000 feature_extraction.cc:282] Processed file [2/8]
[2026-06-21 14:16:53,409][src.colmap_feature_extractor][INFO] - I20260621 14:16:53.409681 0x16da6f000 feature_extraction.cc:285]   Name:            frame_0002.jpg
[2026-06-21 14:16:53,410][src.colmap_feature_extractor][INFO] - I20260621 14:16:53.409684 0x16da6f000 feature_extraction.cc:294]   Dimensions:      1080 x 1920
[2026-06-21 14:16:53,410][src.colmap_feature_extractor][INFO] - I20260621 14:16:53.409686 0x16da6f000 feature_extraction.cc:297]   Camera:          #1 - RADIAL
[2026-06-21 14:16:53,410][src.colmap_feature_extractor][INFO] - I20260621 14:16:53.409688 0x16da6f000 feature_extraction.cc:300]   Focal Length:    2304.00px
[2026-06-21 14:16:53,410][src.colmap_feature_extractor][INFO] - I20260621 14:16:53.409690 0x16da6f000 feature_extraction.cc:304]   Features:        4766 (SIFT)
[2026-06-21 14:16:53,464][src.colmap_feature_extractor][INFO] - I20260621 14:16:53.464628 0x16da6f000 feature_extraction.cc:282] Processed file [3/8]
[2026-06-21 14:16:53,464][src.colmap_feature_extractor][INFO] - I20260621 14:16:53.464643 0x16da6f000 feature_extraction.cc:285]   Name:            frame_0003.jpg
[2026-06-21 14:16:53,465][src.colmap_feature_extractor][INFO] - I20260621 14:16:53.464646 0x16da6f000 feature_extraction.cc:294]   Dimensions:      1080 x 1920
[2026-06-21 14:16:53,465][src.colmap_feature_extractor][INFO] - I20260621 14:16:53.464648 0x16da6f000 feature_extraction.cc:297]   Camera:          #1 - RADIAL
[2026-06-21 14:16:53,465][src.colmap_feature_extractor][INFO] - I20260621 14:16:53.464650 0x16da6f000 feature_extraction.cc:300]   Focal Length:    2304.00px
[2026-06-21 14:16:53,465][src.colmap_feature_extractor][INFO] - I20260621 14:16:53.464652 0x16da6f000 feature_extraction.cc:304]   Features:        5561 (SIFT)
[2026-06-21 14:16:53,520][src.colmap_feature_extractor][INFO] - I20260621 14:16:53.519935 0x16da6f000 feature_extraction.cc:282] Processed file [4/8]
[2026-06-21 14:16:53,520][src.colmap_feature_extractor][INFO] - I20260621 14:16:53.519948 0x16da6f000 feature_extraction.cc:285]   Name:            frame_0004.jpg
[2026-06-21 14:16:53,520][src.colmap_feature_extractor][INFO] - I20260621 14:16:53.519951 0x16da6f000 feature_extraction.cc:294]   Dimensions:      1080 x 1920
[2026-06-21 14:16:53,520][src.colmap_feature_extractor][INFO] - I20260621 14:16:53.519952 0x16da6f000 feature_extraction.cc:297]   Camera:          #1 - RADIAL
[2026-06-21 14:16:53,520][src.colmap_feature_extractor][INFO] - I20260621 14:16:53.519954 0x16da6f000 feature_extraction.cc:300]   Focal Length:    2304.00px
[2026-06-21 14:16:53,520][src.colmap_feature_extractor][INFO] - I20260621 14:16:53.519956 0x16da6f000 feature_extraction.cc:304]   Features:        6351 (SIFT)
[2026-06-21 14:16:53,573][src.colmap_feature_extractor][INFO] - I20260621 14:16:53.573078 0x16da6f000 feature_extraction.cc:282] Processed file [5/8]
[2026-06-21 14:16:53,573][src.colmap_feature_extractor][INFO] - I20260621 14:16:53.573091 0x16da6f000 feature_extraction.cc:285]   Name:            frame_0005.jpg
[2026-06-21 14:16:53,573][src.colmap_feature_extractor][INFO] - I20260621 14:16:53.573093 0x16da6f000 feature_extraction.cc:294]   Dimensions:      1080 x 1920
[2026-06-21 14:16:53,573][src.colmap_feature_extractor][INFO] - I20260621 14:16:53.573095 0x16da6f000 feature_extraction.cc:297]   Camera:          #1 - RADIAL
[2026-06-21 14:16:53,573][src.colmap_feature_extractor][INFO] - I20260621 14:16:53.573097 0x16da6f000 feature_extraction.cc:300]   Focal Length:    2304.00px
[2026-06-21 14:16:53,573][src.colmap_feature_extractor][INFO] - I20260621 14:16:53.573099 0x16da6f000 feature_extraction.cc:304]   Features:        4609 (SIFT)
[2026-06-21 14:16:53,626][src.colmap_feature_extractor][INFO] - I20260621 14:16:53.626781 0x16da6f000 feature_extraction.cc:282] Processed file [6/8]
[2026-06-21 14:16:53,626][src.colmap_feature_extractor][INFO] - I20260621 14:16:53.626792 0x16da6f000 feature_extraction.cc:285]   Name:            frame_0006.jpg
[2026-06-21 14:16:53,626][src.colmap_feature_extractor][INFO] - I20260621 14:16:53.626794 0x16da6f000 feature_extraction.cc:294]   Dimensions:      1080 x 1920
[2026-06-21 14:16:53,626][src.colmap_feature_extractor][INFO] - I20260621 14:16:53.626796 0x16da6f000 feature_extraction.cc:297]   Camera:          #1 - RADIAL
[2026-06-21 14:16:53,627][src.colmap_feature_extractor][INFO] - I20260621 14:16:53.626798 0x16da6f000 feature_extraction.cc:300]   Focal Length:    2304.00px
[2026-06-21 14:16:53,627][src.colmap_feature_extractor][INFO] - I20260621 14:16:53.626800 0x16da6f000 feature_extraction.cc:304]   Features:        4916 (SIFT)
[2026-06-21 14:16:53,679][src.colmap_feature_extractor][INFO] - I20260621 14:16:53.679096 0x16da6f000 feature_extraction.cc:282] Processed file [7/8]
[2026-06-21 14:16:53,679][src.colmap_feature_extractor][INFO] - I20260621 14:16:53.679109 0x16da6f000 feature_extraction.cc:285]   Name:            frame_0007.jpg
[2026-06-21 14:16:53,679][src.colmap_feature_extractor][INFO] - I20260621 14:16:53.679111 0x16da6f000 feature_extraction.cc:294]   Dimensions:      1080 x 1920
[2026-06-21 14:16:53,679][src.colmap_feature_extractor][INFO] - I20260621 14:16:53.679113 0x16da6f000 feature_extraction.cc:297]   Camera:          #1 - RADIAL
[2026-06-21 14:16:53,679][src.colmap_feature_extractor][INFO] - I20260621 14:16:53.679115 0x16da6f000 feature_extraction.cc:300]   Focal Length:    2304.00px
[2026-06-21 14:16:53,679][src.colmap_feature_extractor][INFO] - I20260621 14:16:53.679117 0x16da6f000 feature_extraction.cc:304]   Features:        4134 (SIFT)
[2026-06-21 14:16:53,736][src.colmap_feature_extractor][INFO] - I20260621 14:16:53.736271 0x16da6f000 feature_extraction.cc:282] Processed file [8/8]
[2026-06-21 14:16:53,736][src.colmap_feature_extractor][INFO] - I20260621 14:16:53.736307 0x16da6f000 feature_extraction.cc:285]   Name:            frame_0008.jpg
[2026-06-21 14:16:53,736][src.colmap_feature_extractor][INFO] - I20260621 14:16:53.736309 0x16da6f000 feature_extraction.cc:294]   Dimensions:      1080 x 1920
[2026-06-21 14:16:53,736][src.colmap_feature_extractor][INFO] - I20260621 14:16:53.736311 0x16da6f000 feature_extraction.cc:297]   Camera:          #1 - RADIAL
[2026-06-21 14:16:53,736][src.colmap_feature_extractor][INFO] - I20260621 14:16:53.736313 0x16da6f000 feature_extraction.cc:300]   Focal Length:    2304.00px
[2026-06-21 14:16:53,736][src.colmap_feature_extractor][INFO] - I20260621 14:16:53.736315 0x16da6f000 feature_extraction.cc:304]   Features:        6773 (SIFT)
[2026-06-21 14:16:53,742][src.colmap_feature_extractor][INFO] - I20260621 14:16:53.742264 0x16d3df000 timer.cc:90] Elapsed time: 0.009 [minutes]
[2026-06-21 14:16:53,762][src.colmap_feature_extractor][INFO] - Feature extraction completed successfully
[2026-06-21 14:16:53,762][__main__][INFO] - ✓ Feature extraction completed
[2026-06-21 14:16:53,762][__main__][INFO] - ============================================================
[2026-06-21 14:16:53,762][__main__][INFO] - STEP 3: Feature Matching
[2026-06-21 14:16:53,762][__main__][INFO] - ============================================================
[2026-06-21 14:16:53,763][src.colmap_feature_matcher][INFO] - Matching features in database: /Users/bc/brendanchambers/2026-06-18-iphone-video-to-splat/data/intermediates/teensy/colmap_sfm_camera_model/database.db
[2026-06-21 14:16:53,763][src.colmap_feature_matcher][INFO] - Running: colmap sequential_matcher
[2026-06-21 14:16:53,924][src.colmap_feature_matcher][INFO] - I20260621 14:16:53.923359 0x16da67000 feature_matching.cc:195] === Feature matching & geometric verification ===
[2026-06-21 14:16:53,939][src.colmap_feature_matcher][INFO] - I20260621 14:16:53.939223 0x16daf3000 sift.cc:1559] Creating SIFT GPU feature matcher
[2026-06-21 14:16:53,962][src.colmap_feature_matcher][INFO] - I20260621 14:16:53.962013 0x16da67000 pairing.cc:415] Generating sequential image pairs...
[2026-06-21 14:16:53,962][src.colmap_feature_matcher][INFO] - I20260621 14:16:53.962104 0x16da67000 pairing.cc:473] Processing image [1/8]
[2026-06-21 14:16:54,042][src.colmap_feature_matcher][INFO] - I20260621 14:16:54.042248 0x16da67000 feature_matching.cc:217] in 0.080s
[2026-06-21 14:16:54,042][src.colmap_feature_matcher][INFO] - I20260621 14:16:54.042262 0x16da67000 pairing.cc:473] Processing image [2/8]
[2026-06-21 14:16:54,100][src.colmap_feature_matcher][INFO] - I20260621 14:16:54.100569 0x16da67000 feature_matching.cc:217] in 0.058s
[2026-06-21 14:16:54,100][src.colmap_feature_matcher][INFO] - I20260621 14:16:54.100577 0x16da67000 pairing.cc:473] Processing image [3/8]
[2026-06-21 14:16:54,161][src.colmap_feature_matcher][INFO] - I20260621 14:16:54.161725 0x16da67000 feature_matching.cc:217] in 0.061s
[2026-06-21 14:16:54,161][src.colmap_feature_matcher][INFO] - I20260621 14:16:54.161731 0x16da67000 pairing.cc:473] Processing image [4/8]
[2026-06-21 14:16:54,234][src.colmap_feature_matcher][INFO] - I20260621 14:16:54.234799 0x16da67000 feature_matching.cc:217] in 0.073s
[2026-06-21 14:16:54,234][src.colmap_feature_matcher][INFO] - I20260621 14:16:54.234806 0x16da67000 pairing.cc:473] Processing image [5/8]
[2026-06-21 14:16:54,266][src.colmap_feature_matcher][INFO] - I20260621 14:16:54.266267 0x16da67000 feature_matching.cc:217] in 0.031s
[2026-06-21 14:16:54,266][src.colmap_feature_matcher][INFO] - I20260621 14:16:54.266273 0x16da67000 pairing.cc:473] Processing image [6/8]
[2026-06-21 14:16:54,307][src.colmap_feature_matcher][INFO] - I20260621 14:16:54.307131 0x16da67000 feature_matching.cc:217] in 0.041s
[2026-06-21 14:16:54,307][src.colmap_feature_matcher][INFO] - I20260621 14:16:54.307136 0x16da67000 pairing.cc:473] Processing image [7/8]
[2026-06-21 14:16:54,329][src.colmap_feature_matcher][INFO] - I20260621 14:16:54.329222 0x16da67000 feature_matching.cc:217] in 0.022s
[2026-06-21 14:16:54,329][src.colmap_feature_matcher][INFO] - I20260621 14:16:54.329227 0x16da67000 pairing.cc:473] Processing image [8/8]
[2026-06-21 14:16:54,329][src.colmap_feature_matcher][INFO] - I20260621 14:16:54.329229 0x16da67000 feature_matching.cc:217] in 0.000s
[2026-06-21 14:16:54,329][src.colmap_feature_matcher][INFO] - I20260621 14:16:54.329231 0x16da67000 timer.cc:90] Elapsed time: 0.007 [minutes]
[2026-06-21 14:16:54,338][src.colmap_feature_matcher][INFO] - Feature matching completed successfully
[2026-06-21 14:16:54,338][__main__][INFO] - ✓ Feature matching completed
[2026-06-21 14:16:54,338][__main__][INFO] - ============================================================
[2026-06-21 14:16:54,338][__main__][INFO] - STEP 4: Sparse Reconstruction
[2026-06-21 14:16:54,338][__main__][INFO] - ============================================================
[2026-06-21 14:16:54,340][src.colmap_mapper][INFO] - Performing sparse reconstruction
[2026-06-21 14:16:54,340][src.colmap_mapper][INFO] - Database: /Users/bc/brendanchambers/2026-06-18-iphone-video-to-splat/data/intermediates/teensy/colmap_sfm_camera_model/database.db
[2026-06-21 14:16:54,340][src.colmap_mapper][INFO] - Images: /Users/bc/brendanchambers/2026-06-18-iphone-video-to-splat/data/intermediates/teensy/colmap_sfm_camera_model/images
[2026-06-21 14:16:54,340][src.colmap_mapper][INFO] - Output: /Users/bc/brendanchambers/2026-06-18-iphone-video-to-splat/data/intermediates/teensy/colmap_sfm_camera_model/sparse
[2026-06-21 14:16:54,340][src.colmap_mapper][INFO] - Running: colmap mapper
[2026-06-21 14:16:54,387][src.colmap_mapper][INFO] - I20260621 14:16:54.386929 0x1fde420c0 incremental_pipeline.cc:278] Loading database
[2026-06-21 14:16:54,387][src.colmap_mapper][INFO] - I20260621 14:16:54.387475 0x1fde420c0 database_cache.cc:72] Loading rigs...
[2026-06-21 14:16:54,387][src.colmap_mapper][INFO] - I20260621 14:16:54.387498 0x1fde420c0 database_cache.cc:82]  1 in 0.000s
[2026-06-21 14:16:54,387][src.colmap_mapper][INFO] - I20260621 14:16:54.387501 0x1fde420c0 database_cache.cc:90] Loading cameras...
[2026-06-21 14:16:54,387][src.colmap_mapper][INFO] - I20260621 14:16:54.387510 0x1fde420c0 database_cache.cc:108]  1 in 0.000s
[2026-06-21 14:16:54,387][src.colmap_mapper][INFO] - I20260621 14:16:54.387512 0x1fde420c0 database_cache.cc:116] Loading frames...
[2026-06-21 14:16:54,387][src.colmap_mapper][INFO] - I20260621 14:16:54.387530 0x1fde420c0 database_cache.cc:126]  8 in 0.000s
[2026-06-21 14:16:54,387][src.colmap_mapper][INFO] - I20260621 14:16:54.387532 0x1fde420c0 database_cache.cc:134] Loading matches...
[2026-06-21 14:16:54,387][src.colmap_mapper][INFO] - I20260621 14:16:54.387599 0x1fde420c0 database_cache.cc:139]  17 in 0.000s
[2026-06-21 14:16:54,387][src.colmap_mapper][INFO] - I20260621 14:16:54.387601 0x1fde420c0 database_cache.cc:147] Loading images...
[2026-06-21 14:16:54,388][src.colmap_mapper][INFO] - I20260621 14:16:54.388167 0x1fde420c0 database_cache.cc:241]  8 in 0.001s (connected 8, loaded 8)
[2026-06-21 14:16:54,388][src.colmap_mapper][INFO] - I20260621 14:16:54.388170 0x1fde420c0 database_cache.cc:255] Loading pose priors...
[2026-06-21 14:16:54,388][src.colmap_mapper][INFO] - I20260621 14:16:54.388177 0x1fde420c0 database_cache.cc:263]  0 in 0.000s
[2026-06-21 14:16:54,388][src.colmap_mapper][INFO] - I20260621 14:16:54.388179 0x1fde420c0 database_cache.cc:271] Building correspondence graph...
[2026-06-21 14:16:54,388][src.colmap_mapper][INFO] - I20260621 14:16:54.388965 0x1fde420c0 database_cache.cc:300]  in 0.001s (ignored 0)
[2026-06-21 14:16:54,389][src.colmap_mapper][INFO] - I20260621 14:16:54.388970 0x1fde420c0 timer.cc:90] Elapsed time: 0.000 [minutes]
[2026-06-21 14:16:54,389][src.colmap_mapper][INFO] - I20260621 14:16:54.389502 0x1fde420c0 incremental_pipeline.cc:390] Finding good initial image pair
[2026-06-21 14:16:54,400][src.colmap_mapper][INFO] - I20260621 14:16:54.400578 0x1fde420c0 incremental_pipeline.cc:414] Registering initial image pair #2 and #4
[2026-06-21 14:16:54,401][src.colmap_mapper][INFO] - I20260621 14:16:54.401614 0x1fde420c0 incremental_pipeline.cc:432] Global bundle adjustment
[2026-06-21 14:16:54,427][src.colmap_mapper][INFO] - I20260621 14:16:54.427137 0x1fde420c0 incremental_pipeline.cc:537] Registering image #3 (num_reg_frames=2)
[2026-06-21 14:16:54,427][src.colmap_mapper][INFO] - I20260621 14:16:54.427144 0x1fde420c0 incremental_pipeline.cc:540] => Image sees 149 / 1892 points
[2026-06-21 14:16:54,474][src.colmap_mapper][INFO] - I20260621 14:16:54.474642 0x1fde420c0 incremental_pipeline.cc:79] Retriangulation and Global bundle adjustment
[2026-06-21 14:16:54,489][src.colmap_mapper][INFO] - I20260621 14:16:54.489160 0x1fde420c0 incremental_pipeline.cc:537] Registering image #6 (num_reg_frames=3)
[2026-06-21 14:16:54,489][src.colmap_mapper][INFO] - I20260621 14:16:54.489164 0x1fde420c0 incremental_pipeline.cc:540] => Image sees 496 / 2128 points
[2026-06-21 14:16:54,542][src.colmap_mapper][INFO] - I20260621 14:16:54.542291 0x1fde420c0 incremental_pipeline.cc:79] Retriangulation and Global bundle adjustment
[2026-06-21 14:16:54,563][src.colmap_mapper][INFO] - I20260621 14:16:54.563969 0x1fde420c0 incremental_pipeline.cc:537] Registering image #5 (num_reg_frames=4)
[2026-06-21 14:16:54,564][src.colmap_mapper][INFO] - I20260621 14:16:54.563975 0x1fde420c0 incremental_pipeline.cc:540] => Image sees 1052 / 2461 points
[2026-06-21 14:16:54,605][src.colmap_mapper][INFO] - I20260621 14:16:54.605940 0x1fde420c0 incremental_pipeline.cc:79] Retriangulation and Global bundle adjustment
[2026-06-21 14:16:54,637][src.colmap_mapper][INFO] - I20260621 14:16:54.637329 0x1fde420c0 incremental_pipeline.cc:537] Registering image #1 (num_reg_frames=5)
[2026-06-21 14:16:54,637][src.colmap_mapper][INFO] - I20260621 14:16:54.637335 0x1fde420c0 incremental_pipeline.cc:540] => Image sees 536 / 1825 points
[2026-06-21 14:16:54,682][src.colmap_mapper][INFO] - I20260621 14:16:54.682397 0x1fde420c0 incremental_pipeline.cc:79] Retriangulation and Global bundle adjustment
[2026-06-21 14:16:54,710][src.colmap_mapper][INFO] - I20260621 14:16:54.710430 0x1fde420c0 incremental_pipeline.cc:537] Registering image #7 (num_reg_frames=6)
[2026-06-21 14:16:54,710][src.colmap_mapper][INFO] - I20260621 14:16:54.710437 0x1fde420c0 incremental_pipeline.cc:540] => Image sees 436 / 1676 points
[2026-06-21 14:16:54,745][src.colmap_mapper][INFO] - I20260621 14:16:54.745706 0x1fde420c0 incremental_pipeline.cc:79] Retriangulation and Global bundle adjustment
[2026-06-21 14:16:54,781][src.colmap_mapper][INFO] - I20260621 14:16:54.781200 0x1fde420c0 incremental_pipeline.cc:537] Registering image #8 (num_reg_frames=7)
[2026-06-21 14:16:54,781][src.colmap_mapper][INFO] - I20260621 14:16:54.781206 0x1fde420c0 incremental_pipeline.cc:540] => Image sees 480 / 1376 points
[2026-06-21 14:16:54,811][src.colmap_mapper][INFO] - I20260621 14:16:54.811920 0x1fde420c0 incremental_pipeline.cc:79] Retriangulation and Global bundle adjustment
[2026-06-21 14:16:54,847][src.colmap_mapper][INFO] - I20260621 14:16:54.847018 0x1fde420c0 incremental_pipeline.cc:79] Retriangulation and Global bundle adjustment
[2026-06-21 14:16:54,855][src.colmap_mapper][INFO] - I20260621 14:16:54.855605 0x1fde420c0 incremental_pipeline.cc:723] Keeping successful reconstruction
[2026-06-21 14:16:54,858][src.colmap_mapper][INFO] - I20260621 14:16:54.858573 0x1fde420c0 timer.cc:90] Elapsed time: 0.008 [minutes]
[2026-06-21 14:16:54,862][src.colmap_mapper][INFO] - Sparse reconstruction completed successfully
[2026-06-21 14:16:54,862][__main__][INFO] - ✓ Sparse reconstruction completed
[2026-06-21 14:16:54,862][__main__][INFO] - ============================================================
[2026-06-21 14:16:54,862][__main__][INFO] - STEP 5: Image Undistortion
[2026-06-21 14:16:54,862][__main__][INFO] - ============================================================
[2026-06-21 14:16:54,863][src.colmap_undistorter][INFO] - Undistorting images
[2026-06-21 14:16:54,863][src.colmap_undistorter][INFO] - Input model: /Users/bc/brendanchambers/2026-06-18-iphone-video-to-splat/data/intermediates/teensy/colmap_sfm_camera_model/sparse/0
[2026-06-21 14:16:54,863][src.colmap_undistorter][INFO] - Images: /Users/bc/brendanchambers/2026-06-18-iphone-video-to-splat/data/intermediates/teensy/colmap_sfm_camera_model/images
[2026-06-21 14:16:54,863][src.colmap_undistorter][INFO] - Output: /Users/bc/brendanchambers/2026-06-18-iphone-video-to-splat/data/intermediates/teensy/colmap_sfm_linearized
[2026-06-21 14:16:54,863][src.colmap_undistorter][INFO] - Running: colmap image_undistorter
[2026-06-21 14:16:54,908][src.colmap_undistorter][INFO] - I20260621 14:16:54.908611 0x1fde420c0 image.cc:368] === Reading reconstruction ===
[2026-06-21 14:16:54,910][src.colmap_undistorter][INFO] - I20260621 14:16:54.910604 0x1fde420c0 image.cc:371] => Reconstruction with 8 images and 2190 points
[2026-06-21 14:16:54,910][src.colmap_undistorter][INFO] - I20260621 14:16:54.910625 0x1fde420c0 undistorters.cc:166] === Image undistortion ===
[2026-06-21 14:16:54,910][src.colmap_undistorter][INFO] - I20260621 14:16:54.910888 0x1fde420c0 undistorters.cc:205] Undistorting image [1/8]
[2026-06-21 14:16:55,500][src.colmap_undistorter][INFO] - I20260621 14:16:55.500248 0x1fde420c0 undistorters.cc:205] Undistorting image [2/8]
[2026-06-21 14:16:55,536][src.colmap_undistorter][INFO] - I20260621 14:16:55.536918 0x1fde420c0 undistorters.cc:205] Undistorting image [3/8]
[2026-06-21 14:16:55,537][src.colmap_undistorter][INFO] - I20260621 14:16:55.536927 0x1fde420c0 undistorters.cc:205] Undistorting image [4/8]
[2026-06-21 14:16:55,537][src.colmap_undistorter][INFO] - I20260621 14:16:55.536928 0x1fde420c0 undistorters.cc:205] Undistorting image [5/8]
[2026-06-21 14:16:55,537][src.colmap_undistorter][INFO] - I20260621 14:16:55.536930 0x1fde420c0 undistorters.cc:205] Undistorting image [6/8]
[2026-06-21 14:16:55,537][src.colmap_undistorter][INFO] - I20260621 14:16:55.536933 0x1fde420c0 undistorters.cc:205] Undistorting image [7/8]
[2026-06-21 14:16:55,537][src.colmap_undistorter][INFO] - I20260621 14:16:55.536934 0x1fde420c0 undistorters.cc:205] Undistorting image [8/8]
[2026-06-21 14:16:55,537][src.colmap_undistorter][INFO] - I20260621 14:16:55.536936 0x1fde420c0 undistorters.cc:213] Writing reconstruction...
[2026-06-21 14:16:55,541][src.colmap_undistorter][INFO] - I20260621 14:16:55.541534 0x1fde420c0 undistorters.cc:218] Writing configuration...
[2026-06-21 14:16:55,541][src.colmap_undistorter][INFO] - I20260621 14:16:55.541628 0x1fde420c0 undistorters.cc:222] Writing scripts...
[2026-06-21 14:16:55,541][src.colmap_undistorter][INFO] - I20260621 14:16:55.541717 0x1fde420c0 timer.cc:90] Elapsed time: 0.011 [minutes]
[2026-06-21 14:16:55,545][src.colmap_undistorter][INFO] - Image undistortion completed successfully
[2026-06-21 14:16:55,545][__main__][INFO] - ✓ Image undistortion completed
[2026-06-21 14:16:55,545][__main__][INFO] - ============================================================
[2026-06-21 14:16:55,545][__main__][INFO] - STEP 6: OpenSplat Training
[2026-06-21 14:16:55,545][__main__][INFO] - ============================================================
[2026-06-21 14:16:55,546][src.opensplat_trainer][INFO] - Training 3D Gaussian Splat
[2026-06-21 14:16:55,546][src.opensplat_trainer][INFO] - Sparse model: /Users/bc/brendanchambers/2026-06-18-iphone-video-to-splat/data/intermediates/teensy/colmap_sfm_linearized/sparse
[2026-06-21 14:16:55,546][src.opensplat_trainer][INFO] - Images: /Users/bc/brendanchambers/2026-06-18-iphone-video-to-splat/data/intermediates/teensy/colmap_sfm_linearized/images
[2026-06-21 14:16:55,547][src.opensplat_trainer][INFO] - Output: /Users/bc/brendanchambers/2026-06-18-iphone-video-to-splat/data/intermediates/teensy/colmap_sfm_linearized/splats/teensy_20260621_1416.ply
[2026-06-21 14:16:55,547][src.opensplat_trainer][INFO] - Running: opensplat
[2026-06-21 14:16:55,695][src.opensplat_trainer][INFO] - Using MPS
[2026-06-21 14:16:55,697][src.opensplat_trainer][INFO] - Reading 2190 points
[2026-06-21 14:16:55,698][src.opensplat_trainer][INFO] - Loading /Users/bc/brendanchambers/2026-06-18-iphone-video-to-splat/data/intermediates/teensy/colmap_sfm_linearized/images/frame_0001.jpg
[2026-06-21 14:16:55,698][src.opensplat_trainer][INFO] - Loading /Users/bc/brendanchambers/2026-06-18-iphone-video-to-splat/data/intermediates/teensy/colmap_sfm_linearized/images/frame_0004.jpg
[2026-06-21 14:16:55,698][src.opensplat_trainer][INFO] - Loading /Users/bc/brendanchambers/2026-06-18-iphone-video-to-splat/data/intermediates/teensy/colmap_sfm_linearized/images/frame_0002.jpg
[2026-06-21 14:16:55,698][src.opensplat_trainer][INFO] - Loading /Users/bc/brendanchambers/2026-06-18-iphone-video-to-splat/data/intermediates/teensy/colmap_sfm_linearized/images/frame_0008.jpg
[2026-06-21 14:16:55,698][src.opensplat_trainer][INFO] - Loading /Users/bc/brendanchambers/2026-06-18-iphone-video-to-splat/data/intermediates/teensy/colmap_sfm_linearized/images/frame_0005.jpg
[2026-06-21 14:16:55,698][src.opensplat_trainer][INFO] - Loading /Users/bc/brendanchambers/2026-06-18-iphone-video-to-splat/data/intermediates/teensy/colmap_sfm_linearized/images/frame_0006.jpg
[2026-06-21 14:16:55,698][src.opensplat_trainer][INFO] - Loading /Users/bc/brendanchambers/2026-06-18-iphone-video-to-splat/data/intermediates/teensy/colmap_sfm_linearized/images/frame_0007.jpg
[2026-06-21 14:16:55,698][src.opensplat_trainer][INFO] - Loading /Users/bc/brendanchambers/2026-06-18-iphone-video-to-splat/data/intermediates/teensy/colmap_sfm_linearized/images/frame_0003.jpg
[2026-06-21 14:16:56,091][src.opensplat_trainer][INFO] - init_gsplat_metal_context: loading '/Users/bc/brendanchambers/2026-06-18-iphone-video-to-splat/opensplat/build/default.metallib'
[2026-06-21 14:16:56,091][src.opensplat_trainer][INFO] - init_gsplat_metal_context: loaded '/Users/bc/brendanchambers/2026-06-18-iphone-video-to-splat/opensplat/build/default.metallib', functions: compute_cov2d_bounds_kernel, project_gaussians_backward_kernel, get_tile_bin_edges_kernel, rasterize_backward_kernel, map_gaussian_to_intersects_kernel, nd_rasterize_backward_kernel, project_gaussians_forward_kernel, compute_sh_backward_kernel, compute_sh_forward_kernel, nd_rasterize_forward_kernel
[2026-06-21 14:16:56,091][src.opensplat_trainer][INFO] - init_gsplat_metal_context: load function nd_rasterize_backward_kernel with label: (null)
[2026-06-21 14:16:56,091][src.opensplat_trainer][INFO] - init_gsplat_metal_context: load function nd_rasterize_forward_kernel with label: (null)
[2026-06-21 14:16:56,091][src.opensplat_trainer][INFO] - init_gsplat_metal_context: load function rasterize_backward_kernel with label: (null)
[2026-06-21 14:16:56,091][src.opensplat_trainer][INFO] - init_gsplat_metal_context: load function project_gaussians_forward_kernel with label: (null)
[2026-06-21 14:16:56,091][src.opensplat_trainer][INFO] - init_gsplat_metal_context: load function project_gaussians_backward_kernel with label: (null)
[2026-06-21 14:16:56,091][src.opensplat_trainer][INFO] - init_gsplat_metal_context: load function compute_sh_forward_kernel with label: (null)
[2026-06-21 14:16:56,091][src.opensplat_trainer][INFO] - init_gsplat_metal_context: load function compute_sh_backward_kernel with label: (null)
[2026-06-21 14:16:56,091][src.opensplat_trainer][INFO] - init_gsplat_metal_context: load function compute_cov2d_bounds_kernel with label: (null)
[2026-06-21 14:16:56,091][src.opensplat_trainer][INFO] - init_gsplat_metal_context: load function map_gaussian_to_intersects_kernel with label: (null)
[2026-06-21 14:16:56,091][src.opensplat_trainer][INFO] - init_gsplat_metal_context: load function get_tile_bin_edges_kernel with label: (null)
[2026-06-21 14:16:56,091][src.opensplat_trainer][INFO] - Step 10: 0.335803 (20%)
[2026-06-21 14:16:56,307][src.opensplat_trainer][INFO] - Step 20: 0.316211 (40%)
[2026-06-21 14:16:56,505][src.opensplat_trainer][INFO] - Step 30: 0.283803 (60%)
[2026-06-21 14:16:56,691][src.opensplat_trainer][INFO] - Step 40: 0.301185 (80%)
[2026-06-21 14:16:56,912][src.opensplat_trainer][INFO] - Step 50: 0.302681 (100%)
[2026-06-21 14:16:56,925][src.opensplat_trainer][INFO] - Wrote /Users/bc/brendanchambers/2026-06-18-iphone-video-to-splat/data/intermediates/teensy/colmap_sfm_linearized/splats/cameras.json
[2026-06-21 14:16:56,933][src.opensplat_trainer][INFO] - Wrote /Users/bc/brendanchambers/2026-06-18-iphone-video-to-splat/data/intermediates/teensy/colmap_sfm_linearized/splats/teensy_20260621_1416.ply
[2026-06-21 14:16:56,946][src.opensplat_trainer][INFO] - /Users/bc/brendanchambers/2026-06-18-iphone-video-to-splat/data/intermediates/teensy/colmap_sfm_linearized/images/frame_0001.jpg validation loss: 0.344928
[2026-06-21 14:16:56,998][src.opensplat_trainer][INFO] - Training completed successfully
[2026-06-21 14:16:56,998][src.opensplat_trainer][INFO] - Output saved to: /Users/bc/brendanchambers/2026-06-18-iphone-video-to-splat/data/intermediates/teensy/colmap_sfm_linearized/splats/teensy_20260621_1416.ply
[2026-06-21 14:16:56,999][__main__][INFO] - ✓ Splat training completed
[2026-06-21 14:16:56,999][__main__][INFO] - 
[2026-06-21 14:16:56,999][__main__][INFO] - ╔==========================================================╗
[2026-06-21 14:16:56,999][__main__][INFO] - ║                    Pipeline Complete!                    ║
[2026-06-21 14:16:56,999][__main__][INFO] - ╚==========================================================╝
[2026-06-21 14:16:56,999][__main__][INFO] - Output PLY: /Users/bc/brendanchambers/2026-06-18-iphone-video-to-splat/data/intermediates/teensy/colmap_sfm_linearized/splats
